Coin0506I Presolve 1521577 (-195446) rows, 591998 (-65130) columns and 4511329 (-460732) elements
Clp0006I 0  Obj 0 Primal inf 8.7736635e+08 (43800)
Clp0006I 1000  Obj 4.7917429e-12 Primal inf 8.6776638e+08 (44708)
Clp0006I 2000  Obj 9.9133726e-12 Primal inf 8.6044937e+08 (45580)
Clp0006I 3000  Obj 1.5969055e-11 Primal inf 8.579383e+08 (46596)
Clp0006I 4000  Obj 8480782.7 Primal inf 8.4872532e+08 (47608)
Clp0006I 5000  Obj 16149894 Primal inf 8.4108892e+08 (48566)
Clp0006I 6000  Obj 28845021 Primal inf 8.3805407e+08 (49522)
Clp0006I 7000  Obj 44720673 Primal inf 8.2917328e+08 (50623)
Clp0006I 8000  Obj 62099154 Primal inf 8.2449567e+08 (51653)
Clp0006I 9000  Obj 85576856 Primal inf 8.1994076e+08 (52774)
Clp0006I 10000  Obj 1.036557e+08 Primal inf 8.1867101e+08 (53867)
Clp0006I 11000  Obj 1.2376418e+08 Primal inf 8.1440843e+08 (54911)
Clp0006I 12000  Obj 1.4315716e+08 Primal inf 8.1340619e+08 (56063)
Clp0006I 13000  Obj 1.6213409e+08 Primal inf 8.1213518e+08 (57212)
Clp0006I 14000  Obj 1.9134722e+08 Primal inf 7.3211104e+08 (58478)
Clp0006I 15000  Obj 2.1242711e+08 Primal inf 7.2965605e+08 (59637)
Clp0006I 16000  Obj 2.4197097e+08 Primal inf 7.2501943e+08 (60889)
Clp0006I 17000  Obj 2.6543288e+08 Primal inf 7.2735647e+08 (62085)
Clp0006I 18000  Obj 2.9668431e+08 Primal inf 7.2672257e+08 (63311)
Clp0006I 19000  Obj 3.2586158e+08 Primal inf 7.2695827e+08 (64476)
Clp0006I 20000  Obj 3.5889349e+08 Primal inf 7.2640153e+08 (65784)
Clp0006I 21000  Obj 3.9106865e+08 Primal inf 7.2540444e+08 (66994)
Clp0006I 22000  Obj 4.3309894e+08 Primal inf 7.256908e+08 (68348)
Clp0006I 23000  Obj 4.7577981e+08 Primal inf 7.2650546e+08 (69679)
Clp0006I 24000  Obj 5.0521144e+08 Primal inf 7.2669396e+08 (70970)
Clp0006I 25000  Obj 5.488225e+08 Primal inf 7.2853453e+08 (72240)
Clp0006I 26000  Obj 5.9862794e+08 Primal inf 7.2996177e+08 (73454)
Clp0006I 27000  Obj 6.3272795e+08 Primal inf 7.3258332e+08 (74699)
Clp0006I 28000  Obj 6.7232259e+08 Primal inf 7.3463897e+08 (75982)
Clp0006I 29000  Obj 7.1446085e+08 Primal inf 7.3444555e+08 (77183)
Clp0006I 30000  Obj 7.5514286e+08 Primal inf 7.3268031e+08 (78229)
Clp0006I 31000  Obj 8.0211978e+08 Primal inf 7.3004405e+08 (79406)
Clp0006I 32000  Obj 8.4295859e+08 Primal inf 7.3351411e+08 (80628)
Clp0006I 33000  Obj 8.8156742e+08 Primal inf 7.3401105e+08 (81818)
Clp0006I 34000  Obj 9.2466959e+08 Primal inf 7.3370979e+08 (82933)
Clp0006I 35000  Obj 9.6357053e+08 Primal inf 7.3689893e+08 (84149)
Clp0006I 36000  Obj 1.0060829e+09 Primal inf 7.3431779e+08 (85330)
Clp0006I 37000  Obj 1.0530932e+09 Primal inf 7.3697354e+08 (86589)
Clp0006I 38000  Obj 1.0997948e+09 Primal inf 7.3870812e+08 (87839)
Clp0006I 39000  Obj 1.1422933e+09 Primal inf 7.3939985e+08 (88930)
Clp0006I 40000  Obj 1.1861528e+09 Primal inf 7.3891472e+08 (90127)
Clp0006I 41000  Obj 1.2329294e+09 Primal inf 7.419297e+08 (91293)
Clp0006I 42000  Obj 1.2931091e+09 Primal inf 7.3991004e+08 (92568)
Clp0006I 43000  Obj 1.3523986e+09 Primal inf 7.4308193e+08 (93684)
Clp0006I 44000  Obj 1.3950896e+09 Primal inf 7.4485374e+08 (94895)
Clp0006I 45000  Obj 1.439538e+09 Primal inf 7.4730586e+08 (96114)
Clp0006I 46000  Obj 1.4937242e+09 Primal inf 7.5044648e+08 (97342)
Clp0006I 47000  Obj 1.556732e+09 Primal inf 7.5083165e+08 (98541)
Clp0006I 48000  Obj 1.5700762e+09 Primal inf 7.1657981e+08 (101322)
Clp0006I 49000  Obj 1.5749337e+09 Primal inf 7.1145149e+08 (102353)
Clp0006I 50000  Obj 1.5788826e+09 Primal inf 7.0750031e+08 (103248)
Clp0006I 51000  Obj 1.5907455e+09 Primal inf 7.0479911e+08 (104248)
Clp0006I 52000  Obj 1.5999028e+09 Primal inf 7.0193435e+08 (105237)
Clp0006I 53000  Obj 1.608548e+09 Primal inf 7.0316788e+08 (106392)
Clp0006I 54000  Obj 1.6181231e+09 Primal inf 7.0479772e+08 (107520)
Clp0006I 55000  Obj 1.6267556e+09 Primal inf 7.0792325e+08 (108575)
Clp0006I 56000  Obj 1.6644618e+09 Primal inf 7.9066711e+08 (108967)
Clp0006I 57000  Obj 1.6883428e+09 Primal inf 9.1315787e+08 (140400)
Clp0006I 58000  Obj 1.710117e+09 Primal inf 7.3380942e+08 (112306)
Clp0006I 59000  Obj 1.7605076e+09 Primal inf 8.9744989e+08 (111601)
Clp0006I 60000  Obj 1.888162e+09 Primal inf 7.2848711e+08 (114875)
Clp0006I 61000  Obj 2.0486397e+09 Primal inf 7.4299887e+08 (115046)
Clp0006I 62000  Obj 2.1159154e+09 Primal inf 7.915725e+08 (116425)
Clp0006I 63000  Obj 2.1535488e+09 Primal inf 8.3123073e+08 (146771)
Clp0006I 64000  Obj 2.1915298e+09 Primal inf 7.2272633e+08 (118653)
Clp0006I 65000  Obj 2.2392086e+09 Primal inf 7.2260372e+08 (119933)
Clp0006I 66000  Obj 2.2830358e+09 Primal inf 7.2537365e+08 (120946)
Clp0006I 67000  Obj 2.3491907e+09 Primal inf 7.1786512e+08 (121926)
Clp0006I 68000  Obj 2.4029302e+09 Primal inf 7.1352815e+08 (122438)
Clp0006I 69000  Obj 2.4429442e+09 Primal inf 7.1258791e+08 (123153)
Clp0006I 70000  Obj 2.4934802e+09 Primal inf 7.6314714e+08 (122937)
Clp0006I 71000  Obj 2.5399694e+09 Primal inf 8.0086882e+08 (123463)
Clp0006I 72000  Obj 2.5637568e+09 Primal inf 8.2207666e+08 (124181)
Clp0006I 73000  Obj 2.5919794e+09 Primal inf 7.1280376e+08 (127302)
Clp0006I 74000  Obj 2.6063883e+09 Primal inf 8.0504883e+08 (128858)
Clp0006I 75000  Obj 2.6352893e+09 Primal inf 7.2837031e+08 (128531)
Clp0006I 76000  Obj 2.6938346e+09 Primal inf 7.7420715e+08 (126900)
Clp0006I 77000  Obj 2.7460145e+09 Primal inf 8.4394864e+08 (126797)
Clp0006I 78000  Obj 2.7972807e+09 Primal inf 1.8459383e+09 (168225)
Clp0006I 79000  Obj 2.8491847e+09 Primal inf 1.1114414e+09 (128118)
Clp0006I 80000  Obj 2.9357147e+09 Primal inf 7.8211947e+08 (132660)
Clp0006I 81000  Obj 3.0203686e+09 Primal inf 1.0684586e+09 (140883)
Clp0006I 82000  Obj 3.0884568e+09 Primal inf 3.2380719e+09 (171038)
Clp0006I 83000  Obj 3.1309963e+09 Primal inf 7.8339068e+08 (142113)
Clp0006I 84000  Obj 3.1456804e+09 Primal inf 7.2891197e+08 (133893)
Clp0006I 85000  Obj 3.2048938e+09 Primal inf 7.5377271e+08 (134548)
Clp0006I 86000  Obj 3.2973747e+09 Primal inf 7.4169864e+08 (133143)
Clp0006I 87000  Obj 3.3557888e+09 Primal inf 8.2704221e+08 (140983)
Clp0006I 88000  Obj 3.3619671e+09 Primal inf 7.7877032e+08 (140880)
Clp0006I 89000  Obj 3.4115778e+09 Primal inf 4.5419627e+09 (179446)
Clp0006I 90000  Obj 3.4269534e+09 Primal inf 8.2086242e+08 (138298)
Clp0006I 91000  Obj 3.4333599e+09 Primal inf 8.2304887e+08 (143563)
Clp0006I 92000  Obj 3.4673825e+09 Primal inf 9.9516936e+08 (152500)
Clp0006I 93000  Obj 3.4775337e+09 Primal inf 8.5171529e+08 (171150)
Clp0006I 94000  Obj 3.4857426e+09 Primal inf 1.2372058e+09 (153521)
Clp0006I 95000  Obj 3.5397087e+09 Primal inf 1.3828924e+09 (148636)
Clp0006I 96000  Obj 3.55723e+09 Primal inf 8.1320595e+08 (146361)
Clp0006I 97000  Obj 3.5984563e+09 Primal inf 2.7628356e+09 (182385)
Clp0006I 98000  Obj 3.6161658e+09 Primal inf 1.9353282e+10 (201540)
Clp0006I 99000  Obj 3.6306804e+09 Primal inf 4.2432711e+09 (184937)
Clp0006I 100000  Obj 3.6457298e+09 Primal inf 9.8619266e+08 (154566)
Clp0006I 101000  Obj 3.6470999e+09 Primal inf 2.00548e+09 (184285)
Clp0006I 102000  Obj 3.657257e+09 Primal inf 1.1739416e+09 (154945)
Clp0006I 103000  Obj 3.6645779e+09 Primal inf 1.0130095e+09 (158480)
Clp0006I 104000  Obj 3.6904107e+09 Primal inf 3.5531336e+09 (156159)
Clp0006I 105000  Obj 3.7137659e+09 Primal inf 1.4214548e+09 (155684)
Clp0006I 106000  Obj 3.7212694e+09 Primal inf 5.355005e+09 (195669)
Clp0006I 107000  Obj 3.7312457e+09 Primal inf 1.2147505e+09 (161552)
Clp0006I 108000  Obj 3.7908986e+09 Primal inf 9.9146966e+08 (158495)
Clp0006I 109000  Obj 3.8314323e+09 Primal inf 1.0078257e+09 (158481)
Clp0006I 110000  Obj 3.888746e+09 Primal inf 1.0839803e+09 (160252)
Clp0006I 111000  Obj 3.9071726e+09 Primal inf 1.0638853e+09 (159516)
Clp0006I 112000  Obj 3.9105302e+09 Primal inf 1.0663749e+09 (159822)
Clp0006I 113000  Obj 3.9184003e+09 Primal inf 1.0667573e+09 (160365)
Clp0006I 114000  Obj 3.9250792e+09 Primal inf 1.0729615e+09 (160850)
Clp0006I 115000  Obj 3.9345913e+09 Primal inf 1.0813599e+09 (161420)
Clp0006I 116000  Obj 3.9426439e+09 Primal inf 1.0775795e+09 (161842)
Clp0006I 117000  Obj 3.9836975e+09 Primal inf 9.0001204e+08 (161147)
Clp0006I 118000  Obj 3.988984e+09 Primal inf 9.15136e+08 (162644)
Clp0006I 119000  Obj 3.994209e+09 Primal inf 9.24775e+08 (163077)
Clp0006I 120000  Obj 4.0027924e+09 Primal inf 9.3217846e+08 (163472)
Clp0006I 121000  Obj 4.0084072e+09 Primal inf 9.2234576e+08 (163951)
Clp0006I 122000  Obj 4.0214714e+09 Primal inf 9.1919874e+08 (164298)
Clp0006I 123000  Obj 4.0351644e+09 Primal inf 1.0042631e+09 (170928)
Clp0006I 124000  Obj 4.0451893e+09 Primal inf 9.9504138e+08 (171603)
Clp0006I 125000  Obj 4.0568847e+09 Primal inf 9.9510654e+08 (172129)
Clp0006I 126000  Obj 4.0736884e+09 Primal inf 9.6539928e+08 (171950)
Clp0006I 127000  Obj 4.0878562e+09 Primal inf 1.04185e+09 (172500)
Clp0006I 128000  Obj 4.0973427e+09 Primal inf 9.7788282e+08 (173046)
Clp0006I 129000  Obj 4.1097894e+09 Primal inf 9.6687388e+08 (172758)
Clp0006I 130000  Obj 4.1290864e+09 Primal inf 1.0349828e+09 (165993)
Clp0006I 131000  Obj 4.1447241e+09 Primal inf 9.6848169e+08 (166428)
Clp0006I 132000  Obj 4.1634137e+09 Primal inf 1.0257075e+09 (167101)
Clp0006I 133000  Obj 4.1838736e+09 Primal inf 1.7076047e+09 (177352)
Clp0006I 134000  Obj 4.191577e+09 Primal inf 2.0052467e+09 (191739)
Clp0006I 135000  Obj 4.1964891e+09 Primal inf 1.1212937e+09 (176314)
Clp0006I 136000  Obj 4.2100297e+09 Primal inf 2.9881787e+09 (180136)
Clp0006I 137000  Obj 4.2305055e+09 Primal inf 1.1995489e+09 (177134)
Clp0006I 138000  Obj 4.2482113e+09 Primal inf 1.0508717e+09 (169036)
Clp0006I 139000  Obj 4.2612732e+09 Primal inf 4.0595744e+09 (206024)
Clp0006I 140000  Obj 4.2708504e+09 Primal inf 9.8754772e+08 (168452)
Clp0006I 141000  Obj 4.290893e+09 Primal inf 1.1148e+09 (177602)
Clp0006I 142000  Obj 4.3444625e+09 Primal inf 3.7800603e+09 (181730)
Clp0006I 143000  Obj 4.3586923e+09 Primal inf 1.0158952e+09 (169936)
Clp0006I 144000  Obj 4.3856505e+09 Primal inf 1.1129373e+09 (169852)
Clp0006I 145000  Obj 4.3974472e+09 Primal inf 4.2438385e+09 (195145)
Clp0006I 146000  Obj 4.4080634e+09 Primal inf 1.2921515e+09 (196906)
Clp0006I 147000  Obj 4.4210931e+09 Primal inf 1.3975254e+09 (202862)
Clp0006I 148000  Obj 4.4334255e+09 Primal inf 9.9008868e+08 (169954)
Clp0006I 149000  Obj 4.4414217e+09 Primal inf 9.6878897e+08 (169931)
Clp0006I 150000  Obj 4.4612203e+09 Primal inf 1.2786207e+09 (180979)
Clp0006I 151000  Obj 4.4765531e+09 Primal inf 1.8324673e+09 (197487)
Clp0006I 152000  Obj 4.4868333e+09 Primal inf 1.0180507e+09 (170938)
Clp0006I 153000  Obj 4.505782e+09 Primal inf 1.175438e+09 (180129)
Clp0006I 154000  Obj 4.5118611e+09 Primal inf 1.0345995e+09 (171601)
Clp0006I 155000  Obj 4.550281e+09 Primal inf 1.2800208e+09 (173201)
Clp0006I 156000  Obj 4.5614028e+09 Primal inf 6.2798278e+09 (185409)
Clp0006I 157000  Obj 4.571149e+09 Primal inf 9.9765246e+08 (169419)
Clp0006I 158000  Obj 4.587741e+09 Primal inf 1.6422801e+09 (181718)
Clp0006I 159000  Obj 4.5976624e+09 Primal inf 2.0006237e+09 (178326)
Clp0006I 160000  Obj 4.6026391e+09 Primal inf 1.1516515e+09 (172935)
Clp0006I 161000  Obj 4.6101162e+09 Primal inf 1.2968269e+09 (171974)
Clp0006I 162000  Obj 4.6223534e+09 Primal inf 1.3062693e+09 (181835)
Clp0006I 163000  Obj 4.6403942e+09 Primal inf 4.1796775e+09 (184141)
Clp0006I 164000  Obj 4.656313e+09 Primal inf 1.4628166e+09 (177907)
Clp0006I 165000  Obj 4.6696576e+09 Primal inf 1.2821903e+09 (172737)
Clp0006I 166000  Obj 4.7006825e+09 Primal inf 1.4323821e+10 (186207)
Clp0006I 167000  Obj 4.7201582e+09 Primal inf 2.1631147e+09 (184687)
Clp0006I 168000  Obj 4.7438066e+09 Primal inf 1.3160735e+09 (175190)
Clp0006I 169000  Obj 4.7697502e+09 Primal inf 1.2611775e+09 (171626)
Clp0006I 170000  Obj 4.8028787e+09 Primal inf 1.8033112e+09 (182655)
Clp0006I 171000  Obj 4.8346305e+09 Primal inf 2.2058082e+10 (212708)
Clp0006I 172000  Obj 4.8523359e+09 Primal inf 1.490089e+09 (174783)
Clp0006I 173000  Obj 4.8970074e+09 Primal inf 1.3783733e+09 (172689)
Clp0006I 174000  Obj 4.9231067e+09 Primal inf 1.3348292e+09 (174114)
Clp0006I 175000  Obj 4.9457062e+09 Primal inf 4.6903211e+09 (185583)
Clp0006I 176000  Obj 4.9791808e+09 Primal inf 1.6882961e+10 (214004)
Clp0006I 177000  Obj 5.0057879e+09 Primal inf 1.2463913e+09 (171374)
Clp0006I 178000  Obj 5.0139058e+09 Primal inf 1.5793691e+09 (173737)
Clp0006I 179000  Obj 5.0465231e+09 Primal inf 6.4766878e+10 (219479)
Clp0006I 180000  Obj 5.0731758e+09 Primal inf 1.9920437e+09 (207118)
Clp0006I 181000  Obj 5.1312767e+09 Primal inf 1.2342638e+09 (170708)
Clp0006I 182000  Obj 5.225636e+09 Primal inf 1.8584708e+09 (182306)
Clp0006I 183000  Obj 5.2566807e+09 Primal inf 1.3706828e+09 (195220)
Clp0006I 184000  Obj 5.2725243e+09 Primal inf 1.2963022e+09 (194900)
Clp0006I 185000  Obj 5.2870222e+09 Primal inf 4.7748355e+09 (209405)
Clp0006I 186000  Obj 5.2979968e+09 Primal inf 1.869626e+09 (181771)
Clp0006I 187000  Obj 5.3146685e+09 Primal inf 7.1378287e+10 (226716)
Clp0006I 188000  Obj 5.352346e+09 Primal inf 1.6885344e+09 (174664)
Clp0006I 189000  Obj 5.3634316e+09 Primal inf 1.3329888e+09 (180305)
Clp0006I 190000  Obj 5.3779546e+09 Primal inf 1.3336079e+09 (174536)
Clp0006I 191000  Obj 5.3965088e+09 Primal inf 4.2949796e+09 (208857)
Clp0006I 192000  Obj 5.4113104e+09 Primal inf 3.8419206e+09 (176671)
Clp0006I 193000  Obj 5.4270771e+09 Primal inf 1.4373863e+09 (179677)
Clp0006I 194000  Obj 5.4383122e+09 Primal inf 4.7077414e+09 (209228)
Clp0006I 195000  Obj 5.4708766e+09 Primal inf 1.7777821e+09 (176562)
Clp0006I 196000  Obj 5.4853614e+09 Primal inf 1.5363488e+09 (176789)
Clp0006I 197000  Obj 5.5019526e+09 Primal inf 2.3449963e+09 (181111)
Clp0006I 198000  Obj 5.5127275e+09 Primal inf 2.6803233e+09 (183275)
Clp0006I 199000  Obj 5.5458327e+09 Primal inf 3.9018686e+09 (200439)
Clp0006I 200000  Obj 5.5581865e+09 Primal inf 4.149802e+09 (176660)
Clp0006I 201000  Obj 5.5816988e+09 Primal inf 3.116762e+09 (178294)
Clp0006I 202000  Obj 5.6055286e+09 Primal inf 7.3384858e+09 (209464)
Clp0006I 203000  Obj 5.6288024e+09 Primal inf 1.1865745e+10 (206516)
Clp0006I 204000  Obj 5.6540621e+09 Primal inf 7.0122335e+09 (183987)
Clp0006I 205000  Obj 5.6868894e+09 Primal inf 7.5619732e+09 (208341)
Clp0006I 206000  Obj 5.7207141e+09 Primal inf 2.5274833e+09 (177401)
Clp0006I 207000  Obj 5.7435069e+09 Primal inf 3.9203672e+09 (207714)
Clp0006I 208000  Obj 5.7957655e+09 Primal inf 2.1178151e+10 (208517)
Clp0006I 209000  Obj 5.8207169e+09 Primal inf 6.640803e+09 (210090)
Clp0006I 210000  Obj 5.8574075e+09 Primal inf 3.1588337e+09 (176799)
Clp0006I 211000  Obj 5.8818101e+09 Primal inf 2.9775844e+09 (177610)
Clp0006I 212000  Obj 5.9127327e+09 Primal inf 3.6398716e+09 (184389)
Clp0006I 213000  Obj 5.9337206e+09 Primal inf 3.9535399e+09 (185476)
Clp0006I 214000  Obj 5.9766258e+09 Primal inf 4.5922274e+09 (187730)
Clp0006I 215000  Obj 6.0164505e+09 Primal inf 8.3884791e+10 (213706)
Clp0006I 216000  Obj 6.0435219e+09 Primal inf 4.8800934e+09 (184858)
Clp0006I 217000  Obj 6.1273525e+09 Primal inf 5.7409335e+09 (207070)
Clp0006I 218000  Obj 6.1792373e+09 Primal inf 1.4541784e+10 (183699)
Clp0006I 219000  Obj 6.2963301e+09 Primal inf 3.8097986e+09 (177938)
Clp0006I 220000  Obj 6.3748425e+09 Primal inf 4.2401542e+10 (215654)
Clp0006I 221000  Obj 6.4125129e+09 Primal inf 1.6887777e+10 (239375)
Clp0006I 221895  Obj 6.4736613e+09 Primal inf 5.3223217e+09 (179682)
Clp0006I 222678  Obj 6.506849e+09 Primal inf 2.9054755e+09 (175749)
Clp0006I 223678  Obj 6.5649973e+09 Primal inf 2.4399006e+10 (186867)
Clp0006I 224678  Obj 6.5989593e+09 Primal inf 1.9403468e+10 (177438)
Clp0006I 225678  Obj 6.648612e+09 Primal inf 2.3649318e+09 (204674)
Clp0006I 226678  Obj 6.7398833e+09 Primal inf 7.8580281e+09 (209671)
Clp0006I 227678  Obj 6.801869e+09 Primal inf 1.3464568e+10 (199182)
Clp0006I 228678  Obj 6.8852655e+09 Primal inf 4.1082422e+09 (199947)
Clp0006I 229678  Obj 6.9502701e+09 Primal inf 3.8746002e+09 (179633)
Clp0006I 230678  Obj 7.0421408e+09 Primal inf 7.6029602e+09 (203347)
Clp0006I 231678  Obj 7.1494837e+09 Primal inf 3.1304989e+09 (175623)
Clp0006I 232678  Obj 7.2019287e+09 Primal inf 5.3916005e+09 (178696)
Clp0006I 233678  Obj 7.3188129e+09 Primal inf 7.8629344e+09 (202058)
Clp0006I 234678  Obj 7.3514578e+09 Primal inf 3.5950179e+09 (178246)
Clp0006I 235678  Obj 7.4147429e+09 Primal inf 3.1580142e+09 (178263)
Clp0006I 236678  Obj 7.4452672e+09 Primal inf 3.9582627e+09 (178691)
Clp0006I 237678  Obj 7.4795345e+09 Primal inf 2.8040898e+09 (202978)
Clp0006I 238678  Obj 7.5150354e+09 Primal inf 2.4623771e+09 (177697)
Clp0006I 239678  Obj 7.5420792e+09 Primal inf 4.4705328e+09 (226238)
Clp0006I 240678  Obj 7.5922712e+09 Primal inf 1.3842744e+09 (175039)
Clp0006I 241678  Obj 7.6856943e+09 Primal inf 5.4920803e+09 (200497)
Clp0006I 242678  Obj 7.8056054e+09 Primal inf 1.1624866e+11 (219041)
Clp0006I 243678  Obj 7.848497e+09 Primal inf 4.6441122e+09 (201731)
Clp0006I 244678  Obj 7.9029229e+09 Primal inf 5.995976e+09 (177639)
Clp0006I 245678  Obj 7.9317217e+09 Primal inf 4.5373667e+09 (176729)
Clp0006I 246678  Obj 7.9586513e+09 Primal inf 6.8028762e+09 (180054)
Clp0006I 247678  Obj 7.977803e+09 Primal inf 3.5791411e+09 (178296)
Clp0006I 248678  Obj 8.0088539e+09 Primal inf 3.5956425e+09 (175143)
Clp0006I 249678  Obj 8.1509917e+09 Primal inf 5.5030984e+10 (231034)
Clp0006I 250678  Obj 8.2518116e+09 Primal inf 5.2672531e+09 (183897)
Clp0006I 251678  Obj 8.3786049e+09 Primal inf 7.0492089e+09 (173571)
Clp0006I 252678  Obj 8.5177129e+09 Primal inf 9.6894127e+10 (244811)
Clp0006I 253678  Obj 8.6310385e+09 Primal inf 5.0912163e+10 (239514)
Clp0006I 254678  Obj 8.7049752e+09 Primal inf 1.1373249e+09 (199518)
Clp0006I 255678  Obj 8.8154703e+09 Primal inf 3.0400599e+09 (179875)
Clp0006I 256678  Obj 8.9046323e+09 Primal inf 1.6154916e+11 (251214)
Clp0006I 257678  Obj 9.0201755e+09 Primal inf 7.2829275e+09 (193716)
Clp0006I 258678  Obj 9.1296066e+09 Primal inf 5.6246154e+09 (209057)
Clp0006I 259678  Obj 9.2239759e+09 Primal inf 3.9898771e+09 (199016)
Clp0006I 260678  Obj 9.3160254e+09 Primal inf 1.4610912e+10 (215882)
Clp0006I 261678  Obj 9.3922528e+09 Primal inf 3.4606574e+09 (179787)
Clp0006I 262678  Obj 9.4971066e+09 Primal inf 1.320484e+10 (213930)
Clp0006I 263678  Obj 9.5729405e+09 Primal inf 3.5085834e+09 (188903)
Clp0006I 264678  Obj 9.6586843e+09 Primal inf 5.0926794e+09 (187258)
Clp0006I 265678  Obj 9.7361951e+09 Primal inf 2.4340126e+10 (223450)
Clp0006I 266224  Obj 9.7787419e+09 Primal inf 5.6251226e+10 (205172)
Clp0006I 267224  Obj 9.8556768e+09 Primal inf 1.0503129e+10 (187320)
Clp0006I 268224  Obj 9.9320067e+09 Primal inf 3.4405217e+10 (230050)
Clp0006I 269224  Obj 9.9642764e+09 Primal inf 4.0194172e+09 (212520)
Clp0006I 270132  Obj 1.0046696e+10 Primal inf 1.764747e+11 (233403)
Clp0006I 271132  Obj 1.0090459e+10 Primal inf 7.9450541e+09 (219759)
Clp0006I 272132  Obj 1.0164112e+10 Primal inf 9.3561623e+09 (239825)
Clp0006I 273132  Obj 1.0248863e+10 Primal inf 5.3735612e+10 (223088)
Clp0006I 273863  Obj 1.028741e+10 Primal inf 8.0000025e+09 (183976)
Clp0006I 274863  Obj 1.0370764e+10 Primal inf 2.8325104e+10 (217087)
Clp0006I 275863  Obj 1.0444008e+10 Primal inf 4.2818453e+09 (212833)
Clp0006I 276863  Obj 1.0505132e+10 Primal inf 8.7715695e+09 (220183)
Clp0006I 277863  Obj 1.0583479e+10 Primal inf 1.168682e+10 (227338)
Clp0006I 278863  Obj 1.0663669e+10 Primal inf 8.5836326e+09 (217335)
Clp0006I 279863  Obj 1.0757961e+10 Primal inf 2.6548988e+10 (236724)
Clp0006I 280863  Obj 1.0839298e+10 Primal inf 4.180404e+09 (188946)
Clp0006I 281863  Obj 1.0930171e+10 Primal inf 1.8242106e+10 (232045)
Clp0006I 282863  Obj 1.1004138e+10 Primal inf 5.2126529e+09 (199092)
Clp0006I 283863  Obj 1.1075922e+10 Primal inf 5.5109105e+10 (248550)
Clp0006I 284863  Obj 1.1156025e+10 Primal inf 2.6663099e+10 (225449)
Clp0006I 285863  Obj 1.1233368e+10 Primal inf 1.0539141e+12 (227352)
Clp0006I 286863  Obj 1.1300031e+10 Primal inf 4.8595713e+10 (257087)
Clp0006I 287863  Obj 1.1346768e+10 Primal inf 3.6540963e+09 (187392)
Clp0006I 288863  Obj 1.145148e+10 Primal inf 1.0603497e+10 (227101)
Clp0006I 289863  Obj 1.1527251e+10 Primal inf 7.1985073e+09 (217471)
Clp0006I 290773  Obj 1.1601017e+10 Primal inf 3.2762302e+09 (183626)
Clp0006I 291773  Obj 1.1675102e+10 Primal inf 4.767663e+09 (243494)
Clp0006I 292773  Obj 1.1771201e+10 Primal inf 7.3850746e+11 (241683)
Clp0006I 293773  Obj 1.1834311e+10 Primal inf 2.9779764e+09 (221436)
Clp0006I 294773  Obj 1.1894273e+10 Primal inf 1.267677e+11 (226174)
Clp0006I 295773  Obj 1.2000116e+10 Primal inf 6.9489258e+09 (224271)
Clp0006I 296773  Obj 1.2084472e+10 Primal inf 3.3241438e+10 (237783)
Clp0006I 297647  Obj 1.215329e+10 Primal inf 4.1138973e+09 (198748)
Clp0006I 298647  Obj 1.2258879e+10 Primal inf 8.0089101e+10 (248673)
Clp0006I 299287  Obj 1.2315444e+10 Primal inf 3.6785915e+10 (268212)
Clp0006I 300287  Obj 1.2377392e+10 Primal inf 3.4883134e+10 (218113)
Clp0006I 301287  Obj 1.2455382e+10 Primal inf 3.8396457e+10 (226979)
Clp0006I 302287  Obj 1.2510663e+10 Primal inf 1.9081781e+10 (231567)
Clp0006I 303287  Obj 1.2573778e+10 Primal inf 1.1212655e+10 (232218)
Clp0006I 304287  Obj 1.2647266e+10 Primal inf 2.9193369e+10 (216518)
Clp0006I 305287  Obj 1.2705833e+10 Primal inf 1.3698936e+09 (207092)
Clp0006I 306287  Obj 1.2779511e+10 Primal inf 2.0801989e+09 (219136)
Clp0006I 307287  Obj 1.2858e+10 Primal inf 2.9259413e+10 (235590)
Clp0006I 307821  Obj 1.2897205e+10 Primal inf 3.296894e+09 (187561)
Clp0006I 308821  Obj 1.2966011e+10 Primal inf 1.135381e+10 (252294)
Clp0006I 309821  Obj 1.3022338e+10 Primal inf 7.6293061e+09 (224885)
Clp0006I 310821  Obj 1.3084577e+10 Primal inf 2.068901e+10 (229834)
Clp0006I 311821  Obj 1.315586e+10 Primal inf 3.6679717e+09 (195131)
Clp0006I 312821  Obj 1.3222088e+10 Primal inf 1.3558142e+10 (245197)
Clp0006I 313821  Obj 1.3273872e+10 Primal inf 1.1423075e+09 (183875)
Clp0006I 314821  Obj 1.3322096e+10 Primal inf 8.948112e+08 (183972)
Clp0006I 315821  Obj 1.3335166e+10 Primal inf 3.3827808e+09 (217333)
Clp0006I 316821  Obj 1.3389459e+10 Primal inf 3.285132e+10 (231669)
Clp0006I 317821  Obj 1.3430802e+10 Primal inf 6.3933672e+09 (203355)
Clp0006I 318821  Obj 1.3486275e+10 Primal inf 1.9073621e+09 (193308)
Clp0006I 319821  Obj 1.3547055e+10 Primal inf 3.9356391e+10 (207566)
Clp0006I 320821  Obj 1.3605942e+10 Primal inf 2.3639174e+10 (232035)
Clp0006I 321821  Obj 1.36683e+10 Primal inf 7.638502e+09 (219687)
Clp0006I 322821  Obj 1.3699774e+10 Primal inf 6.7822575e+09 (232021)
Clp0006I 323821  Obj 1.3750304e+10 Primal inf 2.1763439e+09 (205725)
Clp0006I 324821  Obj 1.3785101e+10 Primal inf 3.4507663e+09 (220807)
Clp0006I 325821  Obj 1.3796974e+10 Primal inf 1.8563377e+09 (202441)
Clp0006I 326821  Obj 1.3822971e+10 Primal inf 1.6607618e+09 (208983)
Clp0006I 327821  Obj 1.3874163e+10 Primal inf 3.6461248e+09 (224471)
Clp0006I 328821  Obj 1.3901741e+10 Primal inf 6.0325786e+09 (214227)
Clp0006I 329821  Obj 1.3934912e+10 Primal inf 5.1138702e+09 (237828)
Clp0006I 330821  Obj 1.3978649e+10 Primal inf 3.2285126e+09 (245900)
Clp0006I 331821  Obj 1.4017957e+10 Primal inf 8.777074e+08 (215919)
Clp0006I 332821  Obj 1.405097e+10 Primal inf 2.0497278e+09 (235577)
Clp0006I 333821  Obj 1.4098379e+10 Primal inf 3.1895292e+09 (227861)
Clp0006I 334821  Obj 1.4160211e+10 Primal inf 1.2666222e+10 (271758)
Clp0006I 335821  Obj 1.4180325e+10 Primal inf 6.1352484e+09 (272447)
Clp0006I 336821  Obj 1.4207986e+10 Primal inf 1.5760224e+09 (208778)
Clp0006I 337821  Obj 1.4241674e+10 Primal inf 3.8699571e+09 (225391)
Clp0006I 338821  Obj 1.4271314e+10 Primal inf 1.4701848e+10 (232172)
Clp0006I 339821  Obj 1.4305526e+10 Primal inf 8.9028011e+08 (192963)
Clp0006I 340821  Obj 1.4338237e+10 Primal inf 1.8024481e+09 (212371)
Clp0006I 341821  Obj 1.4380549e+10 Primal inf 7.3848066e+09 (263808)
Clp0006I 342821  Obj 1.4413434e+10 Primal inf 1.4732897e+10 (251183)
Clp0006I 343821  Obj 1.4447209e+10 Primal inf 4.6088305e+09 (265388)
Clp0006I 344821  Obj 1.4466595e+10 Primal inf 1.8324226e+10 (264301)
Clp0006I 345821  Obj 1.4477077e+10 Primal inf 5.0774043e+09 (221039)
Clp0006I 346821  Obj 1.4493467e+10 Primal inf 2.146696e+09 (225629)
Clp0006I 347821  Obj 1.4511699e+10 Primal inf 5.5315987e+09 (226944)
Clp0006I 348821  Obj 1.4523134e+10 Primal inf 3.1679007e+09 (249712)
Clp0006I 349821  Obj 1.4543292e+10 Primal inf 3.8127104e+09 (238337)
Clp0006I 350821  Obj 1.4566864e+10 Primal inf 3.1560333e+09 (226684)
Clp0006I 351821  Obj 1.4591172e+10 Primal inf 1.4958439e+09 (222440)
Clp0006I 352821  Obj 1.4612199e+10 Primal inf 1.9899658e+09 (229041)
Clp0006I 353821  Obj 1.4644564e+10 Primal inf 1.9583303e+09 (227339)
Clp0006I 354821  Obj 1.4653596e+10 Primal inf 2.2168779e+11 (238722)
Clp0006I 355821  Obj 1.4665536e+10 Primal inf 2.208782e+10 (260008)
Clp0006I 356821  Obj 1.4669163e+10 Primal inf 1.4358355e+10 (247166)
Clp0006I 357821  Obj 1.4671426e+10 Primal inf 6.2161099e+10 (270029)
Clp0006I 358821  Obj 1.4682717e+10 Primal inf 1.2886908e+10 (224063)
Clp0006I 359821  Obj 1.4690586e+10 Primal inf 4.957748e+09 (249633)
Clp0006I 360821  Obj 1.4719508e+10 Primal inf 8.299018e+08 (200438)
Clp0006I 361821  Obj 1.4732928e+10 Primal inf 7.4879454e+09 (265117)
Clp0006I 362821  Obj 1.4739682e+10 Primal inf 5.3541916e+10 (268568)
Clp0006I 363821  Obj 1.4743117e+10 Primal inf 1.3158111e+10 (245902)
Clp0006I 364821  Obj 1.4748978e+10 Primal inf 1.0702699e+10 (245725)
Clp0006I 365821  Obj 1.475905e+10 Primal inf 2.465236e+09 (236823)
Clp0006I 366821  Obj 1.4772065e+10 Primal inf 6.2981932e+09 (250826)
Clp0006I 367821  Obj 1.495938e+10 Primal inf 7.1617435e+08 (195969)
Clp0006I 368821  Obj 1.4998176e+10 Primal inf 1.4220462e+09 (211380)
Clp0006I 369821  Obj 1.501709e+10 Primal inf 2.0439548e+09 (254958)
Clp0006I 370821  Obj 1.5034261e+10 Primal inf 2.7371915e+10 (253370)
Clp0006I 371821  Obj 1.5041866e+10 Primal inf 1.5876584e+10 (233280)
Clp0006I 372821  Obj 1.505928e+10 Primal inf 2.6183123e+09 (255218)
Clp0006I 373821  Obj 1.5077407e+10 Primal inf 5.7744173e+09 (296545)
Clp0006I 374821  Obj 1.509148e+10 Primal inf 7.5458274e+09 (261921)
Clp0006I 375821  Obj 1.5119586e+10 Primal inf 7.3765915e+09 (224245)
Clp0006I 376821  Obj 1.5144358e+10 Primal inf 1.9072841e+10 (283603)
Clp0006I 377821  Obj 1.5158289e+10 Primal inf 2.9930411e+09 (292387)
Clp0006I 378821  Obj 1.5178152e+10 Primal inf 7.1521139e+09 (283940)
Clp0006I 379821  Obj 1.5190758e+10 Primal inf 3.5712482e+09 (251212)
Clp0006I 380821  Obj 1.5210463e+10 Primal inf 3.2886635e+10 (260353)
Clp0006I 381821  Obj 1.5230519e+10 Primal inf 1.7003366e+09 (217985)
Clp0006I 382821  Obj 1.525194e+10 Primal inf 8.2276496e+09 (272809)
Clp0006I 383821  Obj 1.5261639e+10 Primal inf 7.7192391e+08 (235968)
Clp0006I 384821  Obj 1.5281407e+10 Primal inf 6.5235964e+08 (215040)
Clp0006I 385821  Obj 1.5298256e+10 Primal inf 7.6567531e+08 (211996)
Clp0006I 386821  Obj 1.5302243e+10 Primal inf 3.5774037e+09 (265194)
Clp0006I 387821  Obj 1.5306134e+10 Primal inf 8.6663542e+08 (204527)
Clp0006I 388821  Obj 1.532063e+10 Primal inf 5.642925e+09 (250916)
Clp0006I 389821  Obj 1.5326805e+10 Primal inf 3.1337556e+09 (248080)
Clp0006I 390821  Obj 1.5328103e+10 Primal inf 1.3428447e+09 (248293)
Clp0006I 391821  Obj 1.5333853e+10 Primal inf 4.0409333e+09 (252116)
Clp0006I 392821  Obj 1.5340398e+10 Primal inf 4.8401155e+09 (278607)
Clp0006I 393821  Obj 1.5356436e+10 Primal inf 1.1448734e+10 (267443)
Clp0006I 394821  Obj 1.5359901e+10 Primal inf 8.5433031e+08 (217965)
Clp0006I 395821  Obj 1.5372256e+10 Primal inf 2.6307025e+09 (253735)
Clp0006I 396821  Obj 1.5379283e+10 Primal inf 3.1056793e+09 (260369)
Clp0006I 397821  Obj 1.5390565e+10 Primal inf 1.8889071e+09 (281409)
Clp0006I 398821  Obj 1.5392984e+10 Primal inf 4.5653675e+09 (241634)
Clp0006I 399821  Obj 1.5401483e+10 Primal inf 4.3505782e+09 (223829)
Clp0006I 400821  Obj 1.5408177e+10 Primal inf 1.1178224e+09 (227144)
Clp0006I 401821  Obj 1.543108e+10 Primal inf 4.9076718e+09 (256200)
Clp0006I 402821  Obj 1.5436399e+10 Primal inf 7.6904723e+08 (207141)
Clp0006I 403821  Obj 1.5447928e+10 Primal inf 1.1318992e+09 (226857)
Clp0006I 404821  Obj 1.5456326e+10 Primal inf 9.3633986e+08 (236491)
Clp0006I 405821  Obj 1.5460234e+10 Primal inf 9.5567543e+09 (262542)
Clp0006I 406821  Obj 1.5477683e+10 Primal inf 5.7990593e+09 (246421)
Clp0006I 407821  Obj 1.548348e+10 Primal inf 1.7848537e+09 (241019)
Clp0006I 408821  Obj 1.5504783e+10 Primal inf 1.7958685e+09 (227858)
Clp0006I 409821  Obj 1.5515364e+10 Primal inf 6.6326439e+09 (261338)
Clp0006I 410821  Obj 1.5521997e+10 Primal inf 3.9362195e+09 (224345)
Clp0006I 411821  Obj 1.5528522e+10 Primal inf 9.820015e+09 (239688)
Clp0006I 412821  Obj 1.5531935e+10 Primal inf 3.6637879e+09 (258855)
Clp0006I 413821  Obj 1.5548057e+10 Primal inf 8.4459087e+09 (238478)
Clp0006I 414821  Obj 1.5564668e+10 Primal inf 1.8882642e+09 (224545)
Clp0006I 415821  Obj 1.5569233e+10 Primal inf 2.1963003e+09 (219699)
Clp0006I 416821  Obj 1.5590667e+10 Primal inf 8.0906717e+08 (207235)
Clp0006I 417821  Obj 1.5595405e+10 Primal inf 1.0334365e+09 (243789)
Clp0006I 418821  Obj 1.5601933e+10 Primal inf 8.112946e+09 (295496)
Clp0006I 419821  Obj 1.5610257e+10 Primal inf 8.8528888e+10 (310332)
Clp0006I 420821  Obj 1.5620118e+10 Primal inf 1.4113429e+09 (238701)
Clp0006I 421821  Obj 1.562886e+10 Primal inf 6.6557464e+09 (246086)
Clp0006I 422821  Obj 1.5630933e+10 Primal inf 8.3199948e+09 (250899)
Clp0006I 423821  Obj 1.5637132e+10 Primal inf 8.7486198e+08 (227603)
Clp0006I 424821  Obj 1.5640485e+10 Primal inf 9.0443544e+08 (220476)
Clp0006I 425821  Obj 1.5649725e+10 Primal inf 2.7226219e+09 (216245)
Clp0006I 426821  Obj 1.5656512e+10 Primal inf 4.9735675e+09 (265013)
Clp0006I 427821  Obj 1.5670583e+10 Primal inf 3.8149403e+09 (254657)
Clp0006I 428821  Obj 1.5674346e+10 Primal inf 4.2933442e+09 (236565)
Clp0006I 429821  Obj 1.5677098e+10 Primal inf 1.3248938e+10 (263668)
Clp0006I 430821  Obj 1.5686031e+10 Primal inf 2.8672898e+09 (256282)
Clp0006I 431821  Obj 1.5702121e+10 Primal inf 5.0903472e+09 (292436)
Clp0006I 432821  Obj 1.5709442e+10 Primal inf 6.8425708e+09 (281403)
Clp0006I 433821  Obj 1.5714746e+10 Primal inf 9.2695767e+08 (219333)
Clp0006I 434821  Obj 1.5729089e+10 Primal inf 2.9093645e+09 (242813)
Clp0006I 435821  Obj 1.5738773e+10 Primal inf 2.7380699e+10 (268958)
Clp0006I 436821  Obj 1.5751932e+10 Primal inf 1.8828432e+09 (236058)
Clp0006I 437821  Obj 1.5758212e+10 Primal inf 6.6474664e+08 (202220)
Clp0006I 438821  Obj 1.5771301e+10 Primal inf 4.1712463e+09 (254974)
Clp0006I 439821  Obj 1.5792857e+10 Primal inf 1.7578583e+09 (233437)
Clp0006I 440821  Obj 1.580856e+10 Primal inf 1.2345855e+09 (240179)
Clp0006I 441821  Obj 1.5822457e+10 Primal inf 9.3008228e+09 (297549)
Clp0006I 442821  Obj 1.5835503e+10 Primal inf 3.9735895e+09 (254708)
Clp0006I 443821  Obj 1.5844298e+10 Primal inf 1.0578468e+09 (211548)
Clp0006I 444821  Obj 1.5859581e+10 Primal inf 3.3723373e+09 (253269)
Clp0006I 445821  Obj 1.5872932e+10 Primal inf 8.2498426e+08 (249480)
Clp0006I 446821  Obj 1.587952e+10 Primal inf 3.5604503e+09 (237166)
Clp0006I 447821  Obj 1.5891955e+10 Primal inf 1.7246738e+09 (254606)
Clp0006I 448821  Obj 1.590135e+10 Primal inf 1.2395817e+09 (233165)
Clp0006I 449821  Obj 1.5909696e+10 Primal inf 4.8734654e+09 (275672)
Clp0006I 450821  Obj 1.591543e+10 Primal inf 4.0852528e+09 (253927)
Clp0006I 451821  Obj 1.5925036e+10 Primal inf 2.1948985e+09 (279351)
Clp0006I 452821  Obj 1.5931378e+10 Primal inf 3.1406909e+09 (256685)
Clp0006I 453821  Obj 1.5942246e+10 Primal inf 4.9391117e+09 (249885)
Clp0006I 454821  Obj 1.595271e+10 Primal inf 2.0026741e+09 (262678)
Clp0006I 455821  Obj 1.5959828e+10 Primal inf 2.3783388e+09 (280777)
Clp0006I 456821  Obj 1.5975611e+10 Primal inf 8.7815972e+10 (298826)
Clp0006I 457821  Obj 1.5989129e+10 Primal inf 1.6121557e+10 (274285)
Clp0006I 458821  Obj 1.599658e+10 Primal inf 1.5037351e+10 (319261)
Clp0006I 459821  Obj 1.6005168e+10 Primal inf 3.3024878e+10 (325630)
Clp0006I 460821  Obj 1.6014133e+10 Primal inf 1.7601514e+10 (256537)
Clp0006I 461821  Obj 1.6031362e+10 Primal inf 5.9220515e+10 (265131)
Clp0006I 462821  Obj 1.6037378e+10 Primal inf 3.6180978e+10 (267023)
Clp0006I 463821  Obj 1.6059696e+10 Primal inf 4.742818e+10 (289030)
Clp0006I 464821  Obj 1.6061761e+10 Primal inf 7.9750804e+09 (274231)
Clp0006I 465821  Obj 1.606788e+10 Primal inf 3.4497998e+10 (281438)
Clp0006I 466821  Obj 1.6073346e+10 Primal inf 1.8459035e+10 (301930)
Clp0006I 467821  Obj 1.6080881e+10 Primal inf 3.235178e+10 (252648)
Clp0006I 468821  Obj 1.6093651e+10 Primal inf 8.7918622e+09 (280855)
Clp0006I 469821  Obj 1.6100246e+10 Primal inf 1.7570384e+10 (312236)
Clp0006I 470821  Obj 1.6108756e+10 Primal inf 2.7156826e+10 (304093)
Clp0006I 471821  Obj 1.6120466e+10 Primal inf 5.0748247e+09 (239351)
Clp0006I 472821  Obj 1.6124318e+10 Primal inf 1.5241845e+10 (248909)
Clp0006I 473821  Obj 1.6137669e+10 Primal inf 8.946246e+10 (263318)
Clp0006I 474821  Obj 1.6145704e+10 Primal inf 4.8760025e+09 (292414)
Clp0006I 475821  Obj 1.6152975e+10 Primal inf 3.1984089e+10 (303646)
Clp0006I 476821  Obj 1.6158834e+10 Primal inf 1.559511e+10 (314478)
Clp0006I 477821  Obj 1.6171816e+10 Primal inf 2.7833058e+11 (254280)
Clp0006I 478821  Obj 1.618116e+10 Primal inf 7.5148455e+10 (295389)
Clp0006I 479821  Obj 1.6185047e+10 Primal inf 1.0565063e+10 (333426)
Clp0006I 480821  Obj 1.6198053e+10 Primal inf 4.2063456e+12 (322309)
Clp0006I 481821  Obj 1.6208603e+10 Primal inf 1.2806987e+10 (275326)
Clp0006I 482821  Obj 1.6218754e+10 Primal inf 2.2189315e+10 (320639)
Clp0006I 483821  Obj 1.6233991e+10 Primal inf 2.704862e+10 (307698)
Clp0006I 484821  Obj 1.6241937e+10 Primal inf 5.8890691e+10 (311020)
Clp0006I 485821  Obj 1.6257065e+10 Primal inf 2.1709473e+10 (336197)
Clp0006I 486821  Obj 1.6259014e+10 Primal inf 3.1623162e+10 (306082)
Clp0006I 487821  Obj 1.6275394e+10 Primal inf 5.3682563e+09 (335902)
Clp0006I 488821  Obj 1.6279195e+10 Primal inf 4.312308e+09 (302174)
Clp0006I 489821  Obj 1.6285527e+10 Primal inf 5.5242906e+10 (300410)
Clp0006I 490821  Obj 1.6295057e+10 Primal inf 6.0853068e+10 (298962)
Clp0006I 491821  Obj 1.6327288e+10 Primal inf 1.0506737e+10 (354815)
Clp0006I 492821  Obj 1.6337113e+10 Primal inf 4.9759787e+10 (323364)
Clp0006I 493821  Obj 1.6348299e+10 Primal inf 2.3973332e+11 (362428)
Clp0006I 494821  Obj 1.6355386e+10 Primal inf 4.9864315e+10 (334532)
Clp0006I 495821  Obj 1.6367785e+10 Primal inf 2.5751028e+10 (370073)
Clp0006I 496821  Obj 1.6374665e+10 Primal inf 5.5894758e+10 (303864)
Clp0006I 497821  Obj 1.6386702e+10 Primal inf 3.5712036e+10 (318149)
Clp0006I 498821  Obj 1.639506e+10 Primal inf 8.9062581e+09 (277453)
Clp0006I 499821  Obj 1.640931e+10 Primal inf 7.985604e+09 (281273)
Clp0006I 500821  Obj 1.642253e+10 Primal inf 8.4129708e+10 (297651)
Clp0006I 501821  Obj 1.6451874e+10 Primal inf 4.3734638e+11 (289912)
Clp0006I 502821  Obj 1.6502194e+10 Primal inf 2.6755486e+10 (330190)
Clp0006I 503821  Obj 1.6528631e+10 Primal inf 1.6329159e+09 (286007)
Clp0006I 504821  Obj 1.6576875e+10 Primal inf 1.5989523e+10 (298876)
Clp0006I 505821  Obj 1.6581756e+10 Primal inf 5.1116286e+10 (281933)
Clp0006I 506821  Obj 1.6598286e+10 Primal inf 2.0878837e+10 (355333)
Clp0006I 507821  Obj 1.6626841e+10 Primal inf 8.4684679e+09 (317206)
Clp0006I 508821  Obj 1.6650527e+10 Primal inf 6.9974875e+11 (278856)
Clp0006I 509821  Obj 1.6674179e+10 Primal inf 2.0991845e+10 (326613)
Clp0006I 510821  Obj 1.6690986e+10 Primal inf 2.5386828e+09 (321390)
Clp0006I 511821  Obj 1.6726641e+10 Primal inf 1.6165358e+10 (317060)
Clp0006I 512821  Obj 1.673483e+10 Primal inf 6.2092063e+10 (313982)
Clp0006I 513821  Obj 1.6744758e+10 Primal inf 2.6550774e+10 (309952)
Clp0006I 514821  Obj 1.6756703e+10 Primal inf 1.5732172e+11 (343548)
Clp0006I 515821  Obj 1.6789291e+10 Primal inf 6.8352001e+10 (337802)
Clp0006I 516821  Obj 1.680118e+10 Primal inf 7.7761546e+10 (315246)
Clp0006I 517821  Obj 1.6813266e+10 Primal inf 2.106686e+10 (354942)
Clp0006I 518821  Obj 1.6817082e+10 Primal inf 1.2722165e+11 (382017)
Clp0006I 519821  Obj 1.6819015e+10 Primal inf 1.0161984e+11 (360991)
Clp0006I 520821  Obj 1.6822333e+10 Primal inf 1.3512698e+11 (352115)
Clp0006I 521821  Obj 1.6825288e+10 Primal inf 5.8515799e+10 (333486)
Clp0006I 522821  Obj 1.6830083e+10 Primal inf 2.435379e+10 (336969)
Clp0006I 523821  Obj 1.6836129e+10 Primal inf 6.9066988e+09 (300221)
Clp0006I 524821  Obj 1.6840202e+10 Primal inf 3.8314957e+10 (319020)
Clp0006I 525821  Obj 1.6847802e+10 Primal inf 3.4367212e+10 (397459)
Clp0006I 526821  Obj 1.6849728e+10 Primal inf 2.523824e+10 (283298)
Clp0006I 527821  Obj 1.68548e+10 Primal inf 1.1238133e+11 (430788)
Clp0006I 528821  Obj 1.685828e+10 Primal inf 1.4297788e+10 (389973)
Clp0006I 529821  Obj 1.6859538e+10 Primal inf 2.907377e+10 (355939)
Clp0006I 530821  Obj 1.6864099e+10 Primal inf 2.1689356e+10 (347867)
Clp0006I 531821  Obj 1.686639e+10 Primal inf 1.4725815e+10 (344547)
Clp0006I 532821  Obj 1.6867391e+10 Primal inf 5.9849059e+10 (377336)
Clp0006I 533821  Obj 1.6870511e+10 Primal inf 2.1730655e+11 (337376)
Clp0006I 534821  Obj 1.6872249e+10 Primal inf 5.2914223e+10 (361834)
Clp0006I 535821  Obj 1.6876518e+10 Primal inf 1.6596202e+10 (373180)
Clp0006I 536821  Obj 1.6886208e+10 Primal inf 3.1184784e+10 (338142)
Clp0006I 537821  Obj 1.6897863e+10 Primal inf 3.4237572e+11 (330998)
Clp0006I 538821  Obj 1.6901467e+10 Primal inf 1.2876833e+11 (338433)
Clp0006I 539821  Obj 1.6904752e+10 Primal inf 2.0839272e+10 (317423)
Clp0006I 540821  Obj 1.6907916e+10 Primal inf 1.1386134e+10 (316627)
Clp0006I 541821  Obj 1.6911767e+10 Primal inf 2.8252068e+10 (318784)
Clp0006I 542821  Obj 1.6918023e+10 Primal inf 1.0825817e+10 (312978)
Clp0006I 543821  Obj 1.6920176e+10 Primal inf 1.6676673e+11 (308566)
Clp0006I 544821  Obj 1.6925331e+10 Primal inf 6.7959134e+10 (323787)
Clp0006I 545821  Obj 1.6932875e+10 Primal inf 6.5830424e+10 (317426)
Clp0006I 546821  Obj 1.6939051e+10 Primal inf 3.8998825e+10 (359386)
Clp0006I 547821  Obj 1.6945334e+10 Primal inf 1.7195881e+11 (318722)
Clp0006I 548821  Obj 1.6949645e+10 Primal inf 5.3042273e+10 (318571)
Clp0006I 549821  Obj 1.6953414e+10 Primal inf 8.3432484e+09 (318571)
Clp0006I 550821  Obj 1.6969852e+10 Primal inf 1.6274307e+10 (293920)
Clp0006I 551821  Obj 1.6980526e+10 Primal inf 2.1189132e+11 (354354)
Clp0006I 552821  Obj 1.6987823e+10 Primal inf 1.9789746e+12 (384617)
Clp0006I 553821  Obj 1.6991715e+10 Primal inf 6.4684952e+10 (352448)
Clp0006I 554821  Obj 1.6998208e+10 Primal inf 4.720454e+10 (316760)
Clp0006I 555821  Obj 1.7006455e+10 Primal inf 2.7520537e+11 (364398)
Clp0006I 556821  Obj 1.7016365e+10 Primal inf 1.7643339e+11 (344764)
Clp0006I 557821  Obj 1.7027705e+10 Primal inf 4.3814919e+10 (350735)
Clp0006I 558821  Obj 1.7033676e+10 Primal inf 4.8600256e+11 (368524)
Clp0006I 559821  Obj 1.7038453e+10 Primal inf 4.5241024e+11 (387786)
Clp0006I 560821  Obj 1.7047615e+10 Primal inf 5.2556675e+11 (360352)
Clp0006I 561821  Obj 1.7055111e+10 Primal inf 4.0092522e+11 (362610)
Clp0006I 562821  Obj 1.7065787e+10 Primal inf 2.424626e+12 (305384)
Clp0006I 563821  Obj 1.7080056e+10 Primal inf 4.2309473e+10 (350800)
Clp0006I 564821  Obj 1.7091016e+10 Primal inf 3.0530268e+11 (347430)
Clp0006I 565821  Obj 1.7100876e+10 Primal inf 5.3110603e+10 (321882)
Clp0006I 566821  Obj 1.7122451e+10 Primal inf 6.6966351e+10 (348813)
Clp0006I 567821  Obj 1.7137042e+10 Primal inf 4.0175726e+10 (346688)
Clp0006I 568821  Obj 1.7150311e+10 Primal inf 1.1099694e+11 (332374)
Clp0006I 569791  Obj 1.7160522e+10 Primal inf 1.2247206e+10 (317808)
Clp0006I 570791  Obj 1.7171764e+10 Primal inf 2.3480247e+10 (347520)
Clp0006I 571791  Obj 1.7181359e+10 Primal inf 7.9616128e+11 (374523)
Clp0006I 572791  Obj 1.7190093e+10 Primal inf 3.9090728e+11 (365455)
Clp0006I 573791  Obj 1.7205328e+10 Primal inf 2.5726946e+10 (349256)
Clp0006I 574791  Obj 1.7224531e+10 Primal inf 6.0058011e+09 (322762)
Clp0006I 575791  Obj 1.7231946e+10 Primal inf 3.4897672e+11 (337511)
Clp0006I 576791  Obj 1.7244465e+10 Primal inf 7.0876417e+10 (327165)
Clp0006I 577791  Obj 1.7256101e+10 Primal inf 2.5074317e+10 (323650)
Clp0006I 578791  Obj 1.7273024e+10 Primal inf 7.6798777e+09 (343877)
Clp0006I 579791  Obj 1.7280451e+10 Primal inf 6.3429748e+10 (341778)
Clp0006I 580791  Obj 1.7299523e+10 Primal inf 7.8674891e+09 (293134)
Clp0006I 581791  Obj 1.7311962e+10 Primal inf 2.8104055e+10 (427696)
Clp0006I 582791  Obj 1.732505e+10 Primal inf 1.6471938e+09 (262097)
Clp0006I 583791  Obj 1.7352367e+10 Primal inf 7.3544311e+10 (290734)
Clp0006I 584618  Obj 1.7370554e+10 Primal inf 3.7060477e+10 (399194)
Clp0006I 585618  Obj 1.739662e+10 Primal inf 9.0599274e+09 (389573)
Clp0006I 586618  Obj 1.7417342e+10 Primal inf 6.0497681e+10 (391903)
Clp0006I 587618  Obj 1.743757e+10 Primal inf 1.5812197e+10 (398422)
Clp0006I 588618  Obj 1.7452686e+10 Primal inf 7.7102569e+10 (387709)
Clp0006I 589618  Obj 1.7472612e+10 Primal inf 5.4776594e+10 (401646)
Clp0006I 590618  Obj 1.7485604e+10 Primal inf 1.3626912e+11 (363149)
Clp0006I 591618  Obj 1.7504809e+10 Primal inf 7.5773657e+10 (389298)
Clp0006I 592618  Obj 1.7523321e+10 Primal inf 2.0622249e+10 (363775)
Clp0006I 593618  Obj 1.7532298e+10 Primal inf 1.6061681e+10 (393799)
Clp0006I 594618  Obj 1.7548104e+10 Primal inf 2.8044071e+10 (361210)
Clp0006I 595618  Obj 1.756458e+10 Primal inf 2.5102814e+10 (397731)
Clp0006I 596618  Obj 1.757523e+10 Primal inf 5.4262863e+10 (383339)
Clp0006I 597618  Obj 1.7587528e+10 Primal inf 5.1095878e+11 (375729)
Clp0006I 598618  Obj 1.7602487e+10 Primal inf 7.2402547e+10 (366976)
Clp0006I 599618  Obj 1.7617377e+10 Primal inf 1.7631925e+10 (354660)
Clp0006I 600618  Obj 1.7627512e+10 Primal inf 9.8206465e+10 (323714)
Clp0006I 601618  Obj 1.7641899e+10 Primal inf 2.4082844e+10 (342863)
Clp0006I 602618  Obj 1.7651612e+10 Primal inf 2.0558693e+10 (350832)
Clp0006I 603618  Obj 1.7662816e+10 Primal inf 4.9679925e+10 (399904)
Clp0006I 604618  Obj 1.7672326e+10 Primal inf 2.5858372e+10 (388505)
Clp0006I 605618  Obj 1.7683366e+10 Primal inf 2.1943946e+10 (345968)
Clp0006I 606618  Obj 1.7692889e+10 Primal inf 1.3982742e+11 (333772)
Clp0006I 607618  Obj 1.770554e+10 Primal inf 1.2090688e+11 (422883)
Clp0006I 608618  Obj 1.7713482e+10 Primal inf 4.9848045e+10 (382214)
Clp0006I 609618  Obj 1.7730673e+10 Primal inf 1.5348652e+11 (377783)
Clp0006I 610618  Obj 1.7742835e+10 Primal inf 3.5361189e+11 (361108)
Clp0006I 611618  Obj 1.7755668e+10 Primal inf 1.1512579e+11 (435777)
Clp0006I 612618  Obj 1.7768036e+10 Primal inf 2.5152336e+10 (356078)
Clp0006I 613618  Obj 1.7779252e+10 Primal inf 3.0933854e+10 (408366)
Clp0006I 614618  Obj 1.7788809e+10 Primal inf 1.14603e+10 (386931)
Clp0006I 615618  Obj 1.7801905e+10 Primal inf 8.0106774e+10 (416247)
Clp0006I 616618  Obj 1.7817575e+10 Primal inf 1.1837968e+11 (350929)
Clp0006I 617485  Obj 1.7829787e+10 Primal inf 3.7904633e+10 (377516)
Clp0006I 618485  Obj 1.7840029e+10 Primal inf 9.6502574e+09 (343252)
Clp0006I 619485  Obj 1.7858156e+10 Primal inf 5.4419831e+11 (353077)
Clp0006I 620485  Obj 1.7872368e+10 Primal inf 5.3314453e+09 (309668)
Clp0006I 621309  Obj 1.7886442e+10 Primal inf 5.4162615e+10 (292369)
Clp0006I 622309  Obj 1.7899593e+10 Primal inf 4.2501829e+10 (378933)
Clp0006I 623230  Obj 1.7911553e+10 Primal inf 7.7585668e+10 (373964)
Clp0006I 624230  Obj 1.7923944e+10 Primal inf 5.9813025e+10 (434420)
Clp0006I 625230  Obj 1.7935136e+10 Primal inf 4.4511405e+10 (430963)
Clp0006I 626230  Obj 1.7947894e+10 Primal inf 1.0136088e+10 (356035)
Clp0006I 627230  Obj 1.7966545e+10 Primal inf 1.6247831e+11 (381314)
Clp0006I 628230  Obj 1.7978353e+10 Primal inf 1.0487514e+11 (412747)
Clp0006I 629230  Obj 1.7991053e+10 Primal inf 4.1398103e+10 (396346)
Clp0006I 630230  Obj 1.8006646e+10 Primal inf 6.3509649e+11 (355393)
Clp0006I 631230  Obj 1.8019327e+10 Primal inf 5.977905e+10 (385989)
Clp0006I 632230  Obj 1.8051648e+10 Primal inf 4.7743658e+10 (339590)
Clp0006I 633230  Obj 1.8065072e+10 Primal inf 1.34359e+10 (352374)
Clp0006I 633946  Obj 1.8075512e+10 Primal inf 3.7910204e+10 (387143)
Clp0006I 634946  Obj 1.8088153e+10 Primal inf 1.2181665e+11 (351722)
Clp0006I 635946  Obj 1.8104808e+10 Primal inf 2.0257198e+10 (325761)
Clp0006I 636946  Obj 1.8115047e+10 Primal inf 5.3227178e+10 (330154)
Clp0006I 637946  Obj 1.8125463e+10 Primal inf 8.5047805e+10 (417441)
Clp0006I 638685  Obj 1.8133797e+10 Primal inf 1.1554997e+11 (394261)
Clp0006I 639685  Obj 1.814254e+10 Primal inf 6.9225262e+10 (292470)
Clp0006I 640685  Obj 1.8156596e+10 Primal inf 3.5184972e+10 (385246)
Clp0006I 641685  Obj 1.8167496e+10 Primal inf 9.2032911e+10 (363293)
Clp0006I 642685  Obj 1.8227252e+10 Primal inf 7.2855961e+10 (408475)
Clp0006I 643685  Obj 1.8241183e+10 Primal inf 4.6285007e+10 (347228)
Clp0006I 644685  Obj 1.8252687e+10 Primal inf 5.6805689e+10 (395770)
Clp0006I 645685  Obj 1.8264792e+10 Primal inf 1.3656213e+11 (361529)
Clp0006I 646685  Obj 1.828446e+10 Primal inf 1.7944909e+11 (398985)
Clp0006I 647685  Obj 1.8300003e+10 Primal inf 7.1417579e+10 (399407)
Clp0006I 648685  Obj 1.8318234e+10 Primal inf 1.7601503e+11 (397130)
Clp0006I 649685  Obj 1.8328284e+10 Primal inf 1.7303537e+11 (341636)
Clp0006I 650685  Obj 1.8339487e+10 Primal inf 6.511845e+10 (340478)
Clp0006I 651685  Obj 1.835155e+10 Primal inf 1.060732e+11 (397741)
Clp0006I 652685  Obj 1.8353326e+10 Primal inf 1.7312739e+11 (374960)
Clp0006I 653685  Obj 1.8360273e+10 Primal inf 4.1567604e+10 (397353)
Clp0006I 654685  Obj 1.8372269e+10 Primal inf 1.9392336e+11 (373352)
Clp0006I 655685  Obj 1.8384184e+10 Primal inf 2.7231819e+11 (387437)
Clp0006I 656685  Obj 1.8396813e+10 Primal inf 1.3732648e+10 (318113)
Clp0006I 657685  Obj 1.8404988e+10 Primal inf 2.6682155e+10 (387219)
Clp0006I 658685  Obj 1.8412805e+10 Primal inf 2.5644418e+10 (329975)
Clp0006I 659685  Obj 1.8421488e+10 Primal inf 1.271039e+11 (392927)
Clp0006I 660685  Obj 1.8436731e+10 Primal inf 2.8689912e+10 (396826)
Clp0006I 661685  Obj 1.8452019e+10 Primal inf 1.2849404e+10 (337755)
Clp0006I 662685  Obj 1.8469332e+10 Primal inf 2.6333279e+10 (360666)
Clp0006I 663297  Obj 1.8480092e+10 Primal inf 6.2672034e+10 (362435)
Clp0006I 664297  Obj 1.8498072e+10 Primal inf 1.1361571e+11 (329071)
Clp0006I 665297  Obj 1.8517684e+10 Primal inf 1.7307772e+10 (294579)
Clp0006I 666297  Obj 1.8542014e+10 Primal inf 1.9859982e+11 (368249)
Clp0006I 667297  Obj 1.8554915e+10 Primal inf 2.1095299e+11 (372494)
Clp0006I 668160  Obj 1.8565474e+10 Primal inf 3.4736599e+10 (373937)
Clp0006I 669095  Obj 1.8582115e+10 Primal inf 1.7514088e+12 (379046)
Clp0006I 670095  Obj 1.859934e+10 Primal inf 3.8095917e+10 (398763)
Clp0006I 671095  Obj 1.8619779e+10 Primal inf 5.2615335e+11 (331828)
Clp0006I 672095  Obj 1.8639482e+10 Primal inf 1.6486013e+10 (392680)
Clp0006I 673095  Obj 1.8654433e+10 Primal inf 1.6025648e+11 (370588)
Clp0006I 674095  Obj 1.8668542e+10 Primal inf 2.7623922e+12 (354357) Dual inf 8.0717402e-10 (1)
Clp0006I 675095  Obj 1.8682024e+10 Primal inf 1.3715987e+10 (393072) Dual inf 8.0717402e-10 (1)
Clp0006I 676095  Obj 1.869526e+10 Primal inf 1.7366332e+11 (370844) Dual inf 8.0717402e-10 (1)
Clp0006I 677095  Obj 1.8706226e+10 Primal inf 3.56033e+11 (400536) Dual inf 8.0717402e-10 (1)
Clp0006I 678095  Obj 1.8716773e+10 Primal inf 1.867524e+11 (403927) Dual inf 8.0717402e-10 (1)
Clp0006I 679095  Obj 1.8735804e+10 Primal inf 3.3380414e+11 (409732) Dual inf 8.0717402e-10 (1)
Clp0006I 680095  Obj 1.8749829e+10 Primal inf 6.8021998e+10 (384207) Dual inf 8.0717402e-10 (1)
Clp0006I 681095  Obj 1.8761094e+10 Primal inf 3.1858527e+10 (369121) Dual inf 8.0717402e-10 (1)
Clp0006I 682095  Obj 1.8772913e+10 Primal inf 3.3997526e+11 (413010) Dual inf 8.0717402e-10 (1)
Clp0006I 683095  Obj 1.8781504e+10 Primal inf 1.1032939e+10 (372024) Dual inf 8.0706034e-10 (1)
Clp0006I 684095  Obj 1.8794446e+10 Primal inf 7.2207875e+10 (368900) Dual inf 8.0706034e-10 (1)
Clp0006I 685095  Obj 1.8806858e+10 Primal inf 5.4406642e+10 (434117) Dual inf 8.0717402e-10 (1)
Clp0006I 686095  Obj 1.8818666e+10 Primal inf 1.6251478e+10 (432621) Dual inf 8.0717402e-10 (1)
Clp0006I 687095  Obj 1.8849584e+10 Primal inf 4.6402297e+10 (367439) Dual inf 8.0717402e-10 (1)
Clp0006I 688095  Obj 1.8954818e+10 Primal inf 4.3991201e+09 (297491) Dual inf 8.0717402e-10 (1)
Clp0006I 689095  Obj 1.8968694e+10 Primal inf 1.6602911e+11 (379844) Dual inf 8.0717402e-10 (1)
Clp0006I 690095  Obj 1.8977544e+10 Primal inf 2.2634588e+10 (399322) Dual inf 8.0717402e-10 (1)
Clp0006I 691095  Obj 1.899013e+10 Primal inf 2.8075881e+11 (368156) Dual inf 8.0717402e-10 (1)
Clp0006I 692095  Obj 1.9000927e+10 Primal inf 4.0418295e+10 (397955) Dual inf 8.0717402e-10 (1)
Clp0006I 693095  Obj 1.9014567e+10 Primal inf 1.1009991e+11 (317662) Dual inf 8.0717402e-10 (1)
Clp0006I 693725  Obj 1.9023455e+10 Primal inf 6.9666327e+13 (369349)
Clp0006I 694725  Obj 1.9052901e+10 Primal inf 2.8359759e+12 (338515)
Clp0006I 695725  Obj 1.9093175e+10 Primal inf 7.4292621e+11 (359943)
Clp0006I 696725  Obj 1.9116615e+10 Primal inf 5.6084458e+11 (329666)
Clp0006I 697725  Obj 1.9131524e+10 Primal inf 1.9881495e+10 (387703)
Clp0006I 698725  Obj 1.9146289e+10 Primal inf 6.0463529e+10 (353809)
Clp0006I 699725  Obj 1.9161834e+10 Primal inf 6.364304e+10 (360851)
Clp0006I 700725  Obj 1.9180081e+10 Primal inf 7.4907875e+10 (325293)
Clp0006I 701725  Obj 1.91922e+10 Primal inf 4.2949001e+11 (360651)
Clp0006I 702725  Obj 1.9205214e+10 Primal inf 7.8037854e+10 (373956)
Clp0006I 70