Coin0506I Presolve 1521577 (-195446) rows, 591998 (-65130) columns and 4511329 (-460732) elements
Clp0006I 0  Obj 0 Primal inf 8.7736635e+08 (43800)
Clp0006I 1000  Obj 4.7917429e-12 Primal inf 8.6776638e+08 (44708)
Clp0006I 2000  Obj 9.9133726e-12 Primal inf 8.6044937e+08 (45580)
Clp0006I 3000  Obj 1.5969055e-11 Primal inf 8.579383e+08 (46596)
Clp0006I 4000  Obj 5153483.8 Primal inf 8.4872532e+08 (47608)
Clp0006I 5000  Obj 11103639 Primal inf 8.4129712e+08 (48594)
Clp0006I 6000  Obj 19320940 Primal inf 8.3362982e+08 (49557)
Clp0006I 7000  Obj 25508051 Primal inf 8.2984967e+08 (50685)
Clp0006I 8000  Obj 31472429 Primal inf 8.2572484e+08 (51718)
Clp0006I 9000  Obj 39057848 Primal inf 8.2089716e+08 (52909)
Clp0006I 10000  Obj 49331763 Primal inf 8.1912569e+08 (54011)
Clp0006I 11000  Obj 56334309 Primal inf 8.1584392e+08 (55095)
Clp0006I 12000  Obj 65646172 Primal inf 8.1562452e+08 (56293)
Clp0006I 13000  Obj 76358806 Primal inf 8.1250431e+08 (57506)
Clp0006I 14000  Obj 89535760 Primal inf 8.1009194e+08 (58787)
Clp0006I 15000  Obj 1.0699348e+08 Primal inf 8.0813273e+08 (60076)
Clp0006I 16000  Obj 1.247881e+08 Primal inf 8.0881537e+08 (61427)
Clp0006I 17000  Obj 1.4549339e+08 Primal inf 8.0714588e+08 (62721)
Clp0006I 18000  Obj 1.6005538e+08 Primal inf 8.0785792e+08 (64096)
Clp0006I 19000  Obj 1.6923442e+08 Primal inf 7.3059406e+08 (65312)
Clp0006I 20000  Obj 1.8360789e+08 Primal inf 7.3224401e+08 (66616)
Clp0006I 21000  Obj 1.9423981e+08 Primal inf 7.3214749e+08 (67958)
Clp0006I 22000  Obj 2.0868993e+08 Primal inf 7.329812e+08 (69293)
Clp0006I 23000  Obj 2.2426632e+08 Primal inf 7.3444172e+08 (70478)
Clp0006I 24000  Obj 2.4289509e+08 Primal inf 7.3513101e+08 (71817)
Clp0006I 25000  Obj 2.5914934e+08 Primal inf 7.347745e+08 (72958)
Clp0006I 26000  Obj 2.8339117e+08 Primal inf 7.3790042e+08 (74091)
Clp0006I 27000  Obj 3.0598716e+08 Primal inf 7.3662598e+08 (75179)
Clp0006I 28000  Obj 3.3252248e+08 Primal inf 7.3703672e+08 (76290)
Clp0006I 29000  Obj 3.6008962e+08 Primal inf 7.3643103e+08 (77272)
Clp0006I 30000  Obj 3.9070999e+08 Primal inf 7.340141e+08 (78369)
Clp0006I 31000  Obj 4.1236635e+08 Primal inf 7.3686041e+08 (79581)
Clp0006I 32000  Obj 4.3839726e+08 Primal inf 7.3938928e+08 (80784)
Clp0006I 33000  Obj 4.5780015e+08 Primal inf 7.4205206e+08 (82001)
Clp0006I 34000  Obj 4.7565544e+08 Primal inf 7.4724464e+08 (83197)
Clp0006I 35000  Obj 4.9833403e+08 Primal inf 7.515778e+08 (84391)
Clp0006I 36000  Obj 5.26515e+08 Primal inf 7.5060848e+08 (85537)
Clp0006I 37000  Obj 5.5376083e+08 Primal inf 7.5260776e+08 (86737)
Clp0006I 38000  Obj 5.8022274e+08 Primal inf 7.5102652e+08 (87916)
Clp0006I 39000  Obj 6.1134927e+08 Primal inf 7.4967093e+08 (89043)
Clp0006I 40000  Obj 6.3942049e+08 Primal inf 7.5432247e+08 (90233)
Clp0006I 41000  Obj 6.6646003e+08 Primal inf 7.5183919e+08 (91311)
Clp0006I 42000  Obj 6.9792848e+08 Primal inf 7.5070949e+08 (92544)
Clp0006I 43000  Obj 7.3021874e+08 Primal inf 7.5482604e+08 (93721)
Clp0006I 44000  Obj 7.5815002e+08 Primal inf 7.591418e+08 (94898)
Clp0006I 45000  Obj 7.8996634e+08 Primal inf 7.6221165e+08 (96096)
Clp0006I 46000  Obj 8.187921e+08 Primal inf 7.6344603e+08 (97154)
Clp0006I 47000  Obj 8.4738919e+08 Primal inf 7.63779e+08 (98295)
Clp0006I 48000  Obj 8.7503747e+08 Primal inf 7.6203998e+08 (99350)
Clp0006I 49000  Obj 9.1258802e+08 Primal inf 7.5893809e+08 (100293)
Clp0006I 50000  Obj 9.5353831e+08 Primal inf 7.5681697e+08 (101379)
Clp0006I 51000  Obj 9.9832358e+08 Primal inf 7.5966207e+08 (102486)
Clp0006I 52000  Obj 1.039679e+09 Primal inf 7.5906854e+08 (103586)
Clp0006I 53000  Obj 1.0897478e+09 Primal inf 7.5711504e+08 (104808)
Clp0006I 54000  Obj 1.1349191e+09 Primal inf 7.6148515e+08 (105855)
Clp0006I 55000  Obj 1.1678686e+09 Primal inf 7.6156385e+08 (106893)
Clp0006I 56000  Obj 1.2060732e+09 Primal inf 7.6451997e+08 (108049)
Clp0006I 57000  Obj 1.2404972e+09 Primal inf 7.6359349e+08 (109148)
Clp0006I 58000  Obj 1.2820727e+09 Primal inf 7.6437647e+08 (110270)
Clp0006I 59000  Obj 1.3162706e+09 Primal inf 7.6725688e+08 (111403)
Clp0006I 60000  Obj 1.3527671e+09 Primal inf 7.7254093e+08 (112551)
Clp0006I 61000  Obj 1.3966566e+09 Primal inf 7.7274611e+08 (113874)
Clp0006I 62000  Obj 1.4177969e+09 Primal inf 7.4196754e+08 (117592)
Clp0006I 63000  Obj 1.4338481e+09 Primal inf 7.8379031e+08 (118830)
Clp0006I 64000  Obj 1.446982e+09 Primal inf 7.5425639e+08 (119512)
Clp0006I 65000  Obj 1.4747508e+09 Primal inf 7.7051179e+08 (120737)
Clp0006I 66000  Obj 1.5111481e+09 Primal inf 9.7910606e+08 (120580)
Clp0006I 67000  Obj 1.5271622e+09 Primal inf 7.9729489e+08 (122854)
Clp0006I 68000  Obj 1.5646848e+09 Primal inf 7.8371373e+08 (123605)
Clp0006I 69000  Obj 1.5882453e+09 Primal inf 9.8665234e+08 (123231)
Clp0006I 70000  Obj 1.7077249e+09 Primal inf 1.227421e+09 (134273)
Clp0006I 71000  Obj 1.7560486e+09 Primal inf 8.9274461e+08 (125886)
Clp0006I 72000  Obj 1.7922295e+09 Primal inf 1.1332924e+09 (156572)
Clp0006I 73000  Obj 1.8235846e+09 Primal inf 7.6170582e+08 (128887)
Clp0006I 74000  Obj 1.8359502e+09 Primal inf 7.7825597e+08 (129569)
Clp0006I 75000  Obj 1.8450724e+09 Primal inf 7.7794765e+08 (130506)
Clp0006I 76000  Obj 1.8793663e+09 Primal inf 7.9141122e+08 (129939)
Clp0006I 77000  Obj 1.9029011e+09 Primal inf 7.8357945e+08 (131939)
Clp0006I 78000  Obj 1.9282297e+09 Primal inf 7.5496011e+08 (133121)
Clp0006I 79000  Obj 1.940662e+09 Primal inf 7.5275922e+08 (133937)
Clp0006I 80000  Obj 1.9680812e+09 Primal inf 8.016162e+08 (134068)
Clp0006I 81000  Obj 1.9936202e+09 Primal inf 7.516332e+08 (135536)
Clp0006I 82000  Obj 2.0236312e+09 Primal inf 7.6219709e+08 (137267)
Clp0006I 83000  Obj 2.0507895e+09 Primal inf 7.4833487e+08 (137483)
Clp0006I 84000  Obj 2.0823636e+09 Primal inf 7.8569568e+08 (137470)
Clp0006I 85000  Obj 2.1079166e+09 Primal inf 8.096851e+08 (138255)
Clp0006I 86000  Obj 2.1388864e+09 Primal inf 7.8197608e+08 (141242)
Clp0006I 87000  Obj 2.1561305e+09 Primal inf 7.4769861e+08 (141403)
Clp0006I 88000  Obj 2.1742851e+09 Primal inf 7.4480124e+08 (142148)
Clp0006I 89000  Obj 2.1823445e+09 Primal inf 7.5932465e+08 (143257)
Clp0006I 90000  Obj 2.2181336e+09 Primal inf 1.1233945e+09 (171069)
Clp0006I 91000  Obj 2.242557e+09 Primal inf 7.7190182e+08 (145883)
Clp0006I 92000  Obj 2.2757352e+09 Primal inf 8.9720718e+08 (180291)
Clp0006I 93000  Obj 2.3044913e+09 Primal inf 9.1789133e+08 (144044)
Clp0006I 94000  Obj 2.3299896e+09 Primal inf 7.184102e+08 (146875)
Clp0006I 95000  Obj 2.3360589e+09 Primal inf 7.2988642e+08 (148096)
Clp0006I 96000  Obj 2.3698815e+09 Primal inf 9.1930266e+08 (158097)
Clp0006I 97000  Obj 2.4289682e+09 Primal inf 8.4996614e+08 (157072)
Clp0006I 98000  Obj 2.4841944e+09 Primal inf 8.3104669e+08 (158527)
Clp0006I 99000  Obj 2.5201985e+09 Primal inf 8.3887954e+08 (158292)
Clp0006I 100000  Obj 2.575382e+09 Primal inf 1.5375346e+09 (186934)
Clp0006I 101000  Obj 2.6191737e+09 Primal inf 7.1613296e+08 (150772)
Clp0006I 102000  Obj 2.6595844e+09 Primal inf 7.2825123e+08 (151918)
Clp0006I 103000  Obj 2.6837802e+09 Primal inf 7.5383355e+08 (152865)
Clp0006I 104000  Obj 2.7084932e+09 Primal inf 7.1759052e+08 (151633)
Clp0006I 105000  Obj 2.7594595e+09 Primal inf 1.7496577e+09 (173486)
Clp0006I 106000  Obj 2.8027212e+09 Primal inf 1.8888678e+09 (198447)
Clp0006I 107000  Obj 2.8270736e+09 Primal inf 7.3037484e+08 (151487)
Clp0006I 108000  Obj 2.8725868e+09 Primal inf 8.9589225e+08 (155868)
Clp0006I 109000  Obj 2.9228616e+09 Primal inf 8.9538523e+08 (157153)
Clp0006I 110000  Obj 2.976184e+09 Primal inf 8.7383943e+08 (165471)
Clp0006I 111000  Obj 3.0163774e+09 Primal inf 7.477789e+08 (155615)
Clp0006I 112000  Obj 3.0699399e+09 Primal inf 7.8394608e+08 (157127)
Clp0006I 113000  Obj 3.0964078e+09 Primal inf 7.4760361e+08 (155507)
Clp0006I 114000  Obj 3.1147519e+09 Primal inf 8.013705e+08 (160587)
Clp0006I 115000  Obj 3.1392413e+09 Primal inf 8.3129691e+08 (159839)
Clp0006I 116000  Obj 3.1442708e+09 Primal inf 1.2831892e+09 (162177)
Clp0006I 117000  Obj 3.175231e+09 Primal inf 8.9188996e+08 (159788)
Clp0006I 118000  Obj 3.1825191e+09 Primal inf 1.0374941e+09 (160713)
Clp0006I 119000  Obj 3.1979208e+09 Primal inf 8.7508186e+08 (164466)
Clp0006I 120000  Obj 3.2278178e+09 Primal inf 2.3913812e+09 (190928)
Clp0006I 121000  Obj 3.2532584e+09 Primal inf 2.7327469e+09 (189824)
Clp0006I 122000  Obj 3.2630314e+09 Primal inf 1.0208383e+09 (162981)
Clp0006I 123000  Obj 3.2955538e+09 Primal inf 9.8820184e+08 (159344)
Clp0006I 124000  Obj 3.320925e+09 Primal inf 1.8921794e+09 (175042)
Clp0006I 125000  Obj 3.3457464e+09 Primal inf 4.307125e+09 (175724)
Clp0006I 126000  Obj 3.3672668e+09 Primal inf 2.6561046e+10 (177878)
Clp0006I 127000  Obj 3.376403e+09 Primal inf 3.0660023e+09 (201588)
Clp0006I 128000  Obj 3.3845575e+09 Primal inf 8.3484207e+08 (164440)
Clp0006I 129000  Obj 3.4028639e+09 Primal inf 2.7013692e+09 (189161)
Clp0006I 130000  Obj 3.4237815e+09 Primal inf 8.9483175e+08 (165103)
Clp0006I 131000  Obj 3.4587076e+09 Primal inf 1.3353781e+09 (175573)
Clp0006I 132000  Obj 3.4748194e+09 Primal inf 1.527076e+09 (197801)
Clp0006I 133000  Obj 3.4870492e+09 Primal inf 8.6306617e+08 (165802)
Clp0006I 134000  Obj 3.4937823e+09 Primal inf 1.6381676e+09 (175413)
Clp0006I 135000  Obj 3.5083655e+09 Primal inf 8.7906591e+08 (164872)
Clp0006I 136000  Obj 3.5303913e+09 Primal inf 9.0056825e+08 (166337)
Clp0006I 137000  Obj 3.5462566e+09 Primal inf 4.3073293e+09 (199404)
Clp0006I 138000  Obj 3.5530495e+09 Primal inf 6.0735869e+09 (204663)
Clp0006I 139000  Obj 3.5620616e+09 Primal inf 2.4372693e+09 (199610)
Clp0006I 140000  Obj 3.575404e+09 Primal inf 7.1182181e+10 (205007)
Clp0006I 141000  Obj 3.5954523e+09 Primal inf 2.844702e+09 (213388)
Clp0006I 142000  Obj 3.6117078e+09 Primal inf 2.0037267e+09 (196059)
Clp0006I 143000  Obj 3.6360887e+09 Primal inf 1.0999984e+09 (174044)
Clp0006I 144000  Obj 3.6570035e+09 Primal inf 1.2910241e+09 (174476)
Clp0006I 145000  Obj 3.6823789e+09 Primal inf 2.2460524e+09 (198912)
Clp0006I 146000  Obj 3.6915653e+09 Primal inf 1.0173837e+09 (172054)
Clp0006I 147000  Obj 3.6973176e+09 Primal inf 1.2880749e+09 (183417)
Clp0006I 148000  Obj 3.7083369e+09 Primal inf 1.37365e+09 (184649)
Clp0006I 149000  Obj 3.7161519e+09 Primal inf 1.009319e+09 (173167)
Clp0006I 150000  Obj 3.7271492e+09 Primal inf 1.6548219e+09 (186306)
Clp0006I 151000  Obj 3.7501513e+09 Primal inf 1.2899473e+09 (184764)
Clp0006I 152000  Obj 3.7614832e+09 Primal inf 1.5388167e+09 (186528)
Clp0006I 153000  Obj 3.7904534e+09 Primal inf 1.7236286e+09 (208327)
Clp0006I 154000  Obj 3.7963262e+09 Primal inf 1.0702402e+09 (175399)
Clp0006I 155000  Obj 3.8086134e+09 Primal inf 1.6537585e+09 (188922)
Clp0006I 156000  Obj 3.8206215e+09 Primal inf 1.0322543e+09 (175830)
Clp0006I 157000  Obj 3.8318658e+09 Primal inf 1.59103e+09 (189545)
Clp0006I 158000  Obj 3.8525348e+09 Primal inf 1.0303801e+09 (176349)
Clp0006I 159000  Obj 3.8597478e+09 Primal inf 9.191608e+08 (177018)
Clp0006I 160000  Obj 3.8694164e+09 Primal inf 9.9104153e+08 (177392)
Clp0006I 161000  Obj 3.8733474e+09 Primal inf 9.745426e+08 (177002)
Clp0006I 162000  Obj 3.8760739e+09 Primal inf 1.2694892e+09 (187838)
Clp0006I 163000  Obj 3.8821037e+09 Primal inf 1.2133162e+09 (187904)
Clp0006I 164000  Obj 3.8899014e+09 Primal inf 1.2312145e+09 (188226)
Clp0006I 165000  Obj 3.8983315e+09 Primal inf 1.9521885e+09 (190686)
Clp0006I 166000  Obj 3.9160322e+09 Primal inf 1.2047589e+09 (189057)
Clp0006I 167000  Obj 3.9312987e+09 Primal inf 1.0313813e+09 (179910)
Clp0006I 168000  Obj 3.9768782e+09 Primal inf 1.0174001e+09 (188766)
Clp0006I 169000  Obj 4.0082254e+09 Primal inf 1.0271618e+09 (188331)
Clp0006I 170000  Obj 4.0226929e+09 Primal inf 1.1412921e+09 (190591)
Clp0006I 171000  Obj 4.0409469e+09 Primal inf 1.4831215e+10 (223502)
Clp0006I 172000  Obj 4.050516e+09 Primal inf 9.3898047e+08 (181467)
Clp0006I 173000  Obj 4.0650845e+09 Primal inf 9.6576987e+08 (180288)
Clp0006I 174000  Obj 4.0701328e+09 Primal inf 9.5234554e+08 (179443)
Clp0006I 175000  Obj 4.1012049e+09 Primal inf 9.8158717e+08 (189762)
Clp0006I 176000  Obj 4.1183284e+09 Primal inf 2.0676396e+09 (200602)
Clp0006I 177000  Obj 4.1260959e+09 Primal inf 6.0014457e+09 (225629)
Clp0006I 178000  Obj 4.1412802e+09 Primal inf 9.1423953e+08 (181658)
Clp0006I 179000  Obj 4.1603488e+09 Primal inf 1.0341614e+09 (180164)
Clp0006I 180000  Obj 4.1694555e+09 Primal inf 1.8967704e+09 (201826)
Clp0006I 181000  Obj 4.1765081e+09 Primal inf 9.4657622e+08 (181073)
Clp0006I 182000  Obj 4.1807648e+09 Primal inf 1.07346e+09 (189547)
Clp0006I 183000  Obj 4.1911694e+09 Primal inf 9.9810822e+08 (198630)
Clp0006I 184000  Obj 4.2024665e+09 Primal inf 1.0350006e+09 (191083)
Clp0006I 185000  Obj 4.2143713e+09 Primal inf 9.3416228e+08 (181042)
Clp0006I 186000  Obj 4.2257373e+09 Primal inf 1.8203287e+09 (193933)
Clp0006I 187000  Obj 4.2441691e+09 Primal inf 2.2397433e+09 (216668)
Clp0006I 188000  Obj 4.2592377e+09 Primal inf 2.6121475e+09 (215806)
Clp0006I 189000  Obj 4.2753587e+09 Primal inf 3.2570029e+09 (216273)
Clp0006I 190000  Obj 4.2855866e+09 Primal inf 2.6886389e+09 (217274)
Clp0006I 191000  Obj 4.3011774e+09 Primal inf 3.3569561e+09 (216351)
Clp0006I 192000  Obj 4.3159242e+09 Primal inf 2.6693371e+09 (217171)
Clp0006I 193000  Obj 4.3412043e+09 Primal inf 2.1110227e+09 (215158)
Clp0006I 194000  Obj 4.356541e+09 Primal inf 1.7566228e+09 (214884)
Clp0006I 195000  Obj 4.3662656e+09 Primal inf 1.7558634e+09 (215436)
Clp0006I 196000  Obj 4.3782273e+09 Primal inf 1.0904652e+09 (183218)
Clp0006I 197000  Obj 4.3865174e+09 Primal inf 1.5122161e+09 (193620)
Clp0006I 198000  Obj 4.394369e+09 Primal inf 2.2252486e+09 (215490)
Clp0006I 199000  Obj 4.4088997e+09 Primal inf 2.3953014e+09 (216090)
Clp0006I 200000  Obj 4.4172768e+09 Primal inf 1.0559705e+09 (184728)
Clp0006I 201000  Obj 4.4295397e+09 Primal inf 1.7452521e+09 (192743)
Clp0006I 202000  Obj 4.4409489e+09 Primal inf 1.9058841e+09 (194440)
Clp0006I 203000  Obj 4.4484504e+09 Primal inf 1.227104e+09 (190759)
Clp0006I 204000  Obj 4.4622011e+09 Primal inf 2.6416741e+09 (215582)
Clp0006I 205000  Obj 4.4951619e+09 Primal inf 7.8816386e+09 (221150)
Clp0006I 206000  Obj 4.5059674e+09 Primal inf 1.4709886e+09 (182120)
Clp0006I 207000  Obj 4.5339966e+09 Primal inf 1.5028318e+09 (203164)
Clp0006I 208000  Obj 4.5637032e+09 Primal inf 1.6944798e+09 (191058)
Clp0006I 209000  Obj 4.5893058e+09 Primal inf 2.1190443e+09 (193514)
Clp0006I 210000  Obj 4.5980307e+09 Primal inf 1.3415118e+09 (189501)
Clp0006I 211000  Obj 4.6051544e+09 Primal inf 2.6531689e+09 (213946)
Clp0006I 212000  Obj 4.6158459e+09 Primal inf 1.9866696e+09 (191894)
Clp0006I 213000  Obj 4.6228684e+09 Primal inf 1.3648412e+10 (203193)
Clp0006I 214000  Obj 4.6414982e+09 Primal inf 1.292498e+09 (179986)
Clp0006I 215000  Obj 4.6657364e+09 Primal inf 1.5617676e+09 (211014)
Clp0006I 216000  Obj 4.6892947e+09 Primal inf 1.5867127e+11 (242560)
Clp0006I 217000  Obj 4.7114825e+09 Primal inf 1.1657217e+10 (219459)
Clp0006I 218000  Obj 4.7415984e+09 Primal inf 1.0656014e+09 (179494)
Clp0006I 219000  Obj 4.7614485e+09 Primal inf 2.7956575e+09 (190590)
Clp0006I 220000  Obj 4.7838811e+09 Primal inf 1.3183883e+09 (180157)
Clp0006I 221000  Obj 4.8001059e+09 Primal inf 1.4430603e+10 (239996)
Clp0006I 222000  Obj 4.8096388e+09 Primal inf 2.07775e+10 (222259)
Clp0006I 223000  Obj 4.8230678e+09 Primal inf 1.8160369e+09 (191258)
Clp0006I 224000  Obj 4.8397972e+09 Primal inf 1.1844034e+09 (203403)
Clp0006I 225000  Obj 4.85127e+09 Primal inf 2.3966293e+09 (194751)
Clp0006I 226000  Obj 4.8671358e+09 Primal inf 1.5000485e+09 (191141)
Clp0006I 227000  Obj 4.894006e+09 Primal inf 2.25843e+09 (213757)
Clp0006I 228000  Obj 4.9036784e+09 Primal inf 3.1171047e+09 (203871)
Clp0006I 229000  Obj 4.9162336e+09 Primal inf 2.3157216e+09 (214134)
Clp0006I 230000  Obj 4.923566e+09 Primal inf 2.9844411e+09 (189906)
Clp0006I 231000  Obj 4.9320218e+09 Primal inf 3.0506515e+09 (192533)
Clp0006I 232000  Obj 4.94159e+09 Primal inf 5.3184138e+09 (211141)
Clp0006I 233000  Obj 4.994064e+09 Primal inf 4.330313e+09 (211794)
Clp0006I 234000  Obj 5.0311021e+09 Primal inf 2.7781335e+09 (186458)
Clp0006I 235000  Obj 5.0600068e+09 Primal inf 2.6425217e+10 (219673)
Clp0006I 236000  Obj 5.0735626e+09 Primal inf 2.9059287e+09 (182275)
Clp0006I 237000  Obj 5.1177653e+09 Primal inf 4.5717707e+09 (203312)
Clp0006I 238000  Obj 5.1759978e+09 Primal inf 1.0335988e+10 (217777)
Clp0006I 239000  Obj 5.2131465e+09 Primal inf 5.429464e+09 (226490)
Clp0006I 240000  Obj 5.3079441e+09 Primal inf 1.7361498e+10 (230108)
Clp0006I 241000  Obj 5.4007918e+09 Primal inf 3.3250894e+10 (249974)
Clp0006I 242000  Obj 5.4968859e+09 Primal inf 2.6422138e+09 (210930)
Clp0006I 243000  Obj 5.5508942e+09 Primal inf 2.5367918e+09 (193926)
Clp0006I 244000  Obj 5.6138598e+09 Primal inf 2.9762348e+09 (193983)
Clp0006I 245000  Obj 5.6578362e+09 Primal inf 6.2542546e+09 (223913)
Clp0006I 246000  Obj 5.6662058e+09 Primal inf 3.7874944e+09 (215246)
Clp0006I 247000  Obj 5.6860069e+09 Primal inf 3.185829e+09 (209806)
Clp0006I 248000  Obj 5.7277589e+09 Primal inf 4.2071292e+09 (194278)
Clp0006I 249000  Obj 5.7509149e+09 Primal inf 1.6342519e+10 (244841)
Clp0006I 250000  Obj 5.7868924e+09 Primal inf 1.9652154e+10 (264983)
Clp0006I 251000  Obj 5.8158938e+09 Primal inf 6.7639474e+09 (212490)
Clp0006I 252000  Obj 5.8381364e+09 Primal inf 8.008248e+09 (209753)
Clp0006I 253000  Obj 5.8626349e+09 Primal inf 4.0996909e+09 (188116)
Clp0006I 254000  Obj 5.9287452e+09 Primal inf 4.867414e+10 (212411)
Clp0006I 255000  Obj 6.0283822e+09 Primal inf 5.1357133e+10 (218852)
Clp0006I 256000  Obj 6.1232834e+09 Primal inf 6.2134549e+09 (206438)
Clp0006I 257000  Obj 6.2081451e+09 Primal inf 9.7898548e+10 (221959)
Clp0006I 258000  Obj 6.3095767e+09 Primal inf 7.5948296e+09 (241474)
Clp0006I 259000  Obj 6.4113417e+09 Primal inf 5.0731327e+11 (231700)
Clp0006I 260000  Obj 6.4914191e+09 Primal inf 4.582001e+11 (224907)
Clp0006I 261000  Obj 6.5857654e+09 Primal inf 1.1897431e+11 (248139)
Clp0006I 262000  Obj 6.6575817e+09 Primal inf 1.04993e+10 (245511)
Clp0006I 263000  Obj 6.7325578e+09 Primal inf 1.8752018e+09 (186769)
Clp0006I 264000  Obj 6.8190796e+09 Primal inf 1.8729636e+11 (221743)
Clp0006I 265000  Obj 6.9030042e+09 Primal inf 1.2335079e+10 (228959)
Clp0006I 266000  Obj 6.9704739e+09 Primal inf 3.3412793e+10 (221063)
Clp0006I 267000  Obj 7.0489215e+09 Primal inf 5.2802862e+10 (240622)
Clp0006I 268000  Obj 7.1193705e+09 Primal inf 9.0820633e+09 (226431)
Clp0006I 269000  Obj 7.2001413e+09 Primal inf 1.9134764e+10 (216218)
Clp0006I 270000  Obj 7.2561967e+09 Primal inf 3.7778103e+09 (205853)
Clp0006I 271000  Obj 7.3068454e+09 Primal inf 4.9308271e+09 (217964)
Clp0006I 272000  Obj 7.3597007e+09 Primal inf 3.033673e+09 (212153)
Clp0006I 273000  Obj 7.4100356e+09 Primal inf 2.5772607e+09 (211130)
Clp0006I 274000  Obj 7.4568243e+09 Primal inf 8.7231192e+09 (234089)
Clp0006I 275000  Obj 7.4990934e+09 Primal inf 6.4165147e+09 (223636)
Clp0006I 276000  Obj 7.5513752e+09 Primal inf 2.6929233e+09 (224974)
Clp0006I 277000  Obj 7.6051916e+09 Primal inf 7.3515348e+09 (236563)
Clp0006I 278000  Obj 7.6536222e+09 Primal inf 1.5273867e+09 (200507)
Clp0006I 278390  Obj 7.6727531e+09 Primal inf 7.4109499e+09 (236606)
Clp0006I 279390  Obj 7.7223284e+09 Primal inf 3.0325394e+09 (204511)
Clp0006I 280390  Obj 7.761099e+09 Primal inf 8.7005762e+09 (227814)
Clp0006I 281390  Obj 7.7887048e+09 Primal inf 1.3815549e+09 (225603)
Clp0006I 282390  Obj 7.818947e+09 Primal inf 1.2360665e+10 (247862)
Clp0006I 283390  Obj 7.8463346e+09 Primal inf 2.369315e+09 (211883)
Clp0006I 284390  Obj 7.8708992e+09 Primal inf 3.8534308e+10 (239063)
Clp0006I 285390  Obj 7.8921232e+09 Primal inf 4.0062334e+09 (211949)
Clp0006I 286390  Obj 7.9236491e+09 Primal inf 1.0855517e+10 (233874)
Clp0006I 287390  Obj 7.9582405e+09 Primal inf 6.3930546e+09 (237611)
Clp0006I 288390  Obj 7.9847023e+09 Primal inf 6.2552062e+09 (239326)
Clp0006I 289390  Obj 8.0034629e+09 Primal inf 2.53147e+10 (242099)
Clp0006I 290390  Obj 8.0273074e+09 Primal inf 4.4155974e+09 (275518)
Clp0006I 291390  Obj 8.0454765e+09 Primal inf 6.311992e+10 (258383)
Clp0006I 292390  Obj 8.0728716e+09 Primal inf 3.3834535e+09 (250257)
Clp0006I 293390  Obj 8.1009838e+09 Primal inf 2.0335846e+09 (235055)
Clp0006I 294390  Obj 8.1283165e+09 Primal inf 5.0336394e+09 (243379)
Clp0006I 295390  Obj 8.1451545e+09 Primal inf 4.319361e+09 (241518)
Clp0006I 296390  Obj 8.157457e+09 Primal inf 2.3016539e+09 (243164)
Clp0006I 297390  Obj 8.1701377e+09 Primal inf 4.5125532e+09 (264593)
Clp0006I 298390  Obj 8.1829388e+09 Primal inf 7.3121281e+10 (300937)
Clp0006I 299390  Obj 8.1903959e+09 Primal inf 3.2210392e+09 (263577)
Clp0006I 300390  Obj 8.1954719e+09 Primal inf 2.5601254e+10 (237808)
Clp0006I 301390  Obj 8.1992702e+09 Primal inf 2.9033489e+10 (238026)
Clp0006I 302390  Obj 8.2166462e+09 Primal inf 2.9804792e+09 (247316)
Clp0006I 303390  Obj 8.2348473e+09 Primal inf 1.7073767e+10 (267856)
Clp0006I 304390  Obj 8.2480986e+09 Primal inf 3.7541216e+09 (240781)
Clp0006I 305390  Obj 8.2621965e+09 Primal inf 3.2921966e+09 (207510)
Clp0006I 306390  Obj 8.2667587e+09 Primal inf 1.4085867e+09 (204179)
Clp0006I 307390  Obj 8.2757215e+09 Primal inf 2.4567092e+10 (259204)
Clp0006I 308390  Obj 8.2812672e+09 Primal inf 2.0767743e+09 (214848)
Clp0006I 309390  Obj 8.2847762e+09 Primal inf 1.6876644e+09 (213980)
Clp0006I 310390  Obj 8.2917574e+09 Primal inf 1.7292542e+09 (238020)
Clp0006I 311390  Obj 8.2965707e+09 Primal inf 3.9668217e+09 (234559)
Clp0006I 312390  Obj 8.4534643e+09 Primal inf 3.598504e+09 (218358)
Clp0006I 313390  Obj 8.4587875e+09 Primal inf 2.8869992e+09 (219407)
Clp0006I 314390  Obj 8.4669059e+09 Primal inf 9.9446501e+09 (237953)
Clp0006I 315390  Obj 8.4732134e+09 Primal inf 1.7074527e+09 (215967)
Clp0006I 316390  Obj 8.4820883e+09 Primal inf 1.7963342e+09 (198751)
Clp0006I 317390  Obj 8.4906512e+09 Primal inf 4.4788906e+09 (249267)
Clp0006I 318390  Obj 8.4993884e+09 Primal inf 9.1675832e+09 (219219)
Clp0006I 319390  Obj 8.5016102e+09 Primal inf 3.764561e+09 (219485)
Clp0006I 320390  Obj 8.5088515e+09 Primal inf 1.2970449e+11 (231551)
Clp0006I 321390  Obj 8.5195826e+09 Primal inf 2.439918e+09 (212633)
Clp0006I 322390  Obj 8.5266511e+09 Primal inf 1.9448109e+09 (208515)
Clp0006I 323390  Obj 8.5465156e+09 Primal inf 2.8385097e+09 (215319)
Clp0006I 324390  Obj 8.559263e+09 Primal inf 1.7282344e+10 (262012)
Clp0006I 325390  Obj 8.5664153e+09 Primal inf 3.5286006e+10 (267721)
Clp0006I 326390  Obj 8.5796386e+09 Primal inf 1.2503848e+09 (238711)
Clp0006I 327390  Obj 8.5837682e+09 Primal inf 1.4039924e+09 (226147)
Clp0006I 328390  Obj 8.590733e+09 Primal inf 8.1113837e+09 (236978)
Clp0006I 329390  Obj 8.5951609e+09 Primal inf 3.7362068e+10 (248994)
Clp0006I 330390  Obj 8.6006671e+09 Primal inf 7.3963104e+09 (240178)
Clp0006I 331390  Obj 8.6066488e+09 Primal inf 7.3787545e+09 (262647)
Clp0006I 332390  Obj 8.6158142e+09 Primal inf 4.6554775e+09 (253266)
Clp0006I 333390  Obj 8.6284472e+09 Primal inf 5.3241835e+09 (300534)
Clp0006I 334390  Obj 8.6370098e+09 Primal inf 2.828295e+09 (246607)
Clp0006I 335390  Obj 8.6415464e+09 Primal inf 5.2242115e+10 (302833)
Clp0006I 336390  Obj 8.6460591e+09 Primal inf 3.7053564e+11 (265116)
Clp0006I 337390  Obj 8.6538505e+09 Primal inf 2.6664085e+09 (237655)
Clp0006I 338390  Obj 8.6623968e+09 Primal inf 2.9179272e+09 (231013)
Clp0006I 339390  Obj 8.6677328e+09 Primal inf 2.8833413e+09 (257120)
Clp0006I 340390  Obj 8.6748261e+09 Primal inf 1.3901448e+09 (228728)
Clp0006I 341390  Obj 8.6782933e+09 Primal inf 2.0710971e+09 (237384)
Clp0006I 342390  Obj 8.6850089e+09 Primal inf 2.4578264e+10 (232985)
Clp0006I 343390  Obj 8.691949e+09 Primal inf 1.5724517e+09 (239657)
Clp0006I 344390  Obj 8.7128143e+09 Primal inf 8.336615e+08 (210337)
Clp0006I 345390  Obj 8.7181318e+09 Primal inf 1.3014913e+09 (240693)
Clp0006I 346390  Obj 8.7209112e+09 Primal inf 2.2632516e+09 (227783)
Clp0006I 347390  Obj 8.722233e+09 Primal inf 6.7592731e+09 (229212)
Clp0006I 348390  Obj 8.7268885e+09 Primal inf 1.1264783e+10 (253723)
Clp0006I 349390  Obj 8.7317413e+09 Primal inf 1.0429392e+10 (258062)
Clp0006I 350390  Obj 8.7340289e+09 Primal inf 1.0436168e+10 (258262)
Clp0006I 351390  Obj 8.7412698e+09 Primal inf 7.0809405e+09 (255725)
Clp0006I 352390  Obj 8.7501637e+09 Primal inf 3.0535268e+09 (240576)
Clp0006I 353390  Obj 8.7594487e+09 Primal inf 2.601807e+09 (245969)
Clp0006I 354390  Obj 8.7635158e+09 Primal inf 3.0586687e+09 (241134)
Clp0006I 355390  Obj 8.7678576e+09 Primal inf 9.5639452e+09 (251188)
Clp0006I 356390  Obj 8.7783318e+09 Primal inf 8.5280161e+09 (230177)
Clp0006I 357390  Obj 8.7802052e+09 Primal inf 1.8130349e+10 (237985)
Clp0006I 358390  Obj 8.7842577e+09 Primal inf 3.3535909e+10 (253762)
Clp0006I 359390  Obj 8.7882369e+09 Primal inf 8.7645159e+08 (205340)
Clp0006I 360390  Obj 8.7955988e+09 Primal inf 5.3526942e+09 (249833)
Clp0006I 361390  Obj 8.8025421e+09 Primal inf 5.8919998e+09 (246482)
Clp0006I 362390  Obj 8.8090028e+09 Primal inf 1.5970757e+09 (228036)
Clp0006I 363390  Obj 8.8155483e+09 Primal inf 1.5254761e+09 (236312)
Clp0006I 364390  Obj 8.8173075e+09 Primal inf 2.718914e+09 (243137)
Clp0006I 365390  Obj 8.8215911e+09 Primal inf 1.6797952e+09 (220099)
Clp0006I 366390  Obj 8.8252419e+09 Primal inf 1.712401e+09 (221399)
Clp0006I 367390  Obj 8.8304061e+09 Primal inf 9.5328797e+08 (218956)
Clp0006I 368390  Obj 8.8371882e+09 Primal inf 1.2225832e+09 (209849)
Clp0006I 369390  Obj 8.8429797e+09 Primal inf 1.3063949e+10 (233583)
Clp0006I 370390  Obj 8.846589e+09 Primal inf 2.1380989e+09 (239947)
Clp0006I 371390  Obj 8.8583406e+09 Primal inf 5.4084509e+09 (261725)
Clp0006I 372390  Obj 8.8641019e+09 Primal inf 1.394059e+09 (227485)
Clp0006I 373390  Obj 8.8679376e+09 Primal inf 1.9638653e+09 (245451)
Clp0006I 374390  Obj 8.8742711e+09 Primal inf 5.2086363e+09 (241173)
Clp0006I 375390  Obj 8.8780596e+09 Primal inf 1.4373599e+09 (236711)
Clp0006I 376390  Obj 8.8821159e+09 Primal inf 3.3117314e+09 (257053)
Clp0006I 377390  Obj 8.8872836e+09 Primal inf 1.1054052e+09 (207767)
Clp0006I 378390  Obj 8.8928477e+09 Primal inf 7.1749116e+08 (207612)
Clp0006I 379390  Obj 8.8962028e+09 Primal inf 1.0523749e+09 (206312)
Clp0006I 380390  Obj 8.9009242e+09 Primal inf 7.4734463e+08 (208704)
Clp0006I 381390  Obj 8.9040696e+09 Primal inf 8.3700981e+08 (208511)
Clp0006I 382390  Obj 8.9120257e+09 Primal inf 3.2563265e+09 (222388)
Clp0006I 383390  Obj 8.9205987e+09 Primal inf 1.022726e+09 (208064)
Clp0006I 384390  Obj 8.936089e+09 Primal inf 1.1673075e+09 (238400)
Clp0006I 385390  Obj 8.9530536e+09 Primal inf 2.1988251e+09 (227488)
Clp0006I 386390  Obj 8.9570495e+09 Primal inf 2.096272e+09 (233621)
Clp0006I 387390  Obj 8.9635825e+09 Primal inf 1.7045383e+09 (221629)
Clp0006I 388390  Obj 8.9694676e+09 Primal inf 1.0772584e+09 (229651)
Clp0006I 389390  Obj 8.9771118e+09 Primal inf 4.4523945e+09 (245244)
Clp0006I 390390  Obj 8.982542e+09 Primal inf 1.4459044e+09 (208283)
Clp0006I 391390  Obj 8.9869496e+09 Primal inf 9.486336e+08 (207210)
Clp0006I 392390  Obj 8.9941345e+09 Primal inf 1.0873589e+09 (219083)
Clp0006I 393390  Obj 8.998953e+09 Primal inf 9.9759664e+08 (208124)
Clp0006I 394390  Obj 9.0069267e+09 Primal inf 7.3084237e+08 (204706)
Clp0006I 395390  Obj 9.0139547e+09 Primal inf 1.824757e+09 (239381)
Clp0006I 396390  Obj 9.0181969e+09 Primal inf 1.4326054e+09 (211812)
Clp0006I 397390  Obj 9.0225408e+09 Primal inf 1.7211106e+09 (245551)
Clp0006I 398390  Obj 9.0324383e+09 Primal inf 5.333614e+09 (265582)
Clp0006I 399390  Obj 9.0392967e+09 Primal inf 6.9833614e+10 (258699)
Clp0006I 400390  Obj 9.042956e+09 Primal inf 1.7669735e+11 (255367)
Clp0006I 401390  Obj 9.0486474e+09 Primal inf 5.8029838e+09 (234094)
Clp0006I 402390  Obj 9.0537989e+09 Primal inf 1.2295363e+09 (217928)
Clp0006I 403390  Obj 9.0604197e+09 Primal inf 7.815116e+09 (247013)
Clp0006I 404390  Obj 9.0720719e+09 Primal inf 1.5697373e+09 (218047)
Clp0006I 405390  Obj 9.0765794e+09 Primal inf 1.5188281e+09 (212269)
Clp0006I 406390  Obj 9.0886827e+09 Primal inf 2.1837586e+09 (228671)
Clp0006I 407390  Obj 9.0924253e+09 Primal inf 1.4104621e+09 (205642)
Clp0006I 408390  Obj 9.1027838e+09 Primal inf 2.7861164e+09 (246422)
Clp0006I 409390  Obj 9.1128329e+09 Primal inf 4.6381635e+09 (233604)
Clp0006I 410390  Obj 9.1196006e+09 Primal inf 1.6304316e+09 (216809)
Clp0006I 411390  Obj 9.1267742e+09 Primal inf 8.7385312e+08 (217339)
Clp0006I 412390  Obj 9.1295425e+09 Primal inf 1.2742941e+09 (215566)
Clp0006I 413390  Obj 9.1356641e+09 Primal inf 2.1996983e+09 (248669)
Clp0006I 414390  Obj 9.1453388e+09 Primal inf 1.6761854e+09 (216754)
Clp0006I 415390  Obj 9.1511756e+09 Primal inf 1.5920361e+09 (225022)
Clp0006I 416390  Obj 9.1564329e+09 Primal inf 1.3263937e+09 (218002)
Clp0006I 417390  Obj 9.1596243e+09 Primal inf 2.4097857e+09 (230427)
Clp0006I 418390  Obj 9.1645221e+09 Primal inf 1.8811209e+09 (239098)
Clp0006I 419390  Obj 9.1737563e+09 Primal inf 1.540256e+09 (224790)
Clp0006I 420390  Obj 9.1792806e+09 Primal inf 1.505003e+09 (235439)
Clp0006I 421390  Obj 9.1862486e+09 Primal inf 1.1693512e+09 (215879)
Clp0006I 422390  Obj 9.1938975e+09 Primal inf 2.5631801e+09 (250181)
Clp0006I 423390  Obj 9.1990697e+09 Primal inf 2.4766533e+09 (243913)
Clp0006I 424390  Obj 9.2083379e+09 Primal inf 4.2276819e+09 (232324)
Clp0006I 425390  Obj 9.2121981e+09 Primal inf 1.4779254e+09 (251848)
Clp0006I 426390  Obj 9.2209025e+09 Primal inf 2.189222e+09 (249143)
Clp0006I 427390  Obj 9.228869e+09 Primal inf 1.3005193e+10 (258308)
Clp0006I 428390  Obj 9.2372603e+09 Primal inf 3.9813512e+10 (263399)
Clp0006I 429390  Obj 9.2421762e+09 Primal inf 2.2220706e+09 (241103)
Clp0006I 430390  Obj 9.2534184e+09 Primal inf 3.3516049e+09 (251404)
Clp0006I 431390  Obj 9.2682937e+09 Primal inf 9.0040368e+09 (275210)
Clp0006I 432390  Obj 9.2800286e+09 Primal inf 2.3380501e+09 (266114)
Clp0006I 433390  Obj 9.2879936e+09 Primal inf 3.1961321e+09 (248411)
Clp0006I 434390  Obj 9.2961922e+09 Primal inf 2.2911886e+09 (283181)
Clp0006I 435390  Obj 9.3051066e+09 Primal inf 1.3754804e+10 (341165)
Clp0006I 436390  Obj 9.3258605e+09 Primal inf 1.4048362e+10 (297174)
Clp0006I 437390  Obj 9.3591351e+09 Primal inf 2.2698075e+10 (274326)
Clp0006I 438390  Obj 9.3714791e+09 Primal inf 4.863544e+09 (253033)
Clp0006I 439390  Obj 9.3777766e+09 Primal inf 7.6425895e+09 (276218)
Clp0006I 440390  Obj 9.3862465e+09 Primal inf 4.9773747e+09 (252640)
Clp0006I 441390  Obj 9.3971808e+09 Primal inf 1.0801368e+11 (266613)
Clp0006I 442390  Obj 9.4084017e+09 Primal inf 2.070825e+09 (250957)
Clp0006I 443390  Obj 9.4163902e+09 Primal inf 3.0738875e+10 (262445)
Clp0006I 444390  Obj 9.4226915e+09 Primal inf 2.039416e+10 (287334)
Clp0006I 445390  Obj 9.4320787e+09 Primal inf 2.1819625e+10 (287463)
Clp0006I 446390  Obj 9.4441951e+09 Primal inf 2.0210827e+10 (268973)
Clp0006I 447390  Obj 9.453767e+09 Primal inf 6.1609823e+09 (251289)
Clp0006I 448390  Obj 9.4612455e+09 Primal inf 1.5320221e+10 (283066)
Clp0006I 449390  Obj 9.4676663e+09 Primal inf 6.8913944e+10 (324159)
Clp0006I 450390  Obj 9.4819286e+09 Primal inf 2.5957131e+10 (315531)
Clp0006I 451390  Obj 9.4943117e+09 Primal inf 4.1441109e+10 (290986)
Clp0006I 452390  Obj 9.5003438e+09 Primal inf 1.055111e+11 (334279)
Clp0006I 453390  Obj 9.522803e+09 Primal inf 3.8870383e+10 (324529)
Clp0006I 454390  Obj 9.534004e+09 Primal inf 2.8984868e+09 (226006)
Clp0006I 455390  Obj 9.5507907e+09 Primal inf 2.1084731e+10 (271638)
Clp0006I 456390  Obj 9.5625866e+09 Primal inf 6.4695626e+09 (287620)
Clp0006I 457390  Obj 9.5705282e+09 Primal inf 3.1944287e+09 (311372)
Clp0006I 458390  Obj 9.577175e+09 Primal inf 8.7356075e+09 (298008)
Clp0006I 459390  Obj 9.5965146e+09 Primal inf 2.6636504e+10 (318839)
Clp0006I 460390  Obj 9.6007815e+09 Primal inf 1.3790163e+09 (228817)
Clp0006I 461390  Obj 9.6055181e+09 Primal inf 5.1360802e+10 (349421)
Clp0006I 462390  Obj 9.6239387e+09 Primal inf 7.2399519e+09 (317595)
Clp0006I 463390  Obj 9.6288331e+09 Primal inf 3.7070506e+09 (291504)
Clp0006I 464390  Obj 9.6358108e+09 Primal inf 2.4954059e+09 (275469)
Clp0006I 465390  Obj 9.643071e+09 Primal inf 1.288951e+10 (284976)
Clp0006I 466390  Obj 9.6548146e+09 Primal inf 5.9731139e+10 (318204)
Clp0006I 467390  Obj 9.6591947e+09 Primal inf 4.3830533e+09 (239784)
Clp0006I 468390  Obj 9.6638822e+09 Primal inf 1.3576421e+10 (272457)
Clp0006I 469390  Obj 9.6720401e+09 Primal inf 1.6678596e+10 (298222)
Clp0006I 470390  Obj 9.6800187e+09 Primal inf 6.1071169e+10 (294153)
Clp0006I 471390  Obj 9.6879962e+09 Primal inf 1.312211e+10 (300758)
Clp0006I 472390  Obj 9.6926046e+09 Primal inf 1.5541033e+10 (283576)
Clp0006I 473390  Obj 9.6981636e+09 Primal inf 2.6523586e+09 (292024)
Clp0006I 474390  Obj 9.7040506e+09 Primal inf 1.0158639e+10 (331183)
Clp0006I 475390  Obj 9.7111134e+09 Primal inf 8.1553127e+09 (287944)
Clp0006I 476390  Obj 9.720957e+09 Primal inf 9.1282231e+09 (283710)
Clp0006I 477390  Obj 9.7297171e+09 Primal inf 4.6663878e+09 (235096)
Clp0006I 478390  Obj 9.7340581e+09 Primal inf 1.658114e+09 (246143)
Clp0006I 479390  Obj 9.7387632e+09 Primal inf 5.5410093e+09 (254317)
Clp0006I 480390  Obj 9.7472949e+09 Primal inf 8.0275047e+10 (343027)
Clp0006I 481390  Obj 9.7546828e+09 Primal inf 6.9287164e+09 (270758)
Clp0006I 482390  Obj 9.7665956e+09 Primal inf 2.0957842e+10 (290169)
Clp0006I 483390  Obj 9.7953707e+09 Primal inf 8.1658025e+11 (305074)
Clp0006I 484232  Obj 9.8228676e+09 Primal inf 3.1370344e+11 (384927)
Clp0006I 485232  Obj 9.8400177e+09 Primal inf 3.3362817e+10 (249438) Dual inf 1.680055e-13 (1)
Clp0006I 486206  Obj 9.8546875e+09 Primal inf 2.7803611e+09 (253980) Dual inf 1.680055e-13 (1)
Clp0006I 487206  Obj 9.8637977e+09 Primal inf 7.6047983e+10 (278285) Dual inf 1.680055e-13 (1)
Clp0006I 488206  Obj 9.8830784e+09 Primal inf 5.9802608e+09 (276533)
Clp0006I 489206  Obj 9.8956251e+09 Primal inf 1.8434971e+11 (248904)
Clp0006I 490206  Obj 9.9114342e+09 Primal inf 1.1919062e+10 (323845)
Clp0006I 491206  Obj 9.9282792e+09 Primal inf 5.6294985e+10 (348089)
Clp0006I 492206  Obj 9.9430279e+09 Primal inf 1.3570608e+11 (373520)
Clp0006I 493206  Obj 9.9540722e+09 Primal inf 3.3349936e+10 (359664)
Clp0006I 494206  Obj 9.9648372e+09 Primal inf 1.0284718e+11 (342110)
Clp0006I 495206  Obj 9.9759383e+09 Primal inf 2.0436432e+11 (326843)
Clp0006I 496206  Obj 9.9842881e+09 Primal inf 4.3005827e+11 (285477)
Clp0006I 497206  Obj 9.9949148e+09 Primal inf 3.8393904e+10 (355558)
Clp0006I 498206  Obj 1.0008441e+10 Primal inf 4.6680464e+10 (349663)
Clp0006I 499206  Obj 1.0019804e+10 Primal inf 6.9578015e+09 (360348)
Clp0006I 500206  Obj 1.0033137e+10 Primal inf 1.0252064e+10 (276458)
Clp0006I 501206  Obj 1.0045494e+10 Primal inf 1.769157e+10 (341592)
Clp0006I 502206  Obj 1.0054771e+10 Primal inf 3.0375082e+10 (269029)
Clp0006I 503206  Obj 1.0069185e+10 Primal inf 6.6010507e+10 (357723)
Clp0006I 504206  Obj 1.0086281e+10 Primal inf 7.3899278e+10 (264552)
Clp0006I 505206  Obj 1.0098531e+10 Primal inf 1.4764154e+10 (251660)
Clp0006I 506206  Obj 1.010617e+10 Primal inf 4.445263e+10 (242714)
Clp0006I 507206  Obj 1.0116679e+10 Primal inf 3.7584818e+09 (321139)
Clp0006I 508206  Obj 1.0121752e+10 Primal inf 5.6122239e+10 (341639)
Clp0006I 509206  Obj 1.012523e+10 Primal inf 5.8109578e+10 (366863)
Clp0006I 510206  Obj 1.0132732e+10 Primal inf 1.2235019e+11 (321572)
Clp0006I 511206  Obj 1.0141762e+10 Primal inf 7.5528083e+10 (313598)
Clp0006I 512206  Obj 1.0147334e+10 Primal inf 1.7978182e+10 (299005)
Clp0006I 513206  Obj 1.0157286e+10 Primal inf 4.634586e+09 (237349)
Clp0006I 514206  Obj 1.0164207e+10 Primal inf 1.1912135e+10 (315418)
Clp0006I 515206  Obj 1.0169817e+10 Primal inf 3.5233683e+10 (288761)
Clp0006I 516206  Obj 1.0175131e+10 Primal inf 6.1957072e+10 (346074)
Clp0006I 517206  Obj 1.0181257e+10 Primal inf 5.1508946e+10 (372445)
Clp0006I 518206  Obj 1.0195362e+10 Primal inf 1.8496275e+11 (388295)
Clp0006I 519206  Obj 1.0200098e+10 Primal inf 1.3379441e+10 (272646)
Clp0006I 520206  Obj 1.0212383e+10 Primal inf 1.359892e+11 (322335)
Clp0006I 521206  Obj 1.0220814e+10 Primal inf 1.4184958e+10 (327498)
Clp0006I 522206  Obj 1.0229746e+10 Primal inf 9.264523e+09 (310992)
Clp0006I 523206  Obj 1.0237586e+10 Primal inf 1.6866659e+10 (291892)
Clp0006I 524206  Obj 1.0245657e+10 Primal inf 2.5178908e+10 (293683)
Clp0006I 525206  Obj 1.0255196e+10 Primal inf 9.0910363e+09 (275186)
Clp0006I 526206  Obj 1.0263611e+10 Primal inf 5.3633262e+10 (330678)
Clp0006I 527206  Obj 1.0273697e+10 Primal inf 1.114722e+11 (317950)
Clp0006I 528206  Obj 1.028183e+10 Primal inf 2.0506023e+10 (312214)
Clp0006I 529206  Obj 1.0288042e+10 Primal inf 1.0135351e+11 (374362)
Clp0006I 530206  Obj 1.0300713e+10 Primal inf 2.32565e+10 (264455)
Clp0006I 531206  Obj 1.0315066e+10 Primal inf 2.6458823e+10 (307274)
Clp0006I 532206  Obj 1.0326201e+10 Primal inf 1.2791687e+10 (295976)
Clp0006I 533206  Obj 1.0335494e+10 Primal inf 4.9986688e+10 (353833)
Clp0006I 534206  Obj 1.0344343e+10 Primal inf 2.5811411e+10 (351994)
Clp0006I 535206  Obj 1.0348986e+10 Primal inf 4.6603423e+10 (348966)
Clp0006I 536206  Obj 1.0355784e+10 Primal inf 1.0208907e+11 (268963)
Clp0006I 537206  Obj 1.0367311e+10 Primal inf 6.4853606e+10 (308005)
Clp0006I 538206  Obj 1.03748e+10 Primal inf 2.4067438e+09 (299480)
Clp0006I 539206  Obj 1.0381295e+10 Primal inf 3.7170512e+09 (273126)
Clp0006I 540206  Obj 1.0392069e+10 Primal inf 3.3118859e+09 (290137)
Clp0006I 541206  Obj 1.0400941e+10 Primal inf 2.3177446e+10 (301493)
Clp0006I 542206  Obj 1.0410426e+10 Primal inf 2.3044108e+10 (349895)
Clp0006I 543206  Obj 1.042086e+10 Primal inf 7.7420296e+09 (292708)
Clp0006I 544206  Obj 1.0436315e+10 Primal inf 9.6399101e+09 (284106)
Clp0006I 545206  Obj 1.0441471e+10 Primal inf 5.4055897e+09 (302859)
Clp0006I 546206  Obj 1.0455497e+10 Primal inf 8.1527517e+09 (290861)
Clp0006I 547206  Obj 1.0467852e+10 Primal inf 5.6463344e+10 (316480)
Clp0006I 548206  Obj 1.0478603e+10 Primal inf 1.1553394e+11 (315706)
Clp0006I 549206  Obj 1.0490971e+10 Primal inf 4.6541456e+10 (354891)
Clp0006I 550206  Obj 1.0502573e+10 Primal inf 2.3281301e+10 (307191)
Clp0006I 551206  Obj 1.0513173e+10 Primal inf 3.740132e+11 (354513)
Clp0006I 552206  Obj 1.0525893e+10 Primal inf 1.2635346e+10 (322544)
Clp0006I 553206  Obj 1.0533965e+10 Primal inf 5.0458131e+10 (308619)
Clp0006I 554206  Obj 1.0540681e+10 Primal inf 1.1508417e+10 (327848)
Clp0006I 555206  Obj 1.0560833e+10 Primal inf 3.9475903e+10 (334367)
Clp0006I 556206  Obj 1.0574318e+10 Primal inf 3.6452742e+10 (324745)
Clp0006I 557206  Obj 1.0586071e+10 Primal inf 1.6981124e+10 (310721)
Clp0006I 558206  Obj 1.059845e+10 Primal inf 8.9931045e+10 (366364)
Clp0006I 559206  Obj 1.0612356e+10 Primal inf 8.2666192e+10 (363419)
Clp0006I 560206  Obj 1.0622271e+10 Primal inf 1.2203491e+11 (314579)
Clp0006I 561206  Obj 1.0633308e+10 Primal inf 8.4126784e+10 (368004)
Clp0006I 562206  Obj 1.0642202e+10 Primal inf 4.9259223e+09 (364596)
Clp0006I 563206  Obj 1.0647655e+10 Primal inf 3.0965259e+10 (328565)
Clp0006I 564206  Obj 1.0656422e+10 Primal inf 7.1616514e+11 (377287)
Clp0006I 565206  Obj 1.0669354e+10 Primal inf 7.7068001e+11 (360349)
Clp0006I 566206  Obj 1.0682524e+10 Primal inf 5.3622931e+09 (308293)
Clp0006I 567206  Obj 1.0692825e+10 Primal inf 3.0425647e+10 (345325)
Clp0006I 568206  Obj 1.070334e+10 Primal inf 1.1853258e+11 (354978)
Clp0006I 569206  Obj 1.0712042e+10 Primal inf 2.0740778e+10 (336275)
Clp0006I 570206  Obj 1.0721831e+10 Primal inf 1.4066922e+11 (348232)
Clp0006I 571206  Obj 1.0733896e+10 Primal inf 2.079158e+10 (365295)
Clp0006I 572206  Obj 1.0746701e+10 Primal inf 6.5281757e+09 (367985)
Clp0006I 573206  Obj 1.076227e+10 Primal inf 2.1589792e+10 (370965)
Clp0006I 574206  Obj 1.0771635e+10 Primal inf 5.8301469e+11 (367299)
Clp0006I 575206  Obj 1.0784978e+10 Primal inf 2.0530454e+11 (360919)
Clp0006I 576206  Obj 1.0795983e+10 Primal inf 4.5264216e+10 (385837)
Clp0006I 577206  Obj 1.0808415e+10 Primal inf 3.3787763e+10 (359246)
Clp0006I 578206  Obj 1.081723e+10 Primal inf 5.0059527e+10 (344549)
Clp0006I 579206  Obj 1.0826539e+10 Primal inf 7.2810405e+09 (371944)
Clp0006I 580206  Obj 1.0832494e+10 Primal inf 5.9517983e+10 (371860)
Clp0006I 581206  Obj 1.0842004e+10 Primal inf 4.2980539e+10 (314529)
Clp0006I 582206  Obj 1.0852531e+10 Primal inf 2.2440869e+11 (374630)
Clp0006I 583206  Obj 1.0859644e+10 Primal inf 7.834844e+09 (287072)
Clp0006I 584206  Obj 1.0867248e+10 Primal inf 2.7351352e+10 (371195)
Clp0006I 585206  Obj 1.0879199e+10 Primal inf 1.8672096e+11 (343126)
Clp0006I 586206  Obj 1.0890167e+10 Primal inf 6.3306886e+09 (338329)
Clp0006I 587206  Obj 1.0905108e+10 Primal inf 7.1770417e+09 (345156)
Clp0006I 588206  Obj 1.0914309e+10 Primal inf 1.8224099e+10 (390100)
Clp0006I 589206  Obj 1.0926087e+10 Primal inf 2.3614195e+10 (318865)
Clp0006I 590206  Obj 1.0943238e+10 Primal inf 8.8880629e+09 (349392)
Clp0006I 591206  Obj 1.0960114e+10 Primal inf 9.6593388e+12 (373511)
Clp0006I 592068  Obj 1.0970124e+10 Primal inf 2.5226048e+11 (342918)
Clp0006I 593068  Obj 1.0977583e+10 Primal inf 2.7637605e+11 (405243)
Clp0006I 594068  Obj 1.0984817e+10 Primal inf 3.587674e+10 (349348)
Clp0006I 595068  Obj 1.0993978e+10 Primal inf 2.0702454e+11 (332786)
Clp0006I 596068  Obj 1.1006973e+10 Primal inf 4.8303903e+10 (267181)
Clp0006I 597068  Obj 1.1025757e+10 Primal inf 1.3339954e+11 (368348)
Clp0006I 598068  Obj 1.1040987e+10 Primal inf 4.3464486e+10 (328924)
Clp0006I 599068  Obj 1.1055131e+10 Primal inf 3.0060246e+10 (368645)
Clp0006I 600068  Obj 1.106678e+10 Primal inf 2.7522131e+10 (330341)
Clp0006I 601068  Obj 1.1075501e+10 Primal inf 7.1401832e+09 (316912)
Clp0006I 602068  Obj 1.1087316e+10 Primal inf 4.8951937e+10 (370963)
Clp0006I 603068  Obj 1.1099399e+10 Primal inf 4.7343105e+11 (384982)
Clp0006I 604068  Obj 1.1109919e+10 Primal inf 1.5741373e+10 (371466)
Clp0006I 605068  Obj 1.1122084e+10 Primal inf 4.1706751e+10 (357229)
Clp0006I 606068  Obj 1.1134968e+10 Primal inf 5.7674055e+10 (355054)
Clp0006I 607068  Obj 1.1144114e+10 Primal inf 1.4213292e+10 (393995)
Clp0006I 608068  Obj 1.115513e+10 Primal inf 8.0370982e+09 (366460)
Clp0006I 609068  Obj 1.1167427e+10 Primal inf 1.1492684e+11 (333505)
Clp0006I 610068  Obj 1.1178721e+10 Primal inf 1.3145567e+10 (302791)
Clp0006I 611068  Obj 1.1190835e+10 Primal inf 3.7169256e+11 (354695)
Clp0006I 612068  Obj 1.1210098e+10 Primal inf 3.5566805e+12 (320235)
Clp0006I 613068  Obj 1.1230837e+10 Primal inf 3.4485997e+11 (381842)
Clp0006I 614068  Obj 1.1243936e+10 Primal inf 9.2520893e+11 (331160)
Clp0006I 615068  Obj 1.1258148e+10 Primal inf 4.6506001e+10 (324768)
Clp0006I 616068  Obj 1.1268673e+10 Primal inf 5.0983336e+10 (304521)
Clp0006I 616557  Obj 1.1274774e+10 Primal inf 2.376027e+12 (383673)
Clp0006I 617552  Obj 1.1286805e+10 Primal inf 1.1040482e+10 (329997)
Clp0006I 618552  Obj 1.130119e+10 Primal inf 1.597421e+10 (307052)
Clp0006I 619552  Obj 1.1315625e+10 Primal inf 2.7660873e+10 (335002)
Clp0006I 620552  Obj 1.1327308e+10 Primal inf 7.3995476e+09 (346574)
Clp0006I 621552  Obj 1.1344208e+10 Primal inf 4.659699e+10 (344443)
Clp0006I 622552  Obj 1.1354872e+10 Primal inf 4.2322922e+10 (353836)
Clp0006I 623552  Obj 1.1368811e+10 Primal inf 4.0916544e+09 (288226)
Clp0006I 624552  Obj 1.1382482e+10 Primal inf 1.0609919e+11 (328931)
Clp0006I 625552  Obj 1.1391499e+10 Primal inf 6.1899227e+10 (389486)
Clp0006I 626552  Obj 1.1413063e+10 Primal inf 7.1497867e+10 (403379)
Clp0006I 627552  Obj 1.1423532e+10 Primal inf 2.8070875e+09 (316915)
Clp0006I 628552  Obj 1.1433791e+10 Primal inf 2.0334682e+10 (354960)
Clp0006I 629552  Obj 1.1445947e+10 Primal inf 1.5130533e+11 (370199)
Clp0006I 630552  Obj 1.1465605e+10 Primal inf 1.732152e+12 (325667)
Clp0006I 631552  Obj 1.1483204e+10 Primal inf 1.9023656e+11 (323197)
Clp0006I 632552  Obj 1.149873e+10 Primal inf 1.5752257e+10 (341675)
Clp0006I 633552  Obj 1.1511865e+10 Primal inf 9.6734811e+11 (366291)
Clp0006I 634552  Obj 1.1523888e+10 Primal inf 3.0880778e+10 (341301)
Clp0006I 635552  Obj 1.1537954e+10 Primal inf 3.5931991e+10 (346068)
Clp0006I 636552  Obj 1.1552946e+10 Primal inf 2.429517e+11 (379911)
Clp0006I 637552  Obj 1.1564468e+10 Primal inf 4.8838919e+09 (335222)
Clp0006I 638552  Obj 1.1579644e+10 Primal inf 1.2318235e+11 (364972)
Clp0006I 639552  Obj 1.1597852e+10 Primal inf 9.1621872e+09 (387014)
Clp0006I 640552  Obj 1.1616553e+10 Primal inf 1.2776579e+10 (313742)
Clp0006I 641552  Obj 1.1626665e+10 Primal inf 3.9986656e+10 (366882)
Clp0006I 642552  Obj 1.1644809e+10 Primal inf 2.9303173e+11 (332974)
Clp0006I 643552  Obj 1.1686172e+10 Primal inf 6.5895297e+09 (325359)
Clp0006I 644552  Obj 1.1697008e+10 Primal inf 2.9888562e+10 (305573)
Clp0006I 645552  Obj 1.1711542e+10 Primal inf 9.5942492e+10 (397333)
Clp0006I 646552  Obj 1.1725117e+10 Primal inf 3.7116212e+10 (336892)
Clp0006I 647552  Obj 1.1737143e+10 Primal inf 2.0158571e+11 (385044)
Clp0006I 648552  Obj 1.1749974e+10 Primal inf 2.5221316e+10 (306613)
Clp0006I 649552  Obj 1.1764857e+10 Primal inf 5.3433675e+09 (329109)
Clp0006I 650552  Obj 1.1778872e+10 Primal inf 2.2194355e+10 (335214)
Clp0006I 651552  Obj 1.1787863e+10 Primal inf 1.3849992e+10 (365212)
Clp0006I 652552  Obj 1.1796539e+10 Primal inf 9.8307913e+10 (353964)
Clp0006I 653552  Obj 1.1807588e+10 Primal inf 1.6380823e+10 (385733)
Clp0006I 654552  Obj 1.1824948e+10 Primal inf 3.3315186e+10 (355441)
Clp0006I 655552  Obj 1.1839902e+10 Primal inf 2.3092511e+10 (338649)
Clp0006I 656504  Obj 1.1857577e+10 Primal inf 4.9800568e+11 (350482)
Clp0006I 657504  Obj 1.1875258e+10 Primal inf 6.0695623e+10 (337739)
Clp0006I 658338  Obj 1.1884711e+10 Primal inf 4.164383e+11 (388746)
Clp0006I 659227  Obj 1.1897677e+10 Primal inf 6.4069824e+09 (301354)
Clp0006I 660227  Obj 1.1907768e+10 Primal inf 9.9692237e+09 (379797)
Clp0006I 661227  Obj 1.1921581e+10 Primal inf 3.3277779e+09 (351256)
Clp0006I 662227  Obj 1.1936722e+10 Primal inf 3.9872672e+12 (400880)
Clp0006I 663227  Obj 1.1948989e+10 Primal inf 2.8539323e+10 (347282)
Clp0006I 664227  Obj 1.1963227e+10 Primal inf 1.2207793e+11 (327927)
Clp0006I 665227  Obj 1.1978141e+10 Primal inf 4.2271083e+09 (357706)
Clp0006I 666227  Obj 1.19897e+10 Primal inf 9.0126293e+09 (322920)
Clp0006I 667227  Obj 1.2001433e+10 Primal inf 9.0380415e+09 (334770)
Clp0006I 668227  Obj 1.2015161e+10 Primal inf 6.3848113e+10 (308950)
Clp0006I 669227  Obj 1.2027759e+10 Primal inf 1.4358065e+10 (341013)
Clp0006I 670227  Obj 1.2041954e+10 Primal inf 1.0449329e+11 (350994)
Clp0006I 671227  Obj 1.2052831e+10 Primal inf 1.1290748e+10 (287378)
Clp0006I 672227  Obj 1.2066213e+10 Primal inf 7.2985628e+10 (357699)
Clp0006I 673227  Obj 1.2081391e+10 Primal inf 1.13967e+10 (299914)
Clp0006I 674227  Obj 1.2095548e+10 Primal inf 8.3718504e+09 (361384)
Clp0006I 675227  Obj 1.2104764e+10 Primal inf 2.8856989e+10 (343358)
Clp0006I 676227  Obj 1.2117225e+10 Primal inf 1.8039416e+11 (370786)
Clp0006I 677032  Obj 1.2126469e+10 Primal inf 7.5435503e+09 (296877)
Clp0006I 678032  Obj 1.2134735e+10 Primal inf 3.9033387e+10 (346791)
Clp0006I 679032  Obj 1.2148894e+10 Primal inf 1.7807054e+10 (341020)
Clp0006I 680032  Obj 1.2163538e+10 Primal inf 1.2251265e+11 (311613)
Clp0006I 681032  Obj 1.218042e+10 Primal inf 1.8176846e+10 (349581)
Clp0006I 682032  Obj 1.21961e+10 Primal inf 1.0276757e+11 (324792)
Clp0006I 682842  Obj 1.2209158e+10 Primal inf 4.6580349e+10 (321992)
Clp0006I 683842  Obj 1.2223026e+10 Primal inf 4.3186853e+10 (381432)
Clp0006I 684842  Obj 1.2236164e+10 Primal inf 2.0579521e+10 (321335)
Clp0006I 685793  Obj 1.2250591e+10 Primal inf 2.8981007e+10 (359713)
Clp0006I 686793  Obj 1.2263885e+10 Primal inf 7.670048e+10 (367115)
Clp0006I 687793  Obj 1.227946e+10 Primal inf 3.5885414e+10 (330008)
Clp0006I 688793  Obj 1.2293398e+10 Primal inf 3.1514837e+10 (332385)
Clp0006I 689793  Obj 1.2305463e+10 Primal inf 5.8355027e+10 (332723)
Clp0006I 690793  Obj 1.2317293e+10 Primal inf 3.341464e+10 (352751)
Clp0006I 691793  Obj 1.2325951e+10 Primal inf 1.5218043e+10 (365916)
Clp0006I 692793  Obj 1.2336907e+10 Primal inf 8.318618e+09 (335384)
Clp0006I 693793  Obj 1.2348758e+10 Primal inf 1.5951984e+09 (278979)
Clp0006I 694793  Obj 1.2361273e+10 Primal inf 1.9379351e+10 (335144)
Clp0006I 695793  Obj 1.2375403e+10 Primal inf 4.6665579e+09 (283397)
Clp0006I 696793  Obj 1.2381805e+10 Primal inf 8.6173187e+09 (358774)
Clp0006I 697793  Obj 1.2396797e+10 Primal inf 1.7882761e+10 (322757)
Clp0006I 698793  Obj 1.2410829e+10 Primal inf 3.3779813e+09 (355808)
Clp0006I 699444  Obj 1.2418715e+10 Primal inf 1.6476537e+10 (273495)
Clp0006I 700444  Obj 1.2428627e+10 Primal inf 3.5986861e+09 (295276)
Clp0006I 701444  Obj 1.2438687e+10 Primal inf 3.4980067e+09 (265684)
Clp0006I 702444  Obj 1.2450395e+10 Primal inf 5.9107905e+09 (319278)
Clp0006I 703444  Obj 1.24691e+10 Primal inf 2.4379121e+09 (259697)
Clp0006I 704444  Obj 1.2483467e+10 Primal inf 4.6962728e+09 (293415)
Clp0006I 705444  Obj 1.2496597e+10 Primal inf 4.5597203e+09 (273439)
Clp0006I 706444  Obj 1.2510074e+10 Primal inf 6.9347638e+09 (269149)
Clp0006I 707444  Obj 1.2518312e+10 Primal inf 5.4493764e+09 (358950)
Clp0006I 708444  Obj 1.2527161e+10 Primal inf 4.1400648e+09 (304843)
Clp0006I 709444  Obj 1.2537191e+10 Primal inf 8.6241303e+09 (313199)
Clp0006I 710444  Obj 1.25454e+10 Primal inf 1.2740621e+09 (255545)
Clp0006I 711444  Obj 1.2553712e+10 Primal inf 5.0781765e+10 (264537)
Clp0006I 712444  Obj 1.2564882e