Coin0506I Presolve 1521577 (-195446) rows, 591998 (-65130) columns and 4511329 (-460732) elements
Clp0006I 0  Obj 0 Primal inf 8.7589291e+08 (43800)
Clp0006I 1000  Obj 4.7917429e-12 Primal inf 8.6631624e+08 (44708)
Clp0006I 2000  Obj 9.9133726e-12 Primal inf 8.5892554e+08 (45580)
Clp0006I 3000  Obj 1.5950214e-11 Primal inf 8.5623739e+08 (46596)
Clp0006I 4000  Obj 6391792.8 Primal inf 8.4621153e+08 (47625)
Clp0006I 5000  Obj 10462972 Primal inf 8.3911676e+08 (48595)
Clp0006I 6000  Obj 18679244 Primal inf 8.321806e+08 (49579)
Clp0006I 7000  Obj 27726924 Primal inf 8.2660119e+08 (50716)
Clp0006I 8000  Obj 34424737 Primal inf 8.2152187e+08 (51782)
Clp0006I 9000  Obj 41545927 Primal inf 8.1805701e+08 (52956)
Clp0006I 10000  Obj 48099016 Primal inf 8.1640898e+08 (54045)
Clp0006I 11000  Obj 56135345 Primal inf 8.1376809e+08 (55146)
Clp0006I 12000  Obj 66373223 Primal inf 8.1191484e+08 (56354)
Clp0006I 13000  Obj 76405323 Primal inf 8.0830215e+08 (57547)
Clp0006I 14000  Obj 92013418 Primal inf 8.0853331e+08 (58843)
Clp0006I 15000  Obj 1.0842771e+08 Primal inf 8.0695961e+08 (60086)
Clp0006I 16000  Obj 1.2681442e+08 Primal inf 8.054145e+08 (61434)
Clp0006I 17000  Obj 1.4209726e+08 Primal inf 8.047274e+08 (62711)
Clp0006I 18000  Obj 1.541117e+08 Primal inf 8.0652222e+08 (64056)
Clp0006I 19000  Obj 1.7015469e+08 Primal inf 8.0683203e+08 (65342)
Clp0006I 20000  Obj 1.877472e+08 Primal inf 7.352321e+08 (66737)
Clp0006I 21000  Obj 2.0460478e+08 Primal inf 7.3226088e+08 (68028)
Clp0006I 22000  Obj 2.1787188e+08 Primal inf 7.3282189e+08 (69341)
Clp0006I 23000  Obj 2.3429762e+08 Primal inf 7.3355246e+08 (70637)
Clp0006I 24000  Obj 2.5566525e+08 Primal inf 7.339852e+08 (71788)
Clp0006I 25000  Obj 2.7501381e+08 Primal inf 7.3169915e+08 (72937)
Clp0006I 26000  Obj 2.9607274e+08 Primal inf 7.323354e+08 (74054)
Clp0006I 27000  Obj 3.2163306e+08 Primal inf 7.3350175e+08 (75172)
Clp0006I 28000  Obj 3.4660811e+08 Primal inf 7.3512076e+08 (76327)
Clp0006I 29000  Obj 3.7143952e+08 Primal inf 7.3522109e+08 (77418)
Clp0006I 30000  Obj 3.9732605e+08 Primal inf 7.3686589e+08 (78548)
Clp0006I 31000  Obj 4.220572e+08 Primal inf 7.3890244e+08 (79749)
Clp0006I 32000  Obj 4.5390908e+08 Primal inf 7.3808283e+08 (80864)
Clp0006I 33000  Obj 4.760063e+08 Primal inf 7.3861505e+08 (82090)
Clp0006I 34000  Obj 4.9592749e+08 Primal inf 7.3929833e+08 (83290)
Clp0006I 35000  Obj 5.1351973e+08 Primal inf 7.4357366e+08 (84528)
Clp0006I 36000  Obj 5.3469626e+08 Primal inf 7.4542747e+08 (85617)
Clp0006I 37000  Obj 5.6527462e+08 Primal inf 7.440355e+08 (86806)
Clp0006I 38000  Obj 5.8915576e+08 Primal inf 7.4500236e+08 (87901)
Clp0006I 39000  Obj 6.1863344e+08 Primal inf 7.4744095e+08 (89129)
Clp0006I 40000  Obj 6.4337125e+08 Primal inf 7.4947716e+08 (90376)
Clp0006I 41000  Obj 6.7333619e+08 Primal inf 7.5030922e+08 (91455)
Clp0006I 42000  Obj 7.0430998e+08 Primal inf 7.5253433e+08 (92691)
Clp0006I 43000  Obj 7.3434737e+08 Primal inf 7.5198501e+08 (93937)
Clp0006I 44000  Obj 7.5951419e+08 Primal inf 7.5363294e+08 (95135)
Clp0006I 45000  Obj 7.8922657e+08 Primal inf 7.5381002e+08 (96327)
Clp0006I 46000  Obj 8.1805958e+08 Primal inf 7.5786868e+08 (97461)
Clp0006I 47000  Obj 8.4451313e+08 Primal inf 7.5907925e+08 (98605)
Clp0006I 48000  Obj 8.8265485e+08 Primal inf 7.5989042e+08 (99801)
Clp0006I 49000  Obj 9.1403699e+08 Primal inf 7.642762e+08 (100828)
Clp0006I 50000  Obj 9.4807938e+08 Primal inf 7.6630124e+08 (101932)
Clp0006I 51000  Obj 9.8309682e+08 Primal inf 7.6900656e+08 (102964)
Clp0006I 52000  Obj 1.0241535e+09 Primal inf 7.697447e+08 (104051)
Clp0006I 53000  Obj 1.0578907e+09 Primal inf 7.7118159e+08 (105138)
Clp0006I 54000  Obj 1.0997959e+09 Primal inf 7.6868469e+08 (106219)
Clp0006I 55000  Obj 1.1344147e+09 Primal inf 7.6973192e+08 (107390)
Clp0006I 56000  Obj 1.1733682e+09 Primal inf 7.7083176e+08 (108524)
Clp0006I 57000  Obj 1.2095906e+09 Primal inf 7.7232403e+08 (109616)
Clp0006I 58000  Obj 1.2527272e+09 Primal inf 7.7205044e+08 (110842)
Clp0006I 59000  Obj 1.2933283e+09 Primal inf 7.7326945e+08 (111819)
Clp0006I 60000  Obj 1.3386284e+09 Primal inf 7.7122037e+08 (112975)
Clp0006I 61000  Obj 1.3848339e+09 Primal inf 7.7431675e+08 (114234)
Clp0006I 62000  Obj 1.4340744e+09 Primal inf 7.7500694e+08 (115296)
Clp0006I 63000  Obj 1.459687e+09 Primal inf 7.4439961e+08 (119203)
Clp0006I 64000  Obj 1.4721967e+09 Primal inf 1.1177074e+09 (119248)
Clp0006I 65000  Obj 1.4954544e+09 Primal inf 7.9722239e+08 (118832)
Clp0006I 66000  Obj 1.5133834e+09 Primal inf 8.0588391e+08 (121666)
Clp0006I 67000  Obj 1.5471643e+09 Primal inf 2.6076275e+09 (122729)
Clp0006I 68000  Obj 1.6570584e+09 Primal inf 7.7209234e+08 (125111)
Clp0006I 69000  Obj 1.6936894e+09 Primal inf 7.9972867e+08 (125560)
Clp0006I 70000  Obj 1.7149272e+09 Primal inf 7.6676714e+08 (127128)
Clp0006I 71000  Obj 1.7333203e+09 Primal inf 1.1076607e+09 (126673)
Clp0006I 72000  Obj 1.7598834e+09 Primal inf 1.9665546e+09 (157393)
Clp0006I 73000  Obj 1.7717936e+09 Primal inf 7.83569e+08 (129198)
Clp0006I 74000  Obj 1.7822639e+09 Primal inf 7.7600179e+08 (130121)
Clp0006I 75000  Obj 1.7929844e+09 Primal inf 8.017431e+08 (130793)
Clp0006I 76000  Obj 1.8114702e+09 Primal inf 7.8677053e+08 (131770)
Clp0006I 77000  Obj 1.8443098e+09 Primal inf 1.0275655e+09 (160363)
Clp0006I 78000  Obj 1.8606492e+09 Primal inf 8.9190548e+08 (132417)
Clp0006I 79000  Obj 1.884216e+09 Primal inf 7.5858802e+08 (135117)
Clp0006I 80000  Obj 1.9100775e+09 Primal inf 9.9069166e+08 (134147)
Clp0006I 81000  Obj 1.9390046e+09 Primal inf 1.3684288e+09 (163945)
Clp0006I 82000  Obj 1.9615549e+09 Primal inf 7.4825702e+08 (137412)
Clp0006I 83000  Obj 1.9720394e+09 Primal inf 7.5010371e+08 (138318)
Clp0006I 84000  Obj 1.9830763e+09 Primal inf 7.5260579e+08 (139267)
Clp0006I 85000  Obj 2.0096318e+09 Primal inf 7.7309284e+08 (140259)
Clp0006I 86000  Obj 2.0426685e+09 Primal inf 7.6855597e+08 (139919)
Clp0006I 87000  Obj 2.0729321e+09 Primal inf 7.9696287e+08 (140306)
Clp0006I 88000  Obj 2.0966849e+09 Primal inf 7.4954119e+08 (142489)
Clp0006I 89000  Obj 2.1416262e+09 Primal inf 1.1056256e+09 (169901)
Clp0006I 90000  Obj 2.1659022e+09 Primal inf 7.4930593e+08 (144079)
Clp0006I 91000  Obj 2.1969633e+09 Primal inf 7.446118e+08 (144854)
Clp0006I 92000  Obj 2.2326918e+09 Primal inf 7.4615704e+08 (145747)
Clp0006I 93000  Obj 2.2722517e+09 Primal inf 7.3352928e+08 (145792)
Clp0006I 94000  Obj 2.3032753e+09 Primal inf 7.1616457e+08 (146461)
Clp0006I 95000  Obj 2.3305144e+09 Primal inf 7.1336876e+08 (147366)
Clp0006I 96000  Obj 2.3762259e+09 Primal inf 7.4937808e+08 (146508)
Clp0006I 97000  Obj 2.3894464e+09 Primal inf 7.1837778e+08 (148607)
Clp0006I 98000  Obj 2.3929506e+09 Primal inf 7.2300758e+08 (149187)
Clp0006I 99000  Obj 2.4264609e+09 Primal inf 7.2622862e+08 (148403)
Clp0006I 100000  Obj 2.4782305e+09 Primal inf 1.9058091e+09 (186274)
Clp0006I 101000  Obj 2.5127127e+09 Primal inf 1.2497404e+09 (157340)
Clp0006I 102000  Obj 2.5649458e+09 Primal inf 7.6988786e+08 (152754)
Clp0006I 103000  Obj 2.6167481e+09 Primal inf 9.9616649e+08 (158323)
Clp0006I 104000  Obj 2.6676084e+09 Primal inf 1.1869942e+09 (179437)
Clp0006I 105000  Obj 2.7124082e+09 Primal inf 7.2366681e+08 (152566)
Clp0006I 106000  Obj 2.7679306e+09 Primal inf 8.4778758e+08 (154354)
Clp0006I 107000  Obj 2.8086347e+09 Primal inf 8.9409257e+08 (174141)
Clp0006I 108000  Obj 2.8534177e+09 Primal inf 1.6001393e+09 (164371)
Clp0006I 109000  Obj 2.9051682e+09 Primal inf 9.5452539e+08 (156511)
Clp0006I 110000  Obj 2.950117e+09 Primal inf 7.5671075e+08 (152950)
Clp0006I 111000  Obj 2.9984314e+09 Primal inf 1.2884718e+09 (175715)
Clp0006I 112000  Obj 3.0337585e+09 Primal inf 1.3996399e+09 (183172)
Clp0006I 113000  Obj 3.0722903e+09 Primal inf 1.6552249e+09 (186434)
Clp0006I 114000  Obj 3.1199177e+09 Primal inf 9.5079632e+08 (160407)
Clp0006I 115000  Obj 3.1493045e+09 Primal inf 8.4827451e+08 (154925)
Clp0006I 116000  Obj 3.1714468e+09 Primal inf 9.7928703e+08 (162846)
Clp0006I 117000  Obj 3.2071321e+09 Primal inf 1.1203949e+09 (163487)
Clp0006I 118000  Obj 3.2119572e+09 Primal inf 7.652122e+08 (160620)
Clp0006I 119000  Obj 3.2587359e+09 Primal inf 8.6951404e+08 (163491)
Clp0006I 120000  Obj 3.2939727e+09 Primal inf 7.44438e+08 (161853)
Clp0006I 121000  Obj 3.3304239e+09 Primal inf 1.4034054e+09 (196116)
Clp0006I 122000  Obj 3.3336587e+09 Primal inf 1.4070324e+09 (196296)
Clp0006I 123000  Obj 3.3370634e+09 Primal inf 1.2363239e+09 (196604)
Clp0006I 124000  Obj 3.3426499e+09 Primal inf 1.235816e+09 (196935)
Clp0006I 125000  Obj 3.3464466e+09 Primal inf 1.2892792e+09 (203565)
Clp0006I 126000  Obj 3.3518471e+09 Primal inf 1.290297e+09 (204153)
Clp0006I 127000  Obj 3.3582287e+09 Primal inf 1.2913805e+09 (204721)
Clp0006I 128000  Obj 3.3675563e+09 Primal inf 2.0312971e+09 (206255)
Clp0006I 129000  Obj 3.3834366e+09 Primal inf 1.634247e+09 (206255)
Clp0006I 130000  Obj 3.3965702e+09 Primal inf 2.049357e+09 (228307)
Clp0006I 131000  Obj 3.4067455e+09 Primal inf 1.2539819e+09 (206374)
Clp0006I 132000  Obj 3.4293435e+09 Primal inf 8.8176654e+08 (175274)
Clp0006I 133000  Obj 3.4423185e+09 Primal inf 9.1282685e+08 (176686)
Clp0006I 134000  Obj 3.4958958e+09 Primal inf 1.0737599e+09 (206629)
Clp0006I 135000  Obj 3.5218124e+09 Primal inf 3.5640601e+09 (210094)
Clp0006I 136000  Obj 3.5263869e+09 Primal inf 8.383389e+08 (174984)
Clp0006I 137000  Obj 3.5472278e+09 Primal inf 2.7642959e+09 (210029)
Clp0006I 138000  Obj 3.560392e+09 Primal inf 8.1649223e+08 (175388)
Clp0006I 139000  Obj 3.57445e+09 Primal inf 7.1717454e+09 (212443)
Clp0006I 140000  Obj 3.5795023e+09 Primal inf 1.441797e+09 (209968)
Clp0006I 141000  Obj 3.6017014e+09 Primal inf 3.2142429e+09 (212519)
Clp0006I 142000  Obj 3.6184494e+09 Primal inf 3.4168469e+09 (212220)
Clp0006I 143000  Obj 3.6374772e+09 Primal inf 3.6292952e+09 (212393)
Clp0006I 144000  Obj 3.6524793e+09 Primal inf 2.9109258e+09 (212754)
Clp0006I 145000  Obj 3.6642387e+09 Primal inf 2.6480396e+09 (244199)
Clp0006I 146000  Obj 3.6693419e+09 Primal inf 2.8864017e+09 (213212)
Clp0006I 147000  Obj 3.6745918e+09 Primal inf 2.8044948e+09 (213671)
Clp0006I 148000  Obj 3.6864382e+09 Primal inf 2.5995944e+09 (214852)
Clp0006I 149000  Obj 3.7026731e+09 Primal inf 2.6034823e+09 (215492)
Clp0006I 150000  Obj 3.7110727e+09 Primal inf 2.823461e+09 (215361)
Clp0006I 151000  Obj 3.715925e+09 Primal inf 2.5261163e+09 (219442)
Clp0006I 152000  Obj 3.7288467e+09 Primal inf 2.5202956e+09 (218300)
Clp0006I 153000  Obj 3.7388052e+09 Primal inf 2.8617121e+09 (217049)
Clp0006I 154000  Obj 3.7609314e+09 Primal inf 2.8518855e+09 (217632)
Clp0006I 155000  Obj 3.7895033e+09 Primal inf 9.0504874e+08 (184509)
Clp0006I 156000  Obj 3.8099632e+09 Primal inf 1.6946611e+09 (220037)
Clp0006I 157000  Obj 3.8284761e+09 Primal inf 2.9748703e+09 (222456)
Clp0006I 158000  Obj 3.8529027e+09 Primal inf 1.0662932e+09 (186689)
Clp0006I 159000  Obj 3.8784953e+09 Primal inf 1.765071e+09 (218188)
Clp0006I 160000  Obj 3.8857752e+09 Primal inf 1.8373566e+09 (217237)
Clp0006I 161000  Obj 3.892436e+09 Primal inf 9.421509e+08 (186535)
Clp0006I 162000  Obj 3.9190403e+09 Primal inf 1.0842808e+09 (189145)
Clp0006I 163000  Obj 3.9336275e+09 Primal inf 1.7570892e+10 (248189)
Clp0006I 164000  Obj 3.9475511e+09 Primal inf 9.8867743e+08 (213463)
Clp0006I 165000  Obj 3.9598553e+09 Primal inf 4.94865e+10 (228017)
Clp0006I 166000  Obj 3.9698261e+09 Primal inf 2.4595405e+09 (219311)
Clp0006I 167000  Obj 3.9768061e+09 Primal inf 8.3405535e+08 (187013)
Clp0006I 168000  Obj 3.9814685e+09 Primal inf 1.0186884e+09 (190383)
Clp0006I 169000  Obj 3.9860276e+09 Primal inf 1.0100011e+09 (188087)
Clp0006I 170000  Obj 3.9919015e+09 Primal inf 1.1718583e+09 (197796)
Clp0006I 171000  Obj 4.0064433e+09 Primal inf 9.0014162e+08 (185191)
Clp0006I 172000  Obj 4.0223142e+09 Primal inf 9.6635754e+08 (187812)
Clp0006I 173000  Obj 4.0380284e+09 Primal inf 9.4573352e+08 (188744)
Clp0006I 174000  Obj 4.0504813e+09 Primal inf 9.8238965e+08 (189190)
Clp0006I 175000  Obj 4.0662363e+09 Primal inf 5.7395602e+09 (229695)
Clp0006I 176000  Obj 4.0811923e+09 Primal inf 1.3937734e+09 (219438)
Clp0006I 177000  Obj 4.1001407e+09 Primal inf 1.857896e+09 (196877)
Clp0006I 178000  Obj 4.1252692e+09 Primal inf 2.8516297e+09 (224042)
Clp0006I 179000  Obj 4.1411838e+09 Primal inf 1.6569159e+09 (221054)
Clp0006I 180000  Obj 4.1567877e+09 Primal inf 1.5340438e+09 (197132)
Clp0006I 181000  Obj 4.1650184e+09 Primal inf 1.0673765e+09 (189540)
Clp0006I 182000  Obj 4.1772418e+09 Primal inf 8.665101e+08 (184857)
Clp0006I 183000  Obj 4.1859381e+09 Primal inf 9.4443497e+08 (186048)
Clp0006I 184000  Obj 4.2089101e+09 Primal inf 1.2421016e+09 (195534)
Clp0006I 185000  Obj 4.2297334e+09 Primal inf 1.6138365e+09 (219628)
Clp0006I 186000  Obj 4.2483049e+09 Primal inf 1.0338967e+09 (188205)
Clp0006I 187000  Obj 4.2636739e+09 Primal inf 8.4494065e+09 (245200)
Clp0006I 188000  Obj 4.2792766e+09 Primal inf 9.7587852e+08 (187339)
Clp0006I 189000  Obj 4.2859006e+09 Primal inf 1.7788755e+09 (193871)
Clp0006I 190000  Obj 4.2984492e+09 Primal inf 2.2212868e+09 (232274)
Clp0006I 191000  Obj 4.3146884e+09 Primal inf 2.3987382e+09 (195956)
Clp0006I 192000  Obj 4.3254897e+09 Primal inf 1.0074887e+09 (182887)
Clp0006I 193000  Obj 4.3362154e+09 Primal inf 2.3270052e+09 (221155)
Clp0006I 194000  Obj 4.3525338e+09 Primal inf 2.5321413e+09 (220675)
Clp0006I 195000  Obj 4.3753525e+09 Primal inf 1.5562003e+09 (194965)
Clp0006I 196000  Obj 4.3927579e+09 Primal inf 1.174679e+09 (191571)
Clp0006I 197000  Obj 4.4093361e+09 Primal inf 1.6208207e+09 (193044)
Clp0006I 198000  Obj 4.4261603e+09 Primal inf 1.0565166e+09 (184601)
Clp0006I 199000  Obj 4.4428184e+09 Primal inf 4.2020942e+10 (227120)
Clp0006I 200000  Obj 4.454508e+09 Primal inf 2.4025027e+09 (230292)
Clp0006I 201000  Obj 4.4748562e+09 Primal inf 1.3995477e+10 (197263)
Clp0006I 202000  Obj 4.4834355e+09 Primal inf 2.6578821e+09 (212567)
Clp0006I 203000  Obj 4.4930368e+09 Primal inf 8.3102861e+10 (196147)
Clp0006I 204000  Obj 4.5152195e+09 Primal inf 1.2194199e+09 (186079)
Clp0006I 205000  Obj 4.5270129e+09 Primal inf 3.3016845e+10 (244941)
Clp0006I 206000  Obj 4.5533966e+09 Primal inf 1.4128922e+09 (186248)
Clp0006I 207000  Obj 4.5710746e+09 Primal inf 1.7504404e+09 (186150)
Clp0006I 208000  Obj 4.580732e+09 Primal inf 1.0406237e+09 (182012)
Clp0006I 209000  Obj 4.5924623e+09 Primal inf 2.6692292e+09 (204933)
Clp0006I 210000  Obj 4.6005848e+09 Primal inf 1.4791393e+09 (206577)
Clp0006I 211000  Obj 4.6121428e+09 Primal inf 1.1991033e+09 (181459)
Clp0006I 212000  Obj 4.6180027e+09 Primal inf 1.1516703e+09 (181346)
Clp0006I 213000  Obj 4.6337985e+09 Primal inf 2.3849968e+09 (210145)
Clp0006I 214000  Obj 4.6415634e+09 Primal inf 1.1438514e+09 (184953)
Clp0006I 215000  Obj 4.6715129e+09 Primal inf 1.1404195e+09 (183052)
Clp0006I 216000  Obj 4.678453e+09 Primal inf 1.3917326e+09 (182733)
Clp0006I 217000  Obj 4.6839158e+09 Primal inf 1.1418657e+09 (179728)
Clp0006I 218000  Obj 4.6901695e+09 Primal inf 1.5591311e+09 (183213)
Clp0006I 219000  Obj 4.6947138e+09 Primal inf 1.2034231e+09 (180319)
Clp0006I 220000  Obj 4.6993254e+09 Primal inf 1.1676411e+09 (179670)
Clp0006I 221000  Obj 4.7009527e+09 Primal inf 1.2009595e+09 (188784)
Clp0006I 222000  Obj 4.7035265e+09 Primal inf 1.1982598e+09 (180705)
Clp0006I 223000  Obj 4.7060967e+09 Primal inf 2.7815281e+10 (215073)
Clp0006I 224000  Obj 4.7064368e+09 Primal inf 1.9276373e+09 (198408)
Clp0006I 225000  Obj 4.7070171e+09 Primal inf 3.1243701e+09 (243923)
Clp0006I 226000  Obj 4.7077206e+09 Primal inf 1.3654597e+09 (204184)
Clp0006I 227000  Obj 4.7143394e+09 Primal inf 2.2118823e+09 (217614)
Clp0006I 228000  Obj 4.7233052e+09 Primal inf 6.2562272e+09 (248413)
Clp0006I 229000  Obj 4.7276431e+09 Primal inf 1.3183783e+09 (186884)
Clp0006I 230000  Obj 4.7357055e+09 Primal inf 1.4233182e+09 (183315)
Clp0006I 231000  Obj 4.7391685e+09 Primal inf 5.0437622e+09 (217733)
Clp0006I 232000  Obj 4.7513963e+09 Primal inf 4.4929127e+09 (211582)
Clp0006I 233000  Obj 4.7833586e+09 Primal inf 3.2438663e+09 (220350)
Clp0006I 234000  Obj 4.8071938e+09 Primal inf 2.2870528e+09 (207552)
Clp0006I 235000  Obj 4.8149574e+09 Primal inf 3.2938721e+09 (240408)
Clp0006I 236000  Obj 4.835014e+09 Primal inf 1.071417e+10 (246669)
Clp0006I 237000  Obj 4.84785e+09 Primal inf 1.3679874e+10 (220984)
Clp0006I 238000  Obj 4.8642071e+09 Primal inf 1.7115699e+09 (184844)
Clp0006I 239000  Obj 4.868315e+09 Primal inf 2.2420931e+09 (183933)
Clp0006I 240000  Obj 4.8737024e+09 Primal inf 2.1043953e+09 (185549)
Clp0006I 241000  Obj 4.8805856e+09 Primal inf 2.4607861e+09 (194969)
Clp0006I 242000  Obj 4.8919259e+09 Primal inf 7.219791e+09 (222699)
Clp0006I 243000  Obj 4.9086139e+09 Primal inf 7.3329233e+09 (211898)
Clp0006I 244000  Obj 4.9336626e+09 Primal inf 5.3697562e+09 (246383)
Clp0006I 245000  Obj 4.9387924e+09 Primal inf 1.5353472e+11 (253754)
Clp0006I 246000  Obj 4.943974e+09 Primal inf 2.1813935e+09 (193742)
Clp0006I 247000  Obj 4.9554952e+09 Primal inf 3.518872e+09 (191756)
Clp0006I 248000  Obj 5.0261287e+09 Primal inf 5.0100706e+10 (255073)
Clp0006I 249000  Obj 5.1079273e+09 Primal inf 3.8241725e+10 (223615)
Clp0006I 250000  Obj 5.1660937e+09 Primal inf 4.1642405e+09 (185301)
Clp0006I 251000  Obj 5.2490959e+09 Primal inf 1.1687961e+10 (209191)
Clp0006I 252000  Obj 5.2812334e+09 Primal inf 3.0297805e+09 (194691)
Clp0006I 253000  Obj 5.3475112e+09 Primal inf 7.055492e+09 (207299)
Clp0006I 254000  Obj 5.4279396e+09 Primal inf 3.2807963e+10 (236196)
Clp0006I 255000  Obj 5.4784271e+09 Primal inf 3.4924346e+09 (207284)
Clp0006I 256000  Obj 5.5731609e+09 Primal inf 5.4827293e+09 (222631)
Clp0006I 257000  Obj 5.6560428e+09 Primal inf 3.3944834e+09 (196441)
Clp0006I 258000  Obj 5.7295626e+09 Primal inf 6.3082172e+09 (200380)
Clp0006I 259000  Obj 5.7458179e+09 Primal inf 2.7358357e+09 (209418)
Clp0006I 260000  Obj 5.7698833e+09 Primal inf 3.9054194e+09 (197184)
Clp0006I 261000  Obj 5.8181042e+09 Primal inf 5.9843279e+09 (191836)
Clp0006I 262000  Obj 5.8698286e+09 Primal inf 3.3711582e+09 (191542)
Clp0006I 263000  Obj 5.88838e+09 Primal inf 6.5862409e+10 (221641)
Clp0006I 264000  Obj 5.9058499e+09 Primal inf 2.0516362e+09 (197063)
Clp0006I 265000  Obj 5.9271555e+09 Primal inf 2.6233712e+10 (219773)
Clp0006I 266000  Obj 6.0119286e+09 Primal inf 1.4081792e+10 (214338)
Clp0006I 267000  Obj 6.0480843e+09 Primal inf 4.1238872e+10 (256359)
Clp0006I 268000  Obj 6.0823694e+09 Primal inf 2.2697167e+10 (230280)
Clp0006I 269000  Obj 6.1326618e+09 Primal inf 4.034049e+09 (213258)
Clp0006I 270000  Obj 6.2744958e+09 Primal inf 1.1125335e+10 (222431)
Clp0006I 271000  Obj 6.3524722e+09 Primal inf 3.3338477e+09 (195636)
Clp0006I 272000  Obj 6.3929081e+09 Primal inf 1.0503317e+10 (229731)
Clp0006I 273000  Obj 6.4717928e+09 Primal inf 3.6824433e+09 (217052)
Clp0006I 274000  Obj 6.5750145e+09 Primal inf 8.6230235e+09 (248672)
Clp0006I 275000  Obj 6.6634793e+09 Primal inf 1.8892863e+11 (253132)
Clp0006I 276000  Obj 6.7475643e+09 Primal inf 7.1589137e+09 (247532)
Clp0006I 277000  Obj 6.8509457e+09 Primal inf 5.6375477e+09 (221398)
Clp0006I 278000  Obj 6.9442016e+09 Primal inf 1.4843451e+10 (223335)
Clp0006I 279000  Obj 6.99311e+09 Primal inf 2.3054559e+09 (198616)
Clp0006I 280000  Obj 7.0590198e+09 Primal inf 4.0384136e+09 (223643)
Clp0006I 281000  Obj 7.1145395e+09 Primal inf 2.2352676e+10 (228508)
Clp0006I 282000  Obj 7.1573858e+09 Primal inf 3.8207631e+10 (250372)
Clp0006I 283000  Obj 7.205681e+09 Primal inf 5.8281966e+10 (269037)
Clp0006I 284000  Obj 7.2582905e+09 Primal inf 9.0137505e+09 (259567)
Clp0006I 285000  Obj 7.3276898e+09 Primal inf 1.5280604e+11 (266968)
Clp0006I 285893  Obj 7.3995782e+09 Primal inf 4.2229129e+11 (315186)
Clp0006I 286893  Obj 7.4561961e+09 Primal inf 1.2320131e+10 (246104)
Clp0006I 287857  Obj 7.5045704e+09 Primal inf 2.2427141e+11 (279603)
Clp0006I 288857  Obj 7.5524501e+09 Primal inf 1.2397274e+10 (263469)
Clp0006I 289857  Obj 7.5935794e+09 Primal inf 1.4787503e+10 (237643)
Clp0006I 290857  Obj 7.6360509e+09 Primal inf 3.0733521e+09 (240700)
Clp0006I 291857  Obj 7.6806303e+09 Primal inf 3.1291822e+10 (286140)
Clp0006I 292857  Obj 7.721175e+09 Primal inf 9.8882376e+09 (236884)
Clp0006I 293857  Obj 7.7557549e+09 Primal inf 1.2392082e+09 (224865)
Clp0006I 294857  Obj 7.7918867e+09 Primal inf 4.0516773e+09 (219611)
Clp0006I 295857  Obj 7.8176991e+09 Primal inf 6.8327785e+09 (244346)
Clp0006I 296857  Obj 7.8402427e+09 Primal inf 1.3965092e+10 (268993)
Clp0006I 297857  Obj 7.8855913e+09 Primal inf 8.4250406e+10 (243866)
Clp0006I 298857  Obj 7.9082133e+09 Primal inf 6.0508414e+09 (240299)
Clp0006I 299857  Obj 7.9508485e+09 Primal inf 1.5195466e+10 (250471)
Clp0006I 300857  Obj 8.0085557e+09 Primal inf 4.2363373e+09 (267039)
Clp0006I 301857  Obj 8.0439783e+09 Primal inf 3.4513931e+09 (243072)
Clp0006I 302857  Obj 8.2054052e+09 Primal inf 4.2892579e+09 (250045)
Clp0006I 303857  Obj 8.2452204e+09 Primal inf 3.6618892e+09 (291965)
Clp0006I 304857  Obj 8.2663764e+09 Primal inf 4.4257259e+09 (215991)
Clp0006I 305857  Obj 8.3068419e+09 Primal inf 6.5330918e+09 (234195)
Clp0006I 306857  Obj 8.3341443e+09 Primal inf 1.5088298e+10 (257883)
Clp0006I 307857  Obj 8.3657173e+09 Primal inf 7.850481e+09 (296393)
Clp0006I 308857  Obj 8.3951902e+09 Primal inf 1.3384481e+11 (301314)
Clp0006I 309857  Obj 8.4132636e+09 Primal inf 1.2954895e+09 (210967)
Clp0006I 310857  Obj 8.4468409e+09 Primal inf 5.6603674e+09 (268790)
Clp0006I 311857  Obj 8.4727067e+09 Primal inf 3.0649717e+09 (224570)
Clp0006I 312857  Obj 8.4990981e+09 Primal inf 6.6162084e+09 (240780)
Clp0006I 313857  Obj 8.5280297e+09 Primal inf 1.0383462e+09 (201150)
Clp0006I 314857  Obj 8.5429249e+09 Primal inf 7.5899932e+09 (259796)
Clp0006I 315857  Obj 8.572344e+09 Primal inf 3.6171562e+09 (255236)
Clp0006I 316857  Obj 8.6000559e+09 Primal inf 5.5556863e+09 (270504)
Clp0006I 317857  Obj 8.6074489e+09 Primal inf 3.303349e+09 (258255)
Clp0006I 318857  Obj 8.6268707e+09 Primal inf 3.1746395e+09 (247561)
Clp0006I 319857  Obj 8.6395758e+09 Primal inf 1.3379608e+09 (210822)
Clp0006I 320857  Obj 8.6471993e+09 Primal inf 2.7843282e+09 (216399)
Clp0006I 321857  Obj 8.6535177e+09 Primal inf 5.2774769e+09 (223990)
Clp0006I 322857  Obj 8.6638355e+09 Primal inf 1.5583872e+09 (205328)
Clp0006I 323857  Obj 8.6836773e+09 Primal inf 6.0147839e+09 (257148)
Clp0006I 324857  Obj 8.7063403e+09 Primal inf 5.2890872e+09 (240351)
Clp0006I 325857  Obj 8.712324e+09 Primal inf 1.4242739e+09 (218708)
Clp0006I 326857  Obj 8.7182712e+09 Primal inf 6.8898543e+08 (201035)
Clp0006I 327857  Obj 8.7260019e+09 Primal inf 8.3312108e+08 (208485)
Clp0006I 328857  Obj 8.7303828e+09 Primal inf 7.4056215e+08 (210798)
Clp0006I 329857  Obj 8.7419541e+09 Primal inf 3.2070099e+09 (267274)
Clp0006I 330857  Obj 8.7478623e+09 Primal inf 1.3738164e+10 (287508)
Clp0006I 331857  Obj 8.7584396e+09 Primal inf 3.8718977e+09 (266365)
Clp0006I 332857  Obj 8.767911e+09 Primal inf 9.4709891e+08 (216021)
Clp0006I 333857  Obj 8.7731869e+09 Primal inf 1.5590661e+09 (208234)
Clp0006I 334857  Obj 8.7838435e+09 Primal inf 3.4897333e+09 (273437)
Clp0006I 335857  Obj 8.7918709e+09 Primal inf 4.2346101e+09 (278781)
Clp0006I 336857  Obj 8.797838e+09 Primal inf 5.385148e+09 (259042)
Clp0006I 337857  Obj 8.806364e+09 Primal inf 7.1759863e+08 (204504)
Clp0006I 338857  Obj 8.8112594e+09 Primal inf 1.0522255e+09 (209168)
Clp0006I 339857  Obj 8.815469e+09 Primal inf 2.140729e+09 (260335)
Clp0006I 340857  Obj 8.8311281e+09 Primal inf 2.814049e+09 (244464)
Clp0006I 341857  Obj 8.8396436e+09 Primal inf 2.970659e+09 (260991)
Clp0006I 342857  Obj 8.8517188e+09 Primal inf 1.9064778e+09 (239012)
Clp0006I 343857  Obj 8.8735365e+09 Primal inf 2.1853297e+10 (255204)
Clp0006I 344857  Obj 8.879743e+09 Primal inf 8.7585541e+09 (265991)
Clp0006I 345857  Obj 8.8835198e+09 Primal inf 1.4003953e+10 (264071)
Clp0006I 346857  Obj 8.8857869e+09 Primal inf 9.2175162e+09 (272075)
Clp0006I 347857  Obj 8.888045e+09 Primal inf 1.7658009e+09 (230997)
Clp0006I 348857  Obj 8.8903816e+09 Primal inf 1.2165748e+10 (250454)
Clp0006I 349857  Obj 8.8953823e+09 Primal inf 1.1883593e+09 (239050)
Clp0006I 350857  Obj 8.901793e+09 Primal inf 5.7871576e+09 (249649)
Clp0006I 351857  Obj 8.9044663e+09 Primal inf 3.024207e+09 (220710)
Clp0006I 352857  Obj 8.9095231e+09 Primal inf 1.498181e+09 (250526)
Clp0006I 353857  Obj 8.9148144e+09 Primal inf 1.4272361e+09 (223457)
Clp0006I 354857  Obj 8.9167267e+09 Primal inf 1.7475377e+10 (284372)
Clp0006I 355857  Obj 8.9248845e+09 Primal inf 1.6723199e+09 (237273)
Clp0006I 356857  Obj 8.9293402e+09 Primal inf 4.8022342e+09 (246977)
Clp0006I 357857  Obj 8.9411279e+09 Primal inf 3.8028972e+09 (280739)
Clp0006I 358857  Obj 8.9450237e+09 Primal inf 1.9640079e+09 (239246)
Clp0006I 359857  Obj 8.9496286e+09 Primal inf 1.2360892e+09 (226998)
Clp0006I 360857  Obj 8.9564561e+09 Primal inf 2.1183407e+09 (231881)
Clp0006I 361857  Obj 8.9646701e+09 Primal inf 1.7174349e+09 (216801)
Clp0006I 362857  Obj 8.9675505e+09 Primal inf 1.1424814e+09 (226006)
Clp0006I 363857  Obj 8.9761669e+09 Primal inf 3.2175734e+09 (245104)
Clp0006I 364857  Obj 8.9791145e+09 Primal inf 2.1648629e+09 (223235)
Clp0006I 365857  Obj 8.988071e+09 Primal inf 4.5673733e+10 (250586)
Clp0006I 366857  Obj 8.9922391e+09 Primal inf 8.6179956e+09 (230927)
Clp0006I 367857  Obj 8.9934968e+09 Primal inf 5.5814558e+09 (229246)
Clp0006I 368857  Obj 8.9981109e+09 Primal inf 9.8334255e+08 (224298)
Clp0006I 369857  Obj 9.0075303e+09 Primal inf 1.3686698e+09 (210109)
Clp0006I 370857  Obj 9.0210702e+09 Primal inf 3.0672704e+10 (269250)
Clp0006I 371857  Obj 9.0303388e+09 Primal inf 3.997408e+09 (245305)
Clp0006I 372857  Obj 9.0401331e+09 Primal inf 6.0491096e+09 (273260)
Clp0006I 373857  Obj 9.0516846e+09 Primal inf 8.9326345e+09 (248235)
Clp0006I 374857  Obj 9.0571697e+09 Primal inf 7.5597113e+08 (232399)
Clp0006I 375857  Obj 9.0604525e+09 Primal inf 2.9322946e+09 (262594)
Clp0006I 376857  Obj 9.0645627e+09 Primal inf 1.0713687e+10 (230531)
Clp0006I 377857  Obj 9.0691604e+09 Primal inf 5.6172853e+09 (277799)
Clp0006I 378857  Obj 9.0742832e+09 Primal inf 1.8278826e+09 (242660)
Clp0006I 379857  Obj 9.0825335e+09 Primal inf 1.7500275e+10 (257888)
Clp0006I 380857  Obj 9.0936975e+09 Primal inf 3.9406203e+09 (209466)
Clp0006I 381857  Obj 9.098133e+09 Primal inf 1.2237099e+09 (213146)
Clp0006I 382857  Obj 9.1036569e+09 Primal inf 1.568595e+09 (232913)
Clp0006I 383857  Obj 9.1103441e+09 Primal inf 1.5743237e+09 (217981)
Clp0006I 384857  Obj 9.1146111e+09 Primal inf 1.4511585e+09 (226796)
Clp0006I 385857  Obj 9.1380525e+09 Primal inf 3.4828298e+10 (272178)
Clp0006I 386857  Obj 9.1528282e+09 Primal inf 7.4380667e+09 (287208)
Clp0006I 387857  Obj 9.1617011e+09 Primal inf 3.2785087e+10 (263284)
Clp0006I 388857  Obj 9.176948e+09 Primal inf 1.2377167e+09 (233657)
Clp0006I 389857  Obj 9.1812117e+09 Primal inf 2.3746941e+09 (235154)
Clp0006I 390857  Obj 9.1841619e+09 Primal inf 1.3373772e+09 (253276)
Clp0006I 391857  Obj 9.1916744e+09 Primal inf 4.4713714e+09 (263388)
Clp0006I 392857  Obj 9.2017055e+09 Primal inf 8.169258e+08 (248164)
Clp0006I 393857  Obj 9.20637e+09 Primal inf 1.9773266e+09 (222302)
Clp0006I 394857  Obj 9.217662e+09 Primal inf 1.6414986e+09 (236365)
Clp0006I 395857  Obj 9.2205103e+09 Primal inf 1.4222969e+09 (237766)
Clp0006I 396857  Obj 9.2236189e+09 Primal inf 6.2885366e+10 (263776)
Clp0006I 397857  Obj 9.2419086e+09 Primal inf 4.3422738e+10 (283994)
Clp0006I 398857  Obj 9.25035e+09 Primal inf 2.0897167e+09 (263862)
Clp0006I 399857  Obj 9.2593172e+09 Primal inf 8.7362232e+09 (289252)
Clp0006I 400857  Obj 9.2646441e+09 Primal inf 2.4564216e+09 (281456)
Clp0006I 401857  Obj 9.268739e+09 Primal inf 2.417742e+10 (268967)
Clp0006I 402857  Obj 9.2710553e+09 Primal inf 2.7496713e+10 (269051)
Clp0006I 403857  Obj 9.2751731e+09 Primal inf 4.6999067e+09 (259692)
Clp0006I 404857  Obj 9.2801731e+09 Primal inf 4.0580199e+09 (278100)
Clp0006I 405857  Obj 9.284205e+09 Primal inf 5.1496462e+10 (303943)
Clp0006I 406857  Obj 9.2925205e+09 Primal inf 2.8624281e+10 (308159)
Clp0006I 407857  Obj 9.2980007e+09 Primal inf 3.0361725e+10 (294089)
Clp0006I 408857  Obj 9.3044595e+09 Primal inf 1.5591532e+10 (279384)
Clp0006I 409857  Obj 9.3114446e+09 Primal inf 4.7175576e+10 (280281)
Clp0006I 410857  Obj 9.3163234e+09 Primal inf 2.0872358e+09 (223966)
Clp0006I 411857  Obj 9.3201289e+09 Primal inf 1.1021578e+09 (254377)
Clp0006I 412857  Obj 9.3248978e+09 Primal inf 2.6292092e+09 (291896)
Clp0006I 413857  Obj 9.3286818e+09 Primal inf 1.3097652e+09 (253742)
Clp0006I 414857  Obj 9.3317328e+09 Primal inf 2.8767913e+09 (255764)
Clp0006I 415857  Obj 9.3332588e+09 Primal inf 1.5222224e+09 (264680)
Clp0006I 416857  Obj 9.3398411e+09 Primal inf 2.3456614e+09 (301789)
Clp0006I 417857  Obj 9.3437956e+09 Primal inf 1.3376328e+09 (263534)
Clp0006I 418857  Obj 9.3471101e+09 Primal inf 1.2961406e+09 (226453)
Clp0006I 419857  Obj 9.3490598e+09 Primal inf 1.2311854e+09 (229023)
Clp0006I 420857  Obj 9.3510927e+09 Primal inf 1.0600141e+09 (226146)
Clp0006I 421857  Obj 9.3544886e+09 Primal inf 5.315146e+09 (258231)
Clp0006I 422857  Obj 9.3556238e+09 Primal inf 8.9577048e+09 (272057)
Clp0006I 423857  Obj 9.3620692e+09 Primal inf 6.5353929e+09 (302129)
Clp0006I 424857  Obj 9.3671034e+09 Primal inf 7.6983406e+09 (294544)
Clp0006I 425857  Obj 9.3797307e+09 Primal inf 1.6912975e+09 (261415)
Clp0006I 426857  Obj 9.3831916e+09 Primal inf 7.6952209e+09 (294626)
Clp0006I 427857  Obj 9.3901102e+09 Primal inf 4.4344126e+09 (293339)
Clp0006I 428857  Obj 9.394304e+09 Primal inf 4.2277469e+09 (259708)
Clp0006I 429857  Obj 9.3973715e+09 Primal inf 5.105374e+09 (242517)
Clp0006I 430857  Obj 9.4110352e+09 Primal inf 1.6059203e+09 (231776)
Clp0006I 431857  Obj 9.4255593e+09 Primal inf 1.6854378e+09 (255313)
Clp0006I 432857  Obj 9.4328245e+09 Primal inf 1.1224115e+09 (235402)
Clp0006I 433857  Obj 9.4377823e+09 Primal inf 1.793873e+09 (223596)
Clp0006I 434857  Obj 9.4470418e+09 Primal inf 5.7281698e+09 (252220)
Clp0006I 435857  Obj 9.4539761e+09 Primal inf 1.3007351e+09 (233207)
Clp0006I 436857  Obj 9.4595516e+09 Primal inf 1.2473056e+09 (254487)
Clp0006I 437857  Obj 9.4665282e+09 Primal inf 1.251931e+09 (238671)
Clp0006I 438857  Obj 9.4750757e+09 Primal inf 1.7594015e+10 (266315)
Clp0006I 439857  Obj 9.4820463e+09 Primal inf 1.2009683e+09 (227108)
Clp0006I 440857  Obj 9.4877909e+09 Primal inf 2.3374947e+09 (238853)
Clp0006I 441857  Obj 9.5046285e+09 Primal inf 2.0622716e+09 (262159)
Clp0006I 442857  Obj 9.5138407e+09 Primal inf 6.3537173e+08 (206174)
Clp0006I 443857  Obj 9.5262396e+09 Primal inf 1.4627958e+10 (262568)
Clp0006I 444857  Obj 9.5361855e+09 Primal inf 1.7268155e+09 (233240)
Clp0006I 445857  Obj 9.5554629e+09 Primal inf 8.2221648e+10 (280047)
Clp0006I 446857  Obj 9.5645786e+09 Primal inf 1.4544439e+10 (289294)
Clp0006I 447857  Obj 9.5832931e+09 Primal inf 2.3643856e+10 (271291)
Clp0006I 448857  Obj 9.5918193e+09 Primal inf 6.6451504e+10 (330949)
Clp0006I 449857  Obj 9.6007028e+09 Primal inf 7.4167705e+10 (290758)
Clp0006I 450857  Obj 9.6097482e+09 Primal inf 2.6751198e+09 (264063)
Clp0006I 451857  Obj 9.618767e+09 Primal inf 1.5504796e+10 (344665)
Clp0006I 452857  Obj 9.6342439e+09 Primal inf 1.1430348e+10 (270397)
Clp0006I 453857  Obj 9.6497254e+09 Primal inf 1.4685689e+10 (275897)
Clp0006I 454857  Obj 9.658955e+09 Primal inf 2.937055e+09 (238769)
Clp0006I 455857  Obj 9.6705706e+09 Primal inf 8.6057116e+09 (273555)
Clp0006I 456857  Obj 9.6863331e+09 Primal inf 1.198774e+11 (319045)
Clp0006I 457857  Obj 9.6964624e+09 Primal inf 1.4742645e+10 (283667)
Clp0006I 458857  Obj 9.7057629e+09 Primal inf 9.7642236e+09 (270459)
Clp0006I 459857  Obj 9.7238712e+09 Primal inf 6.3929206e+10 (328537)
Clp0006I 460857  Obj 9.7295377e+09 Primal inf 4.0149461e+09 (309348)
Clp0006I 461857  Obj 9.7368463e+09 Primal inf 4.0038853e+09 (295112)
Clp0006I 462857  Obj 9.7447584e+09 Primal inf 1.6078152e+10 (296100)
Clp0006I 463857  Obj 9.7615561e+09 Primal inf 1.996197e+10 (297360)
Clp0006I 464857  Obj 9.77346e+09 Primal inf 6.2551287e+09 (264465)
Clp0006I 465857  Obj 9.7807753e+09 Primal inf 3.5936598e+11 (289916)
Clp0006I 466857  Obj 9.7867094e+09 Primal inf 1.667131e+10 (307859)
Clp0006I 467857  Obj 9.7962875e+09 Primal inf 2.2237861e+10 (318376)
Clp0006I 468857  Obj 9.8058586e+09 Primal inf 8.8005613e+09 (281657)
Clp0006I 469857  Obj 9.8119584e+09 Primal inf 1.0026426e+10 (280932)
Clp0006I 470857  Obj 9.8183468e+09 Primal inf 2.9682259e+10 (334632)
Clp0006I 471857  Obj 9.8270504e+09 Primal inf 1.2274074e+11 (337695)
Clp0006I 472857  Obj 9.84346e+09 Primal inf 1.78708e+11 (356880)
Clp0006I 473857  Obj 9.8538132e+09 Primal inf 5.6796265e+09 (330335)
Clp0006I 474857  Obj 9.8692139e+09 Primal inf 9.5004219e+09 (329609)
Clp0006I 475857  Obj 9.8824916e+09 Primal inf 1.1651027e+10 (325286)
Clp0006I 476857  Obj 9.8935683e+09 Primal inf 1.3675388e+10 (267231)
Clp0006I 477857  Obj 9.9007464e+09 Primal inf 1.2747097e+10 (296319)
Clp0006I 478857  Obj 9.9047607e+09 Primal inf 6.5125095e+09 (264812)
Clp0006I 479857  Obj 9.9136318e+09 Primal inf 6.7420053e+09 (277705)
Clp0006I 480857  Obj 9.9245119e+09 Primal inf 9.8953212e+10 (323552)
Clp0006I 481857  Obj 9.9428132e+09 Primal inf 7.2177638e+09 (246579)
Clp0006I 482857  Obj 9.9531891e+09 Primal inf 1.775291e+11 (325596)
Clp0006I 483857  Obj 9.9569266e+09 Primal inf 1.3204942e+11 (282884)
Clp0006I 484857  Obj 9.968857e+09 Primal inf 5.6808941e+10 (277598)
Clp0006I 485857  Obj 9.9774154e+09 Primal inf 8.0707848e+10 (302385)
Clp0006I 486857  Obj 9.985571e+09 Primal inf 1.0780637e+11 (278488)
Clp0006I 487857  Obj 1.001103e+10 Primal inf 2.6136563e+10 (271283)
Clp0006I 488857  Obj 1.0026688e+10 Primal inf 5.3387297e+10 (344486)
Clp0006I 489857  Obj 1.0038764e+10 Primal inf 6.0921971e+10 (354500)
Clp0006I 490857  Obj 1.0045019e+10 Primal inf 1.4239642e+10 (323842)
Clp0006I 491857  Obj 1.0054018e+10 Primal inf 8.5451165e+09 (286330)
Clp0006I 492857  Obj 1.006115e+10 Primal inf 1.0739074e+10 (296738)
Clp0006I 493857  Obj 1.0068268e+10 Primal inf 1.72149e+10 (276187)
Clp0006I 494857  Obj 1.007728e+10 Primal inf 2.6282967e+10 (310947)
Clp0006I 495857  Obj 1.0083191e+10 Primal inf 5.3600346e+09 (317520)
Clp0006I 496857  Obj 1.0087803e+10 Primal inf 7.3411514e+09 (324474)
Clp0006I 497857  Obj 1.0094985e+10 Primal inf 3.612101e+11 (333735)
Clp0006I 498857  Obj 1.0099788e+10 Primal inf 2.374122e+09 (258509)
Clp0006I 499857  Obj 1.0101664e+10 Primal inf 1.9118209e+09 (274460)
Clp0006I 500857  Obj 1.0104317e+10 Primal inf 9.9243833e+09 (316455)
Clp0006I 501857  Obj 1.0110233e+10 Primal inf 1.7507497e+10 (342826)
Clp0006I 502857  Obj 1.0114657e+10 Primal inf 5.6806383e+09 (295168)
Clp0006I 503857  Obj 1.0115948e+10 Primal inf 1.0791254e+09 (287327)
Clp0006I 504857  Obj 1.0121455e+10 Primal inf 5.9777317e+10 (349554)
Clp0006I 505857  Obj 1.0126059e+10 Primal inf 2.8767047e+10 (326476)
Clp0006I 506857  Obj 1.0130754e+10 Primal inf 3.1746237e+09 (283546)
Clp0006I 507857  Obj 1.0135912e+10 Primal inf 8.9642696e+10 (337975)
Clp0006I 508857  Obj 1.0137153e+10 Primal inf 2.1543589e+10 (338059)
Clp0006I 509857  Obj 1.0141669e+10 Primal inf 2.8659752e+10 (311310)
Clp0006I 510857  Obj 1.0149223e+10 Primal inf 4.5363013e+11 (347379)
Clp0006I 511857  Obj 1.0152332e+10 Primal inf 3.7491811e+11 (328462)
Clp0006I 512857  Obj 1.0157035e+10 Primal inf 9.0797694e+09 (260802)
Clp0006I 513857  Obj 1.0159731e+10 Primal inf 1.7122056e+09 (242862)
Clp0006I 514857  Obj 1.0174813e+10 Primal inf 1.2190512e+11 (353251)
Clp0006I 515857  Obj 1.0185539e+10 Primal inf 2.4929018e+10 (338125)
Clp0006I 516857  Obj 1.0197448e+10 Primal inf 3.5845406e+10 (276356)
Clp0006I 517857  Obj 1.0206019e+10 Primal inf 1.6534333e+10 (336503)
Clp0006I 518857  Obj 1.0214651e+10 Primal inf 6.4365302e+09 (266877)
Clp0006I 519857  Obj 1.0223238e+10 Primal inf 2.2055021e+09 (285008)
Clp0006I 520857  Obj 1.0237127e+10 Primal inf 7.1723704e+09 (269940)
Clp0006I 521857  Obj 1.0241334e+10 Primal inf 1.4663038e+10 (269607)
Clp0006I 522857  Obj 1.0251232e+10 Primal inf 1.1570712e+10 (314929)
Clp0006I 523857  Obj 1.0262821e+10 Primal inf 1.0440477e+10 (326284)
Clp0006I 524857  Obj 1.0273661e+10 Primal inf 3.316861e+10 (338987)
Clp0006I 525857  Obj 1.0282848e+10 Primal inf 8.1842325e+09 (303134)
Clp0006I 526857  Obj 1.0289689e+10 Primal inf 4.5427095e+10 (302277)
Clp0006I 527857  Obj 1.0296077e+10 Primal inf 1.2197989e+11 (281595)
Clp0006I 528857  Obj 1.0308113e+10 Primal inf 1.6612978e+10 (313342)
Clp0006I 529857  Obj 1.0311212e+10 Primal inf 5.6625404e+10 (344001)
Clp0006I 530857  Obj 1.0315334e+10 Primal inf 9.1375429e+10 (320655)
Clp0006I 531857  Obj 1.0321107e+10 Primal inf 1.2880398e+10 (297848)
Clp0006I 532857  Obj 1.0326788e+10 Primal inf 3.4771028e+09 (267727)
Clp0006I 533857  Obj 1.0331777e+10 Primal inf 4.7034605e+09 (268849)
Clp0006I 534857  Obj 1.0339342e+10 Primal inf 3.5403349e+10 (285876)
Clp0006I 535857  Obj 1.0345191e+10 Primal inf 2.0391411e+10 (320868)
Clp0006I 536857  Obj 1.035486e+10 Primal inf 2.3750206e+09 (258187)
Clp0006I 537857  Obj 1.0367579e+10 Primal inf 3.1419911e+10 (329176)
Clp0006I 538857  Obj 1.0384174e+10 Primal inf 6.2646252e+10 (306316)
Clp0006I 539857  Obj 1.0403107e+10 Primal inf 4.4970988e+09 (323200)
Clp0006I 540857  Obj 1.0412751e+10 Primal inf 3.0024218e+10 (348706)
Clp0006I 541857  Obj 1.0428965e+10 Primal inf 7.905604e+10 (345381)
Clp0006I 542852  Obj 1.0442061e+10 Primal inf 2.74071e+10 (336895)
Clp0006I 543852  Obj 1.0453663e+10 Primal inf 4.453958e+10 (361213)
Clp0006I 544852  Obj 1.047591e+10 Primal inf 8.6477499e+09 (338499)
Clp0006I 545852  Obj 1.0488054e+10 Primal inf 2.8191154e+10 (326665)
Clp0006I 546852  Obj 1.0501138e+10 Primal inf 2.1837901e+10 (375916)
Clp0006I 547852  Obj 1.0521701e+10 Primal inf 7.0618719e+10 (340807)
Clp0006I 548852  Obj 1.0545336e+10 Primal inf 4.7388187e+11 (343716)
Clp0006I 549852  Obj 1.055889e+10 Primal inf 4.7278375e+10 (338868)
Clp0006I 550852  Obj 1.0569179e+10 Primal inf 4.3080564e+10 (378058)
Clp0006I 551852  Obj 1.0582428e+10 Primal inf 3.7099076e+09 (322262)
Clp0006I 552852  Obj 1.0588727e+10 Primal inf 3.0645422e+10 (326273)
Clp0006I 553852  Obj 1.0602187e+10 Primal inf 2.8984857e+09 (285704)
Clp0006I 554852  Obj 1.0610207e+10 Primal inf 8.2919926e+10 (367247)
Clp0006I 555852  Obj 1.0620202e+10 Primal inf 2.7635591e+09 (299984)
Clp0006I 556852  Obj 1.0633514e+10 Primal inf 7.1532738e+09 (293409)
Clp0006I 557852  Obj 1.064394e+10 Primal inf 1.4581085e+10 (299465)
Clp0006I 558852  Obj 1.0653918e+10 Primal inf 4.1817084e+09 (310694)
Clp0006I 559852  Obj 1.0664415e+10 Primal inf 1.531829e+10 (315881)
Clp0006I 560852  Obj 1.0676365e+10 Primal inf 1.1327807e+12 (369761)
Clp0006I 561852  Obj 1.0687165e+10 Primal inf 1.0949396e+10 (329433)
Clp0006I 562852  Obj 1.0696934e+10 Primal inf 1.9481614e+10 (374101)
Clp0006I 563852  Obj 1.0703632e+10 Primal inf 8.6603518e+09 (349036)
Clp0006I 564852  Obj 1.0709059e+10 Primal inf 5.6120879e+11 (370634)
Clp0006I 565852  Obj 1.0718793e+10 Primal inf 9.0430556e+09 (295083)
Clp0006I 566852  Obj 1.0728569e+10 Primal inf 1.1138218e+10 (328386)
Clp0006I 567852  Obj 1.0736404e+10 Primal inf 2.0236035e+10 (319171)
Clp0006I 568852  Obj 1.0741477e+10 Primal inf 1.2639037e+10 (326956)
Clp0006I 569852  Obj 1.0746003e+10 Primal inf 5.4640371e+10 (334916)
Clp0006I 570852  Obj 1.0757883e+10 Primal inf 4.315481e+09 (325676)
Clp0006I 571852  Obj 1.0764254e+10 Primal inf 8.7657702e+09 (337788)
Clp0006I 572852  Obj 1.0767287e+10 Primal inf 3.7143271e+09 (298688)
Clp0006I 573852  Obj 1.0772245e+10 Primal inf 9.662717e+09 (373314)
Clp0006I 574852  Obj 1.0779324e+10 Primal inf 2.0240147e+10 (334573)
Clp0006I 575852  Obj 1.079059e+10 Primal inf 3.1816066e+11 (363754)
Clp0006I 576852  Obj 1.0801887e+10 Primal inf 2.7474507e+09 (266959)
Clp0006I 577852  Obj 1.0812156e+10 Primal inf 3.4269996e+09 (320955)
Clp0006I 578852  Obj 1.0821022e+10 Primal inf 3.6861167e+09 (288214)
Clp0006I 579852  Obj 1.0830563e+10 Primal inf 1.4432314e+10 (328947)
Clp0006I 580852  Obj 1.084554e+10 Primal inf 2.5573066e+10 (348854)
Clp0006I 581852  Obj 1.0862244e+10 Primal inf 1.2889381e+10 (324413)
Clp0006I 582852  Obj 1.0873897e+10 Primal inf 2.1862677e+10 (323328)
Clp0006I 583852  Obj 1.088952e+10 Primal inf 1.4118175e+10 (377460)
Clp0006I 584852  Obj 1.0906724e+10 Primal inf 1.007996e+11 (378596)
Clp0006I 585852  Obj 1.0922243e+10 Primal inf 1.86667e+10 (377987)
Clp0006I 586852  Obj 1.093742e+10 Primal inf 5.2112921e+10 (379124)
Clp0006I 587852  Obj 1.0951257e+10 Primal inf 2.084185e+10 (357612)
Clp0006I 588852  Obj 1.0965185e+10 Primal inf 4.1393816e+10 (334030)
Clp0006I 589852  Obj 1.0974723e+10 Primal inf 4.9828091e+10 (323140)
Clp0006I 590852  Obj 1.0987192e+10 Primal inf 7.3965272e+12 (426345)
Clp0006I 591852  Obj 1.1000572e+10 Primal inf 1.1458414e+10 (310322)
Clp0006I 592852  Obj 1.1014339e+10 Primal inf 2.3475651e+10 (314429)
Clp0006I 593852  Obj 1.1026695e+10 Primal inf 1.7781762e+11 (347400)
Clp0006I 594852  Obj 1.1042596e+10 Primal inf 3.4791862e+10 (356058)
Clp0006I 595852  Obj 1.1053637e+10 Primal inf 1.0425098e+10 (315387)
Clp0006I 596852  Obj 1.1064487e+10 Primal inf 4.5741095e+11 (398858)
Clp0006I 597852  Obj 1.1080451e+10 Primal inf 4.2285231e+11 (427015)
Clp0006I 598852  Obj 1.1095353e+10 Primal inf 1.9349427e+10 (331062)
Clp0006I 599852  Obj 1.1111107e+10 Primal inf 3.3191765e+09 (343774)
Clp0006I 600852  Obj 1.1126548e+10 Primal inf 2.8826693e+11 (385871)
Clp0006I 601569  Obj 1.1135735e+10 Primal inf 2.9679553e+09 (309675)
Clp0006I 602569  Obj 1.1146032e+10 Primal inf 2.1763602e+11 (364435)
Clp0006I 603569  Obj 1.1159612e+10 Primal inf 6.7137916e+10 (409413)
Clp0006I 604569  Obj 1.1170234e+10 Primal inf 3.8657347e+11 (400093)
Clp0006I 605150  Obj 1.1179761e+10 Primal inf 2.1419458e+13 (400041)
Clp0006I 606150  Obj 1.1191882e+10 Primal inf 2.4640758e+10 (369469)
Clp0006I 607150  Obj 1.120455e+10 Primal inf 4.4186557e+10 (396431)
Clp0006I 608150  Obj 1.1219486e+10 Primal inf 3.6716091e+10 (324472)
Clp0006I 609150  Obj 1.1235299e+10 Primal inf 1.1024102e+11 (351940)
Clp0006I 610150  Obj 1.1247366e+10 Primal inf 1.5892896e+10 (356579)
Clp0006I 611150  Obj 1.1260257e+10 Primal inf 2.0068649e+10 (371410)
Clp0006I 611914  Obj 1.1270023e+10 Primal inf 7.6531704e+11 (329383)
Clp0006I 612914  Obj 1.1294068e+10 Primal inf 5.2863783e+10 (316443)
Clp0006I 613914  Obj 1.1309088e+10 Primal inf 2.9441073e+09 (288777)
Clp0006I 614914  Obj 1.1324163e+10 Primal inf 1.6031167e+10 (311977)
Clp0006I 615914  Obj 1.1355605e+10 Primal inf 3.1560109e+10 (382630)
Clp0006I 616827  Obj 1.1382767e+10 Primal inf 9.0734462e+09 (360358)
Clp0006I 617827  Obj 1.1395463e+10 Primal inf 2.0814228e+10 (365671)
Clp0006I 618827  Obj 1.14221e+10 Primal inf 2.3997679e+11 (361895)
Clp0006I 619811  Obj 1.1441439e+10 Primal inf 2.2706025e+10 (401730)
Clp0006I 620811  Obj 1.1459765e+10 Primal inf 2.7460174e+10 (360617)
Clp0006I 621811  Obj 1.1473001e+10 Primal inf 2.6729641e+10 (328575)
Clp0006I 622811  Obj 1.1481937e+10 Primal inf 1.1464382e+11 (378740)
Clp0006I 623811  Obj 1.1490908e+10 Primal inf 4.6544535e+11 (424878)
Clp0006I 624811  Obj 1.1500042e+10 Primal inf 9.236581e+09 (337877)
Clp0006I 625811  Obj 1.1509058e+10 Primal inf 2.2880978e+11 (371051)
Clp0006I 626600  Obj 1.1517732e+10 Primal inf 2.7793775e+11 (402314)
Clp0006I 627600  Obj 1.1535388e+10 Primal inf 1.2983497e+11 (359233)
Clp0006I 628600  Obj 1.1557437e+10 Primal inf 1.8135846e+10 (342204)
Clp0006I 629111  Obj 1.1564487e+10 Primal inf 1.5147751e+11 (405442)
Clp0006I 630111  Obj 1.1585954e+10 Primal inf 2.2410267e+11 (330047)
Clp0006I 631111  Obj 1.1596378e+10 Primal inf 2.0742321e+10 (403591)
Clp0006I 632111  Obj 1.1607905e+10 Primal inf 1.7382346e+11 (403895)
Clp0006I 633111  Obj 1.162326e+10 Primal inf 1.2566348e+10 (319372)
Clp0006I 634111  Obj 1.1639621e+10 Primal inf 2.3714671e+11 (428141)
Clp0006I 635111  Obj 1.1654598e+10 Primal inf 2.6924287e+10 (375004)
Clp0006I 636111  Obj 1.1664951e+10 Primal inf 1.5481949e+12 (339662)
Clp0006I 636855  Obj 1.1675032e+10 Primal inf 7.2476502e+10 (364968)
Clp0006I 637420  Obj 1.1682014e+10 Primal inf 2.6722939e+11 (385644)
Clp0006I 638420  Obj 1.1693802e+10 Primal inf 3.170695e+10 (391122)
Clp0006I 639342  Obj 1.1704984e+10 Primal inf 1.1683439e+10 (381271)
Clp0006I 640342  Obj 1.1712607e+10 Primal inf 4.9904723e+10 (430132)
Clp0006I 641342  Obj 1.172441e+10 Primal inf 8.6604995e+10 (392876)
Clp0006I 642234  Obj 1.1731369e+10 Primal inf 3.4518077e+11 (445617)
Clp0006I 643197  Obj 1.1741148e+10 Primal inf 2.1965936e+10 (350668)
Clp0006I 644197  Obj 1.1749894e+10 Primal inf 2.9474758e+10 (421076)
Clp0006I 645197  Obj 1.1759053e+10 Primal inf 2.4678276e+10 (393918)
Clp0006I 646197  Obj 1.1768166e+10 Primal inf 3.2643352e+10 (473968)
Clp0006I 647197  Obj 1.1782463e+10 Primal inf 5.4289487e+10 (340512)
Clp0006I 648058  Obj 1.1793672e+10 Primal inf 5.3957136e+10 (395195)
Clp0006I 649058  Obj 1.180068e+10 Primal inf 7.9392054e+10 (350843)
Clp0006I 650012  Obj 1.1810031e+10 Primal inf 3.9353608e+10 (382294)
Clp0006I 651012  Obj 1.1819852e+10 Primal inf 1.1875564e+11 (387242)
Clp0006I 652012  Obj 1.1827455e+10 Primal inf 2.1253645e+10 (379858)
Clp0006I 653012  Obj 1.1836061e+10 Primal inf 5.658786e+10 (365385)
Clp0006I 654012  Obj 1.1844684e+10 Primal inf 8.2575875e+11 (473483)
Clp0006I 654587  Obj 1.1851383e+10 Primal inf 1.2806407e+11 (367578)
Clp0006I 655587  Obj 1.186155e+10 Primal inf 6.8978548e+10 (423692)
Clp0006I 656587  Obj 1.186919e+10 Primal inf 2.0308484e+10 (402294)
Clp0006I 657587  Obj 1.1879939e+10 Primal inf 5.0403479e+09 (283228)
Clp0006I 658587  Obj 1.1890841e+10 Primal inf 3.1747539e+10 (432659)
Clp0006I 659276  Obj 1.1901227e+10 Primal inf 7.5926596e+11 (407064)
Clp0006I 659702  Obj 1.1906459e+10 Primal inf 1.5645298e+11 (392685)
Clp0006I 660702  Obj 1.1914496e+10 Primal inf 1.5596018e+10 (399192)
Clp0006I 661702  Obj 1.1930511e+10 Primal inf 5.19044e+10 (372075)
Clp0006I 662675  Obj 1.1944607e+10 Primal inf 5.0895108e+10 (344573)
Clp0006I 663675  Obj 1.1960586e+10 Primal inf 2.259741e+11 (310339)
Clp0006I 664669  Obj 1.1985649e+10 Primal inf 4.8879659e+11 (420851)
Clp0006I 665386  Obj 1.1993764e+10 Primal inf 5.5057966e+09 (317041)
Clp0006I 666386  Obj 1.2006979e+10 Primal inf 3.2646042e+10 (369807)
Clp0006I 667137  Obj 1.2016596e+10 Primal inf 4.9569797e+09 (364329)
Clp0006I 668137  Obj 1.2025254e+10 Primal inf 6.888118e+10 (381579)
Clp0006I 669137  Obj 1.2036154e+10 Primal inf 3.795415e+09 (309267)
Clp0006I 670137  Obj 1.2049471e+10 Primal inf 1.0396988e+10 (356589)
Clp0006I 671137  Obj 1.2063216e+10 Primal inf 1.2516858e+10 (354028)
Clp0006I 672137  Obj 1.2073702e+10 Primal inf 1.7036171e+11 (370309)
Clp0006I 673137  Obj 1.2085377e+10 Primal inf 1.1784501e+10 (372144)
Clp0006I 674137  Obj 1.2098928e+10 Primal inf 2.2965939e+10 (340973)
Clp0006I 675137  Obj 1.2110031e+10 Primal inf 1.3217567e+10 (319512)
Clp0006I 676137  Obj 1.2123185e+10 Primal inf 8.7938652e+10 (316113)
Clp0006I 677137  Obj 1.2132643e+10 Primal inf 1.5968754e+12 (410838)
Clp0006I 678137  Obj 1.2142092e+10 Primal inf 1.6731798e+09 (269278)
Clp0006I 679137  Obj 1.2152421e+10 Primal inf 2.3953411e+10 (333474)
Clp0006I 680137  Obj 1.2160848e+10 Primal inf 2.9894473e+09 (248366)
Clp0006I 681137  Obj 1.2171409e+10 Primal inf 1.7093041e+10 (311366)
Clp0006I 682137  Obj 1.2185471e+10 Primal inf 6.7848696e+09 (312484)
Clp0006I 683137  Obj 1.220099e+10 Primal inf 1.0952846e+11 (341838)
Clp0006I 684137  Obj 1.2216362e+10 Primal inf 9.8592409e+09 (311711)
Clp0006I 685137  Obj 1.2229039e+10 Primal inf 1.1670158e+10 (348465)
Clp0006I 686137  Obj 1.2243165e+10 Primal inf 4.1603727e+10 (363363)
Clp0006I 687137  Obj 1.2253089e+10 Primal inf 3.2458484e+09 (315198)
Clp0006I 688137  Obj 1.2265573e+10 Primal inf 2.5429638e+09 (311522)
Clp0006I 689137  Obj 1.2274722e+10 Primal inf 6.5610824e+09 (328676)
Clp0006I 690137  Obj 1.2283468e+10 Primal inf 5.8666969e+09 (340958)
Clp0006I 691137  Obj 1.2293787e+10 Primal inf 1.6399988e+10 (364589)
Clp0006I 692099  Obj 1.2304622e+10 Primal inf 3.363568e+09 (282018)
Clp0006I 692837  Obj 1.2314861e+10 Primal inf 6.4766337e+09 (352910)
Clp0006I 693837  Obj 1.2323114e+10 Primal inf 9.128663e+10 (346044)
Clp0006I 694837  Obj 1.2334788e+10 Primal inf 3.6876999e+10 (362630)
Clp0006I 695837  Obj 1.2345095e+10 Primal inf 2.5013076e+10 (318323)
Clp0006I 696837  Obj 1.2353545e+10 Primal inf 6.8112533e+10 (338158)
Clp0006I 697540  Obj 1.2362728e+10 Primal inf 2.0854732e+09 (278278)
Clp0006I 698540  Obj 1.2373262e+10 Primal inf 2.5803919e+10 (354205)
Clp0006I 699540  Obj 1.2389181e+10 Primal inf 1.0537325e+11 (339666)
Clp0006I 700540  Obj 1.2398954e+10 Primal inf 1.6215052e+10 (307479)
Clp0006I 701540  Obj 1.241038e+10 Primal inf 5.6830087e+11 (316389)
Clp0006I 702540  Obj 1.2420646e+10 Primal inf 1.2867533e+10 (353200)
Clp0006I 703540  Obj 1.2430717e+10 Primal inf 3.6170418e+10 (343059)
Clp0006I 704540  Obj 1.2446641e+10 Primal inf 2.3760396e+10 (331511)
Clp0006I 705540  Obj 1.2467229e+10 Primal inf 1.512443e+10 (335591)
Clp0006I 706540  Obj 1.2485312e+10 Primal inf 2.120737e+10 (350579)
Clp0006I 707540  Obj 1.2498291e+10 Primal inf 4.0245742e+10 (342199)
Clp0006I 708540  Obj 1.2512212e+10 Primal inf 5.4491762e+09 (333145)
Clp0006I 709540  Obj 1.2525629e+10 Primal inf 4.1580046e+09 (342086)
Clp0006I 710540  Obj 1.2536013e+10 Primal inf 1.8700423e+10 (307213)
Clp0006I 711540  Obj 1.2545516e+10 Primal inf 1.71679e+09 (270169)
Clp0006I 712540  Obj 1.2557767e+10 Primal inf 8.1788014e+09 (304845)
Clp0006I 713540  Obj 1.257125e+10 Primal inf 8.5031206e+09 (269365)
Clp0006I 714540  Obj 1.2580621e+10 Primal inf 9.0133141e+09 (307834)
Clp0006I 715540  Obj 1.2592877e+10 Primal inf 8.4156686e+09 (309869)
Clp0006I 716540  Obj 1.2606947e+10 Primal inf 1.0058502e+10 (355941)
Clp0006I 717130  Obj 1.2613434e+10 Primal inf 5.8787745e+10 (266649)
Clp0006I 718130  Obj 1.2626482e+10 Primal inf 3.5382244e+10 (323851)
Clp0006I 719130  Obj 1.2654821e+10 Primal inf 1.0431169e+11 (354867)
Clp0006I 720130  Obj 1.2666061e+10 Primal inf 9.8398204e+10 (388442)
Clp0006I 721130  Obj 1.2677356e+10 Primal inf 5.8000717e+09 (315234)
Clp0006I 722130  Obj 1.2689046e+10 Primal inf 9.8021946e+09 (332467)
Clp0006I 723130  Obj 1.2701859e+10 Primal inf 7.2400222e+10 (317618)
Clp0006I 724130  Obj 1.2712131e+10 Primal inf 1.7770523e+10 (324064)
Clp0006I 725130  Obj 1.2724314e+10 Primal inf 1.1797782e+10 (371710)
Clp0006I 726130  Obj 1.2734975e+10 Primal inf 7.985211e+09 (345865)
Clp0006I 727130  Obj 1.2753235e+10 Primal inf 1.0934475e+10 (267507)
Clp0006I 728130  Obj 1.2766052e+10 Primal inf 2.4116765e+09 (299179)
Clp0006I 729130  Obj 1.2776726e+10 Primal inf 8.6065576e+09 (301086)
Clp0006I 730130  Obj 1.2793211e+10 Primal inf 8.9394569e+09 (288993)
Clp0006I 731130  Obj 1.2802207e+10 Primal inf 4.7157724e+09 (309102)
Clp0006I 731624  Obj 1.2806847e+10 Primal inf 3.3891867e+10 (349286)
Clp0006I 732260  Obj 1.2814618e+10 Primal inf 4.8657416e+10 (341872)
Clp0006I 733115  Obj 1.2822061e+10 Primal inf 4.235153e+11 (325860)
Clp0006I 733791  Obj 1.2830931e+10 Primal inf 3.4765504e+10 (330295)
Clp0006I 734791  Obj 1.284216e+10 Primal inf 3.0089057e+10 (321222)
Clp0006I 735791  Obj 1.2849764e+10 Primal inf 7.7628516e+09 (367375)
Clp0006I 736791  Obj 1.2856325e+10 Primal inf 9.0645485e+09 (311517)
Clp0006I 737791  Obj 1.2864488e+10 Primal inf 2.0368116e+10 (363086)
Clp0006I 738791  Obj 1.28742e+10 Primal inf 3.9227593e+09 (304545)
Clp0006I 739791  Obj 1.2885098e+10 Primal inf 6.8244496e+11 (387274)
Clp0006I 740791  Obj 1.2895141e+10 Primal inf 6.1450339e+09 (302075)
Clp0006I 741390  Obj 1.2900084e+10 Primal inf 3.0649071e+11 (257983)
Clp0006I 742390  Obj 1.291289e+10 Primal inf 5.7366348e+09 (273758)
Clp0006I 743390  Obj 1.2923773e+10 Primal inf 1.7626086e+09 (303328)
Clp0006I 744390  Obj 1.2931984e+10 Primal inf 4.6008706e+09 (265628)
Clp0006I 745390  Obj 1.2941514e+10 Primal inf 6.3629361e+10 (311356)
Clp0006I 745881  Obj 1.2947953e+10 Primal inf 2.9516219e+11 (242207)
Clp0006I 746527  Obj 1.2954057e+10 Primal inf 4.5817521e+10 (276324)
Clp0006I 747527  Obj 1.2963566e+10 Primal inf 6.2606709e+09 (265913)
Clp0006I 748527  Obj 1.2972675e+10 Primal inf 3.1695439e+09 (320008)
Clp0006I 749527  Obj 1.2984047e+10 Primal inf 1.0212481e+11 (293718)
Clp0006I 750527  Obj 1.2992277e+10 Primal inf 2.8822837e+09 (255617)
Clp0006I 750981  Obj 1.2998549e+10 Primal inf 1.9654386e+11 (295258)
Clp0006I 751981  Obj 1.3008843e+10 Primal inf 4.8013379e+10 (362642)
Clp0006I 752453  Obj 1.3013986e+10 Primal inf 8.2860373e+10 (316731)
Clp0006I 752936  Obj 1.3018556e+10 Primal inf 4.7666061e+09 (319119)
Clp0006I 753936  Obj 1.3025463e+10 Primal inf 3.7372319e+09 (274206)
Clp0006I 754936  Obj 1.3034504e+10 Primal inf 2.1730534e+09 (269017)
Clp0006I 755936  Obj 1.3041909e+10 Primal inf 2.0817745e+09 (226460)
Clp0006I 756936  Obj 1.3050194e+10 Primal inf 7.1789901e+09 (336455)
Clp0006I 757936  Obj 1.3060257e+10 Primal inf 4.9301377e+09 (289402)
Clp0006I 758936  Obj 1.306964e+10 Primal inf 1.0597742e+11 (335747)
Clp0006I 759876  Obj 1.3076947e+10 Primal inf 3.1856912e+09 (300836)
Clp0006I 760876  Obj 1.3084907e+10 Primal inf 1.4448377e+09 (309743)
Clp0006I 761876  Obj 1.3094242e+10 Primal inf 2.6450961e+10 (338530)
Clp0006I 762876  Obj 1.3103124e+10 Primal inf 2.8697051e+10 (296069)
Clp0006I 763876  Obj 1.31117e+10 Primal inf 4.4342607e+10 (334222)
Clp0006I 764876  Obj 1.3118976e+10 Primal inf 1.2594719e+11 (333545)
Clp0006I 765876  Obj 1.3132089e+10 Primal inf 9.316628e+10 (315435)
Clp0006I 766876  Obj 1.3138911e+10 Primal inf 4.2430412e+09 (235223)
Clp0006I 767876  Obj 1.3145454e+10 Primal inf 3.6563533e+09 (337767)
Clp0006I 768876  Obj 1.3153945e+10 Primal inf 1.4905378e+11 (290964)
Clp0006I 769772  Obj 1.316111e+10 Primal inf 8.4261955e+10 (285922)
Clp0006I 770578  Obj 1.3168114e+10 Primal inf 9.7221952e+09 (291352)
Clp0006I 771578  Obj 1.317551e+10 Primal inf 1.249432e+10 (315645)
Clp0006I 772578  Obj 1.3183532e+10 Primal inf 1.3933342e+09 (213817)
Clp0006I 773578  Obj 1.3189782e+10 Primal inf 5.1002193e+09 (254046)
Clp0006I 774341  Obj 1.3194596e+10 Primal inf 1.1764773e+10 (345731)
Clp0006I 775341  Obj 1.3200995e+10 Primal inf 3.9805475e+09 (319196)
Clp0006I 776341  Obj 1.3209754e+10 Primal inf 4.7436112e+09 (281364)
Clp0006I 777302  Obj 1.3218609e+10 Primal inf 7.1355567e+09 (270708)
Clp0006I 778302  Obj 1.3224815e+10 Primal inf 2.4603526e+09 (272858)
Clp0006I 779302  Obj 1.3231024e+10 Primal inf 3.4906992e+09 (315328)
Clp0006I 780302  Obj 1.3239188e+10 Primal inf 2.4257891e+10 (305770)
Clp0006I 781254  Obj 1.3251196e+10 Primal inf 2.073721e+09 (234120)
Clp0006I 782254  Obj 1.3263996e+10 Primal inf 1.3281301e+09 (264536)
Clp0006I 783254  Obj 1.3273394e+10 Primal inf 6.4570542e+08 (271813)
Clp0006I 784254  Obj 1.3282391e+10 Primal inf 3.4624506e+09 (309978)
Clp0006I 785254  Obj 1.329392e+10 Primal inf 2.965927e+10 (367751)
Clp0006I 786254  Obj 1.3305223e+10 Primal inf 1.5062504e+09 (325878)
Clp0006I 787254  Obj 1.3310959e+10 Primal inf 2.9154362e+10 (286968)
Clp0006I 788254  Obj 1.3321359e+10 Primal inf 5.6586227e+09 (252064)
Clp0006I 789254  Obj 1.3329077e+10 Primal inf 1.7406845e+09 (254006)
Clp0006I 790254  Obj 1.3337174e+10 Primal inf 4.6059844e+11 (338911)
Clp0006I 791110  Obj 1.334285e+10 Primal inf 5.1267108e+09 (276930)
Clp0006I 792082  Obj 1.3350098e+10 Primal inf 2.5006871e+09 (281119)
Clp0006I 793082  Obj 1.3355873e+10 Primal inf 1.023488e+09 (237606)
Clp0006I 794082  Obj 1.336204e+10 Primal inf 1.5541074e+09 (275334)
Clp0006I 795082  Obj 1.3370806e+10 Primal inf 3.6205511e+09 (332396)
Clp0006I 796082  Obj 1.3378252e+10 Primal inf 5.1459973e+10 (306897)
Clp0006I 797082  Obj 1.3386721e+10 Primal inf 2.5225223e+09 (272941)
Clp0006I 798082  Obj 1.3396711e+10 Primal inf 2.5551562e+08 (215988)
Clp0006I 799082  Obj 1.3403391e+10 Primal inf 6.0109187e+09 (293793)
Clp0006I 800082  Obj 1.3409272e+10 Primal inf 1.9334697e+10 (302978)
Clp0006I 801082  Obj 1.3414847e+10 Primal inf 5.9705448e+09 (301092)
Clp0006I 802082  Obj 1.3422126e+10 Primal inf 3.0883084e+09 (323773)
Clp0006I 803082  Obj 1.3431429e+10 Primal inf 1.4181131e+09 (305865)
Clp0006I 804082  Obj 1.3438797e+10 Primal inf 6.0131417e+10 (279581)
Clp0006I 805082  Obj 1.3446479e+10 Primal inf 2.8708107e+09 (262350)
Clp0006I 806082  Obj 1.3457564e+10 Primal inf 3.8658908e+10 (295438)
Clp0006I 807082  Obj 1.3463099e+10 Primal inf 1.1357893e+09 (309716)
Clp0006I 808082  Obj 1.3470791e+10 Primal inf 8.7701614e+08 (290384)
Clp0006I 809082  Obj 1.3476102e+10 Primal inf 1.4270996e+09 (231665)
Clp0006I 810082  Obj 1.34827e+10 Primal inf 9.029383e+09 (289092)
Clp0006I 811082  Obj 1.3491463e+10 Primal inf 6.5943734e+10 (269906)
Clp0006I 811924  Obj 1.3495919e+10 Primal inf 1.7429123e+10 (365921)
Clp0006I 812924  Obj 1.3502821e+10 Primal inf 2.6547785e+08 (184482)
Clp0006I 813924  Obj 1.3514291e+10 Primal inf 5.8535563e+08 (262420)
Clp0006I 814924  Obj 1.3521405e+10 Primal inf 7.1011057e+09 (337331)
Clp0006I 815924  Obj 1.3526461e+10 Primal inf 8.0387428e+09 (297832)
Clp0006I 816924  Obj 1.3532985e+10 Primal inf 7.715976e+08 (323480)
Clp0006I 817924  Obj 1.3543815e+10 Primal inf 4.6989078e+10 (304807)
Clp0006I 818924  Obj 1.3571298e+10 Primal inf 7.9666354e+08 (249791)
Clp0006I 819924  Obj 1.3580039e+10 Primal inf 3.8296068e+08 (212187)
Clp0006I 820924  Obj 1.3602395e+10 Primal inf 1.0938285e+08 (196317)
Clp0006I 821924  Obj 1.3614881e+10 Primal inf 3.450312e+08 (259563)
Clp0006I 822924  Obj 1.3620696e+10 Primal inf 8.072789e+08 (239212)
Clp0006I 823924  Obj 1.3627015e+10 Primal inf 1.988532e+09 (243604)
Clp0006I 824924  Obj 1.3661392e+10 Primal inf 1.9081084e+09 (266813)
Clp0006I 825924  Obj 1.3669188e+10 Primal inf 5.1675841e+08 (207833)
Clp0006I 826924  Obj 1.3686808e+10 Primal inf 5.9826531e+09 (370387)
Clp0006I 827924  Obj 1.37035e+10 Primal inf 1.6499057e+09 (313605)
Clp0006I 828924  Obj 1.373824e+10 Primal inf 1.3105418e+09 (275827)
Clp0006I 829924  Obj 1.375259e+10 Primal inf 2.3556376e+09 (302786)
Clp0006I 830924  Obj 1.3764018e+10 Primal inf 8.4100154e+08 (324065)
Clp0006I 831924  Obj 1.3773067e+10 Primal inf 2.1242196e+09 (262932)
Clp0006I 832924  Obj 1.3779129e+10 Primal inf 2.3502263e+08 (266279)
Clp0006I 833924  Obj 1.3789925e+10 Primal inf 1.5684876e+09 (278474)
Clp0006I 834924  Obj 1.3799871e+10 Primal inf 1.0811021e+09 (276492)
Clp0006I 835886  Obj 1.3804379e+10 Primal inf 2.1037506e+10 (326653)
Clp0006I 836886  Obj 1.3810566e+10 Primal inf 4.217525e+08 (289113)
Clp0006I 837886  Obj 1.3819626e+10 Primal inf 2.2115695e+08 (291950)
Clp0006I 838886  Obj 1.3823505e+10 Primal inf 1.7086923e+09 (259034)
Clp0006I 839886  Obj 1.3830033e+10 Primal inf 3.2584038e+11 (333425)
Clp0006I 840886  Obj 1.3842526e+10 Primal inf 1.5418383e+10 (302616)
Clp0006I 841743  Obj 1.3847265e+10 Primal inf 8.870578e+08 (252488)
Clp0006I 842743  Obj 1.3853926e+10 Primal inf 1.4419085e+10 (326567)
Clp0006I 843496  Obj 1.3860197e+10 Primal inf 1.208131e+12 (299208)
Clp0006I 844496  Obj 1.3873386e+10 Primal inf 3.9982838e+11 (328278)
Clp0006I 845496  Obj 1.3880905e+10 Primal inf 2.6076358e+10 (306362)
Clp0006I 846461  Obj 1.3886367e+10 Primal inf 1.5303914e+10 (249864)
Clp0006I 847461  Obj 1.3893775e+10 Primal inf 2.5109262e+09 (227324)
Clp0006I 848203  Obj 1.3897581e+10 Primal inf 1.5358037e+09 (243842)
Clp0006I 849203  Obj 1.3905155e+10 Primal inf 3.1147174e+09 (319943)
Clp0006I 850203  Obj 1.3910803e+10 Primal inf 4.8160783e+09 (277486)
Clp0006I 851203  Obj 1.3920091e+10 Primal inf 6.1824621e+09 (267605)
Clp0006I 852203  Obj 1.3929901e+10 Primal inf 1.4295397e+10 (294560)
Clp0006I 853203  Obj 1.3937321e+10 Primal inf 7.4731091e+08 (267045)
Clp0006I 854203  Obj 1.3941088e+10 Primal inf 5.1301067e+09 (249345)
Clp0006I 855203  Obj 1.3945286e+10 Primal inf 1.0582954e+09 (254621)
Clp0006I 856203  Obj 1.3959132e+10 Primal inf 4.6243828e+08 (200553)
Clp0006I 857203  Obj 1.398014e+10 Primal inf 3.9314102e+08 (196359)
Clp0006I 858203  Obj 1.398499e+10 Primal inf 1.0696269e+09 (277728)
Clp0006I 859173  Obj 1.3987953e+10 Primal inf 1.6696197e+09 (225000)
Clp0006I 860173  Obj 1.3992419e+10 Primal inf 1.2100094e+10 (321922)
Clp0006I 861173  Obj 1.3994844e+10 Primal inf 1.2314145e+09 (247844)
Clp0006I 862173  Obj 1.3997722e+10 Primal inf 4.7259155e+09 (249401)
Clp0006I 863173  Obj 1.400058e+10 Primal inf 1.3514817e+09 (194359)
Clp0006I 864173  Obj 1.4004735e+10 Primal inf 1.4888746e+09 (224339)
Clp0006I 865173  Obj 1.4011638e+10 Primal inf 5.9728463e+09 (279937)
Clp0006I 866173  Obj 1.4016476e+10 Primal inf 9.1647781e+08 (267572)
Clp0006I 867173  Obj 1.4019131e+10 Primal inf 1.7400064e+08 (178407)
Clp0006I 868173  Obj 1.4021522e+10 Primal inf 1.4449667e+09 (282732)
Clp0006I 869173  Obj 1.4028785e+10 Primal inf 1.1859967e+08 (159921)
Clp0006I 870173  Obj 1.4045243e+10 Primal inf 1.1564111e+08 (131701)
Clp0006I 871173  Obj 1.4052291e+10 Primal inf 9.2693434e+08 (262479)
Clp0006I 872173  Obj 1.4057129e+10 Primal inf 3.7144562e+08 (199313)
Clp0006I 873173  Obj 1.4061286e+10 Primal inf 1.3026616e+08 (177489)
Clp0006I 874173  Obj 1.4074435e+10 Primal inf 58836690 (131111)
Clp0006I 875173  Obj 1.4084698e+10 Primal inf 45345895 (113828)
Clp0006I 876173  Obj 1.4089275e+10 Primal inf 1.5858505e+09 (285319)
Clp0006I 877173  Obj 1.4093298e+10 Primal inf 1.4692353e+09 (266545)
Clp0006I 878173  Obj 1.4097026e+10 Primal inf 1.9009894e+09 (239356)
Clp0006I 879173  Obj 1.4100369e+10 Primal inf 1.8976025e+09 (219822)
Clp0006I 879430  Obj 1.4101111e+10 Primal inf 2.6328911e+10 (268895)
Clp0006I 880430  Obj 1.4103417e+10 Primal inf 2.5079412e+08 (241116)
Clp0006I 881430  Obj 1.4105733e+10 Primal inf 6.2816532e+08 (187053)
Clp0006I 882430  Obj 1.4109877e+10 Primal inf 8.3738513e+09 (248261)
Clp0006I 883430  Obj 1.4118196e+10 Primal inf 3.8174956e+08 (194513)
Clp0006I 884430  Obj 1.4122131e+10 Primal inf 1.0002177e+10 (267685)
Clp0006I 885430  Obj 1.4125804e+10 Primal inf 1.4623808e+09 (221627)
Clp0006I 886430  Obj 1.41295e+10 Primal inf 1.8628894e+09 (222447)
Clp0006I 887430  Obj 1.4132864e+10 Primal inf 3.3670847e+08 (167852)
Clp0006I 888430  Obj 1.4137363e+10 Primal inf 1.4822528e+08 (235991)
Clp0006I 889430  Obj 1.4145471e+10 Primal inf 80449160 (198269)
Clp0006I 890430  Obj 1.415055e+10 Primal inf 3.2081371e+08 (239691)
Clp0006I 891430  Obj 1.4152932e+10 Primal inf 7.1679398e+08 (273419)
Clp0006I 892430  Obj 1.4155754e+10 Primal inf 5.5252734e+09 (239984)
Clp0006I 893430  Obj 1.4157497e+10 Primal inf 1.6327272e+09 (228366)
Clp0006I 894430  Obj 1.4158949e+10 Primal inf 1.3752127e+09 (226948)
Clp0006I 895430  Obj 1.4160221e+10 Primal inf 8.4554617e+08 (231369)
Clp0006I 896430  Obj 1.4161663e+10 Primal inf 1.6075344e+09 (246961)
Clp0006I 897430  Obj 1.4163132e+10 Primal inf 5.9186682e+08 (202143)
Clp0006I 898430  Obj 1.4164546e+10 Primal inf 3.6026718e+09 (237653)
Clp0006I 899430  Obj 1.4166248e+10 Primal inf 5.7766416e+08 (140898)
Clp0006I 900430  Obj 1.4167574e+10 Primal inf 9.7531516e+08 (243069)
Clp0006I 901430  Obj 1.4169439e+10 Primal inf 2.0556961e+08 (150251)
Clp0006I 902430  Obj 1.4171694e+10 Primal inf 3.2968398e+08 (194112)
Clp0006I 903430  Obj 1.4174326e+10 Primal inf 1.6688523e+08 (141409)
Clp0006I 904193  Obj 1.4176074e+10 Primal inf 3.3570884e+08 (203038)
Clp0006I 905193  Obj 1.417737e+10 Primal inf 4.1365916e+08 (192034)
Clp0006I 906193  Obj 1.4179731e+10 Primal inf 5.2825805e+08 (161154)
Clp0006I 907193  Obj 1.4181773e+10 Primal inf 4.1013542e+08 (260972)
Clp0006I 908193  Obj 1.4184039e+10 Primal inf 3.0600436e+09 (288998)
Clp0006I 909193  Obj 1.4186021e+10 Primal inf 6.853912e+08 (193584)
Clp0006I 910193  Obj 1.41878e+10 Primal inf 51346349 (131225)
Clp0006I 911193  Obj 1.4190123e+10 Primal inf 1.2696556e+09 (177738)
Clp0006I 912193  Obj 1.4192348e+10 Primal inf 3.5125241e+08 (177264)
Clp0006I 913193  Obj 1.4193814e+10 Primal inf 7.1167758e+08 (191587)
Clp0006I 914193  Obj 1.4195447e+10 Primal inf 3.4340295e+08 (226894)
Clp0006I 915193  Obj 1.4196878e+10 Primal inf 9.4692139e+08 (181611)
Clp0006I 916193  Obj 1.4198622e+10 Primal inf 22304145 (58805)
Clp0006I 917193  Obj 1.4200537e+10 Primal inf 33792132 (61745)
Clp0006I 918193  Obj 1.4201899e+10 Primal inf 1.7489043e+08 (191961)
Clp0006I 919193  Obj 1.4202848e+10 Primal inf 3.0252917e+08 (172162)
Clp0006I 920193  Obj 1.4203727e+10 Primal inf 1.061506e+09 (196358)
Clp0006I 921193  Obj 1.4204453e+10 Primal inf 20679977 (138892)
Clp0006I 922193  Obj 1.4205547e+10 Primal inf 2.787316e+08 (135708)
Clp0006I 923193  Obj 1.4206465e+10 Primal inf 25227604 (135166)
Clp0006I 924193  Obj 1.4207126e+10 Primal inf 39412543 (92079)
Clp0006I 925193  Obj 1.4207786e+10 Primal inf 33217799 (79847)
Clp0006I 926193  Obj 1.420847e+10 Primal inf 9187573.6 (74015)
Clp0006I 927108  Obj 1.4209135e+10 Primal inf 44105524 (119139)
Clp0006I 928108  Obj 1.4209908e+10 Primal inf 3.2248375e+09 (194736)
Clp0006I 928846  Obj 1.421042e+10 Primal inf 2.7298932e+08 (149422)
Clp0006I 929669  Obj 1.4210935e+10 Primal inf 5.0873156e+08 (150986)
Clp0006I 930669  Obj 1.4211937e+10 Primal inf 14803867 (100395)
Clp0006I 931656  Obj 1.4212588e+10 Primal inf 1.9838351e+08 (121380)
Clp0006I 932656  Obj 1.4213091e+10 Primal inf 16148855 (131412)
Clp0006I 933656  Obj 1.4213569e+10 Primal inf 31035248 (117668)
Clp0006I 934656  Obj 1.4213997e+10 Primal inf 22617181 (88352)
Clp0006I 935656  Obj 1.421435e+10 Primal inf 1.6983827e+08 (135429)
Clp0006I 936656  Obj 1.4214698e+10 Primal inf 46360469 (91723)
Clp0006I 937656  Obj 1.421493e+10 Primal inf 28027256 (124108)
Clp0006I 938656  Obj 1.4215229e+10 Primal inf 89497461 (160545)
Clp0006I 939656  Obj 1.4215473e+10 Primal inf 65387536 (127155)
Clp0006I 940656  Obj 1.4215688e+10 Primal inf 265692.38 (38984)
Clp0006I 941601  Obj 1.421585e+10 Primal inf 73056207 (95482)
Clp0006I 942601  Obj 1.4216004e+1 Activating environment at `~/Documents/princeton/1st_year/MAE529/MAE529_code/project/code/Project.toml`
This Model run is characterised by...
Electrolyser capex cost of: 1100.0
H2 efficiency of: 0.5
Carbon Tax: 0.0
Number of weeks included: 52_weeks
-----------------------------------------------
1 loading data preparation function
-----------------------------------------------
-----------------------------------------------
2 loading model solving function
-----------------------------------------------
adding in carbon tax elements
assigned variables
assigned constraint 1
assigned constraint 2
assigned constraint 3
check
assigned constraints
Model run complete
0 Primal inf 408372.54 (42098)
Clp0006I 943601  Obj 1.4216074e+10 Primal inf 6101110.3 (86783)
Clp0006I 944601  Obj 1.4216085e+10 Primal inf 4632.653 (20041)
Clp0006I 945601  Obj 1.4216089e+10 Primal inf 1810.0013 (19000)
Clp0006I 946601  Obj 1.4216093e+10 Primal inf 1579.5695 (18002)
Clp0006I 947601  Obj 1.4216096e+10 Primal inf 1423.4839 (17002)
Clp0006I 948601  Obj 1.4216099e+10 Primal inf 1289.375 (16002)
Clp0006I 949601  Obj 1.4216101e+10 Primal inf 1173.6214 (15010)
Clp0006I 950601  Obj 1.4216103e+10 Primal inf 1284.8255 (16204)
Clp0006I 951601  Obj 1.4216105e+10 Primal inf 1185.8967 (15204)
Clp0006I 952601  Obj 1.4216107e+10 Primal inf 1088.6738 (14204)
Clp0006I 953601  Obj 1.4216109e+10 Primal inf 992.74129 (13204)
Clp0006I 954601  Obj 1.4216112e+10 Primal inf 900.4763 (12224)
Clp0006I 955601  Obj 1.4216114e+10 Primal inf 805.44933 (11224)
Clp0006I 956601  Obj 1.4216116e+10 Primal inf 712.65009 (10225)
Clp0006I 957601  Obj 1.4216118e+10 Primal inf 613.01702 (9228)
Clp0006I 958601  Obj 1.421612e+10 Primal inf 520.56688 (8228)
Clp0006I 959601  Obj 1.4216122e+10 Primal inf 428.79102 (7228)
Clp0006I 960601  Obj 1.4216124e+10 Primal inf 337.31218 (6228)
Clp0006I 961601  Obj 1.4216127e+10 Primal inf 254.0542 (5228)
Clp0006I 962601  Obj 1.421613e+10 Primal inf 194.68184 (4228)
Clp0006I 963601  Obj 1.4216134e+10 Primal inf 144.084 (3228)
Clp0006I 964601  Obj 1.4216137e+10 Primal inf 96.829349 (2229)
Clp0006I 965601  Obj 1.4216141e+10 Primal inf 52.090303 (1228)
Clp0006I 966601  Obj 1.4216144e+10 Primal inf 10.346588 (228)
Clp0006I 966829  Obj 1.4216145e+10
Clp0000I Optimal - objective value 1.4216145e+10
Coin0511I After Postsolve, objective 1.4216145e+10, infeasibilities - dual 0 (0), primal 0 (0)
Clp0032I Optimal objective 1.421614481e+10 - 966829 iterations time 11535.352, Presolve 3.41
