Coin0506I Presolve 1521577 (-195446) rows, 591998 (-65130) columns and 4511329 (-460732) elements
Clp0006I 0  Obj 0 Primal inf 8.7589291e+08 (43800)
Clp0006I 1000  Obj 4.7917429e-12 Primal inf 8.6631624e+08 (44708)
Clp0006I 2000  Obj 9.9133726e-12 Primal inf 8.5892554e+08 (45580)
Clp0006I 3000  Obj 1.5950214e-11 Primal inf 8.5623739e+08 (46596)
Clp0006I 4000  Obj 10517308 Primal inf 8.4621153e+08 (47625)
Clp0006I 5000  Obj 14618113 Primal inf 8.388365e+08 (48572)
Clp0006I 6000  Obj 27908345 Primal inf 8.3220471e+08 (49555)
Clp0006I 7000  Obj 41683248 Primal inf 8.2987869e+08 (50643)
Clp0006I 8000  Obj 56435473 Primal inf 8.2608429e+08 (51669)
Clp0006I 9000  Obj 75397653 Primal inf 8.1936845e+08 (52823)
Clp0006I 10000  Obj 89365154 Primal inf 8.162418e+08 (53917)
Clp0006I 11000  Obj 1.0598456e+08 Primal inf 8.1249918e+08 (55028)
Clp0006I 12000  Obj 1.3015377e+08 Primal inf 8.1118325e+08 (56192)
Clp0006I 13000  Obj 1.4138852e+08 Primal inf 8.081972e+08 (57316)
Clp0006I 14000  Obj 1.6722645e+08 Primal inf 8.0805247e+08 (58539)
Clp0006I 15000  Obj 1.9053595e+08 Primal inf 7.283829e+08 (59710)
Clp0006I 16000  Obj 2.1663092e+08 Primal inf 7.2670748e+08 (60917)
Clp0006I 17000  Obj 2.4978803e+08 Primal inf 7.264575e+08 (62150)
Clp0006I 18000  Obj 2.834247e+08 Primal inf 7.2532389e+08 (63343)
Clp0006I 19000  Obj 3.1097237e+08 Primal inf 7.2326067e+08 (64457)
Clp0006I 20000  Obj 3.5088095e+08 Primal inf 7.2397571e+08 (65775)
Clp0006I 21000  Obj 3.755219e+08 Primal inf 7.2381347e+08 (66945)
Clp0006I 22000  Obj 4.1280438e+08 Primal inf 7.2507284e+08 (68341)
Clp0006I 23000  Obj 4.5317816e+08 Primal inf 7.2574727e+08 (69612)
Clp0006I 24000  Obj 4.8755237e+08 Primal inf 7.2770231e+08 (70860)
Clp0006I 25000  Obj 5.172875e+08 Primal inf 7.2956772e+08 (72141)
Clp0006I 26000  Obj 5.6249165e+08 Primal inf 7.3007563e+08 (73386)
Clp0006I 27000  Obj 5.9553214e+08 Primal inf 7.2926381e+08 (74633)
Clp0006I 28000  Obj 6.2331753e+08 Primal inf 7.3061529e+08 (75878)
Clp0006I 29000  Obj 6.7170922e+08 Primal inf 7.3196998e+08 (77068)
Clp0006I 30000  Obj 7.2118261e+08 Primal inf 7.2770739e+08 (78203)
Clp0006I 31000  Obj 7.5634031e+08 Primal inf 7.2915164e+08 (79353)
Clp0006I 32000  Obj 7.9642648e+08 Primal inf 7.3136783e+08 (80667)
Clp0006I 33000  Obj 8.3084834e+08 Primal inf 7.3258042e+08 (81810)
Clp0006I 34000  Obj 8.7426004e+08 Primal inf 7.2986665e+08 (83051)
Clp0006I 35000  Obj 9.0975107e+08 Primal inf 7.3237403e+08 (84180)
Clp0006I 36000  Obj 9.5497158e+08 Primal inf 7.3187252e+08 (85334)
Clp0006I 37000  Obj 9.9450297e+08 Primal inf 7.3319205e+08 (86683)
Clp0006I 38000  Obj 1.0299745e+09 Primal inf 7.3670981e+08 (87878)
Clp0006I 39000  Obj 1.0756206e+09 Primal inf 7.3568205e+08 (89148)
Clp0006I 40000  Obj 1.1114016e+09 Primal inf 7.3991515e+08 (90355)
Clp0006I 41000  Obj 1.1627445e+09 Primal inf 7.411892e+08 (91582)
Clp0006I 42000  Obj 1.2180433e+09 Primal inf 7.4033696e+08 (92781)
Clp0006I 43000  Obj 1.2712879e+09 Primal inf 7.4329022e+08 (93917)
Clp0006I 44000  Obj 1.3215131e+09 Primal inf 7.440369e+08 (95115)
Clp0006I 45000  Obj 1.372289e+09 Primal inf 7.4721628e+08 (96342)
Clp0006I 46000  Obj 1.4225877e+09 Primal inf 7.5160524e+08 (97534)
Clp0006I 47000  Obj 1.475992e+09 Primal inf 7.5056008e+08 (98560)
Clp0006I 48000  Obj 1.5327339e+09 Primal inf 7.5258547e+08 (99793)
Clp0006I 49000  Obj 1.5862449e+09 Primal inf 7.5260814e+08 (100826)
Clp0006I 50000  Obj 1.6006199e+09 Primal inf 8.5026945e+08 (103313)
Clp0006I 51000  Obj 1.6227307e+09 Primal inf 9.885251e+08 (104339)
Clp0006I 52000  Obj 1.6446537e+09 Primal inf 7.3240798e+08 (106267)
Clp0006I 53000  Obj 1.687607e+09 Primal inf 7.6101811e+08 (107401)
Clp0006I 54000  Obj 1.873825e+09 Primal inf 7.2288226e+08 (108277)
Clp0006I 55000  Obj 1.9469772e+09 Primal inf 7.2803483e+08 (109530)
Clp0006I 56000  Obj 1.9602521e+09 Primal inf 7.475238e+08 (110148)
Clp0006I 57000  Obj 1.9915422e+09 Primal inf 7.4121699e+08 (111225)
Clp0006I 58000  Obj 2.0077415e+09 Primal inf 7.3390951e+08 (112214)
Clp0006I 59000  Obj 2.0413819e+09 Primal inf 8.0760951e+08 (112603)
Clp0006I 60000  Obj 2.0502238e+09 Primal inf 7.7475547e+08 (113755)
Clp0006I 61000  Obj 2.0629066e+09 Primal inf 7.7995773e+08 (114677)
Clp0006I 62000  Obj 2.0798264e+09 Primal inf 7.415642e+08 (116207)
Clp0006I 63000  Obj 2.0966865e+09 Primal inf 7.4235908e+08 (117219)
Clp0006I 64000  Obj 2.1164121e+09 Primal inf 7.2845031e+08 (118515)
Clp0006I 65000  Obj 2.1512391e+09 Primal inf 7.9071242e+08 (119253)
Clp0006I 66000  Obj 2.1761339e+09 Primal inf 7.4160186e+08 (121257)
Clp0006I 67000  Obj 2.2404774e+09 Primal inf 7.8479576e+08 (120744)
Clp0006I 68000  Obj 2.2583124e+09 Primal inf 7.4118635e+08 (122274)
Clp0006I 69000  Obj 2.341796e+09 Primal inf 7.3853061e+08 (123384)
Clp0006I 70000  Obj 2.386046e+09 Primal inf 7.4486027e+08 (125924)
Clp0006I 71000  Obj 2.4443439e+09 Primal inf 7.205609e+08 (125468)
Clp0006I 72000  Obj 2.4928206e+09 Primal inf 7.1747507e+08 (125467)
Clp0006I 73000  Obj 2.518811e+09 Primal inf 1.3637224e+09 (135085)
Clp0006I 74000  Obj 2.5466687e+09 Primal inf 8.3274116e+08 (126214)
Clp0006I 75000  Obj 2.5525178e+09 Primal inf 7.0638155e+08 (128379)
Clp0006I 76000  Obj 2.5768044e+09 Primal inf 7.9725766e+08 (138028)
Clp0006I 77000  Obj 2.5932706e+09 Primal inf 7.4408611e+08 (130133)
Clp0006I 78000  Obj 2.6564505e+09 Primal inf 7.1264198e+08 (130782)
Clp0006I 79000  Obj 2.7327386e+09 Primal inf 2.9576022e+09 (170547)
Clp0006I 80000  Obj 2.7653798e+09 Primal inf 7.21564e+08 (132445)
Clp0006I 81000  Obj 2.8159254e+09 Primal inf 7.4746402e+08 (133830)
Clp0006I 82000  Obj 2.9031617e+09 Primal inf 7.655545e+08 (131895)
Clp0006I 83000  Obj 2.9967434e+09 Primal inf 8.0428013e+08 (131874)
Clp0006I 84000  Obj 3.0840688e+09 Primal inf 2.3642183e+09 (173128)
Clp0006I 85000  Obj 3.1213789e+09 Primal inf 1.0403958e+09 (142578)
Clp0006I 86000  Obj 3.2039482e+09 Primal inf 1.1198046e+09 (142921)
Clp0006I 87000  Obj 3.2307981e+09 Primal inf 1.0431871e+09 (144865)
Clp0006I 88000  Obj 3.270647e+09 Primal inf 1.3305761e+09 (144146)
Clp0006I 89000  Obj 3.3109507e+09 Primal inf 1.5249025e+09 (177427)
Clp0006I 90000  Obj 3.3329062e+09 Primal inf 7.610221e+08 (140391)
Clp0006I 91000  Obj 3.400827e+09 Primal inf 3.207362e+09 (172910)
Clp0006I 92000  Obj 3.4534001e+09 Primal inf 1.1680479e+09 (147719)
Clp0006I 93000  Obj 3.4702306e+09 Primal inf 1.0986091e+09 (153823)
Clp0006I 94000  Obj 3.5028389e+09 Primal inf 3.740286e+09 (183562)
Clp0006I 95000  Obj 3.5698992e+09 Primal inf 1.0764797e+09 (155474)
Clp0006I 96000  Obj 3.6374747e+09 Primal inf 9.9857863e+08 (154179)
Clp0006I 97000  Obj 3.66765e+09 Primal inf 9.4134779e+08 (153700)
Clp0006I 98000  Obj 3.6817867e+09 Primal inf 1.218691e+09 (182730)
Clp0006I 99000  Obj 3.6941071e+09 Primal inf 8.9612024e+08 (150788)
Clp0006I 100000  Obj 3.6957751e+09 Primal inf 8.6944698e+08 (150161)
Clp0006I 101000  Obj 3.6994817e+09 Primal inf 9.0276472e+08 (151920)
Clp0006I 102000  Obj 3.7031509e+09 Primal inf 8.8620052e+08 (151957)
Clp0006I 103000  Obj 3.7042235e+09 Primal inf 8.8941293e+08 (152289)
Clp0006I 104000  Obj 3.7484422e+09 Primal inf 3.3073629e+09 (218232)
Clp0006I 105000  Obj 3.7579565e+09 Primal inf 8.9804182e+08 (152082)
Clp0006I 106000  Obj 3.8014754e+09 Primal inf 8.7403659e+08 (152974)
Clp0006I 107000  Obj 3.8329053e+09 Primal inf 1.0132695e+09 (150333)
Clp0006I 108000  Obj 3.8709236e+09 Primal inf 8.8926926e+08 (153914)
Clp0006I 109000  Obj 3.9212269e+09 Primal inf 2.3184741e+09 (204225)
Clp0006I 110000  Obj 3.9368156e+09 Primal inf 8.7279736e+08 (151796)
Clp0006I 111000  Obj 3.9828089e+09 Primal inf 9.3967122e+08 (162150)
Clp0006I 112000  Obj 4.0081622e+09 Primal inf 2.2593944e+09 (159998)
Clp0006I 113000  Obj 4.0353647e+09 Primal inf 9.1425497e+08 (155694)
Clp0006I 114000  Obj 4.0773716e+09 Primal inf 8.7462923e+08 (154187)
Clp0006I 115000  Obj 4.0848872e+09 Primal inf 2.2241494e+09 (190964)
Clp0006I 116000  Obj 4.0903622e+09 Primal inf 2.2247934e+09 (191171)
Clp0006I 117000  Obj 4.1038669e+09 Primal inf 4.5953907e+09 (165374)
Clp0006I 118000  Obj 4.1177405e+09 Primal inf 8.3606876e+08 (154006)
Clp0006I 119000  Obj 4.1530059e+09 Primal inf 9.1807821e+08 (152785)
Clp0006I 120000  Obj 4.1745209e+09 Primal inf 1.2147456e+09 (188528)
Clp0006I 121000  Obj 4.1888532e+09 Primal inf 8.8310252e+08 (154032)
Clp0006I 122000  Obj 4.1994855e+09 Primal inf 9.776003e+08 (157145)
Clp0006I 123000  Obj 4.2245096e+09 Primal inf 1.177715e+09 (205712)
Clp0006I 124000  Obj 4.2593893e+09 Primal inf 2.1769205e+09 (155682)
Clp0006I 125000  Obj 4.2702725e+09 Primal inf 2.0138184e+09 (155850)
Clp0006I 126000  Obj 4.2787808e+09 Primal inf 8.8172622e+08 (158054)
Clp0006I 127000  Obj 4.29365e+09 Primal inf 9.7045212e+08 (154883)
Clp0006I 128000  Obj 4.314214e+09 Primal inf 3.0584484e+10 (188512)
Clp0006I 129000  Obj 4.3269098e+09 Primal inf 8.7284023e+08 (157018)
Clp0006I 130000  Obj 4.3662536e+09 Primal inf 8.6427763e+09 (210002)
Clp0006I 131000  Obj 4.38822e+09 Primal inf 1.0090464e+09 (160764)
Clp0006I 132000  Obj 4.4024921e+09 Primal inf 2.0439978e+09 (192253)
Clp0006I 133000  Obj 4.4220585e+09 Primal inf 2.3084595e+09 (192807)
Clp0006I 134000  Obj 4.4300916e+09 Primal inf 1.3975337e+09 (170096)
Clp0006I 135000  Obj 4.4386751e+09 Primal inf 1.7044093e+09 (173257)
Clp0006I 136000  Obj 4.4529538e+09 Primal inf 7.1713421e+09 (212347)
Clp0006I 137000  Obj 4.4585357e+09 Primal inf 6.6492614e+09 (212898)
Clp0006I 138000  Obj 4.4768515e+09 Primal inf 9.9355177e+08 (168608)
Clp0006I 139000  Obj 4.4832493e+09 Primal inf 1.4867127e+09 (174097)
Clp0006I 140000  Obj 4.4889899e+09 Primal inf 1.5008058e+09 (174613)
Clp0006I 141000  Obj 4.5003505e+09 Primal inf 1.4698749e+09 (175231)
Clp0006I 142000  Obj 4.5102351e+09 Primal inf 2.0519828e+09 (201139)
Clp0006I 143000  Obj 4.5216115e+09 Primal inf 3.0480012e+09 (203577)
Clp0006I 144000  Obj 4.5361128e+09 Primal inf 2.4948341e+09 (203764)
Clp0006I 145000  Obj 4.5564401e+09 Primal inf 2.7915871e+10 (208766)
Clp0006I 146000  Obj 4.5634408e+09 Primal inf 1.4796919e+09 (170254)
Clp0006I 147000  Obj 4.5737079e+09 Primal inf 1.2725659e+09 (177652)
Clp0006I 148000  Obj 4.5898479e+09 Primal inf 1.2841265e+09 (171500)
Clp0006I 149000  Obj 4.6029198e+09 Primal inf 1.5102441e+09 (179190)
Clp0006I 150000  Obj 4.6233287e+09 Primal inf 2.5461719e+09 (183473)
Clp0006I 151000  Obj 4.6677537e+09 Primal inf 1.5557813e+09 (171719)
Clp0006I 152000  Obj 4.7025181e+09 Primal inf 1.3339487e+09 (172254)
Clp0006I 153000  Obj 4.7266799e+09 Primal inf 1.4477083e+09 (172917)
Clp0006I 154000  Obj 4.7647652e+09 Primal inf 4.7013323e+09 (208127)
Clp0006I 155000  Obj 4.7989523e+09 Primal inf 1.7067276e+09 (172331)
Clp0006I 156000  Obj 4.8227348e+09 Primal inf 1.4777788e+09 (171487)
Clp0006I 157000  Obj 4.8393912e+09 Primal inf 8.3186769e+09 (203373)
Clp0006I 158000  Obj 4.8595679e+09 Primal inf 1.5582363e+09 (170986)
Clp0006I 159000  Obj 4.8741123e+09 Primal inf 2.5548365e+09 (206964)
Clp0006I 160000  Obj 4.8925883e+09 Primal inf 1.2711574e+09 (171070)
Clp0006I 161000  Obj 4.9042187e+09 Primal inf 3.1953453e+09 (204939)
Clp0006I 162000  Obj 4.9254106e+09 Primal inf 2.6849239e+09 (205984)
Clp0006I 163000  Obj 4.9413674e+09 Primal inf 2.0335443e+10 (205729)
Clp0006I 164000  Obj 4.9525529e+09 Primal inf 1.4387549e+09 (174716)
Clp0006I 165000  Obj 4.9607968e+09 Primal inf 1.3423041e+10 (210438)
Clp0006I 166000  Obj 4.9680521e+09 Primal inf 1.2429254e+09 (169450)
Clp0006I 167000  Obj 4.9779129e+09 Primal inf 1.279089e+09 (169618)
Clp0006I 168000  Obj 4.985139e+09 Primal inf 1.6170952e+09 (203966)
Clp0006I 169000  Obj 5.0048874e+09 Primal inf 1.4284469e+09 (170199)
Clp0006I 170000  Obj 5.0124695e+09 Primal inf 1.2446613e+09 (173775)
Clp0006I 171000  Obj 5.0229519e+09 Primal inf 1.3280382e+09 (171346)
Clp0006I 172000  Obj 5.0369617e+09 Primal inf 5.9329687e+09 (231986)
Clp0006I 173000  Obj 5.0459177e+09 Primal inf 1.2019805e+09 (171138)
Clp0006I 174000  Obj 5.0562431e+09 Primal inf 2.1287868e+09 (178034)
Clp0006I 175000  Obj 5.0664368e+09 Primal inf 2.3261033e+09 (185940)
Clp0006I 176000  Obj 5.0734864e+09 Primal inf 1.5828856e+09 (176530)
Clp0006I 177000  Obj 5.0884408e+09 Primal inf 1.8630434e+09 (176072)
Clp0006I 178000  Obj 5.1248057e+09 Primal inf 2.6110756e+09 (184293)
Clp0006I 179000  Obj 5.1435254e+09 Primal inf 1.9349402e+09 (173507)
Clp0006I 180000  Obj 5.1474286e+09 Primal inf 2.3566463e+09 (184495)
Clp0006I 181000  Obj 5.1509234e+09 Primal inf 2.7281768e+09 (184696)
Clp0006I 182000  Obj 5.15738e+09 Primal inf 1.4785083e+09 (171970)
Clp0006I 183000  Obj 5.16225e+09 Primal inf 1.8066786e+09 (182657)
Clp0006I 184000  Obj 5.1785601e+09 Primal inf 1.3632231e+09 (172704)
Clp0006I 185000  Obj 5.1950526e+09 Primal inf 2.0563072e+09 (183590)
Clp0006I 186000  Obj 5.2034361e+09 Primal inf 3.2012648e+09 (183287)
Clp0006I 187000  Obj 5.2074411e+09 Primal inf 5.5364706e+10 (211328)
Clp0006I 188000  Obj 5.2302541e+09 Primal inf 2.2606837e+09 (182367)
Clp0006I 189000  Obj 5.2380012e+09 Primal inf 1.37927e+09 (173345)
Clp0006I 190000  Obj 5.2564461e+09 Primal inf 3.2357299e+09 (205642)
Clp0006I 191000  Obj 5.2645934e+09 Primal inf 1.7740976e+09 (174041)
Clp0006I 192000  Obj 5.2744177e+09 Primal inf 1.8512407e+09 (183099)
Clp0006I 193000  Obj 5.289002e+09 Primal inf 3.0908385e+09 (185190)
Clp0006I 194000  Obj 5.299985e+09 Primal inf 2.3950682e+09 (182942)
Clp0006I 195000  Obj 5.3115888e+09 Primal inf 5.767343e+09 (207308)
Clp0006I 196000  Obj 5.318162e+09 Primal inf 5.447041e+09 (212231)
Clp0006I 197000  Obj 5.3252915e+09 Primal inf 1.9534063e+09 (174718)
Clp0006I 198000  Obj 5.3314018e+09 Primal inf 3.4626773e+09 (189841)
Clp0006I 199000  Obj 5.34384e+09 Primal inf 3.2608228e+09 (178154)
Clp0006I 200000  Obj 5.3581545e+09 Primal inf 3.1553168e+09 (177568)
Clp0006I 201000  Obj 5.3712088e+09 Primal inf 2.7918779e+09 (175553)
Clp0006I 202000  Obj 5.388349e+09 Primal inf 2.0045909e+09 (174625)
Clp0006I 203000  Obj 5.4063103e+09 Primal inf 3.0845396e+09 (174062)
Clp0006I 204000  Obj 5.4156522e+09 Primal inf 1.9476466e+09 (173681)
Clp0006I 205000  Obj 5.4269916e+09 Primal inf 2.2927506e+10 (186247)
Clp0006I 206000  Obj 5.4402468e+09 Primal inf 2.6263889e+09 (174374)
Clp0006I 207000  Obj 5.4558767e+09 Primal inf 2.1129595e+09 (173428)
Clp0006I 208000  Obj 5.4645604e+09 Primal inf 1.9020083e+09 (173465)
Clp0006I 209000  Obj 5.4754869e+09 Primal inf 2.7444895e+09 (174448)
Clp0006I 210000  Obj 5.4832824e+09 Primal inf 7.2715425e+09 (183242)
Clp0006I 211000  Obj 5.4905757e+09 Primal inf 3.1222134e+09 (174507)
Clp0006I 212000  Obj 5.5029428e+09 Primal inf 4.6270144e+09 (182881)
Clp0006I 213000  Obj 5.5086047e+09 Primal inf 3.0768038e+09 (178471)
Clp0006I 214000  Obj 5.5198883e+09 Primal inf 3.0208628e+09 (177368)
Clp0006I 215000  Obj 5.5431999e+09 Primal inf 3.2854815e+11 (213023)
Clp0006I 216000  Obj 5.5508587e+09 Primal inf 3.5179674e+09 (182715)
Clp0006I 217000  Obj 5.559788e+09 Primal inf 1.7374879e+09 (173881)
Clp0006I 218000  Obj 5.5768644e+09 Primal inf 2.2794902e+09 (173654)
Clp0006I 219000  Obj 5.5918636e+09 Primal inf 2.8358778e+09 (173102)
Clp0006I 220000  Obj 5.598692e+09 Primal inf 4.2390014e+09 (175021)
Clp0006I 221000  Obj 5.6105591e+09 Primal inf 2.7220798e+09 (173643)
Clp0006I 222000  Obj 5.6209697e+09 Primal inf 1.0501978e+10 (177340)
Clp0006I 223000  Obj 5.6361697e+09 Primal inf 7.0520239e+09 (199466)
Clp0006I 224000  Obj 5.6468081e+09 Primal inf 5.6717399e+09 (174168)
Clp0006I 225000  Obj 5.6578927e+09 Primal inf 3.7159086e+09 (175593)
Clp0006I 226000  Obj 5.667597e+09 Primal inf 7.6293999e+09 (184384)
Clp0006I 227000  Obj 5.6755554e+09 Primal inf 5.6550039e+09 (198738)
Clp0006I 228000  Obj 5.6886839e+09 Primal inf 6.0707527e+09 (175540)
Clp0006I 229000  Obj 5.7039252e+09 Primal inf 4.152845e+09 (176367)
Clp0006I 230000  Obj 5.7159295e+09 Primal inf 6.1123414e+09 (200769)
Clp0006I 231000  Obj 5.7460719e+09 Primal inf 5.147457e+09 (176308)
Clp0006I 232000  Obj 5.7524767e+09 Primal inf 5.7044041e+09 (177456)
Clp0006I 233000  Obj 5.7570181e+09 Primal inf 8.2124683e+09 (181871)
Clp0006I 234000  Obj 5.7645611e+09 Primal inf 3.9548785e+09 (176919)
Clp0006I 235000  Obj 5.7688067e+09 Primal inf 3.6808479e+09 (175195)
Clp0006I 236000  Obj 5.7734403e+09 Primal inf 7.9692125e+09 (182360)
Clp0006I 237000  Obj 5.7800308e+09 Primal inf 5.8856271e+09 (180441)
Clp0006I 238000  Obj 5.7832494e+09 Primal inf 7.8883117e+09 (198728)
Clp0006I 239000  Obj 5.7845663e+09 Primal inf 7.5944009e+09 (174577)
Clp0006I 240000  Obj 5.7924294e+09 Primal inf 1.7717898e+10 (240040)
Clp0006I 241000  Obj 5.7957844e+09 Primal inf 2.5056691e+09 (185565)
Clp0006I 242000  Obj 5.8143724e+09 Primal inf 4.1570792e+09 (183542)
Clp0006I 243000  Obj 5.8954219e+09 Primal inf 1.5222302e+10 (186667)
Clp0006I 244000  Obj 5.9497349e+09 Primal inf 1.3185329e+10 (178010)
Clp0006I 245000  Obj 6.0051824e+09 Primal inf 1.0674752e+11 (242172)
Clp0006I 246000  Obj 6.1026136e+09 Primal inf 2.7238857e+11 (212068)
Clp0006I 247000  Obj 6.1985542e+09 Primal inf 1.6632168e+11 (222163)
Clp0006I 248000  Obj 6.314974e+09 Primal inf 1.4984567e+10 (218521)
Clp0006I 249000  Obj 6.3907942e+09 Primal inf 1.5829316e+10 (205281)
Clp0006I 250000  Obj 6.5511458e+09 Primal inf 4.0269585e+09 (225225)
Clp0006I 250268  Obj 6.6241719e+09 Primal inf 9.5847804e+10 (237653)
Clp0006I 251268  Obj 6.8038604e+09 Primal inf 2.0135045e+10 (205529)
Clp0006I 252268  Obj 6.9945722e+09 Primal inf 8.7522112e+09 (176464)
Clp0006I 253268  Obj 7.1645501e+09 Primal inf 9.3402949e+09 (181294)
Clp0006I 254268  Obj 7.2907274e+09 Primal inf 4.9852923e+10 (212481)
Clp0006I 255268  Obj 7.4175726e+09 Primal inf 4.9059249e+09 (228226)
Clp0006I 256268  Obj 7.5913786e+09 Primal inf 3.0321961e+09 (174654)
Clp0006I 257185  Obj 7.7683665e+09 Primal inf 1.3250415e+10 (181723)
Clp0006I 258185  Obj 8.0255469e+09 Primal inf 6.1347274e+09 (181960)
Clp0006I 259185  Obj 8.2097036e+09 Primal inf 4.949027e+10 (190596)
Clp0006I 260081  Obj 8.3125639e+09 Primal inf 7.3041557e+10 (242261)
Clp0006I 261081  Obj 8.4466461e+09 Primal inf 2.1037392e+10 (218947)
Clp0006I 262081  Obj 8.6296533e+09 Primal inf 4.043296e+10 (206273)
Clp0006I 263040  Obj 8.7123932e+09 Primal inf 4.9260123e+11 (219913)
Clp0006I 263551  Obj 8.7511706e+09 Primal inf 8.545814e+09 (181314)
Clp0006I 264551  Obj 8.9033735e+09 Primal inf 1.1690885e+10 (214040)
Clp0006I 265551  Obj 9.0100471e+09 Primal inf 7.7200153e+10 (236350)
Clp0006I 266551  Obj 9.1277454e+09 Primal inf 4.1491528e+10 (220046)
Clp0006I 267551  Obj 9.2218061e+09 Primal inf 3.0233041e+10 (232504)
Clp0006I 268047  Obj 9.2602277e+09 Primal inf 4.4091292e+09 (187998)
Clp0006I 269047  Obj 9.3502376e+09 Primal inf 3.9204089e+09 (194910)
Clp0006I 270047  Obj 9.4429496e+09 Primal inf 2.3991683e+10 (207708)
Clp0006I 271047  Obj 9.5074167e+09 Primal inf 4.822462e+09 (216506)
Clp0006I 272047  Obj 9.563901e+09 Primal inf 2.9112434e+10 (204882)
Clp0006I 272940  Obj 9.62265e+09 Primal inf 1.7571487e+10 (265293)
Clp0006I 273706  Obj 9.6845231e+09 Primal inf 1.850475e+10 (247156)
Clp0006I 274706  Obj 9.7613998e+09 Primal inf 3.0073486e+11 (225984)
Clp0006I 275405  Obj 9.8135413e+09 Primal inf 3.3009428e+10 (214779)
Clp0006I 276295  Obj 9.8981102e+09 Primal inf 6.5786748e+10 (234273)
Clp0006I 277295  Obj 9.9955029e+09 Primal inf 4.9538829e+09 (189143)
Clp0006I 278141  Obj 1.0073528e+10 Primal inf 1.5671348e+10 (211978)
Clp0006I 279090  Obj 1.0168236e+10 Primal inf 4.9703307e+10 (210856)
Clp0006I 279697  Obj 1.022619e+10 Primal inf 7.9212398e+09 (218701)
Clp0006I 280697  Obj 1.0327543e+10 Primal inf 1.4736711e+10 (219858)
Clp0006I 281697  Obj 1.0430312e+10 Primal inf 2.8447142e+10 (218142)
Clp0006I 282697  Obj 1.0517711e+10 Primal inf 1.9676698e+11 (246695)
Clp0006I 283697  Obj 1.0607031e+10 Primal inf 1.3422616e+11 (232228)
Clp0006I 284521  Obj 1.0696421e+10 Primal inf 1.0801272e+11 (212145)
Clp0006I 285521  Obj 1.0799496e+10 Primal inf 1.2360206e+10 (197137)
Clp0006I 286521  Obj 1.0883238e+10 Primal inf 2.8348077e+10 (224076)
Clp0006I 287521  Obj 1.0946692e+10 Primal inf 4.2545989e+10 (219953)
Clp0006I 288521  Obj 1.1028752e+10 Primal inf 2.0492072e+10 (202839)
Clp0006I 289521  Obj 1.1084076e+10 Primal inf 9.1359657e+10 (269967)
Clp0006I 290521  Obj 1.1179244e+10 Primal inf 3.5736545e+12 (243296)
Clp0006I 291521  Obj 1.1241895e+10 Primal inf 3.8283745e+09 (206399)
Clp0006I 292521  Obj 1.1301192e+10 Primal inf 6.5553188e+09 (223478)
Clp0006I 293521  Obj 1.1386956e+10 Primal inf 5.1187677e+09 (210509)
Clp0006I 294521  Obj 1.1489178e+10 Primal inf 2.5074759e+09 (187824)
Clp0006I 295521  Obj 1.1565853e+10 Primal inf 1.8587027e+10 (233106)
Clp0006I 296521  Obj 1.163797e+10 Primal inf 5.0798833e+10 (268652)
Clp0006I 297521  Obj 1.1710532e+10 Primal inf 4.4759078e+09 (235189)
Clp0006I 298521  Obj 1.178672e+10 Primal inf 1.5354243e+10 (251976)
Clp0006I 299362  Obj 1.1827516e+10 Primal inf 9.7156388e+09 (226148)
Clp0006I 300330  Obj 1.1901803e+10 Primal inf 2.0167393e+10 (216785)
Clp0006I 301330  Obj 1.1956737e+10 Primal inf 8.2139593e+10 (251762)
Clp0006I 302330  Obj 1.1995493e+10 Primal inf 4.4139956e+09 (205077)
Clp0006I 303330  Obj 1.2063907e+10 Primal inf 3.55652e+10 (255600)
Clp0006I 304330  Obj 1.2149264e+10 Primal inf 2.1007899e+10 (232972)
Clp0006I 304829  Obj 1.2199831e+10 Primal inf 2.7348718e+09 (212047)
Clp0006I 305829  Obj 1.2285085e+10 Primal inf 1.4547169e+10 (226882)
Clp0006I 306829  Obj 1.2363061e+10 Primal inf 5.0186713e+09 (227215)
Clp0006I 307829  Obj 1.2443775e+10 Primal inf 1.6584301e+10 (240383)
Clp0006I 308829  Obj 1.2528405e+10 Primal inf 7.1647928e+09 (232265)
Clp0006I 309698  Obj 1.2602199e+10 Primal inf 3.0581146e+09 (211453)
Clp0006I 310698  Obj 1.2639327e+10 Primal inf 1.3664927e+09 (207274)
Clp0006I 311698  Obj 1.2678851e+10 Primal inf 3.3536719e+09 (190595)
Clp0006I 312568  Obj 1.2757465e+10 Primal inf 1.4135552e+11 (240804)
Clp0006I 313568  Obj 1.2809482e+10 Primal inf 5.7823576e+10 (269251)
Clp0006I 314568  Obj 1.2893396e+10 Primal inf 2.0751233e+10 (260724)
Clp0006I 315568  Obj 1.2955713e+10 Primal inf 9.3156992e+09 (212216)
Clp0006I 316547  Obj 1.3034789e+10 Primal inf 2.1030327e+11 (253158)
Clp0006I 317268  Obj 1.3087434e+10 Primal inf 2.3986667e+09 (189446)
Clp0006I 318268  Obj 1.3163434e+10 Primal inf 3.8621302e+10 (249151)
Clp0006I 319268  Obj 1.3234552e+10 Primal inf 1.816361e+10 (219128)
Clp0006I 320268  Obj 1.329736e+10 Primal inf 2.16112e+10 (254543)
Clp0006I 321268  Obj 1.3343478e+10 Primal inf 6.1469859e+09 (257201)
Clp0006I 322268  Obj 1.3367619e+10 Primal inf 1.4615924e+09 (224839)
Clp0006I 323268  Obj 1.3419127e+10 Primal inf 1.3420018e+10 (255000)
Clp0006I 324268  Obj 1.3497049e+10 Primal inf 9.5823172e+09 (224711)
Clp0006I 325268  Obj 1.3545046e+10 Primal inf 1.8409584e+10 (240811)
Clp0006I 326268  Obj 1.3599515e+10 Primal inf 1.8300615e+09 (218969)
Clp0006I 327268  Obj 1.3641951e+10 Primal inf 3.7476446e+09 (232864)
Clp0006I 328268  Obj 1.3702729e+10 Primal inf 6.0949427e+10 (224189)
Clp0006I 329132  Obj 1.3763082e+10 Primal inf 1.3910109e+10 (224660)
Clp0006I 330132  Obj 1.379997e+10 Primal inf 4.2367769e+09 (277329)
Clp0006I 330928  Obj 1.3837186e+10 Primal inf 5.8585877e+10 (246014)
Clp0006I 331928  Obj 1.3889832e+10 Primal inf 1.1990554e+10 (275194)
Clp0006I 332928  Obj 1.3929549e+10 Primal inf 5.7899427e+09 (239919)
Clp0006I 333928  Obj 1.398028e+10 Primal inf 1.5721275e+10 (251223)
Clp0006I 334928  Obj 1.403398e+10 Primal inf 2.7148408e+10 (265526)
Clp0006I 335928  Obj 1.4066328e+10 Primal inf 5.0891998e+11 (292603)
Clp0006I 336928  Obj 1.408873e+10 Primal inf 1.0807293e+10 (212902)
Clp0006I 337928  Obj 1.4114997e+10 Primal inf 4.5129696e+10 (217839)
Clp0006I 338928  Obj 1.4156154e+10 Primal inf 2.765008e+10 (251498)
Clp0006I 339928  Obj 1.4195835e+10 Primal inf 2.1862481e+10 (255814)
Clp0006I 340928  Obj 1.4232672e+10 Primal inf 1.5457137e+09 (212843)
Clp0006I 341928  Obj 1.4247829e+10 Primal inf 3.7538447e+09 (257351)
Clp0006I 342928  Obj 1.4291977e+10 Primal inf 1.0861215e+10 (263719)
Clp0006I 343928  Obj 1.4324505e+10 Primal inf 4.2311396e+09 (242189)
Clp0006I 344928  Obj 1.4344806e+10 Primal inf 1.4503464e+10 (273846)
Clp0006I 345928  Obj 1.4371565e+10 Primal inf 1.9850794e+10 (257669)
Clp0006I 346928  Obj 1.4406936e+10 Primal inf 3.1491265e+10 (258113)
Clp0006I 347928  Obj 1.4429124e+10 Primal inf 1.2487032e+09 (191385)
Clp0006I 348928  Obj 1.4458237e+10 Primal inf 6.0731394e+09 (239453)
Clp0006I 349928  Obj 1.4499675e+10 Primal inf 6.3616561e+09 (248530)
Clp0006I 350928  Obj 1.454122e+10 Primal inf 8.9914275e+08 (186732)
Clp0006I 351928  Obj 1.4576918e+10 Primal inf 2.8538473e+09 (233938)
Clp0006I 352928  Obj 1.4608486e+10 Primal inf 3.4555162e+09 (221112)
Clp0006I 353928  Obj 1.4618926e+10 Primal inf 3.7291738e+10 (217631)
Clp0006I 354928  Obj 1.4654159e+10 Primal inf 2.6043583e+10 (245205)
Clp0006I 355928  Obj 1.4677016e+10 Primal inf 1.1219269e+10 (253945)
Clp0006I 356928  Obj 1.4693236e+10 Primal inf 1.6577974e+10 (266178)
Clp0006I 357928  Obj 1.4708499e+10 Primal inf 5.524584e+10 (242462)
Clp0006I 358928  Obj 1.4723388e+10 Primal inf 2.889793e+10 (248606)
Clp0006I 359928  Obj 1.4741375e+10 Primal inf 2.0706413e+11 (236678)
Clp0006I 360928  Obj 1.4742056e+10 Primal inf 5.9964694e+09 (217450)
Clp0006I 361928  Obj 1.4753231e+10 Primal inf 1.1321275e+12 (229481)
Clp0006I 362928  Obj 1.4761244e+10 Primal inf 2.4572681e+10 (229730)
Clp0006I 363928  Obj 1.4766357e+10 Primal inf 2.9529384e+10 (233508)
Clp0006I 364928  Obj 1.4779592e+10 Primal inf 8.2975019e+09 (252382)
Clp0006I 365928  Obj 1.4782675e+10 Primal inf 4.4743162e+09 (226771)
Clp0006I 366928  Obj 1.4797616e+10 Primal inf 1.0718052e+10 (221929)
Clp0006I 367928  Obj 1.4798933e+10 Primal inf 3.7348709e+09 (197562)
Clp0006I 368928  Obj 1.4807488e+10 Primal inf 1.1070698e+09 (205867)
Clp0006I 369928  Obj 1.4813364e+10 Primal inf 1.7556852e+10 (232988)
Clp0006I 370928  Obj 1.4833078e+10 Primal inf 2.3523958e+09 (229884)
Clp0006I 371928  Obj 1.4836043e+10 Primal inf 2.1934373e+09 (203862)
Clp0006I 372928  Obj 1.4992298e+10 Primal inf 2.5737922e+09 (226770)
Clp0006I 373928  Obj 1.4994208e+10 Primal inf 2.8942214e+09 (214914)
Clp0006I 374928  Obj 1.4999402e+10 Primal inf 2.7550752e+09 (219456)
Clp0006I 375928  Obj 1.5027384e+10 Primal inf 4.7266183e+09 (278269)
Clp0006I 376928  Obj 1.5029912e+10 Primal inf 4.8631596e+09 (244061)
Clp0006I 377928  Obj 1.5049293e+10 Primal inf 2.0869527e+10 (287050)
Clp0006I 378928  Obj 1.5068433e+10 Primal inf 1.002524e+10 (225107)
Clp0006I 379928  Obj 1.5085301e+10 Primal inf 3.3774213e+09 (278118)
Clp0006I 380928  Obj 1.5099172e+10 Primal inf 1.2560819e+10 (283421)
Clp0006I 381928  Obj 1.5109978e+10 Primal inf 1.7455634e+09 (233416)
Clp0006I 382928  Obj 1.5123013e+10 Primal inf 1.2212185e+10 (233789)
Clp0006I 383928  Obj 1.5132696e+10 Primal inf 7.7583418e+09 (220619)
Clp0006I 384928  Obj 1.5146893e+10 Primal inf 1.4953835e+10 (228027)
Clp0006I 385928  Obj 1.515535e+10 Primal inf 6.3761063e+10 (242588)
Clp0006I 386928  Obj 1.5161677e+10 Primal inf 3.4667468e+09 (235918)
Clp0006I 387928  Obj 1.518071e+10 Primal inf 3.9552931e+10 (272268)
Clp0006I 388928  Obj 1.5197504e+10 Primal inf 3.1047972e+10 (249292)
Clp0006I 389928  Obj 1.520432e+10 Primal inf 1.9279564e+09 (206847)
Clp0006I 390928  Obj 1.5212254e+10 Primal inf 6.6364648e+09 (213449)
Clp0006I 391928  Obj 1.5226047e+10 Primal inf 4.2072387e+09 (224838)
Clp0006I 392928  Obj 1.5231856e+10 Primal inf 1.238124e+09 (189471)
Clp0006I 393928  Obj 1.5235706e+10 Primal inf 2.8992248e+09 (224331)
Clp0006I 394928  Obj 1.5252735e+10 Primal inf 2.4024232e+09 (209179)
Clp0006I 395928  Obj 1.5259649e+10 Primal inf 8.4533795e+08 (211398)
Clp0006I 396928  Obj 1.5272e+10 Primal inf 1.131204e+09 (189166)
Clp0006I 397928  Obj 1.5275506e+10 Primal inf 1.2841466e+10 (251151)
Clp0006I 398928  Obj 1.5306229e+10 Primal inf 1.2218799e+10 (237823)
Clp0006I 399928  Obj 1.5319034e+10 Primal inf 1.9225727e+09 (220359)
Clp0006I 400928  Obj 1.5336174e+10 Primal inf 1.1594715e+10 (235271)
Clp0006I 401928  Obj 1.5339137e+10 Primal inf 7.7685731e+08 (203224)
Clp0006I 402928  Obj 1.5348648e+10 Primal inf 3.2310525e+09 (250229)
Clp0006I 403928  Obj 1.5350534e+10 Primal inf 2.5118453e+09 (265925)
Clp0006I 404928  Obj 1.5358005e+10 Primal inf 5.1161468e+09 (280729)
Clp0006I 405928  Obj 1.5362224e+10 Primal inf 2.9399085e+09 (243493)
Clp0006I 406928  Obj 1.5367245e+10 Primal inf 9.4943409e+09 (264799)
Clp0006I 407928  Obj 1.5370691e+10 Primal inf 1.6761151e+09 (232847)
Clp0006I 408928  Obj 1.5390974e+10 Primal inf 1.5203196e+09 (222725)
Clp0006I 409928  Obj 1.5394159e+10 Primal inf 1.8191162e+09 (244408)
Clp0006I 410928  Obj 1.5411339e+10 Primal inf 1.1965269e+10 (243182)
Clp0006I 411928  Obj 1.5415802e+10 Primal inf 1.7878793e+09 (219952)
Clp0006I 412928  Obj 1.5423449e+10 Primal inf 2.1297636e+09 (206853)
Clp0006I 413928  Obj 1.5434163e+10 Primal inf 1.0759041e+09 (205943)
Clp0006I 414928  Obj 1.5453579e+10 Primal inf 7.788858e+08 (210659)
Clp0006I 415928  Obj 1.5476798e+10 Primal inf 1.3126989e+09 (197690)
Clp0006I 416928  Obj 1.5479675e+10 Primal inf 7.0370555e+08 (188390)
Clp0006I 417928  Obj 1.5498572e+10 Primal inf 8.7492696e+08 (190876)
Clp0006I 418928  Obj 1.5502307e+10 Primal inf 1.1853855e+09 (201922)
Clp0006I 419928  Obj 1.5516236e+10 Primal inf 1.0970202e+10 (260188)
Clp0006I 420928  Obj 1.5527866e+10 Primal inf 7.193649e+08 (185790)
Clp0006I 421928  Obj 1.5546528e+10 Primal inf 8.1101685e+09 (253709)
Clp0006I 422928  Obj 1.5558143e+10 Primal inf 1.3376555e+11 (273082)
Clp0006I 423928  Obj 1.5567689e+10 Primal inf 6.761149e+09 (241608)
Clp0006I 424928  Obj 1.5575876e+10 Primal inf 4.1319188e+09 (240984)
Clp0006I 425928  Obj 1.5590339e+10 Primal inf 3.7750751e+09 (248959)
Clp0006I 426928  Obj 1.5595835e+10 Primal inf 1.4743028e+09 (228497)
Clp0006I 427928  Obj 1.5620376e+10 Primal inf 1.3454527e+10 (278769)
Clp0006I 428928  Obj 1.5624522e+10 Primal inf 1.5470008e+09 (252142)
Clp0006I 429928  Obj 1.5635077e+10 Primal inf 2.5123586e+09 (243331)
Clp0006I 430928  Obj 1.5642347e+10 Primal inf 3.7774811e+09 (248122)
Clp0006I 431928  Obj 1.5646232e+10 Primal inf 4.1071735e+09 (245538)
Clp0006I 432928  Obj 1.5650726e+10 Primal inf 1.7314712e+09 (267847)
Clp0006I 433928  Obj 1.5660098e+10 Primal inf 1.0989277e+09 (251733)
Clp0006I 434928  Obj 1.5666628e+10 Primal inf 1.7250386e+09 (259139)
Clp0006I 435928  Obj 1.5681681e+10 Primal inf 1.3044496e+09 (238073)
Clp0006I 436928  Obj 1.5688324e+10 Primal inf 6.2408571e+09 (261034)
Clp0006I 437928  Obj 1.569378e+10 Primal inf 2.3543511e+09 (277405)
Clp0006I 438928  Obj 1.5699147e+10 Primal inf 9.6631975e+08 (233578)
Clp0006I 439928  Obj 1.5703086e+10 Primal inf 1.1899878e+09 (213268)
Clp0006I 440928  Obj 1.5707234e+10 Primal inf 1.0139923e+09 (227198)
Clp0006I 441928  Obj 1.5711543e+10 Primal inf 3.4297096e+09 (271971)
Clp0006I 442928  Obj 1.572084e+10 Primal inf 7.883068e+09 (272744)
Clp0006I 443928  Obj 1.5728822e+10 Primal inf 3.5277821e+09 (271053)
Clp0006I 444928  Obj 1.5737812e+10 Primal inf 1.1593062e+09 (253016)
Clp0006I 445928  Obj 1.5748024e+10 Primal inf 1.6985877e+09 (233975)
Clp0006I 446928  Obj 1.57587e+10 Primal inf 4.5193936e+10 (244490)
Clp0006I 447928  Obj 1.5767485e+10 Primal inf 1.9698462e+09 (205930)
Clp0006I 448928  Obj 1.5771986e+10 Primal inf 1.1296231e+09 (229262)
Clp0006I 449928  Obj 1.5777925e+10 Primal inf 1.1684177e+10 (295488)
Clp0006I 450928  Obj 1.5783706e+10 Primal inf 1.5512777e+10 (226436)
Clp0006I 451928  Obj 1.5797582e+10 Primal inf 2.2972046e+10 (201323)
Clp0006I 452928  Obj 1.5812831e+10 Primal inf 8.3608234e+10 (226506)
Clp0006I 453928  Obj 1.5822745e+10 Primal inf 3.0540025e+09 (234582)
Clp0006I 454928  Obj 1.5829148e+10 Primal inf 3.5564673e+09 (233243)
Clp0006I 455928  Obj 1.5834405e+10 Primal inf 1.7628878e+09 (214038)
Clp0006I 456928  Obj 1.5844927e+10 Primal inf 1.2608484e+09 (250833)
Clp0006I 457928  Obj 1.5863006e+10 Primal inf 1.6613046e+09 (243057)
Clp0006I 458928  Obj 1.5884697e+10 Primal inf 1.0486826e+10 (260574)
Clp0006I 459928  Obj 1.5901221e+10 Primal inf 1.1967553e+11 (303372)
Clp0006I 460928  Obj 1.5906992e+10 Primal inf 8.4870896e+09 (271808)
Clp0006I 461928  Obj 1.5916289e+10 Primal inf 4.4981696e+09 (225946)
Clp0006I 462928  Obj 1.5924327e+10 Primal inf 2.2990686e+09 (245503)
Clp0006I 463928  Obj 1.5926336e+10 Primal inf 3.9267612e+09 (249224)
Clp0006I 464928  Obj 1.5933758e+10 Primal inf 3.9044602e+09 (248992)
Clp0006I 465928  Obj 1.593774e+10 Primal inf 2.9432443e+09 (270278)
Clp0006I 466928  Obj 1.5948158e+10 Primal inf 9.0008747e+09 (231969)
Clp0006I 467928  Obj 1.5954701e+10 Primal inf 3.1594862e+09 (262165)
Clp0006I 468928  Obj 1.5961676e+10 Primal inf 2.8558834e+09 (277995)
Clp0006I 469928  Obj 1.5973267e+10 Primal inf 8.2195357e+09 (232768)
Clp0006I 470928  Obj 1.5981699e+10 Primal inf 1.9815785e+10 (285856)
Clp0006I 471928  Obj 1.6008736e+10 Primal inf 3.7980976e+10 (291357)
Clp0006I 472928  Obj 1.6026843e+10 Primal inf 1.8128187e+10 (246017)
Clp0006I 473928  Obj 1.6033543e+10 Primal inf 2.4295666e+10 (309551)
Clp0006I 474928  Obj 1.6049753e+10 Primal inf 1.3155285e+10 (299258)
Clp0006I 475928  Obj 1.6053574e+10 Primal inf 4.7133547e+09 (248899)
Clp0006I 476928  Obj 1.6059312e+10 Primal inf 3.8115666e+09 (262272)
Clp0006I 477928  Obj 1.6067723e+10 Primal inf 6.0776973e+09 (306615)
Clp0006I 478928  Obj 1.6090578e+10 Primal inf 1.1008959e+09 (198789)
Clp0006I 479928  Obj 1.610178e+10 Primal inf 5.950823e+09 (247010)
Clp0006I 480928  Obj 1.610817e+10 Primal inf 1.4937128e+10 (282676)
Clp0006I 481928  Obj 1.6113707e+10 Primal inf 3.6782189e+09 (267972)
Clp0006I 482928  Obj 1.6120262e+10 Primal inf 3.9409609e+09 (267804)
Clp0006I 483928  Obj 1.6130702e+10 Primal inf 3.0457917e+09 (238423)
Clp0006I 484928  Obj 1.6161654e+10 Primal inf 3.4728266e+10 (310686)
Clp0006I 485928  Obj 1.617249e+10 Primal inf 3.2736246e+09 (283809)
Clp0006I 486928  Obj 1.6185387e+10 Primal inf 6.8825394e+09 (255512)
Clp0006I 487928  Obj 1.6202543e+10 Primal inf 2.6732335e+10 (348457)
Clp0006I 488928  Obj 1.6224689e+10 Primal inf 1.5046111e+10 (345648)
Clp0006I 489928  Obj 1.6245585e+10 Primal inf 3.1818532e+11 (323025)
Clp0006I 490928  Obj 1.6261451e+10 Primal inf 8.2632603e+10 (300589)
Clp0006I 491928  Obj 1.6283147e+10 Primal inf 1.6497656e+10 (280241)
Clp0006I 492928  Obj 1.629573e+10 Primal inf 1.0220342e+10 (288368)
Clp0006I 493928  Obj 1.6304744e+10 Primal inf 5.4643725e+10 (296525)
Clp0006I 494928  Obj 1.631861e+10 Primal inf 4.3104149e+10 (294518)
Clp0006I 495928  Obj 1.633287e+10 Primal inf 4.4745122e+10 (295789)
Clp0006I 496928  Obj 1.6363563e+10 Primal inf 1.2559561e+11 (324749)
Clp0006I 497928  Obj 1.6381165e+10 Primal inf 5.4287123e+09 (262965)
Clp0006I 498928  Obj 1.642185e+10 Primal inf 1.8036989e+11 (353525)
Clp0006I 499928  Obj 1.6472204e+10 Primal inf 1.1088129e+11 (310166)
Clp0006I 500928  Obj 1.6495372e+10 Primal inf 3.1265302e+10 (338649)
Clp0006I 501928  Obj 1.6513862e+10 Primal inf 4.711331e+09 (304348)
Clp0006I 502928  Obj 1.6541415e+10 Primal inf 1.0851029e+10 (289397)
Clp0006I 503928  Obj 1.6555381e+10 Primal inf 2.5935044e+10 (301044)
Clp0006I 504928  Obj 1.6566255e+10 Primal inf 3.3303631e+10 (304590)
Clp0006I 505928  Obj 1.6584435e+10 Primal inf 3.4036442e+10 (285800)
Clp0006I 506928  Obj 1.6604461e+10 Primal inf 2.8893122e+11 (347393)
Clp0006I 507928  Obj 1.6625085e+10 Primal inf 1.2056024e+10 (263253)
Clp0006I 508928  Obj 1.6636145e+10 Primal inf 5.8523647e+10 (339385)
Clp0006I 509928  Obj 1.6639424e+10 Primal inf 9.9115825e+09 (323955)
Clp0006I 510928  Obj 1.6644484e+10 Primal inf 1.6372588e+10 (293331)
Clp0006I 511928  Obj 1.6656119e+10 Primal inf 4.2705047e+10 (341330)
Clp0006I 512928  Obj 1.6664774e+10 Primal inf 1.6544878e+11 (359278)
Clp0006I 513928  Obj 1.672825e+10 Primal inf 1.7720942e+11 (344291)
Clp0006I 514928  Obj 1.6778519e+10 Primal inf 1.0459986e+11 (318008)
Clp0006I 515928  Obj 1.6805671e+10 Primal inf 3.2235387e+10 (296921)
Clp0006I 516928  Obj 1.6848245e+10 Primal inf 6.3566877e+10 (368242)
Clp0006I 517928  Obj 1.6896519e+10 Primal inf 7.0164811e+12 (324833)
Clp0006I 518928  Obj 1.6938531e+10 Primal inf 7.1465305e+11 (322307)
Clp0006I 519928  Obj 1.6967805e+10 Primal inf 5.6763804e+11 (347013)
Clp0006I 520928  Obj 1.7004458e+10 Primal inf 5.7213759e+12 (347691)
Clp0006I 521928  Obj 1.702534e+10 Primal inf 2.3009662e+11 (373291)
Clp0006I 522928  Obj 1.7047269e+10 Primal inf 4.0067443e+10 (331269)
Clp0006I 523928  Obj 1.7051567e+10 Primal inf 6.3110273e+09 (297853)
Clp0006I 524928  Obj 1.7056964e+10 Primal inf 2.3209871e+09 (284299)
Clp0006I 525928  Obj 1.7069824e+10 Primal inf 1.3299145e+11 (305304)
Clp0006I 526928  Obj 1.7079266e+10 Primal inf 2.8145428e+11 (330330)
Clp0006I 527928  Obj 1.7096878e+10 Primal inf 4.1979302e+12 (362772)
Clp0006I 528928  Obj 1.7097614e+10 Primal inf 1.1509632e+12 (344640)
Clp0006I 529928  Obj 1.7098994e+10 Primal inf 8.165594e+11 (360618)
Clp0006I 530928  Obj 1.7100458e+10 Primal inf 6.3803913e+11 (372282)
Clp0006I 531928  Obj 1.7107083e+10 Primal inf 1.5838888e+12 (344050)
Clp0006I 532928  Obj 1.7112672e+10 Primal inf 7.5297826e+11 (325760)
Clp0006I 533928  Obj 1.7121742e+10 Primal inf 2.8349841e+12 (280781)
Clp0006I 534928  Obj 1.7127023e+10 Primal inf 1.2563787e+11 (347489)
Clp0006I 535928  Obj 1.7131631e+10 Primal inf 1.4308241e+11 (311600)
Clp0006I 536928  Obj 1.7136635e+10 Primal inf 1.3588586e+12 (350723)
Clp0006I 537928  Obj 1.7141769e+10 Primal inf 1.0487198e+10 (319045)
Clp0006I 538928  Obj 1.7143536e+10 Primal inf 3.8871483e+09 (328916)
Clp0006I 539928  Obj 1.7145725e+10 Primal inf 4.3149412e+09 (314740)
Clp0006I 540928  Obj 1.7149925e+10 Primal inf 2.6170941e+10 (337351)
Clp0006I 541928  Obj 1.7152447e+10 Primal inf 4.7043676e+09 (303299)
Clp0006I 542928  Obj 1.7156869e+10 Primal inf 3.0839654e+10 (339604)
Clp0006I 543928  Obj 1.715986e+10 Primal inf 2.5943648e+09 (257149)
Clp0006I 544928  Obj 1.7163483e+10 Primal inf 1.125029e+10 (296346)
Clp0006I 545928  Obj 1.7164607e+10 Primal inf 8.0269535e+09 (311043)
Clp0006I 546928  Obj 1.7167254e+10 Primal inf 4.5245739e+10 (309237)
Clp0006I 547928  Obj 1.7170949e+10 Primal inf 1.2005638e+10 (270656)
Clp0006I 548928  Obj 1.7176176e+10 Primal inf 4.6115669e+09 (273298)
Clp0006I 549928  Obj 1.7184086e+10 Primal inf 7.3565009e+09 (274574)
Clp0006I 550928  Obj 1.7191668e+10 Primal inf 2.2757159e+10 (394076)
Clp0006I 551928  Obj 1.719313e+10 Primal inf 1.2720067e+10 (320611)
Clp0006I 552928  Obj 1.719438e+10 Primal inf 1.4742638e+09 (283338)
Clp0006I 553928  Obj 1.7197107e+10 Primal inf 3.9557691e+11 (340652)
Clp0006I 554928  Obj 1.7200257e+10 Primal inf 1.5948288e+11 (335607)
Clp0006I 555928  Obj 1.7203995e+10 Primal inf 8.5292638e+09 (283845)
Clp0006I 556928  Obj 1.7208099e+10 Primal inf 1.5083135e+11 (359997)
Clp0006I 557928  Obj 1.7216439e+10 Primal inf 2.4631456e+11 (317582)
Clp0006I 558928  Obj 1.7221441e+10 Primal inf 8.758791e+11 (347245)
Clp0006I 559928  Obj 1.7222565e+10 Primal inf 2.3012443e+11 (370105)
Clp0006I 560928  Obj 1.7224658e+10 Primal inf 2.0017427e+11 (366023)
Clp0006I 561928  Obj 1.7226654e+10 Primal inf 1.0626665e+11 (382545)
Clp0006I 562928  Obj 1.7227604e+10 Primal inf 1.0330027e+11 (394806)
Clp0006I 563928  Obj 1.7235837e+10 Primal inf 4.7901357e+10 (303441)
Clp0006I 564928  Obj 1.723915e+10 Primal inf 1.6650222e+11 (370974)
Clp0006I 565928  Obj 1.7245763e+10 Primal inf 6.3135722e+10 (323135)
Clp0006I 566928  Obj 1.7247257e+10 Primal inf 1.9643319e+10 (324751)
Clp0006I 567928  Obj 1.7248458e+10 Primal inf 1.1788109e+10 (325220)
Clp0006I 568928  Obj 1.7250806e+10 Primal inf 1.3795783e+11 (339755)
Clp0006I 569928  Obj 1.7251706e+10 Primal inf 2.7004503e+10 (358652)
Clp0006I 570928  Obj 1.7254339e+10 Primal inf 7.0532897e+11 (404354)
Clp0006I 571928  Obj 1.7264403e+10 Primal inf 1.0057063e+11 (367159)
Clp0006I 572928  Obj 1.7269156e+10 Primal inf 1.4784203e+11 (379365)
Clp0006I 573928  Obj 1.7271815e+10 Primal inf 4.6705752e+09 (355030)
Clp0006I 574928  Obj 1.7276169e+10 Primal inf 1.0875816e+10 (341501)
Clp0006I 575928  Obj 1.7282384e+10 Primal inf 2.089848e+10 (334613)
Clp0006I 576928  Obj 1.7287667e+10 Primal inf 7.5317061e+09 (332458)
Clp0006I 577928  Obj 1.7294032e+10 Primal inf 1.8687625e+10 (333135)
Clp0006I 578928  Obj 1.7299168e+10 Primal inf 6.7862503e+10 (381411)
Clp0006I 579928  Obj 1.7305516e+10 Primal inf 1.417106e+09 (264198)
Clp0006I 580928  Obj 1.731353e+10 Primal inf 1.3135415e+10 (344225)
Clp0006I 581928  Obj 1.7324755e+10 Primal inf 2.5229553e+11 (343105)
Clp0006I 582928  Obj 1.7336934e+10 Primal inf 2.1749147e+11 (377513)
Clp0006I 583928  Obj 1.7343942e+10 Primal inf 5.462602e+10 (364204)
Clp0006I 584928  Obj 1.7350332e+10 Primal inf 4.3719205e+10 (399858)
Clp0006I 585928  Obj 1.7353533e+10 Primal inf 9.9492776e+09 (359644)
Clp0006I 586928  Obj 1.7359e+10 Primal inf 3.9061085e+10 (346883)
Clp0006I 587928  Obj 1.7360448e+10 Primal inf 8.6779033e+10 (370501)
Clp0006I 588928  Obj 1.7361199e+10 Primal inf 9.7357322e+09 (322213)
Clp0006I 589928  Obj 1.7365733e+10 Primal inf 4.939094e+10 (331230)
Clp0006I 590928  Obj 1.7377468e+10 Primal inf 3.5510127e+10 (314876)
Clp0006I 591928  Obj 1.7383504e+10 Primal inf 3.3639024e+10 (316327)
Clp0006I 592928  Obj 1.7401464e+10 Primal inf 1.5141465e+11 (353842)
Clp0006I 593928  Obj 1.7427156e+10 Primal inf 2.4008619e+10 (327484)
Clp0006I 594928  Obj 1.743297e+10 Primal inf 7.4465865e+11 (343995)
Clp0006I 595928  Obj 1.7438515e+10 Primal inf 9.8531223e+09 (317255)
Clp0006I 596928  Obj 1.7440778e+10 Primal inf 3.6925837e+10 (326159)
Clp0006I 597928  Obj 1.7443196e+10 Primal inf 7.6224717e+09 (285016)
Clp0006I 598928  Obj 1.7446319e+10 Primal inf 8.1903189e+10 (386859)
Clp0006I 599928  Obj 1.7449484e+10 Primal inf 1.9787781e+11 (328058)
Clp0006I 600928  Obj 1.7464269e+10 Primal inf 1.5994108e+11 (336289)
Clp0006I 601928  Obj 1.7494633e+10 Primal inf 4.6346905e+11 (309403)
Clp0006I 602928  Obj 1.7517051e+10 Primal inf 3.1528606e+11 (329215)
Clp0006I 603928  Obj 1.7538284e+10 Primal inf 1.5084432e+10 (316225)
Clp0006I 604928  Obj 1.7545384e+10 Primal inf 3.8500781e+10 (299780)
Clp0006I 605928  Obj 1.7560031e+10 Primal inf 4.2741387e+11 (315559)
Clp0006I 606928  Obj 1.7572448e+10 Primal inf 4.7255017e+10 (322474)
Clp0006I 607880  Obj 1.7600855e+10 Primal inf 3.7258229e+10 (283009)
Clp0006I 608880  Obj 1.7613839e+10 Primal inf 2.5528773e+10 (268575)
Clp0006I 609880  Obj 1.7625532e+10 Primal inf 5.1691618e+10 (376431)
Clp0006I 610880  Obj 1.7634433e+10 Primal inf 1.381128e+11 (310182)
Clp0006I 611880  Obj 1.7654292e+10 Primal inf 1.503387e+11 (331296)
Clp0006I 612880  Obj 1.7666991e+10 Primal inf 4.1319712e+10 (357890)
Clp0006I 613880  Obj 1.7683733e+10 Primal inf 6.762516e+09 (305017)
Clp0006I 614880  Obj 1.7693901e+10 Primal inf 4.7480936e+10 (313067)
Clp0006I 615880  Obj 1.7704067e+10 Primal inf 1.0643607e+11 (365292)
Clp0006I 616880  Obj 1.7712227e+10 Primal inf 3.0988454e+10 (379626)
Clp0006I 617880  Obj 1.7721882e+10 Primal inf 1.0860354e+13 (329772)
Clp0006I 618880  Obj 1.7730753e+10 Primal inf 1.0207304e+11 (383997)
Clp0006I 619880  Obj 1.7736177e+10 Primal inf 1.6633893e+10 (316151)
Clp0006I 620880  Obj 1.7745583e+10 Primal inf 4.2126614e+10 (358485)
Clp0006I 621880  Obj 1.7754959e+10 Primal inf 1.068978e+11 (401937)
Clp0006I 622880  Obj 1.7764549e+10 Primal inf 7.7871424e+09 (373691)
Clp0006I 623880  Obj 1.7768682e+10 Primal inf 4.3814812e+10 (309573)
Clp0006I 624880  Obj 1.7775866e+10 Primal inf 1.6462326e+10 (328154)
Clp0006I 625880  Obj 1.7784474e+10 Primal inf 5.0758204e+09 (324630)
Clp0006I 626880  Obj 1.779674e+10 Primal inf 6.7518105e+11 (356917)
Clp0006I 627880  Obj 1.7810305e+10 Primal inf 1.6676577e+11 (356291)
Clp0006I 628880  Obj 1.7823883e+10 Primal inf 2.1973589e+11 (344859)
Clp0006I 629880  Obj 1.7836966e+10 Primal inf 3.3181056e+11 (348079)
Clp0006I 630880  Obj 1.7851404e+10 Primal inf 7.9567894e+09 (299676)
Clp0006I 631880  Obj 1.786905e+10 Primal inf 7.1017935e+09 (373113)
Clp0006I 632880  Obj 1.7893252e+10 Primal inf 6.6947426e+10 (331894)
Clp0006I 633880  Obj 1.7922796e+10 Primal inf 1.2282646e+11 (310054)
Clp0006I 634880  Obj 1.7944671e+10 Primal inf 1.4101745e+11 (316691)
Clp0006I 635880  Obj 1.7967871e+10 Primal inf 6.7313655e+09 (327283)
Clp0006I 636880  Obj 1.7984104e+10 Primal inf 2.1507118e+11 (343906)
Clp0006I 637880  Obj 1.7990394e+10 Primal inf 2.1572855e+10 (379249)
Clp0006I 638880  Obj 1.8007251e+10 Primal inf 2.3164854e+10 (397795)
Clp0006I 639880  Obj 1.8020406e+10 Primal inf 6.1971564e+10 (404093)
Clp0006I 640880  Obj 1.8031527e+10 Primal inf 1.1754333e+11 (370470)
Clp0006I 641880  Obj 1.8044041e+10 Primal inf 6.5807434e+10 (405490)
Clp0006I 642880  Obj 1.8054195e+10 Primal inf 3.4817257e+11 (373361)
Clp0006I 643880  Obj 1.8069844e+10 Primal inf 7.2531615e+10 (374790)
Clp0006I 644880  Obj 1.808245e+10 Primal inf 1.3425923e+11 (445138)
Clp0006I 645880  Obj 1.8095245e+10 Primal inf 3.325633e+11 (337890)
Clp0006I 646880  Obj 1.810971e+10 Primal inf 5.666226e+10 (350918)
Clp0006I 647880  Obj 1.812907e+10 Primal inf 4.8404544e+10 (366275)
Clp0006I 648880  Obj 1.8143809e+10 Primal inf 1.5169978e+11 (413941)
Clp0006I 649880  Obj 1.8156285e+10 Primal inf 8.1400319e+10 (335437)
Clp0006I 650880  Obj 1.8173241e+10 Primal inf 1.0833863e+11 (377990)
Clp0006I 651880  Obj 1.818773e+10 Primal inf 3.5756173e+10 (379171)
Clp0006I 652880  Obj 1.820622e+10 Primal inf 9.3945877e+11 (338685)
Clp0006I 653880  Obj 1.8213494e+10 Primal inf 3.2543347e+10 (418957)
Clp0006I 654880  Obj 1.8230133e+10 Primal inf 3.3613131e+10 (420138)
Clp0006I 655880  Obj 1.8239658e+10 Primal inf 1.0911e+10 (401732)
Clp0006I 656880  Obj 1.8261655e+10 Primal inf 2.7089116e+10 (365419)
Clp0006I 657880  Obj 1.8272487e+10 Primal inf 3.8999125e+10 (304398)
Clp0006I 658880  Obj 1.8285384e+10 Primal inf 5.6564226e+10 (436386)
Clp0006I 659880  Obj 1.8304132e+10 Primal inf 6.8797058e+10 (386160)
Clp0006I 660880  Obj 1.8314458e+10 Primal inf 5.9235094e+10 (319543)
Clp0006I 661880  Obj 1.833412e+10 Primal inf 4.0455679e+11 (395030)
Clp0006I 662694  Obj 1.8346141e+10 Primal inf 5.6596428e+11 (380169)
Clp0006I 663694  Obj 1.8357628e+10 Primal inf 5.7981231e+10 (419760)
Clp0006I 664694  Obj 1.8368118e+10 Primal inf 2.2511641e+11 (389557)
Clp0006I 665694  Obj 1.8388205e+10 Primal inf 2.4539796e+11 (367380)
Clp0006I 666694  Obj 1.8401075e+10 Primal inf 1.8138316e+11 (338328)
Clp0006I 667694  Obj 1.8417275e+10 Primal inf 1.0659263e+11 (431377)
Clp0006I 668694  Obj 1.8430895e+10 Primal inf 5.4908149e+10 (374781)
Clp0006I 669694  Obj 1.8439679e+10 Primal inf 2.6812762e+10 (365706)
Clp0006I 670694  Obj 1.8450361e+10 Primal inf 6.2773976e+10 (437016)
Clp0006I 671694  Obj 1.8462556e+10 Primal inf 4.5403596e+09 (321542)
Clp0006I 672694  Obj 1.847573e+10 Primal inf 4.6027849e+11 (388489)
Clp0006I 673694  Obj 1.8491793e+10 Primal inf 7.5600746e+10 (419945)
Clp0006I 674694  Obj 1.8504723e+10 Primal inf 1.1034688e+11 (342617)
Clp0006I 675694  Obj 1.8518043e+10 Primal inf 4.2485631e+10 (455021)
Clp0006I 676694  Obj 1.8527061e+10 Primal inf 1.0397129e+10 (379704)
Clp0006I 677694  Obj 1.8535796e+10 Primal inf 1.8555872e+10 (373268)
Clp0006I 678694  Obj 1.8543411e+10 Primal inf 2.6211072e+11 (409674)
Clp0006I 679694  Obj 1.8551995e+10 Primal inf 7.3500528e+09 (338990)
Clp0006I 680694  Obj 1.8559694e+10 Primal inf 7.3959659e+09 (356511)
Clp0006I 681694  Obj 1.8570356e+10 Primal inf 8.016608e+09 (267272)
Clp0006I 682694  Obj 1.8585082e+10 Primal inf 2.4369956e+09 (287234)
Clp0006I 683694  Obj 1.8600286e+10 Primal inf 7.7548445e+10 (405234)
Clp0006I 684694  Obj 1.8610069e+10 Primal inf 3.2791003e+11 (414262)
Clp0006I 685694  Obj 1.8622868e+10 Primal inf 4.016628e+10 (391799)
Clp0006I 686694  Obj 1.8632509e+10 Primal inf 3.423732e+10 (365950)
Clp0006I 687694  Obj 1.8640522e+10 Primal inf 8.2547755e+09 (385618)
Clp0006I 688694  Obj 1.8648228e+10 Primal inf 4.0909529e+10 (338885)
Clp0006I 689694  Obj 1.8658294e+10 Primal inf 1.5940877e+11 (383347)
Clp0006I 690694  Obj 1.8667321e+10 Primal inf 1.6829304e+12 (321037)
Clp0006I 691694  Obj 1.8678506e+10 Primal inf 9.250906e+10 (335913)
Clp0006I 692694  Obj 1.8687406e+10 Primal inf 9.2043977e+10 (434718)
Clp0006I 693694  Obj 1.8691582e+10 Primal inf 9.0549503e+10 (408493)
Clp0006I 694694  Obj 1.8702104e+10 Primal inf 2.5248993e+10 (322813)
Clp0006I 695694  Obj 1.8713921e+10 Primal inf 2.2045967e+11 (437716)
Clp0006I 696694  Obj 1.8729562e+10 Primal inf 9.4802774e+11 (339676)
Clp0006I 697694  Obj 1.8745984e+10 Primal inf 4.1622393e+10 (367726)
Clp0006I 698694  Obj 1.8755335e+10 Primal inf 2.4518792e+11 (388374)
Clp0006I 699694  Obj 1.8763975e+10 Primal inf 3.7651143e+10 (357188)
Clp0006I 700694  Obj 1.8773256e+10 Primal inf 7.7520279e+10 (304847)
Clp0006I 701694  Obj 1.878532e+10 Primal inf 2.0087175e+11 (336869)
Clp0006I 702694  Obj 1.8797864e+10 Primal inf 4.7957734e+10 (344661)
Clp0006I 703694  Obj 1.8807601e+10 Primal inf 1.4327849e+11 (373997)
Clp0006I 704694  Obj 1.8817744e+10 Primal inf 1.4907236e+11 (403752)
Clp0006I 705578  Obj 1.8826595e+10 Primal inf 2.467865e+11 (439436)
Clp0006I 706578  Obj 1.8839833e+10 Primal inf 8.0742632e+10 (429176)
Clp0006I 707578  Obj 1.8850215e+10 Primal inf 1.0567703e+10 (348747)
Clp0006I 708578  Obj 1.8858838e+10 Primal inf 3.1474262e+10 (379669)
Clp0006I 709578  Obj 1.8869215e+10 Primal inf 1.3159752e+11 (388373)
Clp0006I 710578  Obj 1.8876517e+10 Primal inf 7.6348591e+10 (337813)
Clp0006I 711578  Obj 1.8888869e+10 Primal inf 3.4505283e+10 (381606)
Clp0006I 712578  Obj 1.8899865e+10 Primal inf 3.6929403e+11 (376312)
Clp0006I 713578  Obj 1.8910362e+10 Primal inf 4.8835647e+10 (342000)
Clp0006I 714578  Obj 1.8914507e+10 Primal inf 1.2982601e+11 (401477)
Clp0006I 715578  Obj 1.8923886e+10 Primal inf 5.6941887e+11 (371300)
Clp0006I 716578  Obj 1.8935671e+10 Primal inf 5.0534471e+11 (408748)
Clp0006I 717578  Obj 1.8948638e+10 Primal inf 1.5918143e+11 (371116)
Clp0006I 718578  Obj 1.8961308e+10 Primal inf 2.2211718e+11 (369993)
Clp0006I 719578  Obj 1.8972446e+10 Primal inf 6.770802e+10 (302143)
Clp0006I 720578  Obj 1.8988079e+10 Primal inf 9.4700439e+10 (359333)
Clp0006I 721578  Obj 1.899964e+10 Primal inf 1.613225e+11 (378012)
Clp0006I 722578  Obj 1.9015601e+10 Primal inf 9.0940069e+11 (374323)
Clp0006I 723578  Obj 1.9019803e+10 Primal inf 5.4973507e+10 (335687)
Clp0006I 724578  Obj 1.9032727e+10 Primal inf 2.2792586e+12 (385964)
Clp0006I 725578  Obj 1.904116e+10 Primal inf 1.5958439e+11 (350853)
Clp0006I 726578  Obj 1.9051619e+10 Primal inf 3.7128742e+11 (364609)
Clp0006I 727578  Obj 1.906642e+10 Primal inf 1.9770897e+11 (349478)
Clp0006I 728578  Obj 1.9081088e+10 Primal inf 1.1263319e+11 (356529)
Clp0006I 729578  Obj 1.9091635e+10 Primal inf 2.7424259e+11 (410237)
Clp0006I 730578  Obj 1.9098779e+10 Primal inf 3.4953257e+10 (305111)
Clp0006I 731578  Obj 1.91095e+10 Primal inf 3.6316807e+09 (288957)
Clp0006I 732578  Obj 1.9125044e+10 Primal inf 2.6585817e+12 (366178)
Clp0006I 733205  Obj 1.9136711e+10 Primal inf 6.8136298e+10 (347116)
Clp0006I 734205  Obj 1.9151884e+10 Primal inf 1.1629908e+11 (371100)
Clp0006I 735205  Obj 1.9169037e+10 Primal inf 9.4289535e+09 (288169)
Clp0006I 736205  Obj 1.9182132e+10 Primal inf 8.0543113e+10 (375226)
Clp0006I 737098  Obj 1.919678e+10 Primal inf 2.3687874e+10 (351618)
Clp0006I 738098  Obj 1.9207041e+10 Primal inf 7.1983348e+10 (356684)
Clp0006I 739098  Obj 1.9225642e+10 Primal inf 1.095272e+10 (332382)
Clp0006I 740098  Obj 1.9241671e+10 Primal inf 2.799889e+10 (289726)
Clp0006I 741098  Obj 1.9250371e+10 Primal inf 1.4376861e+10 (314194)
Clp0006I 742098  Obj 1.9258984e+10 Primal inf 5.985207e+10 (383330)
Clp0006I 743098  Obj 1.926494e+10 Primal inf 1.0520611e+10 (327151)
Clp0006I 744098  Obj 1.9276914e+10 Primal inf 4.1697104e+11 (362207)
Clp0006I 745098  Obj 1.9292434e+10 Primal inf 1.0971687e+11 (386503)
Clp0006I 746098  Obj 1.9302568e+10 Primal inf 9.4577912e+09 (349951)
Clp0006I 747098  Obj 1.9314857e+10 Primal inf 7.3150704e+11 (327822)
Clp0006I 748098  Obj 1.9323561e+10 Primal inf 6.1304374e+10 (340331)
Clp0006I 749098  Obj 1.9332608e+10 Primal inf 1.2086552e+11 (356224)
Clp0006I 750098  Obj 1.9341183e+10 Primal inf 3.9789622e+09 (281599)
Clp0006I 751098  Obj 1.9349908e+10 Primal inf 1.5361896e+10 (360872)
Clp0006I 752098  Obj 1.9358039e+10 Primal inf 5.1638673e+10 (332661)
Clp0006I 753098  Obj 1.9374136e+10 Primal inf 4.5743208e+09 (335037)
Clp0006I 754098  Obj 1.9384803e+10 Primal inf 5.5128692e+09 (259468)
Clp0006I 755098  Obj 1.9396707e+10 Primal inf 4.420256e+09 (327072)
Clp0006I 756098  Obj 1.940703e+10 Primal inf 3.3173334e+11 (367158)
Clp0006I 757094  Obj 1.9416454e+10 Primal inf 8.9882776e+11 (343489)
Clp0006I 758094  Obj 1.942849e+10 Primal inf 1.4398216e+11 (349000)
Clp0006I 759094  Obj 1.944445e+10 Primal inf 6.2994477e+09 (393828)
Clp0006I 760094  Obj 1.945413e+10 Primal inf 6.4280763e+10 (363557)
Clp0006I 761094  Obj 1.9465209e+10 Primal inf 1.5191583e+10 (369254)
Clp0006I 762094  Obj 1.9478265e+10 Primal inf 6.9884807e+10 (335596)
Clp0006I 763094  Obj 1.9494163e+10 Primal inf 1.3342598e+11 (387246)
Clp0006I 764094  Obj 1.9503487e+10 Primal inf 5.3333036e+10 (357436)
Clp0006I 765094  Obj 1.9509148e+10 Primal inf 6.0117161e+11 (387549)
Clp0006I 766094  Obj 1.9523716e+10 Primal inf 2.3449326e+11 (368997)
Clp0006I 767094  Obj 1.9537929e+10 Primal inf 2.8983472e+11 (374597)
Clp0006I 768094  Obj 1.9545872e+10 Primal inf 1.2697429e+11 (383368)
Clp0006I 769094  Obj 1.9558731e+10 Primal inf 1.0152741e+11 (342254)
Clp0006I 770094  Obj 1.9571499e+10 Primal inf 7.0917204e+10 (333377)
Clp0006I 771094  Obj 1.9586337e+10 Primal inf 2.4987932e+10 (351066)
Clp0006I 771790  Obj 1.9594505e+10 Primal inf 1.532607e+12 (357873)
Clp0006I 772790  Obj 1.9608661e+10 Primal inf 2.3520958e+10 (351816)
Clp0006I 773790  Obj 1.9619015e+10 Primal inf 5.5850888e+09 (340118)
Clp0006I 774790  Obj 1.9628126e+10 Primal inf 4.3697331e+10 (362896)
Clp0006I 775768  Obj 1.9640569e+10 Primal inf 3.1328505e+11 (389699)
Clp0006I 776768  Obj 1.964954e+10 Primal inf 7.0465369e+10 (418402)
Clp0006I 777768  Obj 1.9660333e+10 Primal inf 5.0009694e+10 (326614)
Clp0006I 778768  Obj 1.9667769e+10 Primal inf 2.0859391e+10 (369449)
Clp0006I 779768  Obj 1.9678593e+10 Primal inf 1.1403688e+10 (349045)
Clp0006I 780768  Obj 1.9690462e+10 Primal inf 1.575239e+11 (374008)
Clp0006I 781768  Obj 1.9703379e+10 Primal inf 7.6340443e+10 (399996)
Clp0006I 782768  Obj 1.9723587e+10 Primal inf 1.3385622e+11 (384472)
Clp0006I 783768  Obj 1.9736441e+10 Primal inf 1.1008998e+10 (287788)
Clp0006I 784768  Obj 1.9755199e+10 Primal inf 3.8016856e+10 (312806)
Clp0006I 785768  Obj 1.9766116e+10 Primal inf 9.3343906e+10 (400336)
Clp0006I 786768  Obj 1.9778735e+10 Primal inf 9.2021316e+09 (390504)
Clp0006I 787768  Obj 1.9802447e+10 Primal inf 6.94476e+10 (376225)
Clp0006I 788768  Obj 1.9814941e+10 Primal inf 2.8470873e+10 (369891)
Clp0006I 789768  Obj 1.9824984e+10 Primal inf 1.0021377e+10 (297490)
Clp0006I 790768  Obj 1.9847603e+10 Primal inf 3.9360162e+10 (331992)
Clp0006I 791768  Obj 1.9866087e+10 Primal inf 2.961046e+10 (359256)
Clp0006I 792768  Obj 1.988403e+10 Primal inf 2.5106054e+11 (407940)
Clp0006I 793768  Obj 1.9901618e+10 Primal inf 7.3648438e+10 (390167)
Clp0006I 794768  Obj 1.9927396e+10 Primal inf 3.1325687e+10 (351185)
Clp0006I 795768  Obj 1.9945654e+10 Primal inf 4.8187233e+11 (366450)
Clp0006I 796768  Obj 2.0008888e+10 Primal inf 4.5504165e+10 (321843)
Clp0006I 797768  Obj 2.0021838e+10 Primal inf 6.6619386e+10 (366893)
Clp0006I 798768  Obj 2.0028711e+10 Primal inf 9.5769389e+09 (301083)
Clp0006I 799768  Obj 2.0038347e+10 Primal inf 1.424714e+10 (313724)
Clp0006I 800768  Obj 2.0047626e+10 Primal inf 1.1008842e+11 (335540)
Clp0006I 801768  Obj 2.0056711e+10 Primal inf 5.1484413e+10 (384333)
Clp0006I 802768  Obj 2.0067186e+10 Primal inf 1.6211144e+10 (344483)
Clp0006I 803768  Obj 2.0077804e+10 Primal inf 9.6726002e+10 (377467)
Clp0006I 804768  Obj 2.0090141e+10 Primal inf 9.1776137e+10 (347919)
Clp0006I 805768  Obj 2.0106142e+10 Primal inf 8.2874988e+11 (370555)
Clp0006I 806768  Obj 2.0122491e+10 Primal inf 3.0075713e+10 (375922)
Clp0006I 807768  Obj 2.0132186e+10 Primal inf 7.6165208e+10 (320561)
Clp0006I 808768  Obj 2.0143452e+10 Primal inf 4.1071894e+10 (348395)
Clp0006I 809768  Obj 2.0151793e+10 Primal inf 1.8018683e+10 (311891)
Clp0006I 810636  Obj 2.0166527e+10 Primal inf 9.9068959e+11 (362971)
Clp0006I 811636  Obj 2.0176121e+10 Primal inf 2.5281201e+10 (321785)
Clp0006I 812636  Obj 2.0226379e+10 Primal inf 3.2654346e+11 (334179)
Clp0006I 813636  Obj 2.0243199e+10 Primal inf 1.0502727e+11 (374385)
Clp0006I 814636  Obj 2.0255706e+10 Primal inf 1.5562098e+10 (278179)
Clp0006I 815636  Obj 2.0265179e+10 Primal inf 6.5517469e+11 (356825)
Clp0006I 816636  Obj 2.0278983e+10 Primal inf 1.3282707e+11 (388582)
Clp0006I 817636  Obj 2.0300942e+10 Primal inf 1.2881885e+10 (332035)
Clp0006I 818636  Obj 2.0322126e+10 Primal inf 4.1930733e+11 (331303)
Clp0006I 819636  Obj 2.0353754e+10 Primal inf 5.4020447e+10 (317879)
Clp0006I 820636  Obj 2.038449e+10 Primal inf 3.6666102e+09 (284123)
Clp0006I 821636  Obj 2.0406016e+10 Primal inf 7.4345803e+10 (331482)
Clp0006I 822636  Obj 2.0421083e+10 Primal inf 1.5115022e+10 (346372)
Clp0006I 823636  Obj 2.0430819e+10 Primal inf 2.4223662e+11 (375929)
Clp0006I 824608  Obj 2.045598e+10 Primal inf 5.1161191e+10 (361433)
Clp0006I 825573  Obj 2.0464038e+10 Primal inf 6.8114425e+10 (383786)
Clp0006I 826573  Obj 2.047247e+10 Primal inf 7.7271611e+10 (379116)
Clp0006I 827524  Obj 2.0481662e+10 Primal inf 1.741983e+10 (344194)
Clp0006I 828524  Obj 2.0489007e+10 Primal inf 1.5250816e+10 (309077)
Clp0006I 829524  Obj 2.0501494e+10 Primal inf 1.0387797e+10 (340571)
Clp0006I 830524  Obj 2.051465e+10 Primal inf 5.3757014e+11 (394183)
Clp0006I 831524  Obj 2.0520866e+10 Primal inf 5.7769678e+10 (393981)
Clp0006I 832524  Obj 2.052681e+10 Primal inf 4.6667349e+10 (368908)
Clp0006I 833524  Obj 2.0533015e+10 Primal inf 1.9457834e+10 (340158)
Clp0006I 834524  Obj 2.0542993e+10 Primal inf 7.5811655e+10 (404164)
Clp0006I 835524  Obj 2.0553717e+10 Primal inf 8.2620599e+10 (364571)
Clp0006I 836524  Obj 2.0560908e+10 Primal inf 3.6490509e+11 (424503)
Clp0006I 837524  Obj 2.0568669e+10 Primal inf 7.4373284e+10 (386725)
Clp0006I 838499  Obj 2.0578773e+10 Primal inf 7.5056727e+10 (337482)
Clp0006I 839499  Obj 2.0586803e+10 Primal inf 6.3412321e+10 (403304)
Clp0006I 840263  Obj 2.0595589e+10 Primal inf 3.8359026e+10 (346916)
Clp0006I 841263  Obj 2.0603269e+10 Primal inf 4.8311313e+10 (346113)
Clp0006I 842263  Obj 2.0615176e+10 Primal inf 3.8934779e+11 (396348)
Clp0006I 843239  Obj 2.0622824e+10 Primal inf 8.1791091e+10 (352743)
Clp0006I 844239  Obj 2.0631513e+10 Primal inf 4.5797889e+10 (358293)
Clp0006I 845239  Obj 2.064104e+10 Primal inf 1.6685191e+10 (317230)
Clp0006I 846239  Obj 2.0650379e+10 Primal inf 5.6375447e+09 (321447)
Clp0006I 847239  Obj 2.065996e+10 Primal inf 4.6170333e+10 (356260)
Clp0006I 848239  Obj 2.0667168e+10 Primal inf 4.9170287e+09 (332905)
Clp0006I 849239  Obj 2.0673154e+10 Primal inf 6.0128239e+10 (328125)
Clp0006I 850239  Obj 2.0681431e+10 Primal inf 2.1973116e+10 (391788)
Clp0006I 851239  Obj 2.0692594e+10 Primal inf 1.6254866e+11 (376098)
Clp0006I 852239  Obj 2.0700845e+10 Primal inf 1.1850181e+12 (372688)
Clp0006I 853239  Obj 2.0711711e+10 Primal inf 3.2793464e+10 (364532)
Clp0006I 854239  Obj 2.0720623e+10 Primal inf 6.3310469e+10 (326755)
Clp0006I 855239  Obj 2.0730764e+10 Primal inf 2.2034536e+10 (278957)
Clp0006I 856239  Obj 2.0741015e+10 Primal inf 4.4569736e+11 (371222)
Clp0006I 856924  Obj 2.0748403e+10 Primal inf 1.4653529e+10 (342263)
Clp0006I 857924  Obj 2.0759938e+10 Primal inf 6.7961019e+10 (411121)
Clp0006I 858924  Obj 2.0770671e+10 Primal inf 2.5951769e+09 (258731)
Clp0006I 859924  Obj 2.0781338e+10 Primal inf 1.3647373e+11 (396661)
Clp0006I 860924  Obj 2.0796191e+10 Primal inf 3.0269153e+10 (364877)
Clp0006I 861924  Obj 2.0824723e+10 Primal inf 4.2059614e+11 (369330)
Clp0006I 862924  Obj 2.0838875e+10 Primal inf 1.8794646e+10 (365581)
Clp0006I 863924  Obj 2.0863075e+10 Primal inf 1.4765071e+13 (382379)
Clp0006I 864750  Obj 2.0877434e+10 Primal inf 9.7695007e+10 (358719)
Clp0006I 865750  Obj 2.088654e+10 Primal inf 5.0299875e+10 (356498)
Clp0006I 866750  Obj 2.0900636e+10 Primal inf 8.4603824e+09 (375296)
Clp0006I 867750  Obj 2.0910593e+10 Primal inf 1.8617351e+10 (384878)
Clp0006I 868750  Obj 2.0918864e+10 Primal inf 4.644282e+10 (358663)
Clp0006I 869750  Obj 2.0926472e+10 Primal inf 3.5125451e+10 (368315)
Clp0006I 870750  Obj 2.094119e+10 Primal inf 1.5930101e+10 (358721)
Clp0006I 871602  Obj 2.0948232e+10 Primal inf 4.2536015e+11 (377070)
Clp0006I 872602  Obj 2.0955576e+10 Primal inf 1.2162705e+11 (382261)
Clp0006I 873602  Obj 2.0966355e+10 Primal inf 5.3982533e+10 (388908)
Clp0006I 874602  Obj 2.0973193e+10 Primal inf 1.0943444e+10 (362059)
Clp0006I 875602  Obj 2.0979492e+10 Primal inf 5.0254885e+10 (366164)
Clp0006I 876602  Obj 2.0987874e+10 Primal inf 1.1634013e+10 (369073)
Clp0006I 877602  Obj 2.0996836e+10 Primal inf 2.3804882e+09 (243180)
Clp0006I 878602  Obj 2.1004156e+10 Primal inf 1.1280403e+11 (415450)
Clp0006I 879602  Obj 2.1009431e+10 Primal inf 5.5608673e+10 (364959)
Clp0006I 880602  Obj 2.1016186e+10 Primal inf 2.3127915e+10 (343000)
Clp0006I 881602  Obj 2.102302e+10 Primal inf 1.9790018e+10 (291943)
Clp0006I 882602  Obj 2.1030622e+10 Primal inf 7.8365442e+09 (372917)
Clp0006I 883602  Obj 2.1039879e+10 Primal inf 2.2936489e+10 (321997)
Clp0006I 884602  Obj 2.1045608e+10 Primal inf 3.284003e+09 (331847)
Clp0006I 885602  Obj 2.1052287e+10 Primal inf 1.2909762e+11 (340153)
Clp0006I 886602  Obj 2.1061625e+10 Primal inf 3.4052006e+10 (362445)
Clp0006I 887602  Obj 2.1072063e+10 Primal inf 4.8988808e+09 (308030)
Clp0006I 888602  Obj 2.107851e+10 Primal inf 2.5777454e+10 (299767)
Clp0006I 889602  Obj 2.1083751e+10 Primal inf 5.0932709e+09 (302043)
Clp0006I 890602  Obj 2.1092025e+10 Primal inf 3.7383409e+10 (406186)
Clp0006I 891602  Obj 2.1100831e+10 Primal inf 1.6099328e+11 (403647)
Clp0006I 892602  Obj 2.1114251e+10 Primal inf 2.1576681e+10 (396707)
Clp0006I 893602  Obj 2.1128612e+10 Primal inf 4.092388e+10 (356944)
Clp0006I 894602  Obj 2.1134842e+10 Primal inf 2.5277198e+10 (332172)
Clp0006I 895602  Obj 2.114004e+10 Primal inf 7.0361899e+10 (360384)
Clp0006I 896602  Obj 2.1145958e+10 Primal inf 1.79319e+12 (373157)
Clp0006I 897602  Obj 2.1158769e+10 Primal inf 1.9162055e+11 (338876)
Clp0006I 898602  Obj 2.1175675e+10 Primal inf 7.66798e+10 (346891)
Clp0006I 899602  Obj 2.1180938e+10 Primal inf 1.051464e+10 (379092)
Clp0006I 900602  Obj 2.1189333e+10 Primal inf 4.7403047e+10 (370893)
Clp0006I 901602  Obj 2.1193603e+10 Primal inf 2.3809599e+10 (293014)
Clp0006I 902602  Obj 2.1201153e+10 Primal inf 3.7074348e+11 (375103)
Clp0006I 903602  Obj 2.1218081e+10 Primal inf 9.3920452e+09 (369653)
Clp0006I 904602  Obj 2.1226967e+10 Primal inf 6.4780733e+10 (446248)
Clp0006I 905602  Obj 2.1235705e+10 Primal inf 3.2934915e+10 (445258)
Clp0006I 906602  Obj 2.124216e+10 Primal inf 1.1180722e+10 (352322)
Clp0006I 907602  Obj 2.1249628e+10 Primal inf 5.186904e+10 (373850)
Clp0006I 908602  Obj 2.1256894e+10 Primal inf 3.9191181e+10 (386849)
Clp0006I 909602  Obj 2.1265922e+10 Primal inf 3.6276913e+10 (351879)
Clp0006I 910527  Obj 2.1271151e+10 Primal inf 2.7242583e+11 (361915)
Clp0006I 911527  Obj 2.1278823e+10 Primal inf 1.1445046e+11 (377789)
Clp0006I 912527  Obj 2.1285217e+10 Primal inf 4.9289215e+10 (339562)
Clp0006I 913527  Obj 2.1291894e+10 Primal inf 1.1899259e+10 (352470)
Clp0006I 914527  Obj 2.1298773e+10 Primal inf 5.1953569e+10 (413443)
Clp0006I 915174  Obj 2.1304635e+10 Primal inf 7.8993632e+11 (357835)
Clp0006I 916174  Obj 2.1314605e+10 Primal inf 2.344499e+09 (320631)
Clp0006I 917174  Obj 2.1319873e+10 Primal inf 1.8509797e+10 (341126)
Clp0006I 918174  Obj 2.1326719e+10 Primal inf 6.5162916e+10 (389135)
Clp0006I 919174  Obj 2.1336964e+10 Primal inf 1.8640437e+10 (386823)
Clp0006I 920174  Obj 2.1343452e+10 Primal inf 1.3917425e+11 (324045)
Clp0006I 921174  Obj 2.1356152e+10 Primal inf 9.2559632e+09 (311428)
Clp0006I 922174  Obj 2.1361673e+10 Primal inf 6.6882016e+10 (327912)
Clp0006I 923174  Obj 2.1368104e+10 Primal inf 3.4467544e+11 (319695)
Clp0006I 924174  Obj 2.1372748e+10 Primal inf 1.8421671e+11 (371708)
Clp0006I 925174  Obj 2.1376079e+10 Primal inf 3.5055265e+10 (320720)
Clp0006I 926174  Obj 2.138381e+10 Primal inf 1.0464802e+12 (329441)
Clp0006I 927174  Obj 2.1391018e+10 Primal inf 2.0934651e+11 (423540)
Clp0006I 928174  Obj 2.1402089e+10 Primal inf 1.0204247e+10 (354692)
Clp0006I 929174  Obj 2.1407957e+10 Primal inf 1.6645824e+10 (324606)
Clp0006I 930174  Obj 2.1411713e+10 Primal inf 1.0070886e+10 (307986)
Clp0006I 931174  Obj 2.1419961e+10 Primal inf 2.7510242e+11 (404928)
Clp0006I 932174  Obj 2.1430264e+10 Primal inf 1.3759148e+11 (351483)
Clp0006I 933174  Obj 2.1443086e+10 Primal inf 4.6085764e+11 (326338)
Clp0006I 934174  Obj 2.1450535e+10 Primal inf 2.1590646e+11 (361564)
Clp0006I 935174  Obj 2.1459462e+10 Primal inf 3.152682e+11 (313617)
Clp0006I 935991  Obj 2.1464364e+10 Primal inf 1.0470742e+12 (333919)
Clp0006I 936991  Obj 2.1466789e+10 Primal inf 8.4941543e+09 (295708)
Clp0006I 937991  Obj 2.1472507e+10 Primal inf 2.4891764e+10 (371465)
Clp0006I 938991  Obj 2.1477165e+10 Primal inf 8.4030871e+09 (377216)
Clp0006I 939991  Obj 2.1484597e+10 Primal inf 1.9821227e+10 (348904)
Clp0006I 940991  Obj 2.149091e+10 Primal inf 2.6340603e+10 (350922)
Clp0006I 941991  Obj 2.1494454e+10 Primal inf 1.0001507e+10 (280866)
Clp0006I 942991  Obj 2.1496996e+10 Primal inf 4.4445736e+10 (376946)
Clp0006I 943991  Obj 2.1501931e+10 Primal inf 3.6484241e+10 (336606)
Clp0006I 944991  Obj 2.1507391e+10 Primal inf 1.2754427e+10 (326013)
Clp0006I 945991  Obj 2.1510793e+10 Primal inf 2.1605671e+10 (331730)
Clp0006I 946991  Obj 2.1514774e+10 Primal inf 7.9222519e+09 (391171)
Clp0006I 947991  Obj 2.152088e+10 Primal inf 9.1009495e+09 (342252)
Clp0006I 948991  Obj 2.1523933e+10 Primal inf 7.7255275e+09 (375030)
Clp0006I 949991  Obj 2.1530877e+10 Primal inf 4.6655629e+10 (342394)
Clp0006I 950991  Obj 2.1534853e+10 Primal inf 5.6575589e+09 (307119)
Clp0006I 951991  Obj 2.1541474e+10 Primal inf 5.6076407e+11 (396752)
Clp0006I 952991  Obj 2.1549726e+10 Primal inf 1.2972769e+10 (348511)
Clp0006I 953991  Obj 2.1555458e+10 Primal inf 1.7341278e+11 (378314)
Clp0006I 954991  Obj 2.1562929e+10 Primal inf 1.2512774e+10 (425312)
Clp0006I 955991  Obj 2.1571959e+10 Primal inf 1.9434799e+10 (362964)
Clp0006I 956991  Obj 2.1577821e+10 Primal inf 6.8845464e+09 (345675)
Clp0006I 957991  Obj 2.1593507e+10 Primal inf 8.8963155e+09 (324453)
Clp0006I 958991  Obj 2.1603299e+10 Primal inf 2.8629792e+10 (415377)
Clp0006I 959991  Obj 2.161263e+10 Primal inf 6.3526187e+09 (429542)
Clp0006I 960991  Obj 2.1621469e+10 Primal inf 1.1440216e+10 (387460)
Clp0006I 961991  Obj 2.1624953e+10 Primal inf 5.0330515e+10 (378587)
Clp0006I 962991  Obj 2.1630282e+10 Primal inf 2.8976366e+10 (405505)
Clp0006I 963991  Obj 2.1634959e+10 Primal inf 2.194397e+09 (382488)
Clp0006I 964991  Obj 2.1638869e+10 Primal inf 2.0628937e+10 (393951)
Clp0006I 965991  Obj 2.1643283e+10 Primal inf 1.3177773e+10 (393215)
Clp0006I 966991  Obj 2.1656562e+10 Primal inf 1.9595332e+11 (451296)
Clp0006I 967818  Obj 2.1673366e+10 Primal inf 2.9257664e+09 (346420)
Clp0006I 968818  Obj 2.1675882e+10 Primal inf 1.0203698e+10 (353246)
Clp0006I 969818  Obj 2.1678523e+10 Primal inf 1.002361e+10 (355891)
Clp0006I 970818  Obj 2.1683765e+10 Primal inf 7.6279557e+09 (378753)
Clp0006I 971818  Obj 2.1688693e+10 Primal inf 2.6260395e+10 (368361)
Clp0006I 972818  Obj 2.1693119e+10 Primal inf 2.2226656e+10 (394191)
Clp0006I 973818  Obj 2.1698073e+10 Primal inf 1.199574e+11 (418516)
Clp0006I 974818  Obj 2.1719903e+10 Primal inf 2.8841444e+10 (368082)
Clp0006I 975818  Obj 2.172431e+10 Primal inf 3.1042193e+10 (415536)
Clp0006I 976818  Obj 2.1730866e+10 Primal inf 1.9134398e+10 (457162)
Clp0006I 977818  Obj 2.1736122e+10 Primal inf 2.0391927e+11 (485537)
Clp0006I 978430  Obj 2.1740165e+10 Primal inf 6.4998735e+11 (381585)
Clp0006I 979430  Obj 2.1748213e+10 Primal inf 3.058854e+09 (371397)
Clp0006I 980430  Obj 2.175206e+10 Primal inf 1.2213028e+10 (392842)
Clp0006I 981430  Obj 2.175824e+10 Primal inf 4.3327676e+11 (416376)
Clp0006I 982430  Obj 2.1842158e+10 Primal inf 1.3308287e+11 (379309)
Clp0006I 983304  Obj 2.1848459e+10 Primal inf 1.5446612e+11 (416709)
Clp0006I 984304  Obj 2.1851543e+10 Primal inf 4.9775092e+10 (410976)
Clp0006I 985270  Obj 2.1855708e+10 Primal inf 3.6737329e+09 (339595)
Clp0006I 986270  Obj 2.1858377e+10 Primal inf 8.7327047e+09 (393862)
Clp0006I 987270  Obj 2.1861212e+10 Primal inf 2.9606623e+09 (328133)
Clp0006I 988270  Obj 2.186523e+10 Primal inf 4.0416474e+10 (436316)
Clp0006I 989270  Obj 2.186834e+10 Primal inf 1.4803198e+10 (409457)
Clp0006I 990270  Obj 2.1871153e+10 Primal inf 1.1988432e+10 (435521)
Clp0006I 991142  Obj 2.1874129e+10 Primal inf 3.0543646e+09 (377120)
Clp0006I 992142  Obj 2.1877113e+10 Primal inf 2.7867344e+09 (329415)
Clp0006I 993142  Obj 2.1880899e+10 Primal inf 4.8522906e+09 (319439)
Clp0006I 994142  Obj 2.1887951e+10 Primal inf 5.3448576e+10 (406387)
Clp0006I 995142  Obj 2.189345e+10 Primal inf 5.0328333e+09 (343043)
Clp0006I 996142  Obj 2.1897623e+10 Primal inf 3.5611277e+10 (380347)
Clp0006I 997142  Obj 2.1900051e+10 Primal inf 3.3466023e+09 (366834)
Clp0006I 998142  Obj 2.190318e+10 Primal inf 7.4995291e+10 (411278)
Clp0006I 999142  Obj 2.1906541e+10 Primal inf 1.3045961e+11 (369604)
Clp0006I 1000142  Obj 2.1914196e+10 Primal inf 2.4099882e+09 (288658)
Clp0006I 1001142  Obj 2.1919928e+10 Primal inf 7.8195019e+08 (302892)
Clp0006I 1002142  Obj 2.1934812e+10 Primal inf 7.3135572e+09 (368149)
Clp0006I 1003142  Obj 2.1941497e+10 Primal inf 1.5297302e+09 (400177)
Clp0006I 1004142  Obj 2.1965453e+10 Primal inf 3.9002909e+09 (336819)
Clp0006I 1005142  Obj 2.1979301e+10 Primal inf 2.0644865e+10 (401180)
Clp0006I 1006142  Obj 2.1983712e+10 Primal inf 2.4888513e+09 (357321)
Clp0006I 1007142  Obj 2.1988668e+10 Primal inf 4.5083637e+09 (328937)
Clp0006I 1008142  Obj 2.1994906e+10 Primal inf 3.438511e+09 (347940)
Clp0006I 1009142  Obj 2.2020374e+10 Primal inf 1.7215056e+11 (399598)
Clp0006I 1010142  Obj 2.2071212e+10 Primal inf 2.0126463e+11 (398037)
Clp0006I 1011142  Obj 2.208279e+10 Primal inf 6.8755069e+09 (348249)
Clp0006I 1012142  Obj 2.2087474e+10 Primal inf 3.0738132e+08 (252167)
Clp0006I 1013142  Obj 2.2089328e+10 Primal inf 9.6735575e+09 (415005)
Clp0006I 1014142  Obj 2.2092733e+10 Primal inf 1.5376327e+10 (332175)
Clp0006I 1015142  Obj 2.2095677e+10 Primal inf 4.2909966e+10 (397130)
Clp0006I 1016142  Obj 2.2098753e+10 Primal inf 2.1578973e+09 (296700)
Clp0006I 1017142  Obj 2.2101814e+10 Primal inf 3.894892e+10 (416583)
Clp0006I 1018142  Obj 2.2104655e+10 Primal inf 2.6669187e+10 (318673)
Clp0006I 1019142  Obj 2.2106933e+10 Primal inf 1.1809028e+09 (322712)
Clp0006I 1020142  Obj 2.2109989e+10 Primal inf 1.1551112e+09 (287055)
Clp0006I 1020969  Obj 2.2115723e+10 Primal inf 1.3288528e+10 (372448)
Clp0006I 1021969  Obj 2.2119632e+10 Primal inf 1.151984e+09 (265095)
Clp0006I 1022969  Obj 2.2122516e+10 Primal inf 1.3515977e+10 (365377)
Clp0006I 1023969  Obj 2.2127147e+10 Primal inf 4.5438806e+09 (330725)
Clp0006I 1024969  Obj 2.2130933e+10 Primal inf 2.3638635e+09 (342782)
Clp0006I 1025969  Obj 2.2135093e+10 Primal inf 2.1083165e+10 (315558)
Clp0006I 1026969  Obj 2.2137833e+10 Primal inf 2.4497926e+09 (295143)
Clp0006I 1027969  Obj 2.2140765e+10 Primal inf 4.302661e+10 (347150)
Clp0006I 1028969  Obj 2.2146336e+10 Primal inf 2.1692581e+10 (368048)
Clp0006I 1029969  Obj 2.214954e+10 Primal inf 8.2997734e+10 (315193)
Clp0006I 1030969  Obj 2.2153029e+10 Primal inf 3.2663516e+11 (344567)
Clp0006I 1031969  Obj 2.2155482e+10 Primal inf 1.6009581e+10 (395826)
Clp0006I 1032861  Obj 2.2159353e+10 Primal inf 8.032106e+10 (430970)
Clp0006I 1033861  Obj 2.2163236e+10 Primal inf 3.7246738e+09 (427162)
Clp0006I 1034861  Obj 2.2166879e+10 Primal inf 1.1259487e+10 (382132)
Clp0006I 1035861  Obj 2.2171797e+10 Primal inf 7.0585296e+09 (366687)
Clp0006I 1036861  Obj 2.2174371e+10 Primal inf 3.4701568e+09 (243304)
Clp0006I 1037615  Obj 2.2177618e+10 Primal inf 2.1145662e+10 (410516)
Clp0006I 1038393  Obj 2.2180357e+10 Primal inf 1.7131817e+10 (388729)
Clp0006I 1039393  Obj 2.2183436e+10 Primal inf 2.5738103e+09 (412704)
Clp0006I 1040393  Obj 2.2187293e+10 Primal inf 2.589577e+08 (260554)
Clp0006I 1041393  Obj 2.2190368e+10 Primal inf 6.7866439e+10 (397797)
Clp0006I 1042393  Obj 2.2195262e+10 Primal inf 2.9557598e+09 (364133)
Clp0006I 1043393  Obj 2.2198536e+10 Primal inf 1.111943e+10 (376708)
Clp0006I 1044393  Obj 2.2201237e+10 Primal inf 6.8930772e+10 (377218)
Clp0006I 1045393  Obj 2.2205196e+10 Primal inf 1.3275496e+10 (401006)
Clp0006I 1046393  Obj 2.2208879e+10 Primal inf 1.2124531e+10 (322920)
Clp0006I 1047286  Obj 2.2211549e+10 Primal inf 1.580958e+11 (409149)
Clp0006I 1048286  Obj 2.2228322e+10 Primal inf 1.1897151e+10 (336894)
Clp0006I 1049286  Obj 2.2232874e+10 Primal inf 1.6816004e+10 (388419)
Clp0006I 1050286  Obj 2.2251633e+10 Primal inf 4.2867349e+10 (455286)
Clp0006I 1051286  Obj 2.2255744e+10 Primal inf 3.9002324e+09 (407015)
Clp0006I 1052286  Obj 2.2258864e+10 Primal inf 1.3643913e+09 (343138)
Clp0006I 1053286  Obj 2.2261222e+10 Primal inf 1.4794504e+10 (448813)
Clp0006I 1054286  Obj 2.2265767e+10 Primal inf 2.1192892e+09 (339073)
Clp0006I 1055286  Obj 2.2270568e+10 Primal inf 5.9157012e+10 (382408)
Clp0006I 1056286  Obj 2.2278819e+10 Primal inf 1.040492e+10 (342530)
Clp0006I 1057286  Obj 2.228259e+10 Primal inf 5.0587078e+10 (395295)
Clp0006I 1058286  Obj 2.2286988e+10 Primal inf 8.6787787e+10 (429737)
Clp0006I 1059286  Obj 2.2295364e+10 Primal inf 1.0931627e+11 (338719)
Clp0006I 1060286  Obj 2.2298073e+10 Primal inf 8.1938284e+09 (465533)
Clp0006I 1061286  Obj 2.2302219e+10 Primal inf 8.8004618e+08 (313433)
Clp0006I 1062286  Obj 2.2304912e+10 Primal inf 2.3756631e+09 (304561)
Clp0006I 1063286  Obj 2.2307272e+10 Primal inf 3.6181618e+09 (352928)
Clp0006I 1064286  Obj 2.2309014e+10 Primal inf 2.1360258e+09 (297673)
Clp0006I 1065286  Obj 2.2314339e+10 Primal inf 6.3150407e+09 (295791)
Clp0006I 1066286  Obj 2.2316883e+10 Primal inf 7.7574709e+09 (306572)
Clp0006I 1067286  Obj 2.2320197e+10 Primal inf 5.703746e+09 (359182)
Clp0006I 1068286  Obj 2.2331834e+10 Primal inf 2.4074643e+10 (305656)
Clp0006I 1069286  Obj 2.2337419e+10 Primal inf 3.6250055e+10 (464004)
Clp0006I 1070286  Obj 2.2341084e+10 Primal inf 3.2323338e+09 (397128)
Clp0006I 1071286  Obj 2.2344643e+10 Primal inf 1.5131537e+09 (266122)
Clp0006I 1072286  Obj 2.2349171e+10 Primal inf 1.6047346e+09 (243195)
Clp0006I 1073286  Obj 2.235699e+10 Primal inf 1.9057155e+10 (391882)
Clp0006I 1074286  Obj 2.2364813e+10 Primal inf 6.3538982e+09 (361364)
Clp0006I 1075286  Obj 2.2368961e+10 Primal inf 1.8459632e+09 (295057)
Clp0006I 1076286  Obj 2.237783e+10 Primal inf 6.4602262e+08 (332964)
Clp0006I 1077286  Obj 2.2394919e+10 Primal inf 1.1696709e+10 (368186)
Clp0006I 1078286  Obj 2.2418221e+10 Primal inf 2.5400595e+09 (383018)
Clp0006I 1079286  Obj 2.244089e+10 Primal inf 2.1229245e+09 (381170)
Clp0006I 1080286  Obj 2.2478504e+10 Primal inf 2.2856291e+08 (290956)
Clp0006I 1081286  Obj 2.2490261e+10 Primal inf 2.0097636e+09 (318231)
Clp0006I 1082286  Obj 2.250287e+10 Primal inf 4.3803922e+09 (269639)
Clp0006I 1083286  Obj 2.2505328e+10 Primal inf 1.1721224e+09 (308076)
Clp0006I 1084286  Obj 2.2509934e+10 Primal inf 2.8683927e+10 (359801)
Clp0006I 1085222  Obj 2.2514308e+10 Primal inf 3.6815278e+10 (391980)
Clp0006I 1086222  Obj 2.2518299e+10 Primal inf 2.0932522e+09 (246317)
Clp0006I 1087222  Obj 2.2521851e+10 Primal inf 1.3168723e+10 (422467)
Clp0006I 1088222  Obj 2.2527635e+10 Primal inf 2.1227839e+09 (277244)
Clp0006I 1089222  Obj 2.2532154e+10 Primal inf 5.1414285e+08 (283098)
Clp0006I 1090222  Obj 2.2534787e+10 Primal inf 1.023728e+09 (317274)
Clp0006I 1091222  Obj 2.253779e+10 Primal inf 2.4037904e+09 (326840)
Clp0006I 1091924  Obj 2.2540294e+10 Primal inf 7.7770661e+09 (329223)
Clp0006I 1092924  Obj 2.2542684e+10 Primal inf 1.5549236e+10 (392891)
Clp0006I 1093924  Obj 2.2545191e+10 Primal inf 7.8354611e+09 (384520)
Clp0006I 1094924  Obj 2.254812e+10 Primal inf 3.3864204e+08 (275364)
Clp0006I 1095924  Obj 2.2553565e+10 Primal inf 1.0583872e+09 (298501)
Clp0006I 1096924  Obj 2.2562045e+10 Primal inf 1.7632254e+09 (322331)
Clp0006I 1097924  Obj 2.2570825e+10 Primal inf 7.4861444e+08 (385506)
Clp0006I 1098924  Obj 2.2577367e+10 Primal inf 5.0464988e+08 (237927)
Clp0006I 1099924  Obj 2.258727e+10 Primal inf 6.6584522e+09 (328558)
Clp0006I 1100924  Obj 2.2607985e+10 Primal inf 4.7882752e+08 (260457)
Clp0006I 1101924  Obj 2.2612302e+10 Primal inf 1.6541584e+10 (371184)
Clp0006I 1102924  Obj 2.2615664e+10 Primal inf 3.981579e+09 (298609)
Clp0006I 1103924  Obj 2.2624823e+10 Primal inf 2.223647e+11 (407451)
Clp0006I 1104924  Obj 2.2638883e+10 Primal inf 8.634805e+09 (412313)
Clp0006I 1105924  Obj 2.2642153e+10 Primal inf 2.0364348e+09 (323168)
Clp0006I 1106924  Obj 2.2645393e+10 Primal inf 6.1380164e+09 (320968)
Clp0006I 1107924  Obj 2.2653115e+10 Primal inf 2.3172662e+10 (363144)
Clp0006I 1108924  Obj 2.2656367e+10 Primal inf 5.7422836e+10 (326850)
Clp0006I 1109924  Obj 2.2659144e+10 Primal inf 3.2339229e+10 (311640)
Clp0006I 1110775  Obj 2.266291e+10 Primal inf 7.8986191e+09 (293603)
Clp0006I 1111775  Obj 2.2665653e+10 Primal inf 4.0954428e+09 (295620)
Clp0006I 1112775  Obj 2.2669324e+10 Primal inf 1.7494445e+09 (292130)
Clp0006I 1113775  Obj 2.2673252e+10 Primal inf 3.6719773e+09 (262277)
Clp0006I 1114775  Obj 2.2679036e+10 Primal inf 93843837 (225064)
Clp0006I 1115775  Obj 2.268298e+10 Primal inf 2.2099293e+09 (291559)
Clp0006I 1116775  Obj 2.2686759e+10 Primal inf 2.7147383e+10 (381793)
Clp0006I 1117775  Obj 2.2697407e+10 Primal inf 2.4636461e+09 (258421)
Clp0006I 1118775  Obj 2.2703964e+10 Primal inf 5.5558102e+09 (300915)
Clp0006I 1119775  Obj 2.2713258e+10 Primal inf 3.3546504e+10 (341016)
Clp0006I 1120775  Obj 2.2723827e+10 Primal inf 4.0505928e+09 (303025)
Clp0006I 1121775  Obj 2.2726398e+10 Primal inf 1.7880464e+09 (275005)
Clp0006I 1122775  Obj 2.2728733e+10 Primal inf 2.7319919e+10 (289130)
Clp0006I 1123775  Obj 2.2731222e+10 Primal inf 1.3060088e+10 (367783)
Clp0006I 1124775  Obj 2.2736987e+10 Primal inf 2.9838923e+09 (346789)
Clp0006I 1125775  Obj 2.2739319e+10 Primal inf 1.3564739e+09 (364101)
Clp0006I 1126775  Obj 2.2740814e+10 Primal inf 8.7775521e+08 (283457)
Clp0006I 1127775  Obj 2.2742503e+10 Primal inf 1.2305551e+10 (385567)
Clp0006I 1128775  Obj 2.2745266e+10 Primal inf 1.44742e+09 (298713)
Clp0006I 1129775  Obj 2.2747616e+10 Primal inf 9.1870135e+09 (279345)
Clp0006I 1130775  Obj 2.2749776e+10 Primal inf 3.5567423e+11 (392413)
Clp0006I 1131775  Obj 2.2754935e+10 Primal inf 5.405891e+09 (318854)
Clp0006I 1132775  Obj 2.2760135e+10 Primal inf 4.7342011e+08 (288552)
Clp0006I 1133775  Obj 2.2769692e+10 Primal inf 2.051583e+08 (285870)
Clp0006I 1134775  Obj 2.2773452e+10 Primal inf 3.9177436e+09 (296096)
Clp0006I 1135775  Obj 2.2776276e+10 Primal inf 2.4553288e+09 (343475)
Clp0006I 1136775  Obj 2.2779122e+10 Primal inf 3.2012091e+09 (247412)
Clp0006I 1137775  Obj 2.2782478e+10 Primal inf 6.8628774e+08 (271848)
Clp0006I 1138775  Obj 2.2785701e+10 Primal inf 2.1877967e+09 (288261)
Clp0006I 1139775  Obj 2.27943e+10 Primal inf 4.5238638e+08 (240245)
Clp0006I 1140775  Obj 2.2798266e+10 Primal inf 1.4500455e+09 (223835)
Clp0006I 1141775  Obj 2.2802383e+10 Primal inf 1.0479286e+09 (212774)
Clp0006I 1142775  Obj 2.2809519e+10 Primal inf 2.4341232e+08 (359070)
Clp0006I 1143775  Obj 2.2816596e+10 Primal inf 2.5581208e+08 (240272)
Clp0006I 1144775  Obj 2.2821698e+10 Primal inf 1.3456267e+09 (350124)
Clp0006I 1145775  Obj 2.2831434e+10 Primal inf 86560161 (237821)
Clp0006I 1146775  Obj 2.2838048e+10 Primal inf 8.3515574e+08 (309426)
Clp0006I 1147775  Obj 2.2842526e+10 Primal inf 2.3118683e+08 (360348)
Clp0006I 1148775  Obj 2.2846073e+10 Primal inf 2.1261677e+09 (381878)
Clp0006I 1149775  Obj 2.2849644e+10 Primal inf 9.6411471e+08 (277145)
Clp0006I 1150775  Obj 2.2851871e+10 Primal inf 3.8945673e+09 (346526)
Clp0006I 1151775  Obj 2.2854481e+10 Primal inf 3.5871893e+09 (368488)
Clp0006I 1152775  Obj 2.2856347e+10 Primal inf 9.5349364e+09 (253767)
Clp0006I 1153775  Obj 2.2858476e+10 Primal inf 3.479123e+09 (273954)
Clp0006I 1154775  Obj 2.2860094e+10 Primal inf 4.6056244e+09 (288203)
Clp0006I 1155775  Obj 2.2863694e+10 Primal inf 3.5890664e+08 (214304)
Clp0006I 1156775  Obj 2.2867282e+10 Primal inf 9.2994818e+08 (290911)
Clp0006I 1157775  Obj 2.2868762e+10 Primal inf 54432141 (175726)
Clp0006I 1158775  Obj 2.2869764e+10 Primal inf 9.1919921e+09 (419594)
Clp0006I 1159775  Obj 2.2870747e+10 Primal inf 7.7400503e+09 (301598)
Clp0006I 1160775  Obj 2.2871736e+10 Primal inf 1.312982e+09 (302784)
Clp0006I 1161775  Obj 2.2872915e+10 Primal inf 3.4208526e+08 (256567)
Clp0006I 1162775  Obj 2.2875192e+10 Primal inf 2.8540764e+09 (262067)
Clp0006I 1163775  Obj 2.2877347e+10 Primal inf 1.5797484e+09 (298916)
Clp0006I 1164775  Obj 2.2878996e+10 Primal inf 3.1979567e+08 (211873)
Clp0006I 1165775  Obj 2.2879725e+10 Primal inf 4.8802812e+08 (260612)
Clp0006I 1166775  Obj 2.2881442e+10 Primal inf 15895985 (86967)
Clp0006I 1167775  Obj 2.2882887e+10 Primal inf 5.2039165e+08 (287556)
Clp0006I 1168711  Obj 2.2883578e+10 Primal inf 2.1410877e+09 (294468)
Clp0006I 1169711  Obj 2.2884258e+10 Primal inf 3.4940529e+08 (185376)
Clp0006I 1170711  Obj 2.2885313e+10 Primal inf 2.44738e+09 (272685)
Clp0006I 1171711  Obj 2.2885765e+10 Primal inf 2.8554268e+08 (226569)
Clp0006I 1172711  Obj 2.2886298e+10 Primal inf 64420256 (186378)
Clp0006I 1173711  Obj 2.2887142e+10 Primal inf 5.3883137e+08 (227890)
Clp0006I 1174711  Obj 2.2887704e+10 Primal inf 3.8026467e+08 (222222)
Clp0006I 1175711  Obj 2.2888212e+10 Primal inf 5.8253598e+08 (248109)
Clp0006I 1176711  Obj 2.2888605e+10 Primal inf 2.950616e+08 (248578)
Clp0006I 1177711  Obj 2.2889033e+10 Primal inf 8.0915272e+08 (239726)
Clp0006I 1178711  Obj 2.288957e+10 Primal inf 8.6446674e+08 (273507)
Clp0006I 1179711  Obj 2. Activating environment at `~/Documents/princeton/1st_year/MAE529/MAE529_code/project/code/Project.toml`
This Model run is characterised by...
Electrolyser capex cost of: 1100.0
H2 efficiency of: 0.5
Carbon Tax: 100.0
Number of weeks included: 52_weeks
-----------------------------------------------
1 loading data preparation function
-----------------------------------------------
-----------------------------------------------
2 loading model solving function
-----------------------------------------------
adding in carbon tax elements
assigned variables
assigned constraint 1
assigned constraint 2
assigned constraint 3
check
assigned constraints
Model run complete
2889987e+10 Primal inf 5.836306e+08 (156267)
Clp0006I 1180711  Obj 2.2890671e+10 Primal inf 4.6162435e+08 (232365)
Clp0006I 1181711  Obj 2.2891469e+10 Primal inf 41393607 (159332)
Clp0006I 1182711  Obj 2.2891931e+10 Primal inf 2.5581218e+08 (172311)
Clp0006I 1183711  Obj 2.2892114e+10 Primal inf 17512890 (136568)
Clp0006I 1184711  Obj 2.2892277e+10 Primal inf 4.2713253e+08 (192298)
Clp0006I 1185711  Obj 2.2892443e+10 Primal inf 65891229 (134224)
Clp0006I 1186358  Obj 2.2892504e+10 Primal inf 1.027885e+08 (225468)
Clp0006I 1187358  Obj 2.2892669e+10 Primal inf 19809012 (119469)
Clp0006I 1188358  Obj 2.2892901e+10 Primal inf 61858720 (99422)
Clp0006I 1189358  Obj 2.2892934e+10 Primal inf 79439.1 (35832)
Clp0006I 1190358  Obj 2.2892947e+10 Primal inf 186339 (71253)
Clp0006I 1191358  Obj 2.2892953e+10 Primal inf 5945.8926 (32324)
Clp0006I 1192358  Obj 2.289296e+10 Primal inf 2298.0455 (20412)
Clp0006I 1193358  Obj 2.2892966e+10 Primal inf 2005.6843 (19265)
Clp0006I 1194358  Obj 2.2892973e+10 Primal inf 1825.838 (18264)
Clp0006I 1195358  Obj 2.289298e+10 Primal inf 1675.8107 (17258)
Clp0006I 1196358  Obj 2.2892987e+10 Primal inf 1574.9208 (14655)
Clp0006I 1197358  Obj 2.2892993e+10 Primal inf 1457.8626 (13653)
Clp0006I 1198358  Obj 2.2892998e+10 Primal inf 1383.481 (12652)
Clp0006I 1199358  Obj 2.2893004e+10 Primal inf 1279.9705 (11655)
Clp0006I 1200358  Obj 2.2893009e+10 Primal inf 1178.6199 (10652)
Clp0006I 1201358  Obj 2.2893015e+10 Primal inf 1081.9576 (9652)
Clp0006I 1202358  Obj 2.2893021e+10 Primal inf 991.69964 (8653)
Clp0006I 1203358  Obj 2.2893027e+10 Primal inf 1376.9064 (7670)
Clp0006I 1204358  Obj 2.2893033e+10 Primal inf 449.35339 (6668)
Clp0006I 1205358  Obj 2.2893039e+10 Primal inf 367.38539 (5667)
Clp0006I 1206358  Obj 2.2893045e+10 Primal inf 288.09727 (4663)
Clp0006I 1207358  Obj 2.289305e+10 Primal inf 204.75584 (3663)
Clp0006I 1208358  Obj 2.2893055e+10 Primal inf 148.73799 (2663)
Clp0006I 1209358  Obj 2.2893061e+10 Primal inf 73.319826 (1667)
Clp0006I 1210358  Obj 2.2893066e+10 Primal inf 26.607466 (669)
Clp0006I 1211017  Obj 2.2893069e+10
Clp0000I Optimal - objective value 2.2893069e+10
Coin0511I After Postsolve, objective 2.2893069e+10, infeasibilities - dual 0 (0), primal 0 (0)
Clp0032I Optimal objective 2.289306896e+10 - 1211017 iterations time 15364.342, Presolve 3.45
