Coin0506I Presolve 1521577 (-195446) rows, 591998 (-65130) columns and 4511329 (-460732) elements
Clp0006I 0  Obj 0 Primal inf 8.7589291e+08 (43800)
Clp0006I 1000  Obj 4.7917429e-12 Primal inf 8.6631624e+08 (44708)
Clp0006I 2000  Obj 9.9133726e-12 Primal inf 8.5892554e+08 (45580)
Clp0006I 3000  Obj 1.5950214e-11 Primal inf 8.5623739e+08 (46596)
Clp0006I 4000  Obj 10385792 Primal inf 8.4621153e+08 (47625)
Clp0006I 5000  Obj 14191429 Primal inf 8.388302e+08 (48568)
Clp0006I 6000  Obj 24248994 Primal inf 8.3581262e+08 (49528)
Clp0006I 7000  Obj 35361034 Primal inf 8.2962915e+08 (50610)
Clp0006I 8000  Obj 47984048 Primal inf 8.2219234e+08 (51639)
Clp0006I 9000  Obj 65250337 Primal inf 8.1754786e+08 (52829)
Clp0006I 10000  Obj 73795109 Primal inf 8.1536218e+08 (53927)
Clp0006I 11000  Obj 89141257 Primal inf 8.122014e+08 (55013)
Clp0006I 12000  Obj 1.0513976e+08 Primal inf 8.1046072e+08 (56234)
Clp0006I 13000  Obj 1.2010637e+08 Primal inf 8.0694709e+08 (57374)
Clp0006I 14000  Obj 1.3519326e+08 Primal inf 8.0778744e+08 (58634)
Clp0006I 15000  Obj 1.5702915e+08 Primal inf 8.0412866e+08 (59868)
Clp0006I 16000  Obj 1.7874995e+08 Primal inf 8.0497258e+08 (61132)
Clp0006I 17000  Obj 2.0646066e+08 Primal inf 7.268969e+08 (62321)
Clp0006I 18000  Obj 2.2722656e+08 Primal inf 7.2602586e+08 (63576)
Clp0006I 19000  Obj 2.4839692e+08 Primal inf 7.2559513e+08 (64704)
Clp0006I 20000  Obj 2.7786924e+08 Primal inf 7.2887619e+08 (66035)
Clp0006I 21000  Obj 2.9551773e+08 Primal inf 7.2603117e+08 (67251)
Clp0006I 22000  Obj 3.2123331e+08 Primal inf 7.2656691e+08 (68571)
Clp0006I 23000  Obj 3.5245842e+08 Primal inf 7.2672297e+08 (69914)
Clp0006I 24000  Obj 3.7238346e+08 Primal inf 7.2820884e+08 (71161)
Clp0006I 25000  Obj 3.9888979e+08 Primal inf 7.2874705e+08 (72445)
Clp0006I 26000  Obj 4.248253e+08 Primal inf 7.3109812e+08 (73629)
Clp0006I 27000  Obj 4.5186311e+08 Primal inf 7.3212541e+08 (74872)
Clp0006I 28000  Obj 4.838987e+08 Primal inf 7.3129606e+08 (76107)
Clp0006I 29000  Obj 5.1083434e+08 Primal inf 7.3121924e+08 (77248)
Clp0006I 30000  Obj 5.3398444e+08 Primal inf 7.3318415e+08 (78349)
Clp0006I 31000  Obj 5.5864875e+08 Primal inf 7.3509853e+08 (79583)
Clp0006I 32000  Obj 5.7987529e+08 Primal inf 7.3842552e+08 (80864)
Clp0006I 33000  Obj 6.1075056e+08 Primal inf 7.3712002e+08 (82195)
Clp0006I 34000  Obj 6.3493438e+08 Primal inf 7.3936107e+08 (83270)
Clp0006I 35000  Obj 6.6358326e+08 Primal inf 7.3960252e+08 (84481)
Clp0006I 36000  Obj 7.0036669e+08 Primal inf 7.3777054e+08 (85541)
Clp0006I 37000  Obj 7.4182365e+08 Primal inf 7.3945871e+08 (86705)
Clp0006I 38000  Obj 7.7627511e+08 Primal inf 7.4076767e+08 (87879)
Clp0006I 39000  Obj 8.0562695e+08 Primal inf 7.3935364e+08 (88993)
Clp0006I 40000  Obj 8.3133572e+08 Primal inf 7.4227162e+08 (90266)
Clp0006I 41000  Obj 8.661378e+08 Primal inf 7.4543067e+08 (91415)
Clp0006I 42000  Obj 9.148203e+08 Primal inf 7.4533348e+08 (92593)
Clp0006I 43000  Obj 9.6028262e+08 Primal inf 7.444288e+08 (93785)
Clp0006I 44000  Obj 9.9078139e+08 Primal inf 7.4785773e+08 (94956)
Clp0006I 45000  Obj 1.0254637e+09 Primal inf 7.5044866e+08 (96216)
Clp0006I 46000  Obj 1.0738786e+09 Primal inf 7.5165014e+08 (97280)
Clp0006I 47000  Obj 1.1103693e+09 Primal inf 7.5253421e+08 (98414)
Clp0006I 48000  Obj 1.1508297e+09 Primal inf 7.5463254e+08 (99489)
Clp0006I 49000  Obj 1.2087832e+09 Primal inf 7.5505176e+08 (100616)
Clp0006I 50000  Obj 1.2442483e+09 Primal inf 7.5640569e+08 (101686)
Clp0006I 51000  Obj 1.2917109e+09 Primal inf 7.5797177e+08 (102789)
Clp0006I 52000  Obj 1.3494052e+09 Primal inf 7.5503913e+08 (103946)
Clp0006I 53000  Obj 1.4062953e+09 Primal inf 7.5911721e+08 (105114)
Clp0006I 54000  Obj 1.4675996e+09 Primal inf 7.5538152e+08 (106157)
Clp0006I 55000  Obj 1.5001484e+09 Primal inf 7.290586e+08 (109630)
Clp0006I 56000  Obj 1.5124397e+09 Primal inf 7.5456771e+08 (110898)
Clp0006I 57000  Obj 1.5202918e+09 Primal inf 1.096269e+09 (110507)
Clp0006I 58000  Obj 1.5280415e+09 Primal inf 8.9313774e+08 (111723)
Clp0006I 59000  Obj 1.5443997e+09 Primal inf 7.4748546e+08 (113869)
Clp0006I 60000  Obj 1.5586407e+09 Primal inf 7.4564335e+08 (114800)
Clp0006I 61000  Obj 1.5696021e+09 Primal inf 7.5067761e+08 (115873)
Clp0006I 62000  Obj 1.6021118e+09 Primal inf 7.9766253e+08 (115091)
Clp0006I 63000  Obj 1.6477778e+09 Primal inf 1.0079234e+09 (116126)
Clp0006I 64000  Obj 1.6843246e+09 Primal inf 7.5339761e+08 (118738)
Clp0006I 65000  Obj 1.8213543e+09 Primal inf 7.4164617e+08 (119514)
Clp0006I 66000  Obj 1.8529459e+09 Primal inf 7.9944074e+08 (119601)
Clp0006I 67000  Obj 1.9565728e+09 Primal inf 9.0472756e+08 (120198)
Clp0006I 68000  Obj 1.9845939e+09 Primal inf 7.7150539e+08 (122059)
Clp0006I 69000  Obj 2.0021396e+09 Primal inf 7.7318615e+08 (123122)
Clp0006I 70000  Obj 2.0367735e+09 Primal inf 7.4361103e+08 (124823)
Clp0006I 71000  Obj 2.0580899e+09 Primal inf 7.706343e+08 (126358)
Clp0006I 72000  Obj 2.0831637e+09 Primal inf 7.7249359e+08 (125735)
Clp0006I 73000  Obj 2.1226535e+09 Primal inf 7.4642537e+08 (128169)
Clp0006I 74000  Obj 2.1535668e+09 Primal inf 7.429231e+08 (128180)
Clp0006I 75000  Obj 2.1832294e+09 Primal inf 7.7828238e+08 (128238)
Clp0006I 76000  Obj 2.2296539e+09 Primal inf 8.1309638e+08 (130476)
Clp0006I 77000  Obj 2.2575969e+09 Primal inf 7.0814271e+08 (131059)
Clp0006I 78000  Obj 2.3154439e+09 Primal inf 7.2773995e+08 (132347)
Clp0006I 79000  Obj 2.3385361e+09 Primal inf 7.5074675e+08 (133374)
Clp0006I 80000  Obj 2.3689971e+09 Primal inf 7.4668375e+08 (134491)
Clp0006I 81000  Obj 2.4144731e+09 Primal inf 8.528167e+08 (134897)
Clp0006I 82000  Obj 2.4377989e+09 Primal inf 7.3714939e+08 (135576)
Clp0006I 83000  Obj 2.496567e+09 Primal inf 2.2664553e+09 (167348)
Clp0006I 84000  Obj 2.5314904e+09 Primal inf 7.1112992e+08 (136115)
Clp0006I 85000  Obj 2.6005596e+09 Primal inf 9.5585071e+08 (147092)
Clp0006I 86000  Obj 2.6167628e+09 Primal inf 7.1410546e+08 (137322)
Clp0006I 87000  Obj 2.6544092e+09 Primal inf 7.2055918e+08 (137473)
Clp0006I 88000  Obj 2.6897831e+09 Primal inf 7.3112083e+08 (140253)
Clp0006I 89000  Obj 2.6976053e+09 Primal inf 7.245976e+08 (140749)
Clp0006I 90000  Obj 2.7168213e+09 Primal inf 7.1647494e+08 (141330)
Clp0006I 91000  Obj 2.7383675e+09 Primal inf 7.1233042e+08 (142095)
Clp0006I 92000  Obj 2.7502735e+09 Primal inf 7.1594995e+08 (142874)
Clp0006I 93000  Obj 2.7978353e+09 Primal inf 7.2475258e+08 (143847)
Clp0006I 94000  Obj 2.8321906e+09 Primal inf 7.5111266e+08 (145532)
Clp0006I 95000  Obj 2.8591567e+09 Primal inf 8.0216682e+08 (146734)
Clp0006I 96000  Obj 2.9071808e+09 Primal inf 1.1138448e+09 (167973)
Clp0006I 97000  Obj 2.9436907e+09 Primal inf 7.3468322e+08 (146844)
Clp0006I 98000  Obj 3.012824e+09 Primal inf 1.7739128e+09 (183632)
Clp0006I 99000  Obj 3.0741234e+09 Primal inf 1.3783216e+09 (183725)
Clp0006I 100000  Obj 3.1230019e+09 Primal inf 3.8029611e+09 (189540)
Clp0006I 101000  Obj 3.13784e+09 Primal inf 4.0019054e+09 (190159)
Clp0006I 102000  Obj 3.1489817e+09 Primal inf 8.1055214e+08 (153824)
Clp0006I 103000  Obj 3.1674867e+09 Primal inf 9.0691519e+08 (150909)
Clp0006I 104000  Obj 3.1885413e+09 Primal inf 8.818321e+08 (151794)
Clp0006I 105000  Obj 3.217468e+09 Primal inf 1.1791918e+09 (151849)
Clp0006I 106000  Obj 3.2563593e+09 Primal inf 9.4611516e+08 (156848)
Clp0006I 107000  Obj 3.2636287e+09 Primal inf 9.3421279e+08 (152195)
Clp0006I 108000  Obj 3.3178082e+09 Primal inf 2.8054564e+09 (216212)
Clp0006I 109000  Obj 3.3481847e+09 Primal inf 3.3017826e+09 (176279)
Clp0006I 110000  Obj 3.3645778e+09 Primal inf 1.2578106e+09 (190532)
Clp0006I 111000  Obj 3.4007238e+09 Primal inf 2.3826441e+09 (189955)
Clp0006I 112000  Obj 3.431157e+09 Primal inf 9.4536287e+08 (162985)
Clp0006I 113000  Obj 3.4659515e+09 Primal inf 4.174e+09 (193782)
Clp0006I 114000  Obj 3.4808444e+09 Primal inf 6.4050237e+09 (192080)
Clp0006I 115000  Obj 3.4905792e+09 Primal inf 1.7586274e+09 (174761)
Clp0006I 116000  Obj 3.5207818e+09 Primal inf 8.923553e+08 (165801)
Clp0006I 117000  Obj 3.5497482e+09 Primal inf 9.8714807e+08 (167101)
Clp0006I 118000  Obj 3.5758874e+09 Primal inf 5.3227104e+09 (224215)
Clp0006I 119000  Obj 3.6277765e+09 Primal inf 4.1827126e+09 (169396)
Clp0006I 120000  Obj 3.6421924e+09 Primal inf 1.0569546e+09 (172861)
Clp0006I 121000  Obj 3.6680937e+09 Primal inf 1.030877e+09 (191293)
Clp0006I 122000  Obj 3.6864173e+09 Primal inf 1.8048298e+09 (172901)
Clp0006I 123000  Obj 3.6948842e+09 Primal inf 1.2362511e+09 (177997)
Clp0006I 124000  Obj 3.7059686e+09 Primal inf 1.2371716e+09 (178504)
Clp0006I 125000  Obj 3.7290205e+09 Primal inf 1.8264713e+09 (179626)
Clp0006I 126000  Obj 3.7431908e+09 Primal inf 1.1496858e+09 (194629)
Clp0006I 127000  Obj 3.765204e+09 Primal inf 8.9130751e+08 (170385)
Clp0006I 128000  Obj 3.7922374e+09 Primal inf 2.1113395e+09 (218973)
Clp0006I 129000  Obj 3.8074099e+09 Primal inf 1.0258107e+09 (176443)
Clp0006I 130000  Obj 3.8459162e+09 Primal inf 2.210731e+09 (204506)
Clp0006I 131000  Obj 3.8668299e+09 Primal inf 1.2248836e+09 (178269)
Clp0006I 132000  Obj 3.8949225e+09 Primal inf 1.2513936e+09 (208243)
Clp0006I 133000  Obj 3.9214206e+09 Primal inf 1.0809112e+09 (173993)
Clp0006I 134000  Obj 3.9710161e+09 Primal inf 1.0879463e+09 (179678)
Clp0006I 135000  Obj 3.9818004e+09 Primal inf 8.70716e+08 (168886)
Clp0006I 136000  Obj 3.9970402e+09 Primal inf 4.8929482e+09 (171430)
Clp0006I 137000  Obj 4.0053595e+09 Primal inf 4.9010368e+09 (171842)
Clp0006I 138000  Obj 4.0165747e+09 Primal inf 4.3675407e+09 (172048)
Clp0006I 139000  Obj 4.023869e+09 Primal inf 4.3715061e+09 (172474)
Clp0006I 140000  Obj 4.0336961e+09 Primal inf 4.3731291e+09 (172927)
Clp0006I 141000  Obj 4.0457919e+09 Primal inf 4.3631262e+09 (173309)
Clp0006I 142000  Obj 4.0525172e+09 Primal inf 4.2372166e+09 (173791)
Clp0006I 143000  Obj 4.084817e+09 Primal inf 5.3032082e+09 (212405)
Clp0006I 144000  Obj 4.088021e+09 Primal inf 8.8266402e+08 (172999)
Clp0006I 145000  Obj 4.1033717e+09 Primal inf 1.4354089e+09 (185376)
Clp0006I 146000  Obj 4.1113542e+09 Primal inf 1.3984093e+09 (201240)
Clp0006I 147000  Obj 4.1226358e+09 Primal inf 2.1003728e+09 (208227)
Clp0006I 148000  Obj 4.1439832e+09 Primal inf 1.0472967e+09 (177632)
Clp0006I 149000  Obj 4.163613e+09 Primal inf 4.4579292e+09 (212644)
Clp0006I 150000  Obj 4.1790922e+09 Primal inf 1.2984604e+09 (178546)
Clp0006I 151000  Obj 4.191599e+09 Primal inf 1.7670569e+09 (213921)
Clp0006I 152000  Obj 4.2057178e+09 Primal inf 1.3540444e+09 (201837)
Clp0006I 153000  Obj 4.2185457e+09 Primal inf 9.8569449e+08 (178088)
Clp0006I 154000  Obj 4.2277665e+09 Primal inf 1.3353996e+09 (186609)
Clp0006I 155000  Obj 4.2303609e+09 Primal inf 1.0353605e+09 (178278)
Clp0006I 156000  Obj 4.2416692e+09 Primal inf 1.3255713e+09 (202672)
Clp0006I 157000  Obj 4.2560163e+09 Primal inf 3.393092e+09 (207149)
Clp0006I 158000  Obj 4.267847e+09 Primal inf 1.1259776e+09 (186074)
Clp0006I 159000  Obj 4.2822816e+09 Primal inf 1.3063766e+09 (188063)
Clp0006I 160000  Obj 4.3027363e+09 Primal inf 1.2517223e+09 (188160)
Clp0006I 161000  Obj 4.3162582e+09 Primal inf 1.0088604e+09 (178031)
Clp0006I 162000  Obj 4.3289522e+09 Primal inf 1.019533e+09 (176745)
Clp0006I 163000  Obj 4.3435782e+09 Primal inf 1.028739e+09 (176501)
Clp0006I 164000  Obj 4.3646294e+09 Primal inf 1.9997794e+09 (212801)
Clp0006I 165000  Obj 4.3858525e+09 Primal inf 7.6323939e+09 (186635)
Clp0006I 166000  Obj 4.4003085e+09 Primal inf 1.086072e+09 (178612)
Clp0006I 167000  Obj 4.4240713e+09 Primal inf 1.4251096e+09 (189390)
Clp0006I 168000  Obj 4.4334111e+09 Primal inf 1.1544221e+09 (180622)
Clp0006I 169000  Obj 4.4453223e+09 Primal inf 1.0746566e+09 (180712)
Clp0006I 170000  Obj 4.4583969e+09 Primal inf 1.1482368e+09 (206515)
Clp0006I 171000  Obj 4.4676702e+09 Primal inf 9.5183247e+08 (179469)
Clp0006I 172000  Obj 4.4915861e+09 Primal inf 1.2419213e+09 (188884)
Clp0006I 173000  Obj 4.5091755e+09 Primal inf 3.2021394e+09 (213908)
Clp0006I 174000  Obj 4.5205768e+09 Primal inf 8.527993e+09 (188372)
Clp0006I 175000  Obj 4.5364232e+09 Primal inf 1.1772354e+09 (179746)
Clp0006I 176000  Obj 4.549588e+09 Primal inf 1.2450222e+09 (179529)
Clp0006I 177000  Obj 4.5584777e+09 Primal inf 1.3983334e+09 (187717)
Clp0006I 178000  Obj 4.5767626e+09 Primal inf 1.0853613e+09 (179637)
Clp0006I 179000  Obj 4.5886844e+09 Primal inf 2.3467876e+09 (187381)
Clp0006I 180000  Obj 4.5947899e+09 Primal inf 1.4899996e+09 (187626)
Clp0006I 181000  Obj 4.604215e+09 Primal inf 2.6966983e+09 (211187)
Clp0006I 182000  Obj 4.6121314e+09 Primal inf 1.073164e+09 (179342)
Clp0006I 183000  Obj 4.6250119e+09 Primal inf 2.1703029e+09 (213107)
Clp0006I 184000  Obj 4.6384511e+09 Primal inf 1.0984203e+09 (180825)
Clp0006I 185000  Obj 4.6615083e+09 Primal inf 1.0611709e+09 (180096)
Clp0006I 186000  Obj 4.6843241e+09 Primal inf 1.7491856e+09 (189809)
Clp0006I 187000  Obj 4.7040918e+09 Primal inf 1.2421395e+09 (177454)
Clp0006I 188000  Obj 4.7170531e+09 Primal inf 1.4650327e+09 (182787)
Clp0006I 189000  Obj 4.735212e+09 Primal inf 1.5095205e+09 (179666)
Clp0006I 190000  Obj 4.746206e+09 Primal inf 2.0268925e+09 (188955)
Clp0006I 191000  Obj 4.7639664e+09 Primal inf 5.9053798e+09 (216827)
Clp0006I 192000  Obj 4.769104e+09 Primal inf 1.5271883e+09 (186509)
Clp0006I 193000  Obj 4.7890651e+09 Primal inf 1.716166e+09 (188449)
Clp0006I 194000  Obj 4.7990865e+09 Primal inf 2.0109862e+09 (190442)
Clp0006I 195000  Obj 4.8271247e+09 Primal inf 1.925767e+09 (181305)
Clp0006I 196000  Obj 4.8365328e+09 Primal inf 1.8812232e+09 (181220)
Clp0006I 197000  Obj 4.8468169e+09 Primal inf 1.2702371e+09 (180859)
Clp0006I 198000  Obj 4.8573601e+09 Primal inf 1.8027009e+09 (190744)
Clp0006I 199000  Obj 4.8725432e+09 Primal inf 1.1086453e+09 (177590)
Clp0006I 200000  Obj 4.8855007e+09 Primal inf 2.0648882e+09 (187834)
Clp0006I 201000  Obj 4.9068269e+09 Primal inf 2.1232072e+10 (217852)
Clp0006I 202000  Obj 4.9360139e+09 Primal inf 1.8271317e+09 (179472)
Clp0006I 203000  Obj 4.9456979e+09 Primal inf 1.3201269e+09 (178008)
Clp0006I 204000  Obj 4.9585899e+09 Primal inf 2.7558323e+09 (209376)
Clp0006I 205000  Obj 4.9755932e+09 Primal inf 5.5720124e+10 (217748)
Clp0006I 206000  Obj 4.9844181e+09 Primal inf 1.6497018e+09 (179365)
Clp0006I 207000  Obj 5.0110691e+09 Primal inf 1.5007413e+09 (179099)
Clp0006I 208000  Obj 5.0244647e+09 Primal inf 2.3090071e+09 (185056)
Clp0006I 209000  Obj 5.0459916e+09 Primal inf 1.5534374e+10 (205538)
Clp0006I 210000  Obj 5.099144e+09 Primal inf 1.7158052e+09 (179274)
Clp0006I 211000  Obj 5.1340412e+09 Primal inf 1.993234e+09 (188029)
Clp0006I 212000  Obj 5.1764097e+09 Primal inf 1.3503579e+09 (176293)
Clp0006I 213000  Obj 5.2235049e+09 Primal inf 1.0505646e+10 (195404)
Clp0006I 214000  Obj 5.309631e+09 Primal inf 8.4414183e+09 (184607)
Clp0006I 215000  Obj 5.3707882e+09 Primal inf 8.1598926e+09 (197546)
Clp0006I 216000  Obj 5.4201448e+09 Primal inf 1.0200941e+10 (217448)
Clp0006I 217000  Obj 5.4498362e+09 Primal inf 1.8328693e+09 (200546)
Clp0006I 218000  Obj 5.474694e+09 Primal inf 4.016745e+09 (187496)
Clp0006I 219000  Obj 5.5004069e+09 Primal inf 5.6444752e+09 (213094)
Clp0006I 220000  Obj 5.5373157e+09 Primal inf 5.6385903e+09 (187642)
Clp0006I 221000  Obj 5.5603869e+09 Primal inf 1.5769102e+09 (175643)
Clp0006I 222000  Obj 5.5749184e+09 Primal inf 2.989438e+09 (179849)
Clp0006I 223000  Obj 5.5944215e+09 Primal inf 1.711925e+09 (176479)
Clp0006I 224000  Obj 5.6230121e+09 Primal inf 2.3393029e+09 (177851)
Clp0006I 225000  Obj 5.6384878e+09 Primal inf 5.5665091e+09 (211186)
Clp0006I 226000  Obj 5.6672407e+09 Primal inf 3.0343893e+09 (180040)
Clp0006I 227000  Obj 5.687799e+09 Primal inf 1.5475839e+09 (178119)
Clp0006I 228000  Obj 5.7178636e+09 Primal inf 4.6913333e+09 (182140)
Clp0006I 229000  Obj 5.7452365e+09 Primal inf 2.0698152e+09 (185074)
Clp0006I 230000  Obj 5.757489e+09 Primal inf 2.531037e+09 (178258)
Clp0006I 231000  Obj 5.764642e+09 Primal inf 4.9352491e+09 (200460)
Clp0006I 232000  Obj 5.7941578e+09 Primal inf 1.2531883e+10 (215412)
Clp0006I 233000  Obj 5.8017554e+09 Primal inf 2.9040379e+09 (178954)
Clp0006I 234000  Obj 5.8076563e+09 Primal inf 4.0898283e+09 (177962)
Clp0006I 235000  Obj 5.8162699e+09 Primal inf 2.3699309e+09 (176061)
Clp0006I 236000  Obj 5.8261397e+09 Primal inf 4.0417301e+09 (186404)
Clp0006I 237000  Obj 5.8372048e+09 Primal inf 3.2242442e+09 (177902)
Clp0006I 238000  Obj 5.8479926e+09 Primal inf 5.6918544e+09 (210188)
Clp0006I 239000  Obj 5.8578486e+09 Primal inf 3.4428851e+09 (178768)
Clp0006I 240000  Obj 5.8704789e+09 Primal inf 2.6025324e+09 (176619)
Clp0006I 241000  Obj 5.885002e+09 Primal inf 4.0130676e+09 (179366)
Clp0006I 242000  Obj 5.8960618e+09 Primal inf 6.7467797e+09 (179404)
Clp0006I 243000  Obj 5.9147471e+09 Primal inf 4.2942343e+09 (186098)
Clp0006I 244000  Obj 5.9342149e+09 Primal inf 7.5306652e+09 (210818)
Clp0006I 245000  Obj 5.9413282e+09 Primal inf 7.1113974e+09 (210363)
Clp0006I 246000  Obj 5.948858e+09 Primal inf 2.7829078e+09 (176457)
Clp0006I 247000  Obj 5.9631043e+09 Primal inf 3.1728286e+09 (176398)
Clp0006I 248000  Obj 5.9719817e+09 Primal inf 3.5023426e+09 (178951)
Clp0006I 249000  Obj 5.9826225e+09 Primal inf 1.6617684e+10 (215764)
Clp0006I 250000  Obj 5.9868252e+09 Primal inf 4.6165402e+09 (180420)
Clp0006I 251000  Obj 5.9911745e+09 Primal inf 1.5943181e+10 (186321)
Clp0006I 252000  Obj 5.9951375e+09 Primal inf 9.9037023e+09 (213232)
Clp0006I 253000  Obj 6.0041341e+09 Primal inf 1.2273186e+10 (212958)
Clp0006I 254000  Obj 6.0216508e+09 Primal inf 4.256814e+10 (221293)
Clp0006I 255000  Obj 6.1277736e+09 Primal inf 3.0131347e+11 (256747)
Clp0006I 256000  Obj 6.2070864e+09 Primal inf 1.1805399e+11 (194906)
Clp0006I 257000  Obj 6.3190342e+09 Primal inf 1.5649149e+10 (210295)
Clp0006I 258000  Obj 6.4430343e+09 Primal inf 4.4046586e+11 (246049)
Clp0006I 259000  Obj 6.5209023e+09 Primal inf 3.7802619e+10 (222865)
Clp0006I 260000  Obj 6.6299992e+09 Primal inf 5.1574544e+09 (205294)
Clp0006I 261000  Obj 6.7254901e+09 Primal inf 7.4837984e+09 (190808)
Clp0006I 262000  Obj 6.8043199e+09 Primal inf 1.8504743e+10 (190453)
Clp0006I 263000  Obj 6.9113545e+09 Primal inf 6.2069492e+09 (202704)
Clp0006I 264000  Obj 7.0404709e+09 Primal inf 9.6164047e+10 (220463)
Clp0006I 265000  Obj 7.1847622e+09 Primal inf 3.5258753e+10 (216431)
Clp0006I 266000  Obj 7.3193922e+09 Primal inf 2.0603169e+10 (193251)
Clp0006I 267000  Obj 7.5040646e+09 Primal inf 6.3224865e+09 (187007)
Clp0006I 268000  Obj 7.6899619e+09 Primal inf 2.0360948e+10 (214160)
Clp0006I 269000  Obj 7.8303894e+09 Primal inf 2.1836209e+10 (243010)
Clp0006I 270000  Obj 7.9591046e+09 Primal inf 8.7740468e+09 (213018)
Clp0006I 271000  Obj 8.0967793e+09 Primal inf 4.5344576e+09 (213988)
Clp0006I 272000  Obj 8.190681e+09 Primal inf 9.8846969e+09 (244531)
Clp0006I 273000  Obj 8.2872955e+09 Primal inf 2.3253179e+10 (224774)
Clp0006I 274000  Obj 8.3780092e+09 Primal inf 7.7218147e+09 (218476)
Clp0006I 275000  Obj 8.4604205e+09 Primal inf 7.7261434e+10 (248983)
Clp0006I 276000  Obj 8.5481077e+09 Primal inf 5.1360656e+09 (209995)
Clp0006I 277000  Obj 8.6542237e+09 Primal inf 5.9255779e+10 (254452)
Clp0006I 278000  Obj 8.7444237e+09 Primal inf 1.3427949e+10 (221611)
Clp0006I 279000  Obj 8.8167074e+09 Primal inf 7.2260007e+09 (217968)
Clp0006I 280000  Obj 8.9156361e+09 Primal inf 2.7307524e+10 (228419)
Clp0006I 281000  Obj 9.0230565e+09 Primal inf 1.363061e+10 (235000)
Clp0006I 282000  Obj 9.1211298e+09 Primal inf 1.5895648e+10 (257101)
Clp0006I 283000  Obj 9.2020713e+09 Primal inf 1.3333778e+11 (253074)
Clp0006I 283914  Obj 9.2777588e+09 Primal inf 1.2836632e+10 (256578)
Clp0006I 284914  Obj 9.36939e+09 Primal inf 1.2052507e+10 (191164)
Clp0006I 285914  Obj 9.4407715e+09 Primal inf 4.1828082e+09 (228488)
Clp0006I 286914  Obj 9.4895072e+09 Primal inf 5.7594056e+09 (194624)
Clp0006I 287914  Obj 9.5591847e+09 Primal inf 1.0969428e+10 (224175)
Clp0006I 288914  Obj 9.6141817e+09 Primal inf 3.3775479e+10 (231861)
Clp0006I 289914  Obj 9.6857273e+09 Primal inf 8.2465504e+09 (234396)
Clp0006I 290914  Obj 9.7396047e+09 Primal inf 4.1370626e+09 (225342)
Clp0006I 291914  Obj 9.7910964e+09 Primal inf 2.5015967e+10 (213355)
Clp0006I 292914  Obj 9.8519518e+09 Primal inf 1.2799468e+09 (209956)
Clp0006I 293914  Obj 9.9233854e+09 Primal inf 9.6397778e+09 (194505)
Clp0006I 294914  Obj 9.9885874e+09 Primal inf 7.4266122e+10 (230048)
Clp0006I 295914  Obj 1.0051141e+10 Primal inf 7.1860788e+09 (215259)
Clp0006I 296914  Obj 1.010115e+10 Primal inf 8.2984377e+09 (225770)
Clp0006I 297914  Obj 1.0147331e+10 Primal inf 5.2608009e+10 (262358)
Clp0006I 298914  Obj 1.0201108e+10 Primal inf 6.0019455e+09 (201195)
Clp0006I 299914  Obj 1.0260766e+10 Primal inf 3.0034391e+10 (251986)
Clp0006I 300914  Obj 1.0327915e+10 Primal inf 2.5446954e+11 (237314)
Clp0006I 301914  Obj 1.0381175e+10 Primal inf 7.1453062e+10 (266925)
Clp0006I 302914  Obj 1.0408389e+10 Primal inf 4.4856468e+10 (237499)
Clp0006I 303914  Obj 1.0445857e+10 Primal inf 1.4558722e+10 (237437)
Clp0006I 304914  Obj 1.0501035e+10 Primal inf 2.0545294e+10 (241054)
Clp0006I 305914  Obj 1.0552982e+10 Primal inf 1.208987e+10 (258142)
Clp0006I 306914  Obj 1.0598722e+10 Primal inf 1.9448641e+10 (306580)
Clp0006I 307914  Obj 1.0660474e+10 Primal inf 1.2642325e+10 (293450)
Clp0006I 308914  Obj 1.072497e+10 Primal inf 5.5195106e+09 (195421)
Clp0006I 309914  Obj 1.0771519e+10 Primal inf 6.6953484e+10 (237979)
Clp0006I 310914  Obj 1.0824025e+10 Primal inf 2.0868898e+11 (234820)
Clp0006I 311914  Obj 1.0878444e+10 Primal inf 6.2751802e+10 (234338)
Clp0006I 312914  Obj 1.0927697e+10 Primal inf 1.5294655e+09 (240146)
Clp0006I 313914  Obj 1.0967683e+10 Primal inf 2.8627424e+11 (281556)
Clp0006I 314914  Obj 1.1010096e+10 Primal inf 6.3605047e+09 (248657)
Clp0006I 315914  Obj 1.1065429e+10 Primal inf 3.9745433e+09 (211356)
Clp0006I 316914  Obj 1.113764e+10 Primal inf 1.3088031e+10 (230183)
Clp0006I 317914  Obj 1.1164896e+10 Primal inf 3.8932622e+10 (224566)
Clp0006I 318914  Obj 1.1219927e+10 Primal inf 5.7166972e+09 (223444)
Clp0006I 319914  Obj 1.1276303e+10 Primal inf 1.2753575e+10 (245473)
Clp0006I 320914  Obj 1.1313047e+10 Primal inf 5.5836353e+09 (275847)
Clp0006I 321875  Obj 1.135507e+10 Primal inf 1.3467738e+10 (224705)
Clp0006I 322875  Obj 1.1402995e+10 Primal inf 1.8809323e+09 (220401)
Clp0006I 323875  Obj 1.1432165e+10 Primal inf 9.2779227e+09 (213285)
Clp0006I 324875  Obj 1.1466041e+10 Primal inf 3.3490758e+09 (217662)
Clp0006I 325875  Obj 1.1494233e+10 Primal inf 1.8041044e+09 (198049)
Clp0006I 326875  Obj 1.1529694e+10 Primal inf 1.7899922e+09 (216728)
Clp0006I 327875  Obj 1.1551785e+10 Primal inf 1.0119514e+10 (270657)
Clp0006I 328875  Obj 1.1581478e+10 Primal inf 2.7806522e+10 (284496)
Clp0006I 329875  Obj 1.1610564e+10 Primal inf 7.5611778e+09 (250649)
Clp0006I 330875  Obj 1.1643517e+10 Primal inf 2.0400554e+10 (220904)
Clp0006I 331875  Obj 1.1656255e+10 Primal inf 1.7376903e+09 (217779)
Clp0006I 332875  Obj 1.1678074e+10 Primal inf 2.025472e+09 (211668)
Clp0006I 333875  Obj 1.1695734e+10 Primal inf 3.8559963e+10 (248044)
Clp0006I 334875  Obj 1.1727077e+10 Primal inf 8.796447e+08 (188305)
Clp0006I 335875  Obj 1.1766354e+10 Primal inf 7.4243615e+09 (222625)
Clp0006I 336875  Obj 1.1793194e+10 Primal inf 1.4019987e+09 (223535)
Clp0006I 337875  Obj 1.1808892e+10 Primal inf 4.6479689e+09 (250591)
Clp0006I 338875  Obj 1.181347e+10 Primal inf 2.8042494e+09 (235366)
Clp0006I 339875  Obj 1.1835036e+10 Primal inf 5.5178117e+09 (237694)
Clp0006I 340875  Obj 1.1853983e+10 Primal inf 1.1486637e+10 (205792)
Clp0006I 341875  Obj 1.1870653e+10 Primal inf 1.5131293e+09 (188682)
Clp0006I 342875  Obj 1.1884266e+10 Primal inf 1.2588005e+09 (198350)
Clp0006I 343875  Obj 1.1914881e+10 Primal inf 8.771297e+09 (238882)
Clp0006I 344875  Obj 1.1922197e+10 Primal inf 1.598241e+09 (205991)
Clp0006I 345875  Obj 1.1931992e+10 Primal inf 1.7496142e+10 (232040)
Clp0006I 346875  Obj 1.195596e+10 Primal inf 2.7453438e+09 (218703)
Clp0006I 347875  Obj 1.1977594e+10 Primal inf 1.8025346e+09 (216817)
Clp0006I 348875  Obj 1.1991356e+10 Primal inf 5.2161393e+09 (239746)
Clp0006I 349875  Obj 1.1995352e+10 Primal inf 7.5073347e+09 (244789)
Clp0006I 350875  Obj 1.2000297e+10 Primal inf 1.3607696e+10 (271659)
Clp0006I 351875  Obj 1.2011841e+10 Primal inf 1.060355e+09 (194263)
Clp0006I 352875  Obj 1.2030139e+10 Primal inf 1.5033249e+09 (230638)
Clp0006I 353875  Obj 1.2035712e+10 Primal inf 2.470363e+09 (240966)
Clp0006I 354875  Obj 1.2045255e+10 Primal inf 1.7269748e+09 (240328)
Clp0006I 355875  Obj 1.2059799e+10 Primal inf 2.2089849e+09 (254995)
Clp0006I 356875  Obj 1.2087724e+10 Primal inf 2.0599781e+09 (256676)
Clp0006I 357875  Obj 1.2252454e+10 Primal inf 1.3183077e+10 (226938)
Clp0006I 358875  Obj 1.2275769e+10 Primal inf 5.3097823e+10 (276342)
Clp0006I 359875  Obj 1.2293338e+10 Primal inf 3.9687724e+10 (279414)
Clp0006I 360875  Obj 1.2327484e+10 Primal inf 2.1489955e+10 (275141)
Clp0006I 361875  Obj 1.2348873e+10 Primal inf 2.1494394e+10 (274729)
Clp0006I 362875  Obj 1.2366908e+10 Primal inf 2.0835071e+10 (285011)
Clp0006I 363875  Obj 1.2395428e+10 Primal inf 1.9954302e+10 (284886)
Clp0006I 364875  Obj 1.241722e+10 Primal inf 4.4196878e+10 (236269)
Clp0006I 365875  Obj 1.2430128e+10 Primal inf 6.0057775e+09 (276552)
Clp0006I 366875  Obj 1.2453407e+10 Primal inf 7.5241022e+09 (268584)
Clp0006I 367875  Obj 1.2475528e+10 Primal inf 8.4488741e+09 (232441)
Clp0006I 368875  Obj 1.2487368e+10 Primal inf 1.2578574e+09 (217652)
Clp0006I 369875  Obj 1.2491594e+10 Primal inf 4.4888967e+09 (258753)
Clp0006I 370875  Obj 1.2507533e+10 Primal inf 1.9121067e+10 (266237)
Clp0006I 371875  Obj 1.2518307e+10 Primal inf 1.68732e+09 (235667)
Clp0006I 372875  Obj 1.2544717e+10 Primal inf 6.7608642e+09 (288081)
Clp0006I 373875  Obj 1.2562376e+10 Primal inf 7.7134414e+08 (218360)
Clp0006I 374875  Obj 1.2580101e+10 Primal inf 2.3252089e+09 (247298)
Clp0006I 375875  Obj 1.2599172e+10 Primal inf 2.7022535e+10 (243937)
Clp0006I 376875  Obj 1.2618416e+10 Primal inf 7.312579e+09 (282381)
Clp0006I 377875  Obj 1.2632461e+10 Primal inf 1.3833759e+09 (218176)
Clp0006I 378875  Obj 1.2649396e+10 Primal inf 9.5146333e+08 (191915)
Clp0006I 379875  Obj 1.2658521e+10 Primal inf 1.5080048e+09 (226456)
Clp0006I 380875  Obj 1.2681519e+10 Primal inf 5.6170893e+09 (257705)
Clp0006I 381875  Obj 1.2694123e+10 Primal inf 1.6294255e+09 (216400)
Clp0006I 382875  Obj 1.2696028e+10 Primal inf 4.9201763e+09 (234080)
Clp0006I 383875  Obj 1.2701968e+10 Primal inf 3.3825384e+10 (242598)
Clp0006I 384875  Obj 1.271267e+10 Primal inf 1.4971923e+09 (237493)
Clp0006I 385875  Obj 1.2730057e+10 Primal inf 9.0921466e+08 (201281)
Clp0006I 386875  Obj 1.2746337e+10 Primal inf 1.2501971e+09 (242633)
Clp0006I 387875  Obj 1.275977e+10 Primal inf 8.8917537e+08 (224862)
Clp0006I 388875  Obj 1.2765557e+10 Primal inf 1.0856897e+09 (237875)
Clp0006I 389875  Obj 1.2769641e+10 Primal inf 3.0297879e+09 (258347)
Clp0006I 390875  Obj 1.2783155e+10 Primal inf 2.9852412e+09 (254835)
Clp0006I 391875  Obj 1.2798731e+10 Primal inf 1.088898e+09 (215051)
Clp0006I 392875  Obj 1.281018e+10 Primal inf 5.1996513e+09 (235702)
Clp0006I 393875  Obj 1.2820908e+10 Primal inf 5.1997172e+09 (235749)
Clp0006I 394875  Obj 1.2839769e+10 Primal inf 5.1769854e+09 (235844)
Clp0006I 395875  Obj 1.2844204e+10 Primal inf 1.3687528e+09 (232466)
Clp0006I 396875  Obj 1.2848584e+10 Primal inf 1.2993805e+09 (258192)
Clp0006I 397875  Obj 1.2861552e+10 Primal inf 1.2870252e+09 (257964)
Clp0006I 398875  Obj 1.2870418e+10 Primal inf 2.0264603e+09 (198836)
Clp0006I 399875  Obj 1.2879408e+10 Primal inf 1.8294735e+09 (271073)
Clp0006I 400875  Obj 1.288126e+10 Primal inf 1.1467306e+09 (221478)
Clp0006I 401875  Obj 1.2895584e+10 Primal inf 4.337654e+09 (269798)
Clp0006I 402875  Obj 1.2901984e+10 Primal inf 3.5634724e+09 (257048)
Clp0006I 403875  Obj 1.2908393e+10 Primal inf 2.7989207e+09 (247641)
Clp0006I 404875  Obj 1.2930542e+10 Primal inf 7.9738811e+08 (194808)
Clp0006I 405875  Obj 1.2942773e+10 Primal inf 5.933931e+09 (230912)
Clp0006I 406875  Obj 1.2950851e+10 Primal inf 2.686766e+10 (270375)
Clp0006I 407875  Obj 1.295538e+10 Primal inf 6.0753222e+10 (275530)
Clp0006I 408875  Obj 1.2963563e+10 Primal inf 1.1992073e+09 (201862)
Clp0006I 409875  Obj 1.2969421e+10 Primal inf 8.9345836e+08 (228716)
Clp0006I 410875  Obj 1.2976345e+10 Primal inf 7.2294318e+09 (263307)
Clp0006I 411875  Obj 1.2979867e+10 Primal inf 3.1862857e+09 (241065)
Clp0006I 412875  Obj 1.2993872e+10 Primal inf 1.2088587e+10 (233885)
Clp0006I 413875  Obj 1.3001993e+10 Primal inf 1.4538516e+09 (246072)
Clp0006I 414875  Obj 1.3005906e+10 Primal inf 9.1550915e+09 (263025)
Clp0006I 415875  Obj 1.3009738e+10 Primal inf 1.3162734e+09 (221719)
Clp0006I 416875  Obj 1.3012388e+10 Primal inf 1.2041376e+09 (252481)
Clp0006I 417875  Obj 1.3014299e+10 Primal inf 1.1183938e+10 (296570)
Clp0006I 418875  Obj 1.3015341e+10 Primal inf 8.2250847e+08 (228105)
Clp0006I 419875  Obj 1.3018011e+10 Primal inf 2.9738098e+09 (266724)
Clp0006I 420875  Obj 1.3019539e+10 Primal inf 8.5886486e+08 (206433)
Clp0006I 421875  Obj 1.3024006e+10 Primal inf 9.85102e+08 (195565)
Clp0006I 422875  Obj 1.3028793e+10 Primal inf 1.0964147e+09 (200836)
Clp0006I 423875  Obj 1.303186e+10 Primal inf 1.1188564e+09 (207014)
Clp0006I 424875  Obj 1.3043433e+10 Primal inf 1.0145137e+09 (202645)
Clp0006I 425875  Obj 1.3051072e+10 Primal inf 3.1492097e+09 (221690)
Clp0006I 426875  Obj 1.3058441e+10 Primal inf 1.4079323e+09 (211999)
Clp0006I 427875  Obj 1.3065792e+10 Primal inf 1.3472655e+09 (205940)
Clp0006I 428875  Obj 1.3068839e+10 Primal inf 3.7041186e+09 (242272)
Clp0006I 429875  Obj 1.3070186e+10 Primal inf 3.4285192e+09 (241535)
Clp0006I 430875  Obj 1.3074005e+10 Primal inf 1.6763558e+09 (208023)
Clp0006I 431875  Obj 1.3084689e+10 Primal inf 2.0782392e+10 (229187)
Clp0006I 432875  Obj 1.3093039e+10 Primal inf 1.0354819e+09 (203479)
Clp0006I 433875  Obj 1.3103758e+10 Primal inf 2.4450934e+09 (223411)
Clp0006I 434875  Obj 1.31071e+10 Primal inf 1.1406824e+09 (208603)
Clp0006I 435875  Obj 1.3109117e+10 Primal inf 9.1622307e+08 (207353)
Clp0006I 436875  Obj 1.3116711e+10 Primal inf 2.092459e+09 (216237)
Clp0006I 437875  Obj 1.3121449e+10 Primal inf 3.9246691e+09 (241582)
Clp0006I 438875  Obj 1.3125553e+10 Primal inf 2.4568033e+09 (219530)
Clp0006I 439875  Obj 1.3128807e+10 Primal inf 1.5469503e+09 (229664)
Clp0006I 440875  Obj 1.3133392e+10 Primal inf 2.0045611e+09 (242986)
Clp0006I 441875  Obj 1.3139481e+10 Primal inf 1.301081e+09 (224799)
Clp0006I 442875  Obj 1.3149806e+10 Primal inf 1.2507437e+11 (228168)
Clp0006I 443875  Obj 1.3154697e+10 Primal inf 1.6414377e+10 (227411)
Clp0006I 444875  Obj 1.3164667e+10 Primal inf 1.4733414e+10 (237405)
Clp0006I 445875  Obj 1.3169227e+10 Primal inf 2.7727578e+11 (278266)
Clp0006I 446875  Obj 1.3171943e+10 Primal inf 1.4092823e+09 (233177)
Clp0006I 447875  Obj 1.3175911e+10 Primal inf 1.9543941e+09 (234086)
Clp0006I 448875  Obj 1.3178138e+10 Primal inf 1.8281518e+09 (218521)
Clp0006I 449875  Obj 1.3182056e+10 Primal inf 2.1073891e+09 (242665)
Clp0006I 450875  Obj 1.318474e+10 Primal inf 4.5064612e+09 (238613)
Clp0006I 451875  Obj 1.3186115e+10 Primal inf 3.6774614e+09 (230690)
Clp0006I 452875  Obj 1.3191368e+10 Primal inf 2.8283334e+09 (238624)
Clp0006I 453875  Obj 1.3197386e+10 Primal inf 3.6813021e+09 (250346)
Clp0006I 454875  Obj 1.3204314e+10 Primal inf 4.853123e+10 (259905)
Clp0006I 455875  Obj 1.3212871e+10 Primal inf 3.2454283e+09 (238744)
Clp0006I 456875  Obj 1.3216665e+10 Primal inf 9.9603772e+08 (199384)
Clp0006I 457875  Obj 1.3220696e+10 Primal inf 1.6797678e+09 (216404)
Clp0006I 458875  Obj 1.3224852e+10 Primal inf 1.1836885e+09 (216650)
Clp0006I 459875  Obj 1.322714e+10 Primal inf 3.2156547e+09 (235275)
Clp0006I 460875  Obj 1.3231263e+10 Primal inf 3.9726902e+09 (249079)
Clp0006I 461875  Obj 1.3232556e+10 Primal inf 1.154652e+09 (200857)
Clp0006I 462875  Obj 1.3236168e+10 Primal inf 1.7588964e+09 (238751)
Clp0006I 463875  Obj 1.3244329e+10 Primal inf 1.2691012e+09 (202059)
Clp0006I 464875  Obj 1.3248189e+10 Primal inf 1.3957114e+09 (216959)
Clp0006I 465875  Obj 1.3255257e+10 Primal inf 1.3328901e+09 (201392)
Clp0006I 466875  Obj 1.3264851e+10 Primal inf 2.5192612e+09 (231649)
Clp0006I 467875  Obj 1.3276599e+10 Primal inf 2.1387884e+10 (252825)
Clp0006I 468875  Obj 1.3282883e+10 Primal inf 2.3644683e+09 (247570)
Clp0006I 469875  Obj 1.3285314e+10 Primal inf 9.5096963e+08 (200663)
Clp0006I 470875  Obj 1.3300085e+10 Primal inf 6.6273044e+09 (234605)
Clp0006I 471875  Obj 1.330711e+10 Primal inf 1.8147466e+09 (214840)
Clp0006I 472875  Obj 1.3315848e+10 Primal inf 1.7435812e+09 (214445)
Clp0006I 473875  Obj 1.3323546e+10 Primal inf 1.6674966e+10 (246005)
Clp0006I 474875  Obj 1.3336773e+10 Primal inf 1.097082e+10 (244115)
Clp0006I 475875  Obj 1.3349411e+10 Primal inf 4.5240548e+10 (254912)
Clp0006I 476875  Obj 1.3363234e+10 Primal inf 2.2195768e+09 (237942)
Clp0006I 477875  Obj 1.3376015e+10 Primal inf 1.4626032e+09 (221932)
Clp0006I 478875  Obj 1.3385723e+10 Primal inf 2.987528e+09 (259329)
Clp0006I 479875  Obj 1.3392751e+10 Primal inf 2.775859e+09 (228135)
Clp0006I 480875  Obj 1.3405675e+10 Primal inf 2.6991295e+09 (242235)
Clp0006I 481875  Obj 1.3418059e+10 Primal inf 3.3374919e+09 (259948)
Clp0006I 482875  Obj 1.3427223e+10 Primal inf 1.8280802e+09 (205959)
Clp0006I 483875  Obj 1.3435902e+10 Primal inf 1.6527654e+09 (226185)
Clp0006I 484875  Obj 1.3443672e+10 Primal inf 1.4455112e+09 (215141)
Clp0006I 485875  Obj 1.3458353e+10 Primal inf 1.1480408e+09 (234279)
Clp0006I 486875  Obj 1.3470213e+10 Primal inf 2.5437592e+09 (262970)
Clp0006I 487875  Obj 1.3478703e+10 Primal inf 9.4871307e+10 (292882)
Clp0006I 488875  Obj 1.3485622e+10 Primal inf 2.3330433e+09 (256178)
Clp0006I 489875  Obj 1.349618e+10 Primal inf 1.7614339e+09 (208382)
Clp0006I 490875  Obj 1.3499571e+10 Primal inf 1.0752215e+10 (296809)
Clp0006I 491875  Obj 1.3501394e+10 Primal inf 1.8709795e+09 (240841)
Clp0006I 492875  Obj 1.3505469e+10 Primal inf 3.9645079e+09 (252666)
Clp0006I 493875  Obj 1.3514591e+10 Primal inf 2.4009522e+09 (250166)
Clp0006I 494875  Obj 1.3518148e+10 Primal inf 6.7022401e+09 (293986)
Clp0006I 495875  Obj 1.3520877e+10 Primal inf 3.6030802e+09 (241672)
Clp0006I 496875  Obj 1.3525205e+10 Primal inf 3.2623537e+09 (237902)
Clp0006I 497875  Obj 1.3537384e+10 Primal inf 4.9589e+10 (278514)
Clp0006I 498875  Obj 1.3540897e+10 Primal inf 2.2931571e+09 (239990)
Clp0006I 499875  Obj 1.35606e+10 Primal inf 8.6272716e+09 (307098)
Clp0006I 500875  Obj 1.356615e+10 Primal inf 5.1777763e+10 (262443)
Clp0006I 501875  Obj 1.3569085e+10 Primal inf 1.4810382e+09 (217670)
Clp0006I 502875  Obj 1.3582126e+10 Primal inf 1.2979692e+09 (215024)
Clp0006I 503875  Obj 1.3590184e+10 Primal inf 4.1129329e+09 (259687)
Clp0006I 504875  Obj 1.3597934e+10 Primal inf 2.4580925e+11 (245076)
Clp0006I 505875  Obj 1.3606421e+10 Primal inf 1.4420946e+09 (221460)
Clp0006I 506875  Obj 1.3610057e+10 Primal inf 9.0949576e+08 (209312)
Clp0006I 507875  Obj 1.3613365e+10 Primal inf 2.70576e+09 (224720)
Clp0006I 508875  Obj 1.3619807e+10 Primal inf 2.5149225e+09 (222228)
Clp0006I 509875  Obj 1.3635924e+10 Primal inf 2.0522772e+10 (246419)
Clp0006I 510875  Obj 1.3638882e+10 Primal inf 4.0089073e+09 (241295)
Clp0006I 511875  Obj 1.3641313e+10 Primal inf 1.8808584e+09 (232876)
Clp0006I 512875  Obj 1.3650845e+10 Primal inf 1.9154916e+09 (234340)
Clp0006I 513875  Obj 1.3656727e+10 Primal inf 2.7109897e+09 (240954)
Clp0006I 514875  Obj 1.3665958e+10 Primal inf 5.2545331e+09 (242019)
Clp0006I 515875  Obj 1.3670337e+10 Primal inf 5.4185742e+09 (272576)
Clp0006I 516875  Obj 1.3674807e+10 Primal inf 1.8899677e+09 (237740)
Clp0006I 517875  Obj 1.3680973e+10 Primal inf 2.8288993e+09 (242659)
Clp0006I 518875  Obj 1.3689955e+10 Primal inf 4.7655592e+09 (243160)
Clp0006I 519875  Obj 1.3692722e+10 Primal inf 1.2985321e+09 (235952)
Clp0006I 520875  Obj 1.3694961e+10 Primal inf 1.1994916e+09 (209405)
Clp0006I 521875  Obj 1.369706e+10 Primal inf 1.6054586e+09 (218315)
Clp0006I 522875  Obj 1.3702644e+10 Primal inf 6.4969367e+09 (251769)
Clp0006I 523875  Obj 1.3705003e+10 Primal inf 1.1591739e+10 (262593)
Clp0006I 524875  Obj 1.3707583e+10 Primal inf 5.1349032e+09 (282942)
Clp0006I 525875  Obj 1.3711344e+10 Primal inf 2.2351473e+10 (278468)
Clp0006I 526875  Obj 1.3715405e+10 Primal inf 2.4930238e+09 (264638)
Clp0006I 527875  Obj 1.3725826e+10 Primal inf 2.0895786e+10 (294663)
Clp0006I 528875  Obj 1.3739142e+10 Primal inf 1.3823558e+10 (248780)
Clp0006I 529875  Obj 1.3745759e+10 Primal inf 4.73658e+10 (287325)
Clp0006I 530875  Obj 1.3756411e+10 Primal inf 1.6933837e+09 (259809)
Clp0006I 531875  Obj 1.3761669e+10 Primal inf 8.6605293e+09 (269666)
Clp0006I 532875  Obj 1.3766042e+10 Primal inf 4.217016e+09 (242001)
Clp0006I 533875  Obj 1.3774855e+10 Primal inf 9.716829e+09 (304175)
Clp0006I 534875  Obj 1.3791544e+10 Primal inf 1.295921e+11 (279964)
Clp0006I 535875  Obj 1.3808253e+10 Primal inf 1.2317949e+09 (240363)
Clp0006I 536875  Obj 1.3819365e+10 Primal inf 1.8817653e+10 (288069)
Clp0006I 537875  Obj 1.3826545e+10 Primal inf 7.4881447e+09 (285177)
Clp0006I 538875  Obj 1.3834917e+10 Primal inf 1.6991435e+12 (311532)
Clp0006I 539875  Obj 1.3847833e+10 Primal inf 1.5488942e+09 (214912)
Clp0006I 540875  Obj 1.3853241e+10 Primal inf 2.340764e+09 (234857)
Clp0006I 541875  Obj 1.3860512e+10 Primal inf 2.1187073e+10 (272564)
Clp0006I 542875  Obj 1.3873084e+10 Primal inf 1.3098726e+10 (285761)
Clp0006I 543875  Obj 1.3885919e+10 Primal inf 8.0876064e+09 (298811)
Clp0006I 544875  Obj 1.3899218e+10 Primal inf 4.2311228e+09 (254840)
Clp0006I 545875  Obj 1.3910759e+10 Primal inf 1.3971727e+11 (323448)
Clp0006I 546875  Obj 1.3916725e+10 Primal inf 1.0565573e+11 (271437)
Clp0006I 547875  Obj 1.3924225e+10 Primal inf 1.9663686e+09 (238074)
Clp0006I 548875  Obj 1.3929617e+10 Primal inf 5.678832e+10 (327234)
Clp0006I 549875  Obj 1.3935055e+10 Primal inf 6.3335904e+09 (282188)
Clp0006I 550875  Obj 1.3948514e+10 Primal inf 5.3848582e+09 (297021)
Clp0006I 551875  Obj 1.3964969e+10 Primal inf 2.4553539e+10 (308402)
Clp0006I 552875  Obj 1.3981638e+10 Primal inf 1.242474e+10 (245999)
Clp0006I 553875  Obj 1.4001203e+10 Primal inf 2.2701717e+09 (301661)
Clp0006I 554875  Obj 1.401025e+10 Primal inf 3.4728294e+09 (245979)
Clp0006I 555875  Obj 1.4023711e+10 Primal inf 7.144936e+09 (277038)
Clp0006I 556875  Obj 1.403793e+10 Primal inf 2.6711239e+10 (378237)
Clp0006I 557875  Obj 1.4049342e+10 Primal inf 1.222923e+10 (356411)
Clp0006I 558875  Obj 1.4059478e+10 Primal inf 1.1098162e+11 (328789)
Clp0006I 559875  Obj 1.4078551e+10 Primal inf 2.9062466e+10 (343473)
Clp0006I 560875  Obj 1.4088635e+10 Primal inf 5.1430348e+10 (313757)
Clp0006I 561875  Obj 1.4102161e+10 Primal inf 2.0977709e+10 (346687)
Clp0006I 562875  Obj 1.4111396e+10 Primal inf 7.4276144e+10 (368806)
Clp0006I 563875  Obj 1.4131577e+10 Primal inf 1.705309e+10 (334775)
Clp0006I 564875  Obj 1.4148441e+10 Primal inf 2.6171486e+10 (368683)
Clp0006I 565875  Obj 1.4160007e+10 Primal inf 5.6254683e+09 (292934)
Clp0006I 566875  Obj 1.4167852e+10 Primal inf 3.8784903e+10 (325524)
Clp0006I 567875  Obj 1.4253527e+10 Primal inf 6.1136301e+10 (316885)
Clp0006I 568875  Obj 1.4271396e+10 Primal inf 1.2179151e+11 (320390)
Clp0006I 569875  Obj 1.4282911e+10 Primal inf 1.1049467e+10 (314775)
Clp0006I 570875  Obj 1.429465e+10 Primal inf 2.7824314e+09 (273587)
Clp0006I 571875  Obj 1.4299972e+10 Primal inf 1.9941758e+10 (317129)
Clp0006I 572875  Obj 1.4342056e+10 Primal inf 5.8540696e+10 (388835)
Clp0006I 573875  Obj 1.43517e+10 Primal inf 1.8883664e+11 (304391)
Clp0006I 574875  Obj 1.4356204e+10 Primal inf 5.6395065e+11 (347817)
Clp0006I 575875  Obj 1.4367051e+10 Primal inf 1.774192e+10 (302290)
Clp0006I 576875  Obj 1.4376388e+10 Primal inf 1.1057483e+11 (327495)
Clp0006I 577875  Obj 1.4383727e+10 Primal inf 2.025748e+12 (324870)
Clp0006I 578875  Obj 1.4396675e+10 Primal inf 2.5057748e+10 (304327)
Clp0006I 579875  Obj 1.4404932e+10 Primal inf 6.1674998e+09 (289270)
Clp0006I 580875  Obj 1.4416677e+10 Primal inf 6.5541321e+10 (328591)
Clp0006I 581875  Obj 1.4425211e+10 Primal inf 2.2683014e+09 (289940)
Clp0006I 582875  Obj 1.4436349e+10 Primal inf 2.4124381e+10 (287333)
Clp0006I 583875  Obj 1.4450587e+10 Primal inf 2.7091915e+10 (337332)
Clp0006I 584875  Obj 1.4459839e+10 Primal inf 1.7442789e+10 (296136)
Clp0006I 585875  Obj 1.4467543e+10 Primal inf 8.2326967e+10 (277873)
Clp0006I 586875  Obj 1.4480339e+10 Primal inf 2.432658e+11 (285724)
Clp0006I 587875  Obj 1.4502041e+10 Primal inf 9.4232741e+11 (354589)
Clp0006I 588875  Obj 1.4514471e+10 Primal inf 4.5920476e+10 (299676)
Clp0006I 589875  Obj 1.4525314e+10 Primal inf 2.0545874e+11 (279202)
Clp0006I 590875  Obj 1.4535511e+10 Primal inf 2.0423039e+10 (339148)
Clp0006I 591875  Obj 1.4541451e+10 Primal inf 1.6735395e+11 (337016)
Clp0006I 592875  Obj 1.454949e+10 Primal inf 3.5077702e+10 (352824)
Clp0006I 593875  Obj 1.4566738e+10 Primal inf 8.3012252e+10 (314481)
Clp0006I 594875  Obj 1.457651e+10 Primal inf 3.1090423e+10 (360970)
Clp0006I 595875  Obj 1.4590489e+10 Primal inf 3.4257419e+10 (311255)
Clp0006I 596875  Obj 1.4600187e+10 Primal inf 5.663498e+09 (287476)
Clp0006I 597875  Obj 1.4612315e+10 Primal inf 3.4577989e+10 (302596)
Clp0006I 598875  Obj 1.4624348e+10 Primal inf 1.459638e+11 (372233)
Clp0006I 599875  Obj 1.4635564e+10 Primal inf 7.0771441e+10 (395097)
Clp0006I 600875  Obj 1.4650413e+10 Primal inf 3.5091614e+10 (342522)
Clp0006I 601875  Obj 1.4666764e+10 Primal inf 5.9479976e+10 (298262)
Clp0006I 602875  Obj 1.4685423e+10 Primal inf 3.9195278e+09 (305541)
Clp0006I 603875  Obj 1.470069e+10 Primal inf 5.1889825e+10 (356265)
Clp0006I 604596  Obj 1.4713766e+10 Primal inf 2.0422093e+12 (373067)
Clp0006I 605596  Obj 1.4727646e+10 Primal inf 2.1725505e+10 (316866)
Clp0006I 606596  Obj 1.4734878e+10 Primal inf 2.4230152e+10 (404483)
Clp0006I 607596  Obj 1.4741571e+10 Primal inf 1.096704e+11 (341710)
Clp0006I 608596  Obj 1.4750636e+10 Primal inf 2.7148843e+10 (336159)
Clp0006I 609596  Obj 1.475723e+10 Primal inf 3.1004596e+10 (305682)
Clp0006I 610596  Obj 1.4763835e+10 Primal inf 3.8437054e+10 (397840)
Clp0006I 611596  Obj 1.4774609e+10 Primal inf 9.3159657e+10 (378852)
Clp0006I 612596  Obj 1.4785519e+10 Primal inf 4.6170471e+10 (338989)
Clp0006I 613596  Obj 1.4792051e+10 Primal inf 8.4364891e+10 (325176)
Clp0006I 614596  Obj 1.4812784e+10 Primal inf 6.4632262e+10 (352055)
Clp0006I 615596  Obj 1.4820123e+10 Primal inf 3.4304806e+10 (313422)
Clp0006I 616596  Obj 1.4824364e+10 Primal inf 2.0783715e+10 (346343)
Clp0006I 617596  Obj 1.4829914e+10 Primal inf 1.5444724e+11 (327600)
Clp0006I 618596  Obj 1.484897e+10 Primal inf 8.7008135e+10 (394669)
Clp0006I 619596  Obj 1.4860027e+10 Primal inf 3.5818664e+09 (310422)
Clp0006I 620596  Obj 1.4876091e+10 Primal inf 4.5821046e+11 (347339)
Clp0006I 621596  Obj 1.4893996e+10 Primal inf 1.1302607e+11 (362438)
Clp0006I 622596  Obj 1.4912668e+10 Primal inf 1.6358987e+11 (317506)
Clp0006I 623596  Obj 1.493313e+10 Primal inf 2.0885067e+11 (341984)
Clp0006I 624596  Obj 1.4948693e+10 Primal inf 3.7256993e+12 (357119)
Clp0006I 625596  Obj 1.4961582e+10 Primal inf 1.3109335e+10 (274617)
Clp0006I 626596  Obj 1.4966249e+10 Primal inf 8.2314396e+10 (313524)
Clp0006I 627596  Obj 1.4977629e+10 Primal inf 5.8641029e+09 (317218)
Clp0006I 628596  Obj 1.4990371e+10 Primal inf 1.3591651e+12 (353481)
Clp0006I 629596  Obj 1.5001811e+10 Primal inf 1.2572865e+11 (340005)
Clp0006I 630596  Obj 1.5011584e+10 Primal inf 4.0128325e+10 (289368)
Clp0006I 631596  Obj 1.502772e+10 Primal inf 1.1303504e+11 (357188)
Clp0006I 632596  Obj 1.503492e+10 Primal inf 5.1216173e+09 (300900)
Clp0006I 633596  Obj 1.5045493e+10 Primal inf 7.5330313e+10 (339096)
Clp0006I 634596  Obj 1.5060417e+10 Primal inf 8.5634649e+10 (337487)
Clp0006I 635596  Obj 1.5070841e+10 Primal inf 6.1643663e+09 (328115)
Clp0006I 636596  Obj 1.5084494e+10 Primal inf 8.2531175e+10 (351591)
Clp0006I 637596  Obj 1.5093456e+10 Primal inf 2.1893849e+10 (280426)
Clp0006I 638596  Obj 1.5113363e+10 Primal inf 1.0972319e+10 (375168)
Clp0006I 639596  Obj 1.512493e+10 Primal inf 2.9118882e+10 (350957)
Clp0006I 640596  Obj 1.5142863e+10 Primal inf 1.1091032e+11 (368847)
Clp0006I 641596  Obj 1.5158016e+10 Primal inf 2.5902847e+10 (329163)
Clp0006I 642596  Obj 1.5173524e+10 Primal inf 2.8962364e+10 (291822)
Clp0006I 643596  Obj 1.51847e+10 Primal inf 7.5711111e+09 (313368)
Clp0006I 644596  Obj 1.5202486e+10 Primal inf 3.0050353e+10 (336127)
Clp0006I 645596  Obj 1.5223253e+10 Primal inf 1.4791537e+11 (359705)
Clp0006I 646596  Obj 1.5232375e+10 Primal inf 3.6595435e+10 (325839)
Clp0006I 647536  Obj 1.524728e+10 Primal inf 2.2643621e+10 (328169)
Clp0006I 648536  Obj 1.5265e+10 Primal inf 1.7755314e+11 (333108)
Clp0006I 649536  Obj 1.5281016e+10 Primal inf 2.6222073e+10 (349022)
Clp0006I 650536  Obj 1.5297403e+10 Primal inf 3.3303918e+10 (329781)
Clp0006I 651536  Obj 1.5311099e+10 Primal inf 6.8516886e+09 (294062)
Clp0006I 652536  Obj 1.532347e+10 Primal inf 4.5268035e+11 (309331)
Clp0006I 653536  Obj 1.5334794e+10 Primal inf 2.9394136e+10 (320284)
Clp0006I 654536  Obj 1.5351626e+10 Primal inf 2.4700814e+10 (381039)
Clp0006I 655424  Obj 1.5362025e+10 Primal inf 6.2009031e+10 (423853)
Clp0006I 656424  Obj 1.5370704e+10 Primal inf 4.9345048e+10 (360997)
Clp0006I 657424  Obj 1.5382484e+10 Primal inf 4.4042035e+10 (362000)
Clp0006I 658424  Obj 1.539806e+10 Primal inf 3.1991796e+10 (324792)
Clp0006I 659424  Obj 1.5409733e+10 Primal inf 2.3050924e+10 (378180)
Clp0006I 660424  Obj 1.5423277e+10 Primal inf 5.4284229e+09 (335512)
Clp0006I 661424  Obj 1.5434752e+10 Primal inf 1.1425243e+10 (357679)
Clp0006I 662424  Obj 1.5441355e+10 Primal inf 6.9685846e+09 (312200)
Clp0006I 663424  Obj 1.5455613e+10 Primal inf 1.1222143e+11 (339526)
Clp0006I 664424  Obj 1.5464241e+10 Primal inf 3.9144844e+10 (373518)
Clp0006I 665424  Obj 1.5473108e+10 Primal inf 2.4533858e+10 (360909)
Clp0006I 666424  Obj 1.5484903e+10 Primal inf 5.2754454e+09 (317422)
Clp0006I 667424  Obj 1.5508414e+10 Primal inf 6.1620355e+10 (394964)
Clp0006I 668424  Obj 1.5518546e+10 Primal inf 1.3340653e+11 (379027)
Clp0006I 669424  Obj 1.5531745e+10 Primal inf 3.3850158e+10 (351220)
Clp0006I 670424  Obj 1.5544411e+10 Primal inf 8.488451e+09 (320641)
Clp0006I 671424  Obj 1.5558645e+10 Primal inf 1.8707514e+10 (385458)
Clp0006I 672424  Obj 1.5566138e+10 Primal inf 1.2688106e+10 (352428)
Clp0006I 673424  Obj 1.5580739e+10 Primal inf 1.6478302e+10 (329291)
Clp0006I 674424  Obj 1.5589237e+10 Primal inf 2.4673955e+10 (340399)
Clp0006I 675424  Obj 1.5604408e+10 Primal inf 5.3675772e+10 (356450)
Clp0006I 676424  Obj 1.5621185e+10 Primal inf 8.9784617e+10 (401823)
Clp0006I 677424  Obj 1.5640041e+10 Primal inf 2.9547105e+10 (288796)
Clp0006I 678424  Obj 1.5658669e+10 Primal inf 9.8717974e+11 (310450)
Clp0006I 679424  Obj 1.568878e+10 Primal inf 1.1298884e+11 (327522)
Clp0006I 680424  Obj 1.5707291e+10 Primal inf 6.117804e+09 (279825)
Clp0006I 681424  Obj 1.5723128e+10 Primal inf 9.6266523e+10 (372739)
Clp0006I 682424  Obj 1.573941e+10 Primal inf 1.0716963e+10 (415543)
Clp0006I 683424  Obj 1.575376e+10 Primal inf 3.0428138e+10 (369598)
Clp0006I 684424  Obj 1.5773518e+10 Primal inf 3.2145027e+11 (405730)
Clp0006I 685424  Obj 1.5787321e+10 Primal inf 3.3254002e+10 (409152)
Clp0006I 686424  Obj 1.5797436e+10 Primal inf 6.4530021e+10 (349433)
Clp0006I 687424  Obj 1.5811652e+10 Primal inf 3.0432101e+10 (395794)
Clp0006I 688424  Obj 1.5830654e+10 Primal inf 2.8230299e+11 (284023)
Clp0006I 689424  Obj 1.5850392e+10 Primal inf 6.2198646e+11 (423070)
Clp0006I 690424  Obj 1.5871528e+10 Primal inf 8.1395868e+10 (338467)
Clp0006I 691424  Obj 1.5914764e+10 Primal inf 7.364719e+10 (378406)
Clp0006I 692424  Obj 1.5929981e+10 Primal inf 1.4145113e+10 (366643)
Clp0006I 693424  Obj 1.594504e+10 Primal inf 6.9128112e+10 (341361)
Clp0006I 694424  Obj 1.5953589e+10 Primal inf 1.3301376e+12 (332043)
Clp0006I 695424  Obj 1.5963386e+10 Primal inf 2.5206744e+11 (390085)
Clp0006I 696159  Obj 1.5971715e+10 Primal inf 4.8311245e+10 (284152)
Clp0006I 697159  Obj 1.5984792e+10 Primal inf 5.8125104e+11 (397686)
Clp0006I 698159  Obj 1.5998008e+10 Primal inf 1.1140238e+11 (330869)
Clp0006I 699159  Obj 1.6006031e+10 Primal inf 3.6237563e+09 (311830)
Clp0006I 700159  Obj 1.6016982e+10 Primal inf 3.7994506e+10 (323835)
Clp0006I 701159  Obj 1.6026886e+10 Primal inf 2.3491835e+11 (402161)
Clp0006I 702159  Obj 1.6037211e+10 Primal inf 1.0215937e+11 (350807)
Clp0006I 703159  Obj 1.6053146e+10 Primal inf 1.6276686e+10 (341257)
Clp0006I 704159  Obj 1.6064212e+10 Primal inf 1.4039486e+12 (433890)
Clp0006I 705159  Obj 1.6101019e+10 Primal inf 4.4276304e+10 (327005)
Clp0006I 706159  Obj 1.6126519e+10 Primal inf 1.4132636e+11 (317417)
Clp0006I 707159  Obj 1.6143278e+10 Primal inf 9.4393299e+10 (375995)
Clp0006I 708159  Obj 1.6165521e+10 Primal inf 1.4348033e+11 (308614)
Clp0006I 709159  Obj 1.6182227e+10 Primal inf 6.8367683e+09 (344055) Dual inf 5.0828599e-15 (1)
Clp0006I 710159  Obj 1.62005e+10 Primal inf 6.5135022e+10 (419488)
Clp0006I 711159  Obj 1.6222973e+10 Primal inf 8.0507332e+09 (395203)
Clp0006I 712159  Obj 1.6240272e+10 Primal inf 1.1247169e+12 (351034)
Clp0006I 713134  Obj 1.6264057e+10 Primal inf 1.5999434e+12 (378528)
Clp0006I 714134  Obj 1.628908e+10 Primal inf 7.321798e+10 (334949)
Clp0006I 715134  Obj 1.6298535e+10 Primal inf 2.0488693e+10 (394209)
Clp0006I 716134  Obj 1.6307669e+10 Primal inf 2.6004789e+11 (389143)
Clp0006I 717134  Obj 1.6316182e+10 Primal inf 4.1131208e+10 (371175)
Clp0006I 718134  Obj 1.6327046e+10 Primal inf 2.1372695e+10 (337698)
Clp0006I 719134  Obj 1.6336542e+10 Primal inf 5.3378301e+10 (365604)
Clp0006I 720134  Obj 1.6347779e+10 Primal inf 4.8754414e+10 (363404)
Clp0006I 721134  Obj 1.6353179e+10 Primal inf 7.907888e+10 (322333)
Clp0006I 722134  Obj 1.6365145e+10 Primal inf 2.1796412e+11 (375357)
Clp0006I 723134  Obj 1.6380755e+10 Primal inf 2.6793224e+11 (395961)
Clp0006I 724134  Obj 1.6391398e+10 Primal inf 3.5567463e+10 (407268)
Clp0006I 725134  Obj 1.6404217e+10 Primal inf 3.7567194e+10 (342358)
Clp0006I 726134  Obj 1.6419884e+10 Primal inf 2.4828845e+11 (422770)
Clp0006I 727134  Obj 1.6434314e+10 Primal inf 1.6877991e+10 (371100)
Clp0006I 728134  Obj 1.6445468e+10 Primal inf 1.1230728e+11 (397386)
Clp0006I 729134  Obj 1.6458196e+10 Primal inf 4.8143062e+11 (356198)
Clp0006I 730134  Obj 1.6471603e+10 Primal inf 1.9751155e+10 (397295)
Clp0006I 731134  Obj 1.648325e+10 Primal inf 7.633007e+09 (268764)
Clp0006I 732134  Obj 1.6499896e+10 Primal inf 7.5850088e+10 (322736)
Clp0006I 733134  Obj 1.6509295e+10 Primal inf 8.1488197e+10 (366228)
Clp0006I 734134  Obj 1.6520335e+10 Primal inf 8.294666e+10 (342764)
Clp0006I 735134  Obj 1.6529192e+10 Primal inf 3.0371945e+10 (384007)
Clp0006I 736134  Obj 1.6542299e+10 Primal inf 6.7884996e+10 (419082)
Clp0006I 737134  Obj 1.6554677e+10 Primal inf 2.8926939e+10 (404085)
Clp0006I 738134  Obj 1.6565397e+10 Primal inf 8.5239844e+10 (317888)
Clp0006I 739134  Obj 1.6658365e+10 Primal inf 1.5604006e+11 (335060)
Clp0006I 740134  Obj 1.6665957e+10 Primal inf 2.7224966e+10 (330757)
Clp0006I 741134  Obj 1.6677913e+10 Primal inf 6.8102992e+09 (311319)
Clp0006I 742134  Obj 1.6690226e+10 Primal inf 1.2897944e+10 (358801)
Clp0006I 743134  Obj 1.6701722e+10 Primal inf 7.6431889e+10 (331218)
Clp0006I 744134  Obj 1.6709737e+10 Primal inf 2.5902359e+11 (373159)
Clp0006I 745134  Obj 1.6722059e+10 Primal inf 1.7366856e+11 (370130)
Clp0006I 746134  Obj 1.6739008e+10 Primal inf 1.1270397e+11 (390492)
Clp0006I 747134  Obj 1.6750736e+10 Primal inf 9.3322498e+10 (384430)
Clp0006I 748134  Obj 1.6767576e+10 Primal inf 1.4214044e+11 (329189)
Clp0006I 749134  Obj 1.6786503e+10 Primal inf 1.1552913e+11 (389816)
Clp0006I 750134  Obj 1.6798264e+10 Primal inf 3.0495772e+10 (405403)
Clp0006I 751134  Obj 1.6813812e+10 Primal inf 5.9116603e+10 (409383)
Clp0006I 752134  Obj 1.6831603e+10 Primal inf 7.8717496e+11 (405392)
Clp0006I 752911  Obj 1.6838282e+10 Primal inf 5.3854015e+10 (352246)
Clp0006I 753911  Obj 1.6846988e+10 Primal inf 8.283625e+10 (431475)
Clp0006I 754911  Obj 1.6859142e+10 Primal inf 1.8772785e+10 (375972)
Clp0006I 755911  Obj 1.6871164e+10 Primal inf 1.8971441e+10 (334773)
Clp0006I 756911  Obj 1.6880555e+10 Primal inf 3.9297361e+10 (339396)
Clp0006I 757911  Obj 1.6894792e+10 Primal inf 1.9668513e+10 (357938)
Clp0006I 758911  Obj 1.6906469e+10 Primal inf 4.4337579e+10 (299885)
Clp0006I 759911  Obj 1.6919443e+10 Primal inf 6.337707e+09 (341804)
Clp0006I 760911  Obj 1.6930441e+10 Primal inf 5.3269684e+10 (315088)
Clp0006I 761911  Obj 1.6942584e+10 Primal inf 2.9551432e+10 (337064)
Clp0006I 762911  Obj 1.6952482e+10 Primal inf 7.2017583e+10 (349182)
Clp0006I 763911  Obj 1.6972467e+10 Primal inf 3.6734588e+11 (315021)
Clp0006I 764911  Obj 1.7009212e+10 Primal inf 4.5063362e+09 (294107)
Clp0006I 765911  Obj 1.703181e+10 Primal inf 8.5926889e+11 (346170)
Clp0006I 766911  Obj 1.7045464e+10 Primal inf 6.3790523e+09 (364387)
Clp0006I 767911  Obj 1.7062711e+10 Primal inf 8.2404803e+09 (348995)
Clp0006I 768911  Obj 1.7084972e+10 Primal inf 2.673708e+11 (410575)
Clp0006I 769911  Obj 1.7135751e+10 Primal inf 1.707392e+11 (409180)
Clp0006I 770911  Obj 1.7165671e+10 Primal inf 1.1664935e+11 (433968)
Clp0006I 771911  Obj 1.7199826e+10 Primal inf 1.0463385e+12 (308737)
Clp0006I 772911  Obj 1.7225599e+10 Primal inf 2.8260753e+11 (318722)
Clp0006I 773574  Obj 1.7230472e+10 Primal inf 4.3354991e+09 (278388)
Clp0006I 774574  Obj 1.7233718e+10 Primal inf 4.6292151e+09 (324574)
Clp0006I 775574  Obj 1.7243155e+10 Primal inf 8.792639e+09 (293001)
Clp0006I 776574  Obj 1.7250545e+10 Primal inf 2.4976005e+10 (332100)
Clp0006I 777574  Obj 1.7257913e+10 Primal inf 1.2150408e+11 (401348)
Clp0006I 778574  Obj 1.7265895e+10 Primal inf 1.2785112e+11 (369881)
Clp0006I 779574  Obj 1.7270947e+10 Primal inf 6.0103467e+09 (303682)
Clp0006I 780574  Obj 1.7276522e+10 Primal inf 9.1598403e+10 (366064)
Clp0006I 781574  Obj 1.7285821e+10 Primal inf 5.3488205e+10 (358635)
Clp0006I 782574  Obj 1.7295306e+10 Primal inf 4.1924718e+09 (303807)
Clp0006I 783574  Obj 1.7303907e+10 Primal inf 4.8877076e+11 (411474)
Clp0006I 784574  Obj 1.7312026e+10 Primal inf 6.4572984e+10 (331942)
Clp0006I 785574  Obj 1.7322218e+10 Primal inf 2.4976335e+10 (357901)
Clp0006I 786574  Obj 1.7331224e+10 Primal inf 2.9760062e+11 (335760)
Clp0006I 787574  Obj 1.7338856e+10 Primal inf 2.2946802e+10 (319925)
Clp0006I 788574  Obj 1.7346962e+10 Primal inf 3.1304722e+10 (276262)
Clp0006I 789574  Obj 1.7354235e+10 Primal inf 1.9952904e+10 (286294)
Clp0006I 790574  Obj 1.7362436e+10 Primal inf 5.7387614e+10 (313926)
Clp0006I 791574  Obj 1.7374116e+10 Primal inf 1.9226709e+11 (340925)
Clp0006I 792574  Obj 1.7377447e+10 Primal inf 2.2841944e+10 (273092)
Clp0006I 793574  Obj 1.7380796e+10 Primal inf 3.3523536e+09 (253607)
Clp0006I 794574  Obj 1.738729e+10 Primal inf 1.9932345e+10 (367277)
Clp0006I 795574  Obj 1.7398406e+10 Primal inf 2.1326446e+10 (349675)
Clp0006I 796574  Obj 1.7408549e+10 Primal inf 5.6578755e+09 (346930)
Clp0006I 797574  Obj 1.741592e+10 Primal inf 5.730536e+10 (329161)
Clp0006I 798574  Obj 1.7422729e+10 Primal inf 1.864073e+11 (340543)
Clp0006I 799574  Obj 1.7437081e+10 Primal inf 3.4575675e+11 (349848)
Clp0006I 800528  Obj 1.7446465e+10 Primal inf 5.3673191e+10 (374528)
Clp0006I 801528  Obj 1.7457503e+10 Primal inf 1.5819243e+10 (305085)
Clp0006I 802528  Obj 1.7468283e+10 Primal inf 2.129721e+10 (274603)
Clp0006I 803528  Obj 1.7479575e+10 Primal inf 1.4394143e+10 (299952)
Clp0006I 804528  Obj 1.7488918e+10 Primal inf 2.2755409e+10 (326816)
Clp0006I 805528  Obj 1.7497246e+10 Primal inf 2.3883399e+10 (367302)
Clp0006I 806528  Obj 1.7511815e+10 Primal inf 9.7148458e+09 (331251)
Clp0006I 807528  Obj 1.7520068e+10 Primal inf 1.1332274e+10 (350543)
Clp0006I 808528  Obj 1.7528044e+10 Primal inf 1.5365725e+10 (387197)
Clp0006I 809528  Obj 1.7537922e+10 Primal inf 5.5091075e+10 (369333)
Clp0006I 810528  Obj 1.75502e+10 Primal inf 2.8196963e+10 (309230)
Clp0006I 811528  Obj 1.7575451e+10 Primal inf 3.6258392e+10 (339744)
Clp0006I 812528  Obj 1.7585774e+10 Primal inf 1.9270223e+10 (393889)
Clp0006I 813528  Obj 1.7593086e+10 Primal inf 3.0205869e+10 (418462)
Clp0006I 814528  Obj 1.7606049e+10 Primal inf 3.9041603e+09 (377434)
Clp0006I 815334  Obj 1.7613611e+10 Primal inf 1.0748189e+11 (359820)
Clp0006I 816334  Obj 1.7619228e+10 Primal inf 8.073159e+10 (344953)
Clp0006I 817334  Obj 1.7628996e+10 Primal inf 2.4258206e+11 (366972)
Clp0006I 818334  Obj 1.7648093e+10 Primal inf 9.631353e+10 (381567)
Clp0006I 819334  Obj 1.7659578e+10 Primal inf 2.0169972e+11 (404764)
Clp0006I 820334  Obj 1.7665794e+10 Primal inf 3.654364e+10 (347822)
Clp0006I 821334  Obj 1.7671928e+10 Primal inf 1.3550386e+10 (292831)
Clp0006I 822334  Obj 1.7680081e+10 Primal inf 2.2919725e+09 (302113)
Clp0006I 823213  Obj 1.7687061e+10 Primal inf 6.8919527e+09 (279897)
Clp0006I 824213  Obj 1.7700158e+10 Primal inf 2.518022e+10 (404431)
Clp0006I 825213  Obj 1.7710736e+10 Primal inf 3.3868758e+09 (364510)
Clp0006I 826213  Obj 1.7720975e+10 Primal inf 6.5547073e+09 (291638)
Clp0006I 827213  Obj 1.7730613e+10 Primal inf 3.5921191e+09 (304773)
Clp0006I 828213  Obj 1.7739887e+10 Primal inf 4.9764165e+09 (336084)
Clp0006I 829213  Obj 1.7749137e+10 Primal inf 3.4913988e+10 (348795)
Clp0006I 830213  Obj 1.775769e+10 Primal inf 1.6679103e+10 (331973)
Clp0006I 831213  Obj 1.7768636e+10 Primal inf 1.2380093e+09 (291212)
Clp0006I 832213  Obj 1.7778657e+10 Primal inf 1.5056679e+11 (317338)
Clp0006I 833213  Obj 1.7787438e+10 Primal inf 5.8409321e+10 (384203)
Clp0006I 834213  Obj 1.7795869e+10 Primal inf 2.4375266e+10 (359598)
Clp0006I 835213  Obj 1.7805751e+10 Primal inf 7.0855236e+10 (350478)
Clp0006I 836094  Obj 1.7814e+10 Primal inf 3.3546645e+11 (362413)
Clp0006I 837094  Obj 1.782262e+10 Primal inf 1.7511309e+11 (384530)
Clp0006I 838094  Obj 1.783136e+10 Primal inf 5.0010026e+09 (302433)
Clp0006I 839094  Obj 1.7841274e+10 Primal inf 6.0196963e+09 (335650)
Clp0006I 840094  Obj 1.7849951e+10 Primal inf 5.5260308e+10 (343785)
Clp0006I 841094  Obj 1.7857271e+10 Primal inf 4.4886904e+09 (344781)
Clp0006I 842094  Obj 1.7864136e+10 Primal inf 7.6087349e+09 (343018)
Clp0006I 843094  Obj 1.7870785e+10 Primal inf 7.0898287e+10 (346073)
Clp0006I 844094  Obj 1.7879892e+10 Primal inf 2.8426711e+10 (337139)
Clp0006I 845094  Obj 1.7884995e+10 Primal inf 9.2912716e+09 (314741)
Clp0006I 846094  Obj 1.7892222e+10 Primal inf 1.5858195e+10 (375334)
Clp0006I 847094  Obj 1.7906729e+10 Primal inf 6.1719089e+09 (321218)
Clp0006I 848094  Obj 1.7913531e+10 Primal inf 2.0998667e+10 (315991)
Clp0006I 849094  Obj 1.7918954e+10 Primal inf 1.2169154e+10 (346552)
Clp0006I 850094  Obj 1.792852e+10 Primal inf 5.2583452e+10 (352862)
Clp0006I 851094  Obj 1.7935424e+10 Primal inf 3.9685058e+10 (347993)
Clp0006I 852094  Obj 1.7941707e+10 Primal inf 1.404549e+10 (356729)
Clp0006I 853094  Obj 1.7948961e+10 Primal inf 3.4711122e+10 (362251)
Clp0006I 854064  Obj 1.7956188e+10 Primal inf 5.7637945e+10 (365984)
Clp0006I 854697  Obj 1.7961752e+10 Primal inf 5.316411e+12 (351693)
Clp0006I 855697  Obj 1.7970097e+10 Primal inf 5.8570056e+09 (330800)
Clp0006I 856697  Obj 1.7977103e+10 Primal inf 1.6234706e+09 (269809)
Clp0006I 857697  Obj 1.7982002e+10 Primal inf 5.603096e+10 (335132)
Clp0006I 858697  Obj 1.798814e+10 Primal inf 2.2998803e+09 (334470)
Clp0006I 859697  Obj 1.7993687e+10 Primal inf 5.1592313e+10 (431585)
Clp0006I 860402  Obj 1.8002073e+10 Primal inf 1.1219333e+11 (361063)
Clp0006I 861402  Obj 1.8018071e+10 Primal inf 4.6467181e+10 (354187)
Clp0006I 862402  Obj 1.8028324e+10 Primal inf 1.0136646e+10 (360458)
Clp0006I 863402  Obj 1.8035934e+10 Primal inf 7.9268976e+09 (381238)
Clp0006I 864402  Obj 1.804187e+10 Primal inf 1.5124517e+10 (369288)
Clp0006I 865402  Obj 1.8047962e+10 Primal inf 2.0405834e+09 (288795)
Clp0006I 866402  Obj 1.8053316e+10 Primal inf 8.0677773e+09 (311838)
Clp0006I 867402  Obj 1.805897e+10 Primal inf 1.352838e+10 (344863)
Clp0006I 868402  Obj 1.8066933e+10 Primal inf 6.4219508e+10 (399948)
Clp0006I 869402  Obj 1.8074369e+10 Primal inf 1.9869184e+09 (255790)
Clp0006I 870402  Obj 1.8082689e+10 Primal inf 6.4181866e+09 (374564)
Clp0006I 871402  Obj 1.8089373e+10 Primal inf 1.3478313e+10 (346598)
Clp0006I 872402  Obj 1.8093719e+10 Primal inf 4.5383048e+09 (324017)
Clp0006I 873402  Obj 1.8103872e+10 Primal inf 8.1527394e+09 (315591)
Clp0006I 874402  Obj 1.8115449e+10 Primal inf 3.5095938e+10 (324275)
Clp0006I 875402  Obj 1.8119645e+10 Primal inf 4.9893048e+09 (375329)
Clp0006I 876402  Obj 1.8125313e+10 Primal inf 1.5729274e+09 (286946)
Clp0006I 877402  Obj 1.8134436e+10 Primal inf 5.6927319e+09 (304160)
Clp0006I 878402  Obj 1.8141592e+10 Primal inf 1.1632851e+10 (340614)
Clp0006I 879402  Obj 1.8159746e+10 Primal inf 1.5532742e+10 (334824)
Clp0006I 880402  Obj 1.816525e+10 Primal inf 8.5863104e+09 (315044)
Clp0006I 881402  Obj 1.8169171e+10 Primal inf 1.0233585e+10 (351337)
Clp0006I 882402  Obj 1.8182389e+10 Primal inf 5.2170522e+08 (267217)
Clp0006I 883402  Obj 1.8195275e+10 Primal inf 4.0177974e+09 (344240)
Clp0006I 884402  Obj 1.8199405e+10 Primal inf 1.3626573e+10 (356034)
Clp0006I 885402  Obj 1.8204692e+10 Primal inf 6.7304563e+09 (326817)
Clp0006I 886402  Obj 1.8209055e+10 Primal inf 1.55688e+09 (318306)
Clp0006I 887402  Obj 1.8215501e+10 Primal inf 2.3377024e+10 (372805)
Clp0006I 888402  Obj 1.8235669e+10 Primal inf 3.6947883e+09 (326027)
Clp0006I 889402  Obj 1.8244605e+10 Primal inf 4.8036839e+09 (365445)
Clp0006I 890402  Obj 1.824833e+10 Primal inf 5.8691747e+09 (303207)
Clp0006I 891402  Obj 1.825123e+10 Primal inf 3.9493891e+09 (365231)
Clp0006I 892402  Obj 1.8256631e+10 Primal inf 4.6746982e+09 (332617)
Clp0006I 893402  Obj 1.8262946e+10 Primal inf 1.7811574e+09 (349335)
Clp0006I 894402  Obj 1.827197e+10 Primal inf 7.9845782e+08 (257493)
Clp0006I 895402  Obj 1.8298206e+10 Primal inf 1.5183662e+09 (323109)
Clp0006I 896402  Obj 1.8326691e+10 Primal inf 3.1149906e+08 (270893)
Clp0006I 897402  Obj 1.8344967e+10 Primal inf 5.9140761e+09 (328577)
Clp0006I 898402  Obj 1.836884e+10 Primal inf 7.7570069e+09 (292710)
Clp0006I 899402  Obj 1.8373133e+10 Primal inf 5.7399517e+09 (319990)
Clp0006I 900402  Obj 1.8390643e+10 Primal inf 2.7310291e+09 (300509)
Clp0006I 901043  Obj 1.8393082e+10 Primal inf 2.443396e+10 (317081)
Clp0006I 902043  Obj 1.8401744e+10 Primal inf 8.8066643e+08 (296846)
Clp0006I 903043  Obj 1.8414409e+10 Primal inf 1.3162464e+09 (346432)
Clp0006I 904043  Obj 1.8419211e+10 Primal inf 3.0182851e+09 (331328)
Clp0006I 905043  Obj 1.842479e+10 Primal inf 1.944382e+09 (233452)
Clp0006I 906043  Obj 1.8431563e+10 Primal inf 6.4294925e+10 (326488)
Clp0006I 907043  Obj 1.8439066e+10 Primal inf 5.2910067e+08 (234504)
Clp0006I 908043  Obj 1.8458829e+10 Primal inf 1.5247681e+10 (331153)
Clp0006I 909043  Obj 1.848374e+10 Primal inf 5.0118839e+09 (272390)
Clp0006I 910043  Obj 1.8496108e+10 Primal inf 1.1229976e+09 (290782)
Clp0006I 911043  Obj 1.8513132e+10 Primal inf 3.9434155e+08 (286112)
Clp0006I 912043  Obj 1.8527259e+10 Primal inf 1.094832e+10 (316648)
Clp0006I 913043  Obj 1.8548606e+10 Primal inf 2.8449941e+10 (261870)
Clp0006I 914043  Obj 1.856342e+10 Primal inf 1.6875345e+10 (332684)
Clp0006I 915043  Obj 1.8566497e+10 Primal inf 1.169244e+10 (338463)
Clp0006I 916043  Obj 1.8570394e+10 Primal inf 2.6751451e+09 (307252)
Clp0006I 917043  Obj 1.8574454e+10 Primal inf 9.208444e+10 (349066)
Clp0006I 918043  Obj 1.860478e+10 Primal inf 3.8988277e+09 (276149)
Clp0006I 919043  Obj 1.8611446e+10 Primal inf 1.6468247e+09 (256486)
Clp0006I 920043  Obj 1.8620683e+10 Primal inf 2.1481455e+09 (302249)
Clp0006I 921043  Obj 1.862362e+10 Primal inf 5.0002875e+10 (280676)
Clp0006I 922043  Obj 1.8627977e+10 Primal inf 2.6065382e+09 (308921)
Clp0006I 923043  Obj 1.8631268e+10 Primal inf 1.7494456e+10 (346123)
Clp0006I 924043  Obj 1.8633473e+10 Primal inf 1.3234393e+10 (310422)
Clp0006I 925043  Obj 1.8636514e+10 Primal inf 1.2398236e+10 (299672)
Clp0006I 926043  Obj 1.864523e+10 Primal inf 4.9140381e+10 (329858)
Clp0006I 927043  Obj 1.8653956e+10 Primal inf 7.6120976e+08 (242756)
Clp0006I 927864  Obj 1.8662064e+10 Primal inf 4.8544132e+11 (335927)
Clp0006I 928535  Obj 1.8665518e+10 Primal inf 3.4463419e+09 (282654)
Clp0006I 929535  Obj 1.8669978e+10 Primal inf 2.7171411e+09 (286781)
Clp0006I 930535  Obj 1.8680309e+10 Primal inf 9.6449332e+08 (265574)
Clp0006I 931535  Obj 1.8687176e+10 Primal inf 3.4268248e+09 (344936)
Clp0006I 932535  Obj 1.8690823e+10 Primal inf 5.5318425e+08 (305059)
Clp0006I 933535  Obj 1.8718635e+10 Primal inf 1.2234018e+09 (245031)
Clp0006I 934535  Obj 1.8750095e+10 Primal inf 1.7079221e+08 (214256)
Clp0006I 935535  Obj 1.8761788e+10 Primal inf 3.7832601e+08 (318668)
Clp0006I 936535  Obj 1.8778924e+10 Primal inf 2.2341045e+09 (343645)
Clp0006I 937535  Obj 1.8790855e+10 Primal inf 3.0289365e+09 (325036)
Clp0006I 938535  Obj 1.8794962e+10 Primal inf 1.3809493e+10 (352504)
Clp0006I 939535  Obj 1.880079e+10 Primal inf 6.4433336e+10 (292949)
Clp0006I 940535  Obj 1.8807958e+10 Primal inf 2.885429e+09 (178305)
Clp0006I 941535  Obj 1.8821701e+10 Primal inf 4.3869384e+08 (230902)
Clp0006I 942535  Obj 1.88473e+10 Primal inf 1.7080701e+09 (192177)
Clp0006I 943535  Obj 1.8860223e+10 Primal inf 2.8758403e+08 (214422)
Clp0006I 944535  Obj 1.886899e+10 Primal inf 6.6567482e+08 (218631)
Clp0006I 945535  Obj 1.8875374e+10 Primal inf 48361272 (148007)
Clp0006I 946535  Obj 1.8881328e+10 Primal inf 2.2078969e+09 (229673)
Clp0006I 947535  Obj 1.8888292e+10 Primal inf 1.673281e+09 (280753)
Clp0006I 948535  Obj 1.8892714e+10 Primal inf 3.4095981e+09 (227464)
Clp0006I 949535  Obj 1.8899973e+10 Primal inf 8.526415e+09 (288277)
Clp0006I 950535  Obj 1.8904837e+10 Primal inf 1.8437075e+09 (253784)
Clp0006I 951535  Obj 1.8909404e+10 Primal inf 9.5624014e+08 (334577)
Clp0006I 952535  Obj 1.8920351e+10 Primal inf 6.7973204e+08 (306456)
Clp0006I 953535  Obj 1.8940169e+10 Primal inf 6.0306537e+08 (277251)
Clp0006I 954535  Obj 1.8956807e+10 Primal inf 2.3142397e+08 (214692)
Clp0006I 955535  Obj 1.8970162e+10 Primal inf 2.6428419e+08 (218182)
Clp0006I 956535  Obj 1.8983087e+10 Primal inf 8.3323715e+08 (228910)
Clp0006I 957535  Obj 1.8991042e+10 Primal inf 4.4657488e+08 (268263)
Clp0006I 958535  Obj 1.899912e+10 Primal inf 2.4770319e+09 (300280)
Clp0006I 959535  Obj 1.9004194e+10 Primal inf 1.0049421e+09 (287276)
Clp0006I 960535  Obj 1.9006438e+10 Primal inf 3.751433e+09 (308929)
Clp0006I 961535  Obj 1.900977e+10 Primal inf 1.1486365e+09 (267489)
Clp0006I 962535  Obj 1.9015665e+10 Primal inf 4.4572117e+09 (299285)
Clp0006I 963535  Obj 1.9017449e+10 Primal inf 2.2943819e+09 (235956)
Clp0006I 964535  Obj 1.9019491e+10 Primal inf 1.7873202e+08 (180992)
Clp0006I 965081  Obj 1.9020955e+10 Primal inf 7.1551631e+10 (308178)
Clp0006I 966081  Obj 1.9023092e+10 Primal inf 3.8142437e+09 (284401)
Clp0006I 967081  Obj 1.9026131e+10 Primal inf 8.6601156e+08 (186903)
Clp0006I 968081  Obj 1.9030216e+10 Primal inf 1.3600335e+09 (263109)
Clp0006I 969081  Obj 1.9032993e+10 Primal inf 2.1146291e+09 (326655)
Clp0006I 970081  Obj 1.9035816e+10 Primal inf 1.5933586e+09 (227369)
Clp0006I 971081  Obj 1.903925e+10 Primal inf 2.4852993e+09 (263898)
Clp0006I 972081  Obj 1.9042236e+10 Primal inf 6.4203559e+08 (189720)
Clp0006I 973081  Obj 1.9044928e+10 Primal inf 6.577336e+10 (295228)
Clp0006I 974081  Obj 1.9049443e+10 Primal inf 1.6186431e+10 (239977)
Clp0006I 975081  Obj 1.9054813e+10 Primal inf 3.7141741e+09 (223664)
Clp0006I 976081  Obj 1.9061031e+10 Primal inf 2.5316408e+10 (245926)
Clp0006I 977081  Obj 1.9067507e+10 Primal inf 3.1822254e+10 (242540)
Clp0006I 978081  Obj 1.9071859e+10 Primal inf 4.3786891e+08 (198932)
Clp0006I 979081  Obj 1.9074599e+10 Primal inf 1.9095206e+09 (205488)
Clp0006I 979865  Obj 1.9077243e+10 Primal inf 1.4533321e+09 (235408)
Clp0006I 980865  Obj 1.9079313e+10 Primal inf 2.4478827e+10 (320183)
Clp0006I 981865  Obj 1.9083341e+10 Primal inf 1.7772919e+10 (283090)
Clp0006I 982865  Obj 1.9089503e+10 Primal inf 4.4180234e+08 (202156)
Clp0006I 983865  Obj 1.9095656e+10 Primal inf 1.7938108e+08 (210801)
Clp0006I 984865  Obj 1.9098413e+10 Primal inf 2.8620701e+08 (267326)
Clp0006I 985865  Obj 1.9104678e+10 Primal inf 4.1881255e+08 (274383)
Clp0006I 986865  Obj 1.9108839e+10 Primal inf 1.0917989e+09 (297285)
Clp0006I 987865  Obj 1.9111297e+10 Primal inf 6.7063512e+08 (180328)
Clp0006I 988865  Obj 1.9112713e+10 Primal inf 1.9443982e+09 (220274)
Clp0006I 989865  Obj 1.9115494e+10 Primal inf 7.4670682e+08 (157994)
Clp0006I 990865  Obj 1.9119248e+10 Primal inf 1.0687786e+09 (170546)
Clp0006I 991865  Obj 1.9125131e+10 Primal inf 8.3448326e+08 (235726)
Clp0006I 992865  Obj 1.9130602e+10 Primal inf 2.7476373e+09 (228547)
Clp0006I 993865  Obj 1.9134736e+10 Primal inf 1.1697326e+09 (248432)
Clp0006I 994865  Obj 1.9137813e+10 Primal inf 5.2168114e+08 (277643)
Clp0006I 995865  Obj 1.9138981e+10 Primal inf 5.9756622e+09 (248406)
Clp0006I 996773  Obj 1.914068e+10 Primal inf 1.0062339e+11 (255106)
Clp0006I 997670  Obj 1.9141667e+10 Primal inf 1.483388e+09 (302099)
Clp0006I 998670  Obj 1.9143191e+10 Primal inf 8.8270191e+08 (180498)
Clp0006I 999670  Obj 1.9145171e+10 Primal inf 1.4297439e+09 (241980)
Clp0006I 1000629  Obj 1.9146673e+10 Primal inf 2.9725238e+10 (222838)
Clp0006I 1001629  Obj 1.9148676e+10 Primal inf 1.8445735e+08 (203444)
Clp0006I 1002629  Obj 1.9150419e+10 Primal inf 1.7094891e+08 (167310)
Clp0006I 1003629  Obj 1.9152308e+10 Primal inf 5.7037813e+08 (224128)
Clp0006I 1004629  Obj 1.9155421e+10 Primal inf 5.1124478e+08 (236224)
Clp0006I 1005629  Obj 1.9157842e+10 Primal inf 6.9088008e+08 (273419)
Clp0006I 1006629  Obj 1.9159627e+10 Primal inf 8.681819e+10 (341996)
Clp0006I 1007629  Obj 1.916168e+10 Primal inf 1.2710146e+11 (289628)
Clp0006I 1008629  Obj 1.9163536e+10 Primal inf 1.6518916e+10 (266696)
Clp0006I 1009629  Obj 1.9165357e+10 Primal inf 2.6648181e+08 (183799)
Clp0006I 1010629  Obj 1.9167872e+10 Primal inf 2.0391766e+10 (227054)
Clp0006I 1011629  Obj 1.9169833e+10 Primal inf 7.0872049e+10 (260808)
Clp0006I 1012629  Obj 1.9172484e+10 Primal inf 2.2241182e+10 (279753)
Clp0006I 1013629  Obj 1.9174419e+10 Primal inf 6.424702e+09 (256998)
Clp0006I 1014629  Obj 1.9175889e+10 Primal inf 1.5179666e+08 (156113)
Clp0006I 1015629  Obj 1.9176629e+10 Primal inf 2.9964026e+08 (228603)
Clp0006I 1016629  Obj 1.9177568e+10 Primal inf 7.4128135e+08 (285476)
Clp0006I 1017629  Obj 1.9178368e+10 Primal inf 2.8153695e+08 (271964)
Clp0006I 1018629  Obj 1.9179608e+10 Primal inf 5.83618e+09 (269836)
Clp0006I 1019629  Obj 1.918123e+10 Primal inf 5.2067174e+08 (182002)
Clp0006I 1020379  Obj 1.9182276e+10 Primal inf 3.6424147e+09 (237559)
Clp0006I 1021379  Obj 1.9183633e+10 Primal inf 1.1485445e+09 (230656)
Clp0006I 1022379  Obj 1.9185135e+10 Primal inf 3.7931802e+09 (343219)
Clp0006I 1023379  Obj 1.9186226e+10 Primal inf 5.3198275e+09 (241942)
Clp0006I 1024379  Obj 1.9187485e+10 Primal inf 1.7431841e+08 (207307)
Clp0006I 1025379  Obj 1.9188877e+10 Primal inf 3.3208547e+09 (226013)
Clp0006I 1026379  Obj 1.9191285e+10 Primal inf 2.6786904e+09 (212101)
Clp0006I 1027379  Obj 1.9193847e+10 Primal inf 2.8455148e+10 (201824)
Clp0006I 1028379  Obj 1.919523e+10 Primal inf 1.5341912e+08 (201618)
Clp0006I 1029379  Obj 1.9196232e+10 Primal inf 1.6702688e+09 (214272)
Clp0006I 1030379  Obj 1.9197536e+10 Primal inf 4.1286594e+09 (214683)
Clp0006I 1031379  Obj 1.9199183e+10 Primal inf 4.1183063e+08 (244942)
Clp0006I 1032379  Obj 1.9200777e+10 Primal inf 1.8385014e+10 (252094)
Clp0006I 1033379  Obj 1.9202415e+10 Primal inf 1.3855655e+08 (168302)
Clp0006I 1034379  Obj 1.9203493e+10 Primal inf 2.6382152e+09 (181335)
Clp0006I 1035379  Obj 1.9204661e+10 Primal inf 5.4629696e+09 (213346)
Clp0006I 1036379  Obj 1.9205755e+10 Primal inf 59097039 (112569)
Clp0006I 1037379  Obj 1.9206301e+10 Primal inf 1.6235488e+09 (273509)
Clp0006I 1038379  Obj 1.9207642e+10 Primal inf 15634399 (142438)
Clp0006I 1039379  Obj 1.9208382e+10 Primal inf 9.39959e+08 (194522)
Clp0006I 1040379  Obj 1.9209277e+10 Primal inf 1.8453663e+08 (132483)
Clp0006I 1041379  Obj 1.921003e+10 Primal inf 89454637 (110649)
Clp0006I 1042379  Obj 1.9210732e+10 Primal inf 6.6418388e+08 (244434)
Clp0006I 1043379  Obj 1.9211175e+10 Primal inf 1.2168261e+08 (179657)
Clp0006I 1044379  Obj 1.9211719e+10 Primal inf 83393759 (136905)
Clp0006I 1045379  Obj 1.9212895e+10 Primal inf 4.0884499e+10 (137268)
Clp0006I 1046379  Obj 1.9214062e+10 Primal inf 1.6394152e+08 (193816)
Clp0006I 1047379  Obj 1.921501e+10 Primal inf 10939806 (136035)
Clp0006I 1048379  Obj 1.9215502e+10 Primal inf 1.1392766e+08 (169121)
Clp0006I 1049379  Obj 1.9215912e+10 Primal inf 52185786 (179307)
Clp0006I 1050379  Obj 1.9228788e+10 Primal inf 1.2738171e+08 (146294)
Clp0006I 1051379  Obj 1.9240467e+10 Primal inf 11046623 (145610)
Clp0006I 1052379  Obj 1.9246101e+10 Primal inf 15868065 (87424)
Clp0006I 1053379  Obj 1.9247623e+10 Primal inf 8912575.6 (89320)
Clp0006I 1054379  Obj 1.9247965e+10 Primal inf 3.0811425e+08 (107919)
Clp0006I 1055379  Obj 1.9248424e+10 Primal inf 49779432 (137235)
Clp0006I 1056379  Obj 1.9248959e+10 Primal inf 14955079 (164171)
Clp0006I 1057379  Obj 1.9249396e+10 Primal inf 2.0456181e+08 (131313)
Clp0006I 1058379  Obj 1.9249624e+10 Primal inf 40305952 (142331)
Clp0006I 1059307  Obj 1.924975e+10 Primal inf 1.3175033e+09 (195662)
Clp0006I 1060307  Obj 1.9249912e+10 Primal inf 24884815 (80411)
Clp0006I 1061307  Obj 1.9250086e+10 Primal inf 1.6653516e+08 (121572)
Clp0006I 1062307  Obj 1.9250186e+10 Primal inf 1529128.5 (56102)
Clp0006I 1063307  Obj 1.9250241e+10 Primal inf 1545464.4 (85012)
Clp0006I 1064307  Obj 1.9250247e+10 Primal inf 1618.6504 (17107)
Clp0006I 1065307  Obj 1.9250252e+10 Primal inf 1475.5037 (16247)
Clp0006I 1066307  Obj 1.9250258e+10 Primal inf 1304.8516 (15250)
Clp0006I 1067307  Obj 1.9250262e+10 Primal inf 1202.8871 (14281)
Clp0006I 1068307  Obj 1.9250267e+10 Primal inf 1056.1333 (1328 Activating environment at `~/Documents/princeton/1st_year/MAE529/MAE529_code/project/code/Project.toml`
This Model run is characterised by...
Electrolyser capex cost of: 1100.0
H2 efficiency of: 0.5
Carbon Tax: 50.0
Number of weeks included: 52_weeks
-----------------------------------------------
1 loading data preparation function
-----------------------------------------------
-----------------------------------------------
2 loading model solving function
-----------------------------------------------
adding in carbon tax elements
assigned variables
assigned constraint 1
assigned constraint 2
assigned constraint 3
check
assigned constraints
Model run complete
0)
Clp0006I 1069307  Obj 1.925027e+10 Primal inf 942.19968 (12274)
Clp0006I 1070307  Obj 1.9250274e+10 Primal inf 824.00413 (11215)
Clp0006I 1071307  Obj 1.9250278e+10 Primal inf 726.3337 (10215)
Clp0006I 1072307  Obj 1.9250281e+10 Primal inf 630.62725 (9215)
Clp0006I 1073307  Obj 1.9250285e+10 Primal inf 536.29327 (8215)
Clp0006I 1074307  Obj 1.9250289e+10 Primal inf 449.83053 (7214)
Clp0006I 1075307  Obj 1.9250294e+10 Primal inf 366.54017 (6214)
Clp0006I 1076307  Obj 1.9250299e+10 Primal inf 283.69265 (5213)
Clp0006I 1077307  Obj 1.9250303e+10 Primal inf 204.4256 (4214)
Clp0006I 1078307  Obj 1.9250307e+10 Primal inf 145.64899 (3232)
Clp0006I 1079307  Obj 1.9250312e+10 Primal inf 96.978997 (2232)
Clp0006I 1080307  Obj 1.9250316e+10 Primal inf 51.520953 (1232)
Clp0006I 1081307  Obj 1.925032e+10 Primal inf 9.4492584 (232)
Clp0006I 1081549  Obj 1.9250321e+10
Clp0000I Optimal - objective value 1.9250321e+10
Coin0511I After Postsolve, objective 1.9250321e+10, infeasibilities - dual 0 (0), primal 0 (0)
Clp0032I Optimal objective 1.925032078e+10 - 1081549 iterations time 12592.502, Presolve 3.44
