Coin0506I Presolve 1521577 (-195446) rows, 591998 (-65130) columns and 4511329 (-460732) elements
Clp0006I 0  Obj 0 Primal inf 8.7736635e+08 (43800)
Clp0006I 1000  Obj 4.7917429e-12 Primal inf 8.6776638e+08 (44708)
Clp0006I 2000  Obj 9.9133726e-12 Primal inf 8.6044937e+08 (45580)
Clp0006I 3000  Obj 1.5969055e-11 Primal inf 8.579383e+08 (46596)
Clp0006I 4000  Obj 8374713.4 Primal inf 8.4872532e+08 (47608)
Clp0006I 5000  Obj 15751422 Primal inf 8.4108892e+08 (48566)
Clp0006I 6000  Obj 25825329 Primal inf 8.3811351e+08 (49515)
Clp0006I 7000  Obj 36809485 Primal inf 8.2977169e+08 (50596)
Clp0006I 8000  Obj 47635262 Primal inf 8.2367431e+08 (51627)
Clp0006I 9000  Obj 62023603 Primal inf 8.2132513e+08 (52768)
Clp0006I 10000  Obj 79421180 Primal inf 8.1970794e+08 (53872)
Clp0006I 11000  Obj 98155492 Primal inf 8.1552422e+08 (54921)
Clp0006I 12000  Obj 1.1340454e+08 Primal inf 8.1625035e+08 (56072)
Clp0006I 13000  Obj 1.3090391e+08 Primal inf 8.1533114e+08 (57229)
Clp0006I 14000  Obj 1.5798825e+08 Primal inf 8.0960313e+08 (58525)
Clp0006I 15000  Obj 1.7900885e+08 Primal inf 8.0769659e+08 (59716)
Clp0006I 16000  Obj 1.9219481e+08 Primal inf 7.283299e+08 (60952)
Clp0006I 17000  Obj 2.1566295e+08 Primal inf 7.2801796e+08 (62131)
Clp0006I 18000  Obj 2.3543815e+08 Primal inf 7.2915856e+08 (63335)
Clp0006I 19000  Obj 2.5606945e+08 Primal inf 7.2485503e+08 (64495)
Clp0006I 20000  Obj 2.8078843e+08 Primal inf 7.2574099e+08 (65720)
Clp0006I 21000  Obj 3.0778319e+08 Primal inf 7.2551824e+08 (66959)
Clp0006I 22000  Obj 3.3258321e+08 Primal inf 7.2779237e+08 (68257)
Clp0006I 23000  Obj 3.6203617e+08 Primal inf 7.2597819e+08 (69504)
Clp0006I 24000  Obj 3.8152465e+08 Primal inf 7.2877202e+08 (70803)
Clp0006I 25000  Obj 4.1258668e+08 Primal inf 7.2934323e+08 (72092)
Clp0006I 26000  Obj 4.3541765e+08 Primal inf 7.3290833e+08 (73359)
Clp0006I 27000  Obj 4.5911035e+08 Primal inf 7.3469774e+08 (74554)
Clp0006I 28000  Obj 4.8636517e+08 Primal inf 7.3712878e+08 (75824)
Clp0006I 29000  Obj 5.1179666e+08 Primal inf 7.3634924e+08 (76941)
Clp0006I 30000  Obj 5.4135697e+08 Primal inf 7.391802e+08 (78122)
Clp0006I 31000  Obj 5.721216e+08 Primal inf 7.3991443e+08 (79287)
Clp0006I 32000  Obj 5.9758688e+08 Primal inf 7.3582755e+08 (80377)
Clp0006I 33000  Obj 6.1990824e+08 Primal inf 7.3196987e+08 (81467)
Clp0006I 34000  Obj 6.4739375e+08 Primal inf 7.3621188e+08 (82617)
Clp0006I 35000  Obj 6.7751467e+08 Primal inf 7.4277885e+08 (83822)
Clp0006I 36000  Obj 7.0646121e+08 Primal inf 7.3804983e+08 (84918)
Clp0006I 37000  Obj 7.5007942e+08 Primal inf 7.391693e+08 (86176)
Clp0006I 38000  Obj 7.8743944e+08 Primal inf 7.4089885e+08 (87363)
Clp0006I 39000  Obj 8.294962e+08 Primal inf 7.384581e+08 (88498)
Clp0006I 40000  Obj 8.644062e+08 Primal inf 7.4022178e+08 (89690)
Clp0006I 41000  Obj 8.9510398e+08 Primal inf 7.4156736e+08 (90891)
Clp0006I 42000  Obj 9.3916449e+08 Primal inf 7.4479343e+08 (92137)
Clp0006I 43000  Obj 9.8120758e+08 Primal inf 7.4863477e+08 (93195)
Clp0006I 44000  Obj 1.0176222e+09 Primal inf 7.4697482e+08 (94348)
Clp0006I 45000  Obj 1.0565941e+09 Primal inf 7.5084753e+08 (95509)
Clp0006I 46000  Obj 1.0979777e+09 Primal inf 7.5416764e+08 (96669)
Clp0006I 47000  Obj 1.1507918e+09 Primal inf 7.5050314e+08 (97654)
Clp0006I 48000  Obj 1.194093e+09 Primal inf 7.5206182e+08 (98766)
Clp0006I 49000  Obj 1.2438563e+09 Primal inf 7.518678e+08 (99811)
Clp0006I 50000  Obj 1.2911081e+09 Primal inf 7.5319855e+08 (100986)
Clp0006I 51000  Obj 1.3370909e+09 Primal inf 7.5667405e+08 (102147)
Clp0006I 52000  Obj 1.3985144e+09 Primal inf 7.5682294e+08 (103261)
Clp0006I 53000  Obj 1.4563916e+09 Primal inf 7.5672747e+08 (104473)
Clp0006I 54000  Obj 1.5013554e+09 Primal inf 7.6169104e+08 (105711)
Clp0006I 55000  Obj 1.5212514e+09 Primal inf 7.4261449e+08 (108868)
Clp0006I 56000  Obj 1.5290215e+09 Primal inf 7.3796393e+08 (109993)
Clp0006I 57000  Obj 1.5548199e+09 Primal inf 7.7771706e+08 (109354)
Clp0006I 58000  Obj 1.5835749e+09 Primal inf 1.0099353e+09 (111369)
Clp0006I 59000  Obj 1.6157137e+09 Primal inf 7.8958074e+08 (111923)
Clp0006I 60000  Obj 1.6381728e+09 Primal inf 7.5098319e+08 (113937)
Clp0006I 61000  Obj 1.662697e+09 Primal inf 7.4680209e+08 (114949)
Clp0006I 62000  Obj 1.7720513e+09 Primal inf 9.7936307e+08 (115626)
Clp0006I 63000  Obj 1.9451557e+09 Primal inf 7.7790619e+08 (117479)
Clp0006I 64000  Obj 1.9622581e+09 Primal inf 7.7326766e+08 (118460)
Clp0006I 65000  Obj 1.995311e+09 Primal inf 7.9494132e+08 (119192)
Clp0006I 66000  Obj 2.0145053e+09 Primal inf 7.4228956e+08 (121049)
Clp0006I 67000  Obj 2.0467535e+09 Primal inf 7.3952131e+08 (121897)
Clp0006I 68000  Obj 2.0628431e+09 Primal inf 7.4021878e+08 (122847)
Clp0006I 69000  Obj 2.0941139e+09 Primal inf 8.1193991e+08 (122818)
Clp0006I 70000  Obj 2.1306592e+09 Primal inf 7.475581e+08 (125622)
Clp0006I 71000  Obj 2.1420476e+09 Primal inf 7.4895748e+08 (126526)
Clp0006I 72000  Obj 2.1801367e+09 Primal inf 7.2977085e+08 (127165)
Clp0006I 73000  Obj 2.1949668e+09 Primal inf 7.3014768e+08 (128035)
Clp0006I 74000  Obj 2.2426161e+09 Primal inf 7.4655653e+08 (127686)
Clp0006I 75000  Obj 2.2531428e+09 Primal inf 7.4134143e+08 (128593)
Clp0006I 76000  Obj 2.2828408e+09 Primal inf 7.1246483e+08 (129538)
Clp0006I 77000  Obj 2.2888512e+09 Primal inf 7.1267944e+08 (130363)
Clp0006I 78000  Obj 2.2923039e+09 Primal inf 7.1217282e+08 (131251)
Clp0006I 79000  Obj 2.2951897e+09 Primal inf 7.1318012e+08 (132139)
Clp0006I 80000  Obj 2.3266736e+09 Primal inf 1.1429581e+09 (143053)
Clp0006I 81000  Obj 2.3311849e+09 Primal inf 1.1413782e+09 (143815)
Clp0006I 82000  Obj 2.3756848e+09 Primal inf 7.4222404e+08 (136351)
Clp0006I 83000  Obj 2.3827764e+09 Primal inf 7.459479e+08 (137159)
Clp0006I 84000  Obj 2.3884379e+09 Primal inf 7.4669388e+08 (138093)
Clp0006I 85000  Obj 2.3910882e+09 Primal inf 7.5452869e+08 (139084)
Clp0006I 86000  Obj 2.3933138e+09 Primal inf 7.5412947e+08 (139920)
Clp0006I 87000  Obj 2.4628145e+09 Primal inf 7.3687564e+08 (140061)
Clp0006I 88000  Obj 2.5229668e+09 Primal inf 7.1030976e+08 (139231)
Clp0006I 89000  Obj 2.5870571e+09 Primal inf 7.7364117e+08 (142186)
Clp0006I 90000  Obj 2.6412582e+09 Primal inf 7.2401258e+08 (140076)
Clp0006I 91000  Obj 2.6989433e+09 Primal inf 7.3312879e+08 (142712)
Clp0006I 92000  Obj 2.7842857e+09 Primal inf 1.5302733e+09 (178823)
Clp0006I 93000  Obj 2.8634051e+09 Primal inf 1.6580485e+09 (180000)
Clp0006I 94000  Obj 2.9174853e+09 Primal inf 1.5191526e+09 (180420)
Clp0006I 95000  Obj 2.9797301e+09 Primal inf 8.3765932e+08 (152501)
Clp0006I 96000  Obj 3.0557111e+09 Primal inf 8.9774341e+08 (155641)
Clp0006I 97000  Obj 3.1305564e+09 Primal inf 9.3951521e+08 (156669)
Clp0006I 98000  Obj 3.1992427e+09 Primal inf 7.7463821e+08 (155905)
Clp0006I 99000  Obj 3.2181673e+09 Primal inf 7.7442091e+08 (156323)
Clp0006I 100000  Obj 3.2278697e+09 Primal inf 7.7635257e+08 (157091)
Clp0006I 101000  Obj 3.2744958e+09 Primal inf 4.2001758e+09 (205468)
Clp0006I 102000  Obj 3.2866116e+09 Primal inf 8.0525132e+08 (152774)
Clp0006I 103000  Obj 3.3133997e+09 Primal inf 1.5846899e+09 (163646)
Clp0006I 104000  Obj 3.3505541e+09 Primal inf 1.194141e+09 (161157)
Clp0006I 105000  Obj 3.3753038e+09 Primal inf 2.4852658e+09 (189164)
Clp0006I 106000  Obj 3.4219104e+09 Primal inf 2.7980288e+09 (182819)
Clp0006I 107000  Obj 3.4346858e+09 Primal inf 8.9088352e+08 (156929)
Clp0006I 108000  Obj 3.470679e+09 Primal inf 1.1897363e+10 (174755)
Clp0006I 109000  Obj 3.4999981e+09 Primal inf 9.5621089e+08 (180377)
Clp0006I 110000  Obj 3.5431413e+09 Primal inf 1.4176875e+09 (182483)
Clp0006I 111000  Obj 3.5652624e+09 Primal inf 1.7629903e+09 (183596)
Clp0006I 112000  Obj 3.5832962e+09 Primal inf 9.5394779e+08 (166261)
Clp0006I 113000  Obj 3.5955645e+09 Primal inf 8.1527088e+08 (155563)
Clp0006I 114000  Obj 3.6108089e+09 Primal inf 8.3771824e+08 (157978)
Clp0006I 115000  Obj 3.6178227e+09 Primal inf 1.7507535e+09 (192326)
Clp0006I 116000  Obj 3.6457789e+09 Primal inf 8.3000446e+08 (157568)
Clp0006I 117000  Obj 3.6682771e+09 Primal inf 8.1237461e+08 (157016)
Clp0006I 118000  Obj 3.6951382e+09 Primal inf 4.4690458e+09 (208768)
Clp0006I 119000  Obj 3.7059575e+09 Primal inf 9.4292604e+08 (157758)
Clp0006I 120000  Obj 3.7162116e+09 Primal inf 8.6691833e+08 (160801)
Clp0006I 121000  Obj 3.7200811e+09 Primal inf 4.8570935e+09 (170713)
Clp0006I 122000  Obj 3.7255585e+09 Primal inf 1.0379738e+09 (170782)
Clp0006I 123000  Obj 3.7337569e+09 Primal inf 9.4437192e+08 (169066)
Clp0006I 124000  Obj 3.7481345e+09 Primal inf 9.6791984e+08 (171118)
Clp0006I 125000  Obj 3.754142e+09 Primal inf 9.6815398e+08 (171760)
Clp0006I 126000  Obj 3.7639311e+09 Primal inf 9.713931e+08 (172268)
Clp0006I 127000  Obj 3.7768118e+09 Primal inf 9.7634925e+08 (172837)
Clp0006I 128000  Obj 3.7838496e+09 Primal inf 9.755826e+08 (173070)
Clp0006I 129000  Obj 3.7977197e+09 Primal inf 1.1745006e+09 (175049)
Clp0006I 130000  Obj 3.8292376e+09 Primal inf 2.0214042e+09 (181635)
Clp0006I 131000  Obj 3.8632163e+09 Primal inf 1.6477289e+09 (205273)
Clp0006I 132000  Obj 3.8881316e+09 Primal inf 1.910055e+09 (205686)
Clp0006I 133000  Obj 3.9226027e+09 Primal inf 1.5082047e+09 (184194)
Clp0006I 134000  Obj 3.9610099e+09 Primal inf 3.1829593e+09 (214947)
Clp0006I 135000  Obj 3.9755002e+09 Primal inf 2.7014181e+09 (210954)
Clp0006I 136000  Obj 3.9923148e+09 Primal inf 2.628591e+09 (210989)
Clp0006I 137000  Obj 4.0007127e+09 Primal inf 2.7857228e+09 (211376)
Clp0006I 138000  Obj 4.0070646e+09 Primal inf 2.5971164e+09 (211114)
Clp0006I 139000  Obj 4.0170561e+09 Primal inf 2.8998306e+09 (212517)
Clp0006I 140000  Obj 4.0219004e+09 Primal inf 2.7981476e+09 (212282)
Clp0006I 141000  Obj 4.046272e+09 Primal inf 1.7654976e+09 (206347)
Clp0006I 142000  Obj 4.0526961e+09 Primal inf 1.6800057e+09 (206903)
Clp0006I 143000  Obj 4.057581e+09 Primal inf 1.7087622e+09 (207402)
Clp0006I 144000  Obj 4.0640979e+09 Primal inf 1.7286517e+09 (207953)
Clp0006I 145000  Obj 4.0690458e+09 Primal inf 1.7875578e+09 (208805)
Clp0006I 146000  Obj 4.0777648e+09 Primal inf 1.8473629e+09 (209148)
Clp0006I 147000  Obj 4.0885969e+09 Primal inf 1.7942597e+09 (206727)
Clp0006I 148000  Obj 4.1070662e+09 Primal inf 1.9391608e+09 (212246)
Clp0006I 149000  Obj 4.121824e+09 Primal inf 3.1843818e+09 (219803)
Clp0006I 150000  Obj 4.1387367e+09 Primal inf 3.4762687e+09 (213459)
Clp0006I 151000  Obj 4.1951554e+09 Primal inf 9.0430508e+09 (218072)
Clp0006I 152000  Obj 4.2574042e+09 Primal inf 1.2029778e+09 (181123)
Clp0006I 153000  Obj 4.2760066e+09 Primal inf 1.4151083e+09 (202733)
Clp0006I 154000  Obj 4.3024579e+09 Primal inf 2.5340576e+09 (205103)
Clp0006I 155000  Obj 4.3205382e+09 Primal inf 6.3655588e+09 (221947)
Clp0006I 156000  Obj 4.3402745e+09 Primal inf 1.12677e+09 (177951)
Clp0006I 157000  Obj 4.3617893e+09 Primal inf 1.2301375e+09 (178002)
Clp0006I 158000  Obj 4.3751995e+09 Primal inf 1.3465414e+09 (187142)
Clp0006I 159000  Obj 4.3896444e+09 Primal inf 1.6068073e+09 (185630)
Clp0006I 160000  Obj 4.4092046e+09 Primal inf 1.7513069e+09 (207229)
Clp0006I 161000  Obj 4.4281195e+09 Primal inf 1.3314649e+10 (224593)
Clp0006I 162000  Obj 4.460314e+09 Primal inf 1.0442944e+09 (176725)
Clp0006I 163000  Obj 4.4748642e+09 Primal inf 1.556903e+09 (185894)
Clp0006I 164000  Obj 4.5016217e+09 Primal inf 1.6870019e+09 (201659)
Clp0006I 165000  Obj 4.5159557e+09 Primal inf 1.2696329e+09 (179309)
Clp0006I 166000  Obj 4.5415171e+09 Primal inf 1.6504704e+09 (219733)
Clp0006I 167000  Obj 4.5674165e+09 Primal inf 4.3694235e+09 (210957)
Clp0006I 168000  Obj 4.5888415e+09 Primal inf 1.1888643e+09 (179987)
Clp0006I 169000  Obj 4.6109966e+09 Primal inf 3.5229453e+09 (238019)
Clp0006I 170000  Obj 4.6417401e+09 Primal inf 1.6057778e+09 (178666)
Clp0006I 171000  Obj 4.6516431e+09 Primal inf 1.7403973e+09 (198415)
Clp0006I 172000  Obj 4.6647413e+09 Primal inf 1.3830064e+09 (175518)
Clp0006I 173000  Obj 4.6737305e+09 Primal inf 1.3042037e+09 (174178)
Clp0006I 174000  Obj 4.684562e+09 Primal inf 1.4814092e+09 (182204)
Clp0006I 175000  Obj 4.6994143e+09 Primal inf 2.5250421e+09 (200389)
Clp0006I 176000  Obj 4.7060054e+09 Primal inf 1.337175e+09 (174032)
Clp0006I 177000  Obj 4.712838e+09 Primal inf 2.3960954e+09 (206084)
Clp0006I 178000  Obj 4.7347797e+09 Primal inf 1.2284714e+09 (173933)
Clp0006I 179000  Obj 4.7497577e+09 Primal inf 1.1318258e+09 (173960)
Clp0006I 180000  Obj 4.7581268e+09 Primal inf 1.1184886e+09 (174918)
Clp0006I 181000  Obj 4.7669646e+09 Primal inf 6.1235981e+09 (210755)
Clp0006I 182000  Obj 4.7796453e+09 Primal inf 1.5706874e+09 (182111)
Clp0006I 183000  Obj 4.8031967e+09 Primal inf 2.9277907e+10 (214050)
Clp0006I 184000  Obj 4.8171364e+09 Primal inf 1.2282321e+09 (175407)
Clp0006I 185000  Obj 4.861027e+09 Primal inf 1.4345078e+09 (174876)
Clp0006I 186000  Obj 4.8857409e+09 Primal inf 4.3990186e+09 (206780)
Clp0006I 187000  Obj 4.8955326e+09 Primal inf 1.3938268e+09 (177140)
Clp0006I 188000  Obj 4.9073423e+09 Primal inf 6.6230078e+09 (208324)
Clp0006I 189000  Obj 4.9438633e+09 Primal inf 1.2440172e+09 (170493)
Clp0006I 190000  Obj 4.9770364e+09 Primal inf 1.3441349e+11 (216581)
Clp0006I 191000  Obj 4.9968669e+09 Primal inf 1.7826195e+09 (183518)
Clp0006I 192000  Obj 5.0095655e+09 Primal inf 1.7008763e+09 (184849)
Clp0006I 193000  Obj 5.0209947e+09 Primal inf 2.2241128e+09 (185509)
Clp0006I 194000  Obj 5.0380639e+09 Primal inf 3.2420031e+09 (202182)
Clp0006I 195000  Obj 5.0485648e+09 Primal inf 9.7376788e+10 (203184)
Clp0006I 196000  Obj 5.086191e+09 Primal inf 1.0242985e+10 (216584)
Clp0006I 197000  Obj 5.1637142e+09 Primal inf 1.6733772e+09 (183420)
Clp0006I 198000  Obj 5.1757621e+09 Primal inf 1.0272644e+10 (235266)
Clp0006I 199000  Obj 5.1911231e+09 Primal inf 1.1830813e+10 (229240)
Clp0006I 200000  Obj 5.2168622e+09 Primal inf 2.2754949e+09 (176416)
Clp0006I 201000  Obj 5.2341442e+09 Primal inf 3.6919304e+09 (200491)
Clp0006I 202000  Obj 5.2592038e+09 Primal inf 1.7003334e+09 (178633)
Clp0006I 203000  Obj 5.2779152e+09 Primal inf 4.2413185e+10 (213647)
Clp0006I 204000  Obj 5.3024902e+09 Primal inf 2.241038e+09 (182649)
Clp0006I 205000  Obj 5.3193495e+09 Primal inf 4.9943788e+10 (193892)
Clp0006I 206000  Obj 5.353562e+09 Primal inf 2.2650014e+09 (199833)
Clp0006I 207000  Obj 5.3637692e+09 Primal inf 4.9650433e+09 (186751)
Clp0006I 208000  Obj 5.4604555e+09 Primal inf 1.6094964e+10 (212309)
Clp0006I 209000  Obj 5.5472448e+09 Primal inf 1.0538687e+10 (210370)
Clp0006I 210000  Obj 5.6008742e+09 Primal inf 1.6932131e+10 (213468)
Clp0006I 211000  Obj 5.6584242e+09 Primal inf 4.7874237e+09 (207184)
Clp0006I 212000  Obj 5.7191936e+09 Primal inf 6.2746935e+09 (208999)
Clp0006I 213000  Obj 5.7588598e+09 Primal inf 2.2569382e+09 (184710)
Clp0006I 214000  Obj 5.8499402e+09 Primal inf 6.7849998e+09 (211123)
Clp0006I 215000  Obj 5.8655005e+09 Primal inf 2.9036962e+09 (183064)
Clp0006I 216000  Obj 5.8956292e+09 Primal inf 3.1938551e+09 (192252)
Clp0006I 217000  Obj 5.9147537e+09 Primal inf 1.2278521e+10 (220758)
Clp0006I 218000  Obj 5.9372968e+09 Primal inf 1.3751448e+10 (216553)
Clp0006I 219000  Obj 5.9870664e+09 Primal inf 3.764872e+09 (201145)
Clp0006I 220000  Obj 6.0059692e+09 Primal inf 3.8232988e+09 (201602)
Clp0006I 221000  Obj 6.0506559e+09 Primal inf 3.7989455e+09 (201858)
Clp0006I 222000  Obj 6.0872554e+09 Primal inf 2.8418867e+10 (223230)
Clp0006I 223000  Obj 6.1329668e+09 Primal inf 4.8980096e+09 (210879)
Clp0006I 224000  Obj 6.1789671e+09 Primal inf 5.6689665e+09 (185087)
Clp0006I 225000  Obj 6.2801625e+09 Primal inf 3.5135716e+10 (230421)
Clp0006I 226000  Obj 6.350312e+09 Primal inf 5.9283091e+09 (185952)
Clp0006I 227000  Obj 6.4011996e+09 Primal inf 7.6405254e+09 (206458)
Clp0006I 228000  Obj 6.4630235e+09 Primal inf 6.2374086e+09 (195690)
Clp0006I 229000  Obj 6.5315604e+09 Primal inf 4.8838523e+09 (206456)
Clp0006I 230000  Obj 6.5787969e+09 Primal inf 3.6157142e+09 (206337)
Clp0006I 231000  Obj 6.6583099e+09 Primal inf 1.9577639e+10 (214218)
Clp0006I 232000  Obj 6.7442332e+09 Primal inf 1.536587e+10 (212508)
Clp0006I 233000  Obj 6.8056251e+09 Primal inf 2.1598782e+09 (173373)
Clp0006I 234000  Obj 6.839293e+09 Primal inf 2.2973495e+09 (169850)
Clp0006I 235000  Obj 6.8873857e+09 Primal inf 2.0551155e+09 (196261)
Clp0006I 236000  Obj 6.9279797e+09 Primal inf 4.7760667e+09 (175003)
Clp0006I 237000  Obj 6.961512e+09 Primal inf 4.4373396e+10 (188388)
Clp0006I 238000  Obj 7.0053877e+09 Primal inf 2.0562625e+09 (175588)
Clp0006I 239000  Obj 7.0209451e+09 Primal inf 2.8205885e+10 (212488)
Clp0006I 240000  Obj 7.0634002e+09 Primal inf 8.7044799e+09 (181529)
Clp0006I 241000  Obj 7.1008807e+09 Primal inf 2.317061e+11 (244333)
Clp0006I 242000  Obj 7.1345693e+09 Primal inf 7.8680655e+09 (212925)
Clp0006I 243000  Obj 7.1914959e+09 Primal inf 9.7912564e+09 (178261)
Clp0006I 244000  Obj 7.2793352e+09 Primal inf 6.3925999e+09 (178285)
Clp0006I 245000  Obj 7.335222e+09 Primal inf 7.5592083e+09 (177247)
Clp0006I 246000  Obj 7.388707e+09 Primal inf 3.1143942e+09 (193173)
Clp0006I 247000  Obj 7.4147401e+09 Primal inf 1.4623535e+10 (214391)
Clp0006I 248000  Obj 7.4402059e+09 Primal inf 3.163138e+09 (174878)
Clp0006I 249000  Obj 7.4964803e+09 Primal inf 4.1636692e+09 (197038)
Clp0006I 250000  Obj 7.5724595e+09 Primal inf 2.8085533e+09 (175308)
Clp0006I 251000  Obj 7.6394436e+09 Primal inf 4.8545681e+10 (212783)
Clp0006I 252000  Obj 7.7493936e+09 Primal inf 2.602387e+09 (172308)
Clp0006I 253000  Obj 7.854818e+09 Primal inf 8.8046706e+09 (176820)
Clp0006I 254000  Obj 7.9465645e+09 Primal inf 3.066043e+10 (241494)
Clp0006I 255000  Obj 8.0411249e+09 Primal inf 1.4109979e+10 (190089)
Clp0006I 256000  Obj 8.1077786e+09 Primal inf 3.5757507e+10 (208662)
Clp0006I 257000  Obj 8.1725924e+09 Primal inf 6.2170413e+09 (184132)
Clp0006I 258000  Obj 8.2265012e+09 Primal inf 9.5549705e+09 (206585)
Clp0006I 259000  Obj 8.2875442e+09 Primal inf 7.1532336e+09 (206411)
Clp0006I 260000  Obj 8.365459e+09 Primal inf 1.4649914e+10 (214252)
Clp0006I 261000  Obj 8.4696755e+09 Primal inf 1.1275641e+10 (220698)
Clp0006I 262000  Obj 8.5370929e+09 Primal inf 4.219715e+09 (187235)
Clp0006I 263000  Obj 8.6250939e+09 Primal inf 1.0448597e+10 (209053)
Clp0006I 264000  Obj 8.690286e+09 Primal inf 1.0922408e+10 (191748)
Clp0006I 265000  Obj 8.7675191e+09 Primal inf 1.876848e+10 (230824)
Clp0006I 266000  Obj 8.8452169e+09 Primal inf 3.1281631e+10 (192536)
Clp0006I 267000  Obj 8.9034591e+09 Primal inf 1.071914e+10 (215932)
Clp0006I 268000  Obj 8.9587928e+09 Primal inf 6.3703593e+09 (272089)
Clp0006I 269000  Obj 9.0102185e+09 Primal inf 1.2642334e+10 (246833)
Clp0006I 270000  Obj 9.0392929e+09 Primal inf 2.0497601e+10 (236485)
Clp0006I 271000  Obj 9.0854386e+09 Primal inf 1.2265015e+10 (219560)
Clp0006I 272000  Obj 9.1234384e+09 Primal inf 3.2368206e+09 (218267)
Clp0006I 273000  Obj 9.1693771e+09 Primal inf 4.9134951e+09 (191801)
Clp0006I 274000  Obj 9.2337401e+09 Primal inf 2.4382196e+09 (212095)
Clp0006I 275000  Obj 9.2965899e+09 Primal inf 8.3762829e+09 (216233)
Clp0006I 276000  Obj 9.371433e+09 Primal inf 2.5543536e+10 (224566)
Clp0006I 277000  Obj 9.4271629e+09 Primal inf 3.2957896e+10 (247513)
Clp0006I 278000  Obj 9.4733744e+09 Primal inf 4.1055081e+10 (219278)
Clp0006I 279000  Obj 9.5081087e+09 Primal inf 1.9676351e+10 (227986)
Clp0006I 280000  Obj 9.549558e+09 Primal inf 5.8248894e+09 (220187)
Clp0006I 281000  Obj 9.6058974e+09 Primal inf 5.2563055e+09 (245765)
Clp0006I 282000  Obj 9.6681534e+09 Primal inf 3.8882608e+09 (227629)
Clp0006I 283000  Obj 9.7129802e+09 Primal inf 6.4478627e+09 (186304)
Clp0006I 284000  Obj 9.7661175e+09 Primal inf 3.2084209e+10 (225988)
Clp0006I 285000  Obj 9.8208334e+09 Primal inf 1.6388565e+10 (205088)
Clp0006I 286000  Obj 9.8599138e+09 Primal inf 6.1835941e+10 (229738)
Clp0006I 287000  Obj 9.9273459e+09 Primal inf 3.8708252e+09 (189331)
Clp0006I 288000  Obj 1.0001461e+10 Primal inf 5.4800185e+09 (222428)
Clp0006I 289000  Obj 1.0041776e+10 Primal inf 9.3600514e+09 (205780)
Clp0006I 290000  Obj 1.0104262e+10 Primal inf 7.7548701e+09 (213674)
Clp0006I 291000  Obj 1.0156788e+10 Primal inf 6.7115696e+09 (219587)
Clp0006I 292000  Obj 1.0180852e+10 Primal inf 3.3834416e+09 (195919)
Clp0006I 293000  Obj 1.0190638e+10 Primal inf 2.9364628e+09 (221250)
Clp0006I 294000  Obj 1.022393e+10 Primal inf 1.7501355e+09 (231229)
Clp0006I 295000  Obj 1.0256342e+10 Primal inf 1.4543485e+10 (204815)
Clp0006I 296000  Obj 1.0297248e+10 Primal inf 9.3951399e+09 (225559)
Clp0006I 296990  Obj 1.0343207e+10 Primal inf 5.9555286e+09 (219112)
Clp0006I 297990  Obj 1.0385916e+10 Primal inf 3.6847744e+09 (197433)
Clp0006I 298990  Obj 1.0414699e+10 Primal inf 1.0722437e+09 (183431)
Clp0006I 299990  Obj 1.0463725e+10 Primal inf 4.2400263e+09 (212203)
Clp0006I 300990  Obj 1.051695e+10 Primal inf 1.3275759e+10 (239998)
Clp0006I 301990  Obj 1.0565814e+10 Primal inf 5.1560987e+09 (193193)
Clp0006I 302990  Obj 1.0613403e+10 Primal inf 2.9691368e+09 (208565)
Clp0006I 303990  Obj 1.0659296e+10 Primal inf 3.0246143e+09 (227691)
Clp0006I 304990  Obj 1.0669531e+10 Primal inf 6.7745446e+09 (223692)
Clp0006I 305990  Obj 1.0687354e+10 Primal inf 4.2990516e+09 (200730)
Clp0006I 306990  Obj 1.0693632e+10 Primal inf 1.0853864e+09 (189426)
Clp0006I 307990  Obj 1.0725844e+10 Primal inf 3.8919332e+10 (223056)
Clp0006I 308990  Obj 1.0760753e+10 Primal inf 2.0099879e+09 (233212)
Clp0006I 309990  Obj 1.0811144e+10 Primal inf 3.6384068e+09 (197622)
Clp0006I 310990  Obj 1.0860248e+10 Primal inf 9.6479318e+09 (242127)
Clp0006I 311990  Obj 1.0887719e+10 Primal inf 7.2072682e+09 (210488)
Clp0006I 312990  Obj 1.0940566e+10 Primal inf 2.0863137e+09 (189819)
Clp0006I 313990  Obj 1.0952518e+10 Primal inf 4.90078e+09 (203539)
Clp0006I 314990  Obj 1.0977728e+10 Primal inf 4.0980249e+09 (222825)
Clp0006I 315990  Obj 1.1035846e+10 Primal inf 2.3402147e+09 (225689)
Clp0006I 316990  Obj 1.1081832e+10 Primal inf 2.4132278e+09 (230061)
Clp0006I 317990  Obj 1.1112371e+10 Primal inf 1.7190018e+09 (215888)
Clp0006I 318990  Obj 1.1124977e+10 Primal inf 3.4484806e+09 (228427)
Clp0006I 319990  Obj 1.1149545e+10 Primal inf 3.0319641e+09 (239810)
Clp0006I 320990  Obj 1.1195822e+10 Primal inf 1.613196e+09 (221592)
Clp0006I 321990  Obj 1.123247e+10 Primal inf 2.9976717e+09 (191682)
Clp0006I 322990  Obj 1.1264053e+10 Primal inf 3.574051e+09 (225709)
Clp0006I 323990  Obj 1.1286683e+10 Primal inf 1.5063826e+09 (196706)
Clp0006I 324990  Obj 1.1301193e+10 Primal inf 1.7859894e+09 (207501)
Clp0006I 325990  Obj 1.1321154e+10 Primal inf 1.7663092e+09 (197433)
Clp0006I 326990  Obj 1.1337034e+10 Primal inf 2.8453225e+09 (196209)
Clp0006I 327990  Obj 1.1381227e+10 Primal inf 4.0228466e+09 (204464)
Clp0006I 328990  Obj 1.1424123e+10 Primal inf 1.395289e+10 (265270)
Clp0006I 329990  Obj 1.1440503e+10 Primal inf 2.384341e+10 (244608)
Clp0006I 330990  Obj 1.1475313e+10 Primal inf 2.9735278e+09 (257067)
Clp0006I 331990  Obj 1.150202e+10 Primal inf 2.8133623e+09 (249872)
Clp0006I 332990  Obj 1.1519581e+10 Primal inf 4.7271854e+09 (266557)
Clp0006I 333990  Obj 1.1524688e+10 Primal inf 5.6029803e+09 (268684)
Clp0006I 334990  Obj 1.1541556e+10 Primal inf 1.9495104e+09 (220010)
Clp0006I 335990  Obj 1.1563786e+10 Primal inf 3.5881138e+09 (244116)
Clp0006I 336990  Obj 1.1601801e+10 Primal inf 5.0531856e+09 (255240)
Clp0006I 337990  Obj 1.1606885e+10 Primal inf 1.4788199e+09 (199219)
Clp0006I 338990  Obj 1.1620659e+10 Primal inf 1.2637102e+09 (207961)
Clp0006I 339990  Obj 1.164041e+10 Primal inf 8.1770977e+09 (246568)
Clp0006I 340990  Obj 1.165903e+10 Primal inf 9.2148252e+08 (190820)
Clp0006I 341990  Obj 1.1675223e+10 Primal inf 2.6237361e+09 (211459)
Clp0006I 342990  Obj 1.1687134e+10 Primal inf 2.567522e+09 (229622)
Clp0006I 343990  Obj 1.169542e+10 Primal inf 5.7449432e+10 (253256)
Clp0006I 344990  Obj 1.1704997e+10 Primal inf 7.7529789e+09 (234739)
Clp0006I 345990  Obj 1.1725795e+10 Primal inf 3.0772373e+09 (216719)
Clp0006I 346990  Obj 1.1758203e+10 Primal inf 1.0639871e+10 (257081)
Clp0006I 347990  Obj 1.1802447e+10 Primal inf 1.651799e+10 (236886)
Clp0006I 348990  Obj 1.1826729e+10 Primal inf 3.2548602e+10 (236199)
Clp0006I 349990  Obj 1.1984839e+10 Primal inf 6.5217153e+09 (217525)
Clp0006I 350990  Obj 1.2016294e+10 Primal inf 2.2777684e+09 (227674)
Clp0006I 351990  Obj 1.2040822e+10 Primal inf 4.0506279e+09 (238965)
Clp0006I 352990  Obj 1.2068097e+10 Primal inf 3.0789325e+09 (240567)
Clp0006I 353990  Obj 1.2091988e+10 Primal inf 8.5891385e+08 (194171)
Clp0006I 354990  Obj 1.2105394e+10 Primal inf 3.6224287e+09 (240794)
Clp0006I 355990  Obj 1.2140096e+10 Primal inf 2.1306637e+09 (237520)
Clp0006I 356990  Obj 1.2148544e+10 Primal inf 1.5899713e+09 (199473)
Clp0006I 357990  Obj 1.2161444e+10 Primal inf 1.6487456e+09 (224622)
Clp0006I 358990  Obj 1.2164593e+10 Primal inf 2.4248982e+09 (208585)
Clp0006I 359990  Obj 1.2181911e+10 Primal inf 7.5253156e+08 (195602)
Clp0006I 360990  Obj 1.2188451e+10 Primal inf 1.5453951e+09 (208137)
Clp0006I 361990  Obj 1.2206728e+10 Primal inf 2.9996156e+09 (211254)
Clp0006I 362990  Obj 1.2214706e+10 Primal inf 4.622924e+09 (211134)
Clp0006I 363990  Obj 1.2229961e+10 Primal inf 2.5065378e+09 (207448)
Clp0006I 364990  Obj 1.2253085e+10 Primal inf 7.8854379e+09 (260925) Dual inf 4.8020379e-15 (1)
Clp0006I 365990  Obj 1.2271071e+10 Primal inf 9.7969068e+08 (197909) Dual inf 4.8020379e-15 (1)
Clp0006I 366990  Obj 1.2290296e+10 Primal inf 3.7284825e+09 (246063) Dual inf 4.8020379e-15 (1)
Clp0006I 367990  Obj 1.2306368e+10 Primal inf 1.0073752e+09 (201682) Dual inf 4.8020379e-15 (1)
Clp0006I 368990  Obj 1.2319769e+10 Primal inf 2.5514e+09 (244635) Dual inf 4.8020379e-15 (1)
Clp0006I 369990  Obj 1.2343525e+10 Primal inf 1.7066882e+09 (207423) Dual inf 4.8020379e-15 (1)
Clp0006I 370990  Obj 1.2353351e+10 Primal inf 2.2458407e+09 (237848) Dual inf 4.8020379e-15 (1)
Clp0006I 371990  Obj 1.2368389e+10 Primal inf 3.4060268e+09 (241485) Dual inf 4.8020379e-15 (1)
Clp0006I 372990  Obj 1.2380012e+10 Primal inf 2.4530475e+09 (240060) Dual inf 4.8020379e-15 (1)
Clp0006I 373990  Obj 1.2386884e+10 Primal inf 1.1887836e+09 (204318) Dual inf 4.8020379e-15 (1)
Clp0006I 374990  Obj 1.2390661e+10 Primal inf 9.9652713e+08 (201347) Dual inf 4.8020379e-15 (1)
Clp0006I 375990  Obj 1.2402046e+10 Primal inf 1.1916713e+09 (209067) Dual inf 4.8020379e-15 (1)
Clp0006I 376990  Obj 1.2408499e+10 Primal inf 1.0378423e+09 (199828) Dual inf 4.8020379e-15 (1)
Clp0006I 377990  Obj 1.2418191e+10 Primal inf 1.1947635e+09 (202427) Dual inf 4.8020379e-15 (1)
Clp0006I 378990  Obj 1.2423999e+10 Primal inf 1.1987191e+09 (202702) Dual inf 4.8020379e-15 (1)
Clp0006I 379990  Obj 1.2429696e+10 Primal inf 1.3719372e+09 (203533) Dual inf 4.8020379e-15 (1)
Clp0006I 380990  Obj 1.2431581e+10 Primal inf 1.4124948e+09 (211872) Dual inf 4.8020379e-15 (1)
Clp0006I 381990  Obj 1.2438516e+10 Primal inf 1.2809194e+09 (197162) Dual inf 4.8020379e-15 (1)
Clp0006I 382990  Obj 1.2444342e+10 Primal inf 1.1216862e+09 (206994) Dual inf 4.8020379e-15 (1)
Clp0006I 383990  Obj 1.2453041e+10 Primal inf 3.3948538e+09 (240692) Dual inf 4.8020379e-15 (1)
Clp0006I 384990  Obj 1.2458887e+10 Primal inf 8.0175114e+08 (203362) Dual inf 4.8020379e-15 (1)
Clp0006I 385990  Obj 1.2463783e+10 Primal inf 7.1193194e+08 (198873)
Clp0006I 386990  Obj 1.2471371e+10 Primal inf 1.1788648e+09 (204912)
Clp0006I 387990  Obj 1.2480621e+10 Primal inf 2.3472239e+09 (236075)
Clp0006I 388990  Obj 1.2492827e+10 Primal inf 2.7129609e+09 (232422)
Clp0006I 389990  Obj 1.2504641e+10 Primal inf 1.0657095e+09 (222076)
Clp0006I 390990  Obj 1.2511323e+10 Primal inf 1.5728109e+10 (230422)
Clp0006I 391990  Obj 1.2515763e+10 Primal inf 2.5699318e+09 (235170)
Clp0006I 392990  Obj 1.2520346e+10 Primal inf 9.5517538e+08 (198974)
Clp0006I 393990  Obj 1.2536707e+10 Primal inf 1.4978723e+09 (226379)
Clp0006I 394990  Obj 1.2545964e+10 Primal inf 6.2525245e+09 (250993)
Clp0006I 395990  Obj 1.2559326e+10 Primal inf 8.5299041e+08 (204582)
Clp0006I 396990  Obj 1.2580368e+10 Primal inf 4.578209e+09 (225508)
Clp0006I 397990  Obj 1.2596586e+10 Primal inf 9.9307743e+08 (199495)
Clp0006I 398990  Obj 1.2608318e+10 Primal inf 1.1157676e+09 (199056)
Clp0006I 399990  Obj 1.2615736e+10 Primal inf 2.4994797e+09 (238473)
Clp0006I 400990  Obj 1.262837e+10 Primal inf 8.037794e+08 (205539)
Clp0006I 401990  Obj 1.2640526e+10 Primal inf 6.844776e+09 (234719)
Clp0006I 402990  Obj 1.2655043e+10 Primal inf 2.318156e+09 (235465)
Clp0006I 403990  Obj 1.2670102e+10 Primal inf 5.2714941e+09 (234211)
Clp0006I 404990  Obj 1.2680638e+10 Primal inf 1.4593834e+09 (199102)
Clp0006I 405990  Obj 1.2687693e+10 Primal inf 8.0184732e+08 (205612)
Clp0006I 406990  Obj 1.269524e+10 Primal inf 8.6536413e+08 (199161)
Clp0006I 407990  Obj 1.2704405e+10 Primal inf 2.7596073e+09 (225896)
Clp0006I 408990  Obj 1.2711388e+10 Primal inf 8.0440593e+08 (197901)
Clp0006I 409990  Obj 1.2733285e+10 Primal inf 3.7489491e+09 (238308)
Clp0006I 410990  Obj 1.2745006e+10 Primal inf 3.5965276e+09 (245990)
Clp0006I 411990  Obj 1.2753292e+10 Primal inf 2.0132073e+09 (238232)
Clp0006I 412990  Obj 1.2758867e+10 Primal inf 3.3828973e+09 (250040)
Clp0006I 413990  Obj 1.2762652e+10 Primal inf 3.4712143e+09 (250203)
Clp0006I 414990  Obj 1.2770482e+10 Primal inf 2.1162022e+09 (238411)
Clp0006I 415990  Obj 1.2780125e+10 Primal inf 3.4853526e+09 (230506)
Clp0006I 416990  Obj 1.278828e+10 Primal inf 1.4859959e+09 (225879)
Clp0006I 417990  Obj 1.279619e+10 Primal inf 5.3512686e+09 (228052)
Clp0006I 418990  Obj 1.2810664e+10 Primal inf 1.0781889e+10 (231741)
Clp0006I 419990  Obj 1.2834786e+10 Primal inf 2.5874877e+09 (241083)
Clp0006I 420990  Obj 1.286252e+10 Primal inf 6.8936965e+10 (271820)
Clp0006I 421990  Obj 1.2873093e+10 Primal inf 3.111757e+09 (246739)
Clp0006I 422990  Obj 1.2882527e+10 Primal inf 1.4159912e+09 (203006)
Clp0006I 423990  Obj 1.2899489e+10 Primal inf 7.5891613e+09 (238959)
Clp0006I 424990  Obj 1.2905786e+10 Primal inf 5.3450777e+09 (241642)
Clp0006I 425990  Obj 1.2918265e+10 Primal inf 1.7502782e+09 (235107)
Clp0006I 426990  Obj 1.2940519e+10 Primal inf 9.6507643e+09 (249674)
Clp0006I 427990  Obj 1.2955926e+10 Primal inf 1.6025033e+10 (259861)
Clp0006I 428990  Obj 1.2972463e+10 Primal inf 1.5062546e+10 (302807)
Clp0006I 429990  Obj 1.2991028e+10 Primal inf 2.1489174e+10 (278696)
Clp0006I 430990  Obj 1.2994925e+10 Primal inf 3.202186e+09 (240327)
Clp0006I 431990  Obj 1.3014703e+10 Primal inf 1.9446449e+10 (271789)
Clp0006I 432990  Obj 1.3025844e+10 Primal inf 7.6555971e+10 (278238)
Clp0006I 433990  Obj 1.3034342e+10 Primal inf 8.3113518e+10 (278605)
Clp0006I 434990  Obj 1.3039314e+10 Primal inf 3.9029575e+09 (246469)
Clp0006I 435990  Obj 1.3045425e+10 Primal inf 4.9210882e+09 (261548)
Clp0006I 436990  Obj 1.3066523e+10 Primal inf 4.9973923e+10 (297207)
Clp0006I 437990  Obj 1.3084271e+10 Primal inf 2.9454618e+09 (224074)
Clp0006I 438990  Obj 1.3097622e+10 Primal inf 7.6150686e+09 (247764)
Clp0006I 439990  Obj 1.3109326e+10 Primal inf 2.9893352e+09 (227827)
Clp0006I 440990  Obj 1.3125314e+10 Primal inf 1.7158912e+09 (224723)
Clp0006I 441990  Obj 1.3139143e+10 Primal inf 4.0760496e+09 (274271)
Clp0006I 442990  Obj 1.3157603e+10 Primal inf 1.023053e+10 (290644)
Clp0006I 443990  Obj 1.3173736e+10 Primal inf 1.5208312e+10 (290113)
Clp0006I 444990  Obj 1.3182956e+10 Primal inf 1.4086223e+09 (215766)
Clp0006I 445990  Obj 1.3191441e+10 Primal inf 6.8186679e+09 (270364)
Clp0006I 446990  Obj 1.3197196e+10 Primal inf 2.3020857e+10 (304101)
Clp0006I 447990  Obj 1.3205853e+10 Primal inf 9.9823179e+10 (301951)
Clp0006I 448990  Obj 1.3220739e+10 Primal inf 2.1159879e+11 (299004)
Clp0006I 449990  Obj 1.3231114e+10 Primal inf 3.3725313e+10 (273174)
Clp0006I 450990  Obj 1.323497e+10 Primal inf 1.7042386e+10 (242979)
Clp0006I 451990  Obj 1.3245195e+10 Primal inf 1.2586296e+10 (269868)
Clp0006I 452990  Obj 1.3254968e+10 Primal inf 1.2155975e+10 (244404)
Clp0006I 453990  Obj 1.3266796e+10 Primal inf 1.9721357e+10 (259219)
Clp0006I 454990  Obj 1.3271229e+10 Primal inf 2.0704406e+10 (296372)
Clp0006I 455990  Obj 1.3279212e+10 Primal inf 1.9851958e+10 (274240)
Clp0006I 456990  Obj 1.3303614e+10 Primal inf 5.2631269e+10 (272672)
Clp0006I 457990  Obj 1.3335586e+10 Primal inf 4.9064458e+09 (266444)
Clp0006I 458990  Obj 1.3361921e+10 Primal inf 1.7809552e+09 (231131)
Clp0006I 459990  Obj 1.337582e+10 Primal inf 1.9448447e+09 (227017)
Clp0006I 460990  Obj 1.3395391e+10 Primal inf 1.9673898e+10 (253829)
Clp0006I 461990  Obj 1.3422992e+10 Primal inf 9.8195093e+09 (292370)
Clp0006I 462990  Obj 1.3432902e+10 Primal inf 6.9241248e+10 (327066)
Clp0006I 463990  Obj 1.3453057e+10 Primal inf 4.6746796e+09 (273655)
Clp0006I 464990  Obj 1.3482778e+10 Primal inf 3.4804531e+09 (246180)
Clp0006I 465990  Obj 1.3504389e+10 Primal inf 4.0529181e+09 (237360)
Clp0006I 466990  Obj 1.3524406e+10 Primal inf 2.0098971e+10 (304091)
Clp0006I 467990  Obj 1.3541338e+10 Primal inf 2.1919939e+09 (281971)
Clp0006I 468990  Obj 1.3574528e+10 Primal inf 9.0907664e+10 (238381)
Clp0006I 469990  Obj 1.3596052e+10 Primal inf 4.7035873e+10 (280023)
Clp0006I 470990  Obj 1.3612899e+10 Primal inf 3.1063894e+09 (245747)
Clp0006I 471990  Obj 1.3624342e+10 Primal inf 5.9978975e+09 (279662)
Clp0006I 472990  Obj 1.3633991e+10 Primal inf 6.4681477e+10 (302484)
Clp0006I 473990  Obj 1.3645212e+10 Primal inf 1.1172492e+10 (258702)
Clp0006I 474990  Obj 1.3660688e+10 Primal inf 2.8439946e+09 (271419)
Clp0006I 475990  Obj 1.3672875e+10 Primal inf 1.3462463e+10 (320440)
Clp0006I 476990  Obj 1.3686876e+10 Primal inf 1.4682656e+11 (277595)
Clp0006I 477990  Obj 1.3700859e+10 Primal inf 6.0996949e+10 (275848)
Clp0006I 478990  Obj 1.3712646e+10 Primal inf 4.6941249e+09 (264609)
Clp0006I 479990  Obj 1.3728375e+10 Primal inf 7.065327e+10 (334949)
Clp0006I 480990  Obj 1.3746646e+10 Primal inf 1.9047134e+10 (324096)
Clp0006I 481990  Obj 1.3762473e+10 Primal inf 3.7754414e+09 (265687)
Clp0006I 482990  Obj 1.378569e+10 Primal inf 1.0061843e+11 (299530)
Clp0006I 483990  Obj 1.3798651e+10 Primal inf 2.4396509e+10 (323597)
Clp0006I 484990  Obj 1.3819944e+10 Primal inf 6.9535225e+10 (323022)
Clp0006I 485990  Obj 1.3834935e+10 Primal inf 7.9206643e+09 (268780)
Clp0006I 486990  Obj 1.385008e+10 Primal inf 2.529127e+10 (277606)
Clp0006I 487990  Obj 1.3856089e+10 Primal inf 8.2128554e+09 (272512)
Clp0006I 488990  Obj 1.3866581e+10 Primal inf 1.1795513e+11 (344145)
Clp0006I 489990  Obj 1.3869581e+10 Primal inf 1.5915567e+10 (285276)
Clp0006I 490990  Obj 1.3903494e+10 Primal inf 2.7814089e+10 (304666)
Clp0006I 491990  Obj 1.3909348e+10 Primal inf 9.7983138e+10 (315499)
Clp0006I 492990  Obj 1.3918897e+10 Primal inf 2.0407925e+10 (291003)
Clp0006I 493990  Obj 1.3932047e+10 Primal inf 3.7112351e+09 (260731)
Clp0006I 494990  Obj 1.394579e+10 Primal inf 2.0466775e+10 (313359)
Clp0006I 495990  Obj 1.3978142e+10 Primal inf 5.1470264e+10 (302561)
Clp0006I 496990  Obj 1.3991586e+10 Primal inf 8.7998086e+10 (335390)
Clp0006I 497990  Obj 1.3997548e+10 Primal inf 1.1365862e+11 (282522)
Clp0006I 498990  Obj 1.4003845e+10 Primal inf 8.5612314e+09 (292192)
Clp0006I 499990  Obj 1.4006771e+10 Primal inf 1.1413859e+11 (391426)
Clp0006I 500990  Obj 1.4017919e+10 Primal inf 2.0976909e+10 (270449)
Clp0006I 501990  Obj 1.4026922e+10 Primal inf 9.8061854e+10 (289900)
Clp0006I 502990  Obj 1.403734e+10 Primal inf 8.3129701e+09 (285183)
Clp0006I 503990  Obj 1.4044644e+10 Primal inf 1.4844279e+10 (312776)
Clp0006I 504990  Obj 1.4050689e+10 Primal inf 9.2173862e+09 (258371)
Clp0006I 505990  Obj 1.4057748e+10 Primal inf 6.9802807e+09 (269897)
Clp0006I 506990  Obj 1.4061568e+10 Primal inf 4.0279426e+10 (314360)
Clp0006I 507990  Obj 1.4067216e+10 Primal inf 1.4450087e+09 (251131)
Clp0006I 508990  Obj 1.4074735e+10 Primal inf 1.4665279e+10 (333570)
Clp0006I 509990  Obj 1.4094603e+10 Primal inf 9.9132339e+08 (214451)
Clp0006I 510990  Obj 1.4111404e+10 Primal inf 1.5960825e+11 (341325)
Clp0006I 511990  Obj 1.4118178e+10 Primal inf 2.9521469e+09 (250206)
Clp0006I 512990  Obj 1.4124679e+10 Primal inf 3.1693843e+09 (280188)
Clp0006I 513990  Obj 1.4135464e+10 Primal inf 1.2963511e+11 (324304)
Clp0006I 514990  Obj 1.4142445e+10 Primal inf 8.974539e+10 (313683)
Clp0006I 515990  Obj 1.414698e+10 Primal inf 4.7553433e+09 (316038)
Clp0006I 516990  Obj 1.4148558e+10 Primal inf 8.4316832e+09 (281668)
Clp0006I 517990  Obj 1.4166481e+10 Primal inf 8.3970683e+09 (281478)
Clp0006I 518990  Obj 1.4167e+10 Primal inf 3.3603027e+10 (350483)
Clp0006I 519990  Obj 1.4169102e+10 Primal inf 1.1677809e+10 (293845)
Clp0006I 520990  Obj 1.4171945e+10 Primal inf 9.808719e+09 (277762)
Clp0006I 521990  Obj 1.4174932e+10 Primal inf 2.553961e+10 (303903)
Clp0006I 522990  Obj 1.4180703e+10 Primal inf 1.4255394e+10 (302411)
Clp0006I 523990  Obj 1.4182155e+10 Primal inf 3.2799661e+10 (303429)
Clp0006I 524990  Obj 1.4192177e+10 Primal inf 3.3333272e+09 (304459)
Clp0006I 525990  Obj 1.4197805e+10 Primal inf 2.9376791e+10 (299335)
Clp0006I 526990  Obj 1.4202096e+10 Primal inf 2.6428837e+10 (296880)
Clp0006I 527990  Obj 1.4203869e+10 Primal inf 4.5540122e+09 (261146)
Clp0006I 528990  Obj 1.4209682e+10 Primal inf 7.8187702e+09 (305462)
Clp0006I 529990  Obj 1.4214686e+10 Primal inf 1.6823213e+11 (324339)
Clp0006I 530990  Obj 1.4217955e+10 Primal inf 4.3174186e+10 (322941)
Clp0006I 531990  Obj 1.424619e+10 Primal inf 2.7884855e+10 (263826)
Clp0006I 532990  Obj 1.4283949e+10 Primal inf 3.0584999e+10 (279869)
Clp0006I 533990  Obj 1.4305028e+10 Primal inf 5.8593686e+10 (323037)
Clp0006I 534990  Obj 1.4318464e+10 Primal inf 4.6803264e+09 (260384)
Clp0006I 535990  Obj 1.4321314e+10 Primal inf 4.7137358e+10 (310684)
Clp0006I 536990  Obj 1.4337119e+10 Primal inf 1.0743824e+12 (324709)
Clp0006I 537990  Obj 1.4349639e+10 Primal inf 9.3263793e+09 (287792)
Clp0006I 538990  Obj 1.436369e+10 Primal inf 1.8951755e+09 (249899)
Clp0006I 539990  Obj 1.4372635e+10 Primal inf 5.0011549e+10 (297409)
Clp0006I 540990  Obj 1.4382676e+10 Primal inf 5.4170969e+10 (317097)
Clp0006I 541990  Obj 1.4391896e+10 Primal inf 2.1704808e+12 (315141)
Clp0006I 542990  Obj 1.4397448e+10 Primal inf 1.1854449e+11 (321885)
Clp0006I 543990  Obj 1.4407137e+10 Primal inf 7.4141194e+09 (295369)
Clp0006I 544990  Obj 1.4411496e+10 Primal inf 8.4475961e+11 (328944)
Clp0006I 545990  Obj 1.4417905e+10 Primal inf 2.4169961e+12 (360372)
Clp0006I 546990  Obj 1.4422587e+10 Primal inf 2.6303533e+10 (318330)
Clp0006I 547990  Obj 1.4434319e+10 Primal inf 1.062812e+10 (318535)
Clp0006I 548990  Obj 1.4452287e+10 Primal inf 3.195831e+09 (249886)
Clp0006I 549990  Obj 1.4466921e+10 Primal inf 4.8903056e+10 (333865)
Clp0006I 550990  Obj 1.4475303e+10 Primal inf 1.0140763e+10 (278912)
Clp0006I 551990  Obj 1.449126e+10 Primal inf 4.8547428e+09 (307221)
Clp0006I 552990  Obj 1.4500195e+10 Primal inf 2.0826857e+09 (234941)
Clp0006I 553990  Obj 1.4514433e+10 Primal inf 3.0757526e+10 (307894)
Clp0006I 554990  Obj 1.4518782e+10 Primal inf 2.4669766e+09 (245596)
Clp0006I 555990  Obj 1.4530431e+10 Primal inf 2.6334152e+10 (282554)
Clp0006I 556990  Obj 1.4542722e+10 Primal inf 6.6302788e+10 (301598)
Clp0006I 557990  Obj 1.4547575e+10 Primal inf 1.4983186e+10 (259311)
Clp0006I 558990  Obj 1.4554967e+10 Primal inf 3.0725469e+09 (259775)
Clp0006I 559990  Obj 1.4564789e+10 Primal inf 2.2681364e+10 (320700)
Clp0006I 560990  Obj 1.4575559e+10 Primal inf 1.4155948e+09 (251200)
Clp0006I 561990  Obj 1.4582177e+10 Primal inf 8.7378647e+10 (267469)
Clp0006I 562990  Obj 1.4589458e+10 Primal inf 9.9966712e+09 (274158)
Clp0006I 563990  Obj 1.4595715e+10 Primal inf 1.2541787e+10 (315780)
Clp0006I 564990  Obj 1.4597552e+10 Primal inf 1.1785766e+11 (305445)
Clp0006I 565990  Obj 1.4600873e+10 Primal inf 1.6037278e+10 (349946)
Clp0006I 566990  Obj 1.4615275e+10 Primal inf 1.6699722e+11 (327424)
Clp0006I 567990  Obj 1.4628664e+10 Primal inf 1.065715e+10 (285248)
Clp0006I 568990  Obj 1.4642572e+10 Primal inf 3.7025045e+11 (272219)
Clp0006I 569990  Obj 1.4654084e+10 Primal inf 3.567132e+09 (252218)
Clp0006I 570990  Obj 1.4668014e+10 Primal inf 4.3742589e+09 (259958)
Clp0006I 571990  Obj 1.4677111e+10 Primal inf 3.7525878e+10 (329265)
Clp0006I 572990  Obj 1.4683413e+10 Primal inf 7.3735666e+09 (300904)
Clp0006I 573990  Obj 1.4687973e+10 Primal inf 8.7928835e+09 (266786)
Clp0006I 574990  Obj 1.469489e+10 Primal inf 3.3507783e+10 (348304)
Clp0006I 575990  Obj 1.4700375e+10 Primal inf 9.8016592e+09 (311016)
Clp0006I 576990  Obj 1.4708749e+10 Primal inf 9.8274327e+09 (318416)
Clp0006I 577990  Obj 1.4716649e+10 Primal inf 1.022409e+10 (349699)
Clp0006I 578990  Obj 1.4725096e+10 Primal inf 9.8507022e+09 (337354)
Clp0006I 579990  Obj 1.4734618e+10 Primal inf 1.8838599e+11 (294385)
Clp0006I 580990  Obj 1.4740362e+10 Primal inf 3.6548007e+09 (307429)
Clp0006I 581990  Obj 1.4754667e+10 Primal inf 2.984656e+10 (369515)
Clp0006I 582990  Obj 1.476858e+10 Primal inf 2.8483293e+10 (296490)
Clp0006I 583990  Obj 1.4777902e+10 Primal inf 6.918859e+10 (304281)
Clp0006I 584990  Obj 1.4780311e+10 Primal inf 5.9042365e+09 (276338)
Clp0006I 585990  Obj 1.478657e+10 Primal inf 1.553721e+11 (307767)
Clp0006I 586990  Obj 1.4796188e+10 Primal inf 3.7175354e+09 (310692)
Clp0006I 587990  Obj 1.4806958e+10 Primal inf 1.7875481e+10 (353115)
Clp0006I 588990  Obj 1.4814756e+10 Primal inf 2.2138765e+11 (385574)
Clp0006I 589990  Obj 1.4826171e+10 Primal inf 1.2304226e+11 (334454)
Clp0006I 590990  Obj 1.4835502e+10 Primal inf 2.7069843e+10 (392155)
Clp0006I 591990  Obj 1.4836883e+10 Primal inf 1.2795576e+10 (312171)
Clp0006I 592990  Obj 1.48448e+10 Primal inf 3.2019489e+10 (323758)
Clp0006I 593990  Obj 1.4857054e+10 Primal inf 1.515858e+11 (319180)
Clp0006I 594990  Obj 1.4863403e+10 Primal inf 7.4540457e+11 (329032)
Clp0006I 595990  Obj 1.4870496e+10 Primal inf 4.0398551e+11 (376187)
Clp0006I 596990  Obj 1.487954e+10 Primal inf 4.5759412e+10 (393612)
Clp0006I 597990  Obj 1.4891434e+10 Primal inf 2.3715451e+11 (339134)
Clp0006I 598990  Obj 1.4899921e+10 Primal inf 1.050472e+11 (371225)
Clp0006I 599990  Obj 1.4905332e+10 Primal inf 8.1760977e+10 (323146)
Clp0006I 600990  Obj 1.4907573e+10 Primal inf 1.9310032e+10 (283398)
Clp0006I 601990  Obj 1.4911677e+10 Primal inf 9.6580134e+09 (239228)
Clp0006I 602990  Obj 1.49177e+10 Primal inf 4.5191589e+09 (290778)
Clp0006I 603990  Obj 1.4932219e+10 Primal inf 1.6877245e+10 (340675)
Clp0006I 604990  Obj 1.4950055e+10 Primal inf 1.0316583e+10 (312970)
Clp0006I 605990  Obj 1.4960558e+10 Primal inf 1.6901667e+10 (334162)
Clp0006I 606990  Obj 1.4975409e+10 Primal inf 1.4479814e+10 (372801)
Clp0006I 607990  Obj 1.4982098e+10 Primal inf 9.3272813e+09 (325319)
Clp0006I 608990  Obj 1.4990801e+10 Primal inf 2.1755953e+10 (315166)
Clp0006I 609990  Obj 1.4999679e+10 Primal inf 2.5639531e+10 (313286)
Clp0006I 610990  Obj 1.5013811e+10 Primal inf 4.4838551e+09 (289758)
Clp0006I 611990  Obj 1.502721e+10 Primal inf 1.1194455e+11 (329306)
Clp0006I 612990  Obj 1.5039291e+10 Primal inf 1.5742123e+10 (337758)
Clp0006I 613990  Obj 1.5050714e+10 Primal inf 6.172749e+09 (280537)
Clp0006I 614990  Obj 1.5064075e+10 Primal inf 8.5897668e+10 (314921)
Clp0006I 615990  Obj 1.5075324e+10 Primal inf 2.53954e+10 (305172)
Clp0006I 616990  Obj 1.508323e+10 Primal inf 1.6129902e+10 (316166)
Clp0006I 617990  Obj 1.5099593e+10 Primal inf 1.0684399e+11 (330875)
Clp0006I 618990  Obj 1.5115464e+10 Primal inf 7.2240944e+10 (347942)
Clp0006I 619990  Obj 1.5130017e+10 Primal inf 2.7866267e+11 (307968)
Clp0006I 620990  Obj 1.5144786e+10 Primal inf 1.4212403e+10 (294295)
Clp0006I 621990  Obj 1.516049e+10 Primal inf 5.9029589e+09 (282406)
Clp0006I 622990  Obj 1.517449e+10 Primal inf 4.4826064e+09 (265342)
Clp0006I 623990  Obj 1.5186532e+10 Primal inf 1.215412e+11 (315731)
Clp0006I 624990  Obj 1.5200351e+10 Primal inf 8.4919717e+10 (348349)
Clp0006I 625990  Obj 1.5213364e+10 Primal inf 5.5667862e+10 (342551)
Clp0006I 626990  Obj 1.5228109e+10 Primal inf 3.3067258e+09 (311575)
Clp0006I 627990  Obj 1.524331e+10 Primal inf 1.5627834e+10 (314816)
Clp0006I 628990  Obj 1.5254999e+10 Primal inf 5.3405743e+10 (303855)
Clp0006I 629990  Obj 1.526647e+10 Primal inf 1.5896717e+10 (296195)
Clp0006I 630990  Obj 1.5279498e+10 Primal inf 4.9491552e+10 (299923)
Clp0006I 631990  Obj 1.5291288e+10 Primal inf 5.3129774e+10 (339262)
Clp0006I 632990  Obj 1.5305548e+10 Primal inf 6.4163838e+10 (279652)
Clp0006I 633990  Obj 1.5316052e+10 Primal inf 3.4685427e+11 (341501)
Clp0006I 634990  Obj 1.5325331e+10 Primal inf 4.3443333e+10 (298665)
Clp0006I 635990  Obj 1.5338655e+10 Primal inf 4.3912323e+10 (311870)
Clp0006I 636990  Obj 1.5352869e+10 Primal inf 8.9676939e+10 (400327)
Clp0006I 637990  Obj 1.5363015e+10 Primal inf 4.2772305e+10 (290851)
Clp0006I 638990  Obj 1.5373563e+10 Primal inf 6.0808302e+10 (268646)
Clp0006I 639990  Obj 1.5382449e+10 Primal inf 5.6105609e+09 (281564)
Clp0006I 640990  Obj 1.5390995e+10 Primal inf 1.2411252e+10 (323690)
Clp0006I 641990  Obj 1.5400592e+10 Primal inf 5.3802301e+11 (385760)
Clp0006I 642990  Obj 1.5415313e+10 Primal inf 3.8058001e+10 (318383)
Clp0006I 643990  Obj 1.5490158e+10 Primal inf 6.7516708e+10 (357927)
Clp0006I 644990  Obj 1.5527482e+10 Primal inf 2.6526739e+10 (336499)
Clp0006I 645990  Obj 1.5543123e+10 Primal inf 1.4657636e+11 (318068)
Clp0006I 646990  Obj 1.555737e+10 Primal inf 1.2133346e+10 (329737)
Clp0006I 647990  Obj 1.5573735e+10 Primal inf 9.4844045e+09 (325829)
Clp0006I 648990  Obj 1.5588435e+10 Primal inf 5.5365343e+10 (311478)
Clp0006I 649844  Obj 1.5607251e+10 Primal inf 7.3037403e+11 (378800)
Clp0006I 650844  Obj 1.5621988e+10 Primal inf 2.6556158e+10 (268313)
Clp0006I 651844  Obj 1.5631067e+10 Primal inf 1.110864e+11 (372933)
Clp0006I 652844  Obj 1.5640744e+10 Primal inf 2.9289904e+10 (297695)
Clp0006I 653844  Obj 1.5651524e+10 Primal inf 2.6890386e+10 (320564)
Clp0006I 654844  Obj 1.5671532e+10 Primal inf 5.8472461e+10 (375113)
Clp0006I 655844  Obj 1.5678572e+10 Primal inf 2.5221837e+10 (345717)
Clp0006I 656844  Obj 1.5687489e+10 Primal inf 1.2692316e+10 (331349)
Clp0006I 657844  Obj 1.5704223e+10 Primal inf 4.4539395e+10 (329602)
Clp0006I 658844  Obj 1.5716517e+10 Primal inf 6.1908967e+09 (366395)
Clp0006I 659844  Obj 1.5728037e+10 Primal inf 6.1970863e+11 (325988)
Clp0006I 660844  Obj 1.5742335e+10 Primal inf 4.7555384e+09 (287846)
Clp0006I 661844  Obj 1.5750741e+10 Primal inf 1.2829373e+11 (408495)
Clp0006I 662844  Obj 1.575537e+10 Primal inf 5.6605623e+10 (347145)
Clp0006I 663844  Obj 1.5764653e+10 Primal inf 6.5886944e+09 (331081)
Clp0006I 664844  Obj 1.5777352e+10 Primal inf 4.0709745e+10 (389901)
Clp0006I 665844  Obj 1.5800317e+10 Primal inf 1.1856141e+10 (331618)
Clp0006I 666844  Obj 1.5804823e+10 Primal inf 1.3883505e+10 (308991)
Clp0006I 667844  Obj 1.58168e+10 Primal inf 1.3712656e+12 (333693)
Clp0006I 668844  Obj 1.5836632e+10 Primal inf 2.7568811e+10 (368775)
Clp0006I 669844  Obj 1.5846405e+10 Primal inf 1.7441856e+11 (363742)
Clp0006I 670844  Obj 1.585571e+10 Primal inf 2.5971691e+10 (329064)
Clp0006I 671844  Obj 1.5865496e+10 Primal inf 7.7362091e+10 (289009)
Clp0006I 672844  Obj 1.5870938e+10 Primal inf 1.1285811e+11 (361811)
Clp0006I 673844  Obj 1.5888323e+10 Primal inf 1.1049348e+11 (376924)
Clp0006I 674844  Obj 1.5901862e+10 Primal inf 6.1732765e+10 (315037)
Clp0006I 675844  Obj 1.5915257e+10 Primal inf 1.5794234e+10 (339705)
Clp0006I 676844  Obj 1.5926559e+10 Primal inf 2.064038e+11 (309417)
Clp0006I 677844  Obj 1.5941993e+10 Primal inf 5.0474402e+10 (361510)
Clp0006I 678844  Obj 1.5959242e+10 Primal inf 3.9806024e+10 (285966)
Clp0006I 679844  Obj 1.59804e+10 Primal inf 9.1353799e+09 (300376)
Clp0006I 680844  Obj 1.6008811e+10 Primal inf 9.9137034e+09 (372940)
Clp0006I 681844  Obj 1.6022313e+10 Primal inf 2.8796595e+10 (333985)
Clp0006I 682844  Obj 1.6030635e+10 Primal inf 1.0093083e+10 (313614)
Clp0006I 683844  Obj 1.6043775e+10 Primal inf 1.8994654e+10 (332051)
Clp0006I 684844  Obj 1.60449e+10 Primal inf 2.1124709e+10 (276299)
Clp0006I 685844  Obj 1.6063079e+10 Primal inf 4.5336603e+10 (352260)
Clp0006I 686844  Obj 1.6082143e+10 Primal inf 1.9826229e+11 (394846)
Clp0006I 687844  Obj 1.6108787e+10 Primal inf 4.0100115e+11 (423910)
Clp0006I 688844  Obj 1.6141357e+10 Primal inf 2.5125672e+11 (394322)
Clp0006I 689844  Obj 1.6164581e+10 Primal inf 4.0361096e+10 (392022)
Clp0006I 690844  Obj 1.6190207e+10 Primal inf 1.8654434e+11 (399225)
Clp0006I 691844  Obj 1.6219787e+10 Primal inf 3.4477731e+10 (395797)
Clp0006I 692844  Obj 1.6249777e+10 Primal inf 2.7130242e+12 (335387)
Clp0006I 693844  Obj 1.6277544e+10 Primal inf 9.2274185e+10 (398827)
Clp0006I 694844  Obj 1.6301079e+10 Primal inf 6.5236434e+10 (418348)
Clp0006I 695844  Obj 1.6312315e+10 Primal inf 8.4204147e+09 (358289)
Clp0006I 696623  Obj 1.6326027e+10 Primal inf 2.2517623e+11 (380467)
Clp0006I 697623  Obj 1.6354285e+10 Primal inf 4.1288406e+10 (402559)
Clp0006I 698623  Obj 1.6374029e+10 Primal inf 2.887605e+11 (384720)
Clp0006I 699623  Obj 1.6389212e+10 Primal inf 8.7562103e+10 (336567)
Clp0006I 700623  Obj 1.6407853e+10 Primal inf 1.1301034e+10 (352419)
Clp0006I 701623  Obj 1.6417461e+10 Primal inf 8.2660714e+09 (318619)
Clp0006I 702623  Obj 1.6433829e+10 Primal inf 4.2495548e+10 (352983)
Clp0006I 703623  Obj 1.6450815e+10 Primal inf 1.1442992e+11 (336852)
Clp0006I 704623  Obj 1.6466396e+10 Primal inf 3.682586e+09 (348982)
Clp0006I 705623  Obj 1.6474775e+10 Primal inf 3.0451896e+11 (370575)
Clp0006I 706623  Obj 1.6482616e+10 Primal inf 9.9599054e+10 (4