Coin0506I Presolve 1521577 (-195446) rows, 591998 (-65130) columns and 4511329 (-460732) elements
Clp0006I 0  Obj 0 Primal inf 8.7589291e+08 (43800)
Clp0006I 1000  Obj 4.7917429e-12 Primal inf 8.6631624e+08 (44708)
Clp0006I 2000  Obj 9.9133726e-12 Primal inf 8.5892554e+08 (45580)
Clp0006I 3000  Obj 1.5950214e-11 Primal inf 8.5623739e+08 (46596)
Clp0006I 4000  Obj 10517308 Primal inf 8.4621153e+08 (47625)
Clp0006I 5000  Obj 14367319 Primal inf 8.388365e+08 (48572)
Clp0006I 6000  Obj 26104885 Primal inf 8.3220471e+08 (49555)
Clp0006I 7000  Obj 39569175 Primal inf 8.2988747e+08 (50637)
Clp0006I 8000  Obj 53707095 Primal inf 8.2560744e+08 (51656)
Clp0006I 9000  Obj 74957727 Primal inf 8.1845017e+08 (52823)
Clp0006I 10000  Obj 87624249 Primal inf 8.1733376e+08 (53908)
Clp0006I 11000  Obj 1.0633943e+08 Primal inf 8.1290941e+08 (55026)
Clp0006I 12000  Obj 1.2943517e+08 Primal inf 8.1048238e+08 (56202)
Clp0006I 13000  Obj 1.3990477e+08 Primal inf 8.0696718e+08 (57316)
Clp0006I 14000  Obj 1.6092548e+08 Primal inf 8.0771959e+08 (58633)
Clp0006I 15000  Obj 1.8693956e+08 Primal inf 8.0581058e+08 (59885)
Clp0006I 16000  Obj 2.1251724e+08 Primal inf 7.2743062e+08 (61210)
Clp0006I 17000  Obj 2.453245e+08 Primal inf 7.2359312e+08 (62323)
Clp0006I 18000  Obj 2.7742228e+08 Primal inf 7.2437506e+08 (63592)
Clp0006I 19000  Obj 2.9880931e+08 Primal inf 7.2102357e+08 (64613)
Clp0006I 20000  Obj 3.371021e+08 Primal inf 7.2094346e+08 (65961)
Clp0006I 21000  Obj 3.6218571e+08 Primal inf 7.2077747e+08 (67146)
Clp0006I 22000  Obj 3.9493384e+08 Primal inf 7.236117e+08 (68492)
Clp0006I 23000  Obj 4.3375885e+08 Primal inf 7.2428244e+08 (69796)
Clp0006I 24000  Obj 4.6489852e+08 Primal inf 7.2391039e+08 (71062)
Clp0006I 25000  Obj 4.9434119e+08 Primal inf 7.2689929e+08 (72282)
Clp0006I 26000  Obj 5.3999645e+08 Primal inf 7.2685502e+08 (73563)
Clp0006I 27000  Obj 5.7023223e+08 Primal inf 7.2804832e+08 (74724)
Clp0006I 28000  Obj 6.0072043e+08 Primal inf 7.3076649e+08 (75988)
Clp0006I 29000  Obj 6.393115e+08 Primal inf 7.2959518e+08 (77086)
Clp0006I 30000  Obj 6.8288188e+08 Primal inf 7.276881e+08 (78129)
Clp0006I 31000  Obj 7.1443833e+08 Primal inf 7.2945219e+08 (79332)
Clp0006I 32000  Obj 7.5329907e+08 Primal inf 7.3040435e+08 (80593)
Clp0006I 33000  Obj 7.8721564e+08 Primal inf 7.3124665e+08 (81734)
Clp0006I 34000  Obj 8.2071982e+08 Primal inf 7.3266142e+08 (83010)
Clp0006I 35000  Obj 8.58974e+08 Primal inf 7.3310694e+08 (84127)
Clp0006I 36000  Obj 8.966349e+08 Primal inf 7.3355153e+08 (85345)
Clp0006I 37000  Obj 9.2813669e+08 Primal inf 7.3802589e+08 (86609)
Clp0006I 38000  Obj 9.6271515e+08 Primal inf 7.3738398e+08 (87789)
Clp0006I 39000  Obj 1.0053316e+09 Primal inf 7.373508e+08 (88923)
Clp0006I 40000  Obj 1.0445234e+09 Primal inf 7.3471682e+08 (90087)
Clp0006I 41000  Obj 1.0875819e+09 Primal inf 7.3314975e+08 (91213)
Clp0006I 42000  Obj 1.1329075e+09 Primal inf 7.3588344e+08 (92437)
Clp0006I 43000  Obj 1.1714812e+09 Primal inf 7.4116705e+08 (93662)
Clp0006I 44000  Obj 1.2016708e+09 Primal inf 7.450884e+08 (94842)
Clp0006I 45000  Obj 1.2404074e+09 Primal inf 7.466083e+08 (96114)
Clp0006I 46000  Obj 1.2891591e+09 Primal inf 7.5107594e+08 (97357)
Clp0006I 47000  Obj 1.3348098e+09 Primal inf 7.511245e+08 (98429)
Clp0006I 48000  Obj 1.3848053e+09 Primal inf 7.5229759e+08 (99633)
Clp0006I 49000  Obj 1.4426007e+09 Primal inf 7.5015547e+08 (100619)
Clp0006I 50000  Obj 1.4960166e+09 Primal inf 7.5118768e+08 (101756)
Clp0006I 51000  Obj 1.5466643e+09 Primal inf 7.5203479e+08 (102926)
Clp0006I 52000  Obj 1.5658428e+09 Primal inf 8.5059308e+08 (105478)
Clp0006I 53000  Obj 1.5924794e+09 Primal inf 8.5548339e+08 (106576)
Clp0006I 54000  Obj 1.8003924e+09 Primal inf 3.4392102e+09 (107801)
Clp0006I 55000  Obj 1.9187722e+09 Primal inf 7.6356466e+08 (109441)
Clp0006I 56000  Obj 1.9507436e+09 Primal inf 7.3099445e+08 (110622)
Clp0006I 57000  Obj 1.9693478e+09 Primal inf 7.3109009e+08 (111638)
Clp0006I 58000  Obj 1.9826938e+09 Primal inf 7.2826889e+08 (112887)
Clp0006I 59000  Obj 2.0320454e+09 Primal inf 7.7517286e+08 (112779)
Clp0006I 60000  Obj 2.0666414e+09 Primal inf 7.7378969e+08 (113622)
Clp0006I 61000  Obj 2.0976751e+09 Primal inf 7.7501006e+08 (114480)
Clp0006I 62000  Obj 2.1404439e+09 Primal inf 7.1861888e+08 (116596)
Clp0006I 63000  Obj 2.1797175e+09 Primal inf 7.3094729e+08 (116935)
Clp0006I 64000  Obj 2.1922264e+09 Primal inf 7.2959406e+08 (117730)
Clp0006I 65000  Obj 2.2067358e+09 Primal inf 7.3019005e+08 (118729)
Clp0006I 66000  Obj 2.2195814e+09 Primal inf 7.2727479e+08 (119766)
Clp0006I 67000  Obj 2.2313979e+09 Primal inf 7.2565736e+08 (120766)
Clp0006I 68000  Obj 2.2443288e+09 Primal inf 7.2221562e+08 (121728)
Clp0006I 69000  Obj 2.2604923e+09 Primal inf 7.9304927e+08 (123021)
Clp0006I 70000  Obj 2.2951397e+09 Primal inf 8.3234277e+08 (122630)
Clp0006I 71000  Obj 2.3826626e+09 Primal inf 8.0057209e+08 (124924)
Clp0006I 72000  Obj 2.417947e+09 Primal inf 7.488805e+08 (124718)
Clp0006I 73000  Obj 2.4604525e+09 Primal inf 7.1182772e+08 (126588)
Clp0006I 74000  Obj 2.4842298e+09 Primal inf 6.9662432e+08 (127615)
Clp0006I 75000  Obj 2.5176989e+09 Primal inf 7.1087674e+08 (127762)
Clp0006I 76000  Obj 2.5573361e+09 Primal inf 6.9514305e+08 (129007)
Clp0006I 77000  Obj 2.6160942e+09 Primal inf 7.3151423e+08 (138721)
Clp0006I 78000  Obj 2.6351295e+09 Primal inf 1.1862137e+09 (138467)
Clp0006I 79000  Obj 2.6551851e+09 Primal inf 6.9937357e+08 (132111)
Clp0006I 80000  Obj 2.6603918e+09 Primal inf 7.0358268e+08 (132879)
Clp0006I 81000  Obj 2.6859731e+09 Primal inf 1.2923097e+09 (140535)
Clp0006I 82000  Obj 2.7537595e+09 Primal inf 1.2431108e+09 (171091)
Clp0006I 83000  Obj 2.796651e+09 Primal inf 7.9687771e+08 (133220)
Clp0006I 84000  Obj 2.830791e+09 Primal inf 8.3064869e+08 (133586)
Clp0006I 85000  Obj 2.8910663e+09 Primal inf 7.7182008e+08 (137586)
Clp0006I 86000  Obj 2.9488126e+09 Primal inf 1.7323258e+09 (159962)
Clp0006I 87000  Obj 3.0114518e+09 Primal inf 1.3204317e+09 (135453)
Clp0006I 88000  Obj 3.0389179e+09 Primal inf 7.5449968e+08 (138508)
Clp0006I 89000  Obj 3.090018e+09 Primal inf 4.9797749e+09 (163371)
Clp0006I 90000  Obj 3.1352583e+09 Primal inf 9.863001e+08 (145665)
Clp0006I 91000  Obj 3.2102374e+09 Primal inf 2.0241263e+09 (146258)
Clp0006I 92000  Obj 3.2774704e+09 Primal inf 2.1180332e+09 (187067)
Clp0006I 93000  Obj 3.3048247e+09 Primal inf 9.1382227e+08 (149006)
Clp0006I 94000  Obj 3.3531819e+09 Primal inf 9.3446467e+08 (155513)
Clp0006I 95000  Obj 3.3802275e+09 Primal inf 1.0182926e+09 (153038)
Clp0006I 96000  Obj 3.3831258e+09 Primal inf 1.0145196e+09 (146975)
Clp0006I 97000  Obj 3.410962e+09 Primal inf 9.2216301e+08 (149130)
Clp0006I 98000  Obj 3.438251e+09 Primal inf 9.3648757e+08 (154233)
Clp0006I 99000  Obj 3.463297e+09 Primal inf 1.3636433e+09 (175641)
Clp0006I 100000  Obj 3.4665812e+09 Primal inf 8.0747183e+08 (147920)
Clp0006I 101000  Obj 3.4968456e+09 Primal inf 1.4260227e+09 (176573)
Clp0006I 102000  Obj 3.5031662e+09 Primal inf 7.9101712e+08 (149021)
Clp0006I 103000  Obj 3.5095588e+09 Primal inf 8.0422874e+08 (159078)
Clp0006I 104000  Obj 3.5112701e+09 Primal inf 8.0692073e+08 (159582)
Clp0006I 105000  Obj 3.5130473e+09 Primal inf 8.0929529e+08 (160061)
Clp0006I 106000  Obj 3.5166702e+09 Primal inf 8.1098268e+08 (160694)
Clp0006I 107000  Obj 3.5206266e+09 Primal inf 8.253942e+08 (161225)
Clp0006I 108000  Obj 3.5236848e+09 Primal inf 8.5817399e+08 (161804)
Clp0006I 109000  Obj 3.528165e+09 Primal inf 9.2663211e+08 (162389)
Clp0006I 110000  Obj 3.5384586e+09 Primal inf 8.4754937e+08 (163014)
Clp0006I 111000  Obj 3.5729526e+09 Primal inf 8.8604194e+08 (156605)
Clp0006I 112000  Obj 3.5924448e+09 Primal inf 2.1495819e+09 (207523)
Clp0006I 113000  Obj 3.6041825e+09 Primal inf 8.2546444e+08 (156347)
Clp0006I 114000  Obj 3.6249414e+09 Primal inf 9.2797961e+08 (158947)
Clp0006I 115000  Obj 3.6563724e+09 Primal inf 2.482013e+09 (183524)
Clp0006I 116000  Obj 3.6804687e+09 Primal inf 5.6834329e+09 (186251)
Clp0006I 117000  Obj 3.687685e+09 Primal inf 9.3556014e+08 (159751)
Clp0006I 118000  Obj 3.6988224e+09 Primal inf 8.6912829e+08 (156226)
Clp0006I 119000  Obj 3.7063791e+09 Primal inf 1.0227911e+09 (180042)
Clp0006I 120000  Obj 3.7370238e+09 Primal inf 1.1228137e+09 (183576)
Clp0006I 121000  Obj 3.7466694e+09 Primal inf 2.777789e+09 (187368)
Clp0006I 122000  Obj 3.7893253e+09 Primal inf 1.0026393e+09 (157054)
Clp0006I 123000  Obj 3.8077067e+09 Primal inf 1.054227e+09 (163139)
Clp0006I 124000  Obj 3.826951e+09 Primal inf 1.1524711e+09 (182897)
Clp0006I 125000  Obj 3.8459156e+09 Primal inf 2.144135e+09 (186928)
Clp0006I 126000  Obj 3.8751508e+09 Primal inf 1.3785535e+09 (163721)
Clp0006I 127000  Obj 3.8885799e+09 Primal inf 9.0788518e+08 (158967)
Clp0006I 128000  Obj 3.9025144e+09 Primal inf 8.855015e+08 (158226)
Clp0006I 129000  Obj 3.92113e+09 Primal inf 8.9638982e+08 (158588)
Clp0006I 130000  Obj 3.9376579e+09 Primal inf 9.1806725e+08 (158814)
Clp0006I 131000  Obj 3.9697526e+09 Primal inf 9.7592985e+08 (159952)
Clp0006I 132000  Obj 4.0086305e+09 Primal inf 1.1419591e+09 (167862)
Clp0006I 133000  Obj 4.0290643e+09 Primal inf 1.0591896e+09 (168035)
Clp0006I 134000  Obj 4.0417182e+09 Primal inf 1.0443369e+09 (167459)
Clp0006I 135000  Obj 4.0501349e+09 Primal inf 1.067695e+09 (167979)
Clp0006I 136000  Obj 4.0607454e+09 Primal inf 1.6970122e+09 (192924)
Clp0006I 137000  Obj 4.0674621e+09 Primal inf 1.2269933e+09 (175770)
Clp0006I 138000  Obj 4.0722835e+09 Primal inf 1.2008169e+09 (175599)
Clp0006I 139000  Obj 4.0810428e+09 Primal inf 1.2741035e+09 (176357)
Clp0006I 140000  Obj 4.0903211e+09 Primal inf 1.1702388e+09 (176602)
Clp0006I 141000  Obj 4.1000755e+09 Primal inf 1.1751425e+09 (176629)
Clp0006I 142000  Obj 4.1100886e+09 Primal inf 1.229183e+09 (176960)
Clp0006I 143000  Obj 4.1170401e+09 Primal inf 1.1870597e+09 (177248)
Clp0006I 144000  Obj 4.1251918e+09 Primal inf 1.2173829e+09 (177515)
Clp0006I 145000  Obj 4.136069e+09 Primal inf 1.1756067e+09 (177676)
Clp0006I 146000  Obj 4.1458909e+09 Primal inf 1.2033281e+09 (177801)
Clp0006I 147000  Obj 4.159057e+09 Primal inf 1.2000289e+09 (177988)
Clp0006I 148000  Obj 4.1672567e+09 Primal inf 1.1949911e+09 (178105)
Clp0006I 149000  Obj 4.1750144e+09 Primal inf 1.275986e+09 (178336)
Clp0006I 150000  Obj 4.190264e+09 Primal inf 1.5766832e+09 (178585)
Clp0006I 151000  Obj 4.1991542e+09 Primal inf 1.1525863e+09 (178266)
Clp0006I 152000  Obj 4.2279687e+09 Primal inf 1.3928947e+09 (172096)
Clp0006I 153000  Obj 4.2380788e+09 Primal inf 1.3544114e+09 (172263)
Clp0006I 154000  Obj 4.2472701e+09 Primal inf 1.3880038e+09 (172378)
Clp0006I 155000  Obj 4.2550867e+09 Primal inf 1.2526099e+09 (172254)
Clp0006I 156000  Obj 4.264224e+09 Primal inf 1.3517937e+09 (172445)
Clp0006I 157000  Obj 4.2834705e+09 Primal inf 1.2205665e+09 (172550)
Clp0006I 158000  Obj 4.296105e+09 Primal inf 1.3667195e+09 (172849)
Clp0006I 159000  Obj 4.3215302e+09 Primal inf 1.2139445e+09 (173127)
Clp0006I 160000  Obj 4.3342671e+09 Primal inf 1.3101445e+09 (173001)
Clp0006I 161000  Obj 4.3443065e+09 Primal inf 1.5352767e+09 (173392)
Clp0006I 162000  Obj 4.3555394e+09 Primal inf 2.1729121e+09 (206592)
Clp0006I 163000  Obj 4.3690693e+09 Primal inf 1.1706532e+09 (173635)
Clp0006I 164000  Obj 4.3761068e+09 Primal inf 1.437775e+09 (172800)
Clp0006I 165000  Obj 4.3865774e+09 Primal inf 1.6863531e+09 (183319)
Clp0006I 166000  Obj 4.3938485e+09 Primal inf 8.8844651e+09 (209131)
Clp0006I 167000  Obj 4.4037982e+09 Primal inf 1.2271822e+09 (171957)
Clp0006I 168000  Obj 4.4130885e+09 Primal inf 4.4333305e+09 (197998)
Clp0006I 169000  Obj 4.4225482e+09 Primal inf 2.4501348e+09 (185826)
Clp0006I 170000  Obj 4.4298824e+09 Primal inf 1.2379417e+09 (173350)
Clp0006I 171000  Obj 4.4473004e+09 Primal inf 1.7381454e+09 (174469)
Clp0006I 172000  Obj 4.4585836e+09 Primal inf 1.5257543e+09 (173220)
Clp0006I 173000  Obj 4.4869402e+09 Primal inf 2.737836e+09 (184957)
Clp0006I 174000  Obj 4.5002323e+09 Primal inf 1.8311438e+10 (209975)
Clp0006I 175000  Obj 4.5425373e+09 Primal inf 1.4656702e+09 (173761)
Clp0006I 176000  Obj 4.5808822e+09 Primal inf 1.4173349e+09 (174057)
Clp0006I 177000  Obj 4.605636e+09 Primal inf 2.0011269e+09 (182936)
Clp0006I 178000  Obj 4.6547178e+09 Primal inf 4.0435607e+09 (206914)
Clp0006I 179000  Obj 4.7037784e+09 Primal inf 1.8835964e+09 (185150)
Clp0006I 180000  Obj 4.7136126e+09 Primal inf 2.8134697e+10 (211506)
Clp0006I 181000  Obj 4.8138873e+09 Primal inf 1.7587527e+09 (175782)
Clp0006I 182000  Obj 4.8344883e+09 Primal inf 1.4107283e+10 (197599)
Clp0006I 183000  Obj 4.8709284e+09 Primal inf 1.6696643e+09 (182331)
Clp0006I 184000  Obj 4.8970695e+09 Primal inf 2.6911371e+09 (198048)
Clp0006I 185000  Obj 4.9189698e+09 Primal inf 1.6609324e+09 (176965)
Clp0006I 186000  Obj 4.9618235e+09 Primal inf 1.7685178e+09 (196824)
Clp0006I 187000  Obj 5.0052391e+09 Primal inf 8.7959525e+09 (184534)
Clp0006I 188000  Obj 5.0201866e+09 Primal inf 7.0807938e+09 (208105)
Clp0006I 189000  Obj 5.0431511e+09 Primal inf 2.329149e+09 (174779)
Clp0006I 190000  Obj 5.0602251e+09 Primal inf 2.2105887e+09 (198987)
Clp0006I 191000  Obj 5.0678901e+09 Primal inf 2.2424326e+09 (174915)
Clp0006I 192000  Obj 5.0745308e+09 Primal inf 1.746022e+09 (173098)
Clp0006I 193000  Obj 5.0859283e+09 Primal inf 1.8534133e+09 (176034)
Clp0006I 194000  Obj 5.0936367e+09 Primal inf 2.0802753e+09 (174148)
Clp0006I 195000  Obj 5.1016257e+09 Primal inf 2.6528589e+09 (177261)
Clp0006I 196000  Obj 5.1123458e+09 Primal inf 4.1137847e+09 (209557)
Clp0006I 197000  Obj 5.1191624e+09 Primal inf 2.9627766e+09 (184695)
Clp0006I 198000  Obj 5.1324906e+09 Primal inf 3.1768838e+09 (184071)
Clp0006I 199000  Obj 5.1469023e+09 Primal inf 2.4586711e+09 (178179)
Clp0006I 200000  Obj 5.1581998e+09 Primal inf 2.5884522e+09 (176232)
Clp0006I 201000  Obj 5.166495e+09 Primal inf 1.5967177e+09 (171815)
Clp0006I 202000  Obj 5.2050979e+09 Primal inf 2.1575482e+09 (176795)
Clp0006I 203000  Obj 5.2377783e+09 Primal inf 3.2117401e+09 (202382)
Clp0006I 204000  Obj 5.2608265e+09 Primal inf 2.1968787e+09 (177214)
Clp0006I 205000  Obj 5.2736267e+09 Primal inf 3.9180037e+09 (208495)
Clp0006I 206000  Obj 5.2911974e+09 Primal inf 1.1337629e+11 (211848)
Clp0006I 207000  Obj 5.3218307e+09 Primal inf 4.5507673e+09 (209299)
Clp0006I 208000  Obj 5.328656e+09 Primal inf 3.3522745e+09 (184228)
Clp0006I 209000  Obj 5.3410388e+09 Primal inf 3.1941251e+09 (181884)
Clp0006I 210000  Obj 5.3487268e+09 Primal inf 2.0579867e+09 (200853)
Clp0006I 211000  Obj 5.3527059e+09 Primal inf 2.5535265e+09 (176768)
Clp0006I 212000  Obj 5.3643043e+09 Primal inf 2.0172924e+09 (182479)
Clp0006I 213000  Obj 5.3685551e+09 Primal inf 3.1378238e+09 (174703)
Clp0006I 214000  Obj 5.3827533e+09 Primal inf 1.9535153e+09 (176847)
Clp0006I 215000  Obj 5.3893376e+09 Primal inf 4.8323329e+09 (176774)
Clp0006I 216000  Obj 5.3982042e+09 Primal inf 2.2746408e+09 (171720)
Clp0006I 217000  Obj 5.4067817e+09 Primal inf 6.2575238e+09 (209677)
Clp0006I 218000  Obj 5.4173407e+09 Primal inf 1.173704e+10 (207903)
Clp0006I 219000  Obj 5.4199844e+09 Primal inf 1.8973824e+09 (175064)
Clp0006I 220000  Obj 5.427177e+09 Primal inf 2.6001733e+09 (182479)
Clp0006I 221000  Obj 5.43225e+09 Primal inf 5.9868631e+09 (185174)
Clp0006I 222000  Obj 5.4359546e+09 Primal inf 3.2614842e+09 (174202)
Clp0006I 223000  Obj 5.4454641e+09 Primal inf 4.6308326e+09 (206883)
Clp0006I 224000  Obj 5.4537973e+09 Primal inf 3.1075878e+09 (175217)
Clp0006I 225000  Obj 5.4636262e+09 Primal inf 2.4392962e+09 (173448)
Clp0006I 226000  Obj 5.4750203e+09 Primal inf 9.9959389e+09 (205252)
Clp0006I 227000  Obj 5.477588e+09 Primal inf 9.9416544e+09 (181932)
Clp0006I 228000  Obj 5.4879803e+09 Primal inf 7.4829759e+09 (181184)
Clp0006I 229000  Obj 5.5008447e+09 Primal inf 5.7247568e+09 (175882)
Clp0006I 230000  Obj 5.512947e+09 Primal inf 5.727325e+09 (176184)
Clp0006I 231000  Obj 5.528986e+09 Primal inf 4.1511696e+09 (174336)
Clp0006I 232000  Obj 5.5514146e+09 Primal inf 6.41525e+09 (171613)
Clp0006I 233000  Obj 5.5718265e+09 Primal inf 2.8597192e+09 (171291)
Clp0006I 234000  Obj 5.6225902e+09 Primal inf 7.7584556e+09 (174046)
Clp0006I 235000  Obj 5.6603369e+09 Primal inf 4.1534993e+09 (173232)
Clp0006I 236000  Obj 5.6807398e+09 Primal inf 7.5537699e+09 (176536)
Clp0006I 237000  Obj 5.6940742e+09 Primal inf 8.7948601e+09 (173489)
Clp0006I 238000  Obj 5.7385128e+09 Primal inf 2.3783049e+10 (206196)
Clp0006I 239000  Obj 5.7924947e+09 Primal inf 6.905801e+09 (196656)
Clp0006I 240000  Obj 5.8732925e+09 Primal inf 8.2033063e+09 (174283)
Clp0006I 241000  Obj 5.9356495e+09 Primal inf 7.6125127e+09 (173768)
Clp0006I 242000  Obj 6.0088702e+09 Primal inf 5.58922e+09 (175167)
Clp0006I 243000  Obj 6.0748925e+09 Primal inf 1.0448876e+11 (234182)
Clp0006I 244000  Obj 6.1470395e+09 Primal inf 6.4444326e+09 (174108)
Clp0006I 244738  Obj 6.2020257e+09 Primal inf 4.9989458e+09 (175684)
Clp0006I 245738  Obj 6.2681924e+09 Primal inf 1.030667e+10 (209924)
Clp0006I 246738  Obj 6.3304484e+09 Primal inf 1.47557e+09 (172096)
Clp0006I 247738  Obj 6.3818751e+09 Primal inf 9.1128728e+09 (203468)
Clp0006I 248738  Obj 6.470062e+09 Primal inf 6.6648702e+09 (196826)
Clp0006I 249738  Obj 6.60998e+09 Primal inf 8.6862123e+09 (238790)
Clp0006I 250738  Obj 6.7496193e+09 Primal inf 4.1390027e+09 (195641)
Clp0006I 251738  Obj 6.8677893e+09 Primal inf 3.3782521e+09 (180772)
Clp0006I 252427  Obj 6.9643494e+09 Primal inf 7.3341964e+10 (183220)
Clp0006I 253427  Obj 7.085503e+09 Primal inf 3.8130488e+10 (210890)
Clp0006I 254427  Obj 7.1363305e+09 Primal inf 9.5332982e+09 (204181)
Clp0006I 255427  Obj 7.2398997e+09 Primal inf 1.4362482e+10 (178857)
Clp0006I 256427  Obj 7.3619071e+09 Primal inf 3.9923148e+09 (172520)
Clp0006I 257427  Obj 7.4868779e+09 Primal inf 1.3544233e+10 (176514)
Clp0006I 258427  Obj 7.6621041e+09 Primal inf 2.0577318e+10 (233095)
Clp0006I 259427  Obj 7.7494688e+09 Primal inf 7.0029395e+09 (178154)
Clp0006I 260427  Obj 7.8762093e+09 Primal inf 3.0951847e+10 (181312)
Clp0006I 261427  Obj 7.9061181e+09 Primal inf 8.4719556e+09 (171028)
Clp0006I 262427  Obj 7.9817967e+09 Primal inf 4.5812003e+10 (185738)
Clp0006I 263427  Obj 8.1429452e+09 Primal inf 2.910346e+09 (174730)
Clp0006I 264427  Obj 8.2869353e+09 Primal inf 1.0868038e+11 (206496)
Clp0006I 265427  Obj 8.3675383e+09 Primal inf 1.1410216e+10 (208947)
Clp0006I 266020  Obj 8.4339319e+09 Primal inf 9.1015818e+09 (239393)
Clp0006I 266675  Obj 8.5071185e+09 Primal inf 1.5056142e+10 (212868)
Clp0006I 267675  Obj 8.6495641e+09 Primal inf 6.7981694e+09 (175688)
Clp0006I 268675  Obj 8.7698611e+09 Primal inf 3.8057577e+10 (194019)
Clp0006I 269675  Obj 8.8692548e+09 Primal inf 8.2624177e+10 (199393)
Clp0006I 270675  Obj 8.9377046e+09 Primal inf 8.8723548e+09 (247414)
Clp0006I 271675  Obj 9.021112e+09 Primal inf 1.0910603e+10 (185339)
Clp0006I 272675  Obj 9.0920475e+09 Primal inf 1.2510029e+10 (216637)
Clp0006I 273675  Obj 9.1689529e+09 Primal inf 3.1520347e+10 (227716)
Clp0006I 274675  Obj 9.2488464e+09 Primal inf 1.854514e+10 (244219)
Clp0006I 275675  Obj 9.3225023e+09 Primal inf 4.0347209e+10 (193498)
Clp0006I 276675  Obj 9.399698e+09 Primal inf 1.6825579e+10 (225705)
Clp0006I 277675  Obj 9.4796255e+09 Primal inf 1.0179624e+10 (229430)
Clp0006I 278424  Obj 9.5228837e+09 Primal inf 7.9818356e+10 (201167)
Clp0006I 279424  Obj 9.6013002e+09 Primal inf 5.1099635e+10 (221419)
Clp0006I 280424  Obj 9.7135594e+09 Primal inf 2.094813e+11 (249419)
Clp0006I 281424  Obj 9.787216e+09 Primal inf 3.4724716e+09 (207473)
Clp0006I 282424  Obj 9.8667664e+09 Primal inf 8.9632636e+09 (219625)
Clp0006I 283424  Obj 9.9485861e+09 Primal inf 9.6536169e+10 (254008)
Clp0006I 284424  Obj 9.9986675e+09 Primal inf 2.1682531e+10 (192245)
Clp0006I 285424  Obj 1.0067084e+10 Primal inf 1.0302334e+10 (220887)
Clp0006I 286424  Obj 1.0161006e+10 Primal inf 2.3533999e+10 (253506)
Clp0006I 287424  Obj 1.0245532e+10 Primal inf 9.0947524e+09 (222432)
Clp0006I 288424  Obj 1.0338069e+10 Primal inf 4.7192901e+10 (225060)
Clp0006I 289424  Obj 1.0397467e+10 Primal inf 9.808574e+11 (222074)
Clp0006I 290424  Obj 1.0451731e+10 Primal inf 3.515384e+09 (246634)
Clp0006I 291236  Obj 1.0506844e+10 Primal inf 1.1959908e+10 (211304)
Clp0006I 292236  Obj 1.0574018e+10 Primal inf 6.8641043e+09 (204102)
Clp0006I 293236  Obj 1.0647514e+10 Primal inf 6.7720543e+10 (256044)
Clp0006I 293457  Obj 1.0666171e+10 Primal inf 1.134513e+12 (253850)
Clp0006I 294240  Obj 1.0718305e+10 Primal inf 5.6628841e+09 (221609)
Clp0006I 295240  Obj 1.0773591e+10 Primal inf 1.1626108e+11 (278449)
Clp0006I 296240  Obj 1.0833896e+10 Primal inf 2.7784483e+09 (192093)
Clp0006I 297240  Obj 1.090238e+10 Primal inf 7.8300485e+09 (228013)
Clp0006I 298240  Obj 1.0960073e+10 Primal inf 5.0417055e+10 (224752)
Clp0006I 299240  Obj 1.1029251e+10 Primal inf 9.6898444e+10 (223394)
Clp0006I 300240  Obj 1.1083761e+10 Primal inf 5.6825203e+09 (236211)
Clp0006I 301240  Obj 1.1147814e+10 Primal inf 1.1255601e+10 (253168)
Clp0006I 302240  Obj 1.1199309e+10 Primal inf 5.2412062e+10 (217701)
Clp0006I 303240  Obj 1.123666e+10 Primal inf 5.5382646e+09 (216680)
Clp0006I 304240  Obj 1.1300119e+10 Primal inf 1.9772611e+10 (197668)
Clp0006I 305240  Obj 1.138978e+10 Primal inf 2.9720532e+09 (209314)
Clp0006I 306240  Obj 1.1450005e+10 Primal inf 5.7396005e+09 (234462)
Clp0006I 307240  Obj 1.1528479e+10 Primal inf 5.3120925e+09 (227899)
Clp0006I 308240  Obj 1.1589285e+10 Primal inf 5.434682e+09 (248441)
Clp0006I 309240  Obj 1.164504e+10 Primal inf 2.5213492e+09 (211356)
Clp0006I 310240  Obj 1.1706669e+10 Primal inf 9.2335846e+09 (223653)
Clp0006I 311240  Obj 1.1764465e+10 Primal inf 9.6240582e+09 (222815)
Clp0006I 312240  Obj 1.1816544e+10 Primal inf 2.4057125e+10 (238645)
Clp0006I 313240  Obj 1.184705e+10 Primal inf 2.3423117e+11 (264519)
Clp0006I 314240  Obj 1.1899945e+10 Primal inf 6.955087e+09 (219640)
Clp0006I 315240  Obj 1.1944012e+10 Primal inf 9.1988652e+09 (198478)
Clp0006I 316240  Obj 1.2007448e+10 Primal inf 3.0864247e+09 (210520)
Clp0006I 317240  Obj 1.207655e+10 Primal inf 4.6364896e+10 (227993)
Clp0006I 318240  Obj 1.2111438e+10 Primal inf 2.9111882e+10 (219742)
Clp0006I 319240  Obj 1.2146438e+10 Primal inf 2.9593831e+09 (220537)
Clp0006I 320240  Obj 1.2175915e+10 Primal inf 2.8823423e+09 (221530)
Clp0006I 321240  Obj 1.2197977e+10 Primal inf 3.3651021e+09 (199063)
Clp0006I 322240  Obj 1.2208589e+10 Primal inf 1.1194863e+09 (204689)
Clp0006I 323240  Obj 1.2231807e+10 Primal inf 1.3859458e+09 (193892)
Clp0006I 324240  Obj 1.2249628e+10 Primal inf 3.3440582e+09 (216787)
Clp0006I 325240  Obj 1.2283461e+10 Primal inf 1.6261526e+09 (192686)
Clp0006I 326240  Obj 1.2322903e+10 Primal inf 1.6816564e+09 (184097)
Clp0006I 327240  Obj 1.2357531e+10 Primal inf 1.3947189e+09 (203379)
Clp0006I 328240  Obj 1.237836e+10 Primal inf 3.3017516e+09 (198297)
Clp0006I 329240  Obj 1.2404241e+10 Primal inf 2.2806415e+10 (205914)
Clp0006I 330240  Obj 1.2430285e+10 Primal inf 2.8051907e+09 (188251)
Clp0006I 331240  Obj 1.2452024e+10 Primal inf 2.571644e+10 (225385)
Clp0006I 332240  Obj 1.2465998e+10 Primal inf 4.251725e+09 (238932)
Clp0006I 333240  Obj 1.2520272e+10 Primal inf 1.6115631e+09 (189302)
Clp0006I 334240  Obj 1.2538103e+10 Primal inf 1.7333347e+09 (198354)
Clp0006I 335240  Obj 1.2548856e+10 Primal inf 1.8030561e+09 (183466)
Clp0006I 336240  Obj 1.2572437e+10 Primal inf 6.2331249e+09 (222220)
Clp0006I 337240  Obj 1.2604799e+10 Primal inf 6.8553615e+09 (228891)
Clp0006I 338240  Obj 1.2633852e+10 Primal inf 2.7917302e+09 (214464)
Clp0006I 339240  Obj 1.2643222e+10 Primal inf 1.6693406e+10 (234497)
Clp0006I 340240  Obj 1.2650851e+10 Primal inf 4.3393222e+09 (229739)
Clp0006I 341240  Obj 1.2654425e+10 Primal inf 4.5139192e+09 (253078)
Clp0006I 342240  Obj 1.2664084e+10 Primal inf 6.0541369e+09 (279767)
Clp0006I 343240  Obj 1.2674501e+10 Primal inf 6.1153237e+09 (247976)
Clp0006I 344240  Obj 1.2838505e+10 Primal inf 1.1927639e+10 (239276)
Clp0006I 345240  Obj 1.284781e+10 Primal inf 1.2945e+10 (256628)
Clp0006I 346240  Obj 1.2852406e+10 Primal inf 1.0522437e+10 (249130)
Clp0006I 347240  Obj 1.2861773e+10 Primal inf 9.7311844e+09 (256334)
Clp0006I 348240  Obj 1.2877591e+10 Primal inf 9.3581087e+09 (233955)
Clp0006I 349240  Obj 1.2891174e+10 Primal inf 6.3145681e+09 (256834)
Clp0006I 350240  Obj 1.290952e+10 Primal inf 3.1565068e+09 (228738)
Clp0006I 351240  Obj 1.2918148e+10 Primal inf 7.2705519e+09 (245039)
Clp0006I 352240  Obj 1.2931342e+10 Primal inf 4.7375776e+09 (238559)
Clp0006I 353240  Obj 1.2951435e+10 Primal inf 1.6223111e+10 (240476)
Clp0006I 354240  Obj 1.2984626e+10 Primal inf 1.1237772e+09 (191095)
Clp0006I 355240  Obj 1.3000873e+10 Primal inf 2.1970985e+09 (213073)
Clp0006I 356240  Obj 1.3025813e+10 Primal inf 2.4148024e+09 (223568)
Clp0006I 357240  Obj 1.304968e+10 Primal inf 1.0829898e+10 (293174)
Clp0006I 358240  Obj 1.3054454e+10 Primal inf 3.0837355e+09 (203045)
Clp0006I 359240  Obj 1.3067202e+10 Primal inf 5.8775452e+09 (247566)
Clp0006I 360240  Obj 1.308052e+10 Primal inf 7.6595434e+09 (240350)
Clp0006I 361240  Obj 1.3101104e+10 Primal inf 1.6570864e+10 (272391)
Clp0006I 362240  Obj 1.3112412e+10 Primal inf 1.5206937e+09 (191172)
Clp0006I 363240  Obj 1.313179e+10 Primal inf 2.3878923e+09 (242784)
Clp0006I 364240  Obj 1.3149628e+10 Primal inf 3.2730413e+10 (267648)
Clp0006I 365240  Obj 1.3161211e+10 Primal inf 8.7813635e+08 (192378)
Clp0006I 366240  Obj 1.3177669e+10 Primal inf 4.9154162e+10 (221239)
Clp0006I 367240  Obj 1.3188314e+10 Primal inf 2.9753148e+09 (193671)
Clp0006I 368240  Obj 1.3201317e+10 Primal inf 2.4992806e+10 (229371)
Clp0006I 369240  Obj 1.3205124e+10 Primal inf 2.4306512e+09 (208262)
Clp0006I 370240  Obj 1.3208948e+10 Primal inf 1.0269023e+10 (231101)
Clp0006I 371240  Obj 1.32207e+10 Primal inf 5.2766353e+09 (207126)
Clp0006I 372240  Obj 1.3228245e+10 Primal inf 2.0015427e+09 (225834)
Clp0006I 373240  Obj 1.3239084e+10 Primal inf 1.7130335e+10 (223385)
Clp0006I 374240  Obj 1.324687e+10 Primal inf 1.0162123e+10 (200329)
Clp0006I 375240  Obj 1.3258507e+10 Primal inf 1.9723778e+10 (236829)
Clp0006I 376240  Obj 1.3270252e+10 Primal inf 3.187638e+09 (231604)
Clp0006I 377240  Obj 1.3280144e+10 Primal inf 2.2524214e+10 (235834)
Clp0006I 378240  Obj 1.329321e+10 Primal inf 3.1940729e+10 (240060)
Clp0006I 379240  Obj 1.3295917e+10 Primal inf 7.5469027e+09 (212081)
Clp0006I 380240  Obj 1.3304422e+10 Primal inf 9.0866957e+09 (244591)
Clp0006I 381240  Obj 1.3310552e+10 Primal inf 1.9352813e+11 (291189)
Clp0006I 382240  Obj 1.3320494e+10 Primal inf 1.4542543e+10 (208564)
Clp0006I 383240  Obj 1.3332849e+10 Primal inf 6.5005803e+10 (254623)
Clp0006I 384240  Obj 1.3351693e+10 Primal inf 2.1380216e+09 (194262)
Clp0006I 385240  Obj 1.3364586e+10 Primal inf 4.2594194e+09 (269794)
Clp0006I 386240  Obj 1.3384493e+10 Primal inf 4.0955274e+09 (242540)
Clp0006I 387240  Obj 1.3395272e+10 Primal inf 4.7694013e+09 (211403)
Clp0006I 388240  Obj 1.3401423e+10 Primal inf 4.8647893e+09 (259875)
Clp0006I 389240  Obj 1.3410966e+10 Primal inf 4.0399827e+09 (234282)
Clp0006I 390240  Obj 1.3420925e+10 Primal inf 1.6317162e+09 (265304)
Clp0006I 391240  Obj 1.3428162e+10 Primal inf 2.3910713e+10 (278768)
Clp0006I 392240  Obj 1.343341e+10 Primal inf 1.2329176e+09 (234861)
Clp0006I 393240  Obj 1.3444133e+10 Primal inf 2.5583641e+10 (253199)
Clp0006I 394240  Obj 1.3448578e+10 Primal inf 2.2239726e+09 (217646)
Clp0006I 395240  Obj 1.3454685e+10 Primal inf 7.3613911e+09 (282619)
Clp0006I 396240  Obj 1.3462175e+10 Primal inf 1.8168432e+11 (244441)
Clp0006I 397240  Obj 1.3470013e+10 Primal inf 5.1451236e+10 (241316)
Clp0006I 398240  Obj 1.3474854e+10 Primal inf 1.2088858e+10 (233340)
Clp0006I 399240  Obj 1.3484517e+10 Primal inf 4.5282632e+09 (207758)
Clp0006I 400240  Obj 1.3492651e+10 Primal inf 4.3527245e+11 (263649)
Clp0006I 401240  Obj 1.3500459e+10 Primal inf 6.9189263e+10 (215592)
Clp0006I 402240  Obj 1.3508571e+10 Primal inf 1.7484298e+09 (215206)
Clp0006I 403240  Obj 1.3516614e+10 Primal inf 8.6099307e+10 (260423)
Clp0006I 404240  Obj 1.3519456e+10 Primal inf 1.2554697e+11 (248274)
Clp0006I 405240  Obj 1.3535926e+10 Primal inf 5.4502713e+09 (230912)
Clp0006I 406240  Obj 1.3543245e+10 Primal inf 5.8185941e+09 (235748)
Clp0006I 407240  Obj 1.3562015e+10 Primal inf 1.4352277e+11 (240591)
Clp0006I 408240  Obj 1.3578767e+10 Primal inf 1.1799774e+09 (237204)
Clp0006I 409240  Obj 1.3599516e+10 Primal inf 1.1547655e+10 (253024)
Clp0006I 410240  Obj 1.3619044e+10 Primal inf 1.9568581e+09 (203418)
Clp0006I 411240  Obj 1.3636467e+10 Primal inf 9.4448915e+09 (238608)
Clp0006I 412240  Obj 1.3658278e+10 Primal inf 3.9677358e+09 (235346)
Clp0006I 413240  Obj 1.3679008e+10 Primal inf 5.2308228e+10 (259723)
Clp0006I 414240  Obj 1.3688994e+10 Primal inf 5.8403951e+09 (268761)
Clp0006I 415240  Obj 1.3700108e+10 Primal inf 4.9214419e+09 (242991)
Clp0006I 416240  Obj 1.3706731e+10 Primal inf 3.4975638e+09 (249041)
Clp0006I 417240  Obj 1.3715055e+10 Primal inf 7.1262857e+09 (242646)
Clp0006I 418240  Obj 1.3721102e+10 Primal inf 8.4143218e+09 (241665)
Clp0006I 419240  Obj 1.3728616e+10 Primal inf 3.062426e+09 (272160)
Clp0006I 420240  Obj 1.373934e+10 Primal inf 2.2159716e+09 (208402)
Clp0006I 421240  Obj 1.3745119e+10 Primal inf 2.1954214e+09 (208871)
Clp0006I 422240  Obj 1.3755591e+10 Primal inf 7.675511e+09 (247644)
Clp0006I 423240  Obj 1.3758364e+10 Primal inf 1.7358561e+09 (272062)
Clp0006I 424240  Obj 1.3772498e+10 Primal inf 7.2677402e+09 (236056)
Clp0006I 425240  Obj 1.3781623e+10 Primal inf 1.184085e+09 (200671)
Clp0006I 426240  Obj 1.379271e+10 Primal inf 5.4770214e+09 (278088)
Clp0006I 427240  Obj 1.3805611e+10 Primal inf 1.0462849e+09 (238601)
Clp0006I 428240  Obj 1.3807457e+10 Primal inf 1.4797995e+10 (274170)
Clp0006I 429240  Obj 1.3813381e+10 Primal inf 2.1319277e+09 (260580)
Clp0006I 430240  Obj 1.3824338e+10 Primal inf 1.0300028e+10 (268975)
Clp0006I 431240  Obj 1.3837456e+10 Primal inf 2.7438053e+09 (265153)
Clp0006I 432240  Obj 1.3846598e+10 Primal inf 2.1718837e+10 (272592)
Clp0006I 433240  Obj 1.3854811e+10 Primal inf 2.2619029e+11 (302760)
Clp0006I 434240  Obj 1.3857158e+10 Primal inf 1.9802515e+11 (302857)
Clp0006I 435240  Obj 1.3862827e+10 Primal inf 2.1076612e+09 (252945)
Clp0006I 436240  Obj 1.387542e+10 Primal inf 1.2920458e+09 (226492)
Clp0006I 437240  Obj 1.3888716e+10 Primal inf 1.5682964e+09 (262381)
Clp0006I 438240  Obj 1.3893877e+10 Primal inf 1.3240343e+09 (241751)
Clp0006I 439240  Obj 1.3905594e+10 Primal inf 1.2597887e+10 (287042)
Clp0006I 440240  Obj 1.3924345e+10 Primal inf 4.0638146e+09 (235842)
Clp0006I 441240  Obj 1.3933267e+10 Primal inf 6.5559017e+09 (243334)
Clp0006I 442240  Obj 1.3942996e+10 Primal inf 6.2716915e+10 (269079)
Clp0006I 443240  Obj 1.3951973e+10 Primal inf 1.0503343e+10 (281230)
Clp0006I 444240  Obj 1.3962149e+10 Primal inf 1.6465617e+10 (245389)
Clp0006I 445240  Obj 1.3973374e+10 Primal inf 3.6684393e+10 (255551)
Clp0006I 446240  Obj 1.397966e+10 Primal inf 4.1971715e+10 (231941)
Clp0006I 447240  Obj 1.3996789e+10 Primal inf 2.2804376e+10 (236079)
Clp0006I 448240  Obj 1.4005183e+10 Primal inf 3.3681058e+11 (269321)
Clp0006I 449240  Obj 1.4010951e+10 Primal inf 1.6409937e+09 (228372)
Clp0006I 450240  Obj 1.4018297e+10 Primal inf 2.653389e+10 (239527)
Clp0006I 451240  Obj 1.4022994e+10 Primal inf 2.9789642e+10 (277069)
Clp0006I 452240  Obj 1.4033044e+10 Primal inf 7.6833101e+09 (282315)
Clp0006I 453240  Obj 1.4046952e+10 Primal inf 4.7189375e+10 (299662)
Clp0006I 454240  Obj 1.4057483e+10 Primal inf 5.4479607e+09 (265467)
Clp0006I 455240  Obj 1.4063048e+10 Primal inf 1.8160952e+10 (267233)
Clp0006I 456240  Obj 1.4074057e+10 Primal inf 9.1477255e+10 (270945)
Clp0006I 457240  Obj 1.4078751e+10 Primal inf 5.6617763e+09 (259581)
Clp0006I 458240  Obj 1.40808e+10 Primal inf 7.316113e+09 (254381)
Clp0006I 459240  Obj 1.4082439e+10 Primal inf 1.4367702e+09 (202792)
Clp0006I 460240  Obj 1.4089308e+10 Primal inf 3.3573165e+09 (236361)
Clp0006I 461240  Obj 1.4095355e+10 Primal inf 3.0992034e+10 (241720)
Clp0006I 462240  Obj 1.4104072e+10 Primal inf 4.7960882e+10 (268086)
Clp0006I 463240  Obj 1.4112105e+10 Primal inf 1.1374547e+11 (300454)
Clp0006I 464240  Obj 1.4118885e+10 Primal inf 1.0849609e+10 (296688)
Clp0006I 465240  Obj 1.4123444e+10 Primal inf 1.3827254e+09 (203870)
Clp0006I 466240  Obj 1.4133761e+10 Primal inf 3.3962005e+09 (249199)
Clp0006I 467240  Obj 1.4140906e+10 Primal inf 9.3942324e+09 (278451)
Clp0006I 468240  Obj 1.4149273e+10 Primal inf 1.5673679e+09 (207564)
Clp0006I 469240  Obj 1.41617e+10 Primal inf 7.602647e+09 (290887)
Clp0006I 470240  Obj 1.4169746e+10 Primal inf 3.0607746e+10 (277726)
Clp0006I 471240  Obj 1.4177245e+10 Primal inf 3.3711416e+10 (244128)
Clp0006I 472240  Obj 1.418356e+10 Primal inf 1.6507035e+11 (251784)
Clp0006I 473240  Obj 1.4187478e+10 Primal inf 7.7325999e+10 (242475)
Clp0006I 474240  Obj 1.4195503e+10 Primal inf 1.9612697e+09 (242056)
Clp0006I 475240  Obj 1.4206382e+10 Primal inf 3.2675197e+10 (233251)
Clp0006I 476240  Obj 1.4220906e+10 Primal inf 5.7431422e+10 (274253)
Clp0006I 477240  Obj 1.423459e+10 Primal inf 4.1830011e+10 (261304)
Clp0006I 478240  Obj 1.4246101e+10 Primal inf 1.2298255e+11 (322274)
Clp0006I 479240  Obj 1.4253742e+10 Primal inf 1.2322809e+10 (258487)
Clp0006I 480240  Obj 1.4258558e+10 Primal inf 9.0871239e+09 (230329)
Clp0006I 481240  Obj 1.4266556e+10 Primal inf 4.1255937e+09 (225781)
Clp0006I 482240  Obj 1.42812e+10 Primal inf 4.360003e+09 (227573)
Clp0006I 483240  Obj 1.4293163e+10 Primal inf 5.261159e+09 (259686)
Clp0006I 484240  Obj 1.4301835e+10 Primal inf 6.989647e+10 (278713)
Clp0006I 485240  Obj 1.4304838e+10 Primal inf 4.8466075e+10 (320489)
Clp0006I 486240  Obj 1.4310555e+10 Primal inf 5.6460743e+11 (278561)
Clp0006I 487240  Obj 1.4318525e+10 Primal inf 1.2604088e+10 (226022)
Clp0006I 488240  Obj 1.4328197e+10 Primal inf 1.3576539e+10 (297094)
Clp0006I 489240  Obj 1.4333804e+10 Primal inf 1.2373515e+10 (246074)
Clp0006I 490240  Obj 1.4341579e+10 Primal inf 2.2850789e+11 (291773)
Clp0006I 491240  Obj 1.4346747e+10 Primal inf 5.676977e+10 (308812)
Clp0006I 492240  Obj 1.4350794e+10 Primal inf 1.867606e+11 (253329)
Clp0006I 493240  Obj 1.4355029e+10 Primal inf 4.8907081e+11 (262915)
Clp0006I 494240  Obj 1.4358634e+10 Primal inf 6.5603309e+11 (264180)
Clp0006I 495240  Obj 1.4361766e+10 Primal inf 1.1343093e+10 (273334)
Clp0006I 496240  Obj 1.4365539e+10 Primal inf 3.0898504e+10 (272896)
Clp0006I 497240  Obj 1.4374154e+10 Primal inf 2.3662777e+10 (255087)
Clp0006I 498240  Obj 1.438882e+10 Primal inf 5.4714981e+10 (265102)
Clp0006I 499240  Obj 1.4396779e+10 Primal inf 3.8131255e+09 (295683)
Clp0006I 500240  Obj 1.4410512e+10 Primal inf 1.1463519e+10 (263579)
Clp0006I 501240  Obj 1.4416394e+10 Primal inf 1.7515178e+10 (289246)
Clp0006I 502240  Obj 1.4424389e+10 Primal inf 1.4901934e+10 (283022)
Clp0006I 503240  Obj 1.4431374e+10 Primal inf 9.5091881e+10 (288395)
Clp0006I 504240  Obj 1.4439503e+10 Primal inf 6.2708089e+10 (348014)
Clp0006I 505240  Obj 1.4445513e+10 Primal inf 2.7213959e+11 (316214)
Clp0006I 506240  Obj 1.4448052e+10 Primal inf 2.9018021e+11 (298475)
Clp0006I 507240  Obj 1.4457592e+10 Primal inf 7.3392858e+09 (309381)
Clp0006I 508240  Obj 1.4463011e+10 Primal inf 1.7519041e+10 (294213)
Clp0006I 509240  Obj 1.447023e+10 Primal inf 2.3817789e+10 (288774)
Clp0006I 510240  Obj 1.4490579e+10 Primal inf 1.735058e+11 (315343)
Clp0006I 511240  Obj 1.4507397e+10 Primal inf 1.8096831e+11 (282969)
Clp0006I 512240  Obj 1.4523824e+10 Primal inf 4.9942389e+10 (298531)
Clp0006I 513240  Obj 1.4546307e+10 Primal inf 4.978183e+10 (277959)
Clp0006I 514240  Obj 1.4620048e+10 Primal inf 1.8292113e+10 (309381)
Clp0006I 515240  Obj 1.4639099e+10 Primal inf 1.69805e+10 (334263)
Clp0006I 516240  Obj 1.4653607e+10 Primal inf 8.3749748e+10 (304596)
Clp0006I 517240  Obj 1.4664434e+10 Primal inf 9.2216672e+10 (318588)
Clp0006I 518240  Obj 1.4682815e+10 Primal inf 3.335994e+11 (338252)
Clp0006I 519240  Obj 1.4695366e+10 Primal inf 7.8096587e+09 (281668)
Clp0006I 520240  Obj 1.4705376e+10 Primal inf 1.0024005e+11 (309656)
Clp0006I 521240  Obj 1.4725502e+10 Primal inf 4.1069047e+11 (291725)
Clp0006I 522240  Obj 1.4733033e+10 Primal inf 3.9404922e+11 (320965)
Clp0006I 523240  Obj 1.4738308e+10 Primal inf 3.5306782e+11 (269107)
Clp0006I 524240  Obj 1.47425e+10 Primal inf 1.4835158e+10 (304850)
Clp0006I 525240  Obj 1.4743616e+10 Primal inf 1.2333679e+11 (298994)
Clp0006I 526240  Obj 1.4755611e+10 Primal inf 4.3709052e+11 (340498)
Clp0006I 527240  Obj 1.4777009e+10 Primal inf 4.4351776e+11 (322257)
Clp0006I 528240  Obj 1.4792579e+10 Primal inf 1.0710058e+11 (276319)
Clp0006I 529240  Obj 1.4802326e+10 Primal inf 8.9178142e+10 (289225)
Clp0006I 530240  Obj 1.4806417e+10 Primal inf 6.2674463e+10 (294957)
Clp0006I 531240  Obj 1.481139e+10 Primal inf 7.5305395e+09 (303780)
Clp0006I 532240  Obj 1.4815327e+10 Primal inf 1.1434668e+10 (321587)
Clp0006I 533240  Obj 1.482329e+10 Primal inf 1.1576604e+10 (290335)
Clp0006I 534240  Obj 1.4830368e+10 Primal inf 3.8199313e+11 (326864)
Clp0006I 535240  Obj 1.4836965e+10 Primal inf 1.1167508e+11 (308240)
Clp0006I 536240  Obj 1.4842994e+10 Primal inf 3.8570858e+10 (308056)
Clp0006I 537240  Obj 1.4847667e+10 Primal inf 4.5427938e+10 (257268)
Clp0006I 538240  Obj 1.4850394e+10 Primal inf 2.9235613e+10 (267940)
Clp0006I 539240  Obj 1.4862867e+10 Primal inf 2.102778e+10 (296895)
Clp0006I 540240  Obj 1.4866583e+10 Primal inf 1.2870765e+10 (280626)
Clp0006I 541240  Obj 1.4888612e+10 Primal inf 3.4696633e+10 (290549)
Clp0006I 542240  Obj 1.4893293e+10 Primal inf 3.9558576e+10 (293000)
Clp0006I 543240  Obj 1.4899355e+10 Primal inf 3.9297668e+10 (332261)
Clp0006I 544240  Obj 1.4913719e+10 Primal inf 3.0744129e+10 (286215)
Clp0006I 545240  Obj 1.4922624e+10 Primal inf 5.5679339e+10 (332985)
Clp0006I 546240  Obj 1.492852e+10 Primal inf 5.392688e+10 (263660)
Clp0006I 547240  Obj 1.4935428e+10 Primal inf 1.845236e+10 (288534)
Clp0006I 548240  Obj 1.4952954e+10 Primal inf 3.8057532e+10 (310163)
Clp0006I 549240  Obj 1.4968424e+10 Primal inf 3.0155799e+09 (269803)
Clp0006I 550240  Obj 1.4979002e+10 Primal inf 9.674832e+10 (312801)
Clp0006I 551240  Obj 1.4985291e+10 Primal inf 2.46973e+10 (303306)
Clp0006I 552240  Obj 1.4995727e+10 Primal inf 5.2956143e+10 (265181)
Clp0006I 553240  Obj 1.5003195e+10 Primal inf 5.4526921e+10 (319495)
Clp0006I 554240  Obj 1.5018124e+10 Primal inf 6.6618661e+09 (249472)
Clp0006I 555240  Obj 1.5026854e+10 Primal inf 9.3549069e+10 (303128)
Clp0006I 556240  Obj 1.5037078e+10 Primal inf 7.422997e+10 (305483)
Clp0006I 557240  Obj 1.5051618e+10 Primal inf 1.5068649e+10 (277867)
Clp0006I 558240  Obj 1.5066612e+10 Primal inf 1.0999172e+10 (324569)
Clp0006I 559240  Obj 1.5090262e+10 Primal inf 3.9489639e+09 (261977)
Clp0006I 560240  Obj 1.5146357e+10 Primal inf 3.6551947e+10 (283001)
Clp0006I 561240  Obj 1.5157574e+10 Primal inf 2.3418613e+11 (263752)
Clp0006I 562240  Obj 1.5168102e+10 Primal inf 6.470965e+09 (273965)
Clp0006I 563240  Obj 1.5171661e+10 Primal inf 8.5836201e+11 (313800)
Clp0006I 564240  Obj 1.5178146e+10 Primal inf 2.9522946e+11 (278999)
Clp0006I 565240  Obj 1.5186366e+10 Primal inf 3.4403311e+10 (302923)
Clp0006I 566240  Obj 1.5193382e+10 Primal inf 1.5417327e+10 (338524)
Clp0006I 567240  Obj 1.520159e+10 Primal inf 8.533039e+09 (269747)
Clp0006I 568240  Obj 1.5205704e+10 Primal inf 6.8727058e+09 (308322)
Clp0006I 569240  Obj 1.5214805e+10 Primal inf 4.6176271e+10 (335558)
Clp0006I 570240  Obj 1.5221617e+10 Primal inf 4.5378096e+11 (351204)
Clp0006I 571240  Obj 1.5229911e+10 Primal inf 8.9907479e+09 (291756)
Clp0006I 572240  Obj 1.5243535e+10 Primal inf 4.2244792e+10 (309911)
Clp0006I 573240  Obj 1.5253885e+10 Primal inf 8.3545977e+09 (316064)
Clp0006I 574240  Obj 1.5261782e+10 Primal inf 1.5675099e+10 (276442)
Clp0006I 575240  Obj 1.5267881e+10 Primal inf 4.5868983e+10 (274628)
Clp0006I 576240  Obj 1.5271508e+10 Primal inf 2.5545788e+10 (250086)
Clp0006I 577240  Obj 1.5279117e+10 Primal inf 1.0490368e+10 (304017)
Clp0006I 578240  Obj 1.5303211e+10 Primal inf 5.6067783e+10 (294493)
Clp0006I 579240  Obj 1.534652e+10 Primal inf 2.0886411e+10 (312432)
Clp0006I 580240  Obj 1.5368549e+10 Primal inf 1.0420711e+12 (352595)
Clp0006I 581240  Obj 1.5401033e+10 Primal inf 1.0539559e+12 (292633)
Clp0006I 582240  Obj 1.541644e+10 Primal inf 1.4961674e+11 (304668)
Clp0006I 583240  Obj 1.5426162e+10 Primal inf 3.1560094e+10 (306535)
Clp0006I 584240  Obj 1.5437753e+10 Primal inf 2.7745644e+11 (324963)
Clp0006I 585240  Obj 1.5446278e+10 Primal inf 3.3192669e+10 (303198)
Clp0006I 586240  Obj 1.5454013e+10 Primal inf 4.3714559e+10 (307429)
Clp0006I 587240  Obj 1.5463112e+10 Primal inf 2.5488889e+11 (315257)
Clp0006I 588240  Obj 1.547291e+10 Primal inf 7.1213803e+10 (322686)
Clp0006I 589240  Obj 1.548809e+10 Primal inf 5.8823551e+09 (313065)
Clp0006I 590240  Obj 1.5493864e+10 Primal inf 5.1080747e+10 (340725)
Clp0006I 591240  Obj 1.549984e+10 Primal inf 2.8795445e+10 (309340)
Clp0006I 592240  Obj 1.5509631e+10 Primal inf 1.0302018e+11 (293577)
Clp0006I 593240  Obj 1.5515088e+10 Primal inf 3.0194475e+09 (257715)
Clp0006I 594240  Obj 1.5518271e+10 Primal inf 1.1979898e+11 (315873)
Clp0006I 595240  Obj 1.5525133e+10 Primal inf 2.0293284e+10 (259956)
Clp0006I 596240  Obj 1.5529243e+10 Primal inf 4.3205343e+10 (316950)
Clp0006I 597240  Obj 1.5541934e+10 Primal inf 4.71743e+09 (248746)
Clp0006I 598240  Obj 1.5554501e+10 Primal inf 1.8070358e+10 (319522)
Clp0006I 599240  Obj 1.5558171e+10 Primal inf 2.6678548e+11 (333659)
Clp0006I 600240  Obj 1.5569744e+10 Primal inf 1.0477728e+11 (309105)
Clp0006I 601240  Obj 1.5582327e+10 Primal inf 4.0093059e+11 (306487)
Clp0006I 602240  Obj 1.5589132e+10 Primal inf 1.1493777e+10 (279254)
Clp0006I 603240  Obj 1.5601931e+10 Primal inf 4.1583682e+10 (305355)
Clp0006I 604240  Obj 1.5619764e+10 Primal inf 6.5232695e+10 (319910)
Clp0006I 605240  Obj 1.5642782e+10 Primal inf 1.6848529e+10 (247487)
Clp0006I 606240  Obj 1.5668234e+10 Primal inf 1.7849019e+10 (302231)
Clp0006I 607240  Obj 1.5684399e+10 Primal inf 1.3259874e+10 (317196)
Clp0006I 608240  Obj 1.5700579e+10 Primal inf 6.410802e+09 (319616)
Clp0006I 609240  Obj 1.5720568e+10 Primal inf 1.2599766e+11 (344662)
Clp0006I 610240  Obj 1.5736129e+10 Primal inf 1.4515864e+10 (290534)
Clp0006I 611240  Obj 1.5748755e+10 Primal inf 3.1564348e+10 (383764)
Clp0006I 612240  Obj 1.5764475e+10 Primal inf 7.7956909e+09 (275334)
Clp0006I 613240  Obj 1.5778849e+10 Primal inf 2.451403e+10 (310947)
Clp0006I 614240  Obj 1.5804384e+10 Primal inf 1.3357073e+11 (334222)
Clp0006I 615240  Obj 1.5822113e+10 Primal inf 2.2357876e+10 (326224)
Clp0006I 616240  Obj 1.5841201e+10 Primal inf 4.3638231e+10 (305586)
Clp0006I 617240  Obj 1.5884298e+10 Primal inf 1.2704494e+10 (226793)
Clp0006I 618240  Obj 1.5913791e+10 Primal inf 5.8317316e+10 (308744)
Clp0006I 619240  Obj 1.5927831e+10 Primal inf 3.0157565e+10 (377228)
Clp0006I 620240  Obj 1.5943885e+10 Primal inf 2.7950219e+10 (308628)
Clp0006I 621240  Obj 1.5959207e+10 Primal inf 2.3319316e+10 (355611)
Clp0006I 622240  Obj 1.597245e+10 Primal inf 1.3310536e+11 (323897)
Clp0006I 623240  Obj 1.5988344e+10 Primal inf 3.5915858e+10 (339115)
Clp0006I 624240  Obj 1.6002041e+10 Primal inf 1.0262056e+10 (363645)
Clp0006I 625240  Obj 1.6018348e+10 Primal inf 7.2885454e+10 (351429)
Clp0006I 626240  Obj 1.6033042e+10 Primal inf 1.1964272e+10 (323835)
Clp0006I 627240  Obj 1.6044594e+10 Primal inf 1.7999904e+10 (293649)
Clp0006I 628240  Obj 1.6065449e+10 Primal inf 3.5758961e+10 (349731)
Clp0006I 629240  Obj 1.6081222e+10 Primal inf 6.6273196e+09 (354627)
Clp0006I 630240  Obj 1.6110347e+10 Primal inf 6.3462325e+09 (304857)
Clp0006I 631240  Obj 1.6126086e+10 Primal inf 2.3581747e+10 (364161)
Clp0006I 632240  Obj 1.6136433e+10 Primal inf 9.1125541e+10 (366484)
Clp0006I 633240  Obj 1.6141916e+10 Primal inf 7.981868e+09 (366911)
Clp0006I 634240  Obj 1.6153752e+10 Primal inf 2.1059956e+10 (354812)
Clp0006I 635240  Obj 1.6169297e+10 Primal inf 1.2147639e+10 (358895)
Clp0006I 636240  Obj 1.6180386e+10 Primal inf 1.6685565e+11 (308856)
Clp0006I 637240  Obj 1.619856e+10 Primal inf 1.4488567e+11 (333987)
Clp0006I 638240  Obj 1.6212133e+10 Primal inf 1.5546916e+10 (312640)
Clp0006I 639240  Obj 1.6225431e+10 Primal inf 2.0012571e+10 (302773)
Clp0006I 640240  Obj 1.6235176e+10 Primal inf 1.3834003e+10 (289041)
Clp0006I 641240  Obj 1.6247887e+10 Primal inf 2.4216345e+10 (352131)
Clp0006I 642240  Obj 1.625983e+10 Primal inf 5.7488089e+09 (321081)
Clp0006I 643240  Obj 1.6282484e+10 Primal inf 1.69341e+10 (359138)
Clp0006I 644240  Obj 1.6310144e+10 Primal inf 8.4241668e+10 (340373)
Clp0006I 645240  Obj 1.6330531e+10 Primal inf 6.843819e+10 (359446)
Clp0006I 646240  Obj 1.6361967e+10 Primal inf 2.4772601e+11 (364935)
Clp0006I 647240  Obj 1.6376104e+10 Primal inf 1.1279156e+11 (293607)
Clp0006I 648240  Obj 1.638865e+10 Primal inf 3.7526577e+11 (379394)
Clp0006I 649240  Obj 1.6404399e+10 Primal inf 2.3222436e+10 (339940)
Clp0006I 649941  Obj 1.6416385e+10 Primal inf 3.3921656e+12 (295930)
Clp0006I 650755  Obj 1.6431779e+10 Primal inf 3.5577777e+10 (367356)
Clp0006I 651755  Obj 1.6445323e+10 Primal inf 1.649727e+10 (344154)
Clp0006I 652755  Obj 1.6456788e+10 Primal inf 1.0543607e+10 (328679)
Clp0006I 653755  Obj 1.6468009e+10 Primal inf 3.1037305e+10 (385546)
Clp0006I 654755  Obj 1.6483483e+10 Primal inf 2.4874971e+11 (343077)
Clp0006I 655755  Obj 1.6497675e+10 Primal inf 4.5015924e+10 (358150)
Clp0006I 656755  Obj 1.6509363e+10 Primal inf 7.2412058e+09 (292970)
Clp0006I 657755  Obj 1.6525451e+10 Primal inf 1.0718664e+11 (346886)
Clp0006I 658755  Obj 1.6539327e+10 Primal inf 5.2218887e+09 (298013)
Clp0006I 659755  Obj 1.655605e+10 Primal inf 2.242544e+10 (285973)
Clp0006I 660755  Obj 1.6569433e+10 Primal inf 4.2324717e+10 (361740)
Clp0006I 661755  Obj 1.6583967e+10 Primal inf 1.6694355e+10 (340746)
Clp0006I 662755  Obj 1.6602216e+10 Primal inf 6.2074905e+09 (300549)
Clp0006I 663755  Obj 1.6612709e+10 Primal inf 9.0542147e+09 (282534)
Clp0006I 664755  Obj 1.6630174e+10 Primal inf 4.532881e+10 (294758)
Clp0006I 665755  Obj 1.6644137e+10 Primal inf 1.0182544e+12 (387993)
Clp0006I 666755  Obj 1.6660864e+10 Primal inf 6.4622591e+10 (362303)
Clp0006I 667755  Obj 1.6678378e+10 Primal inf 4.9041178e+11 (352143)
Clp0006I 668755  Obj 1.6693005e+10 Primal inf 1.8898058e+10 (302963)
Clp0006I 669755  Obj 1.6711981e+10 Primal inf 2.2408969e+11 (346649)
Clp0006I 670755  Obj 1.6726834e+10 Primal inf 1.947359e+10 (366067)
Clp0006I 671755  Obj 1.673641e+10 Primal inf 3.9245923e+10 (306483)
Clp0006I 672755  Obj 1.6747047e+10 Primal inf 7.0179944e+10 (345671)
Clp0006I 673755  Obj 1.6760629e+10 Primal inf 4.1129626e+10 (378530)
Clp0006I 674755  Obj 1.6772053e+10 Primal inf 3.986909e+10 (385967)
Clp0006I 675755  Obj 1.6786473e+10 Primal inf 2.311437e+11 (342652)
Clp0006I 676755  Obj 1.6828933e+10 Primal inf 2.0159389e+11 (368839)
Clp0006I 677755  Obj 1.693601e+10 Primal inf 2.964878e+10 (306565)
Clp0006I 678755  Obj 1.7012704e+10 Primal inf 6.6016321e+10 (312311)
Clp0006I 679755  Obj 1.7051565e+10 Primal inf 1.4984486e+11 (366797)
Clp0006I 680755  Obj 1.7065088e+10 Primal inf 1.3827235e+10 (344191)
Clp0006I 681633  Obj 1.7075451e+10 Primal inf 1.2162388e+11 (412625)
Clp0006I 682593  Obj 1.7089006e+10 Primal inf 1.6476445e+11 (382052)
Clp0006I 683593  Obj 1.7103458e+10 Primal inf 1.5511924e+11 (386037)
Clp0006I 684593  Obj 1.712139e+10 Primal inf 7.7921233e+11 (427961)
Clp0006I 685593  Obj 1.7131039e+10 Primal inf 3.1352359e+10 (276454)
Clp0006I 686593  Obj 1.7146184e+10 Primal inf 2.7300167e+10 (413329)
Clp0006I 687593  Obj 1.7158965e+10 Primal inf 1.1102402e+11 (360356)
Clp0006I 688593  Obj 1.7191189e+10 Primal inf 1.6577278e+12 (436326)
Clp0006I 689071  Obj 1.7206281e+10 Primal inf 5.5862389e+12 (356301)
Clp0006I 690071  Obj 1.7226032e+10 Primal inf 2.758822e+10 (355842)
Clp0006I 691071  Obj 1.724234e+10 Primal inf 9.8978473e+10 (425644)
Clp0006I 692004  Obj 1.7253568e+10 Primal inf 1.62372e+11 (372189)
Clp0006I 693004  Obj 1.7263644e+10 Primal inf 1.2638414e+11 (435341)
Clp0006I 694004  Obj 1.7275287e+10 Primal inf 1.4141932e+10 (305781)
Clp0006I 695004  Obj 1.7286089e+10 Primal inf 1.4962925e+11 (383934)
Clp0006I 696004  Obj 1.7300736e+10 Primal inf 1.8116352e+11 (402057)
Clp0006I 697004  Obj 1.7310122e+10 Primal inf 3.1825999e+11 (384792)
Clp0006I 698004  Obj 1.7323112e+10 Primal inf 1.5660386e+11 (336861)
Clp0006I 699004  Obj 1.7344575e+10 Primal inf 1.4496279e+11 (354445)
Clp0006I 700004  Obj 1.73751e+10 Primal inf 4.8589608e+10 (377826)
Clp0006I 701004  Obj 1.7387038e+10 Primal inf 1.8339609e+10 (347883)
Clp0006I 702004  Obj 1.7401261e+10 Primal inf 2.6474524e+10 (367822)
Clp0006I 703004  Obj 1.7424776e+10 Primal inf 2.0767997e+10 (388307)
Clp0006I 704004  Obj 1.7441373e+10 Primal inf 2.1283956e+11 (415220)
Clp0006I 705004  Obj 1.7454212e+10 Primal inf 1.6624513e+10 (419001)
Clp0006I 706004  Obj 1.746574e+10 Primal inf 1.4132237e+10 (303736)
Clp0006I 707004  Obj 1.7474674e+10 Primal inf 7.7214674e+10 (398748)
Clp0006I 708004  Obj 1.7485519e+10 Primal inf 3.5286949e+10 (357290)
Clp0006I 709004  Obj 1.7501943e+10 Primal inf 2.8522891e+10 (312402)
Clp0006I 710004  Obj 1.7521593e+10 Primal inf 4.9047616e+10 (352831)
Clp0006I 711004  Obj 1.7542559e+10 Primal inf 1.8454202e+10 (324059)
Clp0006I 712004  Obj 1.7556193e+10 Primal inf 1.1778389e+10 (269778)
Clp0006I 713004  Obj 1.7583587e+10 Primal inf 3.5775677e+10 (310603)
Clp0006I 714004  Obj 1.7604323e+10 Primal inf 4.0227886e+10 (294248)
Clp0006I 715004  Obj 1.7634631e+10 Primal inf 1.1839863e+11 (371858)
Clp0006I 716004  Obj 1.767018e+10 Primal inf 1.5552213e+10 (320560)
Clp0006I 717004  Obj 1.76913e+10 Primal inf 1.4072732e+10 (371771)
Clp0006I 718004  Obj 1.7704757e+10 Primal inf 5.7956148e+10 (389999)
Clp0006I 719004  Obj 1.7716751e+10 Primal inf 6.9092553e+10 (347164)
Clp0006I 720004  Obj 1.7729782e+10 Primal inf 2.3017643e+11 (366619)
Clp0006I 721004  Obj 1.7745285e+10 Primal inf 1.7888226e+11 (350730)
Clp0006I 722004  Obj 1.7769932e+10 Primal inf 2.426785e+11 (367072)
Clp0006I 723004  Obj 1.7802568e+10 Primal inf 5.1548577e+11 (330951)
Clp0006I 723930  Obj 1.7828066e+10 Primal inf 1.4442755e+12 (358185)
Clp0006I 724930  Obj 1.7848471e+10 Primal inf 9.5080232e+10 (347485)
Clp0006I 725930  Obj 1.7862739e+10 Primal inf 2.5959804e+11 (352952)
Clp0006I 726930  Obj 1.7889214e+10 Primal inf 6.0470246e+10 (356283)
Clp0006I 727930  Obj 1.7908801e+10 Primal inf 3.4889653e+10 (402310)
Clp0006I 728930  Obj 1.7930836e+10 Primal inf 9.2256124e+11 (396036)
Clp0006I 729930  Obj 1.7946851e+10 Primal inf 1.3648592e+11 (370066)
Clp0006I 730595  Obj 1.796176e+10 Primal inf 8.0364409e+11 (347774)
Clp0006I 731595  Obj 1.7985264e+10 Primal inf 9.5346969e+10 (325837)
Clp0006I 732595  Obj 1.8007424e+10 Primal inf 3.234173e+11 (381262)
Clp0006I 733595  Obj 1.8017551e+10 Primal inf 1.1297772e+11 (370753)
Clp0006I 734595  Obj 1.8030207e+10 Primal inf 3.1706886e+10 (369248)
Clp0006I 735595  Obj 1.8042318e+10 Primal inf 3.2564946e+10 (395525)
Clp0006I 736595  Obj 1.8056597e+10 Primal inf 4.2432978e+11 (328389)
Clp0006I 737595  Obj 1.8077712e+10 Primal inf 7.9531189e+11 (362958)
Clp0006I 738340  Obj 1.8098112e+10 Primal inf 6.5230175e+11 (449028)
Clp0006I 739340  Obj 1.812653e+10 Primal inf 9.6051861e+11 (407348)
Clp0006I 740340  Obj 1.8149086e+10 Primal inf 2.4323814e+10 (317210)
Clp0006I 741340  Obj 1.8162183e+10 Primal inf 2.0666568e+11 (408892)
Clp0006I 742340  Obj 1.8178412e+10 Primal inf 2.5108362e+11 (367807)
Clp0006I 743340  Obj 1.8195228e+10 Primal inf 2.4886916e+10 (347392)
Clp0006I 744340  Obj 1.8205468e+10 Primal inf 8.1465975e+10 (360110)
Clp0006I 745340  Obj 1.8216879e+10 Primal inf 4.3364139e+10 (400363)
Clp0006I 746340  Obj 1.8236066e+10 Primal inf 5.3540904e+10 (300810)
Clp0006I 747340  Obj 1.824423e+10 Primal inf 1.9812212e+10 (329001)
Clp0006I 748340  Obj 1.8255317e+10 Primal inf 5.3516884e+10 (338221)
Clp0006I 749340  Obj 1.8266951e+10 Primal inf 1.7083557e+11 (357369)
Clp0006I 750294  Obj 1.8277724e+10 Primal inf 1.5735585e+10 (312504)
Clp0006I 751294  Obj 1.8290346e+10 Primal inf 8.3892163e+10 (357653)
Clp0006I 752294  Obj 1.8304777e+10 Primal inf 1.109715e+11 (328980)
Clp0006I 753294  Obj 1.830956e+10 Primal inf 2.820765e+09 (295096)
Clp0006I 754294  Obj 1.8318519e+10 Primal inf 2.383918e+09 (297397)
Clp0006I 755294  Obj 1.8327612e+10 Primal inf 2.6331437e+09 (241848)
Clp0006I 756294  Obj 1.8335214e+10 Primal inf 9.4655287e+09 (335629)
Clp0006I 757294  Obj 1.8355204e+10 Primal inf 3.3662548e+11 (370015)
Clp0006I 758294  Obj 1.8372137e+10 Primal inf 2.8933682e+11 (357385)
Clp0006I 759294  Obj 1.8384777e+10 Primal inf 5.9039052e+10 (344475)
Clp0006I 760294  Obj 1.8394593e+10 Primal inf 9.7390444e+10 (355838)
Clp0006I 761294  Obj 1.8403387e+10 Primal inf 3.7087918e+10 (357451)
Clp0006I 762294  Obj 1.842019e+10 Primal inf 2.5785246e+10 (314357)
Clp0006I 763294  Obj 1.8434416e+10 Primal inf 4.2402862e+10 (285712)
Clp0006I 764294  Obj 1.8446999e+10 Primal inf 3.1213291e+09 (276296)
Clp0006I 765294  Obj 1.8458688e+10 Primal inf 9.879255e+10 (328405)
Clp0006I 766294  Obj 1.8472108e+10 Primal inf 9.1337605e+10 (353111)
Clp0006I 767294  Obj 1.8487026e+10 Primal inf 1.4406895e+11 (366639)
Clp0006I 768294  Obj 1.8502899e+10 Primal inf 6.1108893e+10 (349474)
Clp0006I 769294  Obj 1.8513979e+10 Primal inf 5.6016587e+10 (368938)
Clp0006I 770294  Obj 1.8526362e+10 Primal inf 1.0746287e+11 (330662)
Clp0006I 771294  Obj 1.8543062e+10 Primal inf 2.624744e+10 (305185)
Clp0006I 772294  Obj 1.856272e+10 Primal inf 6.2158205e+11 (393232)
Clp0006I 773294  Obj 1.8577165e+10 Primal inf 5.3801816e+10 (348290)
Clp0006I 774294  Obj 1.8588743e+10 Primal inf 1.9866619e+11 (361370)
Clp0006I 775294  Obj 1.8605099e+10 Primal inf 1.7537575e+11 (355297)
Clp0006I 776294  Obj 1.861396e+10 Primal inf 9.3616485e+09 (285252)
Clp0006I 777294  Obj 1.8625764e+10 Primal inf 4.6297503e+10 (356086)
Clp0006I 778294  Obj 1.8635583e+10 Primal inf 6.5440986e+10 (332308)
Clp0006I 779294  Obj 1.8649201e+10 Primal inf 3.258848e+10 (327330)
Clp0006I 780294  Obj 1.8664945e+10 Primal inf 5.1922213e+10 (293434)
Clp0006I 781294  Obj 1.8682944e+10 Primal inf 6.6090942e+10 (325360)
Clp0006I 782294  Obj 1.8693229e+10 Primal inf 1.1046871e+10 (262910)
Clp0006I 783294  Obj 1.8706903e+10 Primal inf 1.3028806e+12 (417494)
Clp0006I 784294  Obj 1.8717244e+10 Primal inf 5.7220321e+09 (269707)
Clp0006I 785294  Obj 1.8725903e+10 Primal inf 1.5364162e+10 (333440)
Clp0006I 786294  Obj 1.8740974e+10 Primal inf 4.5609391e+10 (316049)
Clp0006I 787294  Obj 1.874821e+10 Primal inf 8.9643816e+11 (319526)
Clp0006I 788294  Obj 1.875803e+10 Primal inf 2.1381196e+10 (289800)
Clp0006I 789294  Obj 1.8766347e+10 Primal inf 2.001363e+10 (238703)
Clp0006I 790294  Obj 1.8776367e+10 Primal inf 3.8888211e+10 (363411)
Clp0006I 791294  Obj 1.8785646e+10 Primal inf 1.9084279e+11 (377476)
Clp0006I 792294  Obj 1.8796708e+10 Primal inf 1.5327438e+11 (373430)
Clp0006I 793294  Obj 1.8805024e+10 Primal inf 2.3915013e+10 (264111)
Clp0006I 794294  Obj 1.8812996e+10 Primal inf 4.1057036e+10 (355969)
Clp0006I 795294  Obj 1.8823077e+10 Primal inf 3.1021459e+10 (337709)
Clp0006I 796294  Obj 1.8829846e+10 Primal inf 6.905942e+10 (323452)
Clp0006I 797294  Obj 1.8839056e+10 Primal inf 1.1850542e+10 (276440)
Clp0006I 798294  Obj 1.8844646e+10 Primal inf 1.6118545e+11 (348612)
Clp0006I 799294  Obj 1.8849057e+10 Primal inf 1.2245515e+11 (307126)
Clp0006I 800294  Obj 1.8856716e+10 Primal inf 6.5575133e+10 (339881)
Clp0006I 801294  Obj 1.8860273e+10 Primal inf 1.9252599e+10 (283101)
Clp0006I 802294  Obj 1.8867881e+10 Primal inf 1.1086858e+11 (330844)
Clp0006I 803294  Obj 1.8878442e+10 Primal inf 9.4516214e+10 (325248)
Clp0006I 804294  Obj 1.8886061e+10 Primal inf 7.1660615e+10 (376583)
Clp0006I 805294  Obj 1.8891845e+10 Primal inf 2.2007803e+10 (341843)
Clp0006I 806294  Obj 1.8899013e+10 Primal inf 1.6045221e+10 (321290)
Clp0006I 807294  Obj 1.8905797e+10 Primal inf 2.6690233e+10 (326592)
Clp0006I 808294  Obj 1.8915109e+10 Primal inf 2.0120385e+11 (313250)
Clp0006I 809294  Obj 1.8921237e+10 Primal inf 3.2564671e+10 (277531)
Clp0006I 810294  Obj 1.8936568e+10 Primal inf 1.4451945e+10 (300038)
Clp0006I 811070  Obj 1.8946626e+10 Primal inf 1.4747347e+11 (344525)
Clp0006I 812070  Obj 1.8955363e+10 Primal inf 1.7068885e+10 (336506)
Clp0006I 813070  Obj 1.8959236e+10 Primal inf 2.6700946e+10 (286872)
Clp0006I 814070  Obj 1.896769e+10 Primal inf 4.320573e+10 (299270)
Clp0006I 815070  Obj 1.8975562e+10 Primal inf 8.1759466e+10 (356285)
Clp0006I 816070  Obj 1.8983003e+10 Primal inf 3.6351997e+10 (347648)
Clp0006I 817070  Obj 1.8992163e+10 Primal inf 2.6381313e+10 (303770)
Clp0006I 818070  Obj 1.9000491e+10 Primal inf 7.1787281e+11 (359825)
Clp0006I 819042  Obj 1.9010172e+10 Primal inf 1.8970499e+11 (357824)
Clp0006I 820042  Obj 1.9018973e+10 Primal inf 9.8041265e+09 (343591)
Clp0006I 821042  Obj 1.9028241e+10 Primal inf 5.8289458e+09 (248479)
Clp0006I 822042  Obj 1.9040697e+10 Primal inf 3.9941828e+10 (393842)
Clp0006I 823042  Obj 1.9050833e+10 Primal inf 2.7979525e+10 (339721)
Clp0006I 824042  Obj 1.9059453e+10 Primal inf 3.6398118e+10 (344015)
Clp0006I 825042  Obj 1.9066357e+10 Primal inf 8.9554784e+09 (301932)
Clp0006I 825869  Obj 1.9072602e+10 Primal inf 2.7563515e+11 (316473)
Clp0006I 826869  Obj 1.9083554e+10 Primal inf 6.3401112e+09 (260096)
Clp0006I 827869  Obj 1.9088512e+10 Primal inf 9.5037527e+09 (279971)
Clp0006I 828869  Obj 1.9098718e+10 Primal inf 4.0107243e+10 (356110)
Clp0006I 829380  Obj 1.9103167e+10 Primal inf 2.5319739e+12 (340665)
Clp0006I 830380  Obj 1.9118385e+10 Primal inf 4.2066994e+10 (389651)
Clp0006I 831380  Obj 1.9126991e+10 Primal inf 1.2778387e+10 (295809)
Clp0006I 832380  Obj 1.9137858e+10 Primal inf 7.6272206e+10 (323140)
Clp0006I 833380  Obj 1.9142934e+10 Primal inf 1.2287519e+10 (334890)
Clp0006I 834380  Obj 1.9158558e+10 Primal inf 1.8851867e+10 (289206)
Clp0006I 835380  Obj 1.9172141e+10 Primal inf 2.9573332e+10 (322441)
Clp0006I 836380  Obj 1.918243e+10 Primal inf 4.8422487e+09 (304991)
Clp0006I 837380  Obj 1.9197534e+10 Primal inf 3.1581646e+11 (340549)
Clp0006I 838282  Obj 1.9207239e+10 Primal inf 2.6787112e+10 (370200)
Clp0006I 839282  Obj 1.9221459e+10 Primal inf 1.6057004e+13 (354615)
Clp0006I 840282  Obj 1.9234226e+10 Primal inf 3.0954686e+11 (400328)
Clp0006I 841282  Obj 1.9244098e+10 Primal inf 9.3538057e+10 (396968)
Clp0006I 842282  Obj 1.9253893e+10 Primal inf 1.2211811e+10 (349161)
Clp0006I 843282  Obj 1.9264504e+10 Primal inf 3.6760995e+11 (422000)
Clp0006I 843856  Obj 1.9269969e+10 Primal inf 9.2741865e+10 (388822)
Clp0006I 844856  Obj 1.9278048e+10 Primal inf 2.0522345e+11 (441633)
Clp0006I 845856  Obj 1.9292038e+10 Primal inf 1.3249562e+10 (348273)
Clp0006I 846856  Obj 1.9305115e+10 Primal inf 3.2979495e+11 (382846)
Clp0006I 847856  Obj 1.9346014e+10 Primal inf 1.4224378e+10 (337972)
Clp0006I 848856  Obj 1.9358469e+10 Primal inf 1.3038054e+10 (383087)
Clp0006I 849856  Obj 1.9373121e+10 Primal inf 6.8207374e+09 (331038)
Clp0006I 850856  Obj 1.9383824e+10 Primal inf 1.8249694e+09 (274869)
Clp0006I 851856  Obj 1.9391293e+10 Primal inf 1.7286232e+10 (398889)
Clp0006I 852856  Obj 1.9398056e+10 Primal inf 2.6472653e+10 (330767)
Clp0006I 853856  Obj 1.9406169e+10 Primal inf 8.7675525e+11 (348037)
Clp0006I 854856  Obj 1.9417537e+10 Primal inf 7.9801907e+10 (328338)
Clp0006I 855856  Obj 1.9428282e+10 Primal inf 1.1174222e+10 (294555)
Clp0006I 856856  Obj 1.9436419e+10 Primal inf 2.3433977e+11 (337521)
Clp0006I 857856  Obj 1.9442823e+10 Primal inf 1.460077e+09 (226934)
Clp0006I 858856  Obj 1.9447125e+10 Primal inf 2.6805112e+10 (373767)
Clp0006I 859856  Obj 1.9453317e+10 Primal inf 7.0962675e+09 (313288)
Clp0006I 860856  Obj 1.9460077e+10 Primal inf 5.011475e+10 (354519)
Clp0006I 861856  Obj 1.9468259e+10 Primal inf 2.2383045e+11 (412224)
Clp0006I 862856  Obj 1.9475273e+10 Primal inf 5.9587919e+09 (365050)
Clp0006I 863856  Obj 1.9481077e+10 Primal inf 5.7078485e+10 (279902)
Clp0006I 864535  Obj 1.9487603e+10 Primal inf 4.6278732e+10 (342915)
Clp0006I 865535  Obj 1.9495357e+10 Primal inf 1.2670572e+10 (367240)
Clp0006I 866535  Obj 1.9501652e+10 Primal inf 4.4239675e+09 (318519)
Clp0006I 867535  Obj 1.9510273e+10 Primal inf 2.8300058e+10 (390978)
Clp0006I 868535  Obj 1.9519921e+10 Primal inf 1.6803598e+11 (311271)
Clp0006I 869535  Obj 1.9524534e+10 Primal inf 2.2978888e+10 (299933)
Clp0006I 870535  Obj 1.9530209e+10 Primal inf 3.0887696e+10 (330985)
Clp0006I 871535  Obj 1.9538353e+10 Primal inf 8.7013212e+10 (374014)
Clp0006I 872356  Obj 1.9543532e+10 Primal inf 6.533685e+10 (469098)
Clp0006I 873356  Obj 1.9550065e+10 Primal inf 5.2814688e+10 (394791)
Clp0006I 874356  Obj 1.9557866e+10 Primal inf 3.5063383e+10 (370059)
Clp0006I 875356  Obj 1.9564437e+10 Primal inf 3.4302202e+10 (345173)
Clp0006I 876356  Obj 1.9571098e+10 Primal inf 1.0258874e+10 (376097)
Clp0006I 877356  Obj 1.9578417e+10 Primal inf 1.2747948e+10 (308202)
Clp0006I 878356  Obj 1.958512e+10 Primal inf 4.7365332e+10 (334567)
Clp0006I 879356  Obj 1.9589949e+10 Primal inf 1.0666178e+10 (333561)
Clp0006I 880356  Obj 1.9595071e+10 Primal inf 3.470096e+10 (376725)
Clp0006I 881356  Obj 1.9602406e+10 Primal inf 1.2582308e+10 (307094)
Clp0006I 882356  Obj 1.9608034e+10 Primal inf 4.6748601e+09 (286563)
Clp0006I 883356  Obj 1.9614728e+10 Primal inf 4.1582613e+09 (375352)
Clp0006I 884356  Obj 1.962474e+10 Primal inf 1.9359343e+10 (359069)
Clp0006I 885356  Obj 1.9633828e+10 Primal inf 2.1190348e+10 (357874)
Clp0006I 886356  Obj 1.9640437e+10 Primal inf 1.5057667e+10 (320392)
Clp0006I 887356  Obj 1.9649776e+10 Primal inf 1.241796e+09 (287843)
Clp0006I 888356  Obj 1.9655358e+10 Primal inf 2.4873863e+10 (344458)
Clp0006I 889356  Obj 1.9664366e+10 Primal inf 6.2555807e+09 (383969)
Clp0006I 890356  Obj 1.9670793e+10 Primal inf 1.1899607e+10 (408721)
Clp0006I 891356  Obj 1.9679992e+10 Primal inf 8.8072213e+09 (274627)
Clp0006I 892356  Obj 1.9687482e+10 Primal inf 1.3285279e+10 (343445)
Clp0006I 893356  Obj 1.9698055e+10 Primal inf 8.107582e+09 (331481)
Clp0006I 894356  Obj 1.9711195e+10 Primal inf 6.0381005e+09 (385671)
Clp0006I 895356  Obj 1.9722878e+10 Primal inf 2.0351391e+10 (400484)
Clp0006I 896356  Obj 1.9731682e+10 Primal inf 7.9912391e+09 (304153)
Clp0006I 897356  Obj 1.9737967e+10 Primal inf 1.9362812e+10 (381685)
Clp0006I 898356  Obj 1.9751357e+10 Primal inf 3.2382358e+10 (347327)
Clp0006I 899230  Obj 1.9756488e+10 Primal inf 4.1419034e+10 (341293)
Clp0006I 900230  Obj 1.976251e+10 Primal inf 1.5443292e+10 (319635)
Clp0006I 901230  Obj 1.9771963e+10 Primal inf 2.739734e+10 (387501)
Clp0006I 902230  Obj 1.9777876e+10 Primal inf 5.3601096e+09 (281218)
Clp0006I 903230  Obj 1.9784324e+10 Primal inf 1.1433189e+10 (304304)
Clp0006I 904230  Obj 1.9792098e+10 Primal inf 1.700843e+10 (355910)
Clp0006I 905230  Obj 1.980115e+10 Primal inf 1.6945059e+10 (355088)
Clp0006I 906230  Obj 1.9808329e+10 Primal inf 2.0017455e+10 (358350)
Clp0006I 907230  Obj 1.9814724e+10 Primal inf 1.7130065e+10 (322249)
Clp0006I 908230  Obj 1.9824926e+10 Primal inf 6.1005906e+09 (368150)
Clp0006I 909230  Obj 1.9836726e+10 Primal inf 2.7525121e+09 (332930)
Clp0006I 910230  Obj 1.984654e+10 Primal inf 8.4150653e+09 (337089)
Clp0006I 911230  Obj 1.9855598e+10 Primal inf 2.4455868e+10 (348862)
Clp0006I 912230  Obj 1.986159e+10 Primal inf 3.0942336e+10 (331929)
Clp0006I 913230  Obj 1.9869124e+10 Primal inf 1.3726375e+09 (281751)
Clp0006I 914230  Obj 1.9883353e+10 Primal inf 2.3913923e+10 (367107)
Clp0006I 915230  Obj 1.9895751e+10 Primal inf 1.5567269e+11 (324088)
Clp0006I 916230  Obj 1.9909054e+10 Primal inf 5.7068129e+10 (327128)
Clp0006I 917230  Obj 1.992047e+10 Primal inf 4.5374575e+10 (298179)
Clp0006I 918230  Obj 1.9930002e+10 Primal inf 8.534446e+09 (350289)
Clp0006I 919230  Obj 1.9942408e+10 Primal inf 9.2982043e+09 (314069)
Clp0006I 920230  Obj 1.9946587e+10 Primal inf 1.5760278e+10 (377467)
Clp0006I 921230  Obj 1.9951734e+10 Primal inf 7.2678387e+09 (383407)
Clp0006I 922230  Obj 1.9957674e+10 Primal inf 2.5160547e+10 (364961)
Clp0006I 923230  Obj 1.996421e+10 Primal inf 2.0914701e+10 (334327)
Clp0006I 923967  Obj 1.9972472e+10 Primal inf 2.1792286e+11 (338864)
Clp0006I 924967  Obj 1.9990059e+10 Primal inf 4.7678069e+11 (363920)
Clp0006I 925967  Obj 1.9999367e+10 Primal inf 2.363411e+10 (334307)
Clp0006I 926967  Obj 2.0006564e+10 Primal inf 5.7472726e+10 (357797)
Clp0006I 927967  Obj 2.0012852e+10 Primal inf 1.0370562e+09 (246454)
Clp0006I 928967  Obj 2.0019074e+10 Primal inf 5.6738044e+10 (435657)
Clp0006I 929707  Obj 2.0029285e+10 Primal inf 5.4531896e+09 (342720)
Clp0006I 930707  Obj 2.0037131e+10 Primal inf 1.6282172e+10 (376572)
Clp0006I 931707  Obj 2.0043165e+10 Primal inf 5.0842533e+09 (351447)
Clp0006I 932707  Obj 2.0048348e+10 Primal inf 1.3905651e+10 (328381)
Clp0006I 933707  Obj 2.0052409e+10 Primal inf 1.5059375e+10 (366600)
Clp0006I 934707  Obj 2.0064021e+10 Primal inf 1.2447919e+09 (313622)
Clp0006I 935707  Obj 2.0070327e+10 Primal inf 1.9751258e+09 (287552)
Clp0006I 936707  Obj 2.0078822e+10 Primal inf 1.8996831e+10 (383129)
Clp0006I 937707  Obj 2.0083106e+10 Primal inf 3.8041466e+10 (329507)
Clp0006I 938707  Obj 2.009464e+10 Primal inf 1.7195744e+10 (345670)
Clp0006I 939707  Obj 2.0099251e+10 Primal inf 5.3606752e+10 (399169)
Clp0006I 940707  Obj 2.0145765e+10 Primal inf 4.0422353e+09 (310375)
Clp0006I 941707  Obj 2.0152612e+10 Primal inf 2.6754686e+10 (358185)
Clp0006I 942707  Obj 2.015729e+10 Primal inf 7.1357794e+09 (241863)
Clp0006I 943707  Obj 2.0160201e+10 Primal inf 3.189353e+10 (309844)
Clp0006I 944707  Obj 2.0163878e+10 Primal inf 1.6702182e+10 (354389)
Clp0006I 945707  Obj 2.0167762e+10 Primal inf 8.6799354e+09 (290868)
Clp0006I 946707  Obj 2.0170393e+10 Primal inf 8.0188119e+09 (287954)
Clp0006I 947707  Obj 2.0175321e+10 Primal inf 3.7420254e+10 (318746)
Clp0006I 948707  Obj 2.017853e+10 Primal inf 1.9362517e+09 (244295)
Clp0006I 949707  Obj 2.018366e+10 Primal inf 2.2256577e+09 (287784)
Clp0006I 950707  Obj 2.0188403e+10 Primal inf 5.8984541e+10 (333462)
Clp0006I 951707  Obj 2.019203e+10 Primal inf 1.671621e+10 (363479)
Clp0006I 952707  Obj 2.0196694e+10 Primal inf 2.4619653e+10 (405806)
Clp0006I 953707  Obj 2.0200187e+10 Primal inf 3.8378226e+09 (342752)
Clp0006I 954707  Obj 2.0206117e+10 Primal inf 2.9628246e+09 (262424)
Clp0006I 955707  Obj 2.0211743e+10 Primal inf 1.897784e+10 (387862)
Clp0006I 956707  Obj 2.0215098e+10 Primal inf 1.7758634e+10 (386946)
Clp0006I 957707  Obj 2.0217348e+10 Primal inf 1.018689e+10 (346004)
Clp0006I 958707  Obj 2.0221085e+10 Primal inf 3.3622672e+09 (315355)
Clp0006I 959707  Obj 2.0224882e+10 Primal inf 4.6804648e+10 (400431)
Clp0006I 960707  Obj 2.0228533e+10 Primal inf 4.8082222e+09 (330061)
Clp0006I 961707  Obj 2.0232224e+10 Primal inf 2.2023069e+09 (297847)
Clp0006I 962707  Obj 2.0236412e+10 Primal inf 2.7078762e+10 (417051)
Clp0006I 963707  Obj 2.0238642e+10 Primal inf 5.1592035e+09 (324596)
Clp0006I 964707  Obj 2.024853e+10 Primal inf 4.5265749e+09 (301808)
Clp0006I 965707  Obj 2.0252789e+10 Primal inf 6.8950486e+09 (342856)
Clp0006I 966707  Obj 2.0257645e+10 Primal inf 4.1959176e+09 (274780)
Clp0006I 967707  Obj 2.0266387e+10 Primal inf 3.9547451e+10 (442727)
Clp0006I 968707  Obj 2.0271272e+10 Primal inf 1.0133565e+10 (376007)
Clp0006I 969707  Obj 2.0277049e+10 Primal inf 3.4903124e+10 (300925)
Clp0006I 970622  Obj 2.0280278e+10 Primal inf 2.9602365e+09 (318866)
Clp0006I 971622  Obj 2.0282337e+10 Primal inf 1.6182541e+09 (285616)
Clp0006I 972622  Obj 2.0287989e+10 Primal inf 1.4922144e+10 (442356)
Clp0006I 973622  Obj 2.0291037e+10 Primal inf 2.5877622e+09 (300989)
Clp0006I 974622  Obj 2.0295016e+10 Primal inf 8.3664545e+09 (407652)
Clp0006I 975622  Obj 2.0298588e+10 Primal inf 2.1253726e+09 (337266)
Clp0006I 976622  Obj 2.0305895e+10 Primal inf 1.155741e+09 (248068)
Clp0006I 977622  Obj 2.0311365e+10 Primal inf 9.7179821e+08 (279923)
Clp0006I 978622  Obj 2.0315392e+10 Primal inf 2.1274375e+09 (315354)
Clp0006I 979622  Obj 2.0318532e+10 Primal inf 1.9928119e+10 (346092)
Clp0006I 980622  Obj 2.0324214e+10 Primal inf 6.1073015e+10 (423731)
Clp0006I 981622  Obj 2.0337168e+10 Primal inf 2.8809762e+09 (360253)
Clp0006I 982622  Obj 2.034698e+10 Primal inf 4.7637947e+09 (300235)
Clp0006I 983622  Obj 2.0353194e+10 Primal inf 9.1931873e+09 (345726)
Clp0006I 984622  Obj 2.0360743e+10 Primal inf 3.2327596e+09 (332225)
Clp0006I 985622  Obj 2.036461e+10 Primal inf 6.8777495e+09 (321099)
Clp0006I 986622  Obj 2.0379447e+10 Primal inf 4.4782693e+09 (341383)
Clp0006I 987622  Obj 2.0383511e+10 Primal inf 1.487816e+10 (390887)
Clp0006I 988622  Obj 2.038841e+10 Primal inf 2.7892512e+09 (353817)
Clp0006I 989622  Obj 2.0392256e+10 Primal inf 6.5093417e+09 (291370)
Clp0006I 990531  Obj 2.0397709e+10 Primal inf 1.0056845e+11 (307254)
Clp0006I 991531  Obj 2.0400692e+10 Primal inf 3.1688224e+10 (363321)
Clp0006I 992531  Obj 2.0403883e+10 Primal inf 1.9330538e+10 (299550)
Clp0006I 993531  Obj 2.0407937e+10 Primal inf 2.2964581e+09 (279466)
Clp0006I 994531  Obj 2.0410997e+10 Primal inf 1.315766e+09 (302555)
Clp0006I 995531  Obj 2.0424406e+10 Primal inf 8.3667264e+08 (298287)
Clp0006I 996531  Obj 2.0429232e+10 Primal inf 1.2066136e+10 (356989)
Clp0006I 997531  Obj 2.0434702e+10 Primal inf 3.9856568e+09 (296549)
Clp0006I 998418  Obj 2.0440745e+10 Primal inf 6.1769087e+11 (446747)
Clp0006I 999418  Obj 2.0455917e+10 Primal inf 1.2834603e+10 (353269)
Clp0006I 1000418  Obj 2.0460617e+10 Primal inf 3.2162932e+10 (365294)
Clp0006I 1001418  Obj 2.0464163e+10 Primal inf 1.6540463e+10 (354880)
Clp0006I 1002418  Obj 2.0468924e+10 Primal inf 2.3098526e+11 (382334)
Clp0006I 1003418  Obj 2.0476776e+10 Primal inf 1.7853919e+10 (359853)
Clp0006I 1004341  Obj 2.0480169e+10 Primal inf 9.8645838e+09 (381741)
Clp0006I 1005341  Obj 2.0486191e+10 Primal inf 3.234371e+09 (348511)
Clp0006I 1006341  Obj 2.0494558e+10 Primal inf 1.9650607e+10 (368741)
Clp0006I 1007341  Obj 2.0524504e+10 Primal inf 6.8219165e+09 (396416)
Clp0006I 1008341  Obj 2.0538268e+10 Primal inf 3.0278349e+09 (366706)
Clp0006I 1009341  Obj 2.0555842e+10 Primal inf 8.1439859e+08 (314256)
Clp0006I 1010341  Obj 2.0578966e+10 Primal inf 2.4864313e+09 (334864)
Clp0006I 1011341  Obj 2.0587977e+10 Primal inf 1.8638485e+10 (372116)
Clp0006I 1012341  Obj 2.0598479e+10 Primal inf 4.5816414e+09 (320162)
Clp0006I 1013341  Obj 2.0602607e+10 Primal inf 2.0921354e+09 (305321)
Clp0006I 1014341  Obj 2.0608135e+10 Primal inf 1.8162428e+09 (291451)
Clp0006I 1015341  Obj 2.061544e+10 Primal inf 2.6226893e+09 (328527)
Clp0006I 1016341  Obj 2.061806e+10 Primal inf 6.3274992e+10 (449140)
Clp0006I 1017341  Obj 2.0620808e+10 Primal inf 4.773501e+09 (336951)
Clp0006I 1018341  Obj 2.0625903e+10 Primal inf 1.7008028e+11 (385038)
Clp0006I 1019341  Obj 2.0628926e+10 Primal inf 6.3748457e+09 (286398)
Clp0006I 1020341  Obj 2.0635921e+10 Primal inf 9.3845184e+10 (355090)
Clp0006I 1021154  Obj 2.0637806e+10 Primal inf 2.0719205e+10 (438272)
Clp0006I 1022154  Obj 2.0644169e+10 Primal inf 6.7039639e+08 (290308)
Clp0006I 1023154  Obj 2.0650611e+10 Primal inf 6.1468937e+09 (265955)
Clp0006I 1024154  Obj 2.0657547e+10 Primal inf 1.5442393e+09 (369355)
Clp0006I 1025154  Obj 2.0663001e+10 Primal inf 3.4549657e+09 (274576)
Clp0006I 1026154  Obj 2.0670678e+10 Primal inf 7.4407298e+10 (385810)
Clp0006I 1027154  Obj 2.0681991e+10 Primal inf 7.0580243e+09 (317457)
Clp0006I 1028154  Obj 2.0684836e+10 Primal inf 8.6784744e+09 (414810)
Clp0006I 1029154  Obj 2.0688144e+10 Primal inf 2.4825062e+08 (278937)
Clp0006I 1030154  Obj 2.0691938e+10 Primal inf 4.8538628e+09 (260903)
Clp0006I 1031154  Obj 2.0695082e+10 Primal inf 2.5226349e+09 (322318)
Clp0006I 1031771  Obj 2.0698521e+10 Primal inf 7.2101071e+09 (268888)
Clp0006I 1032619  Obj 2.0702518e+10 Primal inf 2.347425e+09 (216180)
Clp0006I 1033619  Obj 2.0705921e+10 Primal inf 6.4075577e+09 (285485)
Clp0006I 1034619  Obj 2.0712839e+10 Primal inf 9.1573232e+09 (357868)
Clp0006I 1035619  Obj 2.0720549e+10 Primal inf 3.1100228e+09 (268993)
Clp0006I 1036619  Obj 2.0726458e+10 Primal inf 1.1939857e+10 (325189)
Clp0006I 1037619  Obj 2.0730335e+10 Primal inf 7.1947141e+09 (309952)
Clp0006I 1038619  Obj 2.0736108e+10 Primal inf 2.6166456e+09 (353226)
Clp0006I 1039619  Obj 2.0739341e+10 Primal inf 8.8187573e+08 (261537)
Clp0006I 1040619  Obj 2.0743707e+10 Primal inf 3.3992337e+08 (270551)
Clp0006I 1041619  Obj 2.07474e+10 Primal inf 1.2270795e+09 (307862)
Clp0006I 1042619  Obj 2.0750611e+10 Primal inf 9.1899032e+08 (240708)
Clp0006I 1043619  Obj 2.0761893e+10 Primal inf 4.2018556e+09 (312247)
Clp0006I 1044619  Obj 2.0770612e+10 Primal inf 1.2232428e+09 (297113)
Clp0006I 1045619  Obj 2.0777878e+10 Primal inf 5.6539041e+08 (273347)
Clp0006I 1046619  Obj 2.0785346e+10 Primal inf 8.7599667e+08 (293694)
Clp0006I 1047619  Obj 2.079596e+10 Primal inf 2.5481882e+09 (315277)
Clp0006I 1048619  Obj 2.0806372e+10 Primal inf 1.8590591e+09 (258706)
Clp0006I 1049619  Obj 2.0820498e+10 Primal inf 1.9932404e+08 (213423)
Clp0006I 1050619  Obj 2.0832414e+10 Primal inf 3.8568783e+08 (291453)
Clp0006I 1051619  Obj 2.0837281e+10 Primal inf 4.2263447e+08 (204333)
Clp0006I 1052619  Obj 2.0839737e+10 Primal inf 1.7128084e+09 (341111)
Clp0006I 1053619  Obj 2.0843231e+10 Primal inf 7.1951252e+08 (257132)
Clp0006I 1054619  Obj 2.0846496e+10 Primal inf 3.9789662e+09 (352083)
Clp0006I 1055619  Obj 2.084896e+10 Primal inf 6.8191908e+08 (271002)
Clp0006I 1056619  Obj 2.0852204e+10 Primal inf 1.7389437e+09 (307054)
Clp0006I 1057619  Obj 2.0854882e+10 Primal inf 5.5131611e+08 (288727)
Clp0006I 1058619  Obj 2.0858711e+10 Primal inf 1.402448e+09 (236370)
Clp0006I 1059619  Obj 2.0863374e+10 Primal inf 1.9254671e+09 (252728)
Clp0006I 1060619  Obj 2.0868756e+10 Primal inf 2.1703372e+09 (290834)
Clp0006I 1061619  Obj 2.0880291e+10 Primal inf 1.2482098e+09 (252969)
Clp0006I 1062287  Obj 2.0882443e+10 Primal inf 1.6776875e+09 (278513)
Clp0006I 1063287  Obj 2.0884543e+10 Primal inf 3.031391e+09 (344782)
Clp0006I 1064287  Obj 2.0886466e+10 Primal inf 2.4234101e+09 (287968)
Clp0006I 1065255  Obj 2.0891301e+10 Primal inf 3.0451984e+10 (294668)
Clp0006I 1066157  Obj 2.0894523e+10 Primal inf 2.6533059e+09 (277894)
Clp0006I 1067157  Obj 2.0897395e+10 Primal inf 3.8701434e+09 (369871)
Clp0006I 1068157  Obj 2.0909646e+10 Primal inf 2.8443293e+08 (188341)
Clp0006I 1069157  Obj 2.092773e+10 Primal inf 5.439968e+08 (221688)
Clp0006I 1070157  Obj 2.094066e+10 Primal inf 7.8293658e+08 (274620)
Clp0006I 1071157  Obj 2.0954668e+10 Primal inf 2.0862085e+09 (367676)
Clp0006I 1072157  Obj 2.0959108e+10 Primal inf 6.6599455e+08 (286625)
Clp0006I 1073157  Obj 2.0961119e+10 Primal inf 1.1245961e+08 (185044)
Clp0006I 1074157  Obj 2.096568e+10 Primal inf 4.9349175e+09 (308308)
Clp0006I 1075157  Obj 2.0967666e+10 Primal inf 4.2199089e+09 (310959)
Clp0006I 1076157  Obj 2.096999e+10 Primal inf 2.1490967e+09 (244087)
Clp0006I 1077157  Obj 2.0971525e+10 Primal inf 6.768575e+09 (286828)
Clp0006I 1078157  Obj 2.0973766e+10 Primal inf 1.8025805e+09 (277604)
Clp0006I 1079157  Obj 2.0975899e+10 Primal inf 7.5060212e+08 (310047)
Clp0006I 1080157  Obj 2.0978473e+10 Primal inf 3.3604946e+09 (282612)
Clp0006I 1081157  Obj 2.0980473e+10 Primal inf 1.2590224e+09 (245218)
Clp0006I 1082157  Obj 2.0982475e+10 Primal inf 7.7620299e+09 (320415)
Clp0006I 1083157  Obj 2.0985904e+10 Primal inf 1.0444194e+10 (272521)
Clp0006I 1084089  Obj 2.0989132e+10 Primal inf 7.4874701e+08 (224968)
Clp0006I 1085089  Obj 2.0993612e+10 Primal inf 1.7869562e+10 (233447)
Clp0006I 1086089  Obj 2.0999237e+10 Primal inf 6.9119573e+08 (308085)
Clp0006I 1087089  Obj 2.1000934e+10 Primal inf 6.6374337e+09 (253692)
Clp0006I 1088089  Obj 2.100586e+10 Primal inf 1.7910477e+10 (279811)
Clp0006I 1088757  Obj 2.1009436e+10 Primal inf 7.2690447e+10 (274890)
Clp0006I 1089757  Obj 2.1013534e+10 Primal inf 6.1454677e+09 (224347)
Clp0006I 1090757  Obj 2.1020401e+10 Primal inf 6.9676168e+09 (316992)
Clp0006I 1091757  Obj 2.1022889e+10 Primal inf 6.5163614e+08 (237510)
Clp0006I 1092757  Obj 2.1027278e+10 Primal inf 2.227512e+09 (290519)
Clp0006I 1093757  Obj 2.1029972e+10 Primal inf 4.9897728e+08 (274632)
Clp0006I 1094757  Obj 2.1035329e+10 Primal inf 1.8523575e+09 (249679)
Clp0006I 1095757  Obj 2.1048791e+10 Primal inf 3.4604694e+08 (242190)
Clp0006I 1096757  Obj 2.1051881e+10 Primal inf 5.0550356e+09 (242235)
Clp0006I 1097757  Obj 2.1054102e+10 Primal inf 9.4066787e+08 (258830)
Clp0006I 1098757  Obj 2.1056656e+10 Primal inf 1.4507012e+09 (282733)
Clp0006I 1099757  Obj 2.1060294e+10 Primal inf 8.8232336e+08 (217369)
Clp0006I 1100757  Obj 2.1061717e+10 Primal inf 4.3521715e+09 (279734)
Clp0006I 1101757  Obj 2.1067354e+10 Primal inf 7.2846263e+08 (266922)
Clp0006I 1102757  Obj 2.1073348e+10 Primal inf 3.0800336e+09 (416134)
Clp0006I 1103757  Obj 2.1080273e+10 Primal inf 3.65512e+08 (172756)
Clp0006I 1104757  Obj 2.1087537e+10 Primal inf 2.6261264e+09 (328754)
Clp0006I 1105757  Obj 2.1094474e+10 Primal inf 2.728707e+08 (234136)
Clp0006I 1106757  Obj 2.11008e+10 Primal inf 1.1465098e+09 (248645)
Clp0006I 1107757  Obj 2.1104095e+10 Primal inf 1.9695167e+08 (278441)
Clp0006I 1108757  Obj 2.1106559e+10 Primal inf 5.6755632e+08 (173549)
Clp0006I 1109757  Obj 2.1108378e+10 Primal inf 3.0110011e+08 (192048)
Clp0006I 1110757  Obj 2.1111202e+10 Primal inf 1.4169688e+09 (207438)
Clp0006I 1111757  Obj 2.1114035e+10 Primal inf 9.8367721e+08 (205672)
Clp0006I 1112757  Obj 2.111656e+10 Primal inf 2.1570017e+09 (269265)
Clp0006I 1113757  Obj 2.1118493e+10 Primal inf 8.9280454e+08 (225372)
Clp0006I 1114652  Obj 2.1120476e+10 Primal inf 1.7452048e+09 (263847)
Clp0006I 1115652  Obj 2.1123088e+10 Primal inf 1.6971422e+09 (184703)
Clp0006I 1116652  Obj 2.1125562e+10 Primal inf 2.1736736e+09 (185555)
Clp0006I 1117366  Obj 2.112747e+10 Primal inf 4.1295987e+09 (264311)
Clp0006I 1118366  Obj 2.113028e+10 Primal inf 1.9186529e+08 (143576)
Clp0006I 1119366  Obj 2.1132261e+10 Primal inf 22814629 (119557)
Clp0006I 1120366  Obj 2.1134486e+10 Primal inf 2.4717873e+09 (257798)
Clp0006I 1121366  Obj 2.1136285e+10 Primal inf Activating environment at `~/Documents/princeton/1st_year/MAE529/MAE529_code/project/code/Project.toml`
This Model run is characterised by...
Electrolyser capex cost of: 1100.0
H2 efficiency of: 0.5
Carbon Tax: 75.0
Number of weeks included: 52_weeks
-----------------------------------------------
1 loading data preparation function
-----------------------------------------------
-----------------------------------------------
2 loading model solving function
-----------------------------------------------
adding in carbon tax elements
assigned variables
assigned constraint 1
assigned constraint 2
assigned constraint 3
check
assigned constraints
Model run complete
 3.0060016e+09 (216540)
Clp0006I 1122366  Obj 2.1138636e+10 Primal inf 3.1633524e+10 (242084)
Clp0006I 1123366  Obj 2.1142612e+10 Primal inf 1.1743669e+10 (233811)
Clp0006I 1124366  Obj 2.1144875e+10 Primal inf 1.8712259e+10 (278247)
Clp0006I 1125366  Obj 2.1147729e+10 Primal inf 2.4576592e+10 (275028)
Clp0006I 1126366  Obj 2.1149614e+10 Primal inf 4.1124558e+08 (121611)
Clp0006I 1127366  Obj 2.1153121e+10 Primal inf 5.960701e+08 (226008)
Clp0006I 1128366  Obj 2.11557e+10 Primal inf 8.7687725e+08 (274425)
Clp0006I 1129366  Obj 2.1157562e+10 Primal inf 3.6312627e+08 (150892)
Clp0006I 1130366  Obj 2.1159922e+10 Primal inf 74001655 (147303)
Clp0006I 1131366  Obj 2.116146e+10 Primal inf 2.4218747e+09 (289008)
Clp0006I 1132366  Obj 2.1163328e+10 Primal inf 3.0778183e+08 (216432)
Clp0006I 1133366  Obj 2.1164419e+10 Primal inf 1.3706919e+08 (217388)
Clp0006I 1134366  Obj 2.1164915e+10 Primal inf 1.0004656e+08 (146165)
Clp0006I 1135366  Obj 2.1165884e+10 Primal inf 16627017 (72944)
Clp0006I 1136366  Obj 2.1166356e+10 Primal inf 1.2693321e+08 (230370)
Clp0006I 1137366  Obj 2.1166734e+10 Primal inf 92257358 (166779)
Clp0006I 1138366  Obj 2.11671e+10 Primal inf 8.8226623e+08 (180253)
Clp0006I 1139366  Obj 2.1167632e+10 Primal inf 16755271 (89605)
Clp0006I 1140366  Obj 2.1168116e+10 Primal inf 52037324 (139628)
Clp0006I 1141366  Obj 2.1168354e+10 Primal inf 1.512339e+08 (237970)
Clp0006I 1142366  Obj 2.1168653e+10 Primal inf 24864395 (93551)
Clp0006I 1143366  Obj 2.1168766e+10 Primal inf 19706625 (98465)
Clp0006I 1144366  Obj 2.1168823e+10 Primal inf 3389689.6 (110971)
Clp0006I 1145366  Obj 2.1168844e+10 Primal inf 81181.432 (56829)
Clp0006I 1146366  Obj 2.116885e+10 Primal inf 2259.8369 (17382)
Clp0006I 1147366  Obj 2.1168856e+10 Primal inf 1583.9483 (15488)
Clp0006I 1148366  Obj 2.1168861e+10 Primal inf 1352.2593 (14480)
Clp0006I 1149366  Obj 2.1168867e+10 Primal inf 1185.1349 (13480)
Clp0006I 1150366  Obj 2.1168874e+10 Primal inf 1045.396 (12480)
Clp0006I 1151366  Obj 2.1168879e+10 Primal inf 883.76288 (11494)
Clp0006I 1152366  Obj 2.1168883e+10 Primal inf 778.82913 (10485)
Clp0006I 1153366  Obj 2.1168887e+10 Primal inf 680.60582 (9484)
Clp0006I 1154366  Obj 2.1168892e+10 Primal inf 584.19593 (8488)
Clp0006I 1155366  Obj 2.1168896e+10 Primal inf 491.03453 (7488)
Clp0006I 1156366  Obj 2.1168902e+10 Primal inf 404.1137 (6488)
Clp0006I 1157366  Obj 2.1168907e+10 Primal inf 365.94008 (5947)
Clp0006I 1158366  Obj 2.1168913e+10 Primal inf 280.32452 (4944)
Clp0006I 1159366  Obj 2.1168917e+10 Primal inf 197.73485 (3941)
Clp0006I 1160366  Obj 2.1168922e+10 Primal inf 135.10712 (2941)
Clp0006I 1161366  Obj 2.1168927e+10 Primal inf 85.801702 (1941)
Clp0006I 1162366  Obj 2.1168932e+10 Primal inf 40.252713 (941)
Clp0006I 1163312  Obj 2.1168937e+10
Clp0000I Optimal - objective value 2.1168936e+10
Coin0511I After Postsolve, objective 2.1168936e+10, infeasibilities - dual 0 (0), primal 0 (0)
Clp0032I Optimal objective 2.116893647e+10 - 1163312 iterations time 14490.032, Presolve 3.50
