Coin0506I Presolve 1521577 (-195446) rows, 591998 (-65130) columns and 4511329 (-460732) elements
Clp0006I 0  Obj 0 Primal inf 8.7736635e+08 (43800)
Clp0006I 1000  Obj 4.7917429e-12 Primal inf 8.6776638e+08 (44708)
Clp0006I 2000  Obj 9.9133726e-12 Primal inf 8.6044937e+08 (45580)
Clp0006I 3000  Obj 1.5969055e-11 Primal inf 8.579383e+08 (46596)
Clp0006I 4000  Obj 8480782.7 Primal inf 8.4872532e+08 (47608)
Clp0006I 5000  Obj 15947624 Primal inf 8.4108892e+08 (48566)
Clp0006I 6000  Obj 27353220 Primal inf 8.3805407e+08 (49522)
Clp0006I 7000  Obj 42372999 Primal inf 8.2901466e+08 (50621)
Clp0006I 8000  Obj 57753049 Primal inf 8.2323142e+08 (51638)
Clp0006I 9000  Obj 78817218 Primal inf 8.1900426e+08 (52789)
Clp0006I 10000  Obj 96554126 Primal inf 8.1813301e+08 (53894)
Clp0006I 11000  Obj 1.137534e+08 Primal inf 8.1493453e+08 (54957)
Clp0006I 12000  Obj 1.3453392e+08 Primal inf 8.1392984e+08 (56164)
Clp0006I 13000  Obj 1.6305821e+08 Primal inf 8.0842542e+08 (57310)
Clp0006I 14000  Obj 1.7837846e+08 Primal inf 7.2950523e+08 (58555)
Clp0006I 15000  Obj 1.9977699e+08 Primal inf 7.2915301e+08 (59694)
Clp0006I 16000  Obj 2.2825206e+08 Primal inf 7.2627391e+08 (60961)
Clp0006I 17000  Obj 2.5091974e+08 Primal inf 7.2514257e+08 (62180)
Clp0006I 18000  Obj 2.8403744e+08 Primal inf 7.2452695e+08 (63411)
Clp0006I 19000  Obj 3.0820847e+08 Primal inf 7.2295345e+08 (64566)
Clp0006I 20000  Obj 3.4131539e+08 Primal inf 7.2344798e+08 (65831)
Clp0006I 21000  Obj 3.7979686e+08 Primal inf 7.2171171e+08 (67053)
Clp0006I 22000  Obj 4.1182536e+08 Primal inf 7.2307793e+08 (68309)
Clp0006I 23000  Obj 4.450126e+08 Primal inf 7.2132682e+08 (69523)
Clp0006I 24000  Obj 4.8374521e+08 Primal inf 7.2266673e+08 (70890)
Clp0006I 25000  Obj 5.1253721e+08 Primal inf 7.2331635e+08 (72171)
Clp0006I 26000  Obj 5.5515482e+08 Primal inf 7.2486446e+08 (73407)
Clp0006I 27000  Obj 5.9013201e+08 Primal inf 7.2568936e+08 (74613)
Clp0006I 28000  Obj 6.1658806e+08 Primal inf 7.2731539e+08 (75957)
Clp0006I 29000  Obj 6.5259928e+08 Primal inf 7.2594528e+08 (77067)
Clp0006I 30000  Obj 6.8571562e+08 Primal inf 7.2781982e+08 (78212)
Clp0006I 31000  Obj 7.1328991e+08 Primal inf 7.3012478e+08 (79429)
Clp0006I 32000  Obj 7.5093169e+08 Primal inf 7.3240387e+08 (80656)
Clp0006I 33000  Obj 7.7612448e+08 Primal inf 7.3341484e+08 (81817)
Clp0006I 34000  Obj 8.1586585e+08 Primal inf 7.3114611e+08 (82989)
Clp0006I 35000  Obj 8.5637058e+08 Primal inf 7.3399844e+08 (84196)
Clp0006I 36000  Obj 8.899512e+08 Primal inf 7.3635012e+08 (85299)
Clp0006I 37000  Obj 9.2588275e+08 Primal inf 7.3750079e+08 (86657)
Clp0006I 38000  Obj 9.591797e+08 Primal inf 7.3753381e+08 (87859)
Clp0006I 39000  Obj 1.0021623e+09 Primal inf 7.4015045e+08 (89006)
Clp0006I 40000  Obj 1.045215e+09 Primal inf 7.4149957e+08 (90203)
Clp0006I 41000  Obj 1.0881726e+09 Primal inf 7.4197159e+08 (91310)
Clp0006I 42000  Obj 1.1321844e+09 Primal inf 7.4052204e+08 (92541)
Clp0006I 43000  Obj 1.1728137e+09 Primal inf 7.4300513e+08 (93706)
Clp0006I 44000  Obj 1.2183233e+09 Primal inf 7.4546138e+08 (94857)
Clp0006I 45000  Obj 1.2561757e+09 Primal inf 7.4997138e+08 (96213)
Clp0006I 46000  Obj 1.3073309e+09 Primal inf 7.5287771e+08 (97428)
Clp0006I 47000  Obj 1.3503434e+09 Primal inf 7.5400905e+08 (98568)
Clp0006I 48000  Obj 1.4018579e+09 Primal inf 7.5183399e+08 (99707)
Clp0006I 49000  Obj 1.4577651e+09 Primal inf 7.5200593e+08 (100778)
Clp0006I 50000  Obj 1.5007553e+09 Primal inf 7.544223e+08 (101915)
Clp0006I 51000  Obj 1.5406842e+09 Primal inf 7.2959134e+08 (105033)
Clp0006I 52000  Obj 1.5613456e+09 Primal inf 7.3055187e+08 (106174)
Clp0006I 53000  Obj 1.5699168e+09 Primal inf 7.2868281e+08 (107068)
Clp0006I 54000  Obj 1.59473e+09 Primal inf 7.4323104e+08 (108131)
Clp0006I 55000  Obj 1.6154812e+09 Primal inf 1.3376178e+09 (117032)
Clp0006I 56000  Obj 1.6390753e+09 Primal inf 7.8394419e+08 (109164)
Clp0006I 57000  Obj 1.6649028e+09 Primal inf 3.0251033e+09 (110210)
Clp0006I 58000  Obj 1.692454e+09 Primal inf 8.0188407e+08 (111229)
Clp0006I 59000  Obj 1.7215362e+09 Primal inf 8.9959239e+08 (112019)
Clp0006I 60000  Obj 1.7390352e+09 Primal inf 7.3381075e+08 (114136)
Clp0006I 61000  Obj 1.7624288e+09 Primal inf 7.318405e+08 (115039)
Clp0006I 62000  Obj 1.8213529e+09 Primal inf 7.4790173e+08 (116815)
Clp0006I 63000  Obj 1.9675323e+09 Primal inf 7.238836e+08 (117542)
Clp0006I 64000  Obj 2.1367248e+09 Primal inf 7.4827708e+08 (118449)
Clp0006I 65000  Obj 2.1784658e+09 Primal inf 7.4635669e+08 (119518)
Clp0006I 66000  Obj 2.196902e+09 Primal inf 7.4458275e+08 (120468)
Clp0006I 67000  Obj 2.2142704e+09 Primal inf 7.5636631e+08 (121404)
Clp0006I 68000  Obj 2.2725184e+09 Primal inf 9.035529e+08 (121015)
Clp0006I 69000  Obj 2.2938909e+09 Primal inf 8.5272407e+08 (122050)
Clp0006I 70000  Obj 2.3041001e+09 Primal inf 7.4072358e+08 (123596)
Clp0006I 71000  Obj 2.3089687e+09 Primal inf 7.3850428e+08 (124400)
Clp0006I 72000  Obj 2.3580261e+09 Primal inf 7.3312257e+08 (125396)
Clp0006I 73000  Obj 2.3904439e+09 Primal inf 8.4961235e+08 (125190)
Clp0006I 74000  Obj 2.4228054e+09 Primal inf 8.4150549e+09 (143800)
Clp0006I 75000  Obj 2.4328554e+09 Primal inf 7.6645657e+08 (137982)
Clp0006I 76000  Obj 2.4724747e+09 Primal inf 8.4901387e+08 (139372)
Clp0006I 77000  Obj 2.4838414e+09 Primal inf 7.8029424e+08 (139994)
Clp0006I 78000  Obj 2.4954969e+09 Primal inf 7.8082392e+08 (140937)
Clp0006I 79000  Obj 2.535641e+09 Primal inf 7.6194034e+08 (130770)
Clp0006I 80000  Obj 2.5832694e+09 Primal inf 9.9308733e+08 (130897)
Clp0006I 81000  Obj 2.6156036e+09 Primal inf 1.1280398e+09 (170703)
Clp0006I 82000  Obj 2.6434604e+09 Primal inf 7.6315224e+08 (143175)
Clp0006I 83000  Obj 2.6567947e+09 Primal inf 8.2132499e+08 (145130)
Clp0006I 84000  Obj 2.7063192e+09 Primal inf 8.1188275e+08 (145434)
Clp0006I 85000  Obj 2.7427351e+09 Primal inf 7.4646416e+08 (145208)
Clp0006I 86000  Obj 2.8126547e+09 Primal inf 7.6419702e+08 (135945)
Clp0006I 87000  Obj 2.833822e+09 Primal inf 7.4746635e+08 (137267)
Clp0006I 88000  Obj 2.8773767e+09 Primal inf 7.8248492e+08 (148088)
Clp0006I 89000  Obj 2.9300483e+09 Primal inf 7.329687e+08 (139929)
Clp0006I 90000  Obj 3.0007088e+09 Primal inf 8.3113086e+08 (142421)
Clp0006I 91000  Obj 3.0569757e+09 Primal inf 2.6152506e+09 (148435)
Clp0006I 92000  Obj 3.1226656e+09 Primal inf 2.8065419e+09 (147577)
Clp0006I 93000  Obj 3.200514e+09 Primal inf 7.7200267e+08 (142968)
Clp0006I 94000  Obj 3.2350083e+09 Primal inf 9.4659285e+08 (155552)
Clp0006I 95000  Obj 3.2603377e+09 Primal inf 9.7983543e+08 (156729)
Clp0006I 96000  Obj 3.3036064e+09 Primal inf 2.9281999e+10 (231374)
Clp0006I 97000  Obj 3.3109905e+09 Primal inf 8.9826256e+08 (146360)
Clp0006I 98000  Obj 3.3425568e+09 Primal inf 1.5311648e+09 (183741)
Clp0006I 99000  Obj 3.3998076e+09 Primal inf 8.7971641e+08 (143439)
Clp0006I 100000  Obj 3.4209754e+09 Primal inf 9.4205362e+08 (151554)
Clp0006I 101000  Obj 3.4367083e+09 Primal inf 8.7446546e+08 (147997)
Clp0006I 102000  Obj 3.4467081e+09 Primal inf 9.8710473e+08 (176366)
Clp0006I 103000  Obj 3.4830173e+09 Primal inf 2.9855507e+09 (188866)
Clp0006I 104000  Obj 3.5082128e+09 Primal inf 8.5892736e+08 (148533)
Clp0006I 105000  Obj 3.5649939e+09 Primal inf 2.5224909e+09 (188800)
Clp0006I 106000  Obj 3.5956865e+09 Primal inf 8.7904241e+08 (152682)
Clp0006I 107000  Obj 3.6228131e+09 Primal inf 8.9376776e+08 (156845)
Clp0006I 108000  Obj 3.6422209e+09 Primal inf 1.2263378e+09 (187457)
Clp0006I 109000  Obj 3.6702671e+09 Primal inf 8.0286105e+08 (150225)
Clp0006I 110000  Obj 3.6828191e+09 Primal inf 1.304927e+09 (165242)
Clp0006I 111000  Obj 3.7172845e+09 Primal inf 4.6200754e+09 (208208)
Clp0006I 112000  Obj 3.7386346e+09 Primal inf 8.405209e+08 (152399)
Clp0006I 113000  Obj 3.7498826e+09 Primal inf 1.1736654e+09 (181055)
Clp0006I 114000  Obj 3.7678683e+09 Primal inf 1.7702516e+09 (165679)
Clp0006I 115000  Obj 3.7880177e+09 Primal inf 1.2836313e+09 (164904)
Clp0006I 116000  Obj 3.8000478e+09 Primal inf 1.0872191e+09 (154039)
Clp0006I 117000  Obj 3.8135234e+09 Primal inf 1.9535916e+10 (194526)
Clp0006I 118000  Obj 3.8193144e+09 Primal inf 9.5688398e+08 (183656)
Clp0006I 119000  Obj 3.8271031e+09 Primal inf 1.2669098e+09 (178951)
Clp0006I 120000  Obj 3.8364555e+09 Primal inf 1.5553799e+09 (168385)
Clp0006I 121000  Obj 3.8406467e+09 Primal inf 1.5699703e+09 (168853)
Clp0006I 122000  Obj 3.8513957e+09 Primal inf 1.6326622e+09 (168597)
Clp0006I 123000  Obj 3.8629989e+09 Primal inf 1.6062047e+09 (169144)
Clp0006I 124000  Obj 3.8724151e+09 Primal inf 8.0689295e+09 (215572)
Clp0006I 125000  Obj 3.8758642e+09 Primal inf 1.9014001e+09 (170249)
Clp0006I 126000  Obj 3.8943608e+09 Primal inf 1.1580479e+09 (158008)
Clp0006I 127000  Obj 3.92521e+09 Primal inf 2.6654017e+09 (178080)
Clp0006I 128000  Obj 3.9443057e+09 Primal inf 2.7802877e+10 (232492)
Clp0006I 129000  Obj 3.9661554e+09 Primal inf 2.172467e+09 (175552)
Clp0006I 130000  Obj 3.9797774e+09 Primal inf 6.6444692e+09 (202455)
Clp0006I 131000  Obj 3.9882801e+09 Primal inf 6.1732317e+09 (206715)
Clp0006I 132000  Obj 4.0092222e+09 Primal inf 1.5898234e+09 (176886)
Clp0006I 133000  Obj 4.0319947e+09 Primal inf 2.2456203e+10 (207952)
Clp0006I 134000  Obj 4.0438058e+09 Primal inf 3.269226e+09 (181031)
Clp0006I 135000  Obj 4.0751846e+09 Primal inf 3.7011706e+09 (177500)
Clp0006I 136000  Obj 4.0957841e+09 Primal inf 4.1307839e+09 (199480)
Clp0006I 137000  Obj 4.1123418e+09 Primal inf 4.5115139e+09 (199457)
Clp0006I 138000  Obj 4.1304134e+09 Primal inf 4.0634945e+09 (197763)
Clp0006I 139000  Obj 4.1398935e+09 Primal inf 3.2179507e+09 (198311)
Clp0006I 140000  Obj 4.1566474e+09 Primal inf 3.1956417e+09 (198412)
Clp0006I 141000  Obj 4.1726354e+09 Primal inf 1.3025717e+09 (168703)
Clp0006I 142000  Obj 4.1812841e+09 Primal inf 1.1845179e+09 (171873)
Clp0006I 143000  Obj 4.1888781e+09 Primal inf 2.1190679e+09 (207065)
Clp0006I 144000  Obj 4.2113377e+09 Primal inf 1.2735161e+09 (171760)
Clp0006I 145000  Obj 4.2258586e+09 Primal inf 1.4789839e+09 (183935)
Clp0006I 146000  Obj 4.2337051e+09 Primal inf 1.9881018e+09 (191340)
Clp0006I 147000  Obj 4.2497058e+09 Primal inf 2.3288968e+10 (205355)
Clp0006I 148000  Obj 4.2689989e+09 Primal inf 1.491951e+09 (180072)
Clp0006I 149000  Obj 4.2766948e+09 Primal inf 1.7339199e+09 (197794)
Clp0006I 150000  Obj 4.2865009e+09 Primal inf 1.3475977e+09 (170146)
Clp0006I 151000  Obj 4.2931686e+09 Primal inf 2.3238314e+09 (183173)
Clp0006I 152000  Obj 4.3164939e+09 Primal inf 2.3099279e+09 (182779)
Clp0006I 153000  Obj 4.3234789e+09 Primal inf 4.1637533e+09 (184869)
Clp0006I 154000  Obj 4.3389352e+09 Primal inf 1.0880459e+09 (162373)
Clp0006I 155000  Obj 4.3474733e+09 Primal inf 1.0827862e+09 (168379)
Clp0006I 156000  Obj 4.3567244e+09 Primal inf 1.2579119e+09 (171867)
Clp0006I 157000  Obj 4.368471e+09 Primal inf 2.032311e+09 (183184)
Clp0006I 158000  Obj 4.3846277e+09 Primal inf 1.6092152e+09 (183336)
Clp0006I 159000  Obj 4.3871829e+09 Primal inf 4.5922359e+09 (211165)
Clp0006I 160000  Obj 4.3951984e+09 Primal inf 1.9313008e+09 (184311)
Clp0006I 161000  Obj 4.4084257e+09 Primal inf 1.6455359e+09 (183340)
Clp0006I 162000  Obj 4.421177e+09 Primal inf 1.6410503e+09 (183416)
Clp0006I 163000  Obj 4.4345851e+09 Primal inf 1.5824517e+09 (183577)
Clp0006I 164000  Obj 4.4435865e+09 Primal inf 1.3755466e+09 (177309)
Clp0006I 165000  Obj 4.4508343e+09 Primal inf 1.9580019e+09 (184323)
Clp0006I 166000  Obj 4.4746413e+09 Primal inf 1.3922426e+09 (175899)
Clp0006I 167000  Obj 4.4855442e+09 Primal inf 2.908466e+09 (204946)
Clp0006I 168000  Obj 4.5202293e+09 Primal inf 1.2244733e+09 (173035)
Clp0006I 169000  Obj 4.5303674e+09 Primal inf 1.3833217e+09 (174430)
Clp0006I 170000  Obj 4.5485227e+09 Primal inf 1.4817195e+09 (173076)
Clp0006I 171000  Obj 4.5535148e+09 Primal inf 1.6646657e+09 (176124)
Clp0006I 172000  Obj 4.5657177e+09 Primal inf 5.1429373e+09 (208569)
Clp0006I 173000  Obj 4.5777933e+09 Primal inf 1.6460361e+10 (200216)
Clp0006I 174000  Obj 4.5954097e+09 Primal inf 3.3547978e+09 (213002)
Clp0006I 175000  Obj 4.6203256e+09 Primal inf 1.7265647e+09 (176044)
Clp0006I 176000  Obj 4.6514171e+09 Primal inf 1.959601e+09 (198222)
Clp0006I 177000  Obj 4.6887854e+09 Primal inf 3.7831631e+09 (184091)
Clp0006I 178000  Obj 4.7002563e+09 Primal inf 4.1795179e+09 (202380)
Clp0006I 179000  Obj 4.7205479e+09 Primal inf 4.8323511e+09 (229436)
Clp0006I 180000  Obj 4.7424018e+09 Primal inf 1.8628887e+09 (185912)
Clp0006I 181000  Obj 4.7691643e+09 Primal inf 1.5558947e+09 (175333)
Clp0006I 182000  Obj 4.7856456e+09 Primal inf 1.2821674e+09 (173770)
Clp0006I 183000  Obj 4.8139769e+09 Primal inf 3.7174223e+09 (181701)
Clp0006I 184000  Obj 4.8311574e+09 Primal inf 5.6420209e+11 (241013)
Clp0006I 185000  Obj 4.8447305e+09 Primal inf 3.0500573e+09 (184188)
Clp0006I 186000  Obj 4.8681563e+09 Primal inf 3.1667456e+09 (184625)
Clp0006I 187000  Obj 4.8876714e+09 Primal inf 4.6461745e+09 (204758)
Clp0006I 188000  Obj 4.9005141e+09 Primal inf 1.8051217e+09 (174081)
Clp0006I 189000  Obj 4.9135653e+09 Primal inf 3.5422995e+09 (204603)
Clp0006I 190000  Obj 4.9651412e+09 Primal inf 2.9994875e+09 (196644)
Clp0006I 191000  Obj 5.0026212e+09 Primal inf 3.4096082e+09 (185744)
Clp0006I 192000  Obj 5.0694026e+09 Primal inf 1.8602002e+09 (173025)
Clp0006I 193000  Obj 5.1553391e+09 Primal inf 4.3494074e+09 (198274)
Clp0006I 194000  Obj 5.2089897e+09 Primal inf 1.6361883e+09 (170269)
Clp0006I 195000  Obj 5.2416863e+09 Primal inf 1.5545126e+09 (175389)
Clp0006I 196000  Obj 5.262863e+09 Primal inf 1.2319898e+09 (171361)
Clp0006I 197000  Obj 5.2780485e+09 Primal inf 1.8155061e+09 (181275)
Clp0006I 198000  Obj 5.286368e+09 Primal inf 2.3693116e+09 (228741)
Clp0006I 199000  Obj 5.300295e+09 Primal inf 1.4002902e+09 (171951)
Clp0006I 200000  Obj 5.3261959e+09 Primal inf 2.4506337e+09 (205954)
Clp0006I 201000  Obj 5.3534045e+09 Primal inf 2.6581246e+09 (207816)
Clp0006I 202000  Obj 5.3809803e+09 Primal inf 1.9406312e+09 (172262)
Clp0006I 203000  Obj 5.4055794e+09 Primal inf 3.4610607e+10 (238852)
Clp0006I 204000  Obj 5.4198966e+09 Primal inf 3.2615889e+09 (196221)
Clp0006I 205000  Obj 5.4453021e+09 Primal inf 1.7070188e+09 (177575)
Clp0006I 206000  Obj 5.4642872e+09 Primal inf 1.8196925e+09 (173163)
Clp0006I 207000  Obj 5.4944271e+09 Primal inf 2.4071963e+09 (183700)
Clp0006I 208000  Obj 5.5123788e+09 Primal inf 2.5601473e+09 (183179)
Clp0006I 209000  Obj 5.5329757e+09 Primal inf 1.766323e+09 (173527)
Clp0006I 210000  Obj 5.55909e+09 Primal inf 2.7730378e+09 (205612)
Clp0006I 211000  Obj 5.5943716e+09 Primal inf 2.2876209e+09 (183406)
Clp0006I 212000  Obj 5.6269984e+09 Primal inf 1.4404282e+09 (171729)
Clp0006I 213000  Obj 5.6493116e+09 Primal inf 1.6415534e+09 (181790)
Clp0006I 214000  Obj 5.6695134e+09 Primal inf 1.7927895e+09 (181520)
Clp0006I 215000  Obj 5.6947908e+09 Primal inf 1.7597373e+09 (175188)
Clp0006I 216000  Obj 5.7272469e+09 Primal inf 1.4067451e+09 (175455)
Clp0006I 217000  Obj 5.741874e+09 Primal inf 1.6878827e+10 (234465)
Clp0006I 218000  Obj 5.7645632e+09 Primal inf 3.4099757e+09 (207061)
Clp0006I 219000  Obj 5.7804484e+09 Primal inf 2.6240924e+09 (206354)
Clp0006I 220000  Obj 5.7979032e+09 Primal inf 2.8458638e+09 (205510)
Clp0006I 221000  Obj 5.826199e+09 Primal inf 1.4456289e+09 (173325)
Clp0006I 222000  Obj 5.8353085e+09 Primal inf 2.271275e+09 (199748)
Clp0006I 223000  Obj 5.8481754e+09 Primal inf 2.6889761e+09 (176163)
Clp0006I 224000  Obj 5.8628313e+09 Primal inf 2.2694506e+09 (175989)
Clp0006I 225000  Obj 5.8731515e+09 Primal inf 1.8969439e+09 (174890)
Clp0006I 226000  Obj 5.8816869e+09 Primal inf 1.450853e+09 (175307)
Clp0006I 227000  Obj 5.8942525e+09 Primal inf 1.4983413e+09 (173027)
Clp0006I 228000  Obj 5.9025092e+09 Primal inf 3.0025169e+09 (184096)
Clp0006I 229000  Obj 5.9123594e+09 Primal inf 5.6438303e+11 (217315)
Clp0006I 230000  Obj 5.9249927e+09 Primal inf 2.7550364e+09 (178843)
Clp0006I 231000  Obj 5.9493666e+09 Primal inf 1.9067908e+09 (193714)
Clp0006I 232000  Obj 5.9892986e+09 Primal inf 9.956171e+10 (222142)
Clp0006I 233000  Obj 6.0308928e+09 Primal inf 2.5647805e+09 (183688)
Clp0006I 234000  Obj 6.0623548e+09 Primal inf 2.8754887e+09 (209910)
Clp0006I 235000  Obj 6.0879966e+09 Primal inf 2.1175567e+09 (175901)
Clp0006I 236000  Obj 6.1033409e+09 Primal inf 2.0798659e+09 (177944)
Clp0006I 237000  Obj 6.1120102e+09 Primal inf 2.3044002e+09 (176360)
Clp0006I 238000  Obj 6.1329206e+09 Primal inf 1.6785389e+09 (176167)
Clp0006I 239000  Obj 6.1495228e+09 Primal inf 3.1871282e+09 (178167)
Clp0006I 240000  Obj 6.1628918e+09 Primal inf 4.6488875e+09 (178495)
Clp0006I 241000  Obj 6.167457e+09 Primal inf 2.2918845e+09 (178632)
Clp0006I 242000  Obj 6.1748515e+09 Primal inf 5.6355059e+09 (190049)
Clp0006I 243000  Obj 6.2029723e+09 Primal inf 7.1293134e+09 (197695)
Clp0006I 244000  Obj 6.2077998e+09 Primal inf 5.3999252e+09 (192712)
Clp0006I 245000  Obj 6.2127063e+09 Primal inf 1.604347e+09 (176833)
Clp0006I 246000  Obj 6.2238018e+09 Primal inf 6.352494e+09 (240356)
Clp0006I 247000  Obj 6.2990075e+09 Primal inf 1.1197095e+11 (219239)
Clp0006I 248000  Obj 6.3923744e+09 Primal inf 7.1054844e+09 (182456)
Clp0006I 249000  Obj 6.4581634e+09 Primal inf 7.7024545e+09 (193044)
Clp0006I 250000  Obj 6.4863519e+09 Primal inf 3.0198789e+11 (245635)
Clp0006I 251000  Obj 6.5168763e+09 Primal inf 1.4650323e+10 (214392)
Clp0006I 252000  Obj 6.5439003e+09 Primal inf 1.0473357e+10 (207884)
Clp0006I 253000  Obj 6.5624517e+09 Primal inf 2.5506938e+10 (240829)
Clp0006I 254000  Obj 6.5848423e+09 Primal inf 6.3245952e+10 (207760)
Clp0006I 255000  Obj 6.6225482e+09 Primal inf 4.755129e+10 (207144)
Clp0006I 256000  Obj 6.6461402e+09 Primal inf 5.8697584e+09 (182967)
Clp0006I 257000  Obj 6.6595588e+09 Primal inf 8.1664247e+09 (189586)
Clp0006I 258000  Obj 6.670136e+09 Primal inf 4.0932676e+09 (206521)
Clp0006I 259000  Obj 6.6808046e+09 Primal inf 4.2405195e+09 (178868)
Clp0006I 260000  Obj 6.7146272e+09 Primal inf 7.3241066e+09 (209077)
Clp0006I 261000  Obj 6.7348325e+09 Primal inf 8.4217018e+09 (208444)
Clp0006I 262000  Obj 6.7523906e+09 Primal inf 3.4089155e+09 (178886)
Clp0006I 263000  Obj 6.7788432e+09 Primal inf 9.1042025e+09 (217458)
Clp0006I 264000  Obj 6.8092224e+09 Primal inf 9.3264911e+09 (182750)
Clp0006I 265000  Obj 6.8620991e+09 Primal inf 4.6668765e+09 (182585)
Clp0006I 266000  Obj 6.9753277e+09 Primal inf 1.0868878e+10 (213342)
Clp0006I 267000  Obj 7.0321615e+09 Primal inf 8.7015251e+09 (213460)
Clp0006I 267954  Obj 7.1183452e+09 Primal inf 7.4081331e+09 (213979)
Clp0006I 268954  Obj 7.2732861e+09 Primal inf 9.9795487e+09 (235073)
Clp0006I 269954  Obj 7.4794979e+09 Primal inf 5.5968583e+09 (209126)
Clp0006I 270954  Obj 7.6791501e+09 Primal inf 1.8390236e+10 (214270)
Clp0006I 271954  Obj 7.7561093e+09 Primal inf 9.3105455e+10 (272406)
Clp0006I 272954  Obj 7.8208472e+09 Primal inf 1.6394841e+10 (257049)
Clp0006I 273954  Obj 7.9306154e+09 Primal inf 5.4323317e+09 (216200)
Clp0006I 274954  Obj 8.0425036e+09 Primal inf 4.7982938e+09 (185123)
Clp0006I 275954  Obj 8.1612901e+09 Primal inf 4.0058156e+09 (206782)
Clp0006I 276954  Obj 8.2854589e+09 Primal inf 9.4563956e+09 (215618)
Clp0006I 277689  Obj 8.381083e+09 Primal inf 1.5704738e+11 (282019)
Clp0006I 278597  Obj 8.5242486e+09 Primal inf 1.0537136e+10 (202335)
Clp0006I 279597  Obj 8.6541348e+09 Primal inf 2.3416741e+10 (218226)
Clp0006I 280283  Obj 8.746015e+09 Primal inf 8.633457e+09 (186776)
Clp0006I 281132  Obj 8.8392971e+09 Primal inf 3.5169469e+11 (210509)
Clp0006I 281831  Obj 8.9092319e+09 Primal inf 8.9318061e+09 (195656)
Clp0006I 282831  Obj 8.99596e+09 Primal inf 4.5332804e+10 (205464)
Clp0006I 283831  Obj 9.059027e+09 Primal inf 1.3349951e+10 (204984)
Clp0006I 284831  Obj 9.1477491e+09 Primal inf 2.1136049e+10 (232737)
Clp0006I 285831  Obj 9.2310011e+09 Primal inf 8.1528579e+09 (272456)
Clp0006I 286820  Obj 9.3118668e+09 Primal inf 3.7552872e+10 (224215)
Clp0006I 287820  Obj 9.4027967e+09 Primal inf 5.3169845e+10 (249378)
Clp0006I 288820  Obj 9.4952332e+09 Primal inf 1.6648679e+10 (241704)
Clp0006I 289820  Obj 9.5730159e+09 Primal inf 3.9253078e+09 (214908)
Clp0006I 290627  Obj 9.635721e+09 Primal inf 6.1203864e+09 (198281)
Clp0006I 291627  Obj 9.7048054e+09 Primal inf 5.4546835e+09 (192050)
Clp0006I 292627  Obj 9.7587497e+09 Primal inf 6.5368752e+09 (195561)
Clp0006I 293627  Obj 9.8323218e+09 Primal inf 3.4845268e+10 (232022)
Clp0006I 294627  Obj 9.9110052e+09 Primal inf 7.578525e+09 (221784)
Clp0006I 295627  Obj 9.981918e+09 Primal inf 1.1962813e+10 (212068)
Clp0006I 296627  Obj 1.0064773e+10 Primal inf 2.419347e+10 (208688)
Clp0006I 297627  Obj 1.0129114e+10 Primal inf 8.0434233e+09 (204156)
Clp0006I 298627  Obj 1.0195779e+10 Primal inf 3.5130674e+10 (243275)
Clp0006I 299627  Obj 1.0263806e+10 Primal inf 3.6180273e+10 (229068)
Clp0006I 300627  Obj 1.0327413e+10 Primal inf 9.4577654e+09 (259534)
Clp0006I 301627  Obj 1.0390513e+10 Primal inf 6.1593881e+09 (235842)
Clp0006I 302588  Obj 1.0465706e+10 Primal inf 5.0799604e+09 (228762)
Clp0006I 303445  Obj 1.0534282e+10 Primal inf 3.1207234e+10 (223234)
Clp0006I 304445  Obj 1.060921e+10 Primal inf 1.1347586e+11 (248142)
Clp0006I 305445  Obj 1.0678713e+10 Primal inf 7.3338039e+09 (196297)
Clp0006I 306445  Obj 1.0730086e+10 Primal inf 6.5636885e+10 (233022)
Clp0006I 307445  Obj 1.0787295e+10 Primal inf 2.957205e+10 (217410)
Clp0006I 308193  Obj 1.0853165e+10 Primal inf 1.0449274e+10 (255557)
Clp0006I 309193  Obj 1.0932077e+10 Primal inf 6.333265e+10 (226098)
Clp0006I 310193  Obj 1.0996596e+10 Primal inf 1.8143286e+10 (235604)
Clp0006I 311193  Obj 1.1090554e+10 Primal inf 3.4907357e+09 (226679)
Clp0006I 312193  Obj 1.1152659e+10 Primal inf 1.1673419e+10 (235600)
Clp0006I 313193  Obj 1.1199238e+10 Primal inf 6.5786866e+09 (218479) Dual inf 1.4776764e-11 (1)
Clp0006I 314193  Obj 1.1281282e+10 Primal inf 3.4859974e+11 (239823) Dual inf 1.4776764e-11 (1)
Clp0006I 315193  Obj 1.1322608e+10 Primal inf 3.3963458e+09 (206026) Dual inf 1.4776764e-11 (1)
Clp0006I 316193  Obj 1.1378676e+10 Primal inf 9.6464494e+09 (238310) Dual inf 1.4776764e-11 (1)
Clp0006I 317193  Obj 1.1438721e+10 Primal inf 3.3216126e+09 (208530)
Clp0006I 318193  Obj 1.1506608e+10 Primal inf 9.1908638e+09 (226595)
Clp0006I 319193  Obj 1.1567411e+10 Primal inf 5.2173973e+09 (270785)
Clp0006I 320193  Obj 1.1630593e+10 Primal inf 1.0239323e+10 (267661)
Clp0006I 321193  Obj 1.1697901e+10 Primal inf 3.6558586e+11 (258317)
Clp0006I 322193  Obj 1.1760707e+10 Primal inf 6.5282302e+09 (238944)
Clp0006I 323193  Obj 1.1812881e+10 Primal inf 9.1255847e+09 (249600)
Clp0006I 324193  Obj 1.1854877e+10 Primal inf 1.0471853e+10 (236052)
Clp0006I 325193  Obj 1.190474e+10 Primal inf 1.2436785e+09 (197722)
Clp0006I 326193  Obj 1.1965385e+10 Primal inf 2.4984002e+10 (234756)
Clp0006I 327193  Obj 1.2029005e+10 Primal inf 4.7962513e+09 (235355)
Clp0006I 328193  Obj 1.2074566e+10 Primal inf 4.8978313e+09 (237175)
Clp0006I 329193  Obj 1.2135669e+10 Primal inf 2.5973883e+09 (232206)
Clp0006I 330193  Obj 1.2187093e+10 Primal inf 2.5487947e+10 (282810)
Clp0006I 331193  Obj 1.2245686e+10 Primal inf 3.5008935e+09 (254937)
Clp0006I 332193  Obj 1.2307791e+10 Primal inf 8.6387414e+09 (263890)
Clp0006I 333193  Obj 1.233345e+10 Primal inf 1.0959607e+11 (249049)
Clp0006I 334193  Obj 1.2371173e+10 Primal inf 2.4105015e+10 (243136)
Clp0006I 335193  Obj 1.2381078e+10 Primal inf 6.2694702e+10 (248769)
Clp0006I 336193  Obj 1.2410287e+10 Primal inf 3.7768428e+11 (241020)
Clp0006I 337193  Obj 1.2424826e+10 Primal inf 6.4845967e+10 (267166)
Clp0006I 338193  Obj 1.2470636e+10 Primal inf 6.4997767e+09 (268448)
Clp0006I 339193  Obj 1.2521711e+10 Primal inf 2.7061561e+10 (257978)
Clp0006I 340193  Obj 1.2567452e+10 Primal inf 1.6069058e+09 (194395)
Clp0006I 341193  Obj 1.2608743e+10 Primal inf 6.0951546e+09 (259662)
Clp0006I 342193  Obj 1.2644647e+10 Primal inf 2.271597e+09 (213658)
Clp0006I 343193  Obj 1.2688086e+10 Primal inf 5.6891699e+09 (238686)
Clp0006I 344193  Obj 1.272517e+10 Primal inf 2.0073379e+10 (249206)
Clp0006I 345193  Obj 1.2749301e+10 Primal inf 4.3948787e+09 (228832)
Clp0006I 346193  Obj 1.2790933e+10 Primal inf 3.3447178e+09 (216323)
Clp0006I 347193  Obj 1.2837612e+10 Primal inf 1.0477727e+11 (269874)
Clp0006I 348193  Obj 1.2855299e+10 Primal inf 3.1293523e+10 (245465)
Clp0006I 349193  Obj 1.2878798e+10 Primal inf 6.5384004e+09 (230721)
Clp0006I 350193  Obj 1.2889966e+10 Primal inf 9.1800612e+08 (212197)
Clp0006I 351193  Obj 1.2905699e+10 Primal inf 1.9321082e+10 (257237)
Clp0006I 352193  Obj 1.2928482e+10 Primal inf 1.4652523e+10 (234064)
Clp0006I 353193  Obj 1.2959137e+10 Primal inf 4.4885726e+09 (230722)
Clp0006I 354193  Obj 1.2977577e+10 Primal inf 1.0317693e+09 (201023)
Clp0006I 355193  Obj 1.3016159e+10 Primal inf 3.0886303e+09 (232077) Dual inf 1.5535281e-09 (1)
Clp0006I 356193  Obj 1.3039986e+10 Primal inf 9.446663e+09 (244773)
Clp0006I 357193  Obj 1.3062675e+10 Primal inf 3.2698291e+09 (240859)
Clp0006I 358193  Obj 1.3103004e+10 Primal inf 8.3543696e+09 (212019)
Clp0006I 359193  Obj 1.3147141e+10 Primal inf 3.7771774e+10 (232856)
Clp0006I 360193  Obj 1.3157968e+10 Primal inf 1.7396233e+09 (210691)
Clp0006I 361193  Obj 1.3186166e+10 Primal inf 3.0362016e+09 (237897)
Clp0006I 362193  Obj 1.3217992e+10 Primal inf 1.7193177e+10 (261476)
Clp0006I 363193  Obj 1.3226633e+10 Primal inf 1.3991969e+09 (203338)
Clp0006I 364193  Obj 1.3247748e+10 Primal inf 2.0771903e+09 (229272)
Clp0006I 365193  Obj 1.3258524e+10 Primal inf 8.7591013e+09 (228658)
Clp0006I 366193  Obj 1.3260657e+10 Primal inf 6.8277109e+09 (261687)
Clp0006I 367193  Obj 1.3437479e+10 Primal inf 8.3385013e+09 (218688)
Clp0006I 368193  Obj 1.3451836e+10 Primal inf 1.7671034e+09 (217136)
Clp0006I 369193  Obj 1.3470901e+10 Primal inf 8.8207093e+08 (191063)
Clp0006I 370193  Obj 1.3494668e+10 Primal inf 2.9181163e+10 (256091)
Clp0006I 371193  Obj 1.3514474e+10 Primal inf 8.093027e+08 (190240)
Clp0006I 372193  Obj 1.353668e+10 Primal inf 7.0614856e+09 (240163)
Clp0006I 373193  Obj 1.3557443e+10 Primal inf 8.3593801e+08 (191098)
Clp0006I 374193  Obj 1.3577284e+10 Primal inf 7.3460184e+09 (213969)
Clp0006I 375193  Obj 1.359552e+10 Primal inf 3.1887834e+10 (225831)
Clp0006I 376193  Obj 1.3620247e+10 Primal inf 5.2062772e+09 (225829)
Clp0006I 377193  Obj 1.3645082e+10 Primal inf 9.1457727e+08 (190665)
Clp0006I 378193  Obj 1.3661519e+10 Primal inf 1.1653868e+10 (221080)
Clp0006I 379193  Obj 1.3689541e+10 Primal inf 3.7344708e+09 (222591)
Clp0006I 380193  Obj 1.3713005e+10 Primal inf 4.4215609e+09 (216210)
Clp0006I 381193  Obj 1.3730698e+10 Primal inf 2.1521586e+10 (241746)
Clp0006I 382193  Obj 1.3734213e+10 Primal inf 1.2642621e+09 (206124)
Clp0006I 383193  Obj 1.3758945e+10 Primal inf 1.0385749e+09 (198216)
Clp0006I 384193  Obj 1.378609e+10 Primal inf 1.8029108e+09 (200507)
Clp0006I 385193  Obj 1.3811111e+10 Primal inf 4.5956364e+09 (224645)
Clp0006I 386193  Obj 1.3812965e+10 Primal inf 3.2266311e+10 (254536)
Clp0006I 387193  Obj 1.3821688e+10 Primal inf 1.2096919e+09 (224524)
Clp0006I 388193  Obj 1.3848134e+10 Primal inf 2.2404393e+10 (245689)
Clp0006I 389193  Obj 1.385429e+10 Primal inf 3.4243926e+09 (233415)
Clp0006I 390193  Obj 1.3862297e+10 Primal inf 3.9484078e+09 (222305)
Clp0006I 391193  Obj 1.3869765e+10 Primal inf 3.8064438e+09 (208867)
Clp0006I 392193  Obj 1.388627e+10 Primal inf 2.9383213e+10 (255480)
Clp0006I 393193  Obj 1.3892872e+10 Primal inf 2.6583377e+09 (208878)
Clp0006I 394193  Obj 1.3896776e+10 Primal inf 7.3916372e+09 (254699)
Clp0006I 395193  Obj 1.3910188e+10 Primal inf 2.3176458e+10 (261067)
Clp0006I 396193  Obj 1.3931672e+10 Primal inf 1.14583e+09 (208106)
Clp0006I 397193  Obj 1.3961404e+10 Primal inf 9.4622547e+08 (208794)
Clp0006I 398193  Obj 1.3978527e+10 Primal inf 3.7870671e+09 (218622)
Clp0006I 399193  Obj 1.3990917e+10 Primal inf 1.2109149e+09 (195998)
Clp0006I 400193  Obj 1.3995522e+10 Primal inf 1.7747714e+09 (217253)
Clp0006I 401193  Obj 1.4013021e+10 Primal inf 3.1120017e+09 (230527)
Clp0006I 402193  Obj 1.4020609e+10 Primal inf 9.3503088e+09 (251357)
Clp0006I 403193  Obj 1.4034389e+10 Primal inf 3.6341305e+09 (225868)
Clp0006I 404193  Obj 1.4043434e+10 Primal inf 1.8137431e+09 (211549)
Clp0006I 405193  Obj 1.4068952e+10 Primal inf 2.5121923e+10 (236860)
Clp0006I 406193  Obj 1.4074727e+10 Primal inf 1.3520464e+10 (242137)
Clp0006I 407193  Obj 1.4079027e+10 Primal inf 2.7729354e+10 (235843)
Clp0006I 408193  Obj 1.4089539e+10 Primal inf 1.5564621e+09 (216041)
Clp0006I 409193  Obj 1.4119912e+10 Primal inf 3.7252641e+09 (228848)
Clp0006I 410193  Obj 1.4124387e+10 Primal inf 4.1990705e+09 (258083)
Clp0006I 411193  Obj 1.4125211e+10 Primal inf 2.9857925e+09 (226530)
Clp0006I 412193  Obj 1.4135227e+10 Primal inf 9.3641967e+08 (213699)
Clp0006I 413193  Obj 1.4145425e+10 Primal inf 1.8597338e+09 (205550)
Clp0006I 414193  Obj 1.4154381e+10 Primal inf 2.8042479e+09 (210850)
Clp0006I 415193  Obj 1.4158754e+10 Primal inf 1.3397059e+10 (249418)
Clp0006I 416193  Obj 1.4163453e+10 Primal inf 3.0551055e+09 (235480)
Clp0006I 417193  Obj 1.4166693e+10 Primal inf 2.4579952e+09 (221312)
Clp0006I 418193  Obj 1.4170152e+10 Primal inf 5.1325392e+09 (238653)
Clp0006I 419193  Obj 1.4179092e+10 Primal inf 5.9291526e+09 (246282)
Clp0006I 420193  Obj 1.4191633e+10 Primal inf 1.0594828e+10 (233306)
Clp0006I 421193  Obj 1.4203181e+10 Primal inf 7.890269e+09 (229080)
Clp0006I 422193  Obj 1.4210875e+10 Primal inf 7.821403e+08 (201329)
Clp0006I 423193  Obj 1.4222759e+10 Primal inf 2.7999234e+09 (207653)
Clp0006I 424193  Obj 1.4227578e+10 Primal inf 3.3047546e+09 (249622)
Clp0006I 425193  Obj 1.4231589e+10 Primal inf 1.2227491e+09 (209989)
Clp0006I 426193  Obj 1.4239455e+10 Primal inf 2.1845489e+09 (198122)
Clp0006I 427193  Obj 1.4241302e+10 Primal inf 2.1131472e+09 (208114)
Clp0006I 428193  Obj 1.4250696e+10 Primal inf 2.3986363e+09 (205819)
Clp0006I 429193  Obj 1.4257568e+10 Primal inf 1.0493477e+09 (203951)
Clp0006I 430193  Obj 1.4266403e+10 Primal inf 1.5945702e+09 (199912)
Clp0006I 431193  Obj 1.4281379e+10 Primal inf 9.9619551e+08 (197765)
Clp0006I 432193  Obj 1.4284996e+10 Primal inf 9.8494987e+08 (201895)
Clp0006I 433193  Obj 1.4292433e+10 Primal inf 1.4201555e+09 (232235)
Clp0006I 434193  Obj 1.430575e+10 Primal inf 1.5794849e+09 (210811)
Clp0006I 435193  Obj 1.431601e+10 Primal inf 2.6985026e+10 (243469)
Clp0006I 436193  Obj 1.4319229e+10 Primal inf 8.0701593e+08 (196147)
Clp0006I 437193  Obj 1.4330063e+10 Primal inf 4.8703009e+09 (220474)
Clp0006I 438193  Obj 1.4334695e+10 Primal inf 3.2379006e+09 (237481)
Clp0006I 439193  Obj 1.433705e+10 Primal inf 1.4575607e+09 (206663)
Clp0006I 440193  Obj 1.4344566e+10 Primal inf 7.9418006e+08 (198915)
Clp0006I 441193  Obj 1.4351552e+10 Primal inf 8.7274945e+08 (204436)
Clp0006I 442193  Obj 1.4358369e+10 Primal inf 1.103878e+09 (205807)
Clp0006I 443193  Obj 1.4362648e+10 Primal inf 1.3847284e+09 (219285)
Clp0006I 444193  Obj 1.4368406e+10 Primal inf 3.8704841e+11 (262850)
Clp0006I 445193  Obj 1.4378258e+10 Primal inf 1.5776472e+09 (214511)
Clp0006I 446193  Obj 1.4384072e+10 Primal inf 8.5848878e+08 (197236)
Clp0006I 447193  Obj 1.4392167e+10 Primal inf 1.3818736e+09 (235667)
Clp0006I 448193  Obj 1.4397649e+10 Primal inf 8.7542523e+08 (201085)
Clp0006I 449193  Obj 1.4409562e+10 Primal inf 3.7059362e+09 (226149)
Clp0006I 450193  Obj 1.4420147e+10 Primal inf 1.755785e+10 (270417)
Clp0006I 451193  Obj 1.4425514e+10 Primal inf 9.0316541e+08 (198068)
Clp0006I 452193  Obj 1.4434797e+10 Primal inf 1.9563408e+09 (207793)
Clp0006I 453193  Obj 1.4439005e+10 Primal inf 1.7004655e+09 (226887)
Clp0006I 454193  Obj 1.4442748e+10 Primal inf 2.1345026e+09 (230698)
Clp0006I 455193  Obj 1.4449981e+10 Primal inf 3.8033701e+09 (240865)
Clp0006I 456193  Obj 1.4456622e+10 Primal inf 1.0228648e+09 (199439)
Clp0006I 457193  Obj 1.4470807e+10 Primal inf 1.0526623e+09 (208203)
Clp0006I 458193  Obj 1.448052e+10 Primal inf 2.9883624e+09 (242365)
Clp0006I 459193  Obj 1.4494287e+10 Primal inf 8.921426e+08 (196856)
Clp0006I 460193  Obj 1.4506427e+10 Primal inf 6.4564609e+09 (218191)
Clp0006I 461193  Obj 1.4513767e+10 Primal inf 1.6438066e+10 (233609)
Clp0006I 462193  Obj 1.4529713e+10 Primal inf 4.6539747e+09 (258015)
Clp0006I 463193  Obj 1.4548384e+10 Primal inf 2.5779596e+09 (244947)
Clp0006I 464193  Obj 1.4560242e+10 Primal inf 2.0752441e+09 (228315)
Clp0006I 465193  Obj 1.4582835e+10 Primal inf 6.1860309e+09 (244069)
Clp0006I 466193  Obj 1.4591717e+10 Primal inf 1.2892386e+09 (235380)
Clp0006I 467193  Obj 1.4600682e+10 Primal inf 1.464674e+09 (203468)
Clp0006I 468193  Obj 1.4606358e+10 Primal inf 1.3289715e+09 (203741)
Clp0006I 469193  Obj 1.4613263e+10 Primal inf 9.3928046e+08 (225896)
Clp0006I 470193  Obj 1.4625633e+10 Primal inf 1.7794895e+09 (213716)
Clp0006I 471193  Obj 1.4629178e+10 Primal inf 1.2380382e+09 (225989)
Clp0006I 472193  Obj 1.4642142e+10 Primal inf 4.3879945e+10 (247537)
Clp0006I 473193  Obj 1.4646961e+10 Primal inf 8.6996079e+08 (224014)
Clp0006I 474193  Obj 1.4661277e+10 Primal inf 2.0050815e+09 (236396)
Clp0006I 475193  Obj 1.4678526e+10 Primal inf 1.9012098e+09 (202885)
Clp0006I 476193  Obj 1.468397e+10 Primal inf 1.3920096e+09 (212330)
Clp0006I 477193  Obj 1.4694845e+10 Primal inf 1.4886946e+09 (230380)
Clp0006I 478193  Obj 1.4702822e+10 Primal inf 1.0723375e+09 (228594)
Clp0006I 479193  Obj 1.4711105e+10 Primal inf 8.5381789e+09 (245907)
Clp0006I 480193  Obj 1.4714529e+10 Primal inf 1.8029424e+09 (242160)
Clp0006I 481193  Obj 1.4719121e+10 Primal inf 1.317592e+09 (228181)
Clp0006I 482193  Obj 1.4730206e+10 Primal inf 1.7352049e+09 (229283)
Clp0006I 483193  Obj 1.4734519e+10 Primal inf 1.3981398e+09 (240068)
Clp0006I 484193  Obj 1.4738919e+10 Primal inf 5.6895642e+09 (245550)
Clp0006I 485193  Obj 1.4744677e+10 Primal inf 8.0357909e+08 (200174)
Clp0006I 486193  Obj 1.4749487e+10 Primal inf 1.2440422e+09 (201975)
Clp0006I 487193  Obj 1.4755051e+10 Primal inf 1.748063e+09 (233329)
Clp0006I 488193  Obj 1.4764955e+10 Primal inf 2.5579168e+09 (228054)
Clp0006I 489193  Obj 1.4769277e+10 Primal inf 1.3741513e+09 (202539)
Clp0006I 490193  Obj 1.4778379e+10 Primal inf 1.148705e+10 (251755)
Clp0006I 491193  Obj 1.4780912e+10 Primal inf 2.8920826e+09 (223300)
Clp0006I 492193  Obj 1.4783318e+10 Primal inf 1.7960937e+09 (224657)
Clp0006I 493193  Obj 1.4787368e+10 Primal inf 9.7616299e+08 (203968)
Clp0006I 494193  Obj 1.4792334e+10 Primal inf 5.8877961e+09 (236256)
Clp0006I 495193  Obj 1.4803346e+10 Primal inf 2.7860376e+09 (212686)
Clp0006I 496193  Obj 1.4807281e+10 Primal inf 2.2545644e+09 (243932)
Clp0006I 497193  Obj 1.4814877e+10 Primal inf 1.0579284e+09 (228325)
Clp0006I 498193  Obj 1.4823261e+10 Primal inf 3.7993193e+09 (247356)
Clp0006I 499193  Obj 1.482751e+10 Primal inf 1.1767089e+09 (208268)
Clp0006I 500193  Obj 1.4836493e+10 Primal inf 5.2028393e+09 (270888)
Clp0006I 501193  Obj 1.484286e+10 Primal inf 1.6245608e+09 (236694)
Clp0006I 502193  Obj 1.4845288e+10 Primal inf 1.0865057e+09 (208490)
Clp0006I 503193  Obj 1.4850363e+10 Primal inf 1.4592297e+09 (215365)
Clp0006I 504193  Obj 1.4854637e+10 Primal inf 1.9786616e+09 (255363)
Clp0006I 505193  Obj 1.4859849e+10 Primal inf 4.4812273e+09 (252593)
Clp0006I 506193  Obj 1.4865687e+10 Primal inf 1.6654135e+09 (221525)
Clp0006I 507193  Obj 1.4878861e+10 Primal inf 1.0038761e+09 (206441)
Clp0006I 508193  Obj 1.4887846e+10 Primal inf 2.8063038e+09 (235452)
Clp0006I 509193  Obj 1.4892173e+10 Primal inf 4.8555302e+09 (264638)
Clp0006I 510193  Obj 1.4896483e+10 Primal inf 4.6133584e+09 (222147)
Clp0006I 511193  Obj 1.49102e+10 Primal inf 1.6257376e+09 (225443)
Clp0006I 512193  Obj 1.4919882e+10 Primal inf 4.7953153e+09 (233083)
Clp0006I 513193  Obj 1.4932229e+10 Primal inf 1.4723096e+10 (261288)
Clp0006I 514193  Obj 1.4942712e+10 Primal inf 2.5177569e+10 (268053)
Clp0006I 515193  Obj 1.4957395e+10 Primal inf 7.4303693e+09 (283448)
Clp0006I 516193  Obj 1.4970406e+10 Primal inf 4.2629174e+10 (299989)
Clp0006I 517193  Obj 1.4984414e+10 Primal inf 9.7173169e+09 (313460)
Clp0006I 518193  Obj 1.4996704e+10 Primal inf 1.6230386e+10 (256553)
Clp0006I 519193  Obj 1.5003512e+10 Primal inf 2.7484882e+10 (296169)
Clp0006I 520193  Obj 1.5020536e+10 Primal inf 1.8452768e+11 (337679)
Clp0006I 521193  Obj 1.5029581e+10 Primal inf 5.4290006e+10 (336953)
Clp0006I 522193  Obj 1.5043284e+10 Primal inf 9.2082435e+10 (276702)
Clp0006I 523193  Obj 1.505656e+10 Primal inf 4.7734833e+10 (288637)
Clp0006I 524193  Obj 1.5070791e+10 Primal inf 8.2109867e+10 (313322)
Clp0006I 525193  Obj 1.5089641e+10 Primal inf 8.6765265e+09 (222450)
Clp0006I 526193  Obj 1.5098279e+10 Primal inf 1.3760396e+11 (269267)
Clp0006I 527193  Obj 1.5103276e+10 Primal inf 2.7591803e+10 (272731)
Clp0006I 528193  Obj 1.5110538e+10 Primal inf 3.8989742e+09 (238800)
Clp0006I 529193  Obj 1.5124984e+10 Primal inf 6.0920984e+10 (294586)
Clp0006I 530193  Obj 1.514171e+10 Primal inf 1.3926185e+10 (275044)
Clp0006I 531193  Obj 1.5155215e+10 Primal inf 2.8963194e+10 (265768)
Clp0006I 532193  Obj 1.5171649e+10 Primal inf 1.0795072e+11 (286707)
Clp0006I 533193  Obj 1.5185163e+10 Primal inf 1.6746781e+10 (283503)
Clp0006I 534193  Obj 1.5203806e+10 Primal inf 5.8385658e+09 (243847)
Clp0006I 535193  Obj 1.5226832e+10 Primal inf 4.8067879e+10 (277756)
Clp0006I 536193  Obj 1.5242653e+10 Primal inf 2.0737878e+11 (307738)
Clp0006I 536760  Obj 1.5257714e+10 Primal inf 1.1753857e+10 (262532)
Clp0006I 537760  Obj 1.5280125e+10 Primal inf 2.0955306e+11 (295392)
Clp0006I 538760  Obj 1.5291572e+10 Primal inf 2.8353625e+11 (287688)
Clp0006I 539760  Obj 1.5301454e+10 Primal inf 8.9201027e+10 (290631)
Clp0006I 540760  Obj 1.5322554e+10 Primal inf 2.6062612e+10 (263050)
Clp0006I 541760  Obj 1.533936e+10 Primal inf 1.356799e+10 (300756)
Clp0006I 542760  Obj 1.5357494e+10 Primal inf 1.9648438e+10 (265658)
Clp0006I 543760  Obj 1.5375923e+10 Primal inf 4.1887933e+09 (259446)
Clp0006I 544760  Obj 1.5391606e+10 Primal inf 5.7972592e+09 (313051)
Clp0006I 545760  Obj 1.5469737e+10 Primal inf 3.3844917e+10 (264434)
Clp0006I 546760  Obj 1.5488322e+10 Primal inf 9.7823332e+09 (339877)
Clp0006I 547760  Obj 1.5507713e+10 Primal inf 9.6572861e+09 (301893)
Clp0006I 548760  Obj 1.5530313e+10 Primal inf 1.4878411e+10 (255898)
Clp0006I 549760  Obj 1.555211e+10 Primal inf 1.1496471e+10 (333047)
Clp0006I 550760  Obj 1.5572031e+10 Primal inf 7.3001605e+10 (346415)
Clp0006I 551760  Obj 1.5580125e+10 Primal inf 4.1386608e+10 (313246)
Clp0006I 552760  Obj 1.5585643e+10 Primal inf 1.223538e+10 (253720)
Clp0006I 553760  Obj 1.5588183e+10 Primal inf 2.0709392e+10 (314851)
Clp0006I 554760  Obj 1.5589439e+10 Primal inf 8.4214517e+09 (238732)
Clp0006I 555760  Obj 1.5594702e+10 Primal inf 3.5501935e+10 (321628)
Clp0006I 556760  Obj 1.5598927e+10 Primal inf 7.6181316e+10 (319096)
Clp0006I 557760  Obj 1.5619502e+10 Primal inf 1.1527115e+11 (303364)
Clp0006I 558760  Obj 1.5646483e+10 Primal inf 2.4852482e+10 (339971)
Clp0006I 559760  Obj 1.567027e+10 Primal inf 4.569347e+10 (311463)
Clp0006I 560760  Obj 1.5682193e+10 Primal inf 7.0956297e+10 (328583)
Clp0006I 561760  Obj 1.570102e+10 Primal inf 6.2272083e+10 (261873)
Clp0006I 562760  Obj 1.5731808e+10 Primal inf 6.2937652e+10 (288916)
Clp0006I 563760  Obj 1.5747048e+10 Primal inf 9.6212525e+09 (283301)
Clp0006I 564760  Obj 1.576388e+10 Primal inf 8.2095033e+10 (317026)
Clp0006I 565760  Obj 1.5777056e+10 Primal inf 6.2771413e+09 (296502)
Clp0006I 566760  Obj 1.5787328e+10 Primal inf 1.0189102e+11 (369622)
Clp0006I 567760  Obj 1.5804034e+10 Primal inf 1.1858868e+10 (266392)
Clp0006I 568760  Obj 1.5827413e+10 Primal inf 1.6463582e+10 (294106)
Clp0006I 569760  Obj 1.5841709e+10 Primal inf 6.1319743e+10 (309337)
Clp0006I 570760  Obj 1.5853263e+10 Primal inf 3.4918951e+10 (298640)
Clp0006I 571760  Obj 1.5862687e+10 Primal inf 3.5626868e+10 (346044)
Clp0006I 572760  Obj 1.5879991e+10 Primal inf 1.2078551e+11 (345125)
Clp0006I 573760  Obj 1.5894013e+10 Primal inf 3.8668354e+10 (306623)
Clp0006I 574760  Obj 1.5920741e+10 Primal inf 6.654902e+09 (285925)
Clp0006I 575760  Obj 1.5929416e+10 Primal inf 6.3143762e+10 (334138)
Clp0006I 576760  Obj 1.5940999e+10 Primal inf 1.6728591e+10 (324844)
Clp0006I 577760  Obj 1.5952761e+10 Primal inf 3.6949872e+10 (319805)
Clp0006I 578760  Obj 1.5969039e+10 Primal inf 3.8873191e+10 (311489)
Clp0006I 579760  Obj 1.5979718e+10 Primal inf 4.7688903e+10 (309304)
Clp0006I 580760  Obj 1.5994802e+10 Primal inf 6.2545332e+09 (267474)
Clp0006I 581760  Obj 1.6004384e+10 Primal inf 1.8487214e+10 (269595)
Clp0006I 582760  Obj 1.6015969e+10 Primal inf 3.789617e+10 (330422)
Clp0006I 583760  Obj 1.6046095e+10 Primal inf 9.1294433e+10 (337672)
Clp0006I 584760  Obj 1.607376e+10 Primal inf 1.8851152e+10 (296295)
Clp0006I 585760  Obj 1.6095351e+10 Primal inf 1.9352148e+10 (286048)
Clp0006I 586760  Obj 1.6122544e+10 Primal inf 5.9981519e+10 (331967)
Clp0006I 587760  Obj 1.6142483e+10 Primal inf 2.7997e+10 (320324)
Clp0006I 588760  Obj 1.6150808e+10 Primal inf 7.74586e+09 (296622)
Clp0006I 589760  Obj 1.615638e+10 Primal inf 2.5736985e+10 (329036)
Clp0006I 590760  Obj 1.6167125e+10 Primal inf 2.4862324e+10 (328464)
Clp0006I 591760  Obj 1.617172e+10 Primal inf 8.2446264e+10 (350946)
Clp0006I 592760  Obj 1.6178068e+10 Primal inf 2.4144766e+10 (356064)
Clp0006I 593760  Obj 1.6187728e+10 Primal inf 2.0366023e+10 (327573)
Clp0006I 594760  Obj 1.6209378e+10 Primal inf 3.1363994e+10 (323673)
Clp0006I 595760  Obj 1.623034e+10 Primal inf 2.7308434e+10 (307310)
Clp0006I 596760  Obj 1.624968e+10 Primal inf 4.68866e+10 (327326)
Clp0006I 597760  Obj 1.6284125e+10 Primal inf 7.1480916e+10 (298358)
Clp0006I 598760  Obj 1.631877e+10 Primal inf 1.0934617e+11 (363633)
Clp0006I 599760  Obj 1.632912e+10 Primal inf 1.4252067e+10 (315575)
Clp0006I 600760  Obj 1.6345908e+10 Primal inf 6.3145369e+10 (360835)
Clp0006I 601760  Obj 1.63579e+10 Primal inf 4.2536806e+10 (372313)
Clp0006I 602760  Obj 1.6371514e+10 Primal inf 2.2168226e+10 (306797)
Clp0006I 603760  Obj 1.6382945e+10 Primal inf 9.601345e+09 (317945)
Clp0006I 604760  Obj 1.6394805e+10 Primal inf 2.8804629e+10 (364944)
Clp0006I 605760  Obj 1.6410819e+10 Primal inf 2.7231077e+11 (360906)
Clp0006I 606760  Obj 1.64361e+10 Primal inf 5.8956027e+11 (332860)
Clp0006I 607760  Obj 1.6458981e+10 Primal inf 4.3507822e+10 (309700)
Clp0006I 608760  Obj 1.6465632e+10 Primal inf 1.5023713e+11 (374874)
Clp0006I 609760  Obj 1.6476142e+10 Primal inf 2.6722468e+10 (301100)
Clp0006I 610760  Obj 1.6493502e+10 Primal inf 1.1156866e+10 (334379)
Clp0006I 611760  Obj 1.6503227e+10 Primal inf 1.6159393e+11 (365746)
Clp0006I 612760  Obj 1.6518043e+10 Primal inf 2.4700067e+10 (336666)
Clp0006I 613760  Obj 1.6528803e+10 Primal inf 3.7272095e+10 (323060)
Clp0006I 614760  Obj 1.6537875e+10 Primal inf 1.0592252e+10 (337984)
Clp0006I 615760  Obj 1.6544958e+10 Primal inf 8.9815325e+10 (345071)
Clp0006I 616624  Obj 1.6561313e+10 Primal inf 2.7053637e+09 (277654)
Clp0006I 617624  Obj 1.6583302e+10 Primal inf 2.4326129e+10 (353648)
Clp0006I 618624  Obj 1.6602094e+10 Primal inf 1.6676775e+11 (378672)
Clp0006I 619624  Obj 1.6610619e+10 Primal inf 1.1330496e+11 (359360)
Clp0006I 620624  Obj 1.6626893e+10 Primal inf 2.2232905e+10 (307415)
Clp0006I 621624  Obj 1.6638835e+10 Primal inf 1.7954737e+11 (338404)
Clp0006I 622624  Obj 1.6650118e+10 Primal inf 6.2936501e+10 (341501)
Clp0006I 623624  Obj 1.6663799e+10 Primal inf 9.6829413e+09 (263986)
Clp0006I 624624  Obj 1.6678307e+10 Primal inf 8.5884464e+10 (325739)
Clp0006I 625624  Obj 1.6686549e+10 Primal inf 6.5578478e+10 (348180)
Clp0006I 626624  Obj 1.6694213e+10 Primal inf 7.0508075e+10 (377653)
Clp0006I 627504  Obj 1.670411e+10 Primal inf 2.057385e+10 (329884)
Clp0006I 628504  Obj 1.6715602e+10 Primal inf 4.5293293e+11 (380274)
Clp0006I 629504  Obj 1.6730472e+10 Primal inf 6.1690888e+09 (270272)
Clp0006I 630504  Obj 1.6740718e+10 Primal inf 5.3054894e+10 (322740)
Clp0006I 631504  Obj 1.6753395e+10 Primal inf 5.2697741e+09 (311847)
Clp0006I 632504  Obj 1.6765172e+10 Primal inf 2.6098409e+10 (367744)
Clp0006I 633504  Obj 1.6772381e+10 Primal inf 8.5533108e+10 (367371)
Clp0006I 634504  Obj 1.6790102e+10 Primal inf 4.3117174e+10 (339270)
Clp0006I 635504  Obj 1.6802266e+10 Primal inf 4.6255764e+10 (323603)
Clp0006I 636504  Obj 1.6816823e+10 Primal inf 1.7376235e+11 (382113)
Clp0006I 637504  Obj 1.6834686e+10 Primal inf 5.1247538e+10 (320808)
Clp0006I 638504  Obj 1.6844173e+10 Primal inf 1.032432e+11 (404923)
Clp0006I 639504  Obj 1.6855004e+10 Primal inf 1.8774734e+10 (295949)
Clp0006I 640504  Obj 1.6865509e+10 Primal inf 6.7321734e+10 (403501)
Clp0006I 641504  Obj 1.6877535e+10 Primal inf 1.1987803e+10 (315867)
Clp0006I 642504  Obj 1.6889862e+10 Primal inf 1.5392268e+10 (349962)
Clp0006I 643504  Obj 1.6898713e+10 Primal inf 1.0571464e+11 (380094)
Clp0006I 644504  Obj 1.6914269e+10 Primal inf 1.7197512e+11 (338477)
Clp0006I 645504  Obj 1.6926085e+10 Primal inf 1.3767107e+10 (324173)
Clp0006I 646504  Obj 1.6936618e+10 Primal inf 6.4605578e+10 (374817)
Clp0006I 647504  Obj 1.6951109e+10 Primal inf 6.771238e+11 (402923)
Clp0006I 648504  Obj 1.698006e+10 Primal inf 2.8708543e+10 (421497)
Clp0006I 649504  Obj 1.699503e+10 Primal inf 4.4594633e+10 (387987)
Clp0006I 650504  Obj 1.7005828e+10 Primal inf 3.1266681e+10 (312589)
Clp0006I 651504  Obj 1.7018458e+10 Primal inf 3.6032375e+10 (277338)
Clp0006I 652504  Obj 1.7035156e+10 Primal inf 1.5136478e+10 (280288)
Clp0006I 653504  Obj 1.7044897e+10 Primal inf 3.3385762e+10 (395895)
Clp0006I 654504  Obj 1.7056643e+10 Primal inf 2.2900903e+10 (295845)
Clp0006I 655410  Obj 1.7068864e+10 Primal inf 1.9273493e+11 (311189)
Clp0006I 656410  Obj 1.7083684e+10 Primal inf 3.8612259e+10 (346512)
Clp0006I 657410  Obj 1.7097803e+10 Primal inf 1.8450194e+11 (346640)
Clp0006I 658410  Obj 1.7114694e+10 Primal inf 1.2749516e+10 (335226)
Clp0006I 659410  Obj 1.7130681e+10 Primal inf 1.2689107e+10 (331279)
Clp0006I 660410  Obj 1.7143275e+10 Primal inf 2.2283256e+10 (308985)
Clp0006I 661410  Obj 1.7155729e+10 Primal inf 3.3352124e+11 (344640)
Clp0006I 662410  Obj 1.7167335e+10 Primal inf 4.6335573e+10 (388492)
Clp0006I 663410  Obj 1.7182841e+10 Primal inf 1.3036738e+10 (361984)
Clp0006I 664410  Obj 1.7194635e+10 Primal inf 4.9285523e+10 (337114)
Clp0006I 665410  Obj 1.7209806e+10 Primal inf 1.1099641e+11 (347791)
Clp0006I 666410  Obj 1.7220403e+10 Primal inf 1.021435e+11 (334643)
Clp0006I 667410  Obj 1.7231085e+10 Primal inf 5.2590426e+10 (393587)
Clp0006I 668410  Obj 1.7243107e+10 Primal inf 4.7768381e+10 (321039)
Clp0006I 669410  Obj 1.7253998e+10 Primal inf 6.3804182e+10 (328315)
Clp0006I 670410  Obj 1.7279794e+10 Primal inf 8.0223601e+10 (365111)
Clp0006I 671410  Obj 1.7293013e+10 Primal inf 8.9142213e+10 (375493)
Clp0006I 672410  Obj 1.7304453e+10 Primal inf 2.1119068e+10 (353194)
Clp0006I 673410  Obj 1.7327362e+10 Primal inf 2.5730589e+10 (383619)
Clp0006I 674410  Obj 1.7341203e+10 Primal inf 5.1491822e+10 (316211)
Clp0006I 675410  Obj 1.7355615e+10 Primal inf 3.3633065e+09 (248799)
Clp0006I 676410  Obj 1.7369647e+10 Primal inf 2.7573604e+10 (319043)
Clp0006I 677410  Obj 1.7384209e+10 Primal inf 5.9066286e+09 (284586)
Clp0006I 678410  Obj 1.7399135e+10 Primal inf 1.1458796e+11 (312318)
Clp0006I 679410  Obj 1.7410237e+10 Primal inf 2.2615727e+11 (397011)
Clp0006I 680410  Obj 1.7429043e+10 Primal inf 6.3684754e+10 (343543)
Clp0006I 681410  Obj 1.7444237e+10 Primal inf 1.2545086e+10 (351460)
Clp0006I 682128  Obj 1.7452862e+10 Primal inf 2.6813549e+10 (356950)
Clp0006I 683128  Obj 1.7466092e+10 Primal inf 4.256385e+09 (280790)
Clp0006I 684128  Obj 1.7481117e+10 Primal inf 2.3078287e+09 (254660)
Clp0006I 685128  Obj 1.7494478e+10 Primal inf 7.3078945e+08 (227569)
Clp0006I 686128  Obj 1.7507674e+10 Primal inf 1.0920855e+10 (350707)
Clp0006I 687128  Obj 1.7522896e+10 Primal inf 3.9595362e+09 (307244)
Clp0006I 688128  Obj 1.7533061e+10 Primal inf 4.8434168e+10 (338668)
Clp0006I 689128  Obj 1.7544204e+10 Primal inf 6.5165742e+09 (286895)
Clp0006I 689735  Obj 1.7552873e+10 Primal inf 7.4400402e+10 (359379)
Clp0006I 690735  Obj 1.7565459e+10 Primal inf 3.3159477e+11 (362431)
Clp0006I 691735  Obj 1.7581917e+10 Primal inf 1.0418854e+11 (321249)
Clp0006I 692735  Obj 1.7594444e+10 Primal inf 2.4181692e+10 (331567)
Clp0006I 693735  Obj 1.7606215e+10 Primal inf 4.250185e+10 (317210)
Clp0006I 694735  Obj 1.7622115e+10 Primal inf 1.2093451e+11 (316183)
Clp0006I 695735  Obj 1.7636115e+10 Primal inf 1.0268684e+11 (323908)
Clp0006I 696735  Obj 1.7647827e+10 Primal inf 1.2670689e+10 (334207)
Clp0006I 697735  Obj 1.7658663e+10 Primal inf 1.2462482e+11 (326422)
Clp0006I 698735  Obj 1.767786e+10 Primal inf 1.3224586e+11 (326352)
Clp0006I 699735  Obj 1.7690865e+10 Primal inf 5.381617e+10 (344494)
Clp0006I 700735  Obj 1.7703319e+10 Primal inf 4.7583467e+10 (358714)
Clp0006I 701735  Obj 1.7715796e+10 Primal inf 7.2261005e+09 (333272)
Clp0006I 702735  Obj 1.7729347e+10 Primal inf 2.2189222e+10 (299933)
Clp0006I 703735  Obj 1.7743701e+10 Primal inf 7.0635602e+10 (322715)
Clp0006I 704735  Obj 1.7758198e+10 Primal inf 3.9589411e+10 (336440)
Clp0006I 705735  Obj 1.7770548e+10 Primal inf 2.1395606e+10 (319157)
Clp0006I 706735  Obj 1.7785933e+10 Primal inf 6.7557611e+10 (354493)
Clp0006I 707735  Obj 1.7800554e+10 Primal inf 2.3816175e+11 (314733)
Clp0006I 708735  Obj 1.7815032e+10 Primal inf 6.3132792e+10 (333969)
Clp0006I 709735  Obj 1.7843112e+10 Primal inf 1.5153884e+11 (3