Coin0506I Presolve 1521577 (-195446) rows, 591998 (-65130) columns and 4511329 (-460732) elements
Clp0006I 0  Obj 0 Primal inf 8.7736635e+08 (43800)
Clp0006I 1000  Obj 4.7917429e-12 Primal inf 8.6776638e+08 (44708)
Clp0006I 2000  Obj 9.9133726e-12 Primal inf 8.6044937e+08 (45580)
Clp0006I 3000  Obj 1.5969055e-11 Primal inf 8.579383e+08 (46596)
Clp0006I 4000  Obj 8480782.7 Primal inf 8.4872532e+08 (47608)
Clp0006I 5000  Obj 16149894 Primal inf 8.4108892e+08 (48566)
Clp0006I 6000  Obj 28845021 Primal inf 8.3805407e+08 (49522)
Clp0006I 7000  Obj 44720673 Primal inf 8.2917328e+08 (50623)
Clp0006I 8000  Obj 62099154 Primal inf 8.2449567e+08 (51653)
Clp0006I 9000  Obj 85576856 Primal inf 8.1994076e+08 (52774)
Clp0006I 10000  Obj 1.036557e+08 Primal inf 8.1867101e+08 (53867)
Clp0006I 11000  Obj 1.2376418e+08 Primal inf 8.1440843e+08 (54911)
Clp0006I 12000  Obj 1.4315716e+08 Primal inf 8.1340619e+08 (56063)
Clp0006I 13000  Obj 1.6213409e+08 Primal inf 8.1213518e+08 (57212)
Clp0006I 14000  Obj 1.9134722e+08 Primal inf 7.3211104e+08 (58478)
Clp0006I 15000  Obj 2.1242711e+08 Primal inf 7.2965605e+08 (59637)
Clp0006I 16000  Obj 2.4197097e+08 Primal inf 7.2501943e+08 (60889)
Clp0006I 17000  Obj 2.6543288e+08 Primal inf 7.2735647e+08 (62085)
Clp0006I 18000  Obj 2.9668431e+08 Primal inf 7.2672257e+08 (63311)
Clp0006I 19000  Obj 3.2586158e+08 Primal inf 7.2695827e+08 (64476)
Clp0006I 20000  Obj 3.5889349e+08 Primal inf 7.2640153e+08 (65784)
Clp0006I 21000  Obj 3.9106865e+08 Primal inf 7.2540444e+08 (66994)
Clp0006I 22000  Obj 4.3309894e+08 Primal inf 7.256908e+08 (68348)
Clp0006I 23000  Obj 4.7577981e+08 Primal inf 7.2650546e+08 (69679)
Clp0006I 24000  Obj 5.0521144e+08 Primal inf 7.2669396e+08 (70970)
Clp0006I 25000  Obj 5.488225e+08 Primal inf 7.2853453e+08 (72240)
Clp0006I 26000  Obj 5.9862794e+08 Primal inf 7.2996177e+08 (73454)
Clp0006I 27000  Obj 6.3272795e+08 Primal inf 7.3258332e+08 (74699)
Clp0006I 28000  Obj 6.7232259e+08 Primal inf 7.3463897e+08 (75982)
Clp0006I 29000  Obj 7.1446085e+08 Primal inf 7.3444555e+08 (77183)
Clp0006I 30000  Obj 7.5514286e+08 Primal inf 7.3268031e+08 (78229)
Clp0006I 31000  Obj 8.0211978e+08 Primal inf 7.3004405e+08 (79406)
Clp0006I 32000  Obj 8.4295859e+08 Primal inf 7.3351411e+08 (80628)
Clp0006I 33000  Obj 8.8156742e+08 Primal inf 7.3401105e+08 (81818)
Clp0006I 34000  Obj 9.2466959e+08 Primal inf 7.3370979e+08 (82933)
Clp0006I 35000  Obj 9.6357053e+08 Primal inf 7.3689893e+08 (84149)
Clp0006I 36000  Obj 1.0060829e+09 Primal inf 7.3431779e+08 (85330)
Clp0006I 37000  Obj 1.0530932e+09 Primal inf 7.3697354e+08 (86589)
Clp0006I 38000  Obj 1.0997948e+09 Primal inf 7.3870812e+08 (87839)
Clp0006I 39000  Obj 1.1422933e+09 Primal inf 7.3939985e+08 (88930)
Clp0006I 40000  Obj 1.1861528e+09 Primal inf 7.3891472e+08 (90127)
Clp0006I 41000  Obj 1.2329294e+09 Primal inf 7.419297e+08 (91293)
Clp0006I 42000  Obj 1.2931091e+09 Primal inf 7.3991004e+08 (92568)
Clp0006I 43000  Obj 1.3523986e+09 Primal inf 7.4308193e+08 (93684)
Clp0006I 44000  Obj 1.3950896e+09 Primal inf 7.4485374e+08 (94895)
Clp0006I 45000  Obj 1.439538e+09 Primal inf 7.4730586e+08 (96114)
Clp0006I 46000  Obj 1.4937242e+09 Primal inf 7.5044648e+08 (97342)
Clp0006I 47000  Obj 1.556732e+09 Primal inf 7.5083165e+08 (98541)
Clp0006I 48000  Obj 1.5700762e+09 Primal inf 7.1657981e+08 (101322)
Clp0006I 49000  Obj 1.5749337e+09 Primal inf 7.1145149e+08 (102353)
Clp0006I 50000  Obj 1.5788826e+09 Primal inf 7.0750031e+08 (103248)
Clp0006I 51000  Obj 1.5907455e+09 Primal inf 7.0479911e+08 (104248)
Clp0006I 52000  Obj 1.5999028e+09 Primal inf 7.0193435e+08 (105237)
Clp0006I 53000  Obj 1.608548e+09 Primal inf 7.0316788e+08 (106392)
Clp0006I 54000  Obj 1.6181231e+09 Primal inf 7.0479772e+08 (107520)
Clp0006I 55000  Obj 1.6267556e+09 Primal inf 7.0792325e+08 (108575)
Clp0006I 56000  Obj 1.6644618e+09 Primal inf 7.9066711e+08 (108967)
Clp0006I 57000  Obj 1.6883428e+09 Primal inf 9.1315787e+08 (140400)
Clp0006I 58000  Obj 1.710117e+09 Primal inf 7.3380942e+08 (112306)
Clp0006I 59000  Obj 1.7605076e+09 Primal inf 8.9744989e+08 (111601)
Clp0006I 60000  Obj 1.888162e+09 Primal inf 7.2848711e+08 (114875)
Clp0006I 61000  Obj 2.0486397e+09 Primal inf 7.4299887e+08 (115046)
Clp0006I 62000  Obj 2.1159154e+09 Primal inf 7.915725e+08 (116425)
Clp0006I 63000  Obj 2.1535488e+09 Primal inf 8.3123073e+08 (146771)
Clp0006I 64000  Obj 2.1915298e+09 Primal inf 7.2272633e+08 (118653)
Clp0006I 65000  Obj 2.2392086e+09 Primal inf 7.2260372e+08 (119933)
Clp0006I 66000  Obj 2.2830358e+09 Primal inf 7.2537365e+08 (120946)
Clp0006I 67000  Obj 2.3491907e+09 Primal inf 7.1786512e+08 (121926)
Clp0006I 68000  Obj 2.4029302e+09 Primal inf 7.1352815e+08 (122438)
Clp0006I 69000  Obj 2.4429442e+09 Primal inf 7.1258791e+08 (123153)
Clp0006I 70000  Obj 2.4934802e+09 Primal inf 7.6314714e+08 (122937)
Clp0006I 71000  Obj 2.5399694e+09 Primal inf 8.0086882e+08 (123463)
Clp0006I 72000  Obj 2.5637568e+09 Primal inf 8.2207666e+08 (124181)
Clp0006I 73000  Obj 2.5919794e+09 Primal inf 7.1280376e+08 (127302)
Clp0006I 74000  Obj 2.6063883e+09 Primal inf 8.0504883e+08 (128858)
Clp0006I 75000  Obj 2.6352893e+09 Primal inf 7.2837031e+08 (128531)
Clp0006I 76000  Obj 2.6938346e+09 Primal inf 7.7420715e+08 (126900)
Clp0006I 77000  Obj 2.7460145e+09 Primal inf 8.4394864e+08 (126797)
Clp0006I 78000  Obj 2.7972807e+09 Primal inf 1.8459383e+09 (168225)
Clp0006I 79000  Obj 2.8491847e+09 Primal inf 1.1114414e+09 (128118)
Clp0006I 80000  Obj 2.9357147e+09 Primal inf 7.8211947e+08 (132660)
Clp0006I 81000  Obj 3.0203686e+09 Primal inf 1.0684586e+09 (140883)
Clp0006I 82000  Obj 3.0884568e+09 Primal inf 3.2380719e+09 (171038)
Clp0006I 83000  Obj 3.1309963e+09 Primal inf 7.8339068e+08 (142113)
Clp0006I 84000  Obj 3.1456804e+09 Primal inf 7.2891197e+08 (133893)
Clp0006I 85000  Obj 3.2048938e+09 Primal inf 7.5377271e+08 (134548)
Clp0006I 86000  Obj 3.2973747e+09 Primal inf 7.4169864e+08 (133143)
Clp0006I 87000  Obj 3.3695462e+09 Primal inf 7.2833484e+08 (136486)
Clp0006I 88000  Obj 3.4164827e+09 Primal inf 1.9208304e+09 (153279)
Clp0006I 89000  Obj 3.4754615e+09 Primal inf 7.4603158e+08 (138419)
Clp0006I 90000  Obj 3.5295713e+09 Primal inf 9.6781242e+08 (166083)
Clp0006I 91000  Obj 3.6010233e+09 Primal inf 1.2521336e+09 (145637)
Clp0006I 92000  Obj 3.7019321e+09 Primal inf 1.4643098e+09 (146158)
Clp0006I 93000  Obj 3.7636737e+09 Primal inf 9.1169171e+08 (148974)
Clp0006I 94000  Obj 3.8245393e+09 Primal inf 9.3721322e+08 (150565)
Clp0006I 95000  Obj 3.8885652e+09 Primal inf 1.4581241e+09 (148032)
Clp0006I 96000  Obj 3.9639977e+09 Primal inf 1.9811476e+09 (152147)
Clp0006I 97000  Obj 4.0218894e+09 Primal inf 8.570916e+08 (145105)
Clp0006I 98000  Obj 4.0940671e+09 Primal inf 1.3983266e+09 (166969)
Clp0006I 99000  Obj 4.1688913e+09 Primal inf 1.6829097e+09 (153704)
Clp0006I 100000  Obj 4.1912626e+09 Primal inf 7.7962793e+08 (143746)
Clp0006I 101000  Obj 4.2584924e+09 Primal inf 7.470575e+08 (142410)
Clp0006I 102000  Obj 4.3446088e+09 Primal inf 7.4909114e+08 (143750)
Clp0006I 103000  Obj 4.3824768e+09 Primal inf 7.9505328e+08 (143013)
Clp0006I 104000  Obj 4.4411235e+09 Primal inf 7.8813654e+08 (144895)
Clp0006I 105000  Obj 4.5141433e+09 Primal inf 7.7171315e+08 (143599)
Clp0006I 106000  Obj 4.6201831e+09 Primal inf 7.3985207e+08 (145503)
Clp0006I 107000  Obj 4.6503923e+09 Primal inf 1.4258883e+09 (178076)
Clp0006I 108000  Obj 4.6774357e+09 Primal inf 1.7908705e+09 (187034)
Clp0006I 109000  Obj 4.7285446e+09 Primal inf 1.9209615e+09 (179637)
Clp0006I 110000  Obj 4.7615126e+09 Primal inf 6.1122277e+09 (190754)
Clp0006I 111000  Obj 4.7745904e+09 Primal inf 7.8913317e+08 (150088)
Clp0006I 112000  Obj 4.8169668e+09 Primal inf 3.8738468e+09 (196840)
Clp0006I 113000  Obj 4.8316702e+09 Primal inf 1.0334354e+09 (154459)
Clp0006I 114000  Obj 4.8758564e+09 Primal inf 1.0303469e+09 (148155)
Clp0006I 115000  Obj 4.8917058e+09 Primal inf 1.2555152e+09 (188535)
Clp0006I 116000  Obj 4.9430972e+09 Primal inf 1.3852347e+09 (189442)
Clp0006I 117000  Obj 4.9805157e+09 Primal inf 1.9894583e+09 (159440)
Clp0006I 118000  Obj 4.9819196e+09 Primal inf 1.2112595e+09 (166274)
Clp0006I 119000  Obj 5.0004794e+09 Primal inf 1.8170332e+09 (190429)
Clp0006I 120000  Obj 5.0130455e+09 Primal inf 1.3632898e+09 (158883)
Clp0006I 121000  Obj 5.0326874e+09 Primal inf 8.9450114e+08 (156046)
Clp0006I 122000  Obj 5.0687845e+09 Primal inf 2.1930692e+09 (167035)
Clp0006I 123000  Obj 5.1078606e+09 Primal inf 1.2328386e+09 (166289)
Clp0006I 124000  Obj 5.1303672e+09 Primal inf 1.028268e+09 (154726)
Clp0006I 125000  Obj 5.156982e+09 Primal inf 1.8576088e+10 (193443)
Clp0006I 126000  Obj 5.1945417e+09 Primal inf 1.0146494e+09 (159083)
Clp0006I 127000  Obj 5.2225856e+09 Primal inf 9.1675558e+08 (153893)
Clp0006I 128000  Obj 5.2322203e+09 Primal inf 8.8061729e+09 (181910)
Clp0006I 129000  Obj 5.2853416e+09 Primal inf 2.4588428e+09 (190937)
Clp0006I 130000  Obj 5.3058027e+09 Primal inf 9.2568291e+08 (156182)
Clp0006I 131000  Obj 5.3194938e+09 Primal inf 1.0403895e+09 (157047)
Clp0006I 132000  Obj 5.3317603e+09 Primal inf 3.8317312e+09 (195350)
Clp0006I 133000  Obj 5.3419989e+09 Primal inf 3.7225846e+09 (201568)
Clp0006I 134000  Obj 5.3536915e+09 Primal inf 3.8539326e+09 (202107)
Clp0006I 135000  Obj 5.3647365e+09 Primal inf 4.1513081e+09 (219914)
Clp0006I 136000  Obj 5.3777282e+09 Primal inf 1.8576457e+09 (173503)
Clp0006I 137000  Obj 5.3878149e+09 Primal inf 2.9621529e+09 (203838)
Clp0006I 138000  Obj 5.4004116e+09 Primal inf 2.471092e+09 (208691)
Clp0006I 139000  Obj 5.4140377e+09 Primal inf 2.5456531e+09 (206981)
Clp0006I 140000  Obj 5.4251726e+09 Primal inf 2.5136661e+09 (207506)
Clp0006I 141000  Obj 5.4360262e+09 Primal inf 2.0967955e+09 (181106)
Clp0006I 142000  Obj 5.4515743e+09 Primal inf 1.9454766e+09 (179185)
Clp0006I 143000  Obj 5.4640826e+09 Primal inf 2.0564766e+09 (176759)
Clp0006I 144000  Obj 5.4975555e+09 Primal inf 2.9563017e+09 (203459)
Clp0006I 145000  Obj 5.5021587e+09 Primal inf 1.9639147e+09 (178699)
Clp0006I 146000  Obj 5.5223767e+09 Primal inf 2.2067893e+09 (176233)
Clp0006I 147000  Obj 5.5285344e+09 Primal inf 2.3494207e+09 (204890)
Clp0006I 148000  Obj 5.5423204e+09 Primal inf 1.9563259e+09 (178520)
Clp0006I 149000  Obj 5.5491688e+09 Primal inf 2.198905e+09 (177682)
Clp0006I 150000  Obj 5.559398e+09 Primal inf 2.0976095e+09 (206619)
Clp0006I 151000  Obj 5.5673619e+09 Primal inf 1.8144245e+09 (180624)
Clp0006I 152000  Obj 5.5804339e+09 Primal inf 1.8990245e+09 (182366)
Clp0006I 153000  Obj 5.5864147e+09 Primal inf 1.9343157e+09 (183179)
Clp0006I 154000  Obj 5.5977606e+09 Primal inf 1.8882709e+09 (182934)
Clp0006I 155000  Obj 5.6146247e+09 Primal inf 2.242777e+09 (206568)
Clp0006I 156000  Obj 5.6242345e+09 Primal inf 2.2976805e+09 (207143)
Clp0006I 157000  Obj 5.6495356e+09 Primal inf 1.2717566e+09 (174295)
Clp0006I 158000  Obj 5.6618499e+09 Primal inf 1.2950059e+09 (174889)
Clp0006I 159000  Obj 5.6736601e+09 Primal inf 1.1902826e+09 (176391)
Clp0006I 160000  Obj 5.6895971e+09 Primal inf 1.4656273e+09 (177373)
Clp0006I 161000  Obj 5.6974321e+09 Primal inf 1.0707915e+10 (218285)
Clp0006I 162000  Obj 5.7034013e+09 Primal inf 1.8663821e+09 (199175)
Clp0006I 163000  Obj 5.7169024e+09 Primal inf 1.3847041e+09 (179916)
Clp0006I 164000  Obj 5.7387736e+09 Primal inf 1.6141664e+09 (176171)
Clp0006I 165000  Obj 5.7589067e+09 Primal inf 1.454516e+09 (176233)
Clp0006I 166000  Obj 5.7719577e+09 Primal inf 1.2181095e+09 (175226)
Clp0006I 167000  Obj 5.7838598e+09 Primal inf 1.4159484e+09 (180045)
Clp0006I 168000  Obj 5.7963476e+09 Primal inf 1.4629022e+09 (177560)
Clp0006I 169000  Obj 5.8168655e+09 Primal inf 1.4452626e+09 (180661)
Clp0006I 170000  Obj 5.8317809e+09 Primal inf 1.5161456e+09 (181621)
Clp0006I 171000  Obj 5.8568041e+09 Primal inf 3.545247e+09 (208132)
Clp0006I 172000  Obj 5.870879e+09 Primal inf 2.8818278e+09 (208669)
Clp0006I 173000  Obj 5.8857822e+09 Primal inf 2.3758211e+09 (190360)
Clp0006I 174000  Obj 5.8982678e+09 Primal inf 2.3963075e+09 (189942)
Clp0006I 175000  Obj 5.9102196e+09 Primal inf 2.2915521e+09 (187819)
Clp0006I 176000  Obj 5.9354046e+09 Primal inf 2.501932e+09 (209536)
Clp0006I 177000  Obj 5.9563864e+09 Primal inf 1.1878235e+09 (176784)
Clp0006I 178000  Obj 5.9655759e+09 Primal inf 2.1828112e+09 (187678)
Clp0006I 179000  Obj 5.9734348e+09 Primal inf 2.8947941e+09 (213646)
Clp0006I 180000  Obj 5.9785903e+09 Primal inf 1.2825941e+09 (176852)
Clp0006I 181000  Obj 5.9903896e+09 Primal inf 1.3301216e+09 (175549)
Clp0006I 182000  Obj 6.0123703e+09 Primal inf 1.4493617e+09 (176508)
Clp0006I 183000  Obj 6.0200476e+09 Primal inf 1.5874063e+09 (187823)
Clp0006I 184000  Obj 6.0301034e+09 Primal inf 1.5578122e+09 (180718)
Clp0006I 185000  Obj 6.040038e+09 Primal inf 2.4768623e+09 (182222)
Clp0006I 186000  Obj 6.0529705e+09 Primal inf 2.0405284e+09 (179915)
Clp0006I 187000  Obj 6.0750519e+09 Primal inf 1.769753e+09 (181021)
Clp0006I 188000  Obj 6.0862527e+09 Primal inf 2.4376994e+09 (186933)
Clp0006I 189000  Obj 6.0964238e+09 Primal inf 2.3545314e+09 (187280)
Clp0006I 190000  Obj 6.1141252e+09 Primal inf 5.5557782e+09 (215603)
Clp0006I 191000  Obj 6.1214408e+09 Primal inf 3.2716232e+10 (225262)
Clp0006I 192000  Obj 6.1332029e+09 Primal inf 4.6777798e+10 (223776)
Clp0006I 193000  Obj 6.147524e+09 Primal inf 3.1436247e+09 (178792)
Clp0006I 194000  Obj 6.1576814e+09 Primal inf 1.5788529e+09 (178740)
Clp0006I 195000  Obj 6.1696144e+09 Primal inf 2.0345721e+09 (186294)
Clp0006I 196000  Obj 6.1829555e+09 Primal inf 2.0364553e+09 (182639)
Clp0006I 197000  Obj 6.2052322e+09 Primal inf 1.7800877e+09 (180744)
Clp0006I 198000  Obj 6.2231579e+09 Primal inf 2.1807383e+10 (217393)
Clp0006I 199000  Obj 6.2467573e+09 Primal inf 2.1412738e+09 (179020)
Clp0006I 200000  Obj 6.2768443e+09 Primal inf 5.2915858e+09 (213176)
Clp0006I 201000  Obj 6.3156111e+09 Primal inf 3.4876818e+09 (181582)
Clp0006I 202000  Obj 6.3334335e+09 Primal inf 2.3789933e+09 (180728)
Clp0006I 203000  Obj 6.350851e+09 Primal inf 3.9371626e+09 (190357)
Clp0006I 204000  Obj 6.3606164e+09 Primal inf 2.9317198e+09 (188208)
Clp0006I 205000  Obj 6.3749694e+09 Primal inf 2.2905969e+09 (189816)
Clp0006I 206000  Obj 6.3936759e+09 Primal inf 4.8536277e+09 (215092)
Clp0006I 207000  Obj 6.4302426e+09 Primal inf 4.9555542e+09 (190060)
Clp0006I 208000  Obj 6.4767996e+09 Primal inf 5.6678087e+09 (191084)
Clp0006I 209000  Obj 6.5004494e+09 Primal inf 6.0485497e+09 (191473)
Clp0006I 210000  Obj 6.5115063e+09 Primal inf 5.1678014e+09 (213334)
Clp0006I 211000  Obj 6.5235867e+09 Primal inf 6.5164094e+09 (189705)
Clp0006I 212000  Obj 6.5434553e+09 Primal inf 7.8049726e+09 (209943)
Clp0006I 213000  Obj 6.5637907e+09 Primal inf 2.1823684e+09 (180194)
Clp0006I 214000  Obj 6.5741423e+09 Primal inf 2.3500504e+09 (182424)
Clp0006I 215000  Obj 6.6012281e+09 Primal inf 6.1808527e+09 (184121)
Clp0006I 216000  Obj 6.6543355e+09 Primal inf 4.2598838e+09 (183438)
Clp0006I 217000  Obj 6.7187987e+09 Primal inf 3.916118e+09 (187910)
Clp0006I 218000  Obj 6.7508018e+09 Primal inf 7.9470503e+09 (186441)
Clp0006I 219000  Obj 6.7972314e+09 Primal inf 3.8999756e+09 (180894)
Clp0006I 220000  Obj 6.8536581e+09 Primal inf 3.7384458e+09 (182664)
Clp0006I 221000  Obj 6.9737913e+09 Primal inf 2.9167417e+10 (215863)
Clp0006I 222000  Obj 7.0263885e+09 Primal inf 4.6145105e+09 (183924)
Clp0006I 223000  Obj 7.0901342e+09 Primal inf 2.4375618e+09 (181750)
Clp0006I 224000  Obj 7.1406775e+09 Primal inf 4.5495894e+09 (184810)
Clp0006I 225000  Obj 7.1881211e+09 Primal inf 7.9027155e+09 (183762)
Clp0006I 226000  Obj 7.2824144e+09 Primal inf 2.1036662e+09 (181499)
Clp0006I 227000  Obj 7.3199998e+09 Primal inf 5.5232376e+09 (232211)
Clp0006I 228000  Obj 7.3293341e+09 Primal inf 1.2254025e+10 (186419)
Clp0006I 229000  Obj 7.4737133e+09 Primal inf 5.8794919e+10 (245580)
Clp0006I 230000  Obj 7.5241878e+09 Primal inf 4.9058062e+09 (181743)
Clp0006I 231000  Obj 7.5395222e+09 Primal inf 6.6142674e+09 (205429)
Clp0006I 232000  Obj 7.622686e+09 Primal inf 6.4450225e+09 (214889)
Clp0006I 233000  Obj 7.7447438e+09 Primal inf 7.3574976e+09 (218922)
Clp0006I 234000  Obj 7.8059321e+09 Primal inf 2.3408828e+11 (269676)
Clp0006I 235000  Obj 7.9166081e+09 Primal inf 6.1095866e+11 (225271)
Clp0006I 236000  Obj 7.9856408e+09 Primal inf 4.0255682e+09 (178147)
Clp0006I 237000  Obj 8.0756457e+09 Primal inf 7.8447442e+09 (243117)
Clp0006I 238000  Obj 8.1931284e+09 Primal inf 7.6851386e+09 (190844)
Clp0006I 239000  Obj 8.2634404e+09 Primal inf 1.0574096e+10 (208958)
Clp0006I 240000  Obj 8.3463497e+09 Primal inf 4.0622904e+09 (182216)
Clp0006I 241000  Obj 8.428042e+09 Primal inf 1.2092167e+10 (183177)
Clp0006I 242000  Obj 8.4819798e+09 Primal inf 3.200589e+10 (187230)
Clp0006I 243000  Obj 8.5189552e+09 Primal inf 2.555697e+10 (207743)
Clp0006I 244000  Obj 8.6044975e+09 Primal inf 2.416159e+10 (211251)
Clp0006I 245000  Obj 8.6904529e+09 Primal inf 1.6656848e+09 (175463)
Clp0006I 246000  Obj 8.8207763e+09 Primal inf 1.4572853e+10 (215186)
Clp0006I 246715  Obj 8.8847795e+09 Primal inf 2.3890366e+11 (224775)
Clp0006I 247715  Obj 8.981659e+09 Primal inf 4.548075e+09 (182267)
Clp0006I 248715  Obj 9.088898e+09 Primal inf 6.3770679e+09 (182240)
Clp0006I 249558  Obj 9.2000517e+09 Primal inf 5.9386362e+10 (241258)
Clp0006I 250558  Obj 9.2931739e+09 Primal inf 2.1571371e+10 (242066)
Clp0006I 251558  Obj 9.3898826e+09 Primal inf 7.8479137e+09 (212944)
Clp0006I 252558  Obj 9.4697955e+09 Primal inf 1.3806714e+10 (232355)
Clp0006I 253491  Obj 9.5449425e+09 Primal inf 8.0792737e+10 (257283)
Clp0006I 254491  Obj 9.6136885e+09 Primal inf 2.9544157e+10 (215418)
Clp0006I 255391  Obj 9.6669137e+09 Primal inf 8.979077e+09 (227643)
Clp0006I 256391  Obj 9.7716693e+09 Primal inf 2.6629469e+09 (184078)
Clp0006I 257391  Obj 9.8585252e+09 Primal inf 6.1627553e+10 (228030)
Clp0006I 258391  Obj 9.9310203e+09 Primal inf 1.6618769e+10 (204604)
Clp0006I 259391  Obj 1.0018773e+10 Primal inf 4.0597751e+10 (228736)
Clp0006I 260118  Obj 1.0073001e+10 Primal inf 6.8702017e+09 (224089)
Clp0006I 261118  Obj 1.0170991e+10 Primal inf 8.096651e+10 (241028)
Clp0006I 262118  Obj 1.0215404e+10 Primal inf 5.7193576e+09 (232866)
Clp0006I 263118  Obj 1.030456e+10 Primal inf 1.1117201e+10 (242414)
Clp0006I 264118  Obj 1.0383305e+10 Primal inf 6.7428776e+09 (246487)
Clp0006I 265118  Obj 1.0460846e+10 Primal inf 1.7923432e+10 (232706)
Clp0006I 266118  Obj 1.0545844e+10 Primal inf 5.5305154e+10 (229134)
Clp0006I 267118  Obj 1.0640894e+10 Primal inf 3.4015522e+09 (244671)
Clp0006I 267979  Obj 1.0710438e+10 Primal inf 1.1110391e+11 (225625)
Clp0006I 268882  Obj 1.0791865e+10 Primal inf 4.1958218e+10 (227263)
Clp0006I 269701  Obj 1.0872858e+10 Primal inf 1.1281149e+10 (230265)
Clp0006I 270701  Obj 1.0969086e+10 Primal inf 6.7185389e+09 (215920)
Clp0006I 271513  Obj 1.1062253e+10 Primal inf 5.0202767e+10 (231325)
Clp0006I 272321  Obj 1.1133771e+10 Primal inf 1.2533193e+10 (213011)
Clp0006I 273321  Obj 1.1231066e+10 Primal inf 9.7585346e+09 (202010)
Clp0006I 274321  Obj 1.1327259e+10 Primal inf 9.5641264e+09 (239363)
Clp0006I 275321  Obj 1.1414072e+10 Primal inf 2.1728445e+10 (231289)
Clp0006I 275957  Obj 1.1466559e+10 Primal inf 1.7509895e+10 (207443)
Clp0006I 276957  Obj 1.1529172e+10 Primal inf 3.3190409e+10 (231965)
Clp0006I 277957  Obj 1.1610476e+10 Primal inf 2.5414743e+09 (229216)
Clp0006I 278911  Obj 1.1708309e+10 Primal inf 4.8020369e+10 (210913)
Clp0006I 279911  Obj 1.1787327e+10 Primal inf 7.2487404e+09 (238650)
Clp0006I 280911  Obj 1.1873817e+10 Primal inf 3.6415353e+10 (260704)
Clp0006I 281911  Obj 1.1970815e+10 Primal inf 4.2793385e+09 (234202)
Clp0006I 282911  Obj 1.2042839e+10 Primal inf 1.610481e+10 (277303)
Clp0006I 283897  Obj 1.2125196e+10 Primal inf 1.6560262e+11 (262698)
Clp0006I 284897  Obj 1.2213462e+10 Primal inf 7.5831812e+09 (262066)
Clp0006I 285897  Obj 1.2268175e+10 Primal inf 9.919837e+10 (227675)
Clp0006I 286612  Obj 1.233002e+10 Primal inf 8.600686e+09 (241280)
Clp0006I 287612  Obj 1.2414128e+10 Primal inf 6.8538903e+09 (204155)
Clp0006I 288612  Obj 1.2506246e+10 Primal inf 5.1527297e+10 (230503)
Clp0006I 289329  Obj 1.2561573e+10 Primal inf 2.9880508e+09 (217072)
Clp0006I 290329  Obj 1.2633944e+10 Primal inf 8.8395885e+09 (260234)
Clp0006I 291329  Obj 1.2671464e+10 Primal inf 3.9188233e+09 (225815)
Clp0006I 292329  Obj 1.2720932e+10 Primal inf 3.1890888e+09 (211820)
Clp0006I 293329  Obj 1.2809688e+10 Primal inf 3.4110387e+10 (219952)
Clp0006I 294329  Obj 1.289023e+10 Primal inf 1.8930837e+09 (209763)
Clp0006I 295202  Obj 1.2961203e+10 Primal inf 6.3981592e+09 (193237)
Clp0006I 296202  Obj 1.3040035e+10 Primal inf 6.8237678e+10 (251278)
Clp0006I 297202  Obj 1.3093842e+10 Primal inf 3.0299187e+10 (221791)
Clp0006I 298086  Obj 1.3149743e+10 Primal inf 6.7928718e+09 (203870)
Clp0006I 299086  Obj 1.3217768e+10 Primal inf 1.4569011e+10 (210968)
Clp0006I 300086  Obj 1.3283814e+10 Primal inf 1.334339e+10 (224966)
Clp0006I 300771  Obj 1.3321858e+10 Primal inf 3.4700488e+09 (193400)
Clp0006I 301771  Obj 1.3384769e+10 Primal inf 1.9566719e+10 (234109)
Clp0006I 302771  Obj 1.3447417e+10 Primal inf 2.6069102e+09 (212359)
Clp0006I 303771  Obj 1.3508897e+10 Primal inf 7.1010024e+10 (210087)
Clp0006I 304771  Obj 1.3568613e+10 Primal inf 2.6658448e+09 (205965)
Clp0006I 305771  Obj 1.3616377e+10 Primal inf 1.5411325e+10 (211130)
Clp0006I 306771  Obj 1.3658961e+10 Primal inf 2.8769581e+10 (251704)
Clp0006I 307771  Obj 1.3706892e+10 Primal inf 8.8327254e+09 (214633)
Clp0006I 308771  Obj 1.3762455e+10 Primal inf 5.4940131e+10 (231238)
Clp0006I 309764  Obj 1.3802565e+10 Primal inf 5.0851652e+09 (205576)
Clp0006I 310764  Obj 1.3855356e+10 Primal inf 5.106233e+09 (224475)
Clp0006I 311764  Obj 1.3899776e+10 Primal inf 4.7276876e+09 (194503)
Clp0006I 312764  Obj 1.3958639e+10 Primal inf 2.0725982e+09 (226617)
Clp0006I 313764  Obj 1.3975955e+10 Primal inf 2.8394348e+10 (214859)
Clp0006I 314743  Obj 1.4016784e+10 Primal inf 1.8957951e+09 (192078)
Clp0006I 315743  Obj 1.4067172e+10 Primal inf 1.1965109e+10 (218764)
Clp0006I 316743  Obj 1.4112921e+10 Primal inf 5.5361688e+10 (215347)
Clp0006I 317743  Obj 1.4128335e+10 Primal inf 1.639491e+10 (233085)
Clp0006I 318743  Obj 1.4149617e+10 Primal inf 5.1851612e+09 (223752)
Clp0006I 319743  Obj 1.4181244e+10 Primal inf 1.9866943e+10 (283509)
Clp0006I 320464  Obj 1.421129e+10 Primal inf 1.5240089e+10 (277858)
Clp0006I 321464  Obj 1.4230099e+10 Primal inf 7.1861026e+09 (253331)
Clp0006I 322464  Obj 1.4250304e+10 Primal inf 6.5234096e+09 (232220)
Clp0006I 323464  Obj 1.4266457e+10 Primal inf 2.7898022e+09 (225561)
Clp0006I 324464  Obj 1.4287279e+10 Primal inf 4.5282162e+09 (228483)
Clp0006I 325464  Obj 1.4308192e+10 Primal inf 2.8495156e+09 (225737)
Clp0006I 326464  Obj 1.4339787e+10 Primal inf 5.1073971e+09 (221703)
Clp0006I 327464  Obj 1.4360317e+10 Primal inf 3.6645473e+09 (209919)
Clp0006I 328464  Obj 1.4403415e+10 Primal inf 1.132354e+09 (187547)
Clp0006I 329464  Obj 1.4433853e+10 Primal inf 1.4287745e+11 (203398)
Clp0006I 330464  Obj 1.4441235e+10 Primal inf 1.9001715e+11 (208898)
Clp0006I 331464  Obj 1.4453167e+10 Primal inf 7.5244895e+09 (204568)
Clp0006I 332464  Obj 1.4462473e+10 Primal inf 3.7282306e+09 (222581)
Clp0006I 333464  Obj 1.4484734e+10 Primal inf 8.8007971e+09 (218774)
Clp0006I 334464  Obj 1.4516697e+10 Primal inf 1.2611456e+10 (262951)
Clp0006I 335464  Obj 1.4525733e+10 Primal inf 2.1572998e+09 (253298)
Clp0006I 336464  Obj 1.4534998e+10 Primal inf 4.3717986e+10 (272458)
Clp0006I 337464  Obj 1.4543467e+10 Primal inf 2.5479527e+09 (237780)
Clp0006I 338464  Obj 1.4554699e+10 Primal inf 1.7631445e+09 (253001)
Clp0006I 339464  Obj 1.456268e+10 Primal inf 1.2668053e+10 (286448)
Clp0006I 340464  Obj 1.4587188e+10 Primal inf 3.91672e+09 (223013)
Clp0006I 341464  Obj 1.4602362e+10 Primal inf 4.946252e+09 (263254)
Clp0006I 342464  Obj 1.4637792e+10 Primal inf 2.5854681e+09 (232569)
Clp0006I 343464  Obj 1.4651776e+10 Primal inf 5.0261087e+09 (252034)
Clp0006I 344464  Obj 1.4661938e+10 Primal inf 9.5124554e+08 (212753)
Clp0006I 345464  Obj 1.4670217e+10 Primal inf 8.568972e+09 (268041)
Clp0006I 346464  Obj 1.4682088e+10 Primal inf 1.8420779e+10 (263739)
Clp0006I 347464  Obj 1.4691962e+10 Primal inf 2.8314772e+09 (279983)
Clp0006I 348464  Obj 1.4702984e+10 Primal inf 6.1712283e+09 (254172)
Clp0006I 349464  Obj 1.4707019e+10 Primal inf 6.9982484e+09 (262109)
Clp0006I 350464  Obj 1.471371e+10 Primal inf 8.1054718e+09 (256233)
Clp0006I 351464  Obj 1.4719879e+10 Primal inf 3.8780749e+09 (245523)
Clp0006I 352464  Obj 1.4724287e+10 Primal inf 3.0248725e+09 (270286)
Clp0006I 353464  Obj 1.4734171e+10 Primal inf 1.8937464e+09 (226653)
Clp0006I 354464  Obj 1.4895055e+10 Primal inf 1.5010246e+10 (250672)
Clp0006I 355464  Obj 1.490871e+10 Primal inf 2.0656224e+09 (241310)
Clp0006I 356464  Obj 1.4913526e+10 Primal inf 5.9184427e+09 (243461)
Clp0006I 357464  Obj 1.4927346e+10 Primal inf 2.4683685e+09 (223740)
Clp0006I 358464  Obj 1.4951587e+10 Primal inf 9.0387928e+09 (269193)
Clp0006I 359464  Obj 1.4967132e+10 Primal inf 5.2941386e+10 (281926)
Clp0006I 360464  Obj 1.497743e+10 Primal inf 2.0115314e+09 (232505)
Clp0006I 361464  Obj 1.4990765e+10 Primal inf 2.1494637e+09 (243362)
Clp0006I 362464  Obj 1.5012316e+10 Primal inf 6.8634753e+09 (223729)
Clp0006I 363464  Obj 1.5026755e+10 Primal inf 1.1343674e+09 (217065)
Clp0006I 364464  Obj 1.5041092e+10 Primal inf 2.107404e+09 (253296)
Clp0006I 365464  Obj 1.5055265e+10 Primal inf 1.2430163e+10 (291729)
Clp0006I 366464  Obj 1.5055677e+10 Primal inf 1.847664e+09 (235395)
Clp0006I 367464  Obj 1.5062996e+10 Primal inf 1.4557526e+09 (238765)
Clp0006I 368464  Obj 1.5074854e+10 Primal inf 2.1344532e+09 (221408)
Clp0006I 369464  Obj 1.5081686e+10 Primal inf 2.0460207e+09 (260940)
Clp0006I 370464  Obj 1.5089069e+10 Primal inf 3.9496463e+09 (266606)
Clp0006I 371464  Obj 1.5092508e+10 Primal inf 3.531098e+10 (292372)
Clp0006I 372464  Obj 1.5100873e+10 Primal inf 3.0371679e+10 (283532)
Clp0006I 373464  Obj 1.5104343e+10 Primal inf 3.1132088e+09 (258247)
Clp0006I 374464  Obj 1.5112928e+10 Primal inf 9.4559959e+09 (274950)
Clp0006I 375464  Obj 1.511732e+10 Primal inf 6.9537877e+09 (271327)
Clp0006I 376464  Obj 1.5129692e+10 Primal inf 1.1704413e+10 (294573)
Clp0006I 377464  Obj 1.5151582e+10 Primal inf 8.2319616e+09 (231028)
Clp0006I 378464  Obj 1.5163935e+10 Primal inf 3.7147023e+09 (248735)
Clp0006I 379464  Obj 1.5179662e+10 Primal inf 4.8781993e+10 (274805)
Clp0006I 380464  Obj 1.5188888e+10 Primal inf 9.8698534e+09 (257701)
Clp0006I 381464  Obj 1.5203056e+10 Primal inf 5.3606256e+09 (225548)
Clp0006I 382464  Obj 1.5211917e+10 Primal inf 2.005218e+09 (262451)
Clp0006I 383464  Obj 1.5215047e+10 Primal inf 1.2552755e+10 (281271)
Clp0006I 384464  Obj 1.5222707e+10 Primal inf 1.5628663e+10 (276318)
Clp0006I 385464  Obj 1.5224708e+10 Primal inf 4.0699293e+09 (257076)
Clp0006I 386464  Obj 1.5246926e+10 Primal inf 5.5826271e+09 (268576)
Clp0006I 387464  Obj 1.5263577e+10 Primal inf 1.0427398e+10 (260430)
Clp0006I 388464  Obj 1.5275794e+10 Primal inf 1.5550663e+09 (200234)
Clp0006I 389464  Obj 1.5298233e+10 Primal inf 1.0694371e+10 (234435)
Clp0006I 390464  Obj 1.5306082e+10 Primal inf 4.7594946e+09 (263474)
Clp0006I 391464  Obj 1.5320303e+10 Primal inf 4.1474805e+09 (255687)
Clp0006I 392464  Obj 1.5326697e+10 Primal inf 2.5000839e+10 (297752)
Clp0006I 393464  Obj 1.5333769e+10 Primal inf 2.438976e+09 (287028)
Clp0006I 394464  Obj 1.5342013e+10 Primal inf 3.6834179e+09 (246264)
Clp0006I 395464  Obj 1.5345416e+10 Primal inf 3.9571041e+10 (292302)
Clp0006I 396464  Obj 1.5351328e+10 Primal inf 3.3858579e+09 (258649)
Clp0006I 397464  Obj 1.5362164e+10 Primal inf 5.5244033e+09 (246841)
Clp0006I 398464  Obj 1.5370364e+10 Primal inf 6.0187761e+09 (269722)
Clp0006I 399464  Obj 1.5376396e+10 Primal inf 4.9620968e+10 (247161)
Clp0006I 400464  Obj 1.5384175e+10 Primal inf 2.2546115e+09 (246130)
Clp0006I 401464  Obj 1.5387712e+10 Primal inf 2.3032666e+09 (240238)
Clp0006I 402464  Obj 1.5392457e+10 Primal inf 2.9338526e+09 (217091)
Clp0006I 403464  Obj 1.5397809e+10 Primal inf 2.8616201e+09 (268619)
Clp0006I 404464  Obj 1.5402726e+10 Primal inf 2.0293087e+10 (277498)
Clp0006I 405464  Obj 1.5412331e+10 Primal inf 5.3245757e+09 (268684)
Clp0006I 406464  Obj 1.5418642e+10 Primal inf 5.8164912e+09 (254338)
Clp0006I 407464  Obj 1.5436522e+10 Primal inf 9.4855714e+09 (263808)
Clp0006I 408464  Obj 1.544386e+10 Primal inf 1.1024645e+11 (264320)
Clp0006I 409464  Obj 1.5447845e+10 Primal inf 2.0585497e+09 (264810)
Clp0006I 410464  Obj 1.5452172e+10 Primal inf 1.9690636e+09 (243892)
Clp0006I 411464  Obj 1.5462811e+10 Primal inf 2.5753553e+09 (218717)
Clp0006I 412464  Obj 1.5479736e+10 Primal inf 1.5979427e+09 (221970)
Clp0006I 413464  Obj 1.5490847e+10 Primal inf 7.7302725e+09 (246377)
Clp0006I 414464  Obj 1.5500235e+10 Primal inf 1.231141e+09 (208410)
Clp0006I 415464  Obj 1.5522077e+10 Primal inf 4.9229671e+10 (251695)
Clp0006I 416271  Obj 1.5531815e+10 Primal inf 3.8084877e+09 (265047)
Clp0006I 417271  Obj 1.5543095e+10 Primal inf 4.7738411e+10 (296473)
Clp0006I 418271  Obj 1.5546467e+10 Primal inf 3.5062884e+09 (263616)
Clp0006I 419271  Obj 1.5555534e+10 Primal inf 7.9319591e+09 (282888)
Clp0006I 420271  Obj 1.5565873e+10 Primal inf 1.4001446e+09 (239973)
Clp0006I 421271  Obj 1.5579608e+10 Primal inf 2.4967611e+09 (232019)
Clp0006I 422271  Obj 1.558589e+10 Primal inf 1.5842889e+09 (250388)
Clp0006I 423271  Obj 1.5606496e+10 Primal inf 1.0865225e+10 (282052)
Clp0006I 424271  Obj 1.562282e+10 Primal inf 1.7324858e+10 (282969)
Clp0006I 425271  Obj 1.5631196e+10 Primal inf 1.7899937e+09 (223470)
Clp0006I 426271  Obj 1.5636299e+10 Primal inf 1.3383997e+09 (216380)
Clp0006I 427271  Obj 1.5640631e+10 Primal inf 1.8124015e+09 (252081)
Clp0006I 428271  Obj 1.5648092e+10 Primal inf 1.0011403e+09 (206940)
Clp0006I 429271  Obj 1.5658026e+10 Primal inf 2.6678225e+09 (206250)
Clp0006I 430271  Obj 1.5668837e+10 Primal inf 1.2800263e+10 (267880)
Clp0006I 431271  Obj 1.5677034e+10 Primal inf 6.9172579e+09 (298966)
Clp0006I 432271  Obj 1.5684681e+10 Primal inf 8.0763835e+09 (261416)
Clp0006I 433271  Obj 1.5698707e+10 Primal inf 3.6604783e+09 (220744)
Clp0006I 434271  Obj 1.570923e+10 Primal inf 2.8979825e+10 (297840)
Clp0006I 435271  Obj 1.5719924e+10 Primal inf 1.9351965e+09 (208262)
Clp0006I 436271  Obj 1.5731317e+10 Primal inf 4.0073523e+09 (249112)
Clp0006I 437271  Obj 1.5740468e+10 Primal inf 1.5401932e+10 (260862)
Clp0006I 438271  Obj 1.5761755e+10 Primal inf 9.4282017e+08 (220688)
Clp0006I 439271  Obj 1.5775546e+10 Primal inf 9.9317607e+09 (261341)
Clp0006I 440271  Obj 1.5794578e+10 Primal inf 4.2828427e+09 (263211)
Clp0006I 441271  Obj 1.5804421e+10 Primal inf 4.6062539e+09 (292100)
Clp0006I 442271  Obj 1.5811937e+10 Primal inf 7.7991526e+09 (298566)
Clp0006I 443271  Obj 1.5835077e+10 Primal inf 5.4375925e+09 (257605)
Clp0006I 444271  Obj 1.5844196e+10 Primal inf 4.2577707e+09 (254372)
Clp0006I 445271  Obj 1.5866067e+10 Primal inf 7.0610561e+09 (270641)
Clp0006I 446271  Obj 1.5876418e+10 Primal inf 2.1204355e+09 (248771)
Clp0006I 447271  Obj 1.5896138e+10 Primal inf 2.5274802e+09 (253833)
Clp0006I 448271  Obj 1.5904143e+10 Primal inf 3.0830354e+09 (215537)
Clp0006I 449271  Obj 1.5915572e+10 Primal inf 1.531528e+09 (251106)
Clp0006I 450271  Obj 1.5923582e+10 Primal inf 2.2734449e+09 (245927)
Clp0006I 451271  Obj 1.5936376e+10 Primal inf 7.3429443e+09 (280199)
Clp0006I 452271  Obj 1.5942314e+10 Primal inf 3.5205101e+09 (261074)
Clp0006I 453271  Obj 1.5948638e+10 Primal inf 7.005716e+09 (258235)
Clp0006I 454271  Obj 1.5963411e+10 Primal inf 2.7047633e+09 (266026)
Clp0006I 455271  Obj 1.5973542e+10 Primal inf 1.9228135e+10 (296448)
Clp0006I 456271  Obj 1.5983802e+10 Primal inf 1.0911933e+10 (345290)
Clp0006I 457271  Obj 1.6003095e+10 Primal inf 3.4387069e+10 (341112)
Clp0006I 458271  Obj 1.6007679e+10 Primal inf 5.3018695e+10 (294962)
Clp0006I 459271  Obj 1.6016152e+10 Primal inf 3.443499e+10 (321347)
Clp0006I 460271  Obj 1.6028299e+10 Primal inf 3.0335725e+10 (338844)
Clp0006I 461271  Obj 1.6039408e+10 Primal inf 3.8794543e+10 (282496)
Clp0006I 462271  Obj 1.6048776e+10 Primal inf 1.6281873e+10 (299704)
Clp0006I 463271  Obj 1.6059667e+10 Primal inf 3.9002332e+09 (241702)
Clp0006I 464271  Obj 1.6091679e+10 Primal inf 2.7397159e+10 (309938)
Clp0006I 465271  Obj 1.611172e+10 Primal inf 6.5690249e+10 (330176)
Clp0006I 466271  Obj 1.6128253e+10 Primal inf 4.3329562e+10 (286908)
Clp0006I 467271  Obj 1.6136177e+10 Primal inf 1.2494755e+10 (315544)
Clp0006I 468271  Obj 1.6147827e+10 Primal inf 6.193132e+09 (294707)
Clp0006I 469271  Obj 1.6165061e+10 Primal inf 4.8312047e+10 (346221)
Clp0006I 470271  Obj 1.6174667e+10 Primal inf 4.4916257e+10 (340582)
Clp0006I 471271  Obj 1.6182196e+10 Primal inf 4.309883e+10 (316510)
Clp0006I 472271  Obj 1.6190692e+10 Primal inf 4.28902e+10 (323332)
Clp0006I 473271  Obj 1.6205686e+10 Primal inf 2.255697e+10 (282815)
Clp0006I 474271  Obj 1.625916e+10 Primal inf 2.2277991e+10 (276771)
Clp0006I 475271  Obj 1.6282541e+10 Primal inf 3.6713308e+11 (316054)
Clp0006I 476271  Obj 1.630012e+10 Primal inf 8.9509219e+10 (358953)
Clp0006I 477271  Obj 1.6320006e+10 Primal inf 9.4714227e+10 (316559)
Clp0006I 478271  Obj 1.6345094e+10 Primal inf 5.6396473e+10 (333179)
Clp0006I 479271  Obj 1.6364171e+10 Primal inf 3.9801863e+10 (319715)
Clp0006I 480271  Obj 1.6383686e+10 Primal inf 2.7101752e+11 (318215)
Clp0006I 481271  Obj 1.6402477e+10 Primal inf 4.4127235e+09 (331657)
Clp0006I 482271  Obj 1.641459e+10 Primal inf 1.3956466e+11 (285423)
Clp0006I 483271  Obj 1.6434911e+10 Primal inf 5.8460087e+09 (314861)
Clp0006I 484271  Obj 1.6448527e+10 Primal inf 4.1996881e+10 (339829)
Clp0006I 485271  Obj 1.6467272e+10 Primal inf 1.075368e+11 (303146)
Clp0006I 486271  Obj 1.648506e+10 Primal inf 5.0976228e+10 (337306)
Clp0006I 487271  Obj 1.6500297e+10 Primal inf 1.367056e+11 (338960)
Clp0006I 488271  Obj 1.6526788e+10 Primal inf 1.4353683e+11 (290513)
Clp0006I 489271  Obj 1.6544165e+10 Primal inf 6.0977613e+10 (323723)
Clp0006I 490271  Obj 1.6557819e+10 Primal inf 5.1489982e+10 (335979)
Clp0006I 491271  Obj 1.6573145e+10 Primal inf 3.2378771e+10 (342731)
Clp0006I 492271  Obj 1.658474e+10 Primal inf 7.9640543e+09 (325894)
Clp0006I 493271  Obj 1.6599864e+10 Primal inf 1.4747967e+10 (301271)
Clp0006I 494271  Obj 1.662358e+10 Primal inf 1.0148528e+10 (307772)
Clp0006I 495271  Obj 1.6649761e+10 Primal inf 6.2651692e+09 (347372)
Clp0006I 496271  Obj 1.6682901e+10 Primal inf 2.9291513e+10 (332352)
Clp0006I 497271  Obj 1.6691617e+10 Primal inf 1.3500243e+10 (309977)
Clp0006I 498271  Obj 1.6697384e+10 Primal inf 2.2650795e+10 (303816)
Clp0006I 499271  Obj 1.6710699e+10 Primal inf 5.0786599e+09 (270296)
Clp0006I 500271  Obj 1.6718976e+10 Primal inf 1.7671198e+11 (287524)
Clp0006I 501271  Obj 1.6731332e+10 Primal inf 3.05249e+12 (338516)
Clp0006I 502271  Obj 1.674714e+10 Primal inf 1.8700369e+12 (304017)
Clp0006I 503271  Obj 1.6757395e+10 Primal inf 3.0931607e+11 (317735)
Clp0006I 504271  Obj 1.6762192e+10 Primal inf 4.6424866e+10 (318843)
Clp0006I 505271  Obj 1.6765632e+10 Primal inf 2.1168858e+11 (320055)
Clp0006I 506271  Obj 1.6770876e+10 Primal inf 5.4218391e+10 (311959)
Clp0006I 507271  Obj 1.6779385e+10 Primal inf 1.2731424e+10 (324657)
Clp0006I 508271  Obj 1.6787733e+10 Primal inf 6.7552301e+10 (333427)
Clp0006I 509271  Obj 1.6793542e+10 Primal inf 3.2077492e+10 (348070)
Clp0006I 510271  Obj 1.67984e+10 Primal inf 7.1806114e+09 (337689)
Clp0006I 511271  Obj 1.6809367e+10 Primal inf 1.6948055e+11 (318241)
Clp0006I 512271  Obj 1.6819687e+10 Primal inf 7.9708058e+10 (320381)
Clp0006I 513271  Obj 1.6835959e+10 Primal inf 2.2856354e+10 (327603)
Clp0006I 514271  Obj 1.6845728e+10 Primal inf 1.7786269e+10 (385109)
Clp0006I 515271  Obj 1.6850559e+10 Primal inf 1.5057995e+10 (284991)
Clp0006I 516271  Obj 1.6856828e+10 Primal inf 4.456822e+10 (322795)
Clp0006I 517271  Obj 1.6864909e+10 Primal inf 9.6503216e+10 (340319)
Clp0006I 518271  Obj 1.6870106e+10 Primal inf 5.2828919e+10 (333953)
Clp0006I 519271  Obj 1.687901e+10 Primal inf 2.046072e+10 (286561)
Clp0006I 520271  Obj 1.688647e+10 Primal inf 2.2226445e+10 (294524)
Clp0006I 521271  Obj 1.6891738e+10 Primal inf 9.7784027e+10 (345117)
Clp0006I 522271  Obj 1.6900478e+10 Primal inf 6.7551825e+10 (328789)
Clp0006I 523271  Obj 1.6914341e+10 Primal inf 2.2050499e+10 (314876)
Clp0006I 524271  Obj 1.6943204e+10 Primal inf 6.6323346e+10 (350160)
Clp0006I 525271  Obj 1.6953316e+10 Primal inf 1.6348431e+11 (339412)
Clp0006I 526271  Obj 1.6963506e+10 Primal inf 7.178498e+10 (358944)
Clp0006I 527112  Obj 1.6989443e+10 Primal inf 2.9647806e+11 (355564)
Clp0006I 528112  Obj 1.700658e+10 Primal inf 1.2555711e+11 (333020)
Clp0006I 529112  Obj 1.7015173e+10 Primal inf 2.222458e+11 (337447)
Clp0006I 530112  Obj 1.7038445e+10 Primal inf 5.1285435e+10 (305541)
Clp0006I 531112  Obj 1.7050013e+10 Primal inf 3.6693246e+10 (294421)
Clp0006I 532112  Obj 1.705483e+10 Primal inf 3.8971699e+10 (339915)
Clp0006I 533112  Obj 1.7063876e+10 Primal inf 7.8939691e+10 (318206)
Clp0006I 534112  Obj 1.7092753e+10 Primal inf 3.3555037e+11 (343458)
Clp0006I 535112  Obj 1.7099193e+10 Primal inf 2.0263491e+10 (312563)
Clp0006I 536112  Obj 1.7110435e+10 Primal inf 1.3508319e+10 (297762)
Clp0006I 537112  Obj 1.712514e+10 Primal inf 1.9511844e+10 (314510)
Clp0006I 538112  Obj 1.7168223e+10 Primal inf 5.8880594e+11 (323598)
Clp0006I 539112  Obj 1.7177285e+10 Primal inf 2.2364615e+12 (366151)
Clp0006I 540112  Obj 1.7192966e+10 Primal inf 1.3175994e+12 (368653)
Clp0006I 541112  Obj 1.7207686e+10 Primal inf 1.5047652e+12 (342467)
Clp0006I 542112  Obj 1.7212404e+10 Primal inf 2.7495999e+10 (337643)
Clp0006I 543112  Obj 1.7228503e+10 Primal inf 1.4477118e+10 (264977)
Clp0006I 544112  Obj 1.7244386e+10 Primal inf 1.7904857e+10 (341818)
Clp0006I 545112  Obj 1.7255052e+10 Primal inf 9.0443807e+10 (344492)
Clp0006I 546112  Obj 1.7266456e+10 Primal inf 1.2960816e+11 (382234)
Clp0006I 547112  Obj 1.7282611e+10 Primal inf 1.7265356e+10 (335699)
Clp0006I 548112  Obj 1.7301069e+10 Primal inf 1.6153597e+10 (336401)
Clp0006I 549112  Obj 1.7306898e+10 Primal inf 2.8801726e+10 (322554)
Clp0006I 550112  Obj 1.7321232e+10 Primal inf 5.7926055e+10 (368758)
Clp0006I 551112  Obj 1.7329863e+10 Primal inf 1.3189977e+10 (344405)
Clp0006I 552112  Obj 1.734773e+10 Primal inf 1.3339829e+10 (304859)
Clp0006I 553112  Obj 1.735984e+10 Primal inf 1.3258729e+11 (353236)
Clp0006I 554112  Obj 1.7372227e+10 Primal inf 1.6385459e+10 (340980)
Clp0006I 555112  Obj 1.7378898e+10 Primal inf 8.0289224e+10 (375609)
Clp0006I 556112  Obj 1.7385827e+10 Primal inf 1.3727135e+10 (381633)
Clp0006I 557112  Obj 1.7397852e+10 Primal inf 1.6826067e+10 (341508)
Clp0006I 558112  Obj 1.7415577e+10 Primal inf 5.5263991e+10 (334960)
Clp0006I 559112  Obj 1.7423929e+10 Primal inf 3.5500245e+09 (352217)
Clp0006I 560112  Obj 1.7432815e+10 Primal inf 1.4953242e+10 (319917)
Clp0006I 561112  Obj 1.743597e+10 Primal inf 2.421688e+10 (343843)
Clp0006I 562112  Obj 1.7453987e+10 Primal inf 3.7625083e+10 (362371)
Clp0006I 563112  Obj 1.7460171e+10 Primal inf 1.7319827e+11 (343973)
Clp0006I 564112  Obj 1.7464832e+10 Primal inf 6.930236e+10 (363311)
Clp0006I 565112  Obj 1.7472988e+10 Primal inf 8.5286883e+10 (361179)
Clp0006I 566112  Obj 1.7488385e+10 Primal inf 1.4129682e+10 (391368)
Clp0006I 567112  Obj 1.7496267e+10 Primal inf 6.552664e+10 (355325)
Clp0006I 568112  Obj 1.751115e+10 Primal inf 2.6137559e+11 (358324)
Clp0006I 569112  Obj 1.7525095e+10 Primal inf 2.834132e+10 (322293)
Clp0006I 570112  Obj 1.7534842e+10 Primal inf 2.1303734e+10 (341839)
Clp0006I 571112  Obj 1.754869e+10 Primal inf 2.1291418e+10 (345993)
Clp0006I 572112  Obj 1.7562727e+10 Primal inf 3.9663403e+09 (268661)
Clp0006I 573112  Obj 1.757231e+10 Primal inf 1.8906803e+10 (324105)
Clp0006I 574112  Obj 1.7587451e+10 Primal inf 5.7434791e+10 (402838)
Clp0006I 575112  Obj 1.7595224e+10 Primal inf 1.2792279e+10 (360316)
Clp0006I 576112  Obj 1.7604415e+10 Primal inf 7.6289199e+09 (366289)
Clp0006I 577112  Obj 1.7619567e+10 Primal inf 3.800919e+11 (361276)
Clp0006I 578112  Obj 1.7647543e+10 Primal inf 1.0594747e+10 (333564)
Clp0006I 579112  Obj 1.7675546e+10 Primal inf 5.2599382e+10 (393201)
Clp0006I 580112  Obj 1.7700633e+10 Primal inf 3.2731529e+10 (352606)
Clp0006I 581112  Obj 1.771954e+10 Primal inf 7.4471967e+09 (290145)
Clp0006I 582112  Obj 1.7729262e+10 Primal inf 1.8458582e+10 (368473)
Clp0006I 583112  Obj 1.7736819e+10 Primal inf 5.341252e+10 (370853)
Clp0006I 584112  Obj 1.7750186e+10 Primal inf 9.6021655e+09 (348123)
Clp0006I 585112  Obj 1.775995e+10 Primal inf 9.5551933e+10 (359332)
Clp0006I 586112  Obj 1.7781114e+10 Primal inf 1.1867202e+10 (330756)
Clp0006I 587112  Obj 1.7805717e+10 Primal inf 1.9698437e+11 (347868)
Clp0006I 588112  Obj 1.7823765e+10 Primal inf 2.0235737e+10 (389303)
Clp0006I 589112  Obj 1.7847485e+10 Primal inf 3.4630874e+11 (389717)
Clp0006I 590112  Obj 1.7864955e+10 Primal inf 1.9408721e+10 (356784)
Clp0006I 591112  Obj 1.7879496e+10 Primal inf 5.017934e+10 (308221)
Clp0006I 592112  Obj 1.7895727e+10 Primal inf 1.0561758e+11 (400229)
Clp0006I 593112  Obj 1.7913439e+10 Primal inf 1.0819201e+10 (391064)
Clp0006I 594112  Obj 1.7931932e+10 Primal inf 3.3493331e+10 (320616)
Clp0006I 595112  Obj 1.7946954e+10 Primal inf 2.7378081e+10 (376384)
Clp0006I 596112  Obj 1.7962446e+10 Primal inf 1.0256028e+11 (416047)
Clp0006I 597112  Obj 1.7978129e+10 Primal inf 6.8515733e+10 (376080)
Clp0006I 598112  Obj 1.7990551e+10 Primal inf 2.2850991e+10 (340819)
Clp0006I 599112  Obj 1.8005013e+10 Primal inf 1.2082523e+10 (341175)
Clp0006I 600112  Obj 1.8017227e+10 Primal inf 2.5013003e+10 (326390)
Clp0006I 601112  Obj 1.8038777e+10 Primal inf 3.9356783e+10 (362176)
Clp0006I 602112  Obj 1.8049908e+10 Primal inf 5.7952541e+09 (393639)
Clp0006I 603112  Obj 1.8061513e+10 Primal inf 3.0815713e+10 (336331)
Clp0006I 604112  Obj 1.8074582e+10 Primal inf 8.8255598e+09 (340134)
Clp0006I 605112  Obj 1.8086728e+10 Primal inf 4.8980494e+10 (397875)
Clp0006I 606112  Obj 1.8117885e+10 Primal inf 3.691134e+11 (375066)
Clp0006I 607112  Obj 1.8194087e+10 Primal inf 1.1856111e+11 (371856)
Clp0006I 608112  Obj 1.8209605e+10 Primal inf 7.407562e+10 (305338)
Clp0006I 609112  Obj 1.8224424e+10 Primal inf 2.0457233e+11 (384594)
Clp0006I 610112  Obj 1.8241476e+10 Primal inf 2.5523796e+11 (399992)
Clp0006I 611112  Obj 1.8254967e+10 Primal inf 1.6684306e+11 (358095)
Clp0006I 612112  Obj 1.8269683e+10 Primal inf 3.8518829e+11 (404046)
Clp0006I 613109  Obj 1.8280541e+10 Primal inf 6.149225e+10 (427775)
Clp0006I 614109  Obj 1.8291139e+10 Primal inf 6.9119367e+10 (364850)
Clp0006I 615109  Obj 1.8300999e+10 Primal inf 4.9195449e+09 (342089)
Clp0006I 616109  Obj 1.8311435e+10 Primal inf 9.8572748e+10 (373238)
Clp0006I 617109  Obj 1.8326066e+10 Primal inf 6.0212113e+11 (375603)
Clp0006I 618109  Obj 1.8340489e+10 Primal inf 2.9643529e+11 (410863)
Clp0006I 619109  Obj 1.8352498e+10 Primal inf 6.5295232e+10 (365720)
Clp0006I 620109  Obj 1.8363943e+10 Primal inf 4.8967114e+09 (291457)
Clp0006I 621109  Obj 1.8375439e+10 Primal inf 3.3628329e+10 (387848)
Clp0006I 622109  Obj 1.8388121e+10 Primal inf 1.4367281e+11 (363686)
Clp0006I 623109  Obj 1.8397827e+10 Primal inf 5.6040781e+10 (437626)
Clp0006I 624109  Obj 1.8405886e+10 Primal inf 1.8552785e+11 (406855)
Clp0006I 625109  Obj 1.8428235e+10 Primal inf 2.2995264e+12 (387508)
Clp0006I 626109  Obj 1.8444803e+10 Primal inf 5.8011333e+11 (475631)
Clp0006I 626883  Obj 1.8457228e+10 Primal inf 1.9294874e+10 (378261)
Clp0006I 627883  Obj 1.8470704e+10 Primal inf 3.4946271e+10 (363228)
Clp0006I 628883  Obj 1.848101e+10 Primal inf 1.244e+10 (370056)
Clp0006I 629883  Obj 1.8497117e+10 Primal inf 5.5633808e+10 (406002)
Clp0006I 630883  Obj 1.8514915e+10 Primal inf 6.8135268e+10 (364502)
Clp0006I 631883  Obj 1.8529507e+10 Primal inf 5.5206711e+10 (394380)
Clp0006I 632883  Obj 1.8544956e+10 Primal inf 1.5615801e+11 (405904)
Clp0006I 633883  Obj 1.8561251e+10 Primal inf 4.5615212e+10 (375002)
Clp0006I 634883  Obj 1.8571751e+10 Primal inf 1.0112614e+11 (401542)
Clp0006I 635883  Obj 1.8586702e+10 Primal inf 6.8620664e+10 (409085)
Clp0006I 636883  Obj 1.8603102e+10 Primal inf 4.9739909e+10 (356913)
Clp0006I 637883  Obj 1.8615362e+10 Primal inf 9.5064666e+09 (387399)
Clp0006I 638883  Obj 1.8625681e+10 Primal inf 1.306356e+11 (394888)
Clp0006I 639883  Obj 1.8637959e+10 Primal inf 1.2822516e+10 (376764)
Clp0006I 640883  Obj 1.8651616e+10 Primal inf 1.0789063e+11 (369934)
Clp0006I 641883  Obj 1.8661551e+10 Primal inf 5.7925013e+10 (380989)
Clp0006I 642883  Obj 1.867399e+10 Primal inf 1.0292704e+10 (392752)
Clp0006I 643883  Obj 1.868604e+10 Primal inf 8.5221471e+10 (388315)
Clp0006I 644883  Obj 1.8695368e+10 Primal inf 4.2547081e+10 (351965)
Clp0006I 645883  Obj 1.8707969e+10 Primal inf 1.166911e+11 (401366)
Clp0006I 646883  Obj 1.8719323e+10 Primal inf 2.1408064e+11 (343165)
Clp0006I 647883  Obj 1.8732706e+10 Primal inf 6.6113518e+10 (416205)
Clp0006I 648883  Obj 1.8746353e+10 Primal inf 2.1413724e+11 (374080)
Clp0006I 649883  Obj 1.8758972e+10 Primal inf 4.1233251e+11 (353193)
Clp0006I 650883  Obj 1.8774106e+10 Primal inf 9.1441126e+11 (358535)
Clp0006I 651883  Obj 1