Coin0506I Presolve 1521577 (-195446) rows, 591998 (-65130) columns and 4511329 (-460732) elements
Clp0006I 0  Obj 0 Primal inf 8.7736635e+08 (43800)
Clp0006I 1000  Obj 4.7917429e-12 Primal inf 8.6776638e+08 (44708)
Clp0006I 2000  Obj 9.9133726e-12 Primal inf 8.6044937e+08 (45580)
Clp0006I 3000  Obj 1.5969055e-11 Primal inf 8.579383e+08 (46596)
Clp0006I 4000  Obj 5153483.8 Primal inf 8.4872532e+08 (47608)
Clp0006I 5000  Obj 11103639 Primal inf 8.4129712e+08 (48594)
Clp0006I 6000  Obj 19320940 Primal inf 8.3362982e+08 (49557)
Clp0006I 7000  Obj 25508051 Primal inf 8.2984967e+08 (50685)
Clp0006I 8000  Obj 31472429 Primal inf 8.2572484e+08 (51718)
Clp0006I 9000  Obj 39057848 Primal inf 8.2089716e+08 (52909)
Clp0006I 10000  Obj 49331763 Primal inf 8.1912569e+08 (54011)
Clp0006I 11000  Obj 56334309 Primal inf 8.1584392e+08 (55095)
Clp0006I 12000  Obj 65646172 Primal inf 8.1562452e+08 (56293)
Clp0006I 13000  Obj 76358806 Primal inf 8.1250431e+08 (57506)
Clp0006I 14000  Obj 89535760 Primal inf 8.1009194e+08 (58787)
Clp0006I 15000  Obj 1.0699348e+08 Primal inf 8.0813273e+08 (60076)
Clp0006I 16000  Obj 1.247881e+08 Primal inf 8.0881537e+08 (61427)
Clp0006I 17000  Obj 1.4549339e+08 Primal inf 8.0714588e+08 (62721)
Clp0006I 18000  Obj 1.6005538e+08 Primal inf 8.0785792e+08 (64096)
Clp0006I 19000  Obj 1.6923442e+08 Primal inf 7.3059406e+08 (65312)
Clp0006I 20000  Obj 1.8360789e+08 Primal inf 7.3224401e+08 (66616)
Clp0006I 21000  Obj 1.9423981e+08 Primal inf 7.3214749e+08 (67958)
Clp0006I 22000  Obj 2.0868993e+08 Primal inf 7.329812e+08 (69293)
Clp0006I 23000  Obj 2.2426632e+08 Primal inf 7.3444172e+08 (70478)
Clp0006I 24000  Obj 2.4289509e+08 Primal inf 7.3513101e+08 (71817)
Clp0006I 25000  Obj 2.5914934e+08 Primal inf 7.347745e+08 (72958)
Clp0006I 26000  Obj 2.8339117e+08 Primal inf 7.3790042e+08 (74091)
Clp0006I 27000  Obj 3.0598716e+08 Primal inf 7.3662598e+08 (75179)
Clp0006I 28000  Obj 3.3252248e+08 Primal inf 7.3703672e+08 (76290)
Clp0006I 29000  Obj 3.6008962e+08 Primal inf 7.3643103e+08 (77272)
Clp0006I 30000  Obj 3.9070999e+08 Primal inf 7.340141e+08 (78369)
Clp0006I 31000  Obj 4.1236635e+08 Primal inf 7.3686041e+08 (79581)
Clp0006I 32000  Obj 4.3839726e+08 Primal inf 7.3938928e+08 (80784)
Clp0006I 33000  Obj 4.5780015e+08 Primal inf 7.4205206e+08 (82001)
Clp0006I 34000  Obj 4.7565544e+08 Primal inf 7.4724464e+08 (83197)
Clp0006I 35000  Obj 4.9833403e+08 Primal inf 7.515778e+08 (84391)
Clp0006I 36000  Obj 5.26515e+08 Primal inf 7.5060848e+08 (85537)
Clp0006I 37000  Obj 5.5376083e+08 Primal inf 7.5260776e+08 (86737)
Clp0006I 38000  Obj 5.8022274e+08 Primal inf 7.5102652e+08 (87916)
Clp0006I 39000  Obj 6.1134927e+08 Primal inf 7.4967093e+08 (89043)
Clp0006I 40000  Obj 6.3942049e+08 Primal inf 7.5432247e+08 (90233)
Clp0006I 41000  Obj 6.6646003e+08 Primal inf 7.5183919e+08 (91311)
Clp0006I 42000  Obj 6.9792848e+08 Primal inf 7.5070949e+08 (92544)
Clp0006I 43000  Obj 7.3021874e+08 Primal inf 7.5482604e+08 (93721)
Clp0006I 44000  Obj 7.5815002e+08 Primal inf 7.591418e+08 (94898)
Clp0006I 45000  Obj 7.8996634e+08 Primal inf 7.6221165e+08 (96096)
Clp0006I 46000  Obj 8.187921e+08 Primal inf 7.6344603e+08 (97154)
Clp0006I 47000  Obj 8.4738919e+08 Primal inf 7.63779e+08 (98295)
Clp0006I 48000  Obj 8.7503747e+08 Primal inf 7.6203998e+08 (99350)
Clp0006I 49000  Obj 9.1258802e+08 Primal inf 7.5893809e+08 (100293)
Clp0006I 50000  Obj 9.5353831e+08 Primal inf 7.5681697e+08 (101379)
Clp0006I 51000  Obj 9.9832358e+08 Primal inf 7.5966207e+08 (102486)
Clp0006I 52000  Obj 1.039679e+09 Primal inf 7.5906854e+08 (103586)
Clp0006I 53000  Obj 1.0897478e+09 Primal inf 7.5711504e+08 (104808)
Clp0006I 54000  Obj 1.1349191e+09 Primal inf 7.6148515e+08 (105855)
Clp0006I 55000  Obj 1.1678686e+09 Primal inf 7.6156385e+08 (106893)
Clp0006I 56000  Obj 1.2060732e+09 Primal inf 7.6451997e+08 (108049)
Clp0006I 57000  Obj 1.2404972e+09 Primal inf 7.6359349e+08 (109148)
Clp0006I 58000  Obj 1.2820727e+09 Primal inf 7.6437647e+08 (110270)
Clp0006I 59000  Obj 1.3162706e+09 Primal inf 7.6725688e+08 (111403)
Clp0006I 60000  Obj 1.3527671e+09 Primal inf 7.7254093e+08 (112551)
Clp0006I 61000  Obj 1.3966566e+09 Primal inf 7.7274611e+08 (113874)
Clp0006I 62000  Obj 1.4177969e+09 Primal inf 7.4196754e+08 (117592)
Clp0006I 63000  Obj 1.4338481e+09 Primal inf 7.8379031e+08 (118830)
Clp0006I 64000  Obj 1.446982e+09 Primal inf 7.5425639e+08 (119512)
Clp0006I 65000  Obj 1.4747508e+09 Primal inf 7.7051179e+08 (120737)
Clp0006I 66000  Obj 1.5111481e+09 Primal inf 9.7910606e+08 (120580)
Clp0006I 67000  Obj 1.5271622e+09 Primal inf 7.9729489e+08 (122854)
Clp0006I 68000  Obj 1.5646848e+09 Primal inf 7.8371373e+08 (123605)
Clp0006I 69000  Obj 1.5882453e+09 Primal inf 9.8665234e+08 (123231)
Clp0006I 70000  Obj 1.7077249e+09 Primal inf 1.227421e+09 (134273)
Clp0006I 71000  Obj 1.7560486e+09 Primal inf 8.9274461e+08 (125886)
Clp0006I 72000  Obj 1.7922295e+09 Primal inf 1.1332924e+09 (156572)
Clp0006I 73000  Obj 1.8235846e+09 Primal inf 7.6170582e+08 (128887)
Clp0006I 74000  Obj 1.8359502e+09 Primal inf 7.7825597e+08 (129569)
Clp0006I 75000  Obj 1.8450724e+09 Primal inf 7.7794765e+08 (130506)
Clp0006I 76000  Obj 1.8793663e+09 Primal inf 7.9141122e+08 (129939)
Clp0006I 77000  Obj 1.9029011e+09 Primal inf 7.8357945e+08 (131939)
Clp0006I 78000  Obj 1.9282297e+09 Primal inf 7.5496011e+08 (133121)
Clp0006I 79000  Obj 1.940662e+09 Primal inf 7.5275922e+08 (133937)
Clp0006I 80000  Obj 1.9680812e+09 Primal inf 8.016162e+08 (134068)
Clp0006I 81000  Obj 1.9936202e+09 Primal inf 7.516332e+08 (135536)
Clp0006I 82000  Obj 2.0236312e+09 Primal inf 7.6219709e+08 (137267)
Clp0006I 83000  Obj 2.0507895e+09 Primal inf 7.4833487e+08 (137483)
Clp0006I 84000  Obj 2.0823636e+09 Primal inf 7.8569568e+08 (137470)
Clp0006I 85000  Obj 2.1079166e+09 Primal inf 8.096851e+08 (138255)
Clp0006I 86000  Obj 2.1388864e+09 Primal inf 7.8197608e+08 (141242)
Clp0006I 87000  Obj 2.1561305e+09 Primal inf 7.4769861e+08 (141403)
Clp0006I 88000  Obj 2.1742851e+09 Primal inf 7.4480124e+08 (142148)
Clp0006I 89000  Obj 2.1823445e+09 Primal inf 7.5932465e+08 (143257)
Clp0006I 90000  Obj 2.2181336e+09 Primal inf 1.1233945e+09 (171069)
Clp0006I 91000  Obj 2.242557e+09 Primal inf 7.7190182e+08 (145883)
Clp0006I 92000  Obj 2.2757352e+09 Primal inf 8.9720718e+08 (180291)
Clp0006I 93000  Obj 2.3044913e+09 Primal inf 9.1789133e+08 (144044)
Clp0006I 94000  Obj 2.3299896e+09 Primal inf 7.184102e+08 (146875)
Clp0006I 95000  Obj 2.3360589e+09 Primal inf 7.2988642e+08 (148096)
Clp0006I 96000  Obj 2.3698815e+09 Primal inf 9.1930266e+08 (158097)
Clp0006I 97000  Obj 2.4289682e+09 Primal inf 8.4996614e+08 (157072)
Clp0006I 98000  Obj 2.4841944e+09 Primal inf 8.3104669e+08 (158527)
Clp0006I 99000  Obj 2.5201985e+09 Primal inf 8.3887954e+08 (158292)
Clp0006I 100000  Obj 2.575382e+09 Primal inf 1.5375346e+09 (186934)
Clp0006I 101000  Obj 2.6191737e+09 Primal inf 7.1613296e+08 (150772)
Clp0006I 102000  Obj 2.6595844e+09 Primal inf 7.2825123e+08 (151918)
Clp0006I 103000  Obj 2.6837802e+09 Primal inf 7.5383355e+08 (152865)
Clp0006I 104000  Obj 2.7084932e+09 Primal inf 7.1759052e+08 (151633)
Clp0006I 105000  Obj 2.7594595e+09 Primal inf 1.7496577e+09 (173486)
Clp0006I 106000  Obj 2.8027212e+09 Primal inf 1.8888678e+09 (198447)
Clp0006I 107000  Obj 2.8270736e+09 Primal inf 7.3037484e+08 (151487)
Clp0006I 108000  Obj 2.8725868e+09 Primal inf 8.9589225e+08 (155868)
Clp0006I 109000  Obj 2.9228616e+09 Primal inf 8.9538523e+08 (157153)
Clp0006I 110000  Obj 2.976184e+09 Primal inf 8.7383943e+08 (165471)
Clp0006I 111000  Obj 3.0163774e+09 Primal inf 7.477789e+08 (155615)
Clp0006I 112000  Obj 3.0699399e+09 Primal inf 7.8394608e+08 (157127)
Clp0006I 113000  Obj 3.0964078e+09 Primal inf 7.4760361e+08 (155507)
Clp0006I 114000  Obj 3.1092809e+09 Primal inf 8.2706273e+08 (158097)
Clp0006I 115000  Obj 3.119402e+09 Primal inf 8.1547621e+08 (158760)
Clp0006I 116000  Obj 3.1583802e+09 Primal inf 7.4954932e+08 (157196)
Clp0006I 117000  Obj 3.1922245e+09 Primal inf 7.4447858e+08 (158368)
Clp0006I 118000  Obj 3.2272405e+09 Primal inf 3.2722712e+09 (157490)
Clp0006I 119000  Obj 3.2693004e+09 Primal inf 8.9580533e+08 (165870)
Clp0006I 120000  Obj 3.3207265e+09 Primal inf 1.7302042e+09 (188516)
Clp0006I 121000  Obj 3.3618723e+09 Primal inf 7.4673905e+08 (158338)
Clp0006I 122000  Obj 3.4151098e+09 Primal inf 8.1775863e+08 (160983)
Clp0006I 123000  Obj 3.4735705e+09 Primal inf 8.9726022e+08 (158676)
Clp0006I 124000  Obj 3.5291302e+09 Primal inf 8.2931038e+08 (162319)
Clp0006I 125000  Obj 3.5815056e+09 Primal inf 1.042929e+10 (200742)
Clp0006I 126000  Obj 3.6108126e+09 Primal inf 7.4811751e+08 (160679)
Clp0006I 127000  Obj 3.6750495e+09 Primal inf 7.5528834e+08 (159180)
Clp0006I 128000  Obj 3.7414304e+09 Primal inf 7.5482495e+08 (162568)
Clp0006I 129000  Obj 3.7876136e+09 Primal inf 8.5506415e+08 (160608)
Clp0006I 130000  Obj 3.8225851e+09 Primal inf 2.2655426e+09 (199439)
Clp0006I 131000  Obj 3.8431102e+09 Primal inf 1.5459569e+10 (170428)
Clp0006I 132000  Obj 3.8724156e+09 Primal inf 1.8601235e+09 (191923)
Clp0006I 133000  Obj 3.9104139e+09 Primal inf 7.7555668e+08 (164471)
Clp0006I 134000  Obj 3.9525114e+09 Primal inf 8.8609825e+08 (162751)
Clp0006I 135000  Obj 3.9980105e+09 Primal inf 4.7650217e+09 (163431)
Clp0006I 136000  Obj 4.0313002e+09 Primal inf 9.2488463e+08 (168238)
Clp0006I 137000  Obj 4.0692219e+09 Primal inf 9.563562e+08 (171993)
Clp0006I 138000  Obj 4.1133427e+09 Primal inf 1.3059327e+09 (180492)
Clp0006I 139000  Obj 4.1693117e+09 Primal inf 9.1897703e+08 (175126)
Clp0006I 140000  Obj 4.220012e+09 Primal inf 8.6263199e+08 (173401)
Clp0006I 141000  Obj 4.2618307e+09 Primal inf 3.6932803e+09 (213232)
Clp0006I 142000  Obj 4.3013968e+09 Primal inf 1.260371e+09 (180248)
Clp0006I 143000  Obj 4.3432539e+09 Primal inf 4.788075e+09 (250922)
Clp0006I 144000  Obj 4.3735598e+09 Primal inf 3.2857657e+09 (236398)
Clp0006I 145000  Obj 4.3810163e+09 Primal inf 9.4088336e+08 (178859)
Clp0006I 146000  Obj 4.4218204e+09 Primal inf 1.5250234e+09 (212020)
Clp0006I 147000  Obj 4.4415213e+09 Primal inf 1.1023161e+10 (203440)
Clp0006I 148000  Obj 4.4718587e+09 Primal inf 1.6072139e+09 (188189)
Clp0006I 149000  Obj 4.4945653e+09 Primal inf 1.69168e+09 (204018)
Clp0006I 150000  Obj 4.5147681e+09 Primal inf 1.1224447e+09 (183734)
Clp0006I 151000  Obj 4.5392811e+09 Primal inf 9.6402171e+09 (204784)
Clp0006I 152000  Obj 4.5830053e+09 Primal inf 1.7102767e+09 (203416)
Clp0006I 153000  Obj 4.622435e+09 Primal inf 1.850083e+09 (205327)
Clp0006I 154000  Obj 4.6487477e+09 Primal inf 3.3818565e+09 (241231)
Clp0006I 155000  Obj 4.6766408e+09 Primal inf 1.4604217e+09 (216699)
Clp0006I 156000  Obj 4.7147411e+09 Primal inf 7.5444384e+09 (191124)
Clp0006I 157000  Obj 4.7555839e+09 Primal inf 3.1647702e+09 (216225)
Clp0006I 158000  Obj 4.788195e+09 Primal inf 1.6093273e+09 (196418)
Clp0006I 159000  Obj 4.8245983e+09 Primal inf 1.6802284e+09 (212523)
Clp0006I 160000  Obj 4.8524229e+09 Primal inf 8.9928493e+08 (186667)
Clp0006I 161000  Obj 4.8909151e+09 Primal inf 2.9997616e+09 (211445)
Clp0006I 162000  Obj 4.9131567e+09 Primal inf 6.0183215e+10 (277084)
Clp0006I 163000  Obj 4.9337246e+09 Primal inf 1.8032794e+09 (208684)
Clp0006I 164000  Obj 4.9551266e+09 Primal inf 1.520889e+09 (216150)
Clp0006I 165000  Obj 4.9731491e+09 Primal inf 2.2312848e+09 (194266)
Clp0006I 166000  Obj 5.0022015e+09 Primal inf 2.598308e+09 (220635)
Clp0006I 167000  Obj 5.0280015e+09 Primal inf 1.1797063e+09 (216131)
Clp0006I 168000  Obj 5.0596088e+09 Primal inf 1.7919888e+09 (222860)
Clp0006I 169000  Obj 5.083985e+09 Primal inf 1.063061e+09 (183459)
Clp0006I 170000  Obj 5.1036959e+09 Primal inf 9.7156792e+08 (184572)
Clp0006I 171000  Obj 5.1117721e+09 Primal inf 2.4393518e+09 (217357)
Clp0006I 172000  Obj 5.1308385e+09 Primal inf 1.0199599e+10 (245162)
Clp0006I 173000  Obj 5.1496813e+09 Primal inf 1.0037606e+09 (186786)
Clp0006I 174000  Obj 5.1691366e+09 Primal inf 1.6139155e+09 (220610)
Clp0006I 175000  Obj 5.1916538e+09 Primal inf 2.3845699e+09 (197789)
Clp0006I 176000  Obj 5.2011937e+09 Primal inf 1.1755366e+09 (187998)
Clp0006I 177000  Obj 5.2083498e+09 Primal inf 2.8222692e+10 (233011)
Clp0006I 178000  Obj 5.2167323e+09 Primal inf 1.1354312e+09 (222187)
Clp0006I 179000  Obj 5.2447796e+09 Primal inf 1.0809584e+10 (223011)
Clp0006I 180000  Obj 5.2535858e+09 Primal inf 1.6188899e+09 (190842)
Clp0006I 181000  Obj 5.2678257e+09 Primal inf 4.7807195e+09 (221166)
Clp0006I 182000  Obj 5.2842691e+09 Primal inf 1.92014e+09 (208323)
Clp0006I 183000  Obj 5.3058207e+09 Primal inf 1.4394943e+10 (213214)
Clp0006I 184000  Obj 5.3190207e+09 Primal inf 1.1323849e+09 (191308)
Clp0006I 185000  Obj 5.3342397e+09 Primal inf 1.8738205e+09 (220985)
Clp0006I 186000  Obj 5.3552302e+09 Primal inf 1.1618099e+09 (185466)
Clp0006I 187000  Obj 5.3771907e+09 Primal inf 1.2075591e+09 (190858)
Clp0006I 188000  Obj 5.4134323e+09 Primal inf 2.296487e+09 (201417)
Clp0006I 189000  Obj 5.436884e+09 Primal inf 1.5175558e+10 (218019)
Clp0006I 190000  Obj 5.4668461e+09 Primal inf 1.0328162e+09 (185858)
Clp0006I 191000  Obj 5.4820882e+09 Primal inf 1.4107187e+09 (195184)
Clp0006I 192000  Obj 5.5064018e+09 Primal inf 2.3435825e+09 (198030)
Clp0006I 193000  Obj 5.5353017e+09 Primal inf 1.433414e+09 (203996)
Clp0006I 194000  Obj 5.5681269e+09 Primal inf 2.7728119e+09 (199075)
Clp0006I 195000  Obj 5.5802645e+09 Primal inf 2.396024e+09 (198199)
Clp0006I 196000  Obj 5.5990796e+09 Primal inf 2.3851064e+09 (224593)
Clp0006I 197000  Obj 5.618582e+09 Primal inf 1.1838172e+09 (186606)
Clp0006I 198000  Obj 5.6472997e+09 Primal inf 1.1997372e+09 (186891)
Clp0006I 199000  Obj 5.6725994e+09 Primal inf 4.0132254e+09 (224911)
Clp0006I 200000  Obj 5.6991799e+09 Primal inf 5.3013967e+10 (230410)
Clp0006I 201000  Obj 5.7410656e+09 Primal inf 1.7794588e+09 (197916)
Clp0006I 202000  Obj 5.7636031e+09 Primal inf 1.1351465e+09 (187279)
Clp0006I 203000  Obj 5.8056949e+09 Primal inf 2.3548593e+09 (211417)
Clp0006I 204000  Obj 5.829916e+09 Primal inf 2.2357022e+09 (209834)
Clp0006I 205000  Obj 5.8533876e+09 Primal inf 1.2079247e+10 (248133)
Clp0006I 206000  Obj 5.8724513e+09 Primal inf 1.5564981e+09 (193274)
Clp0006I 207000  Obj 5.8904593e+09 Primal inf 2.5244336e+09 (205800)
Clp0006I 208000  Obj 5.9149138e+09 Primal inf 9.248971e+09 (213257)
Clp0006I 209000  Obj 5.9414012e+09 Primal inf 1.0294456e+11 (292536)
Clp0006I 210000  Obj 5.9700304e+09 Primal inf 2.4335926e+09 (232627)
Clp0006I 211000  Obj 5.9922204e+09 Primal inf 2.3624154e+10 (231311)
Clp0006I 212000  Obj 6.0225842e+09 Primal inf 1.5790589e+09 (195145)
Clp0006I 213000  Obj 6.0407717e+09 Primal inf 2.442577e+10 (257183)
Clp0006I 214000  Obj 6.0575627e+09 Primal inf 1.0702955e+09 (184820)
Clp0006I 215000  Obj 6.0686914e+09 Primal inf 1.9130459e+09 (187925)
Clp0006I 216000  Obj 6.0900088e+09 Primal inf 1.2382299e+09 (205025)
Clp0006I 217000  Obj 6.1075336e+09 Primal inf 1.4569546e+09 (186752)
Clp0006I 218000  Obj 6.1129575e+09 Primal inf 1.4307588e+09 (189266)
Clp0006I 219000  Obj 6.1232942e+09 Primal inf 2.0690155e+09 (238602)
Clp0006I 220000  Obj 6.1331539e+09 Primal inf 1.2555564e+09 (186767)
Clp0006I 221000  Obj 6.1386397e+09 Primal inf 1.5411227e+09 (208028)
Clp0006I 222000  Obj 6.1550884e+09 Primal inf 1.8950725e+09 (211264)
Clp0006I 223000  Obj 6.1688105e+09 Primal inf 1.4850946e+09 (186441)
Clp0006I 224000  Obj 6.1738319e+09 Primal inf 2.4808718e+09 (214317)
Clp0006I 225000  Obj 6.1880811e+09 Primal inf 2.133775e+09 (218331)
Clp0006I 226000  Obj 6.2020311e+09 Primal inf 1.3924332e+09 (188240)
Clp0006I 227000  Obj 6.2152091e+09 Primal inf 2.6740575e+10 (270284)
Clp0006I 228000  Obj 6.2368548e+09 Primal inf 1.9926309e+09 (218319)
Clp0006I 229000  Obj 6.2717501e+09 Primal inf 1.2945636e+09 (186120)
Clp0006I 230000  Obj 6.278944e+09 Primal inf 1.4258198e+09 (207684)
Clp0006I 231000  Obj 6.2881219e+09 Primal inf 7.9184741e+09 (227064)
Clp0006I 232000  Obj 6.2951476e+09 Primal inf 1.3244755e+09 (185105)
Clp0006I 233000  Obj 6.3272716e+09 Primal inf 5.8325549e+09 (215519)
Clp0006I 234000  Obj 6.3513507e+09 Primal inf 1.3608407e+10 (239511)
Clp0006I 235000  Obj 6.3675216e+09 Primal inf 2.2276359e+09 (221079)
Clp0006I 236000  Obj 6.3842649e+09 Primal inf 4.20986e+09 (242991)
Clp0006I 237000  Obj 6.4072914e+09 Primal inf 1.9121446e+10 (247943)
Clp0006I 238000  Obj 6.4256652e+09 Primal inf 2.5565396e+09 (210053)
Clp0006I 239000  Obj 6.4568662e+09 Primal inf 4.3189904e+09 (223633)
Clp0006I 240000  Obj 6.4888449e+09 Primal inf 1.395835e+09 (210459)
Clp0006I 241000  Obj 6.5066227e+09 Primal inf 1.4711215e+09 (187582)
Clp0006I 242000  Obj 6.5487085e+09 Primal inf 4.943626e+09 (236738)
Clp0006I 243000  Obj 6.5761127e+09 Primal inf 4.7683477e+09 (227916)
Clp0006I 244000  Obj 6.6283497e+09 Primal inf 1.7563092e+09 (214501)
Clp0006I 245000  Obj 6.6575866e+09 Primal inf 1.962466e+09 (200138)
Clp0006I 246000  Obj 6.6724689e+09 Primal inf 8.6106336e+10 (237433)
Clp0006I 247000  Obj 6.7008513e+09 Primal inf 3.464952e+09 (223842)
Clp0006I 248000  Obj 6.7632464e+09 Primal inf 1.3454077e+10 (236841)
Clp0006I 249000  Obj 6.7912607e+09 Primal inf 1.932793e+10 (275680)
Clp0006I 250000  Obj 6.7945173e+09 Primal inf 3.7012778e+10 (230044)
Clp0006I 251000  Obj 6.8070775e+09 Primal inf 2.6104395e+09 (225704)
Clp0006I 252000  Obj 6.8170977e+09 Primal inf 5.1896347e+09 (226539)
Clp0006I 253000  Obj 6.8268851e+09 Primal inf 2.6006007e+09 (212639)
Clp0006I 254000  Obj 6.8555225e+09 Primal inf 1.8295498e+10 (257779)
Clp0006I 255000  Obj 6.9092957e+09 Primal inf 3.4387004e+09 (241488)
Clp0006I 256000  Obj 6.9243198e+09 Primal inf 6.3324292e+09 (261972)
Clp0006I 256929  Obj 6.9787821e+09 Primal inf 1.0311946e+10 (229799)
Clp0006I 257929  Obj 7.0545399e+09 Primal inf 2.3508896e+09 (207098)
Clp0006I 258929  Obj 7.1089649e+09 Primal inf 3.2997923e+10 (235085)
Clp0006I 259929  Obj 7.2055689e+09 Primal inf 2.9150911e+09 (217632)
Clp0006I 260929  Obj 7.2488792e+09 Primal inf 1.1356185e+09 (196910)
Clp0006I 261929  Obj 7.3151499e+09 Primal inf 5.0862223e+09 (221030)
Clp0006I 262929  Obj 7.3770411e+09 Primal inf 6.8305247e+09 (250353)
Clp0006I 263929  Obj 7.4400526e+09 Primal inf 4.5403115e+10 (230444)
Clp0006I 264929  Obj 7.482398e+09 Primal inf 5.0508375e+09 (230049)
Clp0006I 265929  Obj 7.5341213e+09 Primal inf 6.045122e+09 (252085)
Clp0006I 266929  Obj 7.5745294e+09 Primal inf 1.9126425e+10 (239861)
Clp0006I 267929  Obj 7.5915318e+09 Primal inf 5.0027507e+09 (208184)
Clp0006I 268929  Obj 7.6277356e+09 Primal inf 3.4020448e+09 (232203)
Clp0006I 269929  Obj 7.6701259e+09 Primal inf 1.3244136e+11 (301603)
Clp0006I 270929  Obj 7.7121402e+09 Primal inf 5.1112476e+10 (271758)
Clp0006I 271929  Obj 7.7270651e+09 Primal inf 4.5893717e+10 (289884)
Clp0006I 272929  Obj 7.7688859e+09 Primal inf 3.0999357e+10 (267033)
Clp0006I 273929  Obj 7.7833593e+09 Primal inf 2.6626163e+10 (276938)
Clp0006I 274929  Obj 7.8052757e+09 Primal inf 7.2708979e+09 (228800)
Clp0006I 275929  Obj 7.8281846e+09 Primal inf 3.9895139e+09 (235700)
Clp0006I 276929  Obj 7.8446654e+09 Primal inf 3.3494928e+09 (269595)
Clp0006I 277929  Obj 7.8737626e+09 Primal inf 1.0739042e+10 (261673)
Clp0006I 278929  Obj 7.8982653e+09 Primal inf 5.6245147e+09 (230798)
Clp0006I 279929  Obj 7.9216717e+09 Primal inf 1.7631291e+09 (212293)
Clp0006I 280929  Obj 7.9280365e+09 Primal inf 2.8674242e+09 (248997)
Clp0006I 281929  Obj 7.9325551e+09 Primal inf 1.7647737e+09 (232128)
Clp0006I 282929  Obj 7.9440512e+09 Primal inf 8.896051e+09 (241406)
Clp0006I 283929  Obj 7.9611761e+09 Primal inf 2.6122201e+09 (230662)
Clp0006I 284929  Obj 7.9642035e+09 Primal inf 4.2565632e+09 (247140)
Clp0006I 285929  Obj 7.967122e+09 Primal inf 8.6419083e+09 (271858)
Clp0006I 286929  Obj 7.9745388e+09 Primal inf 1.5786396e+10 (247685)
Clp0006I 287929  Obj 7.9762219e+09 Primal inf 3.0450803e+10 (248519)
Clp0006I 288929  Obj 7.9800421e+09 Primal inf 4.444396e+09 (224224)
Clp0006I 289929  Obj 8.134428e+09 Primal inf 2.7422339e+09 (220821)
Clp0006I 290929  Obj 8.1452086e+09 Primal inf 1.0183063e+10 (225531)
Clp0006I 291929  Obj 8.1715646e+09 Primal inf 2.0090724e+09 (202182)
Clp0006I 292929  Obj 8.1938591e+09 Primal inf 1.0221166e+11 (244800)
Clp0006I 293929  Obj 8.2226963e+09 Primal inf 1.1654568e+10 (239649)
Clp0006I 294929  Obj 8.2268937e+09 Primal inf 4.443542e+09 (216164)
Clp0006I 295929  Obj 8.2282346e+09 Primal inf 2.2148246e+10 (249766)
Clp0006I 296929  Obj 8.2346371e+09 Primal inf 8.7686104e+09 (226614)
Clp0006I 297929  Obj 8.2385987e+09 Primal inf 9.3857675e+09 (227002)
Clp0006I 298929  Obj 8.2520145e+09 Primal inf 9.5586665e+09 (227064)
Clp0006I 299929  Obj 8.2772636e+09 Primal inf 9.5370084e+09 (245054)
Clp0006I 300929  Obj 8.2793161e+09 Primal inf 1.678082e+10 (240807)
Clp0006I 301929  Obj 8.2879847e+09 Primal inf 1.1026761e+11 (289329)
Clp0006I 302929  Obj 8.29425e+09 Primal inf 7.4405005e+10 (291881)
Clp0006I 303929  Obj 8.3029074e+09 Primal inf 2.1420092e+10 (277692)
Clp0006I 304929  Obj 8.3123024e+09 Primal inf 1.7505349e+09 (250213)
Clp0006I 305929  Obj 8.319114e+09 Primal inf 9.556155e+08 (217828)
Clp0006I 306929  Obj 8.3247532e+09 Primal inf 3.1694566e+09 (241822)
Clp0006I 307929  Obj 8.3292006e+09 Primal inf 2.6210162e+09 (248714)
Clp0006I 308929  Obj 8.3359599e+09 Primal inf 1.0540085e+09 (211313)
Clp0006I 309929  Obj 8.3398255e+09 Primal inf 6.5092526e+09 (256571)
Clp0006I 310929  Obj 8.3591267e+09 Primal inf 1.0362839e+10 (253027)
Clp0006I 311929  Obj 8.3841682e+09 Primal inf 5.2894052e+09 (205303)
Clp0006I 312929  Obj 8.3994062e+09 Primal inf 7.6042325e+09 (239016)
Clp0006I 313929  Obj 8.4137831e+09 Primal inf 9.2272512e+08 (228836)
Clp0006I 314929  Obj 8.425731e+09 Primal inf 4.4340536e+09 (233826)
Clp0006I 315929  Obj 8.434408e+09 Primal inf 1.3897932e+10 (244117)
Clp0006I 316929  Obj 8.4525193e+09 Primal inf 6.6490819e+09 (278617)
Clp0006I 317929  Obj 8.4566127e+09 Primal inf 3.6786574e+10 (292402)
Clp0006I 318929  Obj 8.470556e+09 Primal inf 3.2346218e+09 (235607)
Clp0006I 319929  Obj 8.4809597e+09 Primal inf 1.4689922e+10 (277826)
Clp0006I 320929  Obj 8.4866641e+09 Primal inf 1.3103159e+10 (275751)
Clp0006I 321929  Obj 8.5025189e+09 Primal inf 1.1492971e+09 (246568)
Clp0006I 322929  Obj 8.5161716e+09 Primal inf 2.4662523e+09 (205326)
Clp0006I 323929  Obj 8.5254744e+09 Primal inf 4.6231573e+10 (270179)
Clp0006I 324929  Obj 8.545287e+09 Primal inf 1.1949155e+11 (296496)
Clp0006I 325929  Obj 8.5606779e+09 Primal inf 9.9642809e+10 (261456)
Clp0006I 326929  Obj 8.5751994e+09 Primal inf 3.3673422e+10 (255833)
Clp0006I 327929  Obj 8.602501e+09 Primal inf 5.1406796e+09 (260084)
Clp0006I 328929  Obj 8.6148718e+09 Primal inf 5.7727437e+09 (240696)
Clp0006I 329929  Obj 8.6181634e+09 Primal inf 2.162437e+09 (219454)
Clp0006I 330929  Obj 8.6252123e+09 Primal inf 1.9561037e+10 (259777)
Clp0006I 331929  Obj 8.6283616e+09 Primal inf 4.2648034e+10 (267491)
Clp0006I 332929  Obj 8.6402127e+09 Primal inf 4.111277e+11 (273467)
Clp0006I 333929  Obj 8.6432175e+09 Primal inf 2.8176243e+10 (263265)
Clp0006I 334929  Obj 8.6571148e+09 Primal inf 1.4011334e+11 (258866)
Clp0006I 335929  Obj 8.6755351e+09 Primal inf 3.9989124e+11 (289288)
Clp0006I 336596  Obj 8.6856109e+09 Primal inf 7.0461553e+11 (280571)
Clp0006I 337596  Obj 8.7076499e+09 Primal inf 4.0817661e+10 (306452)
Clp0006I 338596  Obj 8.7113353e+09 Primal inf 7.6081439e+09 (272629)
Clp0006I 339596  Obj 8.720229e+09 Primal inf 6.9355613e+09 (214989)
Clp0006I 340596  Obj 8.7387343e+09 Primal inf 1.1729893e+10 (243964)
Clp0006I 341596  Obj 8.7584953e+09 Primal inf 1.6094061e+11 (253640)
Clp0006I 342323  Obj 8.7721768e+09 Primal inf 2.603916e+10 (225779)
Clp0006I 343323  Obj 8.7961949e+09 Primal inf 6.3341603e+09 (237424)
Clp0006I 344323  Obj 8.822826e+09 Primal inf 6.1879834e+10 (253597)
Clp0006I 345323  Obj 8.8287582e+09 Primal inf 4.5521613e+10 (259193)
Clp0006I 346323  Obj 8.8419625e+09 Primal inf 2.7586425e+09 (251845)
Clp0006I 347323  Obj 8.8622995e+09 Primal inf 2.7337159e+09 (244114)
Clp0006I 348323  Obj 8.8813066e+09 Primal inf 4.0716661e+09 (233584)
Clp0006I 349323  Obj 8.893748e+09 Primal inf 6.6065563e+09 (228252)
Clp0006I 350323  Obj 8.914231e+09 Primal inf 1.6828415e+09 (234216)
Clp0006I 351323  Obj 8.9311054e+09 Primal inf 4.2639634e+09 (228598)
Clp0006I 352323  Obj 8.9491385e+09 Primal inf 1.6113188e+10 (281211)
Clp0006I 353323  Obj 8.9621858e+09 Primal inf 8.263653e+08 (246501)
Clp0006I 354323  Obj 8.9722539e+09 Primal inf 7.0715033e+08 (210166)
Clp0006I 355323  Obj 8.9825865e+09 Primal inf 3.3525144e+09 (235955)
Clp0006I 356323  Obj 8.9896808e+09 Primal inf 1.2931933e+09 (216025)
Clp0006I 357323  Obj 9.0069476e+09 Primal inf 1.9959743e+09 (225586)
Clp0006I 358323  Obj 9.0139344e+09 Primal inf 1.5093363e+09 (221722)
Clp0006I 359323  Obj 9.0172732e+09 Primal inf 9.116942e+08 (220004)
Clp0006I 360323  Obj 9.0251819e+09 Primal inf 1.0907255e+09 (223460)
Clp0006I 361323  Obj 9.0353743e+09 Primal inf 8.5668346e+08 (219470)
Clp0006I 362323  Obj 9.0431996e+09 Primal inf 8.604596e+08 (220048)
Clp0006I 363323  Obj 9.0538189e+09 Primal inf 8.6354555e+08 (219729)
Clp0006I 364323  Obj 9.0667144e+09 Primal inf 8.5528579e+08 (219489)
Clp0006I 365323  Obj 9.07876e+09 Primal inf 8.5674517e+08 (219175)
Clp0006I 366323  Obj 9.0895793e+09 Primal inf 4.3058424e+09 (227052)
Clp0006I 367323  Obj 9.0933926e+09 Primal inf 8.2637096e+08 (209179)
Clp0006I 368323  Obj 9.0992209e+09 Primal inf 1.6106139e+09 (239530)
Clp0006I 369323  Obj 9.1217675e+09 Primal inf 3.081141e+09 (225280)
Clp0006I 370323  Obj 9.1324104e+09 Primal inf 1.4780351e+09 (217771)
Clp0006I 371323  Obj 9.1458109e+09 Primal inf 3.9302411e+09 (243004)
Clp0006I 372323  Obj 9.1579378e+09 Primal inf 5.7543352e+09 (233088)
Clp0006I 373323  Obj 9.1706883e+09 Primal inf 3.3990765e+09 (211616)
Clp0006I 374323  Obj 9.1780657e+09 Primal inf 8.6180685e+08 (218422)
Clp0006I 375323  Obj 9.1913955e+09 Primal inf 4.5212645e+09 (221575)
Clp0006I 376323  Obj 9.207472e+09 Primal inf 2.0940927e+09 (244431)
Clp0006I 377159  Obj 9.2205521e+09 Primal inf 3.9855977e+09 (255223)
Clp0006I 378159  Obj 9.2292436e+09 Primal inf 7.8759276e+08 (209282)
Clp0006I 379159  Obj 9.2375153e+09 Primal inf 8.2970379e+08 (207186)
Clp0006I 380159  Obj 9.2449072e+09 Primal inf 6.147817e+09 (258532)
Clp0006I 381159  Obj 9.2476336e+09 Primal inf 3.581152e+09 (237751)
Clp0006I 382159  Obj 9.2581106e+09 Primal inf 1.2922229e+11 (275819)
Clp0006I 383159  Obj 9.2642802e+09 Primal inf 1.0220543e+09 (210891)
Clp0006I 384159  Obj 9.2775911e+09 Primal inf 7.0228289e+09 (264455)
Clp0006I 385159  Obj 9.2822715e+09 Primal inf 1.8694283e+09 (226176)
Clp0006I 386159  Obj 9.2908095e+09 Primal inf 9.1160406e+09 (278326)
Clp0006I 387159  Obj 9.2948922e+09 Primal inf 9.1864767e+09 (255313)
Clp0006I 388159  Obj 9.3015053e+09 Primal inf 4.3408393e+09 (255180)
Clp0006I 389159  Obj 9.304361e+09 Primal inf 4.8698345e+09 (256603)
Clp0006I 390159  Obj 9.3072464e+09 Primal inf 2.4086931e+10 (267801)
Clp0006I 391159  Obj 9.3104801e+09 Primal inf 1.3981308e+09 (233769)
Clp0006I 392159  Obj 9.3154086e+09 Primal inf 2.4115265e+09 (239668)
Clp0006I 393159  Obj 9.3200768e+09 Primal inf 1.723132e+09 (236766)
Clp0006I 394159  Obj 9.3243412e+09 Primal inf 1.9032067e+09 (219168)
Clp0006I 395159  Obj 9.3284642e+09 Primal inf 1.4766621e+09 (231114)
Clp0006I 396159  Obj 9.3447091e+09 Primal inf 3.9880711e+09 (271165)
Clp0006I 397159  Obj 9.3605456e+09 Primal inf 1.0677456e+09 (233228)
Clp0006I 398159  Obj 9.3654005e+09 Primal inf 2.7542429e+09 (252290)
Clp0006I 399159  Obj 9.3702436e+09 Primal inf 2.400463e+09 (263559)
Clp0006I 400159  Obj 9.3743943e+09 Primal inf 3.1436776e+09 (264612)
Clp0006I 401159  Obj 9.3792809e+09 Primal inf 1.2932147e+09 (237601)
Clp0006I 402159  Obj 9.3823671e+09 Primal inf 6.6680289e+09 (240984)
Clp0006I 403159  Obj 9.3851149e+09 Primal inf 1.3288244e+09 (222011)
Clp0006I 404159  Obj 9.3889473e+09 Primal inf 9.0981869e+09 (252886)
Clp0006I 405159  Obj 9.3921384e+09 Primal inf 3.2888351e+09 (256231)
Clp0006I 406159  Obj 9.4005445e+09 Primal inf 7.188756e+09 (246955)
Clp0006I 407159  Obj 9.4062791e+09 Primal inf 3.4858199e+09 (251364)
Clp0006I 408159  Obj 9.4131358e+09 Primal inf 1.5380711e+09 (235737)
Clp0006I 409159  Obj 9.4173245e+09 Primal inf 1.6176312e+09 (220155)
Clp0006I 410159  Obj 9.4381025e+09 Primal inf 2.8555278e+09 (264357)
Clp0006I 411159  Obj 9.4434346e+09 Primal inf 1.3203013e+09 (211781)
Clp0006I 412159  Obj 9.4567555e+09 Primal inf 2.1684281e+09 (227916)
Clp0006I 413159  Obj 9.4631209e+09 Primal inf 7.1828322e+08 (221424)
Clp0006I 414159  Obj 9.4706304e+09 Primal inf 3.0430488e+09 (238927)
Clp0006I 415159  Obj 9.4761544e+09 Primal inf 1.1338792e+09 (217415)
Clp0006I 416159  Obj 9.5139168e+09 Primal inf 2.1521363e+09 (227358)
Clp0006I 417159  Obj 9.5303304e+09 Primal inf 9.8616382e+08 (209714)
Clp0006I 418159  Obj 9.5466185e+09 Primal inf 2.4654942e+09 (232838)
Clp0006I 419159  Obj 9.5537603e+09 Primal inf 3.1790635e+09 (256466)
Clp0006I 420159  Obj 9.5597145e+09 Primal inf 4.3954025e+09 (260622)
Clp0006I 421159  Obj 9.5634006e+09 Primal inf 1.0923082e+09 (223622)
Clp0006I 422159  Obj 9.5677552e+09 Primal inf 1.3779762e+09 (236307)
Clp0006I 423159  Obj 9.5730107e+09 Primal inf 1.516441e+09 (237872)
Clp0006I 424159  Obj 9.5768785e+09 Primal inf 1.0222628e+09 (215840)
Clp0006I 425159  Obj 9.5842943e+09 Primal inf 2.5484304e+09 (264089)
Clp0006I 426159  Obj 9.5872442e+09 Primal inf 1.7512252e+09 (231289)
Clp0006I 427159  Obj 9.5901029e+09 Primal inf 8.4017107e+08 (210615)
Clp0006I 428159  Obj 9.6000225e+09 Primal inf 1.8589948e+09 (221151)
Clp0006I 429159  Obj 9.6041369e+09 Primal inf 8.4593003e+08 (218452)
Clp0006I 430159  Obj 9.6092506e+09 Primal inf 8.9349081e+09 (252677)
Clp0006I 431159  Obj 9.6149336e+09 Primal inf 1.3166894e+09 (223526)
Clp0006I 432159  Obj 9.6253677e+09 Primal inf 1.8366584e+09 (221011)
Clp0006I 433159  Obj 9.6325639e+09 Primal inf 1.5727608e+09 (236635)
Clp0006I 434159  Obj 9.6467794e+09 Primal inf 2.5151436e+09 (214967)
Clp0006I 435159  Obj 9.6589352e+09 Primal inf 2.6754248e+09 (219966)
Clp0006I 436159  Obj 9.6766635e+09 Primal inf 3.2127268e+10 (225087)
Clp0006I 437159  Obj 9.6853964e+09 Primal inf 1.1090613e+09 (225287)
Clp0006I 438159  Obj 9.6950207e+09 Primal inf 1.1972092e+09 (227832)
Clp0006I 439159  Obj 9.7034672e+09 Primal inf 8.4308368e+08 (224119)
Clp0006I 440159  Obj 9.7077842e+09 Primal inf 5.4802462e+09 (249601)
Clp0006I 441159  Obj 9.7244276e+09 Primal inf 3.4116579e+09 (254448)
Clp0006I 442159  Obj 9.7349385e+09 Primal inf 2.9557604e+10 (283898)
Clp0006I 443159  Obj 9.7509953e+09 Primal inf 1.0400165e+09 (223657)
Clp0006I 444159  Obj 9.7603668e+09 Primal inf 2.41976e+09 (258229)
Clp0006I 445159  Obj 9.7674095e+09 Primal inf 1.4425504e+10 (305878)
Clp0006I 446159  Obj 9.7787396e+09 Primal inf 1.1367519e+09 (223443)
Clp0006I 447159  Obj 9.7862968e+09 Primal inf 1.0624201e+10 (307309)
Clp0006I 448159  Obj 9.7933829e+09 Primal inf 7.7331187e+09 (293919)
Clp0006I 449159  Obj 9.7989435e+09 Primal inf 2.5566485e+09 (267512)
Clp0006I 450159  Obj 9.8070938e+09 Primal inf 1.7691539e+09 (233680)
Clp0006I 451159  Obj 9.8173307e+09 Primal inf 1.3978516e+09 (260588)
Clp0006I 452159  Obj 9.827946e+09 Primal inf 8.3401065e+09 (282218)
Clp0006I 453159  Obj 9.842827e+09 Primal inf 5.220038e+09 (285875)
Clp0006I 454159  Obj 9.8495071e+09 Primal inf 2.7419229e+10 (297047)
Clp0006I 455159  Obj 9.8588291e+09 Primal inf 3.9551655e+10 (321641)
Clp0006I 456159  Obj 9.8642617e+09 Primal inf 2.1465076e+10 (329968)
Clp0006I 457159  Obj 9.8696196e+09 Primal inf 3.1773027e+11 (327895)
Clp0006I 458159  Obj 9.8725845e+09 Primal inf 4.0983951e+10 (272468)
Clp0006I 459159  Obj 9.8770293e+09 Primal inf 1.0979868e+10 (326574)
Clp0006I 460159  Obj 9.8860536e+09 Primal inf 1.9763461e+10 (321091)
Clp0006I 461159  Obj 9.8887972e+09 Primal inf 2.2213055e+09 (317684)
Clp0006I 462159  Obj 9.8947786e+09 Primal inf 5.5944812e+09 (290389)
Clp0006I 463159  Obj 9.9016593e+09 Primal inf 3.1858572e+10 (337934)
Clp0006I 464159  Obj 9.9100045e+09 Primal inf 4.9369922e+10 (319946)
Clp0006I 465159  Obj 9.9162118e+09 Primal inf 1.660751e+10 (368825)
Clp0006I 466159  Obj 9.9283261e+09 Primal inf 1.4926639e+10 (354560)
Clp0006I 467159  Obj 9.9470963e+09 Primal inf 2.7485882e+10 (299488)
Clp0006I 468159  Obj 9.9591752e+09 Primal inf 1.0624206e+11 (275852)
Clp0006I 469159  Obj 9.9683652e+09 Primal inf 6.4839251e+10 (295603)
Clp0006I 470159  Obj 9.9758448e+09 Primal inf 5.9943399e+11 (359920)
Clp0006I 471159  Obj 9.9896099e+09 Primal inf 3.1948236e+11 (345792)
Clp0006I 472159  Obj 9.9967859e+09 Primal inf 2.121766e+10 (305384)
Clp0006I 473159  Obj 1.0007611e+10 Primal inf 9.3186062e+09 (342642)
Clp0006I 474159  Obj 1.0038776e+10 Primal inf 7.6839128e+10 (293361)
Clp0006I 475159  Obj 1.0047685e+10 Primal inf 1.5626928e+10 (273234)
Clp0006I 476159  Obj 1.005302e+10 Primal inf 1.5915476e+10 (303925)
Clp0006I 477159  Obj 1.0065871e+10 Primal inf 1.0564095e+09 (253664)
Clp0006I 478159  Obj 1.0074706e+10 Primal inf 9.5911612e+09 (274929)
Clp0006I 479159  Obj 1.0081419e+10 Primal inf 3.2031667e+09 (260295)
Clp0006I 480159  Obj 1.0087118e+10 Primal inf 3.8382245e+09 (295010)
Clp0006I 481159  Obj 1.0093705e+10 Primal inf 4.0698251e+10 (309366)
Clp0006I 482159  Obj 1.0104888e+10 Primal inf 4.2512316e+09 (240818)
Clp0006I 483159  Obj 1.0123954e+10 Primal inf 1.9219864e+10 (322265)
Clp0006I 484159  Obj 1.0137131e+10 Primal inf 1.2967393e+10 (242532)
Clp0006I 485159  Obj 1.0153808e+10 Primal inf 1.8450271e+10 (313129)
Clp0006I 486159  Obj 1.0164061e+10 Primal inf 6.5924109e+09 (271815)
Clp0006I 487159  Obj 1.0177556e+10 Primal inf 9.6288777e+10 (332069)
Clp0006I 488159  Obj 1.0187541e+10 Primal inf 1.4658838e+10 (311978)
Clp0006I 489159  Obj 1.0199779e+10 Primal inf 2.2352041e+10 (297091)
Clp0006I 490159  Obj 1.0208782e+10 Primal inf 3.3691705e+09 (324216)
Clp0006I 491159  Obj 1.0215628e+10 Primal inf 1.8405186e+11 (310157)
Clp0006I 492159  Obj 1.0229619e+10 Primal inf 8.5762697e+09 (285831)
Clp0006I 493159  Obj 1.0241738e+10 Primal inf 8.9779156e+08 (267034)
Clp0006I 494159  Obj 1.024769e+10 Primal inf 1.3301468e+10 (359442)
Clp0006I 495159  Obj 1.0257917e+10 Primal inf 3.6512085e+09 (326580)
Clp0006I 496159  Obj 1.0268314e+10 Primal inf 1.0879858e+10 (346103)
Clp0006I 497159  Obj 1.0274297e+10 Primal inf 3.1963592e+10 (352292)
Clp0006I 498159  Obj 1.0280887e+10 Primal inf 2.3814544e+09 (279343)
Clp0006I 499159  Obj 1.028447e+10 Primal inf 5.182477e+09 (274026)
Clp0006I 500159  Obj 1.0287366e+10 Primal inf 1.3035369e+10 (299679)
Clp0006I 501159  Obj 1.0289246e+10 Primal inf 7.1663836e+09 (272114)
Clp0006I 502159  Obj 1.0297485e+10 Primal inf 5.3542517e+09 (275270)
Clp0006I 503159  Obj 1.0305318e+10 Primal inf 2.0769302e+10 (349450)
Clp0006I 504159  Obj 1.0308796e+10 Primal inf 1.7728318e+09 (280516)
Clp0006I 505159  Obj 1.0315376e+10 Primal inf 3.5093763e+09 (309513)
Clp0006I 506159  Obj 1.0322191e+10 Primal inf 1.0828769e+11 (321862)
Clp0006I 507159  Obj 1.0326885e+10 Primal inf 2.2641394e+10 (301438)
Clp0006I 508159  Obj 1.0331925e+10 Primal inf 2.4494379e+10 (329007)
Clp0006I 509159  Obj 1.0341535e+10 Primal inf 3.9043431e+09 (317972)
Clp0006I 510159  Obj 1.0348718e+10 Primal inf 1.2973137e+09 (281215)
Clp0006I 511159  Obj 1.0358618e+10 Primal inf 6.2763701e+09 (305048)
Clp0006I 512159  Obj 1.0363837e+10 Primal inf 2.0367386e+10 (297948)
Clp0006I 513159  Obj 1.0373783e+10 Primal inf 7.7831084e+09 (318840)
Clp0006I 514159  Obj 1.0380605e+10 Primal inf 1.5296885e+09 (286846)
Clp0006I 515159  Obj 1.0388017e+10 Primal inf 2.488197e+10 (345068)
Clp0006I 516159  Obj 1.0393411e+10 Primal inf 3.8250548e+09 (295538)
Clp0006I 517159  Obj 1.0400203e+10 Primal inf 7.1515183e+11 (301678)
Clp0006I 518159  Obj 1.0411934e+10 Primal inf 6.8049553e+10 (269627)
Clp0006I 519159  Obj 1.0417621e+10 Primal inf 2.2240047e+09 (266913)
Clp0006I 520159  Obj 1.0424321e+10 Primal inf 1.6623137e+10 (289907)
Clp0006I 521159  Obj 1.0444517e+10 Primal inf 3.5114561e+09 (293897)
Clp0006I 522159  Obj 1.0452215e+10 Primal inf 1.1761313e+10 (356173)
Clp0006I 523159  Obj 1.0461143e+10 Primal inf 2.1481917e+09 (267201)
Clp0006I 524159  Obj 1.0467471e+10 Primal inf 4.4636876e+11 (332068)
Clp0006I 525159  Obj 1.0474144e+10 Primal inf 1.2233748e+09 (282046)
Clp0006I 526159  Obj 1.0480362e+10 Primal inf 3.4663417e+09 (280403)
Clp0006I 527159  Obj 1.0488935e+10 Primal inf 2.1384095e+10 (298656)
Clp0006I 528159  Obj 1.0505686e+10 Primal inf 1.2820948e+10 (289176)
Clp0006I 529159  Obj 1.051113e+10 Primal inf 3.3882991e+10 (275948)
Clp0006I 530159  Obj 1.0514833e+10 Primal inf 2.5722505e+09 (272104)
Clp0006I 531159  Obj 1.0527444e+10 Primal inf 1.7540399e+10 (319414)
Clp0006I 532159  Obj 1.053371e+10 Primal inf 4.7642028e+10 (320473)
Clp0006I 533159  Obj 1.0540991e+10 Primal inf 2.2912996e+10 (335447)
Clp0006I 534159  Obj 1.0543987e+10 Primal inf 6.3012308e+09 (281124)
Clp0006I 535159  Obj 1.0547939e+10 Primal inf 1.126889e+11 (290228)
Clp0006I 536159  Obj 1.0558521e+10 Primal inf 2.0375994e+10 (325787)
Clp0006I 537159  Obj 1.0563053e+10 Primal inf 6.1589555e+09 (292041)
Clp0006I 538159  Obj 1.0572616e+10 Primal inf 5.553955e+09 (294749)
Clp0006I 539159  Obj 1.0585819e+10 Primal inf 2.7139519e+10 (317464)
Clp0006I 540159  Obj 1.0599569e+10 Primal inf 2.3731638e+09 (277838)
Clp0006I 541159  Obj 1.0604741e+10 Primal inf 3.1431044e+10 (320086)
Clp0006I 542159  Obj 1.0609341e+10 Primal inf 2.6765964e+10 (315207)
Clp0006I 543159  Obj 1.0614819e+10 Primal inf 4.582095e+09 (290799)
Clp0006I 544159  Obj 1.0620485e+10 Primal inf 1.8572041e+11 (341176)
Clp0006I 545159  Obj 1.0627542e+10 Primal inf 4.1608539e+09 (288019)
Clp0006I 546159  Obj 1.0634441e+10 Primal inf 2.4365228e+10 (280971)
Clp0006I 547159  Obj 1.0646614e+10 Primal inf 2.6365483e+11 (309237)
Clp0006I 548159  Obj 1.0657256e+10 Primal inf 3.7987756e+09 (324249)
Clp0006I 549159  Obj 1.0667359e+10 Primal inf 4.9856144e+10 (344417)
Clp0006I 550159  Obj 1.0680073e+10 Primal inf 2.7955906e+10 (325476)
Clp0006I 551159  Obj 1.069252e+10 Primal inf 1.929e+10 (297227)
Clp0006I 552159  Obj 1.0702458e+10 Primal inf 1.2759001e+10 (283835)
Clp0006I 553159  Obj 1.0711635e+10 Primal inf 9.1987811e+09 (297251)
Clp0006I 554159  Obj 1.0713864e+10 Primal inf 5.8536905e+09 (262064)
Clp0006I 555159  Obj 1.0717031e+10 Primal inf 5.6924783e+10 (324360)
Clp0006I 556159  Obj 1.0720323e+10 Primal inf 8.0916148e+09 (299544)
Clp0006I 557159  Obj 1.0722771e+10 Primal inf 1.6074859e+10 (307694)
Clp0006I 558159  Obj 1.0736244e+10 Primal inf 6.3740394e+10 (328620)
Clp0006I 559159  Obj 1.074278e+10 Primal inf 4.7338193e+09 (306620)
Clp0006I 560159  Obj 1.0748357e+10 Primal inf 1.2412683e+10 (250699)
Clp0006I 561159  Obj 1.0757007e+10 Primal inf 4.6974899e+09 (254974)
Clp0006I 562159  Obj 1.0761786e+10 Primal inf 8.3784735e+10 (347214)
Clp0006I 563159  Obj 1.0773573e+10 Primal inf 7.979075e+09 (265098)
Clp0006I 564159  Obj 1.0780974e+10 Primal inf 1.5910914e+10 (359092)
Clp0006I 565159  Obj 1.0788647e+10 Primal inf 1.7382835e+10 (313215)
Clp0006I 566159  Obj 1.0795932e+10 Primal inf 2.42775e+10 (303228)
Clp0006I 567159  Obj 1.0803087e+10 Primal inf 6.4900068e+11 (294805)
Clp0006I 568159  Obj 1.0810796e+10 Primal inf 4.2548378e+09 (279579)
Clp0006I 569159  Obj 1.0817827e+10 Primal inf 8.2121143e+09 (280904)
Clp0006I 570159  Obj 1.0826338e+10 Primal inf 1.8755054e+10 (320125)
Clp0006I 571159  Obj 1.0834532e+10 Primal inf 4.7162178e+09 (295245)
Clp0006I 572159  Obj 1.0853551e+10 Primal inf 1.0738546e+10 (356329)
Clp0006I 573159  Obj 1.0874175e+10 Primal inf 2.4390917e+10 (286552)
Clp0006I 574159  Obj 1.0890379e+10 Primal inf 1.4093516e+11 (326215)
Clp0006I 575159  Obj 1.0902223e+10 Primal inf 4.0802086e+10 (385271)
Clp0006I 576159  Obj 1.0917468e+10 Primal inf 3.2009742e+10 (312337)
Clp0006I 576969  Obj 1.0931873e+10 Primal inf 1.9744763e+11 (309733)
Clp0006I 577969  Obj 1.094446e+10 Primal inf 5.3044495e+10 (297405)
Clp0006I 578969  Obj 1.0954276e+10 Primal inf 5.5757492e+09 (295317)
Clp0006I 579969  Obj 1.0963668e+10 Primal inf 7.6023238e+09 (271608)
Clp0006I 580969  Obj 1.0995455e+10 Primal inf 6.6318131e+09 (246789)
Clp0006I 581969  Obj 1.1018252e+10 Primal inf 6.37349e+09 (254898)
Clp0006I 582969  Obj 1.1037005e+10 Primal inf 5.7457241e+10 (374638)
Clp0006I 583969  Obj 1.1051559e+10 Primal inf 4.5860764e+10 (338334)
Clp0006I 584969  Obj 1.106384e+10 Primal inf 2.5045977e+10 (279784)
Clp0006I 585969  Obj 1.1076805e+10 Primal inf 1.9498515e+11 (323943)
Clp0006I 586969  Obj 1.1087592e+10 Primal inf 7.3692328e+09 (309453)
Clp0006I 587969  Obj 1.1101339e+10 Primal inf 1.1146084e+11 (367983)
Clp0006I 588969  Obj 1.1115526e+10 Primal inf 6.9054729e+09 (332112)
Clp0006I 589969  Obj 1.1129244e+10 Primal inf 1.172777e+11 (383904)
Clp0006I 590969  Obj 1.1140392e+10 Primal inf 1.0487928e+10 (317878)
Clp0006I 591969  Obj 1.11502e+10 Primal inf 3.4442448e+10 (350819)
Clp0006I 592969  Obj 1.115721e+10 Primal inf 8.7112534e+09 (328834)
Clp0006I 593969  Obj 1.1164666e+10 Primal inf 3.3669228e+10 (341837)
Clp0006I 594969  Obj 1.116921e+10 Primal inf 1.3015458e+10 (321614)
Clp0006I 595969  Obj 1.1177865e+10 Primal inf 1.4378445e+11 (344213)
Clp0006I 596969  Obj 1.1185288e+10 Primal inf 1.1884129e+10 (308372)
Clp0006I 597969  Obj 1.1192056e+10 Primal inf 2.3005467e+10 (335230)
Clp0006I 598844  Obj 1.1201822e+10 Primal inf 2.1153919e+11 (330200)
Clp0006I 599844  Obj 1.1212385e+10 Primal inf 8.2751505e+11 (345477)
Clp0006I 600844  Obj 1.1222102e+10 Primal inf 9.6007724e+09 (302711)
Clp0006I 601844  Obj 1.1233982e+10 Primal inf 2.6128521e+10 (319723)
Clp0006I 602844  Obj 1.1248925e+10 Primal inf 2.9788914e+11 (310079)
Clp0006I 603795  Obj 1.1259426e+10 Primal inf 5.9333282e+10 (323591)
Clp0006I 604795  Obj 1.1272512e+10 Primal inf 2.4921567e+10 (292437)
Clp0006I 605795  Obj 1.1287007e+10 Primal inf 1.0166883e+10 (320825)
Clp0006I 606795  Obj 1.1302109e+10 Primal inf 3.2185898e+10 (360291)
Clp0006I 607795  Obj 1.1314047e+10 Primal inf 1.238844e+10 (306793)
Clp0006I 608795  Obj 1.1327677e+10 Primal inf 8.1538434e+09 (306863)
Clp0006I 609795  Obj 1.1346115e+10 Primal inf 1.7061914e+10 (285205)
Clp0006I 610795  Obj 1.136432e+10 Primal inf 9.7386601e+09 (310814)
Clp0006I 611795  Obj 1.1375684e+10 Primal inf 5.0041253e+10 (321819)
Clp0006I 612795  Obj 1.1387795e+10 Primal inf 2.5119058e+10 (351884)
Clp0006I 613795  Obj 1.1398817e+10 Primal inf 9.7023841e+10 (410640)
Clp0006I 614795  Obj 1.1411683e+10 Primal inf 4.7003359e+09 (306744)
Clp0006I 615795  Obj 1.1420474e+10 Primal inf 2.840207e+11 (344793)
Clp0006I 616795  Obj 1.143537e+10 Primal inf 2.2143838e+10 (293109)
Clp0006I 617795  Obj 1.1446606e+10 Primal inf 1.3937458e+10 (305981)
Clp0006I 618795  Obj 1.1459019e+10 Primal inf 1.3570184e+11 (342687)
Clp0006I 619795  Obj 1.1467365e+10 Primal inf 1.5003775e+10 (321123)
Clp0006I 620795  Obj 1.1478427e+10 Primal inf 2.3417283e+10 (342349)
Clp0006I 621795  Obj 1.1496311e+10 Primal inf 1.1923152e+10 (307709)
Clp0006I 622795  Obj 1.1519153e+10 Primal inf 3.583965e+10 (286999)
Clp0006I 623795  Obj 1.1543904e+10 Primal inf 1.4025663e+10 (288114)
Clp0006I 624795  Obj 1.1565425e+10 Primal inf 9.3542106e+10 (334636)
Clp0006I 625795  Obj 1.1580501e+10 Primal inf 8.2377557e+10 (360708)
Clp0006I 626745  Obj 1.1599662e+10 Primal inf 4.1193291e+10 (315453)
Clp0006I 627503  Obj 1.1609061e+10 Primal inf 1.2716596e+10 (366960)
Clp0006I 628503  Obj 1.162046e+10 Primal inf 6.9248455e+09 (333749)
Clp0006I 629503  Obj 1.1630157e+10 Primal inf 2.3580303e+11 (360362)
Clp0006I 630503  Obj 1.1638584e+10 Primal inf 7.0310122e+10 (401472)
Clp0006I 631503  Obj 1.1649911e+10 Primal inf 3.4933139e+10 (373277)
Clp0006I 632503  Obj 1.1659556e+10 Primal inf 2.9315214e+11 (391080)
Clp0006I 633468  Obj 1.1669259e+10 Primal inf 2.2269447e+11 (305802)
Clp0006I 634468  Obj 1.1678891e+10 Primal inf 2.0194335e+09 (291614)
Clp0006I 635468  Obj 1.1691578e+10 Primal inf 2.8352537e+10 (351236)
Clp0006I 636468  Obj 1.1704965e+10 Primal inf 9.7271884e+10 (363339)
Clp0006I 637468  Obj 1.1720988e+10 Primal inf 3.4438964e+09 (310752)
Clp0006I 638468  Obj 1.1734227e+10 Primal inf 7.7419156e+10 (357444)
Clp0006I 639468  Obj 1.174882e+10 Primal inf 9.84347e+09 (359528)
Clp0006I 640468  Obj 1.1762191e+10 Primal inf 3.3463341e+10 (347356)
Clp0006I 641468  Obj 1.1778432e+10 Primal inf 1.883968e+11 (368376)
Clp0006I 642163  Obj 1.1783785e+10 Primal inf 7.3742347e+09 (306254)
Clp0006I 643106  Obj 1.1792264e+10 Primal inf 2.8758782e+10 (395601)
Clp0006I 644106  Obj 1.1800382e+10 Primal inf 2.0143118e+10 (328091)
Clp0006I 645106  Obj 1.1809517e+10 Primal inf 1.0618163e+10 (333898)
Clp0006I 646106  Obj 1.1820021e+10 Primal inf 5.3548487e+10 (357036)
Clp0006I 647106  Obj 1.183354e+10 Primal inf 5.3243027e+10 (369006)
Clp0006I 648106  Obj 1.1844088e+10 Primal inf 6.8720226e+09 (352362)
Clp0006I 649106  Obj 1.185462e+10 Primal inf 1.6062456e+10 (356865)
Clp0006I 650106  Obj 1.1864573e+10 Primal inf 2.2729308e+10 (371472)
Clp0006I 651106  Obj 1.1873559e+10 Primal inf 6.2533568e+09 (309353)
Clp0006I 652106  Obj 1.1885932e+10 Primal inf 2.4610724e+10 (323293)
Clp0006I 653106  Obj 1.1901375e+10 Primal inf 1.1999148e+11 (387503)
Clp0006I 654106  Obj 1.1913372e+10 Primal inf 1.2676601e+10 (3876