Coin0506I Presolve 1521577 (-195446) rows, 591998 (-65130) columns and 4511329 (-460732) elements
Clp0006I 0  Obj 0 Primal inf 8.7589291e+08 (43800)
Clp0006I 1000  Obj 4.7917429e-12 Primal inf 8.6631624e+08 (44708)
Clp0006I 2000  Obj 9.9133726e-12 Primal inf 8.5892554e+08 (45580)
Clp0006I 3000  Obj 1.5950214e-11 Primal inf 8.5623739e+08 (46596)
Clp0006I 4000  Obj 6391792.8 Primal inf 8.4621153e+08 (47625)
Clp0006I 5000  Obj 10462972 Primal inf 8.3911676e+08 (48595)
Clp0006I 6000  Obj 18679244 Primal inf 8.321806e+08 (49579)
Clp0006I 7000  Obj 27726924 Primal inf 8.2660119e+08 (50716)
Clp0006I 8000  Obj 34424737 Primal inf 8.2152187e+08 (51782)
Clp0006I 9000  Obj 41545927 Primal inf 8.1805701e+08 (52956)
Clp0006I 10000  Obj 48099016 Primal inf 8.1640898e+08 (54045)
Clp0006I 11000  Obj 56135345 Primal inf 8.1376809e+08 (55146)
Clp0006I 12000  Obj 66373223 Primal inf 8.1191484e+08 (56354)
Clp0006I 13000  Obj 76405323 Primal inf 8.0830215e+08 (57547)
Clp0006I 14000  Obj 92013418 Primal inf 8.0853331e+08 (58843)
Clp0006I 15000  Obj 1.0842771e+08 Primal inf 8.0695961e+08 (60086)
Clp0006I 16000  Obj 1.2681442e+08 Primal inf 8.054145e+08 (61434)
Clp0006I 17000  Obj 1.4209726e+08 Primal inf 8.047274e+08 (62711)
Clp0006I 18000  Obj 1.541117e+08 Primal inf 8.0652222e+08 (64056)
Clp0006I 19000  Obj 1.7015469e+08 Primal inf 8.0683203e+08 (65342)
Clp0006I 20000  Obj 1.877472e+08 Primal inf 7.352321e+08 (66737)
Clp0006I 21000  Obj 2.0460478e+08 Primal inf 7.3226088e+08 (68028)
Clp0006I 22000  Obj 2.1787188e+08 Primal inf 7.3282189e+08 (69341)
Clp0006I 23000  Obj 2.3429762e+08 Primal inf 7.3355246e+08 (70637)
Clp0006I 24000  Obj 2.5566525e+08 Primal inf 7.339852e+08 (71788)
Clp0006I 25000  Obj 2.7501381e+08 Primal inf 7.3169915e+08 (72937)
Clp0006I 26000  Obj 2.9607274e+08 Primal inf 7.323354e+08 (74054)
Clp0006I 27000  Obj 3.2163306e+08 Primal inf 7.3350175e+08 (75172)
Clp0006I 28000  Obj 3.4660811e+08 Primal inf 7.3512076e+08 (76327)
Clp0006I 29000  Obj 3.7143952e+08 Primal inf 7.3522109e+08 (77418)
Clp0006I 30000  Obj 3.9732605e+08 Primal inf 7.3686589e+08 (78548)
Clp0006I 31000  Obj 4.220572e+08 Primal inf 7.3890244e+08 (79749)
Clp0006I 32000  Obj 4.5390908e+08 Primal inf 7.3808283e+08 (80864)
Clp0006I 33000  Obj 4.760063e+08 Primal inf 7.3861505e+08 (82090)
Clp0006I 34000  Obj 4.9592749e+08 Primal inf 7.3929833e+08 (83290)
Clp0006I 35000  Obj 5.1351973e+08 Primal inf 7.4357366e+08 (84528)
Clp0006I 36000  Obj 5.3469626e+08 Primal inf 7.4542747e+08 (85617)
Clp0006I 37000  Obj 5.6527462e+08 Primal inf 7.440355e+08 (86806)
Clp0006I 38000  Obj 5.8915576e+08 Primal inf 7.4500236e+08 (87901)
Clp0006I 39000  Obj 6.1863344e+08 Primal inf 7.4744095e+08 (89129)
Clp0006I 40000  Obj 6.4337125e+08 Primal inf 7.4947716e+08 (90376)
Clp0006I 41000  Obj 6.7333619e+08 Primal inf 7.5030922e+08 (91455)
Clp0006I 42000  Obj 7.0430998e+08 Primal inf 7.5253433e+08 (92691)
Clp0006I 43000  Obj 7.3434737e+08 Primal inf 7.5198501e+08 (93937)
Clp0006I 44000  Obj 7.5951419e+08 Primal inf 7.5363294e+08 (95135)
Clp0006I 45000  Obj 7.8922657e+08 Primal inf 7.5381002e+08 (96327)
Clp0006I 46000  Obj 8.1805958e+08 Primal inf 7.5786868e+08 (97461)
Clp0006I 47000  Obj 8.4451313e+08 Primal inf 7.5907925e+08 (98605)
Clp0006I 48000  Obj 8.8265485e+08 Primal inf 7.5989042e+08 (99801)
Clp0006I 49000  Obj 9.1403699e+08 Primal inf 7.642762e+08 (100828)
Clp0006I 50000  Obj 9.4807938e+08 Primal inf 7.6630124e+08 (101932)
Clp0006I 51000  Obj 9.8309682e+08 Primal inf 7.6900656e+08 (102964)
Clp0006I 52000  Obj 1.0241535e+09 Primal inf 7.697447e+08 (104051)
Clp0006I 53000  Obj 1.0578907e+09 Primal inf 7.7118159e+08 (105138)
Clp0006I 54000  Obj 1.0997959e+09 Primal inf 7.6868469e+08 (106219)
Clp0006I 55000  Obj 1.1344147e+09 Primal inf 7.6973192e+08 (107390)
Clp0006I 56000  Obj 1.1733682e+09 Primal inf 7.7083176e+08 (108524)
Clp0006I 57000  Obj 1.2095906e+09 Primal inf 7.7232403e+08 (109616)
Clp0006I 58000  Obj 1.2527272e+09 Primal inf 7.7205044e+08 (110842)
Clp0006I 59000  Obj 1.2933283e+09 Primal inf 7.7326945e+08 (111819)
Clp0006I 60000  Obj 1.3386284e+09 Primal inf 7.7122037e+08 (112975)
Clp0006I 61000  Obj 1.3848339e+09 Primal inf 7.7431675e+08 (114234)
Clp0006I 62000  Obj 1.4340744e+09 Primal inf 7.7500694e+08 (115296)
Clp0006I 63000  Obj 1.459687e+09 Primal inf 7.4439961e+08 (119203)
Clp0006I 64000  Obj 1.4721967e+09 Primal inf 1.1177074e+09 (119248)
Clp0006I 65000  Obj 1.4954544e+09 Primal inf 7.9722239e+08 (118832)
Clp0006I 66000  Obj 1.5133834e+09 Primal inf 8.0588391e+08 (121666)
Clp0006I 67000  Obj 1.5471643e+09 Primal inf 2.6076275e+09 (122729)
Clp0006I 68000  Obj 1.6570584e+09 Primal inf 7.7209234e+08 (125111)
Clp0006I 69000  Obj 1.6936894e+09 Primal inf 7.9972867e+08 (125560)
Clp0006I 70000  Obj 1.7149272e+09 Primal inf 7.6676714e+08 (127128)
Clp0006I 71000  Obj 1.7333203e+09 Primal inf 1.1076607e+09 (126673)
Clp0006I 72000  Obj 1.7598834e+09 Primal inf 1.9665546e+09 (157393)
Clp0006I 73000  Obj 1.7717936e+09 Primal inf 7.83569e+08 (129198)
Clp0006I 74000  Obj 1.7822639e+09 Primal inf 7.7600179e+08 (130121)
Clp0006I 75000  Obj 1.7929844e+09 Primal inf 8.017431e+08 (130793)
Clp0006I 76000  Obj 1.8114702e+09 Primal inf 7.8677053e+08 (131770)
Clp0006I 77000  Obj 1.8443098e+09 Primal inf 1.0275655e+09 (160363)
Clp0006I 78000  Obj 1.8606492e+09 Primal inf 8.9190548e+08 (132417)
Clp0006I 79000  Obj 1.884216e+09 Primal inf 7.5858802e+08 (135117)
Clp0006I 80000  Obj 1.9100775e+09 Primal inf 9.9069166e+08 (134147)
Clp0006I 81000  Obj 1.9390046e+09 Primal inf 1.3684288e+09 (163945)
Clp0006I 82000  Obj 1.9615549e+09 Primal inf 7.4825702e+08 (137412)
Clp0006I 83000  Obj 1.9720394e+09 Primal inf 7.5010371e+08 (138318)
Clp0006I 84000  Obj 1.9830763e+09 Primal inf 7.5260579e+08 (139267)
Clp0006I 85000  Obj 2.0096318e+09 Primal inf 7.7309284e+08 (140259)
Clp0006I 86000  Obj 2.0426685e+09 Primal inf 7.6855597e+08 (139919)
Clp0006I 87000  Obj 2.0729321e+09 Primal inf 7.9696287e+08 (140306)
Clp0006I 88000  Obj 2.0966849e+09 Primal inf 7.4954119e+08 (142489)
Clp0006I 89000  Obj 2.1416262e+09 Primal inf 1.1056256e+09 (169901)
Clp0006I 90000  Obj 2.1659022e+09 Primal inf 7.4930593e+08 (144079)
Clp0006I 91000  Obj 2.1969633e+09 Primal inf 7.446118e+08 (144854)
Clp0006I 92000  Obj 2.2326918e+09 Primal inf 7.4615704e+08 (145747)
Clp0006I 93000  Obj 2.2722517e+09 Primal inf 7.3352928e+08 (145792)
Clp0006I 94000  Obj 2.3032753e+09 Primal inf 7.1616457e+08 (146461)
Clp0006I 95000  Obj 2.3305144e+09 Primal inf 7.1336876e+08 (147366)
Clp0006I 96000  Obj 2.3762259e+09 Primal inf 7.4937808e+08 (146508)
Clp0006I 97000  Obj 2.3894464e+09 Primal inf 7.1837778e+08 (148607)
Clp0006I 98000  Obj 2.3929506e+09 Primal inf 7.2300758e+08 (149187)
Clp0006I 99000  Obj 2.4264609e+09 Primal inf 7.2622862e+08 (148403)
Clp0006I 100000  Obj 2.4782305e+09 Primal inf 1.9058091e+09 (186274)
Clp0006I 101000  Obj 2.5127127e+09 Primal inf 1.2497404e+09 (157340)
Clp0006I 102000  Obj 2.5649458e+09 Primal inf 7.6988786e+08 (152754)
Clp0006I 103000  Obj 2.6167481e+09 Primal inf 9.9616649e+08 (158323)
Clp0006I 104000  Obj 2.6676084e+09 Primal inf 1.1869942e+09 (179437)
Clp0006I 105000  Obj 2.7124082e+09 Primal inf 7.2366681e+08 (152566)
Clp0006I 106000  Obj 2.7679306e+09 Primal inf 8.4778758e+08 (154354)
Clp0006I 107000  Obj 2.8086347e+09 Primal inf 8.9409257e+08 (174141)
Clp0006I 108000  Obj 2.8534177e+09 Primal inf 1.6001393e+09 (164371)
Clp0006I 109000  Obj 2.9051682e+09 Primal inf 9.5452539e+08 (156511)
Clp0006I 110000  Obj 2.950117e+09 Primal inf 7.5671075e+08 (152950)
Clp0006I 111000  Obj 2.9984314e+09 Primal inf 1.2884718e+09 (175715)
Clp0006I 112000  Obj 3.0337585e+09 Primal inf 1.3996399e+09 (183172)
Clp0006I 113000  Obj 3.0722903e+09 Primal inf 1.6552249e+09 (186434)
Clp0006I 114000  Obj 3.1199177e+09 Primal inf 9.5079632e+08 (160407)
Clp0006I 115000  Obj 3.1655893e+09 Primal inf 1.9150565e+09 (185949)
Clp0006I 116000  Obj 3.2186141e+09 Primal inf 7.1247712e+08 (156190)
Clp0006I 117000  Obj 3.2741727e+09 Primal inf 8.2679377e+08 (159107)
Clp0006I 118000  Obj 3.3079677e+09 Primal inf 7.2302433e+08 (158452)
Clp0006I 119000  Obj 3.351131e+09 Primal inf 7.1137805e+08 (158404)
Clp0006I 120000  Obj 3.4018435e+09 Primal inf 7.1350715e+08 (157873)
Clp0006I 121000  Obj 3.4464893e+09 Primal inf 4.9270624e+09 (197873)
Clp0006I 122000  Obj 3.4781386e+09 Primal inf 7.6559575e+08 (158243)
Clp0006I 123000  Obj 3.5255829e+09 Primal inf 1.2994637e+09 (201008)
Clp0006I 124000  Obj 3.555886e+09 Primal inf 1.2989514e+09 (201486)
Clp0006I 125000  Obj 3.5737554e+09 Primal inf 1.3043986e+09 (202217)
Clp0006I 126000  Obj 3.5969737e+09 Primal inf 9.3474158e+08 (201445)
Clp0006I 127000  Obj 3.6098554e+09 Primal inf 9.3593184e+08 (201843)
Clp0006I 128000  Obj 3.6249496e+09 Primal inf 9.3909444e+08 (202317)
Clp0006I 129000  Obj 3.637054e+09 Primal inf 9.4330797e+08 (202644)
Clp0006I 130000  Obj 3.6495396e+09 Primal inf 9.451836e+08 (202972)
Clp0006I 131000  Obj 3.6645335e+09 Primal inf 9.4606481e+08 (203162)
Clp0006I 132000  Obj 3.6774526e+09 Primal inf 9.4988968e+08 (203494)
Clp0006I 133000  Obj 3.6886411e+09 Primal inf 9.5559554e+08 (203608)
Clp0006I 134000  Obj 3.7010471e+09 Primal inf 9.5712347e+08 (203965)
Clp0006I 135000  Obj 3.7153305e+09 Primal inf 9.5966633e+08 (204391)
Clp0006I 136000  Obj 3.7330343e+09 Primal inf 9.6463013e+08 (204881)
Clp0006I 137000  Obj 3.7644405e+09 Primal inf 9.201709e+08 (177856)
Clp0006I 138000  Obj 3.7939217e+09 Primal inf 8.741687e+08 (174356)
Clp0006I 139000  Obj 3.8280254e+09 Primal inf 1.248244e+09 (183263)
Clp0006I 140000  Obj 3.8757126e+09 Primal inf 1.3271552e+09 (199908)
Clp0006I 141000  Obj 3.9195094e+09 Primal inf 2.2893073e+09 (210792)
Clp0006I 142000  Obj 3.9618003e+09 Primal inf 7.4223006e+08 (173185)
Clp0006I 143000  Obj 4.0102522e+09 Primal inf 2.0106123e+09 (220821)
Clp0006I 144000  Obj 4.0406858e+09 Primal inf 1.2239291e+09 (180910)
Clp0006I 145000  Obj 4.0714789e+09 Primal inf 6.4410318e+09 (190856)
Clp0006I 146000  Obj 4.1039942e+09 Primal inf 1.4215682e+09 (189123)
Clp0006I 147000  Obj 4.1449213e+09 Primal inf 1.2572816e+09 (186417)
Clp0006I 148000  Obj 4.1740167e+09 Primal inf 1.3425247e+09 (189046)
Clp0006I 149000  Obj 4.2124233e+09 Primal inf 9.3113695e+08 (190252)
Clp0006I 150000  Obj 4.250303e+09 Primal inf 2.0385242e+09 (210692)
Clp0006I 151000  Obj 4.2827974e+09 Primal inf 4.3507371e+09 (218879)
Clp0006I 152000  Obj 4.3075333e+09 Primal inf 1.0355313e+09 (207083)
Clp0006I 153000  Obj 4.3317824e+09 Primal inf 7.7622028e+08 (184116)
Clp0006I 154000  Obj 4.3627856e+09 Primal inf 9.3470692e+08 (184624)
Clp0006I 155000  Obj 4.3845952e+09 Primal inf 2.3692356e+09 (215920)
Clp0006I 156000  Obj 4.4153997e+09 Primal inf 1.0100596e+09 (222173)
Clp0006I 157000  Obj 4.4394157e+09 Primal inf 7.9215448e+08 (184587)
Clp0006I 158000  Obj 4.4622487e+09 Primal inf 1.0344751e+09 (189067)
Clp0006I 159000  Obj 4.4952305e+09 Primal inf 1.7182766e+11 (249492)
Clp0006I 160000  Obj 4.5100395e+09 Primal inf 1.8168202e+09 (214519)
Clp0006I 161000  Obj 4.5361039e+09 Primal inf 3.8365903e+09 (239379)
Clp0006I 162000  Obj 4.5501672e+09 Primal inf 2.4508064e+09 (216387)
Clp0006I 163000  Obj 4.5663582e+09 Primal inf 8.6385633e+08 (188380)
Clp0006I 164000  Obj 4.6114908e+09 Primal inf 1.227873e+09 (212344)
Clp0006I 165000  Obj 4.642143e+09 Primal inf 2.1143047e+10 (287442)
Clp0006I 166000  Obj 4.6671049e+09 Primal inf 1.0170317e+09 (208852)
Clp0006I 167000  Obj 4.6891532e+09 Primal inf 1.0443871e+09 (208112)
Clp0006I 168000  Obj 4.7385752e+09 Primal inf 1.0620961e+09 (206483)
Clp0006I 169000  Obj 4.7538032e+09 Primal inf 8.1149362e+08 (185501)
Clp0006I 170000  Obj 4.7680016e+09 Primal inf 2.7897215e+09 (220510)
Clp0006I 171000  Obj 4.7773092e+09 Primal inf 2.8322707e+09 (224861)
Clp0006I 172000  Obj 4.8017058e+09 Primal inf 2.8339163e+09 (222743)
Clp0006I 173000  Obj 4.8141347e+09 Primal inf 3.0256097e+10 (254127)
Clp0006I 174000  Obj 4.8349467e+09 Primal inf 1.3630427e+09 (228124)
Clp0006I 175000  Obj 4.8489006e+09 Primal inf 1.2922392e+10 (218896)
Clp0006I 176000  Obj 4.8678941e+09 Primal inf 1.209755e+09 (192462)
Clp0006I 177000  Obj 4.8919181e+09 Primal inf 1.7661563e+09 (239327)
Clp0006I 178000  Obj 4.9399988e+09 Primal inf 1.645288e+09 (209912)
Clp0006I 179000  Obj 4.9777919e+09 Primal inf 1.0211033e+09 (206816)
Clp0006I 180000  Obj 4.9960414e+09 Primal inf 9.7071109e+09 (220983)
Clp0006I 181000  Obj 5.0404608e+09 Primal inf 1.3143415e+09 (223928)
Clp0006I 182000  Obj 5.0804551e+09 Primal inf 1.2464806e+09 (203262)
Clp0006I 183000  Obj 5.0986325e+09 Primal inf 9.7993312e+09 (226030)
Clp0006I 184000  Obj 5.1260847e+09 Primal inf 9.6969472e+08 (186202)
Clp0006I 185000  Obj 5.1463101e+09 Primal inf 6.3788861e+09 (249965)
Clp0006I 186000  Obj 5.1720266e+09 Primal inf 1.2185666e+09 (215787)
Clp0006I 187000  Obj 5.1895312e+09 Primal inf 1.1964756e+09 (194198)
Clp0006I 188000  Obj 5.2163469e+09 Primal inf 1.4508476e+09 (195601)
Clp0006I 189000  Obj 5.2485936e+09 Primal inf 2.3028092e+09 (220251)
Clp0006I 190000  Obj 5.2851008e+09 Primal inf 1.0499131e+09 (195825)
Clp0006I 191000  Obj 5.3158569e+09 Primal inf 1.7152586e+09 (222565)
Clp0006I 192000  Obj 5.3490762e+09 Primal inf 1.1200978e+09 (202463)
Clp0006I 193000  Obj 5.3933959e+09 Primal inf 2.3440239e+10 (200912)
Clp0006I 194000  Obj 5.4309655e+09 Primal inf 1.522094e+09 (223231)
Clp0006I 195000  Obj 5.4522793e+09 Primal inf 1.0092277e+09 (192100)
Clp0006I 196000  Obj 5.4870828e+09 Primal inf 9.4358203e+08 (186093)
Clp0006I 197000  Obj 5.4932997e+09 Primal inf 9.1678133e+08 (190785)
Clp0006I 198000  Obj 5.5227611e+09 Primal inf 1.3253602e+09 (187873)
Clp0006I 199000  Obj 5.5392602e+09 Primal inf 1.6604476e+09 (199738)
Clp0006I 200000  Obj 5.5612234e+09 Primal inf 9.9964715e+08 (186469)
Clp0006I 201000  Obj 5.5889197e+09 Primal inf 1.8994233e+09 (222332)
Clp0006I 202000  Obj 5.6216789e+09 Primal inf 1.634216e+09 (222899)
Clp0006I 203000  Obj 5.6375382e+09 Primal inf 1.1322698e+09 (192029)
Clp0006I 204000  Obj 5.6577295e+09 Primal inf 5.0438699e+09 (240436)
Clp0006I 205000  Obj 5.679839e+09 Primal inf 4.3534372e+09 (232938)
Clp0006I 206000  Obj 5.6976215e+09 Primal inf 8.9202087e+08 (188730)
Clp0006I 207000  Obj 5.7078865e+09 Primal inf 9.6667841e+08 (190297)
Clp0006I 208000  Obj 5.7256467e+09 Primal inf 8.9622271e+08 (187707)
Clp0006I 209000  Obj 5.7384477e+09 Primal inf 1.0700305e+09 (193124)
Clp0006I 210000  Obj 5.7667385e+09 Primal inf 9.5883272e+08 (187719)
Clp0006I 211000  Obj 5.786506e+09 Primal inf 2.7778303e+09 (226514)
Clp0006I 212000  Obj 5.8194266e+09 Primal inf 2.4625181e+09 (220257)
Clp0006I 213000  Obj 5.8436489e+09 Primal inf 1.0999176e+09 (195338)
Clp0006I 214000  Obj 5.8604233e+09 Primal inf 1.0448094e+09 (193376)
Clp0006I 215000  Obj 5.8904923e+09 Primal inf 9.646765e+08 (189899)
Clp0006I 216000  Obj 5.9287373e+09 Primal inf 1.8429331e+09 (212810)
Clp0006I 217000  Obj 5.9667267e+09 Primal inf 5.1234873e+09 (219712)
Clp0006I 218000  Obj 6.0045723e+09 Primal inf 1.1254294e+09 (184886)
Clp0006I 219000  Obj 6.0273254e+09 Primal inf 7.729798e+09 (245614)
Clp0006I 220000  Obj 6.0560407e+09 Primal inf 2.0254768e+09 (212745)
Clp0006I 221000  Obj 6.0768185e+09 Primal inf 1.1255787e+09 (183113)
Clp0006I 222000  Obj 6.0948855e+09 Primal inf 1.7840941e+09 (207213)
Clp0006I 223000  Obj 6.1278081e+09 Primal inf 9.7150876e+08 (204776)
Clp0006I 224000  Obj 6.154303e+09 Primal inf 1.4019679e+09 (189185)
Clp0006I 225000  Obj 6.1829792e+09 Primal inf 1.0503429e+11 (234772)
Clp0006I 226000  Obj 6.20139e+09 Primal inf 1.7403429e+09 (219413)
Clp0006I 227000  Obj 6.2157548e+09 Primal inf 2.0602767e+09 (196504)
Clp0006I 228000  Obj 6.2604249e+09 Primal inf 1.9826635e+09 (190107)
Clp0006I 229000  Obj 6.2743539e+09 Primal inf 1.0004381e+09 (185893)
Clp0006I 230000  Obj 6.2977146e+09 Primal inf 2.323942e+10 (250197)
Clp0006I 231000  Obj 6.3214806e+09 Primal inf 5.5757716e+09 (246504)
Clp0006I 232000  Obj 6.3449821e+09 Primal inf 1.313106e+09 (191957)
Clp0006I 233000  Obj 6.3757472e+09 Primal inf 4.7894535e+09 (220429)
Clp0006I 234000  Obj 6.4010642e+09 Primal inf 1.8574109e+09 (220287)
Clp0006I 235000  Obj 6.4067268e+09 Primal inf 8.6514777e+09 (251287)
Clp0006I 236000  Obj 6.4170677e+09 Primal inf 2.24628e+09 (188972)
Clp0006I 237000  Obj 6.4237254e+09 Primal inf 1.216946e+10 (232421)
Clp0006I 238000  Obj 6.4498201e+09 Primal inf 1.2571383e+09 (190463)
Clp0006I 239000  Obj 6.479029e+09 Primal inf 2.6510557e+10 (247098)
Clp0006I 240000  Obj 6.4871427e+09 Primal inf 6.023334e+09 (213490)
Clp0006I 241000  Obj 6.503045e+09 Primal inf 1.222659e+10 (216165)
Clp0006I 241995  Obj 6.5414859e+09 Primal inf 2.7285118e+11 (252588)
Clp0006I 242995  Obj 6.5601811e+09 Primal inf 9.5620204e+09 (213351)
Clp0006I 243995  Obj 6.6054784e+09 Primal inf 1.9460801e+09 (222757)
Clp0006I 244995  Obj 6.6241165e+09 Primal inf 5.2473262e+09 (239867)
Clp0006I 245995  Obj 6.633314e+09 Primal inf 2.5252317e+09 (209965)
Clp0006I 246995  Obj 6.6464652e+09 Primal inf 1.9523374e+09 (205207)
Clp0006I 247995  Obj 6.655901e+09 Primal inf 8.2048961e+09 (246216)
Clp0006I 248995  Obj 6.7089933e+09 Primal inf 1.9368913e+09 (196763)
Clp0006I 249995  Obj 6.7303969e+09 Primal inf 1.0176061e+10 (236034)
Clp0006I 250995  Obj 6.7796951e+09 Primal inf 9.0063627e+09 (241464)
Clp0006I 251995  Obj 6.8055894e+09 Primal inf 3.8411551e+09 (229386)
Clp0006I 252995  Obj 6.8914525e+09 Primal inf 8.0813573e+09 (243140)
Clp0006I 253995  Obj 6.9361436e+09 Primal inf 5.905936e+10 (224923)
Clp0006I 254995  Obj 7.0104421e+09 Primal inf 1.8058687e+09 (198656)
Clp0006I 255995  Obj 7.0528717e+09 Primal inf 2.1920183e+10 (275781)
Clp0006I 256995  Obj 7.0927367e+09 Primal inf 4.2405497e+09 (219239)
Clp0006I 257995  Obj 7.1339334e+09 Primal inf 2.7009953e+10 (229376)
Clp0006I 258995  Obj 7.1708986e+09 Primal inf 3.5923303e+09 (218753)
Clp0006I 259995  Obj 7.2234173e+09 Primal inf 2.5362146e+09 (198063)
Clp0006I 260995  Obj 7.281636e+09 Primal inf 1.3423366e+10 (242980)
Clp0006I 261995  Obj 7.3230221e+09 Primal inf 8.4733614e+10 (227268)
Clp0006I 262995  Obj 7.3888387e+09 Primal inf 1.0538918e+10 (245402)
Clp0006I 263995  Obj 7.4294939e+09 Primal inf 8.9491997e+09 (221644)
Clp0006I 264995  Obj 7.4710376e+09 Primal inf 3.0363176e+09 (207913)
Clp0006I 265995  Obj 7.5059918e+09 Primal inf 5.2543933e+10 (248292)
Clp0006I 266995  Obj 7.5643589e+09 Primal inf 7.1212947e+09 (235625)
Clp0006I 267995  Obj 7.609683e+09 Primal inf 1.1062166e+10 (218838)
Clp0006I 268995  Obj 7.632433e+09 Primal inf 1.1646705e+09 (199220)
Clp0006I 269995  Obj 7.6805291e+09 Primal inf 5.6521658e+09 (226129)
Clp0006I 270995  Obj 7.7392258e+09 Primal inf 8.7791977e+09 (217940)
Clp0006I 271995  Obj 7.7570238e+09 Primal inf 1.1541157e+10 (215277)
Clp0006I 272995  Obj 7.7885829e+09 Primal inf 1.4237154e+10 (247544)
Clp0006I 273995  Obj 7.8322778e+09 Primal inf 2.1775692e+10 (249646)
Clp0006I 274995  Obj 7.8892753e+09 Primal inf 1.6231835e+09 (206390)
Clp0006I 275651  Obj 7.9160363e+09 Primal inf 3.0114411e+10 (254590)
Clp0006I 276409  Obj 7.9644749e+09 Primal inf 1.1406193e+11 (219054)
Clp0006I 277409  Obj 7.9974578e+09 Primal inf 1.4862206e+10 (277485)
Clp0006I 278409  Obj 8.0297586e+09 Primal inf 2.0672365e+10 (288016)
Clp0006I 279409  Obj 8.0497961e+09 Primal inf 1.1903279e+10 (239161)
Clp0006I 279932  Obj 8.0659363e+09 Primal inf 3.5171439e+10 (296816)
Clp0006I 280932  Obj 8.0761389e+09 Primal inf 5.7785908e+09 (236409)
Clp0006I 281932  Obj 8.0887183e+09 Primal inf 5.0090522e+09 (243600)
Clp0006I 282932  Obj 8.0929648e+09 Primal inf 2.2330921e+09 (231809)
Clp0006I 283932  Obj 8.1040064e+09 Primal inf 1.6550186e+09 (231735)
Clp0006I 284932  Obj 8.1084806e+09 Primal inf 1.5552692e+09 (240605)
Clp0006I 285932  Obj 8.1159695e+09 Primal inf 1.0589234e+09 (228496)
Clp0006I 286932  Obj 8.1320763e+09 Primal inf 6.6905725e+09 (274439)
Clp0006I 287932  Obj 8.13626e+09 Primal inf 2.1415654e+09 (236137)
Clp0006I 288932  Obj 8.1383327e+09 Primal inf 1.8650525e+09 (233182)
Clp0006I 289932  Obj 8.1497937e+09 Primal inf 3.0676839e+09 (219479)
Clp0006I 290932  Obj 8.1522303e+09 Primal inf 9.1296925e+08 (233407)
Clp0006I 291932  Obj 8.1625157e+09 Primal inf 2.1331651e+09 (238672)
Clp0006I 292932  Obj 8.3204269e+09 Primal inf 2.9356201e+09 (244594)
Clp0006I 293932  Obj 8.3241307e+09 Primal inf 1.8727003e+09 (220523)
Clp0006I 294932  Obj 8.3259737e+09 Primal inf 3.3793665e+09 (250247)
Clp0006I 295932  Obj 8.3454737e+09 Primal inf 2.1355175e+10 (251255)
Clp0006I 296932  Obj 8.3759625e+09 Primal inf 1.3368133e+09 (221748)
Clp0006I 297932  Obj 8.3945715e+09 Primal inf 1.2923434e+10 (250105)
Clp0006I 298932  Obj 8.4024899e+09 Primal inf 2.2321033e+09 (224003)
Clp0006I 299932  Obj 8.4049875e+09 Primal inf 1.85205e+09 (232049)
Clp0006I 300932  Obj 8.4297121e+09 Primal inf 1.8371357e+09 (244399)
Clp0006I 301932  Obj 8.4502811e+09 Primal inf 2.4283014e+09 (248460)
Clp0006I 302932  Obj 8.4578602e+09 Primal inf 1.6472051e+09 (236374)
Clp0006I 303932  Obj 8.4634106e+09 Primal inf 6.4278804e+09 (267193)
Clp0006I 304932  Obj 8.4898474e+09 Primal inf 4.3079694e+09 (289731)
Clp0006I 305932  Obj 8.4989709e+09 Primal inf 1.0238629e+09 (236776)
Clp0006I 306932  Obj 8.5219831e+09 Primal inf 3.7885968e+09 (274448)
Clp0006I 307932  Obj 8.5344444e+09 Primal inf 1.4460807e+09 (233947)
Clp0006I 308932  Obj 8.5403691e+09 Primal inf 1.9849817e+09 (236208)
Clp0006I 309932  Obj 8.5491897e+09 Primal inf 1.8380749e+09 (236533)
Clp0006I 310932  Obj 8.5549668e+09 Primal inf 1.7609446e+10 (286232)
Clp0006I 311932  Obj 8.5637316e+09 Primal inf 1.9832297e+09 (238119)
Clp0006I 312932  Obj 8.5701044e+09 Primal inf 3.1397472e+09 (240980)
Clp0006I 313932  Obj 8.5740855e+09 Primal inf 6.9319157e+09 (248581)
Clp0006I 314932  Obj 8.5855924e+09 Primal inf 1.809716e+09 (252225)
Clp0006I 315932  Obj 8.5940196e+09 Primal inf 2.082225e+09 (261919)
Clp0006I 316932  Obj 8.6008766e+09 Primal inf 1.8961213e+09 (269942)
Clp0006I 317932  Obj 8.6059441e+09 Primal inf 1.6969414e+09 (278724)
Clp0006I 318932  Obj 8.6173891e+09 Primal inf 2.4555636e+09 (284184)
Clp0006I 319932  Obj 8.6210712e+09 Primal inf 3.5702034e+09 (277697)
Clp0006I 320932  Obj 8.6247963e+09 Primal inf 2.2401217e+09 (272537)
Clp0006I 321932  Obj 8.6306287e+09 Primal inf 5.1717856e+09 (279843)
Clp0006I 322932  Obj 8.6363212e+09 Primal inf 1.9627938e+09 (252149)
Clp0006I 323932  Obj 8.641014e+09 Primal inf 2.2125521e+09 (267902)
Clp0006I 324932  Obj 8.6482437e+09 Primal inf 5.3258695e+09 (253488)
Clp0006I 325932  Obj 8.6528618e+09 Primal inf 1.3950417e+09 (235597)
Clp0006I 326932  Obj 8.6548068e+09 Primal inf 2.6943124e+09 (284746)
Clp0006I 327932  Obj 8.6587959e+09 Primal inf 1.3266251e+09 (227545)
Clp0006I 328932  Obj 8.6631295e+09 Primal inf 2.5072733e+09 (267706)
Clp0006I 329932  Obj 8.6693053e+09 Primal inf 1.9703703e+09 (256014)
Clp0006I 330932  Obj 8.6799819e+09 Primal inf 1.9659154e+09 (246550)
Clp0006I 331932  Obj 8.6817887e+09 Primal inf 1.3879768e+09 (228437)
Clp0006I 332932  Obj 8.6879736e+09 Primal inf 1.2041709e+10 (299331)
Clp0006I 333932  Obj 8.6926623e+09 Primal inf 1.6786529e+09 (241229)
Clp0006I 334932  Obj 8.708216e+09 Primal inf 1.8722705e+09 (254384)
Clp0006I 335932  Obj 8.7149168e+09 Primal inf 2.5892957e+09 (255723)
Clp0006I 336932  Obj 8.7223515e+09 Primal inf 3.7953177e+09 (254173)
Clp0006I 337932  Obj 8.7283546e+09 Primal inf 1.750486e+09 (264567)
Clp0006I 338932  Obj 8.7367229e+09 Primal inf 1.611389e+09 (260511)
Clp0006I 339932  Obj 8.7403415e+09 Primal inf 2.390474e+09 (242311)
Clp0006I 340932  Obj 8.7453069e+09 Primal inf 4.5204956e+09 (264867)
Clp0006I 341932  Obj 8.7532981e+09 Primal inf 1.9842234e+09 (241614)
Clp0006I 342932  Obj 8.7591862e+09 Primal inf 5.9878887e+09 (253515)
Clp0006I 343932  Obj 8.7696773e+09 Primal inf 6.4118699e+09 (258562)
Clp0006I 344932  Obj 8.777962e+09 Primal inf 1.9230583e+09 (244583)
Clp0006I 345932  Obj 8.7808948e+09 Primal inf 7.9686342e+08 (210569)
Clp0006I 346932  Obj 8.7854283e+09 Primal inf 9.6314883e+08 (217566)
Clp0006I 347932  Obj 8.7978061e+09 Primal inf 1.4174538e+09 (224553)
Clp0006I 348932  Obj 8.8014841e+09 Primal inf 2.4254195e+09 (234170)
Clp0006I 349932  Obj 8.8050748e+09 Primal inf 6.9019075e+09 (260119)
Clp0006I 350932  Obj 8.81207e+09 Primal inf 1.246776e+10 (251741)
Clp0006I 351932  Obj 8.8153641e+09 Primal inf 2.6002952e+09 (231952)
Clp0006I 352932  Obj 8.818192e+09 Primal inf 8.3057037e+08 (220312)
Clp0006I 353932  Obj 8.8231353e+09 Primal inf 1.5298737e+09 (231810)
Clp0006I 354932  Obj 8.8258029e+09 Primal inf 1.6802738e+09 (234750)
Clp0006I 355932  Obj 8.8286348e+09 Primal inf 7.5799193e+08 (212896)
Clp0006I 356932  Obj 8.83271e+09 Primal inf 7.1269986e+08 (210394)
Clp0006I 357932  Obj 8.8373958e+09 Primal inf 9.3257618e+08 (215324)
Clp0006I 358932  Obj 8.8399418e+09 Primal inf 1.565806e+09 (237762)
Clp0006I 359932  Obj 8.8459406e+09 Primal inf 3.9965019e+09 (248830)
Clp0006I 360932  Obj 8.8508519e+09 Primal inf 2.7889621e+09 (243264)
Clp0006I 361932  Obj 8.8547572e+09 Primal inf 1.0104078e+09 (213061)
Clp0006I 362932  Obj 8.8580219e+09 Primal inf 1.3426474e+09 (216157)
Clp0006I 363932  Obj 8.8609583e+09 Primal inf 1.0170743e+09 (217552)
Clp0006I 364932  Obj 8.8671121e+09 Primal inf 2.5551338e+10 (292926)
Clp0006I 365932  Obj 8.8730714e+09 Primal inf 6.4896293e+09 (257400)
Clp0006I 366932  Obj 8.8880629e+09 Primal inf 3.2874956e+09 (224812)
Clp0006I 367932  Obj 8.9088016e+09 Primal inf 4.7845531e+09 (237518)
Clp0006I 368932  Obj 8.9234538e+09 Primal inf 1.5692047e+09 (226640)
Clp0006I 369932  Obj 8.9357266e+09 Primal inf 8.0277653e+09 (252541)
Clp0006I 370932  Obj 8.9481793e+09 Primal inf 5.8147679e+09 (270535)
Clp0006I 371932  Obj 8.9565359e+09 Primal inf 1.8381284e+09 (228712)
Clp0006I 372932  Obj 8.9706782e+09 Primal inf 2.5225767e+09 (229446)
Clp0006I 373932  Obj 8.9913321e+09 Primal inf 4.1552557e+09 (272927)
Clp0006I 374932  Obj 8.996922e+09 Primal inf 5.1058613e+09 (238518)
Clp0006I 375932  Obj 9.0054735e+09 Primal inf 1.1663533e+10 (269069)
Clp0006I 376932  Obj 9.0152062e+09 Primal inf 1.7187133e+09 (240683)
Clp0006I 377932  Obj 9.0346552e+09 Primal inf 1.4635336e+09 (251062)
Clp0006I 378932  Obj 9.0419855e+09 Primal inf 4.5751556e+09 (251154)
Clp0006I 379932  Obj 9.043645e+09 Primal inf 5.4442948e+09 (251017)
Clp0006I 380932  Obj 9.0460624e+09 Primal inf 1.6062679e+09 (220732)
Clp0006I 381932  Obj 9.0515723e+09 Primal inf 1.677084e+09 (224941)
Clp0006I 382932  Obj 9.066106e+09 Primal inf 6.0882957e+09 (264216)
Clp0006I 383932  Obj 9.077786e+09 Primal inf 6.716295e+09 (254912)
Clp0006I 384932  Obj 9.0823663e+09 Primal inf 1.2167843e+09 (214123)
Clp0006I 385932  Obj 9.0861719e+09 Primal inf 9.086626e+09 (278864)
Clp0006I 386932  Obj 9.089651e+09 Primal inf 9.8500754e+08 (229655)
Clp0006I 387932  Obj 9.0976218e+09 Primal inf 2.0716448e+09 (234812)
Clp0006I 388932  Obj 9.1013264e+09 Primal inf 1.8759973e+09 (245142)
Clp0006I 389932  Obj 9.1065091e+09 Primal inf 5.4825042e+09 (259356)
Clp0006I 390932  Obj 9.1108659e+09 Primal inf 6.4533005e+09 (248295)
Clp0006I 391932  Obj 9.1152769e+09 Primal inf 2.4685022e+09 (242083)
Clp0006I 392932  Obj 9.1203044e+09 Primal inf 2.1361496e+09 (290314)
Clp0006I 393932  Obj 9.1252265e+09 Primal inf 1.8826478e+09 (259932)
Clp0006I 394932  Obj 9.1305763e+09 Primal inf 1.841471e+09 (237974)
Clp0006I 395932  Obj 9.1397158e+09 Primal inf 1.586126e+09 (255929)
Clp0006I 396932  Obj 9.1442039e+09 Primal inf 1.6050043e+10 (278426)
Clp0006I 397932  Obj 9.1458213e+09 Primal inf 1.1810674e+09 (238368)
Clp0006I 398932  Obj 9.1513454e+09 Primal inf 1.060428e+10 (288269)
Clp0006I 399932  Obj 9.1529404e+09 Primal inf 1.0349886e+09 (241649)
Clp0006I 400932  Obj 9.1591951e+09 Primal inf 4.838132e+09 (241460)
Clp0006I 401932  Obj 9.1651115e+09 Primal inf 1.148868e+09 (230179)
Clp0006I 402932  Obj 9.1751793e+09 Primal inf 1.239001e+09 (229628)
Clp0006I 403932  Obj 9.1805866e+09 Primal inf 4.3386662e+09 (251240)
Clp0006I 404932  Obj 9.184878e+09 Primal inf 2.3769488e+09 (239368)
Clp0006I 405932  Obj 9.196466e+09 Primal inf 4.5365183e+09 (245791)
Clp0006I 406932  Obj 9.2068905e+09 Primal inf 3.4583352e+09 (256398)
Clp0006I 407932  Obj 9.2136279e+09 Primal inf 9.4223085e+08 (241351)
Clp0006I 408932  Obj 9.22977e+09 Primal inf 4.169963e+09 (262601)
Clp0006I 409932  Obj 9.2411723e+09 Primal inf 4.1729669e+09 (245399)
Clp0006I 410932  Obj 9.2445896e+09 Primal inf 1.2285272e+09 (224767)
Clp0006I 411932  Obj 9.2506958e+09 Primal inf 1.9426372e+09 (226677)
Clp0006I 412932  Obj 9.2571136e+09 Primal inf 7.5726162e+08 (214355)
Clp0006I 413932  Obj 9.2582481e+09 Primal inf 1.1089458e+09 (237642)
Clp0006I 414932  Obj 9.2609796e+09 Primal inf 8.5087768e+08 (215774)
Clp0006I 415932  Obj 9.2642094e+09 Primal inf 1.20472e+10 (253334)
Clp0006I 416932  Obj 9.2688359e+09 Primal inf 5.2161699e+09 (245302)
Clp0006I 417932  Obj 9.2711964e+09 Primal inf 2.989378e+09 (245820)
Clp0006I 418932  Obj 9.2728172e+09 Primal inf 1.9528868e+09 (220639)
Clp0006I 419932  Obj 9.2849043e+09 Primal inf 2.5731793e+09 (223495)
Clp0006I 420932  Obj 9.2893369e+09 Primal inf 1.2227468e+09 (215112)
Clp0006I 421932  Obj 9.2962024e+09 Primal inf 2.5017713e+09 (247641)
Clp0006I 422932  Obj 9.3092169e+09 Primal inf 4.5156621e+10 (270492)
Clp0006I 423932  Obj 9.3358788e+09 Primal inf 7.582872e+09 (287745)
Clp0006I 424932  Obj 9.3451841e+09 Primal inf 7.8276022e+08 (230969)
Clp0006I 425932  Obj 9.3526044e+09 Primal inf 2.2813968e+09 (245266)
Clp0006I 426932  Obj 9.3561591e+09 Primal inf 1.3211131e+09 (237128)
Clp0006I 427932  Obj 9.3638504e+09 Primal inf 3.107029e+09 (275233)
Clp0006I 428932  Obj 9.3673021e+09 Primal inf 2.8014033e+09 (253791)
Clp0006I 429932  Obj 9.3802334e+09 Primal inf 2.3234851e+09 (248128)
Clp0006I 430932  Obj 9.3899813e+09 Primal inf 1.0450595e+10 (282051)
Clp0006I 431932  Obj 9.3989864e+09 Primal inf 1.4618628e+09 (227102)
Clp0006I 432932  Obj 9.4133925e+09 Primal inf 2.5084974e+09 (271887)
Clp0006I 433932  Obj 9.4208874e+09 Primal inf 5.1366481e+09 (265497)
Clp0006I 434932  Obj 9.4256711e+09 Primal inf 4.2671262e+09 (279791)
Clp0006I 435932  Obj 9.4320312e+09 Primal inf 1.3883562e+09 (220313)
Clp0006I 436932  Obj 9.441993e+09 Primal inf 1.7930271e+09 (274112)
Clp0006I 437932  Obj 9.4478868e+09 Primal inf 1.0307672e+10 (245828)
Clp0006I 438932  Obj 9.4559722e+09 Primal inf 2.9524077e+09 (293113)
Clp0006I 439932  Obj 9.4609081e+09 Primal inf 5.0282516e+10 (292045)
Clp0006I 440932  Obj 9.4752462e+09 Primal inf 2.7155884e+09 (258061)
Clp0006I 441932  Obj 9.4902142e+09 Primal inf 7.1542909e+09 (307088)
Clp0006I 442932  Obj 9.5066604e+09 Primal inf 3.7704766e+10 (279030)
Clp0006I 443932  Obj 9.5295454e+09 Primal inf 2.7631307e+09 (311286)
Clp0006I 444932  Obj 9.5454788e+09 Primal inf 1.1671775e+10 (287961)
Clp0006I 445932  Obj 9.5633682e+09 Primal inf 9.7541143e+09 (269254)
Clp0006I 446932  Obj 9.5706281e+09 Primal inf 1.7671529e+09 (245486)
Clp0006I 447932  Obj 9.5794906e+09 Primal inf 1.5435893e+10 (292004)
Clp0006I 448932  Obj 9.5932861e+09 Primal inf 5.2320266e+10 (282260)
Clp0006I 449932  Obj 9.6030176e+09 Primal inf 1.9551424e+09 (264701)
Clp0006I 450932  Obj 9.6166012e+09 Primal inf 2.8010786e+09 (233502)
Clp0006I 451932  Obj 9.6335123e+09 Primal inf 1.6125775e+09 (240197)
Clp0006I 452932  Obj 9.6500116e+09 Primal inf 7.0262163e+09 (300915)
Clp0006I 453932  Obj 9.6616246e+09 Primal inf 1.1599185e+11 (340930)
Clp0006I 454932  Obj 9.6762865e+09 Primal inf 3.6556519e+10 (336720)
Clp0006I 455932  Obj 9.6947071e+09 Primal inf 6.2702937e+09 (298832)
Clp0006I 456932  Obj 9.7097979e+09 Primal inf 2.1908802e+10 (302848)
Clp0006I 457932  Obj 9.7207923e+09 Primal inf 8.4301576e+10 (307793)
Clp0006I 458932  Obj 9.73287e+09 Primal inf 4.8317716e+10 (277061)
Clp0006I 459932  Obj 9.7458109e+09 Primal inf 5.1508513e+09 (248295)
Clp0006I 460932  Obj 9.7581852e+09 Primal inf 1.933778e+10 (307432)
Clp0006I 461932  Obj 9.7681164e+09 Primal inf 1.5444161e+10 (283945)
Clp0006I 462932  Obj 9.7804528e+09 Primal inf 1.0795805e+11 (347141)
Clp0006I 463932  Obj 9.7942258e+09 Primal inf 1.0421734e+10 (290794)
Clp0006I 464932  Obj 9.808394e+09 Primal inf 5.5510682e+11 (350472)
Clp0006I 465932  Obj 9.8192826e+09 Primal inf 7.4011112e+09 (284168)
Clp0006I 466932  Obj 9.8321512e+09 Primal inf 1.4360805e+11 (363698)
Clp0006I 467932  Obj 9.8459794e+09 Primal inf 1.6941297e+10 (285760)
Clp0006I 468932  Obj 9.8555269e+09 Primal inf 7.7154612e+10 (290714)
Clp0006I 469932  Obj 9.8664688e+09 Primal inf 1.2039144e+11 (267980)
Clp0006I 470932  Obj 9.8770704e+09 Primal inf 1.3640175e+10 (330414)
Clp0006I 471932  Obj 9.8866553e+09 Primal inf 1.2665708e+11 (321413)
Clp0006I 472932  Obj 9.9015843e+09 Primal inf 1.7959823e+11 (295184)
Clp0006I 473932  Obj 9.9101501e+09 Primal inf 5.0783801e+10 (345861)
Clp0006I 474932  Obj 9.9228155e+09 Primal inf 2.8200491e+10 (366115)
Clp0006I 475932  Obj 9.9347084e+09 Primal inf 1.3364744e+10 (316904)
Clp0006I 476932  Obj 9.9481167e+09 Primal inf 6.850912e+10 (332088)
Clp0006I 477531  Obj 9.9611889e+09 Primal inf 1.8966685e+10 (307039)
Clp0006I 478182  Obj 9.9751883e+09 Primal inf 3.7331353e+10 (286960)
Clp0006I 479036  Obj 9.9898047e+09 Primal inf 6.0471098e+10 (318033)
Clp0006I 480036  Obj 1.0021022e+10 Primal inf 2.4572769e+10 (352870)
Clp0006I 481036  Obj 1.0033923e+10 Primal inf 1.4849439e+12 (358441)
Clp0006I 482036  Obj 1.0056563e+10 Primal inf 6.6742848e+11 (282967)
Clp0006I 482822  Obj 1.0073966e+10 Primal inf 1.0790648e+12 (299269)
Clp0006I 483822  Obj 1.0089275e+10 Primal inf 4.4256876e+09 (295673)
Clp0006I 484822  Obj 1.0113952e+10 Primal inf 4.0895402e+09 (294908)
Clp0006I 485822  Obj 1.0121994e+10 Primal inf 5.0992621e+10 (354591)
Clp0006I 486822  Obj 1.0132745e+10 Primal inf 8.38358e+11 (329545)
Clp0006I 487822  Obj 1.0153079e+10 Primal inf 3.3213906e+11 (354412)
Clp0006I 488822  Obj 1.0171264e+10 Primal inf 4.0457838e+11 (352005)
Clp0006I 489822  Obj 1.0179925e+10 Primal inf 1.1812669e+10 (301105)
Clp0006I 490822  Obj 1.0189205e+10 Primal inf 1.4560527e+10 (372321)
Clp0006I 491822  Obj 1.0200579e+10 Primal inf 7.3486529e+09 (351479)
Clp0006I 492822  Obj 1.021231e+10 Primal inf 5.1882648e+10 (332911)
Clp0006I 493822  Obj 1.0222089e+10 Primal inf 1.7952497e+10 (306243)
Clp0006I 494822  Obj 1.0234004e+10 Primal inf 1.9350015e+10 (320541)
Clp0006I 495822  Obj 1.0244259e+10 Primal inf 2.1732322e+10 (321673)
Clp0006I 496822  Obj 1.0249223e+10 Primal inf 9.8227912e+09 (311910)
Clp0006I 497822  Obj 1.0255014e+10 Primal inf 2.0463694e+11 (344260)
Clp0006I 498822  Obj 1.0263402e+10 Primal inf 3.9187976e+09 (297529)
Clp0006I 499822  Obj 1.0269924e+10 Primal inf 7.7567956e+10 (345214)
Clp0006I 500822  Obj 1.0284287e+10 Primal inf 3.5529756e+10 (337052)
Clp0006I 501822  Obj 1.0290446e+10 Primal inf 3.9295682e+10 (370262)
Clp0006I 502822  Obj 1.0298796e+10 Primal inf 3.7920482e+12 (389466)
Clp0006I 503822  Obj 1.0304919e+10 Primal inf 2.9100848e+10 (356196)
Clp0006I 504822  Obj 1.0317858e+10 Primal inf 8.3104905e+10 (341214)
Clp0006I 505822  Obj 1.032554e+10 Primal inf 3.2950001e+10 (328151)
Clp0006I 506822  Obj 1.033715e+10 Primal inf 1.9575588e+11 (352268)
Clp0006I 507822  Obj 1.0361537e+10 Primal inf 1.5814998e+11 (352031)
Clp0006I 508822  Obj 1.0368922e+10 Primal inf 1.1534378e+11 (339647)
Clp0006I 509822  Obj 1.0378453e+10 Primal inf 3.2569972e+10 (321545)
Clp0006I 510822  Obj 1.0388746e+10 Primal inf 1.8645206e+10 (372325)
Clp0006I 511822  Obj 1.039727e+10 Primal inf 1.7218587e+11 (364174)
Clp0006I 512822  Obj 1.04016e+10 Primal inf 2.1375694e+10 (321946)
Clp0006I 513822  Obj 1.0408241e+10 Primal inf 7.7918645e+10 (341880)
Clp0006I 514822  Obj 1.0418127e+10 Primal inf 1.3872246e+12 (396141)
Clp0006I 515822  Obj 1.0427335e+10 Primal inf 3.5564076e+10 (323237)
Clp0006I 516822  Obj 1.0439872e+10 Primal inf 3.9683667e+10 (423085)
Clp0006I 517822  Obj 1.0452861e+10 Primal inf 3.2426857e+10 (322756)
Clp0006I 518822  Obj 1.0474742e+10 Primal inf 6.9234429e+10 (309434)
Clp0006I 519822  Obj 1.0487589e+10 Primal inf 5.7800979e+10 (326736) Dual inf 1.5290971e-09 (1)
Clp0006I 520822  Obj 1.0499818e+10 Primal inf 1.76429e+11 (337280)
Clp0006I 521822  Obj 1.0510969e+10 Primal inf 1.2221182e+11 (331280)
Clp0006I 522822  Obj 1.0519843e+10 Primal inf 2.0344483e+10 (348252)
Clp0006I 523822  Obj 1.0531926e+10 Primal inf 5.0562083e+09 (307396)
Clp0006I 524822  Obj 1.0545758e+10 Primal inf 1.4433259e+10 (301793)
Clp0006I 525822  Obj 1.0555175e+10 Primal inf 2.5924535e+10 (324151)
Clp0006I 526822  Obj 1.0563076e+10 Primal inf 1.7912163e+10 (361761)
Clp0006I 527822  Obj 1.0573098e+10 Primal inf 3.6043581e+10 (369486)
Clp0006I 528822  Obj 1.0584262e+10 Primal inf 6.8495375e+10 (353437)
Clp0006I 529822  Obj 1.059757e+10 Primal inf 3.4676519e+10 (340702)
Clp0006I 530822  Obj 1.0609922e+10 Primal inf 2.22174e+10 (323820)
Clp0006I 531822  Obj 1.0626992e+10 Primal inf 8.986093e+10 (332165)
Clp0006I 532822  Obj 1.0636781e+10 Primal inf 5.1332905e+10 (350982)
Clp0006I 533822  Obj 1.0651802e+10 Primal inf 7.0140759e+10 (344859)
Clp0006I 534822  Obj 1.0663483e+10 Primal inf 1.0823433e+10 (307929)
Clp0006I 535822  Obj 1.0676754e+10 Primal inf 1.3224756e+11 (327007)
Clp0006I 536822  Obj 1.0688825e+10 Primal inf 1.7537922e+10 (361934)
Clp0006I 537822  Obj 1.0694481e+10 Primal inf 2.254013e+10 (343703)
Clp0006I 538822  Obj 1.069691e+10 Primal inf 5.8161816e+09 (300301)
Clp0006I 539822  Obj 1.0705375e+10 Primal inf 6.6688695e+11 (348571)
Clp0006I 540822  Obj 1.0718892e+10 Primal inf 8.8512767e+09 (307916)
Clp0006I 541822  Obj 1.0721886e+10 Primal inf 3.6902663e+11 (352449)
Clp0006I 542822  Obj 1.0725733e+10 Primal inf 1.2992193e+10 (319396)
Clp0006I 543822  Obj 1.0731833e+10 Primal inf 2.6075628e+09 (285531)
Clp0006I 544822  Obj 1.0735628e+10 Primal inf 5.7367054e+10 (283435)
Clp0006I 545822  Obj 1.075034e+10 Primal inf 5.4224829e+10 (320655)
Clp0006I 546822  Obj 1.0759252e+10 Primal inf 2.066231e+11 (381547)
Clp0006I 547822  Obj 1.076968e+10 Primal inf 1.2668943e+12 (325118)
Clp0006I 548822  Obj 1.07777e+10 Primal inf 6.5628952e+10 (347266)
Clp0006I 549822  Obj 1.0781765e+10 Primal inf 1.0962885e+11 (335364)
Clp0006I 550822  Obj 1.0788066e+10 Primal inf 9.2931289e+09 (345189)
Clp0006I 551822  Obj 1.0800949e+10 Primal inf 7.3619808e+09 (293166)
Clp0006I 552822  Obj 1.0818478e+10 Primal inf 1.2478343e+11 (326378)
Clp0006I 553822  Obj 1.0823265e+10 Primal inf 3.9256915e+10 (322861)
Clp0006I 554822  Obj 1.0835791e+10 Primal inf 1.0926154e+10 (357586)
Clp0006I 555822  Obj 1.0851231e+10 Primal inf 1.4388325e+11 (366218)
Clp0006I 556822  Obj 1.0866822e+10 Primal inf 5.6625949e+09 (323595)
Clp0006I 557822  Obj 1.0874001e+10 Primal inf 2.9462102e+10 (346732)
Clp0006I 558822  Obj 1.0885496e+10 Primal inf 1.5407992e+11 (328265)
Clp0006I 559822  Obj 1.0893963e+10 Primal inf 5.3030914e+11 (321085)
Clp0006I 560822  Obj 1.0904254e+10 Primal inf 1.6138659e+11 (342997)
Clp0006I 561822  Obj 1.0909908e+10 Primal inf 2.0496209e+10 (335593)
Clp0006I 562822  Obj 1.0921477e+10 Primal inf 2.9103941e+09 (312434)
Clp0006I 563822  Obj 1.0929313e+10 Primal inf 4.3595182e+09 (300999)
Clp0006I 564822  Obj 1.0937372e+10 Primal inf 7.1632045e+09 (327161)
Clp0006I 565822  Obj 1.0943789e+10 Primal inf 2.1422742e+09 (261663)
Clp0006I 566822  Obj 1.0952929e+10 Primal inf 9.5016525e+09 (298995)
Clp0006I 567822  Obj 1.0965005e+10 Primal inf 5.7118344e+09 (274657)
Clp0006I 568822  Obj 1.0976409e+10 Primal inf 3.5438484e+11 (374016)
Clp0006I 569822  Obj 1.0990579e+10 Primal inf 2.5578219e+09 (269914)
Clp0006I 570822  Obj 1.1003301e+10 Primal inf 5.4955705e+09 (277107)
Clp0006I 571822  Obj 1.1015596e+10 Primal inf 5.6296599e+09 (303556)
Clp0006I 572822  Obj 1.1030269e+10 Primal inf 9.9550133e+09 (324969)
Clp0006I 573822  Obj 1.1039114e+10 Primal inf 8.4807127e+09 (309804)
Clp0006I 574822  Obj 1.1049458e+10 Primal inf 5.9124295e+09 (312908)
Clp0006I 575822  Obj 1.1059921e+10 Primal inf 6.342871e+09 (288920)
Clp0006I 576822  Obj 1.1071714e+10 Primal inf 1.0617487e+10 (300546)
Clp0006I 577822  Obj 1.1084803e+10 Primal inf 1.5206397e+10 (311708)
Clp0006I 578822  Obj 1.1094628e+10 Primal inf 1.3607784e+10 (310036)
Clp0006I 579822  Obj 1.1107204e+10 Primal inf 3.258303e+10 (266808)
Clp0006I 580822  Obj 1.1122767e+10 Primal inf 3.7976187e+09 (320336)
Clp0006I 581822  Obj 1.1136282e+10 Primal inf 9.16966e+09 (321704)
Clp0006I 582822  Obj 1.1150199e+10 Primal inf 2.8821198e+10 (309800)
Clp0006I 583822  Obj 1.1166795e+10 Primal inf 3.2756816e+10 (303595)
Clp0006I 584822  Obj 1.1179394e+10 Primal inf 9.3868267e+09 (310248)
Clp0006I 585822  Obj 1.1189234e+10 Primal inf 9.6421595e+10 (327945)
Clp0006I 586822  Obj 1.119887e+10 Primal inf 1.6147018e+10 (327447)
Clp0006I 587822  Obj 1.1209577e+10 Primal inf 6.0000788e+10 (341025)
Clp0006I 588822  Obj 1.1222499e+10 Primal inf 1.9202286e+10 (318194)
Clp0006I 589822  Obj 1.1233431e+10 Primal inf 9.9309914e+09 (339321)
Clp0006I 590822  Obj 1.1243441e+10 Primal inf 1.2953425e+11 (331844)
Clp0006I 591822  Obj 1.1252803e+10 Primal inf 8.714879e+09 (289357)
Clp0006I 592822  Obj 1.1266039e+10 Primal inf 3.8947092e+10 (320194)
Clp0006I 593822  Obj 1.1284166e+10 Primal inf 3.7230562e+11 (327972)
Clp0006I 594822  Obj 1.1297903e+10 Primal inf 7.1129499e+10 (353585)
Clp0006I 595822  Obj 1.1312e+10 Primal inf 1.0826914e+10 (308620)
Clp0006I 596822  Obj 1.1328142e+10 Primal inf 2.4881977e+10 (340174)
Clp0006I 597822  Obj 1.1340842e+10 Primal inf 6.0521694e+09 (330569)
Clp0006I 598751  Obj 1.1349136e+10 Primal inf 4.6120664e+09 (334170)
Clp0006I 599751  Obj 1.135721e+10 Primal inf 3.5622407e+10 (343188)
Clp0006I 600666  Obj 1.1365426e+10 Primal inf 5.5120835e+09 (313946)
Clp0006I 601666  Obj 1.1375862e+10 Primal inf 6.0392201e+10 (311083)
Clp0006I 602666  Obj 1.1385556e+10 Primal inf 1.4875081e+10 (363341)
Clp0006I 603666  Obj 1.139292e+10 Primal inf 6.2177619e+10 (347751)
Clp0006I 604666  Obj 1.140408e+10 Primal inf 1.068557e+11 (324909)
Clp0006I 605666  Obj 1.1413033e+10 Primal inf 2.9142743e+10 (362825)
Clp0006I 606666  Obj 1.1422991e+10 Primal inf 1.5827757e+10 (343535)
Clp0006I 607169  Obj 1.1431371e+10 Primal inf 2.451882e+11 (395081)
Clp0006I 607903  Obj 1.1440227e+10 Primal inf 6.6916132e+09 (307746)
Clp0006I 608903  Obj 1.1449791e+10 Primal inf 1.7576905e+10 (381926)
Clp0006I 609903  Obj 1.1459954e+10 Primal inf 1.7844835e+10 (395456)
Clp0006I 610903  Obj 1.1468736e+10 Primal inf 1.1444739e+10 (324845)
Clp0006I 611903  Obj 1.1479316e+10 Primal inf 7.9480254e+09 (292573)
Clp0006I 612903  Obj 1.1488575e+10 Primal inf 4.2471168e+11 (334826)
Clp0006I 613589  Obj 1.1497191e+10 Primal inf 1.9184192e+10 (263454)
Clp0006I 614589  Obj 1.1504966e+10 Primal inf 2.9863391e+11 (312034)
Clp0006I 615589  Obj 1.1516917e+10 Primal inf 1.3146069e+10 (331866)
Clp0006I 616589  Obj 1.1526005e+10 Primal inf 2.444393e+10 (352366)
Clp0006I 617589  Obj 1.1533931e+10 Primal inf 1.5207332e+10 (351334)
Clp0006I 618465  Obj 1.1542113e+10 Primal inf 2.5492679e+11 (376446)
Clp0006I 619465  Obj 1.1550297e+10 Primal inf 1.5330544e+11 (371352)
Clp0006I 620465  Obj 1.1563056e+10 Primal inf 6.7440591e+10 (305314)
Clp0006I 621465  Obj 1.1573627e+10 Primal inf 1.6314521e+10 (346398)
Clp0006I 622465  Obj 1.1584377e+10 Primal inf 5.8135524e+09 (325116)
Clp0006I 623465  Obj 1.1596695e+10 Primal inf 7.7278964e+10 (349007)
Clp0006I 624465  Obj 1.1612285e+10 Primal inf 2.3705661e+10 (321800)
Clp0006I 625465  Obj 1.1623323e+10 Primal inf 2.6274736e+10 (325167)
Clp0006I 626465  Obj 1.1634823e+10 Primal inf 8.6473677e+09 (340485)
Clp0006I 627465  Obj 1.1641659e+10 Primal inf 3.0517013e+09 (349569)
Clp0006I 628465  Obj 1.1650585e+10 Primal inf 2.0024812e+10 (328779)
Clp0006I 629465  Obj 1.1660187e+10 Primal inf 2.9669239e+10 (330598)
Clp0006I 630465  Obj 1.1670197e+10 Primal inf 6.3404544e+10 (365123)
Clp0006I 631465  Obj 1.1679002e+10 Primal inf 2.3234178e+09 (285996)
Clp0006I 632255  Obj 1.1686976e+10 Primal inf 9.5689884e+10 (377416)
Clp0006I 633255  Obj 1.1697714e+10 Primal inf 2.0626145e+10 (348797)
Clp0006I 634255  Obj 1.1706549e+10 Primal inf 2.8211848e+10 (338460)
Clp0006I 635255  Obj 1.1713937e+10 Primal inf 8.5691016e+10 (382576)
Clp0006I 636255  Obj 1.1724447e+10 Primal inf 2.6586063e+10 (375353)
Clp0006I 637255  Obj 1.1733303e+10 Primal inf 3.2248713e+10 (322285)
Clp0006I 638255  Obj 1.1745298e+10 Primal inf 9.7814973e+10 (348379)
Clp0006I 639255  Obj 1.1759994e+10 Primal inf 2.853801e+10 (359555)
Clp0006I 640255  Obj 1.1769925e+10 Primal inf 2.6200726e+11 (357876)
Clp0006I 641255  Obj 1.1783735e+10 Primal inf 8.1035197e+09 (340062)
Clp0006I 642255  Obj 1.1794449e+10 Primal inf 7.2702872e+10 (362757)
Clp0006I 643255  Obj 1.1807585e+10 Primal inf 6.9680489e+09 (350249)
Clp0006I 644255  Obj 1.1818793e+10 Primal inf 3.0886684e+10 (331456)
Clp0006I 645255  Obj 1.182626e+10 Primal inf 2.0556124e+10 (341247)
Clp0006I 646255  Obj 1.1834835e+10 Primal inf 1.4104113e+10 (380583)
Clp0006I 647255  Obj 1.184424e+10 Primal inf 6.4297572e+09 (326784)
Clp0006I 648255  Obj 1.1857157e+10 Primal inf 4.0782836e+10 (353856)
Clp0006I 648736  Obj 1.1864824e+10 Primal inf 9.5881447e+10 (350362)
Clp0006I 649736  Obj 1.1878374e+10 Primal inf 5.8610291e+10 (339930)
Clp0006I 650736  Obj 1.1890375e+10 Primal inf 1.184233e+10 (372222)
Clp0006I 651736  Obj 1.1900091e+10 Primal inf 6.3294979e+10 (335243)
Clp0006I 652712  Obj 1.1910279e+10 Primal inf 9.6306975e+09 (362235)
Clp0006I 653676  Obj 1.1917928e+10 Primal inf 1.4969964e+11 (409050)
Clp0006I 654167  Obj 1.1923742e+10 Primal inf 2.6132622e+11 (347084)
Clp0006I 655167  Obj 1.1932112e+10 Primal inf 2.8237401e+09 (298655)
Clp0006I 656167  Obj 1.1941228e+10 Primal inf 5.8290331e+09 (330246)
Clp0006I 657167  Obj 1.1955834e+10 Primal inf 3.6978633e+11 (391845)
Clp0006I 658167  Obj 1.1966531e+10 Primal inf 8.5292539e+09 (328637)
Clp0006I 659167  Obj 1.1975986e+10 Primal inf 1.2499967e+10 (371231)
Clp0006I 660167  Obj 1.1986398e+10 Primal inf 9.1695648e+09 (367670)
Clp0006I 661167  Obj 1.2001607e+10 Primal inf 2.1377796e+10 (381734)
Clp0006I 662118  Obj 1.201413e+10 Primal inf 1.0221844e+12 (349918)
Clp0006I 663118  Obj 1.2027301e+10 Primal inf 3.9249112e+10 (339611)
Clp0006I 664118  Obj 1.2038147e+10 Primal inf 4.972613e+09 (302672)
Clp0006I 665118  Obj 1.2048419e+10 Primal inf 2.0394529e+11 (360894)
Clp0006I 666109  Obj 1.2063818e+10 Primal inf 9.0373854e+10 (357021)
Clp0006I 666815  Obj 1.2075278e+10 Primal inf 3.021649e+11 (372944)
Clp0006I 667815  Obj 1.2091737e+10 Primal inf 8.080293e+09 (379666)
Clp0006I 668669  Obj 1.2101306e+10 Primal inf 7.4749764e+09 (381738)
Clp0006I 669669  Obj 1.211275e+10 Primal inf 6.429757e+11 (356339)
Clp0006I 670264  Obj 1.2119252e+10 Primal inf 5.9614669e+09 (334775)
Clp0006I 671264  Obj 1.2135037e+10 Primal inf 8.4896254e+09 (323230)
Clp0006I 672039  Obj 1.2144838e+10 Primal inf 4.3085098e+09 (372015)
Clp0006I 673039  Obj 1.2160136e+10 Primal inf 6.4482851e+10 (309555)
Clp0006I 674039  Obj 1.2171021e+10 Primal inf 5.063877e+10 (357402)
Clp0006I 675039  Obj 1.2181699e+10 Primal inf 1.0413783e+10 (379911)
Clp0006I 676039  Obj 1.2190773e+10 Primal inf 1.3923397e+10 (387058)
Clp0006I 677039  Obj 1.2200525e+10 Primal inf 3.7205449e+11 (380966)
Clp0006I 678039  Obj 1.2219089e+10 Primal inf 1.9656283e+10 (281382)
Clp0006I 679039  Obj 1.2227662e+10 Primal inf 3.3885974e+10 (343901)
Clp0006I 680039  Obj 1.2239998e+10 Primal inf 2.0945391e+11 (380017)
Clp0006I 681039  Obj 1.225003e+10 Primal inf 2.1918213e+10 (350982)
Clp0006I 681866  Obj 1.226011e+10 Primal inf 7.1705995e+10 (369442)
Clp0006I 682866  Obj 1.2269444e+10 Primal inf 7.8760543e+09 (355738)
Clp0006I 683866  Obj 1.22805e+10 Primal inf 4.2022994e+10 (339206)
Clp0006I 684282  Obj 1.2285038e+10 Primal inf 6.383555e+10 (364907)
Clp0006I 685274  Obj 1.2297905e+10 Primal inf 7.696562e+10 (346695)
Clp0006I 686274  Obj 1.2310058e+10 Primal inf 1.7488561e+10 (356221)
Clp0006I 687274  Obj 1.2319186e+10 Primal inf 2.4353399e+10 (380674)
Clp0006I 687998  Obj 1.2328211e+10 Primal inf 7.4323597e+09 (319943)
Clp0006I 688998  Obj 1.2343435e+10 Primal inf 5.2621324e+09 (369276)
Clp0006I 689998  Obj 1.2356962e+10 Primal inf 5.1415992e+10 (358372)
Clp0006I 690998  Obj 1.2375099e+10 Primal inf 9.5109822e+09 (362982)
Clp0006I 691998  Obj 1.2389995e+10 Primal inf 1.6357101e+12 (372738)
Clp0006I 692956  Obj 1.240858e+10 Primal inf 1.8317825e+10 (365060)
Clp0006I 693780  Obj 1.241653e+10 Primal inf 2.9533694e+10 (354881)
Clp0006I 694780  Obj 1.2433542e+10 Primal inf 1.0435611e+10 (315014)
Clp0006I 695780  Obj 1.2444439e+10 Primal inf 1.3871522e+10 (358563)
Clp0006I 696780  Obj 1.2455853e+10 Primal inf 1.0184801e+10 (301915)
Clp0006I 697780  Obj 1.2470711e+10 Primal inf 2.6815573e+10 (335142)
Clp0006I 698780  Obj 1.2485451e+10 Primal inf 8.0597866e+10 (302154)
Clp0006I 699780  Obj 1.2499747e+10 Primal inf 3.9837743e+09 (264460)
Clp0006I 700780  Obj 1.2511416e+10 Primal inf 1.7208847e+10 (335363)
Clp0006I 701780  Obj 1.2520273e+10 Primal inf 3.3022021e+11 (347468)
Clp0006I 702780  Obj 1.2531947e+10 Primal inf 1.0659275e+10 (378496)
Clp0006I 703780  Obj 1.2542475e+10 Primal inf 1.6741704e+10 (367273)
Clp0006I 704780  Obj 1.2553848e+10 Primal inf 1.0367557e+10 (348500)
Clp0006I 705780  Obj 1.2565641e+10 Primal inf 2.6529731e+10 (361464)
Clp0006I 706780  Obj 1.2576384e+10 Primal inf 2.9376159e+10 (280309)
Clp0006I 707780  Obj 1.2587811e+10 Primal inf 2.7785548e+10 (282319)
Clp0006I 708780  Obj 1.2604301e+10 Primal inf 7.4648692e+09 (287173)
Clp0006I 709780  Obj 1.2613413e+10 Primal inf 2.0537915e+10 (392917)
Clp0006I 710780  Obj 1.2625195e+10 Primal inf 7.3261767e+08 (234209)
Clp0006I 711780  Obj 1.2633972e+10 Primal inf 8.1546951e+09 (338993)
Clp0006I 712780  Obj 1.2645618e+10 Primal inf 2.1179494e+10 (364410)
Clp0006I 713780  Obj 1.265623e+10 Primal inf 4.9785773e+09 (274724)
Clp0006I 714742  Obj 1.2667604e+10 Primal inf 3.6915609e+12 (348709)
Clp0006I 715403  Obj 1.2675473e+10 Primal inf 1.0957202e+10 (338333)
Clp0006I 716403  Obj 1.2684294e+10 Primal inf 6.8657491e+09 (266340)
Clp0006I 717403  Obj 1.2694276e+10 Primal inf 2.2570067e+10 (268165)
Clp0006I 718403  Obj 1.2704427e+10 Primal inf 4.1034506e+10 (295520)
Clp0006I 719361  Obj 1.2713473e+10 Primal inf 4.6918425e+11 (305185)
Clp0006I 720361  Obj 1.2728577e+10 Primal inf 6.0374303e+10 (289075)
Clp0006I 721361  Obj 1.2744972e+10 Primal inf 4.8489105e+09 (309510)
Clp0006I 722361  Obj 1.2754435e+10 Primal inf 8.300717e+10 (328009)
Clp0006I 723360  Obj 1.276343e+10 Primal inf 1.7268095e+10 (279649)
Clp0006I 724283  Obj 1.2771833e+10 Primal inf 2.6672119e+09 (261684)
Clp0006I 725283  Obj 1.27816e+10 Primal inf 1.0109367e+10 (288963)
Clp0006I 726283  Obj 1.2800326e+10 Primal inf 8.8251185e+11 (316122)
Clp0006I 726810  Obj 1.2808132e+10 Primal inf 2.5247091e+10 (327487)
Clp0006I 727810  Obj 1.2816789e+10 Primal inf 2.9975977e+11 (356643)
Clp0006I 728810  Obj 1.2834047e+10 Primal inf 1.4649033e+10 (371792)
Clp0006I 729669  Obj 1.2841914e+10 Primal inf 3.2842539e+09 (327753)
Clp0006I 730669  Obj 1.2851124e+10 Primal inf 5.561241e+09 (368215)
Clp0006I 731669  Obj 1.2859096e+10 Primal inf 3.450296e+09 (362586)
Clp0006I 732669  Obj 1.2867956e+10 Primal inf 5.6531592e+09 (355667)
Clp0006I 733669  Obj 1.2875425e+10 Primal inf 1.4928021e+10 (369857)
Clp0006I 734669  Obj 1.2884431e+10 Primal inf 3.3019316e+09 (362777)
Clp0006I 735669  Obj 1.2897189e+10 Primal inf 7.5262227e+09 (293503)
Clp0006I 736669  Obj 1.2908229e+10 Primal inf 1.1961248e+10 (353771)
Clp0006I 737669  Obj 1.2922017e+10 Primal inf 1.0427787e+09 (290972)
Clp0006I 738669  Obj 1.2927814e+10 Primal inf 1.8272833e+10 (289025)
Clp0006I 739669  Obj 1.2935543e+10 Primal inf 3.7712199e+09 (274117)
Clp0006I 740669  Obj 1.2943918e+10 Primal inf 1.4759601e+09 (264238)
Clp0006I 741669  Obj 1.2952493e+10 Primal inf 6.9135832e+09 (308921)
Clp0006I 742669  Obj 1.2963185e+10 Primal inf 1.3768119e+10 (309920)
Clp0006I 743472  Obj 1.2970878e+10 Primal inf 2.9838708e+11 (255796)
Clp0006I 744472  Obj 1.2977883e+10 Primal inf 6.8978377e+09 (233434)
Clp0006I 745472  Obj 1.2985105e+10 Primal inf 2.0864654e+10 (276515)
Clp0006I 746429  Obj 1.299347e+10 Primal inf 4.256996e+10 (377121)
Clp0006I 747429  Obj 1.3001626e+10 Primal inf 2.0580517e+09 (266901)
Clp0006I 748429  Obj 1.3011157e+10 Primal inf 3.4064142e+09 (231555)
Clp0006I 749429  Obj 1.3020208e+10 Primal inf 6.4241641e+09 (288330)
Clp0006I 750429  Obj 1.3028746e+10 Primal inf 7.2822592e+09 (355577)
Clp0006I 751429  Obj 1.3037398e+10 Primal inf 2.5919533e+10 (301202)
Clp0006I 752429  Obj 1.3060929e+10 Primal inf 4.9459332e+08 (214860)
Clp0006I 753429  Obj 1.307038e+10 Primal inf 1.2866536e+10 (382479)
Clp0006I 754429  Obj 1.3082779e+10 Primal inf 3.0720233e+09 (321808)
Clp0006I 755429  Obj 1.3100669e+10 Primal inf 2.1477281e+09 (282197)
Clp0006I 756429  Obj 1.3114375e+10 Primal inf 4.2745595e+08 (234979)
Clp0006I 757429  Obj 1.3129486e+10 Primal inf 3.0293491e+10 (328115)
Clp0006I 758429  Obj 1.3136917e+10 Primal inf 2.8836771e+10 (305709)
Clp0006I 759429  Obj 1.3142532e+10 Primal inf 3.2304194e+09 (262018)
Clp0006I 760429  Obj 1.3149e+10 Primal inf 1.4757011e+09 (291510)
Clp0006I 761429  Obj 1.3155434e+10 Primal inf 2.8115274e+09 (256952)
Clp0006I 762429  Obj 1.3168281e+10 Primal inf 1.4428815e+09 (235154)
Clp0006I 763429  Obj 1.3175009e+10 Primal inf 9.2632513e+08 (254814)
Clp0006I 764429  Obj 1.3180931e+10 Primal inf 6.3249459e+09 (229157)
Clp0006I 765296  Obj 1.3188309e+10 Primal inf 6.0627203e+09 (254351)
Clp0006I 766296  Obj 1.3195998e+10 Primal inf 1.2371864e+10 (267777)
Clp0006I 767296  Obj 1.3205908e+10 Primal inf 4.0901981e+09 (314750)
Clp0006I 768296  Obj 1.3213609e+10 Primal inf 6.9236623e+09 (272368)
Clp0006I 769296  Obj 1.3218837e+10 Primal inf 3.2198132e+09 (287733)
Clp0006I 770296  Obj 1.3223971e+10 Primal inf 3.4800625e+09 (288113)
Clp0006I 771109  Obj 1.3230564e+10 Primal inf 5.1733096e+09 (257139)
Clp0006I 772109  Obj 1.3237381e+10 Primal inf 1.7533349e+10 (268619)
Clp0006I 773109  Obj 1.3246534e+10 Primal inf 4.342323e+09 (293311)
Clp0006I 774109  Obj 1.3255909e+10 Primal inf 6.9203865e+10 (253473)
Clp0006I 775109  Obj 1.3264723e+10 Primal inf 2.0691195e+11 (287812)
Clp0006I 775761  Obj 1.326996e+10 Primal inf 4.7191258e+09 (291405)
Clp0006I 776761  Obj 1.3276878e+10 Primal inf 1.6497336e+09 (284074)
Clp0006I 777761  Obj 1.3284322e+10 Primal inf 2.234153e+09 (322779)
Clp0006I 778761  Obj 1.3291868e+10 Primal inf 1.6679432e+09 (335861)
Clp0006I 779761  Obj 1.3299514e+10 Primal inf 6.3281538e+09 (280380)
Clp0006I 780581  Obj 1.3305493e+10 Primal inf 9.9975796e+10 (288991)
Clp0006I 781581  Obj 1.3317493e+10 Primal inf 1.6856426e+10 (313546)
Clp0006I 782581  Obj 1.332392e+10 Primal inf 1.4211457e+10 (315226)
Clp0006I 783581  Obj 1.3331717e+10 Primal inf 1.3362281e+10 (336552)
Clp0006I 784581  Obj 1.3338826e+10 Primal inf 1.1034541e+10 (324523)
Clp0006I 785581  Obj 1.3344932e+10 Primal inf 6.3683811e+09 (331770)
Clp0006I 786581  Obj 1.3349702e+10 Primal inf 5.8991591e+09 (356803)
Clp0006I 787581  Obj 1.3355265e+10 Primal inf 1.5278342e+10 (304745)
Clp0006I 788581  Obj 1.336155e+10 Primal inf 1.1056899e+11 (322333)
Clp0006I 789581  Obj 1.3369278e+10 Primal inf 1.2666905e+10 (320347)
Clp0006I 790581  Obj 1.3376774e+10 Primal inf 1.1835136e+12 (349429)
Clp0006I 791581  Obj 1.3383504e+10 Primal inf 4.0891097e+09 (290265)
Clp0006I 792581  Obj 1.3390731e+10 Primal inf 2.3186721e+11 (318872)
Clp0006I 793581  Obj 1.3394809e+10 Primal inf 2.2925504e+09 (311468)
Clp0006I 794581  Obj 1.3399772e+10 Primal inf 2.8252532e+09 (291640)
Clp0006I 795581  Obj 1.3407005e+10 Primal inf 1.2113031e+09 (300128)
Clp0006I 796581  Obj 1.3420812e+10 Primal inf 6.1897074e+08 (280191)
Clp0006I 797581  Obj 1.3428441e+10 Primal inf 4.7082227e+09 (400324)
Clp0006I 798581  Obj 1.3435385e+10 Primal inf 7.3477589e+09 (299028)
Clp0006I 799581  Obj 1.3453691e+10 Primal inf 1.9717635e+08 (189831)
Clp0006I 800581  Obj 1.3466858e+10 Primal inf 7.0146137e+08 (262351)
Clp0006I 801581  Obj 1.3473362e+10 Primal inf 1.6428186e+08 (224269)
Clp0006I 802581  Obj 1.3477906e+10 Primal inf 7.1503079e+08 (281388)
Clp0006I 803581  Obj 1.3483839e+10 Primal inf 1.2852436e+10 (326268)
Clp0006I 804581  Obj 1.3494057e+10 Primal inf 2.017639e+09 (344463)
Clp0006I 805581  Obj 1.3525621e+10 Primal inf 1.5042146e+08 (234951)
Clp0006I 806581  Obj 1.3542203e+10 Primal inf 7.4579924e+08 (276519)
Clp0006I 807581  Obj 1.3552213e+10 Primal inf 4.1302938e+09 (311111)
Clp0006I 808581  Obj 1.3563944e+10 Primal inf 2.1252898e+09 (260889)
Clp0006I 809581  Obj 1.357786e+10 Primal inf 5.6441652e+09 (319787)
Clp0006I 810581  Obj 1.3583846e+10 Primal inf 6.4107802e+09 (319717)
Clp0006I 811581  Obj 1.3589966e+10 Primal inf 9.052199e+08 (280860)
Clp0006I 812581  Obj 1.359864e+10 Primal inf 6.1822927e+09 (322668)
Clp0006I 813581  Obj 1.3603956e+10 Primal inf 1.8650874e+09 (267763)
Clp0006I 814404  Obj 1.3608485e+10 Primal inf 1.0092381e+09 (233770)
Clp0006I 815404  Obj 1.3613452e+10 Primal inf 1.1444461e+10 (262717)
Clp0006I 816404  Obj 1.3623301e+10 Primal inf 1.3987978e+09 (269541)
Clp0006I 817404  Obj 1.3633237e+10 Primal inf 4.4756457e+10 (285469)
Clp0006I 818404  Obj 1.3671101e+10 Primal inf 4.5902771e+09 (251109)
Clp0006I 819404  Obj 1.3712086e+10 Primal inf 5.0491166e+09 (250556)
Clp0006I 820404  Obj 1.3750653e+10 Primal inf 6.8877683e+09 (257330)
Clp0006I 821404  Obj 1.376546e+10 Primal inf 2.6867596e+10 (306004)
Clp0006I 822187  Obj 1.3776419e+10 Primal inf 3.059985e+10 (287423)
Clp0006I 823187  Obj 1.3781237e+10 Primal inf 9.2643491e+08 (249757)
Clp0006I 824187  Obj 1.3792069e+10 Primal inf 1.4254594e+09 (289653)
Clp0006I 825187  Obj 1.3803603e+10 Primal inf 5.065702e+09 (302217)
Clp0006I 826187  Obj 1.3810704e+10 Primal inf 2.5667837e+09 (268241)
Clp0006I 827187  Obj 1.3820433e+10 Primal inf 6.8872147e+08 (240917)
Clp0006I 828187  Obj 1.3824828e+10 Primal inf 9.0052808e+09 (234162)
Clp0006I 829187  Obj 1.3832393e+10 Primal inf 2.5648954e+09 (239891)
Clp0006I 830187  Obj 1.3845584e+10 Primal inf 2.3761803e+09 (296571)
Clp0006I 831187  Obj 1.3857405e+10 Primal inf 1.3477684e+10 (323706)
Clp0006I 832187  Obj 1.3868924e+10 Primal inf 2.7343851e+09 (260463)
Clp0006I 833187  Obj 1.3876117e+10 Primal inf 6.1722051e+09 (315731)
Clp0006I 834187  Obj 1.3880123e+10 Primal inf 2.1284395e+09 (220309)
Clp0006I 835187  Obj 1.3883823e+10 Primal inf 4.598181e+09 (276214)
Clp0006I 835967  Obj 1.3887713e+10 Primal inf 5.983665e+09 (266630)
Clp0006I 836967  Obj 1.3897067e+10 Primal inf 3.0717962e+09 (261432)
Clp0006I 837967  Obj 1.3904477e+10 Primal inf 5.0702793e+09 (298469)
Clp0006I 838967  Obj 1.3925312e+10 Primal inf 4.4302473e+09 (306157)
Clp0006I 839967  Obj 1.3945383e+10 Primal inf 1.4534307e+08 (191627)
Clp0006I 840967  Obj 1.3953536e+10 Primal inf 1.4719107e+09 (326610)
Clp0006I 841967  Obj 1.3955696e+10 Primal inf 5.3800347e+08 (229592)
Clp0006I 842967  Obj 1.3960591e+10 Primal inf 9.7107229e+08 (300516)
Clp0006I 843967  Obj 1.3966332e+10 Primal inf 4.9553773e+09 (230354)
Clp0006I 844967  Obj 1.3970408e+10 Primal inf 1.9269276e+09 (294440)
Clp0006I 845967  Obj 1.3975162e+10 Primal inf 6.6888188e+08 (279543)
Clp0006I 846967  Obj 1.3977724e+10 Primal inf 3.4219725e+09 (281542)
Clp0006I 847967  Obj 1.3980495e+10 Primal inf 1.1538793e+10 (261593)
Clp0006I 848967  Obj 1.3982619e+10 Primal inf 1.0939651e+09 (256042)
Clp0006I 849967  Obj 1.3985981e+10 Primal inf 4.6985617e+08 (182422)
Clp0006I 850967  Obj 1.3988541e+10 Primal inf 6.8357088e+08 (177436)
Clp0006I 851967  Obj 1.3991818e+10 Primal inf 5.3720931e+09 (261621)
Clp0006I 852967  Obj 1.399721e+10 Primal inf 1.988378e+08 (214990)
Clp0006I 853839  Obj 1.4001199e+10 Primal inf 3.6330343e+09 (209640)
Clp0006I 854839  Obj 1.4004305e+10 Primal inf 3.4862906e+09 (255319)
Clp0006I 855839  Obj 1.4007189e+10 Primal inf 3.4531246e+09 (255902)
Clp0006I 856839  Obj 1.4012168e+10 Primal inf 1.2630765e+10 (307100)
Clp0006I 857839  Obj 1.4020532e+10 Primal inf 1.908197e+10 (296248)
Clp0006I 858839  Obj 1.4025048e+10 Primal inf 3.405393e+10 (313324)
Clp0006I 859839  Obj 1.4028704e+10 Primal inf 2.3954494e+08 (222073)
Clp0006I 860839  Obj 1.4030847e+10 Primal inf 1.9371028e+09 (281208)
Clp0006I 861839  Obj 1.4036248e+10 Primal inf 4.0568926e+09 (235617)
Clp0006I 862839  Obj 1.4046843e+10 Primal inf 1.0206934e+10 (296202)
Clp0006I 863839  Obj 1.4055652e+10 Primal inf 1.6295517e+08 (225033)
Clp0006I 864839  Obj 1.4062786e+10 Primal inf 3.1103388e+08 (261014)
Clp0006I 865839  Obj 1.406617e+10 Primal inf 6.3186118e+08 (230509)
Clp0006I 866839  Obj 1.4076817e+10 Primal inf 40802191 (138872)
Clp0006I 867839  Obj 1.4081307e+10 Primal inf 76326636 (176689)
Clp0006I 868839  Obj 1.4084781e+10 Primal inf 2.9556819e+08 (218725)
Clp0006I 869839  Obj 1.4086896e+10 Primal inf 4.451693e+09 (219225)
Clp0006I 870839  Obj 1.4088576e+10 Primal inf 8.252891e+08 (246444)
Clp0006I 871810  Obj 1.4090442e+10 Primal inf 3.6579842e+09 (258005)
Clp0006I 872810  Obj 1.4095328e+10 Primal inf 2.4706313e+09 (302232)
Clp0006I 873810  Obj 1.4101408e+10 Primal inf 6.234746e+08 (226419)
Clp0006I 874810  Obj 1.4109086e+10 Primal inf 4.9472945e+08 (210471)
Clp0006I 875810  Obj 1.4114365e+10 Primal inf 2.4500803e+09 (224632)
Clp0006I 876810  Obj 1.4117051e+10 Primal inf 3.0492635e+08 (192599)
Clp0006I 877810  Obj 1.4121944e+10 Primal inf 2.8371415e+08 (202962)
Clp0006I 878810  Obj 1.4123665e+10 Primal inf 1.0519882e+10 (310348)
Clp0006I 879810  Obj 1.4126167e+10 Primal inf 4.6152099e+09 (306219)
Clp0006I 880810  Obj 1.4127584e+10 Primal inf 9.155842e+08 (246488)
Clp0006I 881810  Obj 1.4129522e+10 Primal inf 2.0222353e+09 (229678)
Clp0006I 882810  Obj 1.4132704e+10 Primal inf 3.1086722e+08 (207464)
Clp0006I 883810  Obj 1.4134374e+10 Primal inf 8.9375056e+08 (190793)
Clp0006I 884492  Obj 1.4135864e+10 Primal inf 3.7702375e+09 (266191)
Clp0006I 885492  Obj 1.4139118e+10 Primal inf 4.0804885e+08 (211307)
Clp0006I 886492  Obj 1.4144148e+10 Primal inf 6.2248976e+08 (262254)
Clp0006I 887492  Obj 1.4149672e+10 Primal inf 1.0451306e+08 (157640)
Clp0006I 888492  Obj 1.4154643e+10 Primal inf 1.3383478e+09 (250671)
Clp0006I 889492  Obj 1.4158544e+10 Primal inf 3.5407803e+09 (211533)
Clp0006I 890492  Obj 1.416084e+10 Primal inf 2.2700567e+08 (133040)
Clp0006I 891492  Obj 1.416368e+10 Primal inf 89753179 (166075)
Clp0006I 892492  Obj 1.4165456e+10 Primal inf 4.3910658e+08 (221035)
Clp0006I 893492  Obj 1.4166821e+10 Primal inf 6.0077219e+09 (293160)
Clp0006I 894492  Obj 1.4167988e+10 Primal inf 5.3715392e+08 (209783)
Clp0006I 895492  Obj 1.4170153e+10 Primal inf 3.9812537e+09 (241499)
Clp0006I 896492  Obj 1.4171672e+10 Primal inf 2.7929176e+09 (182983)
Clp0006I 897492  Obj 1.4173162e+10 Primal inf 3.1084729e+08 (239737)
Clp0006I 898492  Obj 1.4176192e+10 Primal inf 1.2136635e+09 (234808)
Clp0006I 899492  Obj 1.4178496e+10 Primal inf 1.6737875e+08 (164602)
Clp0006I 900492  Obj 1.4180912e+10 Primal inf 2.3516581e+08 (157556)
Clp0006I 901492  Obj 1.4183532e+10 Primal inf 1.958727e+08 (142843)
Clp0006I 902492  Obj 1.4184747e+10 Primal inf 9.4724408e+09 (245380)
Clp0006I 903492  Obj 1.4186229e+10 Primal inf 5.1087673e+08 (136117)
Clp0006I 904492  Obj 1.418732e+10 Primal inf 2.6541904e+08 (134640)
Clp0006I 905492  Obj 1.4188803e+10 Primal inf 8.5970372e+08 (215630)
Clp0006I 906492  Obj 1.4191005e+10 Primal inf 3.8115708e+08 (172875)
Clp0006I 907492  Obj 1.4192963e+10 Primal inf 68893457 (112686)
Clp0006I 908492  Obj 1.4194831e+10 Primal inf 14800513 (107100)
Clp0006I 909492  Obj 1.4196195e+10 Primal inf 1.0437721e+09 (259654)
Clp0006I 910492  Obj 1.4197189e+10 Primal inf 86824848 (116130)
Clp0006I 911492  Obj 1.419841e+10 Primal inf 3.4667864e+08 (169147)
Clp0006I 912492  Obj 1.4199921e+10 Primal inf 27200930 (112723)
Clp0006I 913492  Obj 1.4201303e+10 Primal inf 2.6994666e+08 (123374)
Clp0006I 914199  Obj 1.4202099e+10 Primal inf 1.2138735e+08 (158352)
Clp0006I 915199  Obj 1.4203053e+10 Primal inf 1.102997e+09 (132449)
Clp0006I 916199  Obj 1.4204157e+10 Primal inf 6.0944626e+08 (141581)
Clp0006I 917199  Obj 1.4205097e+10 Primal inf 5.9614188e+08 (199144)
Clp0006I 918199  Obj 1.4206408e+10 Primal inf 47615569 (167672)
Clp0006I 919199  Obj 1.4208064e+10 Primal inf 2.7646604e+08 (145681)
Clp0006I 920199  Obj 1.4209092e+10 Primal inf 53519982 (117079)
Clp0006I 921199  Obj 1.4209771e+10 Primal inf 1.0175973e+08 (111763)
Clp0006I 922199  Obj 1.421029e+10 Primal inf 2.3162639e+08 (176548)
Clp0006I 923199  Obj 1.4210812e+10 Primal inf 4.8046012e+09 (229441)
Clp0006I 924199  Obj 1.4211388e+10 Primal inf 2.3651386e+08 (132338)
Clp0006I 925199  Obj 1.4211821e+10 Primal inf 27626997 (120047)
Clp0006I 926199  Obj 1.4212373e+10 Primal inf 39263681 (128019)
Clp0006I 927199  Obj 1.4212857e+10 Primal inf 2.4480809e+08 (124032)
Clp0006I 928199  Obj 1.421335e+10 Primal inf 6379551.8 (78991)
Clp0006I 929199  Obj 1.4213835e+10 Primal inf 6.2812599e+08 (72917)
Clp0006I 929764  Obj 1.421395e+10 Primal inf 8985740.1 (64305)
Clp0006I 930764  Obj 1.4214386e+10 Primal inf 38873998 (87819)
Clp0006I 931764  Obj 1.42148e+10 Primal inf 36997020 (97101)
Clp0006I 932764  Obj 1.4215203e+10 Primal inf 1.1460198e+08 (79417)
Clp0006I 933764  Obj 1.4215446e+10 Primal inf 63211664 (113946)
Clp0006I 934764  Obj 1.4215644e+10 Primal inf 2787726.5 (80427)
Clp0006I 935718  Obj 1.4215802e+10 Primal inf 5115910.3 (66794)
Clp0006I 936718  Obj 1.4215941e+10 Primal inf 574258.02 (29986)
Clp0006I 937718  Obj 1.4216021e+10 Primal inf 1782142.6 (59742)
Clp0006I 938718  Obj 1.421608e+10 Primal inf 16773.727 (24814)
Clp0006I 939718  Obj 1.4216085e+10 Primal inf 2401.4793 (22522)
Clp0006I 940718  Obj 1.4216088e+10 Primal inf 2070.6514 (21534)
Clp0006I 941718  Obj 1.4216092e+10 Primal inf 1881.8214 (20534)
Clp0006I 942718  Obj 1.4216095e+10 Primal inf 5142.9432 (21208)
Clp0006I 943718  Obj 1.4216098e+10 Primal inf 1605.9472 (19030)
Clp0006I 944718   Activating environment at `~/Documents/princeton/1st_year/MAE529/MAE529_code/project/code/Project.toml`
This Model run is characterised by...
Electrolyser capex cost of: 1700.0
H2 efficiency of: 0.5
Carbon Tax: 0.0
Number of weeks included: 52_weeks
-----------------------------------------------
1 loading data preparation function
-----------------------------------------------
-----------------------------------------------
2 loading model solving function
-----------------------------------------------
adding in carbon tax elements
assigned variables
assigned constraint 1
assigned constraint 2
assigned constraint 3
check
assigned constraints
Model run complete
Obj 1.4216101e+10 Primal inf 1493.7977 (18030)
Clp0006I 945718  Obj 1.4216103e+10 Primal inf 1388.2339 (17030)
Clp0006I 946718  Obj 1.4216105e+10 Primal inf 1288.1472 (16030)
Clp0006I 947718  Obj 1.4216107e+10 Primal inf 1190.494 (15030)
Clp0006I 948718  Obj 1.4216109e+10 Primal inf 1094.8611 (14030)
Clp0006I 949718  Obj 1.4216111e+10 Primal inf 1000.0542 (13030)
Clp0006I 950718  Obj 1.4216113e+10 Primal inf 966.07509 (12033)
Clp0006I 951718  Obj 1.4216116e+10 Primal inf 874.43421 (11035)
Clp0006I 952718  Obj 1.4216118e+10 Primal inf 779.80825 (10033)
Clp0006I 953718  Obj 1.421612e+10 Primal inf 688.78336 (9033)
Clp0006I 954718  Obj 1.4216122e+10 Primal inf 597.78179 (8033)
Clp0006I 955718  Obj 1.4216124e+10 Primal inf 435.22146 (7033)
Clp0006I 956718  Obj 1.4216127e+10 Primal inf 354.21585 (6033)
Clp0006I 957718  Obj 1.421613e+10 Primal inf 278.74843 (5033)
Clp0006I 958718  Obj 1.4216133e+10 Primal inf 219.10083 (4033)
Clp0006I 959718  Obj 1.4216136e+10 Primal inf 171.03487 (3032)
Clp0006I 960718  Obj 1.421614e+10 Primal inf 125.8378 (2032)
Clp0006I 961718  Obj 1.4216143e+10 Primal inf 83.006078 (1032)
Clp0006I 962242  Obj 1.4216145e+10
Clp0000I Optimal - objective value 1.4216145e+10
Coin0511I After Postsolve, objective 1.4216145e+10, infeasibilities - dual 0 (0), primal 0 (0)
Clp0032I Optimal objective 1.421614481e+10 - 962242 iterations time 19642.112, Presolve 4.22
