Coin0506I Presolve 1521577 (-195446) rows, 591998 (-65130) columns and 4511329 (-460732) elements
Clp0006I 0  Obj 0 Primal inf 8.7589291e+08 (43800)
Clp0006I 1000  Obj 4.7917429e-12 Primal inf 8.6631624e+08 (44708)
Clp0006I 2000  Obj 9.9133726e-12 Primal inf 8.5892554e+08 (45580)
Clp0006I 3000  Obj 1.5950214e-11 Primal inf 8.5623739e+08 (46596)
Clp0006I 4000  Obj 10385792 Primal inf 8.4621153e+08 (47625)
Clp0006I 5000  Obj 14191429 Primal inf 8.388302e+08 (48568)
Clp0006I 6000  Obj 24248994 Primal inf 8.3581262e+08 (49528)
Clp0006I 7000  Obj 35361034 Primal inf 8.2962915e+08 (50610)
Clp0006I 8000  Obj 47984048 Primal inf 8.2219234e+08 (51639)
Clp0006I 9000  Obj 65250337 Primal inf 8.1754786e+08 (52829)
Clp0006I 10000  Obj 73795109 Primal inf 8.1536218e+08 (53927)
Clp0006I 11000  Obj 89141257 Primal inf 8.122014e+08 (55013)
Clp0006I 12000  Obj 1.0513976e+08 Primal inf 8.1046072e+08 (56234)
Clp0006I 13000  Obj 1.2010637e+08 Primal inf 8.0694709e+08 (57374)
Clp0006I 14000  Obj 1.3519326e+08 Primal inf 8.0778744e+08 (58634)
Clp0006I 15000  Obj 1.5702915e+08 Primal inf 8.0412866e+08 (59868)
Clp0006I 16000  Obj 1.7874995e+08 Primal inf 8.0497258e+08 (61132)
Clp0006I 17000  Obj 2.0646066e+08 Primal inf 7.268969e+08 (62321)
Clp0006I 18000  Obj 2.2722656e+08 Primal inf 7.2602586e+08 (63576)
Clp0006I 19000  Obj 2.4839692e+08 Primal inf 7.2559513e+08 (64704)
Clp0006I 20000  Obj 2.7786924e+08 Primal inf 7.2887619e+08 (66035)
Clp0006I 21000  Obj 2.9551773e+08 Primal inf 7.2603117e+08 (67251)
Clp0006I 22000  Obj 3.2123331e+08 Primal inf 7.2656691e+08 (68571)
Clp0006I 23000  Obj 3.5245842e+08 Primal inf 7.2672297e+08 (69914)
Clp0006I 24000  Obj 3.7238346e+08 Primal inf 7.2820884e+08 (71161)
Clp0006I 25000  Obj 3.9888979e+08 Primal inf 7.2874705e+08 (72445)
Clp0006I 26000  Obj 4.248253e+08 Primal inf 7.3109812e+08 (73629)
Clp0006I 27000  Obj 4.5186311e+08 Primal inf 7.3212541e+08 (74872)
Clp0006I 28000  Obj 4.838987e+08 Primal inf 7.3129606e+08 (76107)
Clp0006I 29000  Obj 5.1083434e+08 Primal inf 7.3121924e+08 (77248)
Clp0006I 30000  Obj 5.3398444e+08 Primal inf 7.3318415e+08 (78349)
Clp0006I 31000  Obj 5.5864875e+08 Primal inf 7.3509853e+08 (79583)
Clp0006I 32000  Obj 5.7987529e+08 Primal inf 7.3842552e+08 (80864)
Clp0006I 33000  Obj 6.1075056e+08 Primal inf 7.3712002e+08 (82195)
Clp0006I 34000  Obj 6.3493438e+08 Primal inf 7.3936107e+08 (83270)
Clp0006I 35000  Obj 6.6358326e+08 Primal inf 7.3960252e+08 (84481)
Clp0006I 36000  Obj 7.0036669e+08 Primal inf 7.3777054e+08 (85541)
Clp0006I 37000  Obj 7.4182365e+08 Primal inf 7.3945871e+08 (86705)
Clp0006I 38000  Obj 7.7627511e+08 Primal inf 7.4076767e+08 (87879)
Clp0006I 39000  Obj 8.0562695e+08 Primal inf 7.3935364e+08 (88993)
Clp0006I 40000  Obj 8.3133572e+08 Primal inf 7.4227162e+08 (90266)
Clp0006I 41000  Obj 8.661378e+08 Primal inf 7.4543067e+08 (91415)
Clp0006I 42000  Obj 9.148203e+08 Primal inf 7.4533348e+08 (92593)
Clp0006I 43000  Obj 9.6028262e+08 Primal inf 7.444288e+08 (93785)
Clp0006I 44000  Obj 9.9078139e+08 Primal inf 7.4785773e+08 (94956)
Clp0006I 45000  Obj 1.0254637e+09 Primal inf 7.5044866e+08 (96216)
Clp0006I 46000  Obj 1.0738786e+09 Primal inf 7.5165014e+08 (97280)
Clp0006I 47000  Obj 1.1103693e+09 Primal inf 7.5253421e+08 (98414)
Clp0006I 48000  Obj 1.1508297e+09 Primal inf 7.5463254e+08 (99489)
Clp0006I 49000  Obj 1.2087832e+09 Primal inf 7.5505176e+08 (100616)
Clp0006I 50000  Obj 1.2442483e+09 Primal inf 7.5640569e+08 (101686)
Clp0006I 51000  Obj 1.2917109e+09 Primal inf 7.5797177e+08 (102789)
Clp0006I 52000  Obj 1.3494052e+09 Primal inf 7.5503913e+08 (103946)
Clp0006I 53000  Obj 1.4062953e+09 Primal inf 7.5911721e+08 (105114)
Clp0006I 54000  Obj 1.4675996e+09 Primal inf 7.5538152e+08 (106157)
Clp0006I 55000  Obj 1.5001484e+09 Primal inf 7.290586e+08 (109630)
Clp0006I 56000  Obj 1.5124397e+09 Primal inf 7.5456771e+08 (110898)
Clp0006I 57000  Obj 1.5202918e+09 Primal inf 1.096269e+09 (110507)
Clp0006I 58000  Obj 1.5280415e+09 Primal inf 8.9313774e+08 (111723)
Clp0006I 59000  Obj 1.5443997e+09 Primal inf 7.4748546e+08 (113869)
Clp0006I 60000  Obj 1.5586407e+09 Primal inf 7.4564335e+08 (114800)
Clp0006I 61000  Obj 1.5696021e+09 Primal inf 7.5067761e+08 (115873)
Clp0006I 62000  Obj 1.6021118e+09 Primal inf 7.9766253e+08 (115091)
Clp0006I 63000  Obj 1.6477778e+09 Primal inf 1.0079234e+09 (116126)
Clp0006I 64000  Obj 1.6843246e+09 Primal inf 7.5339761e+08 (118738)
Clp0006I 65000  Obj 1.8213543e+09 Primal inf 7.4164617e+08 (119514)
Clp0006I 66000  Obj 1.8529459e+09 Primal inf 7.9944074e+08 (119601)
Clp0006I 67000  Obj 1.9565728e+09 Primal inf 9.0472756e+08 (120198)
Clp0006I 68000  Obj 1.9845939e+09 Primal inf 7.7150539e+08 (122059)
Clp0006I 69000  Obj 2.0021396e+09 Primal inf 7.7318615e+08 (123122)
Clp0006I 70000  Obj 2.0367735e+09 Primal inf 7.4361103e+08 (124823)
Clp0006I 71000  Obj 2.0580899e+09 Primal inf 7.706343e+08 (126358)
Clp0006I 72000  Obj 2.0831637e+09 Primal inf 7.7249359e+08 (125735)
Clp0006I 73000  Obj 2.1226535e+09 Primal inf 7.4642537e+08 (128169)
Clp0006I 74000  Obj 2.1535668e+09 Primal inf 7.429231e+08 (128180)
Clp0006I 75000  Obj 2.1832294e+09 Primal inf 7.7828238e+08 (128238)
Clp0006I 76000  Obj 2.2296539e+09 Primal inf 8.1309638e+08 (130476)
Clp0006I 77000  Obj 2.2575969e+09 Primal inf 7.0814271e+08 (131059)
Clp0006I 78000  Obj 2.3154439e+09 Primal inf 7.2773995e+08 (132347)
Clp0006I 79000  Obj 2.3385361e+09 Primal inf 7.5074675e+08 (133374)
Clp0006I 80000  Obj 2.3689971e+09 Primal inf 7.4668375e+08 (134491)
Clp0006I 81000  Obj 2.4144731e+09 Primal inf 8.528167e+08 (134897)
Clp0006I 82000  Obj 2.4377989e+09 Primal inf 7.3714939e+08 (135576)
Clp0006I 83000  Obj 2.496567e+09 Primal inf 2.2664553e+09 (167348)
Clp0006I 84000  Obj 2.5314904e+09 Primal inf 7.1112992e+08 (136115)
Clp0006I 85000  Obj 2.6005596e+09 Primal inf 9.5585071e+08 (147092)
Clp0006I 86000  Obj 2.6167628e+09 Primal inf 7.1410546e+08 (137322)
Clp0006I 87000  Obj 2.6544092e+09 Primal inf 7.2055918e+08 (137473)
Clp0006I 88000  Obj 2.6897831e+09 Primal inf 7.3112083e+08 (140253)
Clp0006I 89000  Obj 2.6976053e+09 Primal inf 7.245976e+08 (140749)
Clp0006I 90000  Obj 2.7168213e+09 Primal inf 7.1647494e+08 (141330)
Clp0006I 91000  Obj 2.7383675e+09 Primal inf 7.1233042e+08 (142095)
Clp0006I 92000  Obj 2.7502735e+09 Primal inf 7.1594995e+08 (142874)
Clp0006I 93000  Obj 2.7978353e+09 Primal inf 7.2475258e+08 (143847)
Clp0006I 94000  Obj 2.8321906e+09 Primal inf 7.5111266e+08 (145532)
Clp0006I 95000  Obj 2.8591567e+09 Primal inf 8.0216682e+08 (146734)
Clp0006I 96000  Obj 2.9071808e+09 Primal inf 1.1138448e+09 (167973)
Clp0006I 97000  Obj 2.9436907e+09 Primal inf 7.3468322e+08 (146844)
Clp0006I 98000  Obj 3.012824e+09 Primal inf 1.7739128e+09 (183632)
Clp0006I 99000  Obj 3.0741234e+09 Primal inf 1.3783216e+09 (183725)
Clp0006I 100000  Obj 3.1188245e+09 Primal inf 7.9360048e+08 (149664)
Clp0006I 101000  Obj 3.1348914e+09 Primal inf 7.9121007e+08 (150144)
Clp0006I 102000  Obj 3.1905817e+09 Primal inf 8.1568887e+08 (151187)
Clp0006I 103000  Obj 3.2263385e+09 Primal inf 7.6277768e+08 (150322)
Clp0006I 104000  Obj 3.2682941e+09 Primal inf 7.8107416e+08 (149219)
Clp0006I 105000  Obj 3.3032632e+09 Primal inf 8.6270632e+08 (152749)
Clp0006I 106000  Obj 3.3683372e+09 Primal inf 7.6208278e+08 (150038)
Clp0006I 107000  Obj 3.4534501e+09 Primal inf 1.0723864e+09 (166230)
Clp0006I 108000  Obj 3.5135597e+09 Primal inf 8.0677195e+08 (152428)
Clp0006I 109000  Obj 3.5990698e+09 Primal inf 2.72723e+09 (181101)
Clp0006I 110000  Obj 3.657081e+09 Primal inf 8.9385721e+08 (150182)
Clp0006I 111000  Obj 3.7515421e+09 Primal inf 9.6923874e+08 (155871)
Clp0006I 112000  Obj 3.8340052e+09 Primal inf 2.4908026e+09 (163693)
Clp0006I 113000  Obj 3.873379e+09 Primal inf 8.3662576e+08 (151645)
Clp0006I 114000  Obj 3.9601533e+09 Primal inf 3.8996329e+09 (189666)
Clp0006I 115000  Obj 3.9993958e+09 Primal inf 3.5547281e+09 (167877)
Clp0006I 116000  Obj 4.0384136e+09 Primal inf 3.3411582e+09 (184242)
Clp0006I 117000  Obj 4.0836472e+09 Primal inf 4.2510307e+09 (167568)
Clp0006I 118000  Obj 4.1218828e+09 Primal inf 8.7938475e+08 (160580)
Clp0006I 119000  Obj 4.1978283e+09 Primal inf 9.1191686e+08 (159941)
Clp0006I 120000  Obj 4.2550695e+09 Primal inf 9.0324442e+08 (163148)
Clp0006I 121000  Obj 4.3412508e+09 Primal inf 8.1245709e+08 (161048)
Clp0006I 122000  Obj 4.3994805e+09 Primal inf 1.0766485e+09 (200970)
Clp0006I 123000  Obj 4.4279602e+09 Primal inf 2.41594e+09 (204392)
Clp0006I 124000  Obj 4.47112e+09 Primal inf 2.7727196e+09 (229315)
Clp0006I 125000  Obj 4.4986128e+09 Primal inf 1.5180563e+09 (192045)
Clp0006I 126000  Obj 4.5137339e+09 Primal inf 8.8522421e+08 (168469)
Clp0006I 127000  Obj 4.5190466e+09 Primal inf 9.2964356e+08 (170241)
Clp0006I 128000  Obj 4.5275328e+09 Primal inf 1.6006366e+10 (185944)
Clp0006I 129000  Obj 4.5398589e+09 Primal inf 4.294285e+09 (228763)
Clp0006I 130000  Obj 4.5553055e+09 Primal inf 1.8669799e+09 (206408)
Clp0006I 131000  Obj 4.591984e+09 Primal inf 2.5646217e+09 (229281)
Clp0006I 132000  Obj 4.6071627e+09 Primal inf 2.4817503e+09 (183333)
Clp0006I 133000  Obj 4.6613957e+09 Primal inf 2.2678208e+09 (179854)
Clp0006I 134000  Obj 4.694562e+09 Primal inf 2.2051428e+10 (211147)
Clp0006I 135000  Obj 4.7242091e+09 Primal inf 4.5686491e+09 (210319)
Clp0006I 136000  Obj 4.7388517e+09 Primal inf 5.1935467e+09 (210630)
Clp0006I 137000  Obj 4.7542893e+09 Primal inf 1.4352192e+09 (182873)
Clp0006I 138000  Obj 4.7690792e+09 Primal inf 1.4831542e+09 (183294)
Clp0006I 139000  Obj 4.7771429e+09 Primal inf 1.2269946e+09 (184010)
Clp0006I 140000  Obj 4.8020649e+09 Primal inf 2.2468513e+09 (208202)
Clp0006I 141000  Obj 4.8232116e+09 Primal inf 4.0538583e+09 (210501)
Clp0006I 142000  Obj 4.8410845e+09 Primal inf 3.7843356e+09 (212649)
Clp0006I 143000  Obj 4.8481243e+09 Primal inf 1.0098952e+09 (177069)
Clp0006I 144000  Obj 4.8638333e+09 Primal inf 8.6305354e+08 (171218)
Clp0006I 145000  Obj 4.8771811e+09 Primal inf 1.8113014e+09 (204245)
Clp0006I 146000  Obj 4.9010405e+09 Primal inf 1.0895459e+09 (180517)
Clp0006I 147000  Obj 4.9279866e+09 Primal inf 1.298802e+09 (188708)
Clp0006I 148000  Obj 4.9686999e+09 Primal inf 9.1123052e+08 (173296)
Clp0006I 149000  Obj 4.9803264e+09 Primal inf 1.3601821e+10 (190569)
Clp0006I 150000  Obj 5.017125e+09 Primal inf 1.7117955e+10 (182733)
Clp0006I 151000  Obj 5.0607124e+09 Primal inf 2.3846119e+09 (214419)
Clp0006I 152000  Obj 5.1046894e+09 Primal inf 1.5030949e+09 (188924)
Clp0006I 153000  Obj 5.1540192e+09 Primal inf 1.5611621e+09 (184382)
Clp0006I 154000  Obj 5.1702331e+09 Primal inf 9.2718261e+08 (176168)
Clp0006I 155000  Obj 5.1834477e+09 Primal inf 1.2050617e+09 (203084)
Clp0006I 156000  Obj 5.2144514e+09 Primal inf 1.0478354e+09 (179925)
Clp0006I 157000  Obj 5.2359806e+09 Primal inf 1.8742647e+10 (253599)
Clp0006I 158000  Obj 5.2478485e+09 Primal inf 3.8449968e+09 (213932)
Clp0006I 159000  Obj 5.2684136e+09 Primal inf 1.452734e+09 (187837)
Clp0006I 160000  Obj 5.317961e+09 Primal inf 9.641699e+08 (178815)
Clp0006I 161000  Obj 5.3293971e+09 Primal inf 2.7416141e+09 (214306)
Clp0006I 162000  Obj 5.3423409e+09 Primal inf 1.0515584e+09 (176462)
Clp0006I 163000  Obj 5.3619427e+09 Primal inf 1.5614935e+09 (191023)
Clp0006I 164000  Obj 5.4106227e+09 Primal inf 3.5924407e+09 (214704)
Clp0006I 165000  Obj 5.4349662e+09 Primal inf 9.9123889e+08 (176995)
Clp0006I 166000  Obj 5.4496958e+09 Primal inf 2.0371785e+09 (210145)
Clp0006I 167000  Obj 5.4604845e+09 Primal inf 2.0156325e+09 (210184)
Clp0006I 168000  Obj 5.4669729e+09 Primal inf 2.0096595e+09 (210500)
Clp0006I 169000  Obj 5.4756019e+09 Primal inf 1.9580404e+09 (194168)
Clp0006I 170000  Obj 5.5093304e+09 Primal inf 5.1029164e+09 (218132)
Clp0006I 171000  Obj 5.5439238e+09 Primal inf 9.6471668e+08 (179071)
Clp0006I 172000  Obj 5.5701303e+09 Primal inf 1.6320757e+09 (192049)
Clp0006I 173000  Obj 5.612884e+09 Primal inf 1.2445063e+09 (180781)
Clp0006I 174000  Obj 5.6394181e+09 Primal inf 5.7642117e+09 (217346)
Clp0006I 175000  Obj 5.6457285e+09 Primal inf 1.2403791e+09 (204722)
Clp0006I 176000  Obj 5.6777187e+09 Primal inf 1.5723815e+09 (191362)
Clp0006I 177000  Obj 5.7111346e+09 Primal inf 8.7716566e+09 (218870)
Clp0006I 178000  Obj 5.7295682e+09 Primal inf 9.9745757e+08 (181740)
Clp0006I 179000  Obj 5.7521742e+09 Primal inf 1.172058e+09 (183755)
Clp0006I 180000  Obj 5.7813515e+09 Primal inf 2.1362248e+10 (189652)
Clp0006I 181000  Obj 5.7893613e+09 Primal inf 1.3383985e+09 (190763)
Clp0006I 182000  Obj 5.800594e+09 Primal inf 1.121746e+09 (182346)
Clp0006I 183000  Obj 5.8104126e+09 Primal inf 1.3217977e+09 (183967)
Clp0006I 184000  Obj 5.8209956e+09 Primal inf 3.0432376e+09 (217526)
Clp0006I 185000  Obj 5.8299418e+09 Primal inf 1.8485587e+09 (215350)
Clp0006I 186000  Obj 5.8443468e+09 Primal inf 2.4095374e+09 (209922)
Clp0006I 187000  Obj 5.8511848e+09 Primal inf 1.5106235e+09 (186496)
Clp0006I 188000  Obj 5.8596643e+09 Primal inf 1.6312923e+09 (194152)
Clp0006I 189000  Obj 5.864031e+09 Primal inf 1.2544414e+09 (182915)
Clp0006I 190000  Obj 5.8831495e+09 Primal inf 5.2533726e+10 (245414)
Clp0006I 191000  Obj 5.8934167e+09 Primal inf 3.3673269e+09 (216710)
Clp0006I 192000  Obj 5.9011973e+09 Primal inf 2.1800102e+09 (193304)
Clp0006I 193000  Obj 5.9168915e+09 Primal inf 3.9663726e+09 (219168)
Clp0006I 194000  Obj 5.9363088e+09 Primal inf 1.2546408e+09 (189232)
Clp0006I 195000  Obj 5.9509237e+09 Primal inf 1.2733587e+09 (182486)
Clp0006I 196000  Obj 5.9623546e+09 Primal inf 1.3942013e+09 (184897)
Clp0006I 197000  Obj 5.9679489e+09 Primal inf 2.8286041e+09 (213136)
Clp0006I 198000  Obj 5.9975765e+09 Primal inf 2.8335365e+09 (189991)
Clp0006I 199000  Obj 6.0467477e+09 Primal inf 2.5112466e+09 (208646)
Clp0006I 200000  Obj 6.1008552e+09 Primal inf 4.5746312e+10 (221809)
Clp0006I 201000  Obj 6.1279186e+09 Primal inf 1.7874926e+09 (185354)
Clp0006I 202000  Obj 6.2052972e+09 Primal inf 1.2986227e+09 (180696)
Clp0006I 203000  Obj 6.2466818e+09 Primal inf 1.2903042e+09 (178419)
Clp0006I 204000  Obj 6.2832085e+09 Primal inf 3.7409072e+09 (238933)
Clp0006I 205000  Obj 6.3402792e+09 Primal inf 1.4458836e+09 (181330)
Clp0006I 206000  Obj 6.4009997e+09 Primal inf 1.6669271e+10 (219689)
Clp0006I 207000  Obj 6.4543325e+09 Primal inf 6.6009194e+09 (192702)
Clp0006I 208000  Obj 6.5158039e+09 Primal inf 1.6095776e+09 (184217)
Clp0006I 209000  Obj 6.5460125e+09 Primal inf 1.2300255e+09 (178426)
Clp0006I 210000  Obj 6.5728174e+09 Primal inf 5.5572851e+09 (216182)
Clp0006I 211000  Obj 6.5953633e+09 Primal inf 2.1993955e+09 (182878)
Clp0006I 212000  Obj 6.6258948e+09 Primal inf 1.0990397e+09 (179135)
Clp0006I 213000  Obj 6.6742532e+09 Primal inf 1.2911624e+09 (178376)
Clp0006I 214000  Obj 6.7244865e+09 Primal inf 1.5975369e+09 (210851)
Clp0006I 215000  Obj 6.7556049e+09 Primal inf 2.8081235e+09 (212334)
Clp0006I 216000  Obj 6.7733753e+09 Primal inf 1.2526844e+09 (178769)
Clp0006I 217000  Obj 6.7922095e+09 Primal inf 1.3115603e+09 (181239)
Clp0006I 218000  Obj 6.8130339e+09 Primal inf 6.0336472e+10 (223877)
Clp0006I 219000  Obj 6.854254e+09 Primal inf 3.1651225e+09 (214109)
Clp0006I 220000  Obj 6.8788213e+09 Primal inf 1.0423141e+09 (179588)
Clp0006I 221000  Obj 6.9040907e+09 Primal inf 1.7281048e+09 (183991)
Clp0006I 222000  Obj 6.9239436e+09 Primal inf 1.1837191e+09 (178260)
Clp0006I 223000  Obj 6.9613525e+09 Primal inf 7.6319336e+10 (220710)
Clp0006I 224000  Obj 6.9835152e+09 Primal inf 9.2634088e+11 (223256)
Clp0006I 225000  Obj 7.0015773e+09 Primal inf 1.9984845e+09 (211862)
Clp0006I 226000  Obj 7.0239487e+09 Primal inf 1.5908932e+09 (201713)
Clp0006I 227000  Obj 7.0500608e+09 Primal inf 5.0552263e+09 (214097)
Clp0006I 228000  Obj 7.0617503e+09 Primal inf 2.7117758e+09 (205850)
Clp0006I 229000  Obj 7.0724518e+09 Primal inf 2.1201873e+09 (184891)
Clp0006I 230000  Obj 7.0845448e+09 Primal inf 2.9583288e+09 (214035)
Clp0006I 231000  Obj 7.1186917e+09 Primal inf 1.4221066e+09 (180737)
Clp0006I 232000  Obj 7.1447598e+09 Primal inf 1.2838937e+09 (176856)
Clp0006I 233000  Obj 7.2103942e+09 Primal inf 5.0800433e+09 (209988)
Clp0006I 234000  Obj 7.2469688e+09 Primal inf 1.5973065e+09 (180183)
Clp0006I 235000  Obj 7.2685458e+09 Primal inf 1.4457273e+10 (188188)
Clp0006I 236000  Obj 7.3317313e+09 Primal inf 1.2534686e+09 (176728)
Clp0006I 237000  Obj 7.3968841e+09 Primal inf 5.0912102e+09 (206569)
Clp0006I 238000  Obj 7.4287841e+09 Primal inf 1.5888061e+09 (175089)
Clp0006I 239000  Obj 7.4595681e+09 Primal inf 8.8709228e+09 (203208)
Clp0006I 240000  Obj 7.5011793e+09 Primal inf 1.8179335e+09 (177869)
Clp0006I 241000  Obj 7.5308695e+09 Primal inf 1.7055038e+09 (176531)
Clp0006I 242000  Obj 7.546383e+09 Primal inf 1.5570219e+09 (179226)
Clp0006I 243000  Obj 7.5639296e+09 Primal inf 2.0547974e+09 (182569)
Clp0006I 244000  Obj 7.5996676e+09 Primal inf 1.6345128e+09 (176269)
Clp0006I 245000  Obj 7.618631e+09 Primal inf 2.6607764e+09 (180011)
Clp0006I 246000  Obj 7.6442264e+09 Primal inf 2.4243731e+11 (220195)
Clp0006I 247000  Obj 7.7401627e+09 Primal inf 1.7121293e+09 (176644)
Clp0006I 248000  Obj 7.7752344e+09 Primal inf 7.5510645e+09 (188017)
Clp0006I 249000  Obj 7.801017e+09 Primal inf 2.9616272e+09 (186054)
Clp0006I 250000  Obj 7.8201828e+09 Primal inf 1.4190816e+10 (203850)
Clp0006I 251000  Obj 7.8542137e+09 Primal inf 4.3058948e+09 (185285)
Clp0006I 252000  Obj 7.8793966e+09 Primal inf 2.944094e+09 (189177)
Clp0006I 253000  Obj 7.9196017e+09 Primal inf 5.242815e+10 (254831)
Clp0006I 254000  Obj 7.9433981e+09 Primal inf 4.3983195e+09 (212412)
Clp0006I 255000  Obj 7.9659155e+09 Primal inf 3.3586777e+11 (256422)
Clp0006I 256000  Obj 8.0116573e+09 Primal inf 2.7173717e+09 (201928)
Clp0006I 257000  Obj 8.0451243e+09 Primal inf 1.7115437e+10 (269248)
Clp0006I 258000  Obj 8.1339571e+09 Primal inf 2.3046168e+10 (209619)
Clp0006I 259000  Obj 8.1903852e+09 Primal inf 6.4862333e+09 (215040)
Clp0006I 260000  Obj 8.2616845e+09 Primal inf 6.095305e+09 (219288)
Clp0006I 261000  Obj 8.3018195e+09 Primal inf 6.8886962e+09 (217656)
Clp0006I 262000  Obj 8.3466558e+09 Primal inf 5.2406877e+09 (215102)
Clp0006I 263000  Obj 8.3716546e+09 Primal inf 1.8122283e+11 (214339)
Clp0006I 264000  Obj 8.443478e+09 Primal inf 4.9378817e+09 (182931)
Clp0006I 265000  Obj 8.5144808e+09 Primal inf 5.2950864e+11 (255190)
Clp0006I 266000  Obj 8.5374032e+09 Primal inf 4.0984815e+10 (227738)
Clp0006I 267000  Obj 8.5923101e+09 Primal inf 4.8979644e+11 (229346)
Clp0006I 268000  Obj 8.6595758e+09 Primal inf 2.1072012e+09 (191135)
Clp0006I 269000  Obj 8.7121504e+09 Primal inf 2.3602295e+11 (221744)
Clp0006I 270000  Obj 8.7416189e+09 Primal inf 1.4673244e+12 (243837)
Clp0006I 271000  Obj 8.7823104e+09 Primal inf 1.0568682e+10 (246594)
Clp0006I 272000  Obj 8.820704e+09 Primal inf 3.3657474e+09 (190627)
Clp0006I 273000  Obj 8.8992579e+09 Primal inf 2.2907229e+11 (254003)
Clp0006I 274000  Obj 8.9949479e+09 Primal inf 1.2000768e+10 (255657)
Clp0006I 275000  Obj 9.1102926e+09 Primal inf 1.1744507e+11 (248492)
Clp0006I 276000  Obj 9.186001e+09 Primal inf 1.541987e+10 (229119)
Clp0006I 277000  Obj 9.2669773e+09 Primal inf 2.1179829e+10 (223244)
Clp0006I 278000  Obj 9.3292454e+09 Primal inf 3.7523359e+09 (225178)
Clp0006I 279000  Obj 9.4052681e+09 Primal inf 1.117061e+10 (199333)
Clp0006I 280000  Obj 9.4841675e+09 Primal inf 2.081505e+10 (277262)
Clp0006I 281000  Obj 9.5546867e+09 Primal inf 3.9570918e+10 (247617)
Clp0006I 281971  Obj 9.6017321e+09 Primal inf 8.751124e+09 (240958)
Clp0006I 282971  Obj 9.6623981e+09 Primal inf 3.1828409e+10 (227175)
Clp0006I 283971  Obj 9.7282456e+09 Primal inf 1.0702147e+10 (204452)
Clp0006I 284971  Obj 9.7961332e+09 Primal inf 4.3502701e+09 (253853)
Clp0006I 285971  Obj 9.8779795e+09 Primal inf 1.5771432e+10 (204893)
Clp0006I 286971  Obj 9.9810671e+09 Primal inf 6.2322456e+10 (267355)
Clp0006I 287971  Obj 1.0058378e+10 Primal inf 1.4749315e+10 (278773)
Clp0006I 288971  Obj 1.0115928e+10 Primal inf 7.0631123e+09 (253590)
Clp0006I 289971  Obj 1.018794e+10 Primal inf 1.5673884e+11 (288096)
Clp0006I 290792  Obj 1.0253487e+10 Primal inf 1.5545359e+10 (224510)
Clp0006I 291792  Obj 1.0322114e+10 Primal inf 3.4079154e+10 (255434)
Clp0006I 292792  Obj 1.0379833e+10 Primal inf 1.3572813e+10 (217540)
Clp0006I 293792  Obj 1.0427727e+10 Primal inf 3.158781e+10 (226657)
Clp0006I 294502  Obj 1.0470323e+10 Primal inf 1.6547459e+11 (262589)
Clp0006I 295422  Obj 1.051718e+10 Primal inf 6.7473695e+09 (259904)
Clp0006I 296422  Obj 1.0580071e+10 Primal inf 3.4164215e+10 (234059)
Clp0006I 297422  Obj 1.0631267e+10 Primal inf 1.1855705e+10 (222735)
Clp0006I 298422  Obj 1.0702085e+10 Primal inf 7.7396106e+09 (258255)
Clp0006I 299422  Obj 1.0767726e+10 Primal inf 1.5950675e+09 (186011)
Clp0006I 300422  Obj 1.0828669e+10 Primal inf 4.2435062e+09 (213610)
Clp0006I 301422  Obj 1.0888218e+10 Primal inf 1.1505432e+10 (265313)
Clp0006I 302422  Obj 1.0939741e+10 Primal inf 3.1782653e+09 (216922)
Clp0006I 303422  Obj 1.098403e+10 Primal inf 1.5643941e+10 (232487)
Clp0006I 304422  Obj 1.1027385e+10 Primal inf 2.041218e+10 (221849)
Clp0006I 305422  Obj 1.107214e+10 Primal inf 2.9597588e+09 (201018)
Clp0006I 306422  Obj 1.1105286e+10 Primal inf 4.1073529e+09 (218343)
Clp0006I 307256  Obj 1.1134583e+10 Primal inf 2.7590298e+10 (244922)
Clp0006I 308256  Obj 1.1164355e+10 Primal inf 9.9302273e+09 (216119)
Clp0006I 309189  Obj 1.1216136e+10 Primal inf 1.6944123e+10 (237698)
Clp0006I 310189  Obj 1.1250893e+10 Primal inf 6.8434684e+09 (204970)
Clp0006I 311189  Obj 1.1274451e+10 Primal inf 4.201765e+09 (234066)
Clp0006I 312189  Obj 1.1319336e+10 Primal inf 1.8641195e+09 (207028)
Clp0006I 313189  Obj 1.1362671e+10 Primal inf 1.0841418e+10 (233891)
Clp0006I 314189  Obj 1.1388912e+10 Primal inf 1.241904e+10 (218849)
Clp0006I 315189  Obj 1.1408864e+10 Primal inf 9.5885209e+09 (231387)
Clp0006I 316189  Obj 1.144087e+10 Primal inf 5.5234378e+09 (207820)
Clp0006I 317189  Obj 1.1483375e+10 Primal inf 2.2403937e+09 (206374)
Clp0006I 318189  Obj 1.1503232e+10 Primal inf 2.4384806e+09 (210595)
Clp0006I 319189  Obj 1.150931e+10 Primal inf 3.5231784e+09 (225407)
Clp0006I 320189  Obj 1.1517102e+10 Primal inf 2.800642e+09 (213311)
Clp0006I 321189  Obj 1.1521577e+10 Primal inf 8.7021211e+08 (204363)
Clp0006I 322189  Obj 1.1570732e+10 Primal inf 3.2556326e+09 (227704)
Clp0006I 323189  Obj 1.1622831e+10 Primal inf 6.3174242e+09 (191665)
Clp0006I 324189  Obj 1.1666893e+10 Primal inf 9.1011544e+08 (197674)
Clp0006I 325189  Obj 1.1682845e+10 Primal inf 7.1095862e+09 (241866)
Clp0006I 326189  Obj 1.1704265e+10 Primal inf 3.8825221e+09 (229406)
Clp0006I 327189  Obj 1.1713454e+10 Primal inf 2.2344325e+09 (192794)
Clp0006I 328189  Obj 1.1741238e+10 Primal inf 3.0120836e+09 (221012)
Clp0006I 329189  Obj 1.1761299e+10 Primal inf 1.5963655e+09 (228207)
Clp0006I 330189  Obj 1.1778989e+10 Primal inf 1.9247325e+10 (268995)
Clp0006I 331189  Obj 1.1782149e+10 Primal inf 1.926216e+10 (269247)
Clp0006I 332189  Obj 1.1788583e+10 Primal inf 3.2530652e+09 (221274)
Clp0006I 333189  Obj 1.1792725e+10 Primal inf 8.6398148e+09 (227614)
Clp0006I 334189  Obj 1.1807419e+10 Primal inf 3.9283817e+09 (218128)
Clp0006I 335189  Obj 1.1823375e+10 Primal inf 2.1827141e+09 (228242)
Clp0006I 336189  Obj 1.1835206e+10 Primal inf 3.4712823e+10 (256765)
Clp0006I 337189  Obj 1.1856253e+10 Primal inf 7.4453559e+09 (226423)
Clp0006I 338189  Obj 1.1874794e+10 Primal inf 7.6327524e+09 (232251)
Clp0006I 339189  Obj 1.1883889e+10 Primal inf 2.8811879e+09 (252759)
Clp0006I 340189  Obj 1.1902541e+10 Primal inf 2.6021394e+09 (214634)
Clp0006I 341189  Obj 1.1918518e+10 Primal inf 1.1276569e+10 (214040)
Clp0006I 342189  Obj 1.1924577e+10 Primal inf 2.1256813e+09 (203755)
Clp0006I 343189  Obj 1.1935679e+10 Primal inf 2.1955547e+09 (231197)
Clp0006I 344189  Obj 1.1951951e+10 Primal inf 3.3912687e+09 (238421)
Clp0006I 345189  Obj 1.197614e+10 Primal inf 6.6960082e+09 (234250)
Clp0006I 346189  Obj 1.199079e+10 Primal inf 4.3087186e+10 (230692)
Clp0006I 347189  Obj 1.200139e+10 Primal inf 1.7152633e+09 (220302)
Clp0006I 348189  Obj 1.2008859e+10 Primal inf 6.8846563e+10 (243718)
Clp0006I 349189  Obj 1.2016394e+10 Primal inf 2.3699087e+10 (234340)
Clp0006I 350189  Obj 1.2021597e+10 Primal inf 1.872703e+09 (252834)
Clp0006I 351189  Obj 1.2030226e+10 Primal inf 3.9086226e+09 (221537)
Clp0006I 352189  Obj 1.2031876e+10 Primal inf 3.0608065e+09 (206571)
Clp0006I 353189  Obj 1.2047564e+10 Primal inf 6.6046717e+09 (223390)
Clp0006I 354189  Obj 1.2219185e+10 Primal inf 1.3863329e+09 (206399)
Clp0006I 355189  Obj 1.2241618e+10 Primal inf 1.9981101e+10 (268909)
Clp0006I 356189  Obj 1.2243206e+10 Primal inf 7.7762596e+08 (191355)
Clp0006I 357189  Obj 1.2248498e+10 Primal inf 7.8384449e+09 (227956)
Clp0006I 358189  Obj 1.2261501e+10 Primal inf 3.436725e+09 (251029)
Clp0006I 359189  Obj 1.2270822e+10 Primal inf 1.9333064e+10 (264839)
Clp0006I 360189  Obj 1.2276585e+10 Primal inf 5.2185695e+09 (255782)
Clp0006I 361189  Obj 1.22823e+10 Primal inf 2.4753613e+10 (237943)
Clp0006I 362189  Obj 1.228616e+10 Primal inf 1.3232189e+10 (227693)
Clp0006I 363189  Obj 1.2305865e+10 Primal inf 1.2625497e+09 (222350)
Clp0006I 364189  Obj 1.231009e+10 Primal inf 9.6041709e+08 (193323)
Clp0006I 365189  Obj 1.231915e+10 Primal inf 3.309095e+09 (219400)
Clp0006I 366189  Obj 1.2323947e+10 Primal inf 1.0783566e+09 (199363)
Clp0006I 367189  Obj 1.2337972e+10 Primal inf 1.8223053e+09 (240019)
Clp0006I 368189  Obj 1.2343398e+10 Primal inf 2.6030906e+09 (241447)
Clp0006I 369189  Obj 1.2358725e+10 Primal inf 1.1372849e+10 (219978)
Clp0006I 370189  Obj 1.2367218e+10 Primal inf 8.2208009e+09 (239749)
Clp0006I 371189  Obj 1.2384972e+10 Primal inf 1.4778227e+09 (224345)
Clp0006I 372189  Obj 1.239049e+10 Primal inf 1.2448103e+11 (251750)
Clp0006I 373189  Obj 1.2399606e+10 Primal inf 1.4125836e+09 (209353)
Clp0006I 374189  Obj 1.2406196e+10 Primal inf 5.0715934e+09 (262421)
Clp0006I 375189  Obj 1.241111e+10 Primal inf 3.7831414e+09 (255309)
Clp0006I 376189  Obj 1.2413861e+10 Primal inf 1.3879991e+09 (229747)
Clp0006I 377189  Obj 1.2419482e+10 Primal inf 2.3660757e+10 (250393)
Clp0006I 378189  Obj 1.2421844e+10 Primal inf 3.311586e+09 (271142)
Clp0006I 379189  Obj 1.2435315e+10 Primal inf 5.643094e+09 (198989)
Clp0006I 380189  Obj 1.2447078e+10 Primal inf 1.3725783e+09 (217120)
Clp0006I 381189  Obj 1.2461706e+10 Primal inf 2.8141076e+10 (225099)
Clp0006I 382189  Obj 1.2473052e+10 Primal inf 1.8163616e+10 (249880)
Clp0006I 383189  Obj 1.2475503e+10 Primal inf 1.7720059e+09 (200126)
Clp0006I 384189  Obj 1.2484212e+10 Primal inf 4.8105416e+09 (203268)
Clp0006I 385189  Obj 1.249235e+10 Primal inf 1.0757518e+09 (203192)
Clp0006I 386189  Obj 1.2502264e+10 Primal inf 4.4475801e+09 (243578)
Clp0006I 387189  Obj 1.2507382e+10 Primal inf 1.3788881e+09 (206359)
Clp0006I 388189  Obj 1.2540053e+10 Primal inf 1.3426349e+10 (233850)
Clp0006I 389189  Obj 1.2559125e+10 Primal inf 2.7254879e+10 (233774)
Clp0006I 390189  Obj 1.2565681e+10 Primal inf 1.5830738e+09 (208442)
Clp0006I 391189  Obj 1.2581786e+10 Primal inf 9.1408394e+09 (234623)
Clp0006I 392189  Obj 1.2592765e+10 Primal inf 1.5466657e+10 (261864)
Clp0006I 393189  Obj 1.2602252e+10 Primal inf 1.1193595e+11 (269850)
Clp0006I 394189  Obj 1.2605349e+10 Primal inf 6.2994465e+09 (255304)
Clp0006I 395189  Obj 1.2613485e+10 Primal inf 3.8908852e+09 (225547)
Clp0006I 396189  Obj 1.2628464e+10 Primal inf 1.3414417e+09 (230512)
Clp0006I 397189  Obj 1.2636209e+10 Primal inf 8.2473304e+09 (263295)
Clp0006I 398189  Obj 1.264568e+10 Primal inf 1.1299316e+09 (234711)
Clp0006I 399189  Obj 1.2653446e+10 Primal inf 1.0094004e+09 (203683)
Clp0006I 400189  Obj 1.2661135e+10 Primal inf 3.1207975e+09 (206312)
Clp0006I 401189  Obj 1.2670009e+10 Primal inf 4.6420893e+09 (257358)
Clp0006I 402189  Obj 1.267626e+10 Primal inf 8.0933227e+09 (282045)
Clp0006I 403189  Obj 1.2679832e+10 Primal inf 4.5783805e+09 (252056)
Clp0006I 404189  Obj 1.2685318e+10 Primal inf 1.7935494e+09 (220516)
Clp0006I 405189  Obj 1.2691952e+10 Primal inf 1.5511161e+09 (214588)
Clp0006I 406189  Obj 1.2705925e+10 Primal inf 5.524899e+09 (214186)
Clp0006I 407189  Obj 1.2716592e+10 Primal inf 2.5067802e+10 (274817)
Clp0006I 408189  Obj 1.2723491e+10 Primal inf 1.5882751e+10 (275018)
Clp0006I 409189  Obj 1.2729573e+10 Primal inf 3.2604057e+09 (269775)
Clp0006I 410189  Obj 1.2730962e+10 Primal inf 3.2425944e+09 (248952)
Clp0006I 411189  Obj 1.273754e+10 Primal inf 9.3140878e+08 (261653)
Clp0006I 412189  Obj 1.2740352e+10 Primal inf 1.599205e+09 (280435)
Clp0006I 413189  Obj 1.2751588e+10 Primal inf 4.4192401e+09 (266013)
Clp0006I 414189  Obj 1.2755068e+10 Primal inf 1.1435353e+09 (227784)
Clp0006I 415189  Obj 1.2770862e+10 Primal inf 2.1774964e+10 (261546)
Clp0006I 416189  Obj 1.2775333e+10 Primal inf 2.9287142e+09 (287969)
Clp0006I 417189  Obj 1.2786748e+10 Primal inf 2.9349388e+09 (298069)
Clp0006I 418189  Obj 1.2792881e+10 Primal inf 1.4401912e+09 (254671)
Clp0006I 419189  Obj 1.2807601e+10 Primal inf 4.1815965e+09 (274917)
Clp0006I 420189  Obj 1.2819232e+10 Primal inf 2.6426676e+09 (242697)
Clp0006I 421189  Obj 1.2828692e+10 Primal inf 1.4607502e+09 (248388)
Clp0006I 422189  Obj 1.2843727e+10 Primal inf 2.2105411e+09 (240182)
Clp0006I 423189  Obj 1.2853267e+10 Primal inf 1.6795964e+09 (232270)
Clp0006I 424189  Obj 1.2869146e+10 Primal inf 2.2260163e+11 (282085)
Clp0006I 425189  Obj 1.2877894e+10 Primal inf 1.4317066e+10 (269133)
Clp0006I 426189  Obj 1.2892094e+10 Primal inf 1.5592736e+09 (249980)
Clp0006I 427189  Obj 1.2917511e+10 Primal inf 7.83691e+08 (224678)
Clp0006I 428189  Obj 1.2925818e+10 Primal inf 3.3859956e+09 (234371)
Clp0006I 429189  Obj 1.2941241e+10 Primal inf 2.5791888e+09 (243686)
Clp0006I 430189  Obj 1.2955077e+10 Primal inf 7.9983515e+08 (253163)
Clp0006I 431189  Obj 1.297285e+10 Primal inf 1.2169025e+10 (296467)
Clp0006I 432189  Obj 1.2988639e+10 Primal inf 7.4294877e+09 (267473)
Clp0006I 433189  Obj 1.2999256e+10 Primal inf 6.1255627e+09 (266822)
Clp0006I 434189  Obj 1.3006465e+10 Primal inf 3.1861622e+09 (280798)
Clp0006I 435189  Obj 1.302545e+10 Primal inf 2.9444191e+09 (259987)
Clp0006I 436189  Obj 1.3037366e+10 Primal inf 7.6577781e+09 (267295)
Clp0006I 437189  Obj 1.3043144e+10 Primal inf 2.3563957e+09 (257047)
Clp0006I 438189  Obj 1.3051756e+10 Primal inf 1.644638e+09 (240627)
Clp0006I 439189  Obj 1.3056765e+10 Primal inf 3.9984671e+09 (250534)
Clp0006I 440189  Obj 1.3069073e+10 Primal inf 3.1257578e+09 (264653)
Clp0006I 441189  Obj 1.3076906e+10 Primal inf 2.4823267e+09 (251386)
Clp0006I 442189  Obj 1.308804e+10 Primal inf 1.0602071e+10 (246794)
Clp0006I 443189  Obj 1.3094589e+10 Primal inf 1.5496986e+09 (234661)
Clp0006I 444189  Obj 1.3102086e+10 Primal inf 1.6730037e+09 (235315)
Clp0006I 445189  Obj 1.3111172e+10 Primal inf 2.7277368e+09 (266601)
Clp0006I 446189  Obj 1.3119655e+10 Primal inf 8.419622e+08 (225485)
Clp0006I 447189  Obj 1.3129638e+10 Primal inf 9.9500664e+08 (231071)
Clp0006I 448189  Obj 1.3138745e+10 Primal inf 3.5841561e+09 (264359)
Clp0006I 449189  Obj 1.3153256e+10 Primal inf 6.9829793e+09 (289283)
Clp0006I 450189  Obj 1.3162689e+10 Primal inf 7.4189723e+09 (261417)
Clp0006I 451189  Obj 1.3174918e+10 Primal inf 1.4612982e+09 (233805)
Clp0006I 452189  Obj 1.3184258e+10 Primal inf 2.2393027e+10 (261673)
Clp0006I 453189  Obj 1.3194904e+10 Primal inf 1.2187681e+09 (248691)
Clp0006I 454189  Obj 1.3212808e+10 Primal inf 1.5732509e+09 (233302)
Clp0006I 455189  Obj 1.3222491e+10 Primal inf 7.7158878e+09 (287878)
Clp0006I 456189  Obj 1.3238285e+10 Primal inf 1.0384073e+09 (230851)
Clp0006I 457189  Obj 1.3252194e+10 Primal inf 1.4234171e+09 (285320)
Clp0006I 458189  Obj 1.3261929e+10 Primal inf 1.0619964e+10 (280494)
Clp0006I 459189  Obj 1.3271832e+10 Primal inf 2.1724635e+09 (281269)
Clp0006I 460189  Obj 1.3282049e+10 Primal inf 1.6619789e+09 (250865)
Clp0006I 461189  Obj 1.3286766e+10 Primal inf 5.7042239e+09 (293120)
Clp0006I 462189  Obj 1.3297957e+10 Primal inf 3.6422636e+09 (250460)
Clp0006I 463189  Obj 1.3303081e+10 Primal inf 3.4721095e+10 (273033)
Clp0006I 464189  Obj 1.3306166e+10 Primal inf 2.1624464e+09 (258204)
Clp0006I 465189  Obj 1.3318226e+10 Primal inf 2.2397588e+11 (275792)
Clp0006I 466189  Obj 1.3324176e+10 Primal inf 1.8999811e+09 (247877)
Clp0006I 467189  Obj 1.333329e+10 Primal inf 2.3209064e+09 (247327)
Clp0006I 468189  Obj 1.3340425e+10 Primal inf 5.8941787e+10 (271248)
Clp0006I 469189  Obj 1.3349585e+10 Primal inf 1.6570971e+09 (236711)
Clp0006I 470189  Obj 1.3358696e+10 Primal inf 2.2568511e+09 (232297)
Clp0006I 471189  Obj 1.3370609e+10 Primal inf 8.6576435e+10 (289612)
Clp0006I 472189  Obj 1.3399987e+10 Primal inf 2.0724784e+09 (277611)
Clp0006I 473189  Obj 1.3410766e+10 Primal inf 5.4395661e+09 (275501)
Clp0006I 474189  Obj 1.343036e+10 Primal inf 2.3533438e+10 (269652)
Clp0006I 475189  Obj 1.3445402e+10 Primal inf 3.4261402e+10 (276250)
Clp0006I 476189  Obj 1.3466702e+10 Primal inf 1.0049717e+11 (288015)
Clp0006I 477189  Obj 1.3479298e+10 Primal inf 5.6401338e+10 (251750)
Clp0006I 478189  Obj 1.3487682e+10 Primal inf 1.5766344e+10 (330401)
Clp0006I 479189  Obj 1.3502912e+10 Primal inf 1.914091e+11 (279901)
Clp0006I 480189  Obj 1.3512787e+10 Primal inf 2.0480648e+10 (323662)
Clp0006I 481189  Obj 1.35192e+10 Primal inf 3.4144031e+10 (354063)
Clp0006I 482189  Obj 1.352904e+10 Primal inf 3.9885883e+10 (346306)
Clp0006I 483189  Obj 1.355522e+10 Primal inf 1.2092977e+10 (299400)
Clp0006I 484189  Obj 1.3576464e+10 Primal inf 1.5545399e+11 (323357)
Clp0006I 485189  Obj 1.3598189e+10 Primal inf 1.2093986e+11 (355219)
Clp0006I 486189  Obj 1.3618076e+10 Primal inf 9.2097793e+10 (335091)
Clp0006I 487189  Obj 1.3641333e+10 Primal inf 3.4173383e+10 (341832)
Clp0006I 488189  Obj 1.3656447e+10 Primal inf 1.5875687e+10 (295757)
Clp0006I 489189  Obj 1.3674968e+10 Primal inf 1.2264707e+11 (292193)
Clp0006I 490189  Obj 1.368712e+10 Primal inf 2.024135e+10 (379777)
Clp0006I 491189  Obj 1.3702414e+10 Primal inf 2.559011e+10 (287639)
Clp0006I 492189  Obj 1.3714644e+10 Primal inf 7.188766e+09 (298698)
Clp0006I 493189  Obj 1.3744718e+10 Primal inf 3.9511939e+09 (318290)
Clp0006I 494189  Obj 1.3803291e+10 Primal inf 9.0917191e+10 (304088)
Clp0006I 495189  Obj 1.3826311e+10 Primal inf 1.1772686e+11 (268837)
Clp0006I 496189  Obj 1.384579e+10 Primal inf 1.2700153e+12 (389696)
Clp0006I 497189  Obj 1.3872108e+10 Primal inf 1.0762957e+11 (340450)
Clp0006I 498189  Obj 1.3885613e+10 Primal inf 7.1839258e+09 (267169)
Clp0006I 499189  Obj 1.3903603e+10 Primal inf 1.4205593e+11 (335044)
Clp0006I 500189  Obj 1.3919057e+10 Primal inf 2.3055383e+12 (308945)
Clp0006I 501189  Obj 1.3939367e+10 Primal inf 1.0810483e+11 (410684)
Clp0006I 502189  Obj 1.3955147e+10 Primal inf 5.468977e+10 (317509)
Clp0006I 503189  Obj 1.3969614e+10 Primal inf 2.5943324e+11 (351708)
Clp0006I 504189  Obj 1.3980883e+10 Primal inf 2.2779837e+10 (371880)
Clp0006I 505189  Obj 1.4000662e+10 Primal inf 1.7234036e+10 (313813)
Clp0006I 506189  Obj 1.4013068e+10 Primal inf 5.8748724e+10 (340170)
Clp0006I 507189  Obj 1.4026788e+10 Primal inf 4.3389438e+11 (353838)
Clp0006I 508189  Obj 1.4041014e+10 Primal inf 4.0194671e+11 (320990)
Clp0006I 509189  Obj 1.4051524e+10 Primal inf 4.3585259e+11 (363036)
Clp0006I 510189  Obj 1.4068385e+10 Primal inf 4.3092699e+11 (330532)
Clp0006I 511189  Obj 1.4083368e+10 Primal inf 4.2133948e+11 (298801)
Clp0006I 512189  Obj 1.4096421e+10 Primal inf 4.1523588e+11 (329547)
Clp0006I 513189  Obj 1.4111759e+10 Primal inf 4.238105e+11 (330355)
Clp0006I 514189  Obj 1.4126827e+10 Primal inf 4.0740411e+11 (307183)
Clp0006I 515189  Obj 1.4137347e+10 Primal inf 4.245994e+11 (293879)
Clp0006I 516189  Obj 1.4150199e+10 Primal inf 4.3870278e+11 (354318)
Clp0006I 517189  Obj 1.4180193e+10 Primal inf 4.2976186e+11 (291572)
Clp0006I 518189  Obj 1.419606e+10 Primal inf 7.1219896e+11 (325281)
Clp0006I 519189  Obj 1.4203407e+10 Primal inf 9.1593447e+11 (326634)
Clp0006I 520189  Obj 1.4205588e+10 Primal inf 6.2401668e+11 (326132)
Clp0006I 521189  Obj 1.4246105e+10 Primal inf 4.5344881e+10 (325757)
Clp0006I 522189  Obj 1.4263373e+10 Primal inf 5.1184774e+10 (326466)
Clp0006I 523189  Obj 1.4272788e+10 Primal inf 1.604341e+10 (322878)
Clp0006I 524189  Obj 1.4273849e+10 Primal inf 1.1574532e+10 (340538)
Clp0006I 525189  Obj 1.427508e+10 Primal inf 4.5832301e+09 (288593)
Clp0006I 526189  Obj 1.4281685e+10 Primal inf 6.1823574e+09 (290645)
Clp0006I 527189  Obj 1.4292503e+10 Primal inf 6.414866e+09 (278395)
Clp0006I 528189  Obj 1.4302572e+10 Primal inf 1.3037707e+11 (329195)
Clp0006I 529189  Obj 1.4308439e+10 Primal inf 1.8995064e+11 (359638)
Clp0006I 530189  Obj 1.4319621e+10 Primal inf 7.2483092e+10 (316551)
Clp0006I 531189  Obj 1.4330299e+10 Primal inf 7.0349526e+10 (291876)
Clp0006I 532189  Obj 1.4341003e+10 Primal inf 1.4925821e+11 (326420)
Clp0006I 533189  Obj 1.4351311e+10 Primal inf 8.4279699e+09 (260726)
Clp0006I 534189  Obj 1.4367824e+10 Primal inf 3.6982836e+11 (289613)
Clp0006I 535189  Obj 1.4372435e+10 Primal inf 1.2668135e+11 (338029)
Clp0006I 536189  Obj 1.4387909e+10 Primal inf 4.7213174e+10 (295988)
Clp0006I 537189  Obj 1.4402053e+10 Primal inf 4.0146439e+09 (292407)
Clp0006I 538189  Obj 1.4404213e+10 Primal inf 9.4323103e+09 (314141)
Clp0006I 539189  Obj 1.4406985e+10 Primal inf 5.122966e+10 (311602)
Clp0006I 540189  Obj 1.4414818e+10 Primal inf 1.5239906e+11 (290147)
Clp0006I 541189  Obj 1.4424501e+10 Primal inf 7.7678849e+10 (355581)
Clp0006I 542189  Obj 1.4436102e+10 Primal inf 9.5507812e+10 (319320)
Clp0006I 543189  Obj 1.4442499e+10 Primal inf 4.9965393e+10 (345805)
Clp0006I 544189  Obj 1.4449923e+10 Primal inf 7.383307e+10 (311850)
Clp0006I 545189  Obj 1.4457529e+10 Primal inf 2.7353384e+10 (297743)
Clp0006I 546189  Obj 1.446638e+10 Primal inf 2.2553341e+10 (352913)
Clp0006I 547189  Obj 1.4474802e+10 Primal inf 3.3162974e+10 (315182)
Clp0006I 548189  Obj 1.4487277e+10 Primal inf 2.9133879e+11 (325779)
Clp0006I 549189  Obj 1.4499929e+10 Primal inf 1.2977334e+11 (295578)
Clp0006I 550189  Obj 1.4514721e+10 Primal inf 4.3735652e+10 (343149)
Clp0006I 551189  Obj 1.4523402e+10 Primal inf 2.625296e+11 (347849)
Clp0006I 552189  Obj 1.4534483e+10 Primal inf 3.6903606e+10 (302154)
Clp0006I 553189  Obj 1.4553521e+10 Primal inf 1.7870394e+10 (281771)
Clp0006I 554189  Obj 1.4581556e+10 Primal inf 4.6197071e+11 (323403)
Clp0006I 555189  Obj 1.4600442e+10 Primal inf 4.0320335e+10 (314813)
Clp0006I 556189  Obj 1.4618046e+10 Primal inf 2.6673525e+10 (335120)
Clp0006I 557189  Obj 1.4626505e+10 Primal inf 6.4889561e+10 (298144)
Clp0006I 558189  Obj 1.463879e+10 Primal inf 6.3355634e+10 (353985)
Clp0006I 559189  Obj 1.4646193e+10 Primal inf 1.5000045e+11 (311160)
Clp0006I 560189  Obj 1.4662219e+10 Primal inf 6.923767e+09 (324718)
Clp0006I 561189  Obj 1.4678066e+10 Primal inf 4.4954624e+10 (327878)
Clp0006I 562189  Obj 1.4690126e+10 Primal inf 1.7726084e+10 (245954)
Clp0006I 563189  Obj 1.4704107e+10 Primal inf 3.1007534e+10 (318699)
Clp0006I 564189  Obj 1.4716261e+10 Primal inf 3.8983779e+10 (270926)
Clp0006I 565189  Obj 1.4730419e+10 Primal inf 1.6385959e+10 (239865)
Clp0006I 566189  Obj 1.4741281e+10 Primal inf 9.6619847e+10 (328334)
Clp0006I 567189  Obj 1.4745804e+10 Primal inf 2.8704339e+09 (275927)
Clp0006I 568189  Obj 1.4766879e+10 Primal inf 1.4125329e+11 (329663)
Clp0006I 569189  Obj 1.4780547e+10 Primal inf 2.5613141e+10 (259017)
Clp0006I 570189  Obj 1.4789092e+10 Primal inf 8.4577913e+10 (331322)
Clp0006I 571189  Obj 1.4794006e+10 Primal inf 4.5813509e+10 (311927)
Clp0006I 572189  Obj 1.4802713e+10 Primal inf 6.3354509e+10 (370898)
Clp0006I 573189  Obj 1.4810852e+10 Primal inf 1.1178863e+10 (317465)
Clp0006I 574189  Obj 1.4816807e+10 Primal inf 2.3988556e+10 (353219)
Clp0006I 575189  Obj 1.4821465e+10 Primal inf 4.0443641e+09 (271854)
Clp0006I 576189  Obj 1.4829214e+10 Primal inf 2.7878773e+10 (311095)
Clp0006I 577189  Obj 1.4837866e+10 Primal inf 2.1727282e+09 (270626)
Clp0006I 578189  Obj 1.4839549e+10 Primal inf 9.0610534e+10 (376740)
Clp0006I 579189  Obj 1.4844462e+10 Primal inf 1.9340215e+10 (335870)
Clp0006I 580189  Obj 1.4847653e+10 Primal inf 1.2789385e+10 (400986)
Clp0006I 581189  Obj 1.4851523e+10 Primal inf 1.6146983e+10 (309303)
Clp0006I 582189  Obj 1.4853832e+10 Primal inf 2.1330811e+10 (389756)
Clp0006I 583189  Obj 1.4854362e+10 Primal inf 2.8019407e+10 (289134)
Clp0006I 584189  Obj 1.485535e+10 Primal inf 2.6097579e+10 (298422)
Clp0006I 585189  Obj 1.485726e+10 Primal inf 8.0945574e+09 (308110)
Clp0006I 586189  Obj 1.4864238e+10 Primal inf 2.1717943e+10 (371679)
Clp0006I 587189  Obj 1.486567e+10 Primal inf 6.0406951e+10 (324983)
Clp0006I 588189  Obj 1.4871561e+10 Primal inf 9.623176e+10 (316926)
Clp0006I 589189  Obj 1.4875727e+10 Primal inf 2.3114489e+10 (311124)
Clp0006I 590189  Obj 1.4878134e+10 Primal inf 2.6331717e+10 (334447)
Clp0006I 591189  Obj 1.4883167e+10 Primal inf 6.2860557e+10 (336941)
Clp0006I 592189  Obj 1.4887352e+10 Primal inf 5.1090601e+10 (368734)
Clp0006I 593189  Obj 1.4909436e+10 Primal inf 2.7588877e+10 (361077)
Clp0006I 594179  Obj 1.4932063e+10 Primal inf 6.3397436e+09 (365319)
Clp0006I 595179  Obj 1.494745e+10 Primal inf 1.9163908e+11 (358067)
Clp0006I 596179  Obj 1.4962759e+10 Primal inf 5.3051689e+10 (328466)
Clp0006I 597179  Obj 1.4980311e+10 Primal inf 8.5629221e+09 (304144)
Clp0006I 598179  Obj 1.4995054e+10 Primal inf 2.3955573e+10 (298644)
Clp0006I 599179  Obj 1.5010653e+10 Primal inf 5.4875516e+09 (366399)
Clp0006I 600179  Obj 1.5029084e+10 Primal inf 9.3514446e+10 (343156)
Clp0006I 601179  Obj 1.5038846e+10 Primal inf 6.3500206e+10 (342006)
Clp0006I 602179  Obj 1.5053488e+10 Primal inf 2.9037498e+10 (362169)
Clp0006I 603179  Obj 1.5074823e+10 Primal inf 1.9637406e+10 (299668)
Clp0006I 604179  Obj 1.5104639e+10 Primal inf 8.0929891e+10 (334599)
Clp0006I 605179  Obj 1.51173e+10 Primal inf 7.2372351e+10 (344284)
Clp0006I 606179  Obj 1.5126534e+10 Primal inf 3.6637229e+09 (248248)
Clp0006I 607179  Obj 1.5135703e+10 Primal inf 2.924637e+09 (270101)
Clp0006I 608179  Obj 1.5152013e+10 Primal inf 9.5413269e+10 (368229)
Clp0006I 609179  Obj 1.5168099e+10 Primal inf 3.5344684e+10 (343376)
Clp0006I 610179  Obj 1.5192725e+10 Primal inf 2.682615e+10 (351632)
Clp0006I 611179  Obj 1.5218192e+10 Primal inf 6.9195111e+09 (341078)
Clp0006I 612179  Obj 1.5233217e+10 Primal inf 1.627953e+11 (349612)
Clp0006I 613179  Obj 1.5247015e+10 Primal inf 1.1488185e+10 (348499)
Clp0006I 614179  Obj 1.5258571e+10 Primal inf 9.6085532e+09 (321082)
Clp0006I 615179  Obj 1.527159e+10 Primal inf 1.3310068e+10 (305186)
Clp0006I 616179  Obj 1.528009e+10 Primal inf 9.5763675e+10 (327593)
Clp0006I 617179  Obj 1.5284952e+10 Primal inf 1.187678e+10 (320298)
Clp0006I 618179  Obj 1.5293486e+10 Primal inf 1.7570557e+10 (367973)
Clp0006I 619179  Obj 1.5301385e+10 Primal inf 9.0071594e+11 (383250)
Clp0006I 620179  Obj 1.5309792e+10 Primal inf 1.6921276e+10 (289833)
Clp0006I 621179  Obj 1.5318349e+10 Primal inf 7.1172116e+10 (380377)
Clp0006I 622179  Obj 1.5328901e+10 Primal inf 6.1531713e+10 (321696)
Clp0006I 623179  Obj 1.5341212e+10 Primal inf 1.3334817e+10 (343078)
Clp0006I 624179  Obj 1.5352089e+10 Primal inf 6.9624336e+09 (262255)
Clp0006I 625179  Obj 1.5371215e+10 Primal inf 2.5832655e+10 (332844)
Clp0006I 626179  Obj 1.5383138e+10 Primal inf 5.1234519e+10 (345692)
Clp0006I 627179  Obj 1.539957e+10 Primal inf 1.0586366e+10 (360618)
Clp0006I 628179  Obj 1.5404268e+10 Primal inf 3.6670422e+09 (260543)
Clp0006I 629179  Obj 1.5411505e+10 Primal inf 1.4429193e+10 (301925)
Clp0006I 630179  Obj 1.542787e+10 Primal inf 5.4683584e+11 (351358)
Clp0006I 631179  Obj 1.5438412e+10 Primal inf 3.970438e+10 (262493)
Clp0006I 632179  Obj 1.5446793e+10 Primal inf 1.4028314e+11 (354727)
Clp0006I 633044  Obj 1.5470366e+10 Primal inf 2.4541852e+13 (326396)
Clp0006I 634044  Obj 1.5496553e+10 Primal inf 9.7484884e+10 (344521)
Clp0006I 635044  Obj 1.5512599e+10 Primal inf 1.0530981e+11 (380413)
Clp0006I 636044  Obj 1.5524488e+10 Primal inf 8.4943433e+11 (369456)
Clp0006I 637044  Obj 1.5541029e+10 Primal inf 1.1693977e+12 (421925)
Clp0006I 638044  Obj 1.5552807e+10 Primal inf 4.5204915e+10 (395877)
Clp0006I 639044  Obj 1.5564807e+10 Primal inf 2.0753112e+11 (392044)
Clp0006I 640044  Obj 1.5580469e+10 Primal inf 6.3229178e+10 (340602)
Clp0006I 641044  Obj 1.5592532e+10 Primal inf 1.0255338e+11 (426910)
Clp0006I 642044  Obj 1.5603291e+10 Primal inf 5.7281359e+10 (374881)
Clp0006I 643044  Obj 1.5610293e+10 Primal inf 2.228187e+10 (429693)
Clp0006I 644044  Obj 1.5623318e+10 Primal inf 2.3968768e+11 (352897)
Clp0006I 645044  Obj 1.5638845e+10 Primal inf 5.8242187e+09 (356812)
Clp0006I 646044  Obj 1.5652422e+10 Primal inf 3.1492133e+11 (389893)
Clp0006I 647044  Obj 1.5666716e+10 Primal inf 7.4580825e+10 (319887)
Clp0006I 648044  Obj 1.5679711e+10 Primal inf 3.346014e+11 (349487)
Clp0006I 648946  Obj 1.5696816e+10 Primal inf 5.7249998e+11 (400984)
Clp0006I 649946  Obj 1.5722508e+10 Primal inf 1.7849408e+12 (396048)
Clp0006I 650946  Obj 1.5739966e+10 Primal inf 1.7263216e+11 (360596)
Clp0006I 651946  Obj 1.5752774e+10 Primal inf 2.4392123e+10 (334758)
Clp0006I 652946  Obj 1.5765385e+10 Primal inf 9.5169853e+09 (320055)
Clp0006I 653919  Obj 1.577901e+10 Primal inf 9.8825717e+10 (361078)
Clp0006I 654919  Obj 1.5790999e+10 Primal inf 4.3873794e+10 (386593)
Clp0006I 655919  Obj 1.5808593e+10 Primal inf 5.9713312e+11 (409984)
Clp0006I 656919  Obj 1.5827054e+10 Primal inf 3.4528431e+11 (381376)
Clp0006I 657919  Obj 1.5841552e+10 Primal inf 2.0154197e+10 (336317)
Clp0006I 658919  Obj 1.5855503e+10 Primal inf 1.4420948e+10 (328259)
Clp0006I 659919  Obj 1.5870918e+10 Primal inf 1.0666598e+11 (369857)
Clp0006I 660919  Obj 1.5883489e+10 Primal inf 5.5578252e+11 (393719)
Clp0006I 661919  Obj 1.5903319e+10 Primal inf 1.8837666e+12 (347423)
Clp0006I 662919  Obj 1.5915546e+10 Primal inf 6.0546711e+09 (308191)
Clp0006I 663919  Obj 1.5923949e+10 Primal inf 1.046214e+11 (340940)
Clp0006I 664608  Obj 1.5933856e+10 Primal inf 2.5074716e+11 (393927)
Clp0006I 665608  Obj 1.5948998e+10 Primal inf 9.6003617e+10 (344706)
Clp0006I 666608  Obj 1.5956931e+10 Primal inf 3.4833082e+10 (348989)
Clp0006I 667608  Obj 1.5965259e+10 Primal inf 3.6955025e+10 (362256)
Clp0006I 668608  Obj 1.5970094e+10 Primal inf 4.2057991e+10 (413210)
Clp0006I 669608  Obj 1.5979503e+10 Primal inf 6.084867e+10 (333248)
Clp0006I 670608  Obj 1.5988855e+10 Primal inf 5.4928338e+09 (358299)
Clp0006I 671608  Obj 1.6003986e+10 Primal inf 6.4917162e+10 (351985)
Clp0006I 672608  Obj 1.6019772e+10 Primal inf 3.6508088e+11 (424598)
Clp0006I 673608  Obj 1.6042103e+10 Primal inf 4.4370767e+10 (386356)
Clp0006I 674608  Obj 1.606701e+10 Primal inf 4.0199857e+11 (358817)
Clp0006I 675608  Obj 1.6076912e+10 Primal inf 1.1361381e+11 (385332)
Clp0006I 676608  Obj 1.6091042e+10 Primal inf 4.7315846e+11 (355595)
Clp0006I 677608  Obj 1.6101722e+10 Primal inf 1.6774936e+10 (312722)
Clp0006I 678608  Obj 1.6110758e+10 Primal inf 2.3907149e+10 (429260)
Clp0006I 679608  Obj 1.6122841e+10 Primal inf 3.2492285e+10 (375050)
Clp0006I 680608  Obj 1.6131777e+10 Primal inf 5.8492974e+09 (375338)
Clp0006I 681608  Obj 1.6148369e+10 Primal inf 1.207394e+12 (403005)
Clp0006I 682608  Obj 1.6165855e+10 Primal inf 1.6138205e+11 (353879)
Clp0006I 683608  Obj 1.6177275e+10 Primal inf 4.4835227e+10 (358818)
Clp0006I 684608  Obj 1.6190207e+10 Primal inf 6.9751065e+09 (362677)
Clp0006I 685608  Obj 1.6203877e+10 Primal inf 7.4099126e+11 (372248)
Clp0006I 686608  Obj 1.6255561e+10 Primal inf 1.6150228e+10 (326353)
Clp0006I 687608  Obj 1.6265384e+10 Primal inf 1.1601081e+10 (291239)
Clp0006I 688608  Obj 1.6294067e+10 Primal inf 2.2282663e+10 (306716)
Clp0006I 689608  Obj 1.6313881e+10 Primal inf 5.1842189e+11 (463532)
Clp0006I 690608  Obj 1.6334027e+10 Primal inf 1.1614074e+14 (377671)
Clp0006I 691608  Obj 1.6348918e+10 Primal inf 5.5427276e+10 (311708)
Clp0006I 692608  Obj 1.6361898e+10 Primal inf 3.2373126e+11 (284071)
Clp0006I 693608  Obj 1.6372407e+10 Primal inf 7.9316414e+11 (415166)
Clp0006I 694608  Obj 1.6394345e+10 Primal inf 8.1899738e+10 (455259)
Clp0006I 695608  Obj 1.6405117e+10 Primal inf 3.0938173e+10 (352056)
Clp0006I 696608  Obj 1.6415745e+10 Primal inf 2.9311249e+10 (362485)
Clp0006I 697608  Obj 1.6430434e+10 Primal inf 8.5284282e+10 (379872)
Clp0006I 698608  Obj 1.6440341e+10 Primal inf 3.2932582e+10 (402918)
Clp0006I 699608  Obj 1.6453792e+10 Primal inf 1.3316847e+12 (372402)
Clp0006I 700608  Obj 1.6465008e+10 Primal inf 1.1911309e+10 (347386)
Clp0006I 701608  Obj 1.6474111e+10 Primal inf 9.9948848e+10 (367429)
Clp0006I 702608  Obj 1.6488988e+10 Primal inf 1.5310576e+10 (301017)
Clp0006I 703608  Obj 1.6499048e+10 Primal inf 2.4452344e+10 (400346)
Clp0006I 704608  Obj 1.6511307e+10 Primal inf 1.4298519e+11 (398051)
Clp0006I 705608  Obj 1.6527575e+10 Primal inf 1.2275759e+12 (374196)
Clp0006I 706608  Obj 1.6541758e+10 Primal inf 4.1416674e+12 (357095)
Clp0006I 707608  Obj 1.6560351e+10 Primal inf 4.27055e+12 (375673)
Clp0006I 708608  Obj 1.657708e+10 Primal inf 3.8235902e+11 (381296)
Clp0006I 709392  Obj 1.6586124e+10 Primal inf 7.3720295e+09 (300295)
Clp0006I 710392  Obj 1.6605598e+10 Primal inf 2.0924403e+11 (410089)
Clp0006I 711392  Obj 1.6616862e+10 Primal inf 9.4798075e+10 (418456)
Clp0006I 712248  Obj 1.664769e+10 Primal inf 1.3513501e+11 (326957)
Clp0006I 713248  Obj 1.6664643e+10 Primal inf 4.4332678e+11 (373931)
Clp0006I 714248  Obj 1.6673569e+10 Primal inf 2.4553669e+10 (326423)
Clp0006I 715248  Obj 1.6684053e+10 Primal inf 5.3131208e+10 (317575)
Clp0006I 716073  Obj 1.6695424e+10 Primal inf 1.7711104e+10 (358606)
Clp0006I 717073  Obj 1.6711136e+10 Primal inf 5.2420822e+10 (399478)
Clp0006I 718073  Obj 1.6731216e+10 Primal inf 2.477988e+10 (355178)
Clp0006I 718936  Obj 1.6749599e+10 Primal inf 1.1628096e+11 (337289)
Clp0006I 719907  Obj 1.6771145e+10 Primal inf 1.6430139e+13 (407235)
Clp0006I 720907  Obj 1.6798062e+10 Primal inf 6.9621445e+11 (351349)
Clp0006I 721717  Obj 1.6809556e+10 Primal inf 4.0925648e+10 (354661)
Clp0006I 722717  Obj 1.6823374e+10 Primal inf 4.3839439e+10 (392123)
Clp0006I 723717  Obj 1.6840699e+10 Primal inf 1.6130541e+11 (350846)
Clp0006I 724717  Obj 1.6851473e+10 Primal inf 6.5694841e+10 (303217)
Clp0006I 725717  Obj 1.6859899e+10 Primal inf 1.8506892e+11 (343998)
Clp0006I 726675  Obj 1.6867701e+10 Primal inf 2.5870737e+11 (317716)
Clp0006I 727675  Obj 1.6882513e+10 Primal inf 2.8149728e+10 (385179)
Clp0006I 728675  Obj 1.689317e+10 Primal inf 1.8340451e+10 (301351)
Clp0006I 729675  Obj 1.6907099e+10 Primal inf 1.7342676e+11 (300065)
Clp0006I 730675  Obj 1.6923299e+10 Primal inf 6.4615743e+10 (334005)
Clp0006I 731675  Obj 1.6933823e+10 Primal inf 1.2469052e+11 (356533)
Clp0006I 732675  Obj 1.6948509e+10 Primal inf 3.069167e+11 (371716)
Clp0006I 733675  Obj 1.6961795e+10 Primal inf 1.6791209e+11 (370652)
Clp0006I 734374  Obj 1.6971342e+10 Primal inf 4.8020941e+11 (323206)
Clp0006I 735374  Obj 1.6981009e+10 Primal inf 2.0362598e+11 (275219)
Clp0006I 736374  Obj 1.698931e+10 Primal inf 1.6848388e+10 (269402)
Clp0006I 737061  Obj 1.6997328e+10 Primal inf 4.5239002e+10 (290263)
Clp0006I 738061  Obj 1.7009563e+10 Primal inf 8.1463964e+10 (343496)
Clp0006I 739061  Obj 1.701701e+10 Primal inf 2.4776347e+10 (360561)
Clp0006I 739937  Obj 1.7026669e+10 Primal inf 9.2693864e+09 (318567)
Clp0006I 740937  Obj 1.7036925e+10 Primal inf 5.3331702e+10 (341531)
Clp0006I 741937  Obj 1.7047617e+10 Primal inf 3.4136673e+10 (303863)
Clp0006I 742937  Obj 1.7062109e+10 Primal inf 3.893831e+11 (339514)
Clp0006I 743937  Obj 1.7074832e+10 Primal inf 2.3239167e+11 (366281)
Clp0006I 744937  Obj 1.7087056e+10 Primal inf 1.1878393e+10 (351942)
Clp0006I 745937  Obj 1.7097512e+10 Primal inf 1.6508371e+10 (320098)
Clp0006I 746747  Obj 1.7105707e+10 Primal inf 3.179412e+12 (353220)
Clp0006I 747747  Obj 1.7117177e+10 Primal inf 9.6803526e+10 (309571)
Clp0006I 748695  Obj 1.7126687e+10 Primal inf 1.0816578e+11 (350419)
Clp0006I 749695  Obj 1.7136429e+10 Primal inf 3.8547288e+10 (342149)
Clp0006I 750695  Obj 1.7145124e+10 Primal inf 7.9776246e+10 (390366)
Clp0006I 751695  Obj 1.7155404e+10 Primal inf 5.8305408e+10 (308827)
Clp0006I 752695  Obj 1.7164814e+10 Primal inf 2.6658966e+10 (354842)
Clp0006I 753695  Obj 1.7172589e+10 Primal inf 3.2797277e+10 (361768)
Clp0006I 754695  Obj 1.7181357e+10 Primal inf 5.5163596e+10 (334929)
Clp0006I 755695  Obj 1.7190409e+10 Primal inf 8.1679887e+09 (330145)
Clp0006I 756532  Obj 1.7199225e+10 Primal inf 6.6178808e+10 (329428)
Clp0006I 757300  Obj 1.7208192e+10 Primal inf 4.2717844e+10 (323531)
Clp0006I 758300  Obj 1.7219939e+10 Primal inf 1.420591e+10 (252358)
Clp0006I 759300  Obj 1.7232424e+10 Primal inf 5.8469977e+09 (263001)
Clp0006I 760300  Obj 1.7247033e+10 Primal inf 4.9308809e+10 (336862)
Clp0006I 760819  Obj 1.7253559e+10 Primal inf 1.0211472e+10 (285902)
Clp0006I 761819  Obj 1.726655e+10 Primal inf 8.8579679e+10 (306507)
Clp0006I 762819  Obj 1.7279587e+10 Primal inf 8.6069059e+10 (356844)
Clp0006I 763819  Obj 1.7299731e+10 Primal inf 1.956336e+11 (358747)
Clp0006I 764819  Obj 1.7342968e+10 Primal inf 5.2302661e+10 (319745)
Clp0006I 765819  Obj 1.7376853e+10 Primal inf 1.2916044e+11 (355848)
Clp0006I 766819  Obj 1.740954e+10 Primal inf 5.9492234e+10 (313334)
Clp0006I 767819  Obj 1.7422502e+10 Primal inf 2.4469521e+11 (325317)
Clp0006I 768819  Obj 1.7436796e+10 Primal inf 1.6388579e+11 (334019)
Clp0006I 769819  Obj 1.7456844e+10 Primal inf 1.1380065e+10 (282965)
Clp0006I 770819  Obj 1.7467093e+10 Primal inf 2.7503138e+10 (302615)
Clp0006I 771819  Obj 1.7474098e+10 Primal inf 1.8902097e+09 (266283)
Clp0006I 772435  Obj 1.7477379e+10 Primal inf 9.2361534e+10 (308815)
Clp0006I 773389  Obj 1.7484797e+10 Primal inf 6.0568955e+09 (313952)
Clp0006I 774389  Obj 1.7493829e+10 Primal inf 2.4002399e+10 (285149)
Clp0006I 775389  Obj 1.7501274e+10 Primal inf 5.1172695e+12 (353250)
Clp0006I 776077  Obj 1.7508411e+10 Primal inf 6.4194994e+11 (305214)
Clp0006I 776689  Obj 1.7513699e+10 Primal inf 1.3218192e+10 (328134)
Clp0006I 777689  Obj 1.7521973e+10 Primal inf 1.7643155e+11 (374972)
Clp0006I 778637  Obj 1.7529614e+10 Primal inf 2.6566255e+09 (273244)
Clp0006I 779637  Obj 1.7539207e+10 Primal inf 1.8605879e+10 (337953)
Clp0006I 780637  Obj 1.7549714e+10 Primal inf 4.9936059e+09 (294144)
Clp0006I 781637  Obj 1.755779e+10 Primal inf 1.7190519e+10 (302957)
Clp0006I 782393  Obj 1.7562886e+10 Primal inf 3.041693e+10 (329542)
Clp0006I 783043  Obj 1.7568972e+10 Primal inf 4.5425836e+09 (267760)
Clp0006I 784043  Obj 1.7578481e+10 Primal inf 1.4554132e+10 (279712)
Clp0006I 784687  Obj 1.7582985e+10 Primal inf 4.2707852e+10 (314758)
Clp0006I 785687  Obj 1.7593374e+10 Primal inf 8.5139441e+09 (303440)
Clp0006I 786687  Obj 1.7601906e+10 Primal inf 3.4944555e+10 (315036)
Clp0006I 787687  Obj 1.7610791e+10 Primal inf 1.1861058e+09 (295677)
Clp0006I 788687  Obj 1.7618621e+10 Primal inf 5.6232031e+09 (295736)
Clp0006I 789687  Obj 1.7624745e+10 Primal inf 6.5259388e+10 (320522)
Clp0006I 790687  Obj 1.7629978e+10 Primal inf 2.2725569e+09 (310041)
Clp0006I 791687  Obj 1.7639303e+10 Primal inf 3.0074327e+10 (309089)
Clp0006I 792628  Obj 1.765158e+10 Primal inf 1.2922809e+11 (278650)
Clp0006I 793628  Obj 1.7659976e+10 Primal inf 1.8661081e+10 (345106)
Clp0006I 794628  Obj 1.7668552e+10 Primal inf 1.4454099e+10 (311376)
Clp0006I 795387  Obj 1.7673569e+10 Primal inf 8.4130444e+10 (269453)
Clp0006I 795946  Obj 1.7678308e+10 Primal inf 1.6021184e+10 (251158)
Clp0006I 796946  Obj 1.7688899e+10 Primal inf 2.5508386e+10 (329035)
Clp0006I 797946  Obj 1.7697398e+10 Primal inf 3.9750898e+09 (272033)
Clp0006I 798946  Obj 1.7704282e+10 Primal inf 1.1205616e+10 (335815)
Clp0006I 799946  Obj 1.7712408e+10 Primal inf 8.3129336e+09 (331733)
Clp0006I 800946  Obj 1.7720921e+10 Primal inf 2.062426e+11 (328080)
Clp0006I 801946  Obj 1.7734293e+10 Primal inf 3.2449189e+10 (289007)
Clp0006I 802946  Obj 1.7742977e+10 Primal inf 6.8027623e+10 (271191)
Clp0006I 803946  Obj 1.775209e+10 Primal inf 5.6085566e+09 (327014)
Clp0006I 804946  Obj 1.7758269e+10 Primal inf 4.6716267e+09 (298153)
Clp0006I 805782  Obj 1.7765789e+10 Primal inf 1.6446749e+11 (356743)
Clp0006I 806782  Obj 1.7772989e+10 Primal inf 2.2390132e+09 (324902)
Clp0006I 807782  Obj 1.7783137e+10 Primal inf 1.9084873e+09 (332980)
Clp0006I 808782  Obj 1.7789298e+10 Primal inf 1.363408e+10 (306569)
Clp0006I 809782  Obj 1.7797388e+10 Primal inf 8.8639035e+09 (322594)
Clp0006I 810782  Obj 1.7807056e+10 Primal inf 4.0334688e+09 (268452)
Clp0006I 811782  Obj 1.7814362e+10 Primal inf 1.2372621e+11 (313718)
Clp0006I 812782  Obj 1.7836281e+10 Primal inf 4.6820743e+09 (270108)
Clp0006I 813782  Obj 1.785051e+10 Primal inf 2.9974715e+09 (288520)
Clp0006I 814782  Obj 1.7858526e+10 Primal inf 1.783657e+12 (342277)
Clp0006I 815782  Obj 1.7867288e+10 Primal inf 2.4423747e+11 (320341)
Clp0006I 816782  Obj 1.7878052e+10 Primal inf 3.7009102e+09 (334903)
Clp0006I 817782  Obj 1.788831e+10 Primal inf 2.1290563e+10 (342652)
Clp0006I 818782  Obj 1.7904087e+10 Primal inf 4.9751894e+09 (321564)
Clp0006I 819782  Obj 1.7911539e+10 Primal inf 1.0023768e+10 (287260)
Clp0006I 820782  Obj 1.7918144e+10 Primal inf 1.9891324e+10 (338129)
Clp0006I 821782  Obj 1.7922361e+10 Primal inf 8.3544533e+09 (313365)
Clp0006I 822782  Obj 1.7929805e+10 Primal inf 1.5540712e+11 (361321)
Clp0006I 823782  Obj 1.7937179e+10 Primal inf 1.9893871e+10 (311484)
Clp0006I 824782  Obj 1.7942459e+10 Primal inf 1.4588234e+10 (314441)
Clp0006I 825782  Obj 1.7949544e+10 Primal inf 1.9816906e+10 (336563)
Clp0006I 826782  Obj 1.795698e+10 Primal inf 2.1419042e+10 (350781)
Clp0006I 827782  Obj 1.7966566e+10 Primal inf 1.4769991e+10 (391947)
Clp0006I 828782  Obj 1.7976735e+10 Primal inf 5.5040165e+10 (337518)
Clp0006I 829782  Obj 1.798885e+10 Primal inf 6.1899339e+09 (335835)
Clp0006I 830782  Obj 1.7995621e+10 Primal inf 5.1657837e+10 (330412)
Clp0006I 831782  Obj 1.8015064e+10 Primal inf 8.1411207e+10 (345810)
Clp0006I 832488  Obj 1.8021208e+10 Primal inf 2.5410208e+10 (362587)
Clp0006I 833488  Obj 1.8026988e+10 Primal inf 6.7514714e+10 (336389)
Clp0006I 834488  Obj 1.8037767e+10 Primal inf 2.8958578e+10 (329671)
Clp0006I 835488  Obj 1.804854e+10 Primal inf 6.1428263e+09 (373987)
Clp0006I 836488  Obj 1.80547e+10 Primal inf 5.7846844e+10 (318914)
Clp0006I 837488  Obj 1.8064033e+10 Primal inf 4.3742261e+08 (261683)
Clp0006I 838488  Obj 1.8073897e+10 Primal inf 5.4473531e+09 (315593)
Clp0006I 839488  Obj 1.8080022e+10 Primal inf 3.6497181e+10 (288930)
Clp0006I 840156  Obj 1.8083604e+10 Primal inf 1.6641557e+10 (285918)
Clp0006I 840687  Obj 1.8090256e+10 Primal inf 2.1709052e+09 (295830)
Clp0006I 841687  Obj 1.8106029e+10 Primal inf 6.1750541e+09 (365044)
Clp0006I 842687  Obj 1.8109597e+10 Primal inf 1.3594875e+09 (239530)
Clp0006I 843687  Obj 1.8120222e+10 Primal inf 7.6084796e+09 (347435)
Clp0006I 844687  Obj 1.8129058e+10 Primal inf 4.312943e+10 (332480)
Clp0006I 845687  Obj 1.8157872e+10 Primal inf 2.872105e+10 (319153)
Clp0006I 846687  Obj 1.8180376e+10 Primal inf 3.0433932e+09 (341293)
Clp0006I 847687  Obj 1.8184257e+10 Primal inf 3.1777773e+11 (328599)
Clp0006I 848104  Obj 1.8185417e+10 Primal inf 2.5373971e+11 (335464)
Clp0006I 849104  Obj 1.8193502e+10 Primal inf 7.7067336e+10 (349494)
Clp0006I 850104  Obj 1.8213104e+10 Primal inf 1.1059458e+09 (275681)
Clp0006I 851104  Obj 1.8266966e+10 Primal inf 4.4980297e+09 (292014)
Clp0006I 852104  Obj 1.8280119e+10 Primal inf 2.795187e+10 (355824)
Clp0006I 853104  Obj 1.8285333e+10 Primal inf 6.3780913e+09 (357905)
Clp0006I 854104  Obj 1.8290532e+10 Primal inf 1.0054337e+11 (374474)
Clp0006I 855104  Obj 1.8305e+10 Primal inf 7.5636026e+08 (280960)
Clp0006I 856104  Obj 1.8330594e+10 Primal inf 1.4565525e+10 (402442)
Clp0006I 857104  Obj 1.8348074e+10 Primal inf 2.5364786e+09 (312341)
Clp0006I 858104  Obj 1.8353302e+10 Primal inf 2.3732126e+09 (334700)
Clp0006I 859104  Obj 1.835926e+10 Primal inf 6.1450047e+09 (344841)
Clp0006I 860104  Obj 1.8362663e+10 Primal inf 1.1977142e+10 (406206)
Clp0006I 861104  Obj 1.8371315e+10 Primal inf 2.193732e+09 (310492)
Clp0006I 862104  Obj 1.8375605e+10 Primal inf 1.1185818e+09 (283573)
Clp0006I 863104  Obj 1.8395168e+10 Primal inf 1.4100767e+09 (265814)
Clp0006I 864104  Obj 1.840396e+10 Primal inf 7.5524639e+09 (319421)
Clp0006I 864976  Obj 1.8408809e+10 Primal inf 2.4579022e+09 (263183)
Clp0006I 865976  Obj 1.8423261e+10 Primal inf 4.1303069e+09 (367322)
Clp0006I 866976  Obj 1.8439652e+10 Primal inf 2.2289329e+09 (305648)
Clp0006I 867976  Obj 1.8471874e+10 Primal inf 1.7130591e+09 (302637)
Clp0006I 868976  Obj 1.8501584e+10 Primal inf 3.0861579e+09 (308505)
Clp0006I 869976  Obj 1.8515566e+10 Primal inf 5.132768e+10 (306660)
Clp0006I 870976  Obj 1.8531178e+10 Primal inf 3.8731846e+09 (316650)
Clp0006I 871863  Obj 1.8534176e+10 Primal inf 1.6346286e+11 (358814)
Clp0006I 872863  Obj 1.8536922e+10 Primal inf 1.0446903e+10 (382226)
Clp0006I 873714  Obj 1.8540516e+10 Primal inf 3.0936346e+09 (342666)
Clp0006I 874714  Obj 1.8543965e+10 Primal inf 4.3229278e+10 (299287)
Clp0006I 875714  Obj 1.8548567e+10 Primal inf 4.1446292e+10 (339360)
Clp0006I 876714  Obj 1.8551614e+10 Primal inf 3.0785335e+09 (233605)
Clp0006I 877689  Obj 1.855686e+10 Primal inf 1.989624e+09 (325145)
Clp0006I 878689  Obj 1.8560052e+10 Primal inf 1.0256433e+10 (300412)
Clp0006I 879689  Obj 1.8563931e+10 Primal inf 9.4828151e+09 (357079)
Clp0006I 880689  Obj 1.856741e+10 Primal inf 2.1482959e+09 (271669)
Clp0006I 881689  Obj 1.8572424e+10 Primal inf 6.4695301e+09 (333110)
Clp0006I 882491  Obj 1.8582563e+10 Primal inf 1.5030979e+10 (345469)
Clp0006I 883491  Obj 1.8587283e+10 Primal inf 2.0358589e+08 (223421)
Clp0006I 884491  Obj 1.8593462e+10 Primal inf 6.6159194e+10 (331949)
Clp0006I 885039  Obj 1.8595258e+10 Primal inf 6.6116253e+09 (340600)
Clp0006I 886039  Obj 1.8600282e+10 Primal inf 1.4454695e+10 (375798)
Clp0006I 887039  Obj 1.8606733e+10 Primal inf 1.3693882e+09 (286323)
Clp0006I 888039  Obj 1.8610209e+10 Primal inf 1.4994067e+10 (308948)
Clp0006I 889039  Obj 1.861807e+10 Primal inf 1.1752443e+10 (368770)
Clp0006I 889926  Obj 1.8621395e+10 Primal inf 1.1068858e+10 (342788)
Clp0006I 890926  Obj 1.8627401e+10 Primal inf 5.0596024e+09 (314865)
Clp0006I 891926  Obj 1.8640961e+10 Primal inf 8.8845435e+09 (296616)
Clp0006I 892926  Obj 1.8647575e+10 Primal inf 1.1113746e+10 (318376)
Clp0006I 893926  Obj 1.8654457e+10 Primal inf 3.4782831e+10 (332747)
Clp0006I 894926  Obj 1.8691803e+10 Primal inf 6.8004294e+10 (355691)
Clp0006I 895926  Obj 1.8699772e+10 Primal inf 4.1546405e+09 (309591)
Clp0006I 896926  Obj 1.8705764e+10 Primal inf 1.1700515e+09 (299228)
Clp0006I 897926  Obj 1.8718013e+10 Primal inf 5.9866356e+09 (312485)
Clp0006I 898926  Obj 1.8725979e+10 Primal inf 5.5039054e+09 (302925)
Clp0006I 899926  Obj 1.8731608e+10 Primal inf 1.1258199e+09 (195370)
Clp0006I 900926  Obj 1.8738641e+10 Primal inf 1.546888e+10 (235268)
Clp0006I 901926  Obj 1.875834e+10 Primal inf 1.4208318e+09 (235707)
Clp0006I 902926  Obj 1.8786407e+10 Primal inf 1.8713076e+10 (241616)
Clp0006I 903926  Obj 1.8806821e+10 Primal inf 1.7997359e+10 (295017)
Clp0006I 904926  Obj 1.8813966e+10 Primal inf 3.771667e+10 (319030)
Clp0006I 905926  Obj 1.8817289e+10 Primal inf 2.3772308e+09 (314322)
Clp0006I 906926  Obj 1.8826588e+10 Primal inf 6.89517e+11 (239187)
Clp0006I 907926  Obj 1.8831511e+10 Primal inf 7.4931346e+10 (264321)
Clp0006I 908926  Obj 1.8838365e+10 Primal inf 2.9105794e+09 (276733)
Clp0006I 909926  Obj 1.8849577e+10 Primal inf 1.4308079e+09 (259429)
Clp0006I 910926  Obj 1.8865054e+10 Primal inf 7.230887e+08 (239724)
Clp0006I 911926  Obj 1.886813e+10 Primal inf 2.9406406e+09 (309679)
Clp0006I 912926  Obj 1.8869747e+10 Primal inf 2.5951621e+09 (289225)
Clp0006I 913926  Obj 1.8877032e+10 Primal inf 4.8649452e+09 (321496)
Clp0006I 914774  Obj 1.8884111e+10 Primal inf 4.4144792e+10 (344206)
Clp0006I 915774  Obj 1.888784e+10 Primal inf 2.9723949e+09 (336387)
Clp0006I 916774  Obj 1.8893732e+10 Primal inf 1.7011139e+10 (339171)
Clp0006I 917774  Obj 1.8898422e+10 Primal inf 1.2521308e+09 (271586)
Clp0006I 918774  Obj 1.8901324e+10 Primal inf 5.6915027e+09 (317223)
Clp0006I 919748  Obj 1.8904031e+10 Primal inf 2.0532226e+10 (231464)
Clp0006I 920748  Obj 1.8906899e+10 Primal inf 2.0436876e+09 (297883)
Clp0006I 921748  Obj 1.8910289e+10 Primal inf 7.3716346e+08 (196485)
Clp0006I 922748  Obj 1.8919547e+10 Primal inf 1.9566706e+09 (288238)
Clp0006I 923748  Obj 1.8921717e+10 Primal inf 1.6610667e+09 (229389)
Clp0006I 924748  Obj 1.8925811e+10 Primal inf 2.3744682e+09 (280427)
Clp0006I 925748  Obj 1.8931571e+10 Primal inf 1.5598933e+09 (218866)
Clp0006I 926748  Obj 1.8935519e+10 Primal inf 1.3602099e+09 (241089)
Clp0006I 927748  Obj 1.8942186e+10 Primal inf 4.4839476e+09 (246857)
Clp0006I 928748  Obj 1.8952861e+10 Primal inf 6.5177177e+08 (223361)
Clp0006I 929748  Obj 1.8957139e+10 Primal inf 3.3960973e+09 (266705)
Clp0006I 930748  Obj 1.8964083e+10 Primal inf 3.0307509e+09 (303914)
Clp0006I 931748  Obj 1.8970007e+10 Primal inf 8.6447139e+08 (329376)
Clp0006I 932748  Obj 1.8979232e+10 Primal inf 2.2399008e+09 (316679)
Clp0006I 933748  Obj 1.8987815e+10 Primal inf 1.8013539e+09 (300844)
Clp0006I 934748  Obj 1.8992366e+10 Primal inf 1.1046317e+09 (255439)
Clp0006I 935748  Obj 1.8997042e+10 Primal inf 9.0885757e+08 (307774)
Clp0006I 936748  Obj 1.9000284e+10 Primal inf 1.2140903e+09 (318324)
Clp0006I 937669  Obj 1.9004537e+10 Primal inf 1.3066436e+09 (283027)
Clp0006I 938669  Obj 1.9007289e+10 Primal inf 6.0028506e+09 (287409)
Clp0006I 939669  Obj 1.9011979e+10 Primal inf 2.0529659e+09 (245185)
Clp0006I 940669  Obj 1.9014912e+10 Primal inf 8.2487672e+08 (265919)
Clp0006I 941669  Obj 1.9017055e+10 Primal inf 3.7656432e+09 (291953)
Clp0006I 942669  Obj 1.9019216e+10 Primal inf 2.7651418e+08 (241510)
Clp0006I 943669  Obj 1.902194e+10 Primal inf 3.394278e+09 (272916)
Clp0006I 944669  Obj 1.9026183e+10 Primal inf 4.0325297e+09 (296446)
Clp0006I 945669  Obj 1.9029053e+10 Primal inf 4.8934153e+08 (207688)
Clp0006I 946669  Obj 1.9032833e+10 Primal inf 1.7998024e+10 (322485)
Clp0006I 947587  Obj 1.9037124e+10 Primal inf 1.2722957e+10 (349958)
Clp0006I 948587  Obj 1.9040325e+10 Primal inf 1.9204891e+09 (302398)
Clp0006I 949544  Obj 1.9041905e+10 Primal inf 5.2787203e+11 (296638)
Clp0006I 950232  Obj 1.9043952e+10 Primal inf 1.0823221e+10 (250207)
Clp0006I 951232  Obj 1.9045881e+10 Primal inf 1.9249475e+10 (293436)
Clp0006I 952232  Obj 1.9048627e+10 Primal inf 1.8197324e+10 (310083)
Clp0006I 953232  Obj 1.9051529e+10 Primal inf 3.9806991e+09 (288672)
Clp0006I 954232  Obj 1.9055598e+10 Primal inf 2.6695773e+11 (356625)
Clp0006I 955232  Obj 1.9058719e+10 Primal inf 4.7990967e+09 (296973)
Clp0006I 956232  Obj 1.9060966e+10 Primal inf 2.2075378e+08 (180793)
Clp0006I 957232  Obj 1.9062969e+10 Primal inf 7.5101643e+08 (190590)
Clp0006I 958232  Obj 1.906518e+10 Primal inf 2.3400296e+10 (275674)
Clp0006I 959232  Obj 1.906815e+10 Primal inf 7.9300491e+09 (286242)
Clp0006I 959938  Obj 1.9069719e+10 Primal inf 1.6201827e+10 (289658)
Clp0006I 960937  Obj 1.9072155e+10 Primal inf 6.3919692e+08 (210201)
Clp0006I 961937  Obj 1.9075442e+10 Primal inf 3.1990695e+08 (186005)
Clp0006I 962937  Obj 1.908053e+10 Primal inf 7.12736e+08 (206637)
Clp0006I 963937  Obj 1.9083142e+10 Primal inf 5.8459301e+09 (310993)
Clp0006I 964901  Obj 1.9085341e+10 Primal inf 4.1458085e+09 (221120)
Clp0006I 965901  Obj 1.9090505e+10 Primal inf 99206008 (168810)
Clp0006I 966901  Obj 1.9095321e+10 Primal inf 2.7133189e+09 (232054)
Clp0006I 967901  Obj 1.9101969e+10 Primal inf 1.281887e+09 (273608)
Clp0006I 968901  Obj 1.9104787e+10 Primal inf 7.8597467e+09 (284571)
Clp0006I 969901  Obj 1.9106896e+10 Primal inf 2.5001775e+08 (128094)
Clp0006I 970901  Obj 1.9109375e+10 Primal inf 2.5767396e+08 (213428)
Clp0006I 971901  Obj 1.9111113e+10 Primal inf 1.8840739e+10 (298858)
Clp0006I 972901  Obj 1.9113498e+10 Primal inf 1.3135885e+10 (247866)
Clp0006I 973901  Obj 1.9118912e+10 Primal inf 6.1422164e+09 (394591)
Clp0006I 974901  Obj 1.9122231e+10 Primal inf 3.5965553e+09 (250184)
Clp0006I 975901  Obj 1.9123996e+10 Primal inf 2.7035833e+09 (244148)
Clp0006I 976822  Obj 1.9126833e+10 Primal inf 4.1685992e+09 (224631)
Clp0006I 977822  Obj 1.9129079e+10 Primal inf 6.4314437e+09 (285465)
Clp0006I 978822  Obj 1.9131524e+10 Primal inf 1.6621407e+08 (147741)
Clp0006I 979822  Obj 1.91345e+10 Primal inf 5.631815e+09 (269525)
Clp0006I 980822  Obj 1.9137896e+10 Primal inf 5.355654e+08 (267584)
Clp0006I 981822  Obj 1.914183e+10 Primal inf 1.9063093e+09 (250882)
Clp0006I 982822  Obj 1.9144813e+10 Primal inf 2.1032738e+09 (213224)
Clp0006I 983822  Obj 1.9149767e+10 Primal inf 23287251 (120536)
Clp0006I 984822  Obj 1.9157425e+10 Primal inf 17507480 (102157)
Clp0006I 985822  Obj 1.9160719e+10 Primal inf 6.0020351e+08 (268020)
Clp0006I 986815  Obj 1.9162264e+10 Primal inf 2.5299266e+09 (299923)
Clp0006I 987747  Obj 1.9164996e+10 Primal inf 3.0256073e+09 (312484)
Clp0006I 988747  Obj 1.9170313e+10 Primal inf 2.4300877e+09 (259614)
Clp0006I 989747  Obj 1.9171813e+10 Primal inf 2.9415022e+10 (260775)
Clp0006I 990747  Obj 1.9173685e+10 Primal inf 1.1207254e+11 (316861)
Clp0006I 991747  Obj 1.9175266e+10 Primal inf 1.1940331e+10 (242549)
Clp0006I 992747  Obj 1.9177407e+10 Primal inf 3.2326032e+10 (221480)
Clp0006I 993747  Obj 1.9179156e+10 Primal inf 7.3574702e+09 (285907)
Clp0006I 994747  Obj 1.9181581e+10 Primal inf 3.0431741e+09 (247845)
Clp0006I 995747  Obj 1.9183803e+10 Primal inf 1.4385697e+09 (201669)
Clp0006I 996358  Obj 1.9184642e+10 Primal inf 1.8716754e+09 (290080)
Clp0006I 997358  Obj 1.918622e+10 Primal inf 3.3548927e+08 (238651)
Clp0006I 998358  Obj 1.9187684e+10 Primal inf 1.1850115e+09 (275205)
Clp0006I 999358  Obj 1.9189779e+10 Primal inf 3.5904267e+08 (224421)
Clp0006I 1000358  Obj 1.9191218e+10 Primal inf 1.6260719e+09 (294577)
Clp0006I 1001358  Obj 1.9193467e+10 Primal inf 1.9853165e+08 (234717)
Clp0006I 1002358  Obj 1.9194921e+10 Primal inf 4.0109714e+08 (192068)
Clp0006I 1003358  Obj 1.9196321e+10 Primal inf 1.7448071e+08 (233720)
Clp0006I 1004358  Obj 1.9197819e+10 Primal inf 3.3746418e+08 (213545)
Clp0006I 1005358  Obj 1.9199454e+10 Primal inf 1.4975777e+10 (331744)
Clp0006I 1006358  Obj 1.9200501e+10 Primal inf 9.2699828e+08 (301185)
Clp0006I 1007358  Obj 1.9201425e+10 Primal inf 9.3923367e+08 (326143)
Clp0006I 1008358  Obj 1.9202619e+10 Primal inf 1.1232367e+08 (205637)
Clp0006I 1009358  Obj 1.9203723e+10 Primal inf 3.6890608e+08 (234199)
Clp0006I 1010358  Obj 1.9205714e+10 Primal inf 3.7595487e+09 (245389)
Clp0006I 1011358  Obj 1.9206876e+10 Primal inf 4.6147729e+08 (253916)
Clp0006I 1012358  Obj 1.9207741e+10 Primal inf 1.0552675e+08 (199075)
Clp0006I 1013272  Obj 1.92085e+10 Primal inf 9.2456157e+08 (221891)
Clp0006I 1014272  Obj 1.9209559e+10 Primal inf 3.1542474e+08 (129916)
Clp0006I 1015208  Obj 1.9210691e+10 Primal inf 1.4389942e+10 (192812)
Clp0006I 1016208  Obj 1.9212462e+10 Primal inf 5.6513102e+08 (197879)
Clp0006I 1016901  Obj 1.9213323e+10 Primal inf 2.1664241e+09 (173105)
Clp0006I 1017901  Obj 1.921427e+10 Primal inf 7.2004939e+10 (255342)
Clp0006I 1018901  Obj 1.9215802e+10 Primal inf 60634791 (158844)
Clp0006I 1019901  Obj 1.9216718e+10 Primal inf 2.3418755e+08 (172713)
Clp0006I 1020901  Obj 1.9217748e+10 Primal inf 6.2788104e+08 (201973)
Clp0006I 1021901  Obj 1.9218821e+10 Primal inf 4.5233812e+08 (174517)
Clp0006I 1022901  Obj 1.9219682e+10 Primal inf 7.3048402e+08 (266952)
Clp0006I 1023901  Obj 1.9220701e+10 Primal inf 2.590086e+08 (175887)
Clp0006I 1024901  Obj 1.9222084e+10 Primal inf 1.3594368e+09 (152216)
Clp0006I 1025901  Obj 1.9223146e+10 Primal inf 2.5031042e+08 (196346)
Clp0006I 1026901  Obj 1.9224495e+10 Primal inf 6.2734869e+08 (179169)
Clp0006I 1027901  Obj 1.922569e+10 Primal inf 51840142 (143889)
Clp0006I 1028901  Obj 1.9226979e+10 Primal inf 4.2413868e+08 (213197)
Clp0006I 1029294  Obj 1.9227521e+10 Primal inf 3.8633631e+08 (187951)
Clp0006I 1030294  Obj 1.9228544e+10 Primal inf 34663848 (153935)
Clp0006I 1031294  Obj 1.9229781e+10 Primal inf 4.9617634e+08 (157076)
Clp0006I 1032270  Obj 1.923034e+10 Primal inf 3.0684174e+08 (168163)
Clp0006I 1033245  Obj 1.9231065e+10 Primal inf 8.6214033e+08 (180313)
Clp0006I 1034204  Obj 1.9231763e+10 Primal inf 7.0742268e+08 (211351)
Clp0006I 1035204  Obj 1.9232566e+10 Primal inf 1.3853325e+08 (173576)
Clp0006I 1036204  Obj 1.9233666e+10 Primal inf 2.8728862e+09 (241884)
Clp0006I 1037204  Obj 1.9234887e+10 Primal inf 1.6061225e+09 (267517)
Clp0006I 1038204  Obj 1.9235518e+10 Primal inf 5.8888662e+08 (178074)
Clp0006I 1039204  Obj 1.9236325e+10 Primal inf 3.9156796e+08 (209930)
Clp0006I 1040204  Obj 1.9236938e+10 Primal inf 91977970 (202370)
Clp0006I 1041204  Obj 1.9237467e+10 Primal inf 1.4225216e+08 (148283)
Clp0006I 1042204  Obj 1.9237932e+10 Primal inf 1.6154026e+08 (192303)
Clp0006I 1043204  Obj 1.9238553e+10 Primal inf 52275288 (130015)
Clp0006I 1044204  Obj 1.9239572e+10 Primal inf 2.5260761e+08 (190267)
Clp0006I 1044946  Obj 1.9240294e+10 Primal inf 7.0373522e+11 (261013)
Clp0006I 1045446  Obj 1.9240717e+10 Primal inf 6.2475921e+08 (219384)
Clp0006I 1046446  Obj 1.9241123e+10 Primal inf 3.128183e+08 (228569)
Clp0006I 1047446  Obj 1.9241615e+10 Primal inf 1.2342692e+08 (86899)
Clp0006I 1048446  Obj 1.9242181e+10 Primal inf 2.6855152e+08 (193504)
Clp0006I 1049446  Obj 1.9242729e+10 Primal inf 5.1810405e+08 (157255)
Clp0006I 1050446  Obj 1.9243319e+10 Primal inf 1.6297318e+08 (118154)
Clp0006I 1051446  Obj 1.9244208e+10 Primal inf 2.0168409e+08 (179644)
Clp0006I 1052446  Obj 1.924474e+10 Primal inf 1.2841619e+08 (228645)
Clp0006I 1053446  Obj 1.92456e+10 Primal inf 1.4035302e+08 (230622)
Clp0006I 1054446  Obj 1.9245877e+10 Primal inf 1.331615e+09 (226956)
Clp0006I 1055234  Obj 1.924622e+10 Primal inf 1.7782232e+09 (219345)
Clp0006I 1056234  Obj 1.9246545e+10 Primal inf 49378394 (123321)
Clp0006I 1057234  Obj 1.9246823e+10 Primal inf 8.4380418e+08 (236399)
Clp0006I 1058234  Obj 1.9247139e+10 Primal inf 2956000.8 (43263)
Clp0006I 1059 Activating environment at `~/Documents/princeton/1st_year/MAE529/MAE529_code/project/code/Project.toml`
This Model run is characterised by...
Electrolyser capex cost of: 1700.0
H2 efficiency of: 0.5
Carbon Tax: 50.0
Number of weeks included: 52_weeks
-----------------------------------------------
1 loading data preparation function
-----------------------------------------------
-----------------------------------------------
2 loading model solving function
-----------------------------------------------
adding in carbon tax elements
assigned variables
assigned constraint 1
assigned constraint 2
assigned constraint 3
check
assigned constraints
Model run complete
234  Obj 1.9247543e+10 Primal inf 57274417 (141407)
Clp0006I 1060234  Obj 1.9247904e+10 Primal inf 34071922 (133278)
Clp0006I 1061234  Obj 1.9248091e+10 Primal inf 1.0377193e+08 (132899)
Clp0006I 1062234  Obj 1.9248212e+10 Primal inf 25966023 (152913)
Clp0006I 1063234  Obj 1.9248407e+10 Primal inf 2.1729379e+08 (161413)
Clp0006I 1063715  Obj 1.9248559e+10 Primal inf 9243063.4 (145253)
Clp0006I 1064715  Obj 1.9248675e+10 Primal inf 10359872 (58449)
Clp0006I 1065715  Obj 1.9249123e+10 Primal inf 11614223 (62837)
Clp0006I 1066715  Obj 1.9249402e+10 Primal inf 11415920 (78720)
Clp0006I 1067715  Obj 1.9250081e+10 Primal inf 2939309.8 (47618)
Clp0006I 1068715  Obj 1.9250161e+10 Primal inf 37575.278 (21022)
Clp0006I 1069715  Obj 1.9250226e+10 Primal inf 237846.43 (74881)
Clp0006I 1070715  Obj 1.9250241e+10 Primal inf 4008.4758 (18292)
Clp0006I 1071715  Obj 1.9250247e+10 Primal inf 1679.0197 (17174)
Clp0006I 1072715  Obj 1.9250252e+10 Primal inf 6835.2136 (17078)
Clp0006I 1073715  Obj 1.9250257e+10 Primal inf 3092.4435 (16457)
Clp0006I 1074715  Obj 1.9250262e+10 Primal inf 2977.7214 (15454)
Clp0006I 1075715  Obj 1.9250266e+10 Primal inf 2857.7615 (14449)
Clp0006I 1076715  Obj 1.925027e+10 Primal inf 1076.7065 (13050)
Clp0006I 1077715  Obj 1.9250274e+10 Primal inf 980.14565 (12051)
Clp0006I 1078715  Obj 1.9250277e+10 Primal inf 885.24005 (11051)
Clp0006I 1079715  Obj 1.9250281e+10 Primal inf 791.65698 (10051)
Clp0006I 1080715  Obj 1.9250285e+10 Primal inf 699.29873 (9051)
Clp0006I 1081715  Obj 1.9250289e+10 Primal inf 610.85038 (8051)
Clp0006I 1082715  Obj 1.9250294e+10 Primal inf 522.08942 (7047)
Clp0006I 1083715  Obj 1.9250298e+10 Primal inf 560.45269 (6043)
Clp0006I 1084715  Obj 1.9250303e+10 Primal inf 482.86378 (5043)
Clp0006I 1085715  Obj 1.9250307e+10 Primal inf 411.21758 (4043)
Clp0006I 1086715  Obj 1.9250312e+10 Primal inf 361.85535 (3043)
Clp0006I 1087715  Obj 1.9250316e+10 Primal inf 317.2133 (2043)
Clp0006I 1088715  Obj 1.925032e+10 Primal inf 178.97477 (1043)
Clp0006I 1088875  Obj 1.9250321e+10
Clp0000I Optimal - objective value 1.9250321e+10
Coin0511I After Postsolve, objective 1.9250321e+10, infeasibilities - dual 0 (0), primal 0 (0)
Clp0032I Optimal objective 1.925032078e+10 - 1088875 iterations time 24161.542, Presolve 4.03
