Coin0506I Presolve 1521577 (-195446) rows, 591998 (-65130) columns and 4511329 (-460732) elements
Clp0006I 0  Obj 0 Primal inf 8.7589291e+08 (43800)
Clp0006I 1000  Obj 4.7917429e-12 Primal inf 8.6631624e+08 (44708)
Clp0006I 2000  Obj 9.9133726e-12 Primal inf 8.5892554e+08 (45580)
Clp0006I 3000  Obj 1.5950214e-11 Primal inf 8.5623739e+08 (46596)
Clp0006I 4000  Obj 10517308 Primal inf 8.4621153e+08 (47625)
Clp0006I 5000  Obj 14367319 Primal inf 8.388365e+08 (48572)
Clp0006I 6000  Obj 26104885 Primal inf 8.3220471e+08 (49555)
Clp0006I 7000  Obj 39569175 Primal inf 8.2988747e+08 (50637)
Clp0006I 8000  Obj 53707095 Primal inf 8.2560744e+08 (51656)
Clp0006I 9000  Obj 74957727 Primal inf 8.1845017e+08 (52823)
Clp0006I 10000  Obj 87624249 Primal inf 8.1733376e+08 (53908)
Clp0006I 11000  Obj 1.0633943e+08 Primal inf 8.1290941e+08 (55026)
Clp0006I 12000  Obj 1.2943517e+08 Primal inf 8.1048238e+08 (56202)
Clp0006I 13000  Obj 1.3990477e+08 Primal inf 8.0696718e+08 (57316)
Clp0006I 14000  Obj 1.6092548e+08 Primal inf 8.0771959e+08 (58633)
Clp0006I 15000  Obj 1.8693956e+08 Primal inf 8.0581058e+08 (59885)
Clp0006I 16000  Obj 2.1251724e+08 Primal inf 7.2743062e+08 (61210)
Clp0006I 17000  Obj 2.453245e+08 Primal inf 7.2359312e+08 (62323)
Clp0006I 18000  Obj 2.7742228e+08 Primal inf 7.2437506e+08 (63592)
Clp0006I 19000  Obj 2.9880931e+08 Primal inf 7.2102357e+08 (64613)
Clp0006I 20000  Obj 3.371021e+08 Primal inf 7.2094346e+08 (65961)
Clp0006I 21000  Obj 3.6218571e+08 Primal inf 7.2077747e+08 (67146)
Clp0006I 22000  Obj 3.9493384e+08 Primal inf 7.236117e+08 (68492)
Clp0006I 23000  Obj 4.3375885e+08 Primal inf 7.2428244e+08 (69796)
Clp0006I 24000  Obj 4.6489852e+08 Primal inf 7.2391039e+08 (71062)
Clp0006I 25000  Obj 4.9434119e+08 Primal inf 7.2689929e+08 (72282)
Clp0006I 26000  Obj 5.3999645e+08 Primal inf 7.2685502e+08 (73563)
Clp0006I 27000  Obj 5.7023223e+08 Primal inf 7.2804832e+08 (74724)
Clp0006I 28000  Obj 6.0072043e+08 Primal inf 7.3076649e+08 (75988)
Clp0006I 29000  Obj 6.393115e+08 Primal inf 7.2959518e+08 (77086)
Clp0006I 30000  Obj 6.8288188e+08 Primal inf 7.276881e+08 (78129)
Clp0006I 31000  Obj 7.1443833e+08 Primal inf 7.2945219e+08 (79332)
Clp0006I 32000  Obj 7.5329907e+08 Primal inf 7.3040435e+08 (80593)
Clp0006I 33000  Obj 7.8721564e+08 Primal inf 7.3124665e+08 (81734)
Clp0006I 34000  Obj 8.2071982e+08 Primal inf 7.3266142e+08 (83010)
Clp0006I 35000  Obj 8.58974e+08 Primal inf 7.3310694e+08 (84127)
Clp0006I 36000  Obj 8.966349e+08 Primal inf 7.3355153e+08 (85345)
Clp0006I 37000  Obj 9.2813669e+08 Primal inf 7.3802589e+08 (86609)
Clp0006I 38000  Obj 9.6271515e+08 Primal inf 7.3738398e+08 (87789)
Clp0006I 39000  Obj 1.0053316e+09 Primal inf 7.373508e+08 (88923)
Clp0006I 40000  Obj 1.0445234e+09 Primal inf 7.3471682e+08 (90087)
Clp0006I 41000  Obj 1.0875819e+09 Primal inf 7.3314975e+08 (91213)
Clp0006I 42000  Obj 1.1329075e+09 Primal inf 7.3588344e+08 (92437)
Clp0006I 43000  Obj 1.1714812e+09 Primal inf 7.4116705e+08 (93662)
Clp0006I 44000  Obj 1.2016708e+09 Primal inf 7.450884e+08 (94842)
Clp0006I 45000  Obj 1.2404074e+09 Primal inf 7.466083e+08 (96114)
Clp0006I 46000  Obj 1.2891591e+09 Primal inf 7.5107594e+08 (97357)
Clp0006I 47000  Obj 1.3348098e+09 Primal inf 7.511245e+08 (98429)
Clp0006I 48000  Obj 1.3848053e+09 Primal inf 7.5229759e+08 (99633)
Clp0006I 49000  Obj 1.4426007e+09 Primal inf 7.5015547e+08 (100619)
Clp0006I 50000  Obj 1.4960166e+09 Primal inf 7.5118768e+08 (101756)
Clp0006I 51000  Obj 1.5466643e+09 Primal inf 7.5203479e+08 (102926)
Clp0006I 52000  Obj 1.5658428e+09 Primal inf 8.5059308e+08 (105478)
Clp0006I 53000  Obj 1.5924794e+09 Primal inf 8.5548339e+08 (106576)
Clp0006I 54000  Obj 1.8003924e+09 Primal inf 3.4392102e+09 (107801)
Clp0006I 55000  Obj 1.9187722e+09 Primal inf 7.6356466e+08 (109441)
Clp0006I 56000  Obj 1.9507436e+09 Primal inf 7.3099445e+08 (110622)
Clp0006I 57000  Obj 1.9693478e+09 Primal inf 7.3109009e+08 (111638)
Clp0006I 58000  Obj 1.9826938e+09 Primal inf 7.2826889e+08 (112887)
Clp0006I 59000  Obj 2.0320454e+09 Primal inf 7.7517286e+08 (112779)
Clp0006I 60000  Obj 2.0666414e+09 Primal inf 7.7378969e+08 (113622)
Clp0006I 61000  Obj 2.0976751e+09 Primal inf 7.7501006e+08 (114480)
Clp0006I 62000  Obj 2.1404439e+09 Primal inf 7.1861888e+08 (116596)
Clp0006I 63000  Obj 2.1797175e+09 Primal inf 7.3094729e+08 (116935)
Clp0006I 64000  Obj 2.1922264e+09 Primal inf 7.2959406e+08 (117730)
Clp0006I 65000  Obj 2.2067358e+09 Primal inf 7.3019005e+08 (118729)
Clp0006I 66000  Obj 2.2195814e+09 Primal inf 7.2727479e+08 (119766)
Clp0006I 67000  Obj 2.2313979e+09 Primal inf 7.2565736e+08 (120766)
Clp0006I 68000  Obj 2.2443288e+09 Primal inf 7.2221562e+08 (121728)
Clp0006I 69000  Obj 2.2604923e+09 Primal inf 7.9304927e+08 (123021)
Clp0006I 70000  Obj 2.2951397e+09 Primal inf 8.3234277e+08 (122630)
Clp0006I 71000  Obj 2.3826626e+09 Primal inf 8.0057209e+08 (124924)
Clp0006I 72000  Obj 2.417947e+09 Primal inf 7.488805e+08 (124718)
Clp0006I 73000  Obj 2.4604525e+09 Primal inf 7.1182772e+08 (126588)
Clp0006I 74000  Obj 2.4842298e+09 Primal inf 6.9662432e+08 (127615)
Clp0006I 75000  Obj 2.5176989e+09 Primal inf 7.1087674e+08 (127762)
Clp0006I 76000  Obj 2.5573361e+09 Primal inf 6.9514305e+08 (129007)
Clp0006I 77000  Obj 2.6160942e+09 Primal inf 7.3151423e+08 (138721)
Clp0006I 78000  Obj 2.6351295e+09 Primal inf 1.1862137e+09 (138467)
Clp0006I 79000  Obj 2.6551851e+09 Primal inf 6.9937357e+08 (132111)
Clp0006I 80000  Obj 2.6603918e+09 Primal inf 7.0358268e+08 (132879)
Clp0006I 81000  Obj 2.6859731e+09 Primal inf 1.2923097e+09 (140535)
Clp0006I 82000  Obj 2.7537595e+09 Primal inf 1.2431108e+09 (171091)
Clp0006I 83000  Obj 2.796651e+09 Primal inf 7.9687771e+08 (133220)
Clp0006I 84000  Obj 2.830791e+09 Primal inf 8.3064869e+08 (133586)
Clp0006I 85000  Obj 2.8910663e+09 Primal inf 7.7182008e+08 (137586)
Clp0006I 86000  Obj 2.9488126e+09 Primal inf 1.7323258e+09 (159962)
Clp0006I 87000  Obj 3.0114518e+09 Primal inf 1.3204317e+09 (135453)
Clp0006I 88000  Obj 3.0389179e+09 Primal inf 7.5449968e+08 (138508)
Clp0006I 89000  Obj 3.090018e+09 Primal inf 4.9797749e+09 (163371)
Clp0006I 90000  Obj 3.1352583e+09 Primal inf 9.863001e+08 (145665)
Clp0006I 91000  Obj 3.2102374e+09 Primal inf 2.0241263e+09 (146258)
Clp0006I 92000  Obj 3.2774704e+09 Primal inf 2.1180332e+09 (187067)
Clp0006I 93000  Obj 3.3048247e+09 Primal inf 9.1382227e+08 (149006)
Clp0006I 94000  Obj 3.3592175e+09 Primal inf 2.6435314e+09 (180449)
Clp0006I 95000  Obj 3.3824892e+09 Primal inf 8.6436017e+08 (148868)
Clp0006I 96000  Obj 3.4315342e+09 Primal inf 9.9697987e+08 (158186)
Clp0006I 97000  Obj 3.4744632e+09 Primal inf 7.744865e+08 (144171)
Clp0006I 98000  Obj 3.531746e+09 Primal inf 7.6566139e+08 (145879)
Clp0006I 99000  Obj 3.5708498e+09 Primal inf 1.3123583e+09 (154117)
Clp0006I 100000  Obj 3.6164797e+09 Primal inf 7.3431154e+08 (145225)
Clp0006I 101000  Obj 3.666228e+09 Primal inf 4.2217644e+09 (185318)
Clp0006I 102000  Obj 3.6923915e+09 Primal inf 7.8250091e+08 (144831)
Clp0006I 103000  Obj 3.720518e+09 Primal inf 7.5829597e+08 (147516)
Clp0006I 104000  Obj 3.7686877e+09 Primal inf 7.7888367e+08 (148562)
Clp0006I 105000  Obj 3.8558128e+09 Primal inf 9.2371276e+08 (151814)
Clp0006I 106000  Obj 3.9053472e+09 Primal inf 7.8531263e+08 (149962)
Clp0006I 107000  Obj 3.953386e+09 Primal inf 7.4603038e+08 (148313)
Clp0006I 108000  Obj 3.9956235e+09 Primal inf 8.1842605e+08 (156340)
Clp0006I 109000  Obj 4.0831373e+09 Primal inf 9.5323377e+08 (158988)
Clp0006I 110000  Obj 4.1713698e+09 Primal inf 7.9985483e+08 (155713)
Clp0006I 111000  Obj 4.2530445e+09 Primal inf 8.5371309e+08 (155261)
Clp0006I 112000  Obj 4.3082145e+09 Primal inf 7.8908648e+08 (156859)
Clp0006I 113000  Obj 4.3810044e+09 Primal inf 5.2132384e+09 (196954)
Clp0006I 114000  Obj 4.4378935e+09 Primal inf 9.4825725e+08 (156166)
Clp0006I 115000  Obj 4.5065002e+09 Primal inf 3.3792469e+09 (211796)
Clp0006I 116000  Obj 4.5109569e+09 Primal inf 2.1791272e+09 (174412)
Clp0006I 117000  Obj 4.5591316e+09 Primal inf 6.7101996e+09 (197015)
Clp0006I 118000  Obj 4.5838764e+09 Primal inf 3.8649976e+09 (199552)
Clp0006I 119000  Obj 4.6048843e+09 Primal inf 1.4462785e+09 (191687)
Clp0006I 120000  Obj 4.6431479e+09 Primal inf 1.8364684e+09 (199755)
Clp0006I 121000  Obj 4.7092536e+09 Primal inf 2.7479083e+10 (242743)
Clp0006I 122000  Obj 4.7384871e+09 Primal inf 8.7619545e+08 (165080)
Clp0006I 123000  Obj 4.796062e+09 Primal inf 3.781948e+09 (204001)
Clp0006I 124000  Obj 4.8587111e+09 Primal inf 2.2642539e+09 (200169)
Clp0006I 125000  Obj 4.8776669e+09 Primal inf 9.6688926e+08 (164861)
Clp0006I 126000  Obj 4.9302854e+09 Primal inf 8.8636969e+08 (164692)
Clp0006I 127000  Obj 4.9755709e+09 Primal inf 4.2779442e+09 (226214)
Clp0006I 128000  Obj 5.0059006e+09 Primal inf 8.8259662e+08 (165563)
Clp0006I 129000  Obj 5.0470995e+09 Primal inf 3.704087e+09 (202692)
Clp0006I 130000  Obj 5.0715518e+09 Primal inf 1.0830429e+09 (189580)
Clp0006I 131000  Obj 5.078149e+09 Primal inf 1.7769881e+09 (178344)
Clp0006I 132000  Obj 5.0902078e+09 Primal inf 1.7784463e+09 (178877)
Clp0006I 133000  Obj 5.1061646e+09 Primal inf 1.8076029e+09 (179476)
Clp0006I 134000  Obj 5.1395566e+09 Primal inf 2.4998091e+09 (206079)
Clp0006I 135000  Obj 5.1700104e+09 Primal inf 1.2833391e+09 (196759)
Clp0006I 136000  Obj 5.1860183e+09 Primal inf 1.001012e+09 (168137)
Clp0006I 137000  Obj 5.2211369e+09 Primal inf 1.057852e+09 (168585)
Clp0006I 138000  Obj 5.2477478e+09 Primal inf 9.415224e+08 (168540)
Clp0006I 139000  Obj 5.2655385e+09 Primal inf 9.4867156e+08 (168812)
Clp0006I 140000  Obj 5.3582794e+09 Primal inf 3.4538887e+10 (246567)
Clp0006I 141000  Obj 5.4103087e+09 Primal inf 1.1480461e+09 (174039)
Clp0006I 142000  Obj 5.4589085e+09 Primal inf 2.0478611e+09 (237039)
Clp0006I 143000  Obj 5.4673288e+09 Primal inf 1.7878739e+09 (205330)
Clp0006I 144000  Obj 5.4872533e+09 Primal inf 9.3927427e+08 (172992)
Clp0006I 145000  Obj 5.5209294e+09 Primal inf 2.2357749e+09 (207199)
Clp0006I 146000  Obj 5.5359483e+09 Primal inf 2.3016317e+09 (209259)
Clp0006I 147000  Obj 5.5436771e+09 Primal inf 1.1519398e+09 (174575)
Clp0006I 148000  Obj 5.5740425e+09 Primal inf 1.1609282e+09 (171538)
Clp0006I 149000  Obj 5.6175138e+09 Primal inf 1.0655487e+09 (175487)
Clp0006I 150000  Obj 5.6290473e+09 Primal inf 1.0481158e+09 (175813)
Clp0006I 151000  Obj 5.6376748e+09 Primal inf 1.0459477e+09 (175814)
Clp0006I 152000  Obj 5.6534733e+09 Primal inf 1.3332503e+09 (172762)
Clp0006I 153000  Obj 5.6831718e+09 Primal inf 2.6566145e+09 (209490)
Clp0006I 154000  Obj 5.6925289e+09 Primal inf 1.0174379e+09 (175568)
Clp0006I 155000  Obj 5.7001936e+09 Primal inf 1.2833243e+09 (176381)
Clp0006I 156000  Obj 5.7077602e+09 Primal inf 1.3656946e+09 (186014)
Clp0006I 157000  Obj 5.7178242e+09 Primal inf 1.1141762e+09 (176503)
Clp0006I 158000  Obj 5.7321448e+09 Primal inf 1.2403968e+09 (186338)
Clp0006I 159000  Obj 5.7531714e+09 Primal inf 1.1776769e+09 (186660)
Clp0006I 160000  Obj 5.7884679e+09 Primal inf 1.3597794e+09 (178624)
Clp0006I 161000  Obj 5.7975408e+09 Primal inf 2.1307343e+09 (180138)
Clp0006I 162000  Obj 5.8233986e+09 Primal inf 1.6160244e+09 (179817)
Clp0006I 163000  Obj 5.8332646e+09 Primal inf 5.7814919e+09 (183956)
Clp0006I 164000  Obj 5.854981e+09 Primal inf 4.4196467e+09 (210460)
Clp0006I 165000  Obj 5.8590456e+09 Primal inf 1.4932121e+09 (179469)
Clp0006I 166000  Obj 5.8712116e+09 Primal inf 3.443084e+09 (209851)
Clp0006I 167000  Obj 5.8826364e+09 Primal inf 2.3946737e+09 (219945)
Clp0006I 168000  Obj 5.9039707e+09 Primal inf 1.597098e+09 (179233)
Clp0006I 169000  Obj 5.916049e+09 Primal inf 1.3537543e+09 (180244)
Clp0006I 170000  Obj 5.948549e+09 Primal inf 4.0733037e+10 (208430)
Clp0006I 171000  Obj 5.9593258e+09 Primal inf 1.5456875e+09 (203260)
Clp0006I 172000  Obj 5.9894851e+09 Primal inf 1.7622606e+09 (188627)
Clp0006I 173000  Obj 6.0166294e+09 Primal inf 1.0682527e+09 (175855)
Clp0006I 174000  Obj 6.0312968e+09 Primal inf 2.7287619e+09 (210484)
Clp0006I 175000  Obj 6.0705664e+09 Primal inf 1.2959631e+09 (177381)
Clp0006I 176000  Obj 6.095573e+09 Primal inf 2.140176e+09 (188327)
Clp0006I 177000  Obj 6.1254935e+09 Primal inf 1.9465621e+09 (210583)
Clp0006I 178000  Obj 6.1431415e+09 Primal inf 1.1066487e+09 (176000)
Clp0006I 179000  Obj 6.1697776e+09 Primal inf 1.105691e+09 (175479)
Clp0006I 180000  Obj 6.1878726e+09 Primal inf 1.31287e+09 (183887)
Clp0006I 181000  Obj 6.2079942e+09 Primal inf 1.9349471e+10 (218010)
Clp0006I 182000  Obj 6.2196981e+09 Primal inf 2.147509e+09 (196171)
Clp0006I 183000  Obj 6.2380415e+09 Primal inf 9.6231757e+09 (215239)
Clp0006I 184000  Obj 6.2550535e+09 Primal inf 3.4996385e+10 (187954)
Clp0006I 185000  Obj 6.2651215e+09 Primal inf 1.1966267e+09 (179288)
Clp0006I 186000  Obj 6.2803294e+09 Primal inf 1.1815041e+09 (177930)
Clp0006I 187000  Obj 6.3000296e+09 Primal inf 1.3627441e+09 (179374)
Clp0006I 188000  Obj 6.332175e+09 Primal inf 1.0280406e+09 (174782)
Clp0006I 189000  Obj 6.3606088e+09 Primal inf 2.1817602e+09 (182208)
Clp0006I 190000  Obj 6.3886552e+09 Primal inf 6.1078597e+09 (213777)
Clp0006I 191000  Obj 6.4684499e+09 Primal inf 3.3777662e+09 (211875)
Clp0006I 192000  Obj 6.5122095e+09 Primal inf 1.5736685e+09 (176372)
Clp0006I 193000  Obj 6.525185e+09 Primal inf 2.7038591e+09 (210900)
Clp0006I 194000  Obj 6.5836959e+09 Primal inf 8.3764233e+09 (234417)
Clp0006I 195000  Obj 6.5951762e+09 Primal inf 1.4725626e+09 (179125)
Clp0006I 196000  Obj 6.6316914e+09 Primal inf 2.0557207e+09 (203163)
Clp0006I 197000  Obj 6.6561873e+09 Primal inf 6.2552896e+10 (187823)
Clp0006I 198000  Obj 6.6770444e+09 Primal inf 1.5668769e+09 (180491)
Clp0006I 199000  Obj 6.7444894e+09 Primal inf 1.8203669e+09 (185570)
Clp0006I 200000  Obj 6.7623934e+09 Primal inf 1.8250924e+09 (177856)
Clp0006I 201000  Obj 6.7734795e+09 Primal inf 1.4379164e+09 (177337)
Clp0006I 202000  Obj 6.7914237e+09 Primal inf 3.9671649e+09 (225281)
Clp0006I 203000  Obj 6.8092666e+09 Primal inf 1.5938452e+09 (183377)
Clp0006I 204000  Obj 6.8227839e+09 Primal inf 1.5611303e+09 (175645)
Clp0006I 205000  Obj 6.8627052e+09 Primal inf 1.9583614e+09 (199404)
Clp0006I 206000  Obj 6.8896675e+09 Primal inf 1.5784964e+09 (176215)
Clp0006I 207000  Obj 6.9349909e+09 Primal inf 3.3809455e+09 (187680)
Clp0006I 208000  Obj 6.9724443e+09 Primal inf 2.1421647e+09 (185674)
Clp0006I 209000  Obj 6.9943713e+09 Primal inf 2.5583496e+09 (186780)
Clp0006I 210000  Obj 7.0163909e+09 Primal inf 2.8626295e+09 (179325)
Clp0006I 211000  Obj 7.0379359e+09 Primal inf 2.4948188e+09 (178751)
Clp0006I 212000  Obj 7.0633135e+09 Primal inf 2.1375616e+09 (176247)
Clp0006I 213000  Obj 7.0853279e+09 Primal inf 2.7514189e+10 (209818)
Clp0006I 214000  Obj 7.1061699e+09 Primal inf 1.8780372e+09 (186644)
Clp0006I 215000  Obj 7.1445824e+09 Primal inf 2.9899653e+09 (181700)
Clp0006I 216000  Obj 7.1704748e+09 Primal inf 2.1541668e+09 (204213)
Clp0006I 217000  Obj 7.1863532e+09 Primal inf 1.3691405e+09 (176644)
Clp0006I 218000  Obj 7.2037662e+09 Primal inf 1.5184165e+09 (177526)
Clp0006I 219000  Obj 7.217912e+09 Primal inf 2.5274467e+09 (178712)
Clp0006I 220000  Obj 7.235615e+09 Primal inf 1.3519278e+09 (174320)
Clp0006I 221000  Obj 7.2530586e+09 Primal inf 2.9614617e+09 (201623)
Clp0006I 222000  Obj 7.2648725e+09 Primal inf 1.8065256e+09 (174342)
Clp0006I 223000  Obj 7.2807811e+09 Primal inf 1.7758744e+09 (178739)
Clp0006I 224000  Obj 7.2921994e+09 Primal inf 1.9578039e+09 (173661)
Clp0006I 225000  Obj 7.3072734e+09 Primal inf 2.5119571e+09 (177962)
Clp0006I 226000  Obj 7.3323845e+09 Primal inf 2.0603285e+09 (174916)
Clp0006I 227000  Obj 7.3467918e+09 Primal inf 3.4563143e+09 (176239)
Clp0006I 228000  Obj 7.3609771e+09 Primal inf 1.8040518e+09 (174896)
Clp0006I 229000  Obj 7.3924535e+09 Primal inf 2.7618462e+09 (174976)
Clp0006I 230000  Obj 7.4361561e+09 Primal inf 5.4806009e+09 (205069)
Clp0006I 231000  Obj 7.4747006e+09 Primal inf 2.2271038e+09 (173331)
Clp0006I 232000  Obj 7.5194968e+09 Primal inf 2.067774e+09 (172720)
Clp0006I 233000  Obj 7.5468297e+09 Primal inf 1.7474503e+09 (172616)
Clp0006I 234000  Obj 7.6273501e+09 Primal inf 3.1656253e+10 (207895)
Clp0006I 235000  Obj 7.7207254e+09 Primal inf 1.0891559e+10 (211510)
Clp0006I 236000  Obj 7.7708997e+09 Primal inf 1.3040295e+11 (208261)
Clp0006I 237000  Obj 7.824978e+09 Primal inf 2.5963203e+09 (176078)
Clp0006I 238000  Obj 7.8520562e+09 Primal inf 7.236892e+10 (244362)
Clp0006I 239000  Obj 7.8691585e+09 Primal inf 2.770622e+09 (176376)
Clp0006I 240000  Obj 7.8859969e+09 Primal inf 1.8916057e+09 (175825)
Clp0006I 241000  Obj 7.8952906e+09 Primal inf 3.0814794e+09 (173191)
Clp0006I 242000  Obj 7.9224596e+09 Primal inf 7.8203003e+09 (209686)
Clp0006I 243000  Obj 7.9506286e+09 Primal inf 2.4705978e+09 (173680)
Clp0006I 244000  Obj 7.9813116e+09 Primal inf 5.2785923e+09 (183729)
Clp0006I 245000  Obj 7.9967627e+09 Primal inf 3.5496875e+09 (201533)
Clp0006I 246000  Obj 8.0122597e+09 Primal inf 4.17688e+09 (201461)
Clp0006I 247000  Obj 8.0637262e+09 Primal inf 1.7372709e+09 (174314)
Clp0006I 248000  Obj 8.1410354e+09 Primal inf 1.9766953e+10 (204105)
Clp0006I 249000  Obj 8.1998919e+09 Primal inf 5.2041824e+09 (177528)
Clp0006I 250000  Obj 8.2363203e+09 Primal inf 3.0634861e+09 (180390)
Clp0006I 251000  Obj 8.3399746e+09 Primal inf 4.3312363e+09 (174090)
Clp0006I 252000  Obj 8.4293809e+09 Primal inf 2.7865907e+11 (234117)
Clp0006I 253000  Obj 8.4508235e+09 Primal inf 5.0161462e+09 (180918)
Clp0006I 254000  Obj 8.5246816e+09 Primal inf 3.2419442e+10 (239916)
Clp0006I 255000  Obj 8.5502542e+09 Primal inf 1.6022969e+10 (186427)
Clp0006I 256000  Obj 8.603573e+09 Primal inf 2.9871741e+09 (210954)
Clp0006I 257000  Obj 8.6878906e+09 Primal inf 2.3047328e+10 (237230)
Clp0006I 258000  Obj 8.7850553e+09 Primal inf 4.5622436e+09 (186223)
Clp0006I 259000  Obj 8.8381223e+09 Primal inf 1.4194028e+10 (215266)
Clp0006I 260000  Obj 8.9389821e+09 Primal inf 2.4134969e+11 (237598)
Clp0006I 261000  Obj 9.0145931e+09 Primal inf 2.6654382e+10 (240967)
Clp0006I 262000  Obj 9.0862575e+09 Primal inf 1.5164687e+10 (251402)
Clp0006I 263000  Obj 9.1893555e+09 Primal inf 5.0707554e+09 (195069)
Clp0006I 264000  Obj 9.3231633e+09 Primal inf 2.5423741e+10 (251641)
Clp0006I 265000  Obj 9.4259451e+09 Primal inf 7.7456243e+09 (187914)
Clp0006I 266000  Obj 9.5328242e+09 Primal inf 7.175661e+10 (230447)
Clp0006I 267000  Obj 9.602028e+09 Primal inf 1.0175709e+10 (192622)
Clp0006I 267916  Obj 9.6827974e+09 Primal inf 7.5540238e+09 (196505)
Clp0006I 268916  Obj 9.7595094e+09 Primal inf 5.8733498e+10 (241909)
Clp0006I 269916  Obj 9.8508124e+09 Primal inf 1.2115831e+10 (216894)
Clp0006I 270465  Obj 9.9072471e+09 Primal inf 4.10813e+10 (190445)
Clp0006I 271465  Obj 1.0018855e+10 Primal inf 3.0229806e+09 (218942)
Clp0006I 272465  Obj 1.0123374e+10 Primal inf 2.2409759e+09 (179048)
Clp0006I 273465  Obj 1.0211646e+10 Primal inf 4.1286159e+09 (261871)
Clp0006I 274465  Obj 1.0280471e+10 Primal inf 2.33074e+10 (253244)
Clp0006I 275465  Obj 1.037279e+10 Primal inf 2.4933036e+10 (213811)
Clp0006I 276465  Obj 1.048936e+10 Primal inf 7.8922226e+09 (221246)
Clp0006I 277465  Obj 1.0560191e+10 Primal inf 8.5816371e+09 (197124)
Clp0006I 278465  Obj 1.0632339e+10 Primal inf 1.639176e+10 (259379)
Clp0006I 279465  Obj 1.0695624e+10 Primal inf 2.121218e+11 (241106)
Clp0006I 280465  Obj 1.0762684e+10 Primal inf 2.6577544e+09 (225366)
Clp0006I 281465  Obj 1.0835391e+10 Primal inf 9.7905885e+09 (194388)
Clp0006I 282465  Obj 1.0868292e+10 Primal inf 4.1186396e+10 (221526)
Clp0006I 283465  Obj 1.0936646e+10 Primal inf 7.792836e+09 (233215)
Clp0006I 284465  Obj 1.1009294e+10 Primal inf 7.1435659e+09 (256242)
Clp0006I 285465  Obj 1.1084164e+10 Primal inf 1.3677306e+11 (226295)
Clp0006I 286465  Obj 1.1133987e+10 Primal inf 1.6417565e+10 (208135)
Clp0006I 287465  Obj 1.1213345e+10 Primal inf 5.1193491e+09 (227129)
Clp0006I 288465  Obj 1.128072e+10 Primal inf 1.098183e+10 (234370)
Clp0006I 289465  Obj 1.1349242e+10 Primal inf 8.0439716e+09 (229526)
Clp0006I 290465  Obj 1.1408496e+10 Primal inf 1.8663941e+09 (182944)
Clp0006I 291465  Obj 1.1438509e+10 Primal inf 1.4827798e+09 (213033)
Clp0006I 292465  Obj 1.147054e+10 Primal inf 6.4644303e+09 (202156)
Clp0006I 293465  Obj 1.1517736e+10 Primal inf 3.2136254e+09 (195302)
Clp0006I 294465  Obj 1.1533739e+10 Primal inf 1.0950525e+10 (230934)
Clp0006I 295465  Obj 1.1599685e+10 Primal inf 1.0590341e+10 (233154)
Clp0006I 296465  Obj 1.1662773e+10 Primal inf 1.7918472e+10 (278469)
Clp0006I 297465  Obj 1.1731395e+10 Primal inf 5.1645633e+09 (233496)
Clp0006I 298465  Obj 1.1791278e+10 Primal inf 3.07172e+09 (210299)
Clp0006I 299465  Obj 1.186717e+10 Primal inf 6.8694702e+09 (252126)
Clp0006I 300465  Obj 1.1923074e+10 Primal inf 9.8629091e+09 (247927)
Clp0006I 301464  Obj 1.1969282e+10 Primal inf 7.8633029e+09 (250379)
Clp0006I 302464  Obj 1.2023629e+10 Primal inf 3.2930139e+09 (215612)
Clp0006I 303464  Obj 1.2053072e+10 Primal inf 1.1748078e+10 (229900)
Clp0006I 304464  Obj 1.2099137e+10 Primal inf 7.3151676e+09 (246154)
Clp0006I 305464  Obj 1.2163522e+10 Primal inf 4.0442266e+09 (218984)
Clp0006I 306464  Obj 1.2201015e+10 Primal inf 2.3327956e+10 (262944)
Clp0006I 307464  Obj 1.2221433e+10 Primal inf 2.5788126e+09 (217038)
Clp0006I 308464  Obj 1.225355e+10 Primal inf 3.0056389e+10 (226408)
Clp0006I 309464  Obj 1.2287966e+10 Primal inf 3.6822194e+09 (195290)
Clp0006I 310464  Obj 1.2340247e+10 Primal inf 1.4865643e+10 (210887)
Clp0006I 311464  Obj 1.2380908e+10 Primal inf 4.5833543e+10 (224780)
Clp0006I 312464  Obj 1.2413977e+10 Primal inf 3.1198585e+11 (246941)
Clp0006I 313464  Obj 1.2447683e+10 Primal inf 6.8317011e+09 (235722)
Clp0006I 314464  Obj 1.2505627e+10 Primal inf 2.0491355e+09 (234218)
Clp0006I 315464  Obj 1.2557649e+10 Primal inf 3.3246087e+10 (244231)
Clp0006I 316464  Obj 1.2608897e+10 Primal inf 7.7825656e+09 (202177)
Clp0006I 317464  Obj 1.2671787e+10 Primal inf 7.2614737e+09 (197054)
Clp0006I 318464  Obj 1.2723679e+10 Primal inf 2.5146695e+09 (207328)
Clp0006I 319464  Obj 1.2754798e+10 Primal inf 2.3020433e+09 (200968)
Clp0006I 320464  Obj 1.2793837e+10 Primal inf 1.2936811e+11 (244029)
Clp0006I 321464  Obj 1.2835562e+10 Primal inf 5.1664511e+09 (235791)
Clp0006I 322464  Obj 1.2856428e+10 Primal inf 1.6757187e+09 (193880)
Clp0006I 323461  Obj 1.2897839e+10 Primal inf 1.6326402e+10 (234160)
Clp0006I 324461  Obj 1.2932553e+10 Primal inf 3.5136652e+09 (231015)
Clp0006I 325461  Obj 1.2970926e+10 Primal inf 9.5991976e+09 (215650)
Clp0006I 326461  Obj 1.3000618e+10 Primal inf 6.3102122e+09 (232322)
Clp0006I 327461  Obj 1.3030726e+10 Primal inf 5.7449423e+09 (213539)
Clp0006I 328461  Obj 1.3071386e+10 Primal inf 2.451778e+10 (203783)
Clp0006I 329461  Obj 1.3098773e+10 Primal inf 6.5117545e+09 (231593)
Clp0006I 330461  Obj 1.3112537e+10 Primal inf 1.410291e+09 (216024)
Clp0006I 331461  Obj 1.3115429e+10 Primal inf 1.1927966e+10 (201550)
Clp0006I 332461  Obj 1.3131773e+10 Primal inf 6.7773933e+08 (184544)
Clp0006I 333461  Obj 1.314586e+10 Primal inf 1.7324739e+10 (266096)
Clp0006I 334461  Obj 1.3162885e+10 Primal inf 3.505095e+09 (220042)
Clp0006I 335461  Obj 1.3183232e+10 Primal inf 1.4674669e+09 (196773)
Clp0006I 336461  Obj 1.3199546e+10 Primal inf 2.1671197e+10 (254509)
Clp0006I 337461  Obj 1.3203878e+10 Primal inf 2.4454446e+09 (207838)
Clp0006I 338461  Obj 1.3223191e+10 Primal inf 2.1925313e+09 (190880)
Clp0006I 339461  Obj 1.3236501e+10 Primal inf 9.304772e+09 (242371)
Clp0006I 340461  Obj 1.3244911e+10 Primal inf 1.2197549e+09 (193633)
Clp0006I 341461  Obj 1.3258311e+10 Primal inf 2.9203867e+10 (241239)
Clp0006I 342461  Obj 1.3278626e+10 Primal inf 2.7233329e+10 (227943)
Clp0006I 343461  Obj 1.3301143e+10 Primal inf 2.7973978e+09 (217015)
Clp0006I 344461  Obj 1.3318852e+10 Primal inf 2.3208833e+09 (196469)
Clp0006I 345461  Obj 1.3326133e+10 Primal inf 1.5474917e+09 (199218)
Clp0006I 346461  Obj 1.3343035e+10 Primal inf 9.5639676e+09 (235126)
Clp0006I 347461  Obj 1.3351602e+10 Primal inf 2.0842374e+09 (212369)
Clp0006I 348461  Obj 1.3375565e+10 Primal inf 1.5026051e+09 (212438)
Clp0006I 349461  Obj 1.3389308e+10 Primal inf 8.2058929e+09 (219269)
Clp0006I 350461  Obj 1.3397598e+10 Primal inf 3.8556717e+09 (227001)
Clp0006I 351461  Obj 1.3414092e+10 Primal inf 1.1384096e+10 (244112)
Clp0006I 352461  Obj 1.3421863e+10 Primal inf 4.8460952e+09 (196667)
Clp0006I 353461  Obj 1.3423444e+10 Primal inf 1.0578004e+09 (204092)
Clp0006I 354461  Obj 1.343708e+10 Primal inf 3.4224073e+09 (215424)
Clp0006I 355461  Obj 1.3447578e+10 Primal inf 1.1270641e+09 (196289)
Clp0006I 356461  Obj 1.3469503e+10 Primal inf 3.4932944e+10 (228635)
Clp0006I 357461  Obj 1.3478806e+10 Primal inf 1.2789522e+10 (209726)
Clp0006I 358461  Obj 1.349948e+10 Primal inf 3.6860211e+09 (202210)
Clp0006I 359461  Obj 1.3535831e+10 Primal inf 3.2206514e+09 (199845)
Clp0006I 360461  Obj 1.3569333e+10 Primal inf 9.4787477e+09 (246183)
Clp0006I 361461  Obj 1.3727369e+10 Primal inf 3.5340165e+09 (217994)
Clp0006I 362461  Obj 1.3752685e+10 Primal inf 3.3333765e+10 (253255)
Clp0006I 363461  Obj 1.3759558e+10 Primal inf 3.9123611e+09 (195322)
Clp0006I 364461  Obj 1.3771854e+10 Primal inf 4.6692693e+10 (246906)
Clp0006I 365461  Obj 1.377898e+10 Primal inf 5.5146731e+09 (215880)
Clp0006I 366461  Obj 1.3783518e+10 Primal inf 1.1028081e+10 (219650)
Clp0006I 367461  Obj 1.3784209e+10 Primal inf 1.1633124e+09 (191795)
Clp0006I 368461  Obj 1.3795599e+10 Primal inf 1.2320185e+11 (234911)
Clp0006I 369461  Obj 1.3802821e+10 Primal inf 2.5653957e+10 (247801)
Clp0006I 370461  Obj 1.3810252e+10 Primal inf 2.9017705e+09 (221491)
Clp0006I 371461  Obj 1.3824115e+10 Primal inf 8.1022965e+08 (192599)
Clp0006I 372461  Obj 1.3842132e+10 Primal inf 2.2882107e+10 (234658)
Clp0006I 373461  Obj 1.3848049e+10 Primal inf 2.1069691e+10 (220244)
Clp0006I 374461  Obj 1.3860067e+10 Primal inf 1.7150439e+09 (226471)
Clp0006I 375461  Obj 1.3868578e+10 Primal inf 5.8086804e+09 (227075)
Clp0006I 376461  Obj 1.3875836e+10 Primal inf 2.8472632e+09 (213670)
Clp0006I 377461  Obj 1.3879267e+10 Primal inf 1.4721976e+10 (222182)
Clp0006I 378461  Obj 1.3881473e+10 Primal inf 3.5459685e+09 (219349)
Clp0006I 379461  Obj 1.3885259e+10 Primal inf 5.7900487e+09 (233175)
Clp0006I 380461  Obj 1.3888833e+10 Primal inf 2.1941149e+10 (251024)
Clp0006I 381461  Obj 1.3908952e+10 Primal inf 1.1748381e+10 (217040)
Clp0006I 382461  Obj 1.3927105e+10 Primal inf 1.8420326e+09 (206829)
Clp0006I 383461  Obj 1.3936541e+10 Primal inf 2.6394934e+09 (208341)
Clp0006I 384461  Obj 1.3947234e+10 Primal inf 9.2701889e+08 (212835)
Clp0006I 385461  Obj 1.3961239e+10 Primal inf 3.6326318e+09 (230436)
Clp0006I 386461  Obj 1.3984006e+10 Primal inf 1.1868063e+10 (230686)
Clp0006I 387461  Obj 1.3994342e+10 Primal inf 2.3289457e+09 (226474)
Clp0006I 388461  Obj 1.4001519e+10 Primal inf 1.2726631e+09 (205341)
Clp0006I 389461  Obj 1.4016338e+10 Primal inf 2.1072383e+10 (203777)
Clp0006I 390461  Obj 1.4024465e+10 Primal inf 9.3874423e+09 (214085)
Clp0006I 391461  Obj 1.4034668e+10 Primal inf 3.086397e+09 (235185)
Clp0006I 392461  Obj 1.4038453e+10 Primal inf 1.0204522e+10 (250067)
Clp0006I 393461  Obj 1.4055543e+10 Primal inf 8.5649072e+09 (233390)
Clp0006I 394461  Obj 1.4059538e+10 Primal inf 1.9743949e+09 (230308)
Clp0006I 395461  Obj 1.4072281e+10 Primal inf 9.1290281e+08 (202675)
Clp0006I 396461  Obj 1.4080748e+10 Primal inf 2.9975726e+09 (210502)
Clp0006I 397461  Obj 1.4106727e+10 Primal inf 1.3142484e+09 (198716)
Clp0006I 398461  Obj 1.4116525e+10 Primal inf 1.7021325e+09 (224977)
Clp0006I 399461  Obj 1.4120748e+10 Primal inf 2.9401544e+09 (233656)
Clp0006I 400461  Obj 1.4148103e+10 Primal inf 2.0736689e+09 (228055)
Clp0006I 401461  Obj 1.4168831e+10 Primal inf 2.2835318e+09 (224550)
Clp0006I 402461  Obj 1.4174095e+10 Primal inf 8.9388854e+08 (225849)
Clp0006I 403461  Obj 1.4182404e+10 Primal inf 3.1189485e+09 (194712)
Clp0006I 404461  Obj 1.4188553e+10 Primal inf 1.2494353e+09 (193940)
Clp0006I 405461  Obj 1.4210699e+10 Primal inf 1.9449749e+10 (242942)
Clp0006I 406461  Obj 1.4223724e+10 Primal inf 1.0785034e+09 (206547)
Clp0006I 407461  Obj 1.4249656e+10 Primal inf 5.1669274e+09 (210962)
Clp0006I 408461  Obj 1.4269849e+10 Primal inf 3.2730613e+09 (234283)
Clp0006I 409461  Obj 1.4291389e+10 Primal inf 1.8408365e+11 (265938)
Clp0006I 410461  Obj 1.4296167e+10 Primal inf 1.450917e+09 (232382)
Clp0006I 411461  Obj 1.4303147e+10 Primal inf 6.7047721e+09 (251585)
Clp0006I 412461  Obj 1.4323002e+10 Primal inf 2.6897668e+09 (199035)
Clp0006I 413461  Obj 1.4333039e+10 Primal inf 8.9448566e+08 (196642)
Clp0006I 414461  Obj 1.4356427e+10 Primal inf 2.9505292e+09 (218214)
Clp0006I 415461  Obj 1.4372682e+10 Primal inf 3.6188378e+09 (236700)
Clp0006I 416461  Obj 1.438375e+10 Primal inf 1.8156517e+09 (199482)
Clp0006I 417461  Obj 1.4396832e+10 Primal inf 1.6352499e+09 (203285)
Clp0006I 418461  Obj 1.4405802e+10 Primal inf 7.5121499e+08 (223703)
Clp0006I 419461  Obj 1.4422935e+10 Primal inf 2.391094e+09 (205253)
Clp0006I 420461  Obj 1.4431723e+10 Primal inf 1.6456185e+09 (235940)
Clp0006I 421461  Obj 1.4450893e+10 Primal inf 1.7257831e+09 (237713)
Clp0006I 422461  Obj 1.4471181e+10 Primal inf 6.4453687e+09 (230230)
Clp0006I 423461  Obj 1.4479341e+10 Primal inf 1.254174e+09 (223117)
Clp0006I 424461  Obj 1.4485109e+10 Primal inf 7.8839671e+08 (199707)
Clp0006I 425461  Obj 1.4502594e+10 Primal inf 2.7631916e+10 (238479)
Clp0006I 426461  Obj 1.4513395e+10 Primal inf 3.0964902e+10 (241993)
Clp0006I 427461  Obj 1.4534448e+10 Primal inf 2.2526631e+09 (209904)
Clp0006I 428461  Obj 1.4548634e+10 Primal inf 1.4391719e+09 (209924)
Clp0006I 429461  Obj 1.4563555e+10 Primal inf 9.2794657e+09 (227439)
Clp0006I 430461  Obj 1.4572353e+10 Primal inf 1.858586e+09 (227891)
Clp0006I 431461  Obj 1.4582128e+10 Primal inf 2.6048339e+09 (233906)
Clp0006I 432461  Obj 1.4588081e+10 Primal inf 1.5646514e+09 (229731)
Clp0006I 433461  Obj 1.4601833e+10 Primal inf 5.7304823e+10 (282756)
Clp0006I 434461  Obj 1.4609666e+10 Primal inf 2.2052074e+10 (273549)
Clp0006I 435461  Obj 1.4617015e+10 Primal inf 6.8909183e+09 (256107)
Clp0006I 436461  Obj 1.4623139e+10 Primal inf 2.7227086e+09 (220435)
Clp0006I 437461  Obj 1.462702e+10 Primal inf 1.4775828e+09 (233817)
Clp0006I 438461  Obj 1.4634893e+10 Primal inf 2.7389843e+09 (265349)
Clp0006I 439461  Obj 1.4642182e+10 Primal inf 1.2979979e+09 (220465)
Clp0006I 440461  Obj 1.4658563e+10 Primal inf 2.5467957e+09 (229599)
Clp0006I 441461  Obj 1.4667388e+10 Primal inf 2.3354308e+09 (234813)
Clp0006I 442461  Obj 1.4680523e+10 Primal inf 5.0386068e+09 (276658)
Clp0006I 443461  Obj 1.469134e+10 Primal inf 2.1434273e+09 (228294)
Clp0006I 444461  Obj 1.4701428e+10 Primal inf 1.8948934e+09 (256314)
Clp0006I 445461  Obj 1.4711956e+10 Primal inf 1.0278256e+09 (231167)
Clp0006I 446461  Obj 1.4718857e+10 Primal inf 1.6927411e+10 (250677)
Clp0006I 447461  Obj 1.4727843e+10 Primal inf 1.2564028e+09 (240054)
Clp0006I 448461  Obj 1.4736205e+10 Primal inf 6.0035015e+09 (260248)
Clp0006I 449461  Obj 1.4757182e+10 Primal inf 1.9762543e+09 (254613)
Clp0006I 450461  Obj 1.4772946e+10 Primal inf 5.1175343e+09 (273954)
Clp0006I 451461  Obj 1.4784989e+10 Primal inf 2.1413903e+10 (244420)
Clp0006I 452461  Obj 1.4790365e+10 Primal inf 9.6394634e+08 (242413)
Clp0006I 453461  Obj 1.479652e+10 Primal inf 5.8970933e+09 (248118)
Clp0006I 454461  Obj 1.4801352e+10 Primal inf 1.1633443e+09 (212004)
Clp0006I 455461  Obj 1.4814386e+10 Primal inf 4.5070664e+09 (281321)
Clp0006I 456461  Obj 1.4818019e+10 Primal inf 1.0054344e+10 (273102)
Clp0006I 457461  Obj 1.4823616e+10 Primal inf 2.2277819e+09 (251495)
Clp0006I 458461  Obj 1.4835867e+10 Primal inf 4.8989725e+09 (260730)
Clp0006I 459461  Obj 1.4840277e+10 Primal inf 7.872665e+08 (198757)
Clp0006I 460461  Obj 1.4851526e+10 Primal inf 1.0757359e+09 (215716)
Clp0006I 461461  Obj 1.4869791e+10 Primal inf 4.2902447e+09 (232182)
Clp0006I 462461  Obj 1.4886383e+10 Primal inf 7.8790819e+08 (199876)
Clp0006I 463461  Obj 1.4895896e+10 Primal inf 1.0156149e+09 (202003)
Clp0006I 464461  Obj 1.490465e+10 Primal inf 1.4071588e+09 (204606)
Clp0006I 465461  Obj 1.4916407e+10 Primal inf 1.1612849e+09 (220447)
Clp0006I 466461  Obj 1.4930448e+10 Primal inf 1.1423464e+09 (218783)
Clp0006I 467461  Obj 1.4944285e+10 Primal inf 1.1017465e+09 (220857)
Clp0006I 468461  Obj 1.4960904e+10 Primal inf 4.8772235e+09 (254264)
Clp0006I 469461  Obj 1.4969218e+10 Primal inf 2.6964669e+09 (243883)
Clp0006I 470461  Obj 1.4979829e+10 Primal inf 1.0610451e+09 (226460)
Clp0006I 471461  Obj 1.499073e+10 Primal inf 2.1965659e+09 (261920)
Clp0006I 472461  Obj 1.5005542e+10 Primal inf 3.2791192e+09 (232984)
Clp0006I 473461  Obj 1.5014198e+10 Primal inf 8.7208774e+08 (195706)
Clp0006I 474461  Obj 1.5022295e+10 Primal inf 1.1519125e+10 (258198)
Clp0006I 475461  Obj 1.5026547e+10 Primal inf 3.949184e+09 (227671)
Clp0006I 476461  Obj 1.5039802e+10 Primal inf 2.5271604e+09 (218826)
Clp0006I 477461  Obj 1.5045619e+10 Primal inf 1.3575359e+09 (214953)
Clp0006I 478461  Obj 1.5050304e+10 Primal inf 2.3191405e+09 (245602)
Clp0006I 479461  Obj 1.5057528e+10 Primal inf 1.9036127e+09 (245165)
Clp0006I 480461  Obj 1.5064757e+10 Primal inf 9.4230849e+09 (285547)
Clp0006I 481461  Obj 1.50701e+10 Primal inf 2.1783581e+09 (247906)
Clp0006I 482461  Obj 1.5072855e+10 Primal inf 4.0187112e+09 (278359)
Clp0006I 483461  Obj 1.5074552e+10 Primal inf 4.0211585e+10 (253527)
Clp0006I 484461  Obj 1.5079624e+10 Primal inf 2.017007e+10 (266964)
Clp0006I 485461  Obj 1.5085211e+10 Primal inf 4.054348e+10 (253854)
Clp0006I 486461  Obj 1.5093528e+10 Primal inf 1.7241777e+09 (218582)
Clp0006I 487461  Obj 1.5101157e+10 Primal inf 3.1067855e+09 (259593)
Clp0006I 488461  Obj 1.5107367e+10 Primal inf 1.3125578e+10 (237990)
Clp0006I 489461  Obj 1.5115244e+10 Primal inf 1.0925051e+11 (264766)
Clp0006I 490461  Obj 1.5122278e+10 Primal inf 3.225972e+09 (281330)
Clp0006I 491461  Obj 1.5126466e+10 Primal inf 1.4420039e+09 (240300)
Clp0006I 492461  Obj 1.5133793e+10 Primal inf 5.6012452e+09 (279162)
Clp0006I 493461  Obj 1.5138404e+10 Primal inf 1.6746699e+09 (229470)
Clp0006I 494461  Obj 1.5142776e+10 Primal inf 1.8719093e+09 (218916)
Clp0006I 495461  Obj 1.5147527e+10 Primal inf 2.5819967e+10 (247897)
Clp0006I 496461  Obj 1.5151571e+10 Primal inf 1.3461358e+09 (216913)
Clp0006I 497461  Obj 1.5161625e+10 Primal inf 1.5896722e+10 (263413)
Clp0006I 498461  Obj 1.5165035e+10 Primal inf 2.2744902e+09 (247007)
Clp0006I 499461  Obj 1.5167712e+10 Primal inf 7.9093123e+09 (254877)
Clp0006I 500461  Obj 1.5171255e+10 Primal inf 5.6515523e+09 (253275)
Clp0006I 501461  Obj 1.5175579e+10 Primal inf 7.0497363e+09 (302087)
Clp0006I 502461  Obj 1.5180922e+10 Primal inf 1.2115439e+11 (296939)
Clp0006I 503461  Obj 1.5188555e+10 Primal inf 7.8420536e+09 (256385)
Clp0006I 504461  Obj 1.5192464e+10 Primal inf 1.6964411e+09 (244501)
Clp0006I 505461  Obj 1.5199977e+10 Primal inf 1.7333184e+10 (302107)
Clp0006I 506461  Obj 1.5206958e+10 Primal inf 1.4567456e+10 (264797)
Clp0006I 507461  Obj 1.5223628e+10 Primal inf 1.3599222e+10 (269296)
Clp0006I 508461  Obj 1.5236533e+10 Primal inf 4.6230692e+10 (276363)
Clp0006I 509461  Obj 1.5250108e+10 Primal inf 1.9899181e+11 (242682)
Clp0006I 510461  Obj 1.5257378e+10 Primal inf 1.5714867e+11 (291079)
Clp0006I 511461  Obj 1.5264992e+10 Primal inf 1.1025885e+11 (274040)
Clp0006I 512461  Obj 1.5279958e+10 Primal inf 6.6881358e+09 (278262)
Clp0006I 513461  Obj 1.5299809e+10 Primal inf 7.2299303e+09 (260222)
Clp0006I 514461  Obj 1.5309757e+10 Primal inf 2.9899496e+11 (270340)
Clp0006I 515461  Obj 1.5317059e+10 Primal inf 3.8322142e+10 (272887)
Clp0006I 516461  Obj 1.5348855e+10 Primal inf 2.5205755e+11 (280068)
Clp0006I 517461  Obj 1.5361652e+10 Primal inf 7.3130337e+10 (264711)
Clp0006I 518461  Obj 1.5373993e+10 Primal inf 1.2782428e+10 (314622)
Clp0006I 519461  Obj 1.5385764e+10 Primal inf 2.3155879e+12 (340746)
Clp0006I 520461  Obj 1.5403594e+10 Primal inf 2.1834473e+11 (243929)
Clp0006I 521461  Obj 1.5423026e+10 Primal inf 1.2405434e+11 (284806)
Clp0006I 522461  Obj 1.5438797e+10 Primal inf 4.7404335e+10 (313663)
Clp0006I 523461  Obj 1.546621e+10 Primal inf 9.702724e+10 (326343)
Clp0006I 524461  Obj 1.5488001e+10 Primal inf 1.2167792e+11 (306516)
Clp0006I 525461  Obj 1.5509761e+10 Primal inf 3.4528831e+11 (313598)
Clp0006I 526461  Obj 1.553191e+10 Primal inf 3.1637569e+11 (337449)
Clp0006I 527461  Obj 1.555124e+10 Primal inf 5.9675132e+10 (340222)
Clp0006I 528461  Obj 1.5566999e+10 Primal inf 6.8745998e+11 (289373)
Clp0006I 529461  Obj 1.5589304e+10 Primal inf 1.1547581e+12 (336863)
Clp0006I 530461  Obj 1.5602019e+10 Primal inf 4.915118e+11 (321885)
Clp0006I 531461  Obj 1.5614734e+10 Primal inf 1.6598638e+11 (291790)
Clp0006I 532461  Obj 1.5625779e+10 Primal inf 1.4913466e+11 (361714)
Clp0006I 533461  Obj 1.5644043e+10 Primal inf 1.1910255e+12 (359649)
Clp0006I 534461  Obj 1.5670168e+10 Primal inf 7.8875614e+10 (313710)
Clp0006I 535461  Obj 1.5681782e+10 Primal inf 5.3130729e+09 (302893)
Clp0006I 536461  Obj 1.5691338e+10 Primal inf 5.8468484e+09 (285371)
Clp0006I 537461  Obj 1.5712024e+10 Primal inf 6.919685e+10 (348120)
Clp0006I 538461  Obj 1.57258e+10 Primal inf 5.0480762e+10 (269734)
Clp0006I 539461  Obj 1.5736118e+10 Primal inf 4.783579e+09 (272242)
Clp0006I 540461  Obj 1.5748357e+10 Primal inf 3.3910992e+10 (296071)
Clp0006I 541461  Obj 1.5764434e+10 Primal inf 6.174061e+10 (275254)
Clp0006I 542461  Obj 1.5775643e+10 Primal inf 4.031513e+11 (308844)
Clp0006I 543461  Obj 1.5790447e+10 Primal inf 2.3371781e+12 (310067)
Clp0006I 544461  Obj 1.5807863e+10 Primal inf 5.5123959e+10 (315687)
Clp0006I 545461  Obj 1.5831337e+10 Primal inf 5.7555323e+10 (242717)
Clp0006I 546461  Obj 1.5841177e+10 Primal inf 7.8334934e+10 (320258)
Clp0006I 547461  Obj 1.58489e+10 Primal inf 5.76811e+10 (309074)
Clp0006I 548461  Obj 1.5860542e+10 Primal inf 3.1347242e+10 (334912)
Clp0006I 549461  Obj 1.5870396e+10 Primal inf 7.3359685e+10 (295971)
Clp0006I 550461  Obj 1.5886713e+10 Primal inf 6.7908312e+11 (306316)
Clp0006I 551461  Obj 1.5905736e+10 Primal inf 4.7762006e+10 (312421)
Clp0006I 552461  Obj 1.5925878e+10 Primal inf 3.0400599e+09 (262035)
Clp0006I 553461  Obj 1.5944596e+10 Primal inf 1.2321439e+10 (296945)
Clp0006I 554461  Obj 1.5960926e+10 Primal inf 7.693747e+10 (264987)
Clp0006I 555298  Obj 1.5971172e+10 Primal inf 3.4025254e+09 (291798)
Clp0006I 556298  Obj 1.5985538e+10 Primal inf 7.6102567e+10 (311530)
Clp0006I 557298  Obj 1.600077e+10 Primal inf 2.1035095e+10 (287564)
Clp0006I 558298  Obj 1.6019989e+10 Primal inf 7.8131303e+09 (290101)
Clp0006I 559298  Obj 1.6026955e+10 Primal inf 1.2680922e+11 (347283)
Clp0006I 560298  Obj 1.6040626e+10 Primal inf 1.1606168e+10 (283411)
Clp0006I 561298  Obj 1.6049681e+10 Primal inf 7.7469985e+09 (300882)
Clp0006I 562298  Obj 1.6059677e+10 Primal inf 1.3819452e+11 (289973)
Clp0006I 563298  Obj 1.6064048e+10 Primal inf 1.1931288e+10 (267853)
Clp0006I 564298  Obj 1.607288e+10 Primal inf 4.9066117e+10 (316175)
Clp0006I 565298  Obj 1.6083587e+10 Primal inf 1.6280723e+11 (298458)
Clp0006I 566298  Obj 1.6105492e+10 Primal inf 1.2549463e+11 (322152)
Clp0006I 567298  Obj 1.6118714e+10 Primal inf 8.3748659e+10 (303842)
Clp0006I 568298  Obj 1.6132588e+10 Primal inf 1.8174701e+09 (241634)
Clp0006I 569298  Obj 1.614087e+10 Primal inf 1.4315688e+10 (328281)
Clp0006I 570298  Obj 1.6149734e+10 Primal inf 2.4072316e+10 (325183)
Clp0006I 571298  Obj 1.6172609e+10 Primal inf 1.1908534e+11 (331368)
Clp0006I 572298  Obj 1.6210532e+10 Primal inf 9.1297396e+10 (335936)
Clp0006I 573298  Obj 1.6220085e+10 Primal inf 5.8909723e+10 (266043)
Clp0006I 574298  Obj 1.6232491e+10 Primal inf 1.1569232e+10 (298218)
Clp0006I 575298  Obj 1.6244855e+10 Primal inf 4.8517448e+10 (320480)
Clp0006I 576298  Obj 1.6258158e+10 Primal inf 3.9852234e+10 (312134)
Clp0006I 577298  Obj 1.6268754e+10 Primal inf 2.0874389e+10 (322374)
Clp0006I 578298  Obj 1.6276446e+10 Primal inf 1.8538506e+10 (348902)
Clp0006I 579298  Obj 1.6284719e+10 Primal inf 1.4305575e+10 (312624)
Clp0006I 580298  Obj 1.6296487e+10 Primal inf 9.4369691e+10 (331225)
Clp0006I 581298  Obj 1.6317212e+10 Primal inf 2.9966286e+11 (325453)
Clp0006I 582298  Obj 1.6343624e+10 Primal inf 8.2718205e+11 (339175)
Clp0006I 583298  Obj 1.6365748e+10 Primal inf 4.4684869e+10 (341962)
Clp0006I 584298  Obj 1.6377979e+10 Primal inf 4.7811733e+10 (329422)
Clp0006I 585298  Obj 1.6386124e+10 Primal inf 6.3174249e+10 (324101)
Clp0006I 586298  Obj 1.6400329e+10 Primal inf 4.6697703e+10 (351738)
Clp0006I 587298  Obj 1.640777e+10 Primal inf 2.317418e+10 (301025)
Clp0006I 588298  Obj 1.6423455e+10 Primal inf 2.3227342e+10 (346548)
Clp0006I 589298  Obj 1.6437561e+10 Primal inf 4.324936e+10 (318713)
Clp0006I 590298  Obj 1.6447778e+10 Primal inf 4.0815053e+10 (315985)
Clp0006I 591298  Obj 1.6459016e+10 Primal inf 1.5548306e+11 (374473)
Clp0006I 592298  Obj 1.6471841e+10 Primal inf 1.143946e+11 (345926)
Clp0006I 593298  Obj 1.6494102e+10 Primal inf 3.4792637e+10 (367642)
Clp0006I 594298  Obj 1.6508254e+10 Primal inf 3.1763304e+10 (306693)
Clp0006I 595298  Obj 1.6520692e+10 Primal inf 9.1808293e+10 (333648)
Clp0006I 596298  Obj 1.65335e+10 Primal inf 2.052163e+10 (346918)
Clp0006I 597298  Obj 1.6545943e+10 Primal inf 3.3535719e+10 (309724)
Clp0006I 598298  Obj 1.6560818e+10 Primal inf 3.0703158e+10 (301039)
Clp0006I 599298  Obj 1.6573815e+10 Primal inf 2.4487216e+10 (365954)
Clp0006I 600298  Obj 1.6588662e+10 Primal inf 1.3658673e+10 (304343)
Clp0006I 601298  Obj 1.6608149e+10 Primal inf 2.2002538e+10 (295341)
Clp0006I 602298  Obj 1.6626562e+10 Primal inf 1.138178e+10 (352750)
Clp0006I 603298  Obj 1.6670439e+10 Primal inf 5.9112549e+11 (299763)
Clp0006I 604298  Obj 1.6685632e+10 Primal inf 1.4517836e+11 (344127)
Clp0006I 605298  Obj 1.6699684e+10 Primal inf 6.0594885e+09 (282964)
Clp0006I 606298  Obj 1.6705256e+10 Primal inf 5.0741552e+09 (296155)
Clp0006I 607298  Obj 1.6719052e+10 Primal inf 4.4285972e+10 (319763)
Clp0006I 608298  Obj 1.6730089e+10 Primal inf 1.4794065e+11 (374262)
Clp0006I 609298  Obj 1.6741655e+10 Primal inf 2.3224961e+10 (339302)
Clp0006I 610298  Obj 1.6751456e+10 Primal inf 9.1540923e+10 (357428)
Clp0006I 611298  Obj 1.6768762e+10 Primal inf 1.5559179e+10 (346380)
Clp0006I 612298  Obj 1.6780385e+10 Primal inf 1.0624389e+11 (395197)
Clp0006I 613298  Obj 1.6792291e+10 Primal inf 2.8691403e+12 (335878)
Clp0006I 614298  Obj 1.6800582e+10 Primal inf 2.9543875e+11 (374784)
Clp0006I 615298  Obj 1.681149e+10 Primal inf 1.8204683e+11 (372432)
Clp0006I 616298  Obj 1.6824596e+10 Primal inf 3.4067234e+09 (358392)
Clp0006I 617298  Obj 1.683288e+10 Primal inf 1.4175645e+11 (399299)
Clp0006I 618298  Obj 1.6853657e+10 Primal inf 7.1295875e+10 (340533)
Clp0006I 619298  Obj 1.6868158e+10 Primal inf 3.7352113e+09 (297124)
Clp0006I 620298  Obj 1.6879892e+10 Primal inf 1.9483292e+11 (367207)
Clp0006I 621298  Obj 1.6890321e+10 Primal inf 1.5263361e+10 (306817)
Clp0006I 622298  Obj 1.6906111e+10 Primal inf 1.2838749e+11 (334860)
Clp0006I 623298  Obj 1.6926497e+10 Primal inf 8.1782101e+09 (336275)
Clp0006I 624298  Obj 1.6939299e+10 Primal inf 1.2037773e+11 (320774)
Clp0006I 625298  Obj 1.6945319e+10 Primal inf 1.0066833e+11 (313226)
Clp0006I 626298  Obj 1.6958803e+10 Primal inf 2.121917e+10 (289720)
Clp0006I 627298  Obj 1.6965465e+10 Primal inf 1.0244975e+10 (325558)
Clp0006I 628298  Obj 1.6977098e+10 Primal inf 1.7096798e+10 (338842)
Clp0006I 629298  Obj 1.6988446e+10 Primal inf 7.0600457e+09 (346362)
Clp0006I 630298  Obj 1.7002267e+10 Primal inf 3.2943353e+11 (317864)
Clp0006I 631298  Obj 1.7013839e+10 Primal inf 2.8938132e+10 (350904)
Clp0006I 632298  Obj 1.703243e+10 Primal inf 4.8583814e+09 (282708)
Clp0006I 633298  Obj 1.7044076e+10 Primal inf 5.0778964e+10 (366120)
Clp0006I 634298  Obj 1.7056052e+10 Primal inf 2.0520062e+10 (360307)
Clp0006I 635298  Obj 1.7068807e+10 Primal inf 1.6037566e+11 (393742)
Clp0006I 636298  Obj 1.7083871e+10 Primal inf 1.3698495e+11 (364511)
Clp0006I 637298  Obj 1.7097902e+10 Primal inf 6.0759011e+10 (353625)
Clp0006I 638298  Obj 1.710753e+10 Primal inf 2.1851424e+10 (282861)
Clp0006I 639298  Obj 1.7119357e+10 Primal inf 1.3877527e+12 (376985)
Clp0006I 640298  Obj 1.7131158e+10 Primal inf 5.2416134e+11 (358254)
Clp0006I 641298  Obj 1.7142645e+10 Primal inf 5.649595e+11 (392638)
Clp0006I 642298  Obj 1.7151027e+10 Primal inf 1.9932807e+13 (404912)
Clp0006I 643298  Obj 1.7162475e+10 Primal inf 2.7861103e+12 (357659)
Clp0006I 644298  Obj 1.7176397e+10 Primal inf 1.6549958e+10 (349723)
Clp0006I 645298  Obj 1.719259e+10 Primal inf 6.1186457e+10 (360553)
Clp0006I 646298  Obj 1.7204372e+10 Primal inf 1.0125502e+10 (396190)
Clp0006I 647298  Obj 1.7215776e+10 Primal inf 2.381152e+10 (294335)
Clp0006I 648298  Obj 1.722392e+10 Primal inf 8.7178074e+10 (329412)
Clp0006I 649298  Obj 1.7232508e+10 Primal inf 4.0174826e+10 (319822)
Clp0006I 650298  Obj 1.7237865e+10 Primal inf 4.7186592e+10 (414625)
Clp0006I 651298  Obj 1.7243751e+10 Primal inf 2.2375953e+10 (301128)
Clp0006I 652298  Obj 1.724943e+10 Primal inf 1.8268506e+10 (337475)
Clp0006I 653298  Obj 1.7262791e+10 Primal inf 6.8610964e+11 (353771)
Clp0006I 654298  Obj 1.7273741e+10 Primal inf 6.8816217e+10 (343775)
Clp0006I 655298  Obj 1.7291342e+10 Primal inf 8.0474856e+10 (351057)
Clp0006I 656298  Obj 1.7308627e+10 Primal inf 3.4622057e+10 (368119)
Clp0006I 657298  Obj 1.7323909e+10 Primal inf 7.421363e+09 (291717)
Clp0006I 658298  Obj 1.7345204e+10 Primal inf 2.2589235e+11 (333709)
Clp0006I 659298  Obj 1.7375558e+10 Primal inf 9.5544419e+10 (322461)
Clp0006I 660298  Obj 1.7401547e+10 Primal inf 6.9234685e+09 (310870)
Clp0006I 661298  Obj 1.7417285e+10 Primal inf 3.9783306e+11 (388608)
Clp0006I 662298  Obj 1.7430377e+10 Primal inf 7.3989472e+10 (353648)
Clp0006I 663298  Obj 1.7451482e+10 Primal inf 7.8593663e+10 (324289)
Clp0006I 664298  Obj 1.7461817e+10 Primal inf 1.6921304e+10 (306699)
Clp0006I 665298  Obj 1.7476624e+10 Primal inf 7.0920711e+10 (379938)
Clp0006I 666298  Obj 1.7497543e+10 Primal inf 4.9347347e+11 (328280)
Clp0006I 667298  Obj 1.7507826e+10 Primal inf 2.6352178e+10 (333669)
Clp0006I 668298  Obj 1.7524696e+10 Primal inf 9.0611744e+10 (377749)
Clp0006I 669298  Obj 1.7535582e+10 Primal inf 7.7630525e+10 (360404)
Clp0006I 670298  Obj 1.755426e+10 Primal inf 7.4591497e+11 (449850)
Clp0006I 671298  Obj 1.7575426e+10 Primal inf 4.4051521e+09 (344922)
Clp0006I 672298  Obj 1.7591629e+10 Primal inf 6.42412e+10 (343260)
Clp0006I 673298  Obj 1.7606433e+10 Primal inf 3.3271866e+10 (352160)
Clp0006I 674298  Obj 1.7618159e+10 Primal inf 2.8817813e+10 (364426)
Clp0006I 675298  Obj 1.7631591e+10 Primal inf 1.0121614e+10 (328926)
Clp0006I 676298  Obj 1.7649534e+10 Primal inf 6.326939e+10 (368533)
Clp0006I 677298  Obj 1.7675325e+10 Primal inf 9.0031128e+09 (303565)
Clp0006I 678298  Obj 1.7682708e+10 Primal inf 5.8908848e+10 (345584)
Clp0006I 679298  Obj 1.7690603e+10 Primal inf 1.4122529e+10 (323772)
Clp0006I 680298  Obj 1.7701671e+10 Primal inf 8.3757951e+11 (310056)
Clp0006I 681298  Obj 1.7713655e+10 Primal inf 3.9722185e+10 (340134)
Clp0006I 682298  Obj 1.7731502e+10 Primal inf 3.6502535e+10 (359293)
Clp0006I 683298  Obj 1.7745697e+10 Primal inf 4.6668628e+11 (355210)
Clp0006I 684298  Obj 1.7761215e+10 Primal inf 3.6572147e+11 (363590)
Clp0006I 685298  Obj 1.7771651e+10 Primal inf 1.967914e+10 (331121)
Clp0006I 686298  Obj 1.7784801e+10 Primal inf 3.8496054e+11 (358246)
Clp0006I 687298  Obj 1.7802132e+10 Primal inf 7.4402413e+10 (332737)
Clp0006I 688298  Obj 1.7818561e+10 Primal inf 5.6210271e+11 (304737)
Clp0006I 689298  Obj 1.7830808e+10 Primal inf 2.5255136e+10 (403611)
Clp0006I 690298  Obj 1.7843205e+10 Primal inf 3.7224378e+10 (374959)
Clp0006I 691298  Obj 1.785489e+10 Primal inf 1.6228267e+10 (346425)
Clp0006I 692298  Obj 1.786851e+10 Primal inf 9.3773594e+10 (406488)
Clp0006I 693298  Obj 1.7888497e+10 Primal inf 2.0962092e+10 (330404)
Clp0006I 694298  Obj 1.7905418e+10 Primal inf 3.1630265e+10 (378648)
Clp0006I 695298  Obj 1.7918463e+10 Primal inf 4.8463517e+10 (324257)
Clp0006I 696298  Obj 1.7934732e+10 Primal inf 1.1519185e+11 (342606)
Clp0006I 697298  Obj 1.7946365e+10 Primal inf 2.2608386e+12 (361362)
Clp0006I 698298  Obj 1.7961677e+10 Primal inf 1.3833856e+13 (363498)
Clp0006I 699242  Obj 1.7976229e+10 Primal inf 1.5597185e+11 (313242)
Clp0006I 700242  Obj 1.7987904e+10 Primal inf 2.899321e+09 (297527)
Clp0006I 701242  Obj 1.8004325e+10 Primal inf 2.5492763e+10 (301073)
Clp0006I 702242  Obj 1.8020536e+10 Primal inf 3.5996629e+11 (414388)
Clp0006I 703242  Obj 1.8091035e+10 Primal inf 3.0486612e+10 (410230)
Clp0006I 704242  Obj 1.8135138e+10 Primal inf 1.7206468e+11 (329979)
Clp0006I 705242  Obj 1.8150877e+10 Primal inf 1.1738231e+10 (391027)
Clp0006I 706242  Obj 1.8167277e+10 Primal inf 1.6882997e+11 (388843)
Clp0006I 707242  Obj 1.8177622e+10 Primal inf 7.8401692e+09 (295673)
Clp0006I 708242  Obj 1.8188629e+10 Primal inf 2.1423044e+10 (283527)
Clp0006I 709242  Obj 1.821625e+10 Primal inf 1.7162736e+11 (350999)
Clp0006I 710242  Obj 1.8230674e+10 Primal inf 4.9181336e+11 (356516)
Clp0006I 711242  Obj 1.8241365e+10 Primal inf 1.7333276e+10 (373290)
Clp0006I 712242  Obj 1.8251525e+10 Primal inf 1.0241642e+10 (361788)
Clp0006I 713242  Obj 1.82602e+10 Primal inf 2.0739896e+10 (341002)
Clp0006I 714242  Obj 1.8271279e+10 Primal inf 1.4899654e+10 (281102)
Clp0006I 715242  Obj 1.8286433e+10 Primal inf 1.9766056e+11 (380673)
Clp0006I 716242  Obj 1.8295694e+10 Primal inf 1.452956e+11 (319375)
Clp0006I 717242  Obj 1.8303338e+10 Primal inf 3.0183431e+10 (349695)
Clp0006I 718242  Obj 1.8315301e+10 Primal inf 3.9369587e+11 (312805)
Clp0006I 719242  Obj 1.8326018e+10 Primal inf 8.631955e+09 (351467)
Clp0006I 720242  Obj 1.8337824e+10 Primal inf 3.248393e+11 (294432)
Clp0006I 721242  Obj 1.834796e+10 Primal inf 1.12783e+12 (337056)
Clp0006I 722242  Obj 1.8356907e+10 Primal inf 5.1640739e+10 (346512)
Clp0006I 723242  Obj 1.8370328e+10 Primal inf 2.469811e+10 (289037)
Clp0006I 724242  Obj 1.8380103e+10 Primal inf 5.9322267e+11 (317187)
Clp0006I 725242  Obj 1.8386057e+10 Primal inf 1.2496692e+10 (225636)
Clp0006I 726242  Obj 1.8398013e+10 Primal inf 1.1023304e+10 (325284)
Clp0006I 727242  Obj 1.8406045e+10 Primal inf 1.0133507e+11 (340346)
Clp0006I 728242  Obj 1.8414997e+10 Primal inf 7.1839172e+10 (334306)
Clp0006I 729242  Obj 1.8420502e+10 Primal inf 2.5895986e+11 (345475)
Clp0006I 730242  Obj 1.8431319e+10 Primal inf 7.8912932e+09 (271765)
Clp0006I 731242  Obj 1.8443801e+10 Primal inf 2.3239423e+10 (379925)
Clp0006I 732242  Obj 1.845667e+10 Primal inf 2.7145499e+11 (357032)
Clp0006I 733242  Obj 1.8469771e+10 Primal inf 1.933954e+10 (354199)
Clp0006I 734242  Obj 1.8482508e+10 Primal inf 1.6317728e+10 (332307)
Clp0006I 735242  Obj 1.849218e+10 Primal inf 4.2899101e+10 (336435)
Clp0006I 736242  Obj 1.8502156e+10 Primal inf 4.3126581e+10 (387943)
Clp0006I 737242  Obj 1.8511083e+10 Primal inf 2.0461338e+09 (238536)
Clp0006I 738065  Obj 1.8518818e+10 Primal inf 7.8327332e+09 (331044)
Clp0006I 739065  Obj 1.853075e+10 Primal inf 4.2668186e+10 (365296)
Clp0006I 740065  Obj 1.8544163e+10 Primal inf 5.0900158e+10 (291201)
Clp0006I 741065  Obj 1.8552679e+10 Primal inf 2.1691121e+10 (329375)
Clp0006I 742065  Obj 1.8562936e+10 Primal inf 2.3068776e+10 (302151)
Clp0006I 743065  Obj 1.8573331e+10 Primal inf 1.7969593e+11 (361844)
Clp0006I 744065  Obj 1.8583567e+10 Primal inf 3.142662e+10 (340447)
Clp0006I 745065  Obj 1.8591644e+10 Primal inf 1.7533988e+10 (320107)
Clp0006I 746065  Obj 1.860055e+10 Primal inf 4.1109841e+10 (361237)
Clp0006I 747065  Obj 1.8609687e+10 Primal inf 2.004438e+10 (306188)
Clp0006I 748065  Obj 1.8619205e+10 Primal inf 6.7262991e+10 (316629)
Clp0006I 749049  Obj 1.8631528e+10 Primal inf 5.1752082e+11 (369681)
Clp0006I 750049  Obj 1.8672325e+10 Primal inf 2.0745903e+10 (380153)
Clp0006I 751049  Obj 1.8726209e+10 Primal inf 1.0242522e+11 (411439)
Clp0006I 752049  Obj 1.8738202e+10 Primal inf 2.111224e+10 (321202)
Clp0006I 753049  Obj 1.8749917e+10 Primal inf 1.8074983e+11 (383597)
Clp0006I 754049  Obj 1.8757625e+10 Primal inf 5.2973759e+10 (355471)
Clp0006I 755049  Obj 1.8766423e+10 Primal inf 9.0060405e+09 (302488)
Clp0006I 756049  Obj 1.8777647e+10 Primal inf 1.8273145e+10 (371599)
Clp0006I 757049  Obj 1.8798761e+10 Primal inf 1.7909513e+11 (355943)
Clp0006I 758049  Obj 1.8814017e+10 Primal inf 1.2800067e+10 (322915)
Clp0006I 759049  Obj 1.8830133e+10 Primal inf 9.2220628e+10 (412249)
Clp0006I 760049  Obj 1.8841335e+10 Primal inf 1.747883e+10 (325674)
Clp0006I 761049  Obj 1.8851699e+10 Primal inf 7.2253267e+09 (310032)
Clp0006I 762049  Obj 1.886197e+10 Primal inf 1.4177143e+10 (317018)
Clp0006I 763049  Obj 1.8874815e+10 Primal inf 3.7742952e+10 (359582)
Clp0006I 764049  Obj 1.8885193e+10 Primal inf 2.4931003e+10 (364458)
Clp0006I 765049  Obj 1.889647e+10 Primal inf 3.6984666e+10 (370416)
Clp0006I 766049  Obj 1.8906404e+10 Primal inf 3.9382758e+10 (371220)
Clp0006I 767049  Obj 1.8917706e+10 Primal inf 6.6409667e+10 (361831)
Clp0006I 768049  Obj 1.8932415e+10 Primal inf 1.283986e+10 (339537)
Clp0006I 769025  Obj 1.8951251e+10 Primal inf 8.5234799e+10 (439162)
Clp0006I 769945  Obj 1.8966449e+10 Primal inf 1.5573565e+11 (379560)
Clp0006I 770945  Obj 1.8977368e+10 Primal inf 1.6608868e+10 (318342)
Clp0006I 771945  Obj 1.8989024e+10 Primal inf 1.4140403e+10 (387643)
Clp0006I 772945  Obj 1.9003854e+10 Primal inf 3.4549377e+11 (345744)
Clp0006I 773945  Obj 1.9018251e+10 Primal inf 3.1190306e+09 (317527)
Clp0006I 774945  Obj 1.90284e+10 Primal inf 8.3976916e+10 (397236)
Clp0006I 775945  Obj 1.9040443e+10 Primal inf 7.6079847e+10 (369139)
Clp0006I 776926  Obj 1.9056635e+10 Primal inf 4.1873095e+09 (298747)
Clp0006I 777845  Obj 1.9066715e+10 Primal inf 3.8910546e+11 (364080)
Clp0006I 778845  Obj 1.9084271e+10 Primal inf 5.3849289e+10 (382010)
Clp0006I 779845  Obj 1.9102552e+10 Primal inf 4.4300214e+10 (374182)
Clp0006I 780573  Obj 1.9110472e+10 Primal inf 1.6508119e+10 (329621)
Clp0006I 781573  Obj 1.9124131e+10 Primal inf 6.314163e+09 (341927)
Clp0006I 782573  Obj 1.9142792e+10 Primal inf 1.287364e+11 (358347)
Clp0006I 783573  Obj 1.9156793e+10 Primal inf 4.9154418e+11 (376473)
Clp0006I 784408  Obj 1.9169503e+10 Primal inf 1.9451709e+11 (371528)
Clp0006I 785408  Obj 1.9178962e+10 Primal inf 6.5668969e+09 (327300)
Clp0006I 786408  Obj 1.9189225e+10 Primal inf 1.2566756e+10 (372294)
Clp0006I 787408  Obj 1.9203034e+10 Primal inf 4.0019835e+09 (274261)
Clp0006I 788151  Obj 1.9217076e+10 Primal inf 1.7222805e+10 (396938)
Clp0006I 789151  Obj 1.9231926e+10 Primal inf 1.6240986e+11 (347017)
Clp0006I 789863  Obj 1.9238037e+10 Primal inf 3.4776598e+10 (318220)
Clp0006I 790863  Obj 1.924582e+10 Primal inf 6.3399115e+10 (339352)
Clp0006I 791863  Obj 1.9256746e+10 Primal inf 2.0975244e+09 (271998)
Clp0006I 792863  Obj 1.9265461e+10 Primal inf 1.3243498e+10 (323930)
Clp0006I 793709  Obj 1.9279473e+10 Primal inf 5.0934184e+10 (367115)
Clp0006I 794468  Obj 1.929579e+10 Primal inf 7.6317362e+11 (404291)
Clp0006I 795468  Obj 1.930896e+10 Primal inf 3.6626436e+10 (402556)
Clp0006I 796468  Obj 1.9318133e+10 Primal inf 1.8014144e+10 (336864)
Clp0006I 797468  Obj 1.932637e+10 Primal inf 6.8163706e+10 (341310)
Clp0006I 798468  Obj 1.9336426e+10 Primal inf 2.7017717e+10 (351378)
Clp0006I 799468  Obj 1.9345038e+10 Primal inf 7.5370323e+10 (314575)
Clp0006I 800468  Obj 1.9355803e+10 Primal inf 4.8815327e+10 (350153)
Clp0006I 801468  Obj 1.9364488e+10 Primal inf 3.2358199e+10 (338694)
Clp0006I 802468  Obj 1.9376148e+10 Primal inf 1.8874617e+11 (402207)
Clp0006I 803468  Obj 1.940963e+10 Primal inf 2.8141179e+10 (312404)
Clp0006I 803827  Obj 1.9412732e+10 Primal inf 2.4858121e+09 (295547)
Clp0006I 804827  Obj 1.9421435e+10 Primal inf 1.1534948e+10 (277366)
Clp0006I 805827  Obj 1.9429892e+10 Primal inf 3.8739181e+09 (329445)
Clp0006I 806827  Obj 1.9444347e+10 Primal inf 4.5215416e+10 (389019)
Clp0006I 807827  Obj 1.9461116e+10 Primal inf 1.0342845e+10 (286743)
Clp0006I 808827  Obj 1.9469962e+10 Primal inf 1.2580913e+10 (326869)
Clp0006I 809827  Obj 1.9482465e+10 Primal inf 4.8300996e+10 (367810)
Clp0006I 810827  Obj 1.9491927e+10 Primal inf 2.0425336e+10 (329583)
Clp0006I 811827  Obj 1.95059e+10 Primal inf 6.0874728e+09 (326469)
Clp0006I 812827  Obj 1.9513599e+10 Primal inf 7.6897355e+10 (393978)
Clp0006I 813827  Obj 1.9519839e+10 Primal inf 2.3265461e+10 (291123)
Clp0006I 814827  Obj 1.9527263e+10 Primal inf 5.0121412e+10 (326458)
Clp0006I 815827  Obj 1.9533215e+10 Primal inf 1.285701e+09 (232150)
Clp0006I 816827  Obj 1.9548027e+10 Primal inf 1.7345732e+10 (313513)
Clp0006I 817827  Obj 1.955419e+10 Primal inf 1.3400636e+10 (324529)
Clp0006I 818827  Obj 1.9561755e+10 Primal inf 3.4191455e+09 (258166)
Clp0006I 819827  Obj 1.9568785e+10 Primal inf 9.6169148e+10 (380679)
Clp0006I 820827  Obj 1.9576339e+10 Primal inf 3.9874783e+10 (331104)
Clp0006I 821827  Obj 1.9584295e+10 Primal inf 4.9069174e+09 (308868)
Clp0006I 822827  Obj 1.9595527e+10 Primal inf 3.0429502e+10 (269577)
Clp0006I 823827  Obj 1.960279e+10 Primal inf 5.2092898e+10 (374542)
Clp0006I 824827  Obj 1.9612223e+10 Primal inf 6.4096269e+09 (356605)
Clp0006I 825827  Obj 1.9619266e+10 Primal inf 3.4354434e+10 (335837)
Clp0006I 826827  Obj 1.9626916e+10 Primal inf 5.5513532e+10 (381676)
Clp0006I 827827  Obj 1.9634779e+10 Primal inf 3.2316912e+09 (343183)
Clp0006I 828827  Obj 1.9647524e+10 Primal inf 8.8104907e+08 (289071)
Clp0006I 829827  Obj 1.9655294e+10 Primal inf 1.5720555e+10 (406914)
Clp0006I 830827  Obj 1.9662424e+10 Primal inf 2.2672557e+10 (374232)
Clp0006I 831827  Obj 1.9670095e+10 Primal inf 6.5108645e+09 (240515)
Clp0006I 832827  Obj 1.9678355e+10 Primal inf 3.7470331e+10 (326797)
Clp0006I 833827  Obj 1.9688807e+10 Primal inf 5.8883406e+09 (326921)
Clp0006I 834827  Obj 1.9695855e+10 Primal inf 9.5949251e+09 (345469)
Clp0006I 835827  Obj 1.9707436e+10 Primal inf 4.1598366e+09 (330906)
Clp0006I 836827  Obj 1.9715865e+10 Primal inf 3.690437e+10 (319394)
Clp0006I 837827  Obj 1.9724524e+10 Primal inf 5.5934224e+09 (256542)
Clp0006I 838827  Obj 1.9730992e+10 Primal inf 1.2930233e+09 (279594)
Clp0006I 839827  Obj 1.9742438e+10 Primal inf 2.0355677e+10 (346736)
Clp0006I 840827  Obj 1.9762154e+10 Primal inf 3.5981958e+10 (345319)
Clp0006I 841827  Obj 1.9780903e+10 Primal inf 5.7986309e+09 (264747)
Clp0006I 842827  Obj 1.9792313e+10 Primal inf 5.1047865e+09 (382175)
Clp0006I 843827  Obj 1.9797884e+10 Primal inf 1.9078018e+10 (313499)
Clp0006I 844827  Obj 1.9806935e+10 Primal inf 4.7616481e+11 (354970)
Clp0006I 845827  Obj 1.9818383e+10 Primal inf 2.2688523e+11 (348703)
Clp0006I 846827  Obj 1.983335e+10 Primal inf 3.4832337e+11 (328647)
Clp0006I 847827  Obj 1.9843375e+10 Primal inf 3.2800059e+10 (327518)
Clp0006I 848783  Obj 1.9853575e+10 Primal inf 1.7976698e+10 (335708)
Clp0006I 849783  Obj 1.9858244e+10 Primal inf 2.3774094e+09 (378972)
Clp0006I 850783  Obj 1.9868319e+10 Primal inf 1.0916512e+09 (272398)
Clp0006I 851783  Obj 1.9874906e+10 Primal inf 1.1523339e+09 (264759)
Clp0006I 852783  Obj 1.9880739e+10 Primal inf 6.5312683e+09 (324394)
Clp0006I 853783  Obj 1.9903184e+10 Primal inf 3.0781043e+09 (312052)
Clp0006I 854783  Obj 1.991368e+10 Primal inf 2.3220165e+10 (381427)
Clp0006I 855783  Obj 1.9960007e+10 Primal inf 3.0757216e+10 (351777)
Clp0006I 856783  Obj 2.0011536e+10 Primal inf 2.1004136e+10 (377878)
Clp0006I 857783  Obj 2.0014768e+10 Primal inf 5.9381978e+09 (281729)
Clp0006I 858783  Obj 2.0020793e+10 Primal inf 9.0904196e+09 (342014)
Clp0006I 859783  Obj 2.0026641e+10 Primal inf 3.2855026e+09 (322078)
Clp0006I 860783  Obj 2.0032163e+10 Primal inf 6.4498791e+09 (342320)
Clp0006I 861783  Obj 2.0036328e+10 Primal inf 8.373317e+09 (340229)
Clp0006I 862783  Obj 2.0041646e+10 Primal inf 1.7082443e+11 (278856)
Clp0006I 863783  Obj 2.0046951e+10 Primal inf 8.4827776e+10 (274221)
Clp0006I 864783  Obj 2.0052231e+10 Primal inf 7.7600094e+09 (281665)
Clp0006I 865783  Obj 2.0063244e+10 Primal inf 1.3399604e+09 (305101)
Clp0006I 866783  Obj 2.0068275e+10 Primal inf 3.4781331e+09 (380153)
Clp0006I 867783  Obj 2.0075993e+10 Primal inf 1.2463429e+10 (377354)
Clp0006I 868783  Obj 2.0079569e+10 Primal inf 5.6491796e+09 (276746)
Clp0006I 869783  Obj 2.0082701e+10 Primal inf 4.3231075e+09 (320208)
Clp0006I 870783  Obj 2.0088805e+10 Primal inf 4.9227174e+10 (344102)
Clp0006I 871783  Obj 2.0094354e+10 Primal inf 1.1264945e+10 (279724)
Clp0006I 872783  Obj 2.0097226e+10 Primal inf 4.4300643e+09 (289761)
Clp0006I 873783  Obj 2.0102537e+10 Primal inf 1.5243633e+09 (265106)
Clp0006I 874783  Obj 2.0106801e+10 Primal inf 3.8822637e+10 (291461)
Clp0006I 875783  Obj 2.0121855e+10 Primal inf 2.4394125e+11 (312760)
Clp0006I 876783  Obj 2.0130874e+10 Primal inf 1.1531201e+09 (269562)
Clp0006I 877783  Obj 2.0140626e+10 Primal inf 3.2409325e+09 (322657)
Clp0006I 878783  Obj 2.0150975e+10 Primal inf 1.8419251e+09 (315489)
Clp0006I 879783  Obj 2.0163561e+10 Primal inf 3.8459774e+09 (294135)
Clp0006I 880783  Obj 2.0169932e+10 Primal inf 3.6503526e+09 (274886)
Clp0006I 881783  Obj 2.0173323e+10 Primal inf 2.5434944e+09 (363028)
Clp0006I 882783  Obj 2.01793e+10 Primal inf 3.1530652e+10 (356901)
Clp0006I 883641  Obj 2.0195884e+10 Primal inf 1.0298274e+11 (353969)
Clp0006I 884641  Obj 2.0245015e+10 Primal inf 1.0294676e+10 (325744)
Clp0006I 885641  Obj 2.0261995e+10 Primal inf 1.2475075e+10 (379380)
Clp0006I 886641  Obj 2.026894e+10 Primal inf 9.1146764e+08 (299686)
Clp0006I 887641  Obj 2.0275093e+10 Primal inf 3.8744682e+08 (210304)
Clp0006I 888641  Obj 2.0281364e+10 Primal inf 3.4120636e+09 (304007)
Clp0006I 889641  Obj 2.0287282e+10 Primal inf 3.2992912e+10 (350856)
Clp0006I 890641  Obj 2.0329183e+10 Primal inf 3.3953668e+09 (246671)
Clp0006I 891641  Obj 2.0336056e+10 Primal inf 1.9300443e+10 (299879)
Clp0006I 892641  Obj 2.0361095e+10 Primal inf 3.4209571e+09 (318440)
Clp0006I 893641  Obj 2.0381171e+10 Primal inf 2.9198927e+09 (246442)
Clp0006I 894641  Obj 2.0428889e+10 Primal inf 1.6465411e+09 (231433)
Clp0006I 895641  Obj 2.0450007e+10 Primal inf 6.8748084e+09 (282577)
Clp0006I 896641  Obj 2.0453961e+10 Primal inf 2.7773156e+09 (313603)
Clp0006I 897641  Obj 2.0458851e+10 Primal inf 2.8242135e+09 (299672)
Clp0006I 897920  Obj 2.0461298e+10 Primal inf 1.2300767e+09 (263444)
Clp0006I 898920  Obj 2.047247e+10 Primal inf 7.2421507e+09 (337840)
Clp0006I 899920  Obj 2.0478994e+10 Primal inf 4.8426452e+11 (303656)
Clp0006I 900559  Obj 2.048876e+10 Primal inf 2.2473124e+09 (320629)
Clp0006I 901559  Obj 2.0496398e+10 Primal inf 4.0810883e+09 (277085)
Clp0006I 902559  Obj 2.0512682e+10 Primal inf 4.2629092e+08 (259210)
Clp0006I 903332  Obj 2.0520133e+10 Primal inf 1.3730378e+11 (275695)
Clp0006I 904332  Obj 2.0536668e+10 Primal inf 4.928198e+10 (361236)
Clp0006I 905332  Obj 2.0547417e+10 Primal inf 1.4000011e+10 (294458)
Clp0006I 906265  Obj 2.0559678e+10 Primal inf 3.3271746e+10 (312696)
Clp0006I 906780  Obj 2.0561272e+10 Primal inf 8.5737161e+09 (312723)
Clp0006I 907780  Obj 2.0585911e+10 Primal inf 2.0363678e+11 (357145)
Clp0006I 908652  Obj 2.0596348e+10 Primal inf 3.6061803e+09 (328197)
Clp0006I 909652  Obj 2.0607907e+10 Primal inf 5.2152313e+08 (260299)
Clp0006I 910652  Obj 2.0616024e+10 Primal inf 4.4192766e+09 (324941)
Clp0006I 911652  Obj 2.0626987e+10 Primal inf 6.4897154e+08 (177026)
Clp0006I 912652  Obj 2.0629758e+10 Primal inf 3.9712277e+09 (272318)
Clp0006I 913652  Obj 2.0633616e+10 Primal inf 9.5142105e+09 (369497)
Clp0006I 914652  Obj 2.0643117e+10 Primal inf 1.2032856e+10 (304260)
Clp0006I 915652  Obj 2.0652356e+10 Primal inf 3.861865e+08 (293986)
Clp0006I 916652  Obj 2.0656415e+10 Primal inf 1.30834e+10 (269282)
Clp0006I 917545  Obj 2.0660173e+10 Primal inf 4.6253953e+09 (248095)
Clp0006I 918545  Obj 2.067313e+10 Primal inf 3.4597383e+09 (240310)
Clp0006I 919545  Obj 2.0679399e+10 Primal inf 2.3211015e+10 (375652)
Clp0006I 920545  Obj 2.069519e+10 Primal inf 4.9526207e+09 (233463)
Clp0006I 921545  Obj 2.0705123e+10 Primal inf 2.0601563e+10 (368094)
Clp0006I 922545  Obj 2.0708721e+10 Primal inf 6.4870895e+09 (321960)
Clp0006I 923032  Obj 2.0712057e+10 Primal inf 2.3484577e+10 (272366)
Clp0006I 924032  Obj 2.0715124e+10 Primal inf 4.9427129e+09 (323383)
Clp0006I 925032  Obj 2.0727409e+10 Primal inf 1.9930343e+09 (274857)
Clp0006I 926032  Obj 2.0739988e+10 Primal inf 7.0940119e+08 (232793)
Clp0006I 927032  Obj 2.0760037e+10 Primal inf 2.8397336e+09 (239677)
Clp0006I 928032  Obj 2.0785984e+10 Primal inf 1.6605347e+08 (144325)
Clp0006I 929032  Obj 2.0796661e+10 Primal inf 3.5750123e+09 (243741)
Clp0006I 930032  Obj 2.0801143e+10 Primal inf 1.321465e+09 (254036)
Clp0006I 930957  Obj 2.0810185e+10 Primal inf 3.4395067e+09 (248594)
Clp0006I 931957  Obj 2.0813057e+10 Primal inf 1.8459865e+09 (210519)
Clp0006I 932957  Obj 2.0821197e+10 Primal inf 2.7023031e+08 (226875)
Clp0006I 933957  Obj 2.082433e+10 Primal inf 2.7948887e+09 (332265)
Clp0006I 934957  Obj 2.0829306e+10 Primal inf 1.4995721e+10 (329221)
Clp0006I 935957  Obj 2.0832606e+10 Primal inf 6.1472006e+09 (321161)
Clp0006I 936853  Obj 2.0835919e+10 Primal inf 9.5441629e+09 (289467)
Clp0006I 937853  Obj 2.0838114e+10 Primal inf 8.4879713e+09 (367612)
Clp0006I 938828  Obj 2.0841084e+10 Primal inf 6.761274e+09 (309792)
Clp0006I 939828  Obj 2.0844457e+10 Primal inf 2.8295838e+10 (282477)
Clp0006I 940828  Obj 2.0848363e+10 Primal inf 1.5952016e+10 (274999)
Clp0006I 941828  Obj 2.0852299e+10 Primal inf 4.0464311e+09 (297148)
Clp0006I 942828  Obj 2.0854969e+10 Primal inf 1.7414417e+08 (207490)
Clp0006I 943828  Obj 2.0858e+10 Primal inf 1.2791216e+09 (310596)
Clp0006I 944828  Obj 2.0861699e+10 Primal inf 3.640415e+09 (302050)
Clp0006I 945761  Obj 2.086549e+10 Primal inf 1.365337e+10 (290895)
Clp0006I 946761  Obj 2.0869108e+10 Primal inf 2.4802033e+09 (271813)
Clp0006I 947761  Obj 2.0873608e+10 Primal inf 1.3631608e+10 (270709)
Clp0006I 948761  Obj 2.0879211e+10 Primal inf 3.7060303e+09 (299892)
Clp0006I 949761  Obj 2.0883066e+10 Primal inf 5.3648322e+08 (283203)
Clp0006I 950761  Obj 2.0889768e+10 Primal inf 1.718961e+09 (343333)
Clp0006I 951761  Obj 2.0899103e+10 Primal inf 3.2861724e+09 (314067)
Clp0006I 952761  Obj 2.0902923e+10 Primal inf 1.4280524e+10 (354583)
Clp0006I 953761  Obj 2.0905477e+10 Primal inf 1.8577274e+09 (277366)
Clp0006I 954761  Obj 2.0907427e+10 Primal inf 7.3743381e+08 (239107)
Clp0006I 955761  Obj 2.0912323e+10 Primal inf 2.6190215e+08 (196473)
Clp0006I 956761  Obj 2.0919066e+10 Primal inf 1.0093145e+08 (179009)
Clp0006I 957761  Obj 2.0926498e+10 Primal inf 1.5685242e+09 (245508)
Clp0006I 958761  Obj 2.0930429e+10 Primal inf 1.2191549e+09 (207606)
Clp0006I 959761  Obj 2.0934021e+10 Primal inf 1.3654159e+10 (277806)
Clp0006I 960761  Obj 2.093673e+10 Primal inf 8.7523507e+08 (223881)
Clp0006I 961761  Obj 2.0940352e+10 Primal inf 5.6986645e+10 (280259)
Clp0006I 962761  Obj 2.0944442e+10 Primal inf 3.8108419e+09 (193693)
Clp0006I 963761  Obj 2.0947991e+10 Primal inf 7.5056586e+08 (258417)
Clp0006I 964761  Obj 2.0951003e+10 Primal inf 5.9453005e+08 (232010)
Clp0006I 965761  Obj 2.0958715e+10 Primal inf 7.9385624e+08 (248197)
Clp0006I 966761  Obj 2.0961413e+10 Primal inf 9.635319e+08 (202620)
Clp0006I 967761  Obj 2.0968379e+10 Primal inf 6.0825426e+08 (284373)
Clp0006I 968761  Obj 2.0974065e+10 Primal inf 5.1579972e+08 (303125)
Clp0006I 969761  Obj 2.0980599e+10 Primal inf 3.269066e+08 (260364)
Clp0006I 970761  Obj 2.098636e+10 Primal inf 1.3019402e+08 (233976)
Clp0006I 971761  Obj 2.0997696e+10 Primal inf 2.0292685e+08 (247271)
Clp0006I 972761  Obj 2.1004182e+10 Primal inf 5.2096878e+08 (266767)
Clp0006I 973584  Obj 2.1007183e+10 Primal inf 1.2522179e+10 (256409)
Clp0006I 974584  Obj 2.100963e+10 Primal inf 3.0603046e+08 (260316)
Clp0006I 975584  Obj 2.101247e+10 Primal inf 2.2598428e+08 (178126)
Clp0006I 976584  Obj 2.1016018e+10 Primal inf 8.5238688e+08 (184415)
Clp0006I 977584  Obj 2.1019951e+10 Primal inf 62285339 (142240)
Clp0006I 978584  Obj 2.1029126e+10 Primal inf 1.3953399e+11 (278079)
Clp0006I 979584  Obj 2.103132e+10 Primal inf 1.6704723e+09 (233980)
Clp0006I 980584  Obj 2.1036628e+10 Primal inf 3.0875376e+08 (184302)
Clp0006I 981584  Obj 2.1039656e+10 Primal inf 3.2117341e+09 (283968)
Clp0006I 982584  Obj 2.1042558e+10 Primal inf 8.4978567e+08 (288623)
Clp0006I 983584  Obj 2.104614e+10 Primal inf 2.6196862e+10 (278154)
Clp0006I 984584  Obj 2.1050864e+10 Primal inf 1.6651547e+08 (167898)
Clp0006I 985584  Obj 2.1055145e+10 Primal inf 4.0796105e+08 (257915)
Clp0006I 986584  Obj 2.105931e+10 Primal inf 3.3738732e+08 (175565)
Clp0006I 987584  Obj 2.1062757e+10 Primal inf 9.5521583e+08 (224378)
Clp0006I 988584  Obj 2.1066737e+10 Primal inf 3.7242998e+09 (254753)
Clp0006I 989584  Obj 2.1072446e+10 Primal inf 1.2228431e+09 (238207)
Clp0006I 990584  Obj 2.1076138e+10 Primal inf 1.0932421e+11 (251972)
Clp0006I 991584  Obj 2.1080902e+10 Primal inf 1.1767425e+11 (235265)
Clp0006I 992584  Obj 2.1084724e+10 Primal inf 2.6427689e+08 (204888)
Clp0006I 993584  Obj 2.1089064e+10 Primal inf 5.541791e+09 (298544)
Clp0006I 994584  Obj 2.1094734e+10 Primal inf 1.1449864e+09 (300988)
Clp0006I 995584  Obj 2.1097555e+10 Primal inf 1.6475487e+08 (140376)
Clp0006I 996584  Obj 2.109999e+10 Primal inf 9.458877e+08 (287082)
Clp0006I 997584  Obj 2.1108758e+10 Primal inf 3.6716458e+08 (225412)
Clp0006I 998584  Obj 2.1117023e+10 Primal inf 2.5725657e+08 (216587)
Clp0006I 999584  Obj 2.1120635e+10 Primal inf 2.4489067e+09 (344612)
Clp0006I 1000584  Obj 2.1123839e+10 Primal inf 1.7585574e+09 (196494)
Clp0006I 1001584  Obj 2.1126267e+10 Primal inf 2.1953203e+09 (233256)
Clp0006I 1002584  Obj 2.1128701e+10 Primal inf 7.2915051e+08 (234069)
Clp0006I 1003584  Obj 2.1130607e+10 Primal inf 1.7598039e+10 (277685)
Clp0006I 1004369  Obj 2.1132485e+10 Primal inf 2.5225389e+09 (234955)
Clp0006I 1005369  Obj 2.1134498e+10 Primal inf 2.2795738e+09 (236904)
Clp0006I 1006369  Obj 2.1137466e+10 Primal inf 1.39634e+09 (2 Activating environment at `~/Documents/princeton/1st_year/MAE529/MAE529_code/project/code/Project.toml`
This Model run is characterised by...
Electrolyser capex cost of: 1700.0
H2 efficiency of: 0.5
Carbon Tax: 75.0
Number of weeks included: 52_weeks
-----------------------------------------------
1 loading data preparation function
-----------------------------------------------
-----------------------------------------------
2 loading model solving function
-----------------------------------------------
adding in carbon tax elements
assigned variables
assigned constraint 1
assigned constraint 2
assigned constraint 3
check
assigned constraints
Model run complete
84804)
Clp0006I 1007369  Obj 2.1139135e+10 Primal inf 2.7344408e+09 (228239)
Clp0006I 1008369  Obj 2.1140719e+10 Primal inf 3.3506056e+09 (211240)
Clp0006I 1009369  Obj 2.1143209e+10 Primal inf 3.3806191e+09 (209749)
Clp0006I 1010369  Obj 2.1145022e+10 Primal inf 1.183112e+09 (232257)
Clp0006I 1011369  Obj 2.1146677e+10 Primal inf 2.1209342e+09 (253182)
Clp0006I 1012369  Obj 2.1148203e+10 Primal inf 1.8952398e+08 (125982)
Clp0006I 1013356  Obj 2.1149877e+10 Primal inf 5.5998505e+10 (282971)
Clp0006I 1014356  Obj 2.1151631e+10 Primal inf 6.4833534e+08 (188773)
Clp0006I 1015356  Obj 2.1153666e+10 Primal inf 1.5325922e+08 (122419)
Clp0006I 1016356  Obj 2.1155087e+10 Primal inf 2.246208e+08 (215530)
Clp0006I 1017356  Obj 2.1156354e+10 Primal inf 65679186 (154571)
Clp0006I 1018356  Obj 2.1157453e+10 Primal inf 3.4338085e+08 (146792)
Clp0006I 1019356  Obj 2.1158337e+10 Primal inf 2.0537161e+08 (135805)
Clp0006I 1020356  Obj 2.1160319e+10 Primal inf 1.899142e+08 (181881)
Clp0006I 1021356  Obj 2.1161454e+10 Primal inf 7.7028977e+09 (261690)
Clp0006I 1022356  Obj 2.116246e+10 Primal inf 32529092 (130235)
Clp0006I 1023356  Obj 2.1164017e+10 Primal inf 32716231 (68605)
Clp0006I 1024356  Obj 2.1164785e+10 Primal inf 93248052 (87997)
Clp0006I 1025356  Obj 2.1165228e+10 Primal inf 45579957 (146965)
Clp0006I 1026356  Obj 2.1165685e+10 Primal inf 15355695 (94084)
Clp0006I 1027356  Obj 2.1167189e+10 Primal inf 4626182.5 (105219)
Clp0006I 1028307  Obj 2.1167734e+10 Primal inf 7.4800558e+09 (205785)
Clp0006I 1029307  Obj 2.1167937e+10 Primal inf 98180752 (191325)
Clp0006I 1030307  Obj 2.1168127e+10 Primal inf 8035020.8 (77341)
Clp0006I 1031307  Obj 2.1168303e+10 Primal inf 18800581 (82588)
Clp0006I 1032147  Obj 2.1168555e+10 Primal inf 85452393 (176227)
Clp0006I 1033129  Obj 2.1168713e+10 Primal inf 5566424.7 (80921)
Clp0006I 1034129  Obj 2.1168773e+10 Primal inf 5175363.5 (120073)
Clp0006I 1035129  Obj 2.1168826e+10 Primal inf 4202376.7 (69159)
Clp0006I 1036129  Obj 2.1168841e+10 Primal inf 5432.7335 (24573)
Clp0006I 1037129  Obj 2.1168846e+10 Primal inf 1877.7233 (17206)
Clp0006I 1038129  Obj 2.1168852e+10 Primal inf 1549.2738 (16202)
Clp0006I 1039129  Obj 2.1168859e+10 Primal inf 1467.2471 (15131)
Clp0006I 1040129  Obj 2.1168864e+10 Primal inf 1296.1536 (14127)
Clp0006I 1041129  Obj 2.116887e+10 Primal inf 1157.7046 (13128)
Clp0006I 1042129  Obj 2.1168876e+10 Primal inf 1037.2442 (12123)
Clp0006I 1043129  Obj 2.116888e+10 Primal inf 2085.5998 (11182)
Clp0006I 1044129  Obj 2.1168884e+10 Primal inf 730.20065 (10126)
Clp0006I 1045129  Obj 2.1168888e+10 Primal inf 634.13379 (9131)
Clp0006I 1046129  Obj 2.1168893e+10 Primal inf 541.96406 (8131)
Clp0006I 1047129  Obj 2.11689e+10 Primal inf 454.06508 (7131)
Clp0006I 1048129  Obj 2.1168905e+10 Primal inf 412.56824 (6576)
Clp0006I 1049129  Obj 2.116891e+10 Primal inf 327.15805 (5575)
Clp0006I 1050129  Obj 2.1168915e+10 Primal inf 241.64441 (4573)
Clp0006I 1051129  Obj 2.116892e+10 Primal inf 165.77595 (3569)
Clp0006I 1052129  Obj 2.1168925e+10 Primal inf 114.08628 (2573)
Clp0006I 1053129  Obj 2.116893e+10 Primal inf 66.95061 (1573)
Clp0006I 1054129  Obj 2.1168935e+10 Primal inf 23.134088 (573)
Clp0006I 1054702  Obj 2.1168937e+10
Clp0000I Optimal - objective value 2.1168936e+10
Coin0511I After Postsolve, objective 2.1168936e+10, infeasibilities - dual 0 (0), primal 0 (0)
Clp0032I Optimal objective 2.116893647e+10 - 1054702 iterations time 23861.222, Presolve 4.08
