Coin0506I Presolve 1521577 (-195446) rows, 591998 (-65130) columns and 4511329 (-460732) elements
Clp0006I 0  Obj 0 Primal inf 8.7589291e+08 (43800)
Clp0006I 1000  Obj 4.7917429e-12 Primal inf 8.6631624e+08 (44708)
Clp0006I 2000  Obj 9.9133726e-12 Primal inf 8.5892554e+08 (45580)
Clp0006I 3000  Obj 1.5950214e-11 Primal inf 8.5623739e+08 (46596)
Clp0006I 4000  Obj 10517308 Primal inf 8.4621153e+08 (47625)
Clp0006I 5000  Obj 14618113 Primal inf 8.388365e+08 (48572)
Clp0006I 6000  Obj 27908345 Primal inf 8.3220471e+08 (49555)
Clp0006I 7000  Obj 41683248 Primal inf 8.2987869e+08 (50643)
Clp0006I 8000  Obj 56435473 Primal inf 8.2608429e+08 (51669)
Clp0006I 9000  Obj 75397653 Primal inf 8.1936845e+08 (52823)
Clp0006I 10000  Obj 89365154 Primal inf 8.162418e+08 (53917)
Clp0006I 11000  Obj 1.0598456e+08 Primal inf 8.1249918e+08 (55028)
Clp0006I 12000  Obj 1.3015377e+08 Primal inf 8.1118325e+08 (56192)
Clp0006I 13000  Obj 1.4138852e+08 Primal inf 8.081972e+08 (57316)
Clp0006I 14000  Obj 1.6722645e+08 Primal inf 8.0805247e+08 (58539)
Clp0006I 15000  Obj 1.9053595e+08 Primal inf 7.283829e+08 (59710)
Clp0006I 16000  Obj 2.1663092e+08 Primal inf 7.2670748e+08 (60917)
Clp0006I 17000  Obj 2.4978803e+08 Primal inf 7.264575e+08 (62150)
Clp0006I 18000  Obj 2.834247e+08 Primal inf 7.2532389e+08 (63343)
Clp0006I 19000  Obj 3.1097237e+08 Primal inf 7.2326067e+08 (64457)
Clp0006I 20000  Obj 3.5088095e+08 Primal inf 7.2397571e+08 (65775)
Clp0006I 21000  Obj 3.755219e+08 Primal inf 7.2381347e+08 (66945)
Clp0006I 22000  Obj 4.1280438e+08 Primal inf 7.2507284e+08 (68341)
Clp0006I 23000  Obj 4.5317816e+08 Primal inf 7.2574727e+08 (69612)
Clp0006I 24000  Obj 4.8755237e+08 Primal inf 7.2770231e+08 (70860)
Clp0006I 25000  Obj 5.172875e+08 Primal inf 7.2956772e+08 (72141)
Clp0006I 26000  Obj 5.6249165e+08 Primal inf 7.3007563e+08 (73386)
Clp0006I 27000  Obj 5.9553214e+08 Primal inf 7.2926381e+08 (74633)
Clp0006I 28000  Obj 6.2331753e+08 Primal inf 7.3061529e+08 (75878)
Clp0006I 29000  Obj 6.7170922e+08 Primal inf 7.3196998e+08 (77068)
Clp0006I 30000  Obj 7.2118261e+08 Primal inf 7.2770739e+08 (78203)
Clp0006I 31000  Obj 7.5634031e+08 Primal inf 7.2915164e+08 (79353)
Clp0006I 32000  Obj 7.9642648e+08 Primal inf 7.3136783e+08 (80667)
Clp0006I 33000  Obj 8.3084834e+08 Primal inf 7.3258042e+08 (81810)
Clp0006I 34000  Obj 8.7426004e+08 Primal inf 7.2986665e+08 (83051)
Clp0006I 35000  Obj 9.0975107e+08 Primal inf 7.3237403e+08 (84180)
Clp0006I 36000  Obj 9.5497158e+08 Primal inf 7.3187252e+08 (85334)
Clp0006I 37000  Obj 9.9450297e+08 Primal inf 7.3319205e+08 (86683)
Clp0006I 38000  Obj 1.0299745e+09 Primal inf 7.3670981e+08 (87878)
Clp0006I 39000  Obj 1.0756206e+09 Primal inf 7.3568205e+08 (89148)
Clp0006I 40000  Obj 1.1114016e+09 Primal inf 7.3991515e+08 (90355)
Clp0006I 41000  Obj 1.1627445e+09 Primal inf 7.411892e+08 (91582)
Clp0006I 42000  Obj 1.2180433e+09 Primal inf 7.4033696e+08 (92781)
Clp0006I 43000  Obj 1.2712879e+09 Primal inf 7.4329022e+08 (93917)
Clp0006I 44000  Obj 1.3215131e+09 Primal inf 7.440369e+08 (95115)
Clp0006I 45000  Obj 1.372289e+09 Primal inf 7.4721628e+08 (96342)
Clp0006I 46000  Obj 1.4225877e+09 Primal inf 7.5160524e+08 (97534)
Clp0006I 47000  Obj 1.475992e+09 Primal inf 7.5056008e+08 (98560)
Clp0006I 48000  Obj 1.5327339e+09 Primal inf 7.5258547e+08 (99793)
Clp0006I 49000  Obj 1.5862449e+09 Primal inf 7.5260814e+08 (100826)
Clp0006I 50000  Obj 1.6006199e+09 Primal inf 8.5026945e+08 (103313)
Clp0006I 51000  Obj 1.6227307e+09 Primal inf 9.885251e+08 (104339)
Clp0006I 52000  Obj 1.6446537e+09 Primal inf 7.3240798e+08 (106267)
Clp0006I 53000  Obj 1.687607e+09 Primal inf 7.6101811e+08 (107401)
Clp0006I 54000  Obj 1.873825e+09 Primal inf 7.2288226e+08 (108277)
Clp0006I 55000  Obj 1.9469772e+09 Primal inf 7.2803483e+08 (109530)
Clp0006I 56000  Obj 1.9602521e+09 Primal inf 7.475238e+08 (110148)
Clp0006I 57000  Obj 1.9915422e+09 Primal inf 7.4121699e+08 (111225)
Clp0006I 58000  Obj 2.0077415e+09 Primal inf 7.3390951e+08 (112214)
Clp0006I 59000  Obj 2.0413819e+09 Primal inf 8.0760951e+08 (112603)
Clp0006I 60000  Obj 2.0502238e+09 Primal inf 7.7475547e+08 (113755)
Clp0006I 61000  Obj 2.0629066e+09 Primal inf 7.7995773e+08 (114677)
Clp0006I 62000  Obj 2.0798264e+09 Primal inf 7.415642e+08 (116207)
Clp0006I 63000  Obj 2.0966865e+09 Primal inf 7.4235908e+08 (117219)
Clp0006I 64000  Obj 2.1164121e+09 Primal inf 7.2845031e+08 (118515)
Clp0006I 65000  Obj 2.1512391e+09 Primal inf 7.9071242e+08 (119253)
Clp0006I 66000  Obj 2.1761339e+09 Primal inf 7.4160186e+08 (121257)
Clp0006I 67000  Obj 2.2404774e+09 Primal inf 7.8479576e+08 (120744)
Clp0006I 68000  Obj 2.2583124e+09 Primal inf 7.4118635e+08 (122274)
Clp0006I 69000  Obj 2.341796e+09 Primal inf 7.3853061e+08 (123384)
Clp0006I 70000  Obj 2.386046e+09 Primal inf 7.4486027e+08 (125924)
Clp0006I 71000  Obj 2.4443439e+09 Primal inf 7.205609e+08 (125468)
Clp0006I 72000  Obj 2.4928206e+09 Primal inf 7.1747507e+08 (125467)
Clp0006I 73000  Obj 2.518811e+09 Primal inf 1.3637224e+09 (135085)
Clp0006I 74000  Obj 2.5466687e+09 Primal inf 8.3274116e+08 (126214)
Clp0006I 75000  Obj 2.5525178e+09 Primal inf 7.0638155e+08 (128379)
Clp0006I 76000  Obj 2.5768044e+09 Primal inf 7.9725766e+08 (138028)
Clp0006I 77000  Obj 2.5932706e+09 Primal inf 7.4408611e+08 (130133)
Clp0006I 78000  Obj 2.6564505e+09 Primal inf 7.1264198e+08 (130782)
Clp0006I 79000  Obj 2.7327386e+09 Primal inf 2.9576022e+09 (170547)
Clp0006I 80000  Obj 2.7653798e+09 Primal inf 7.21564e+08 (132445)
Clp0006I 81000  Obj 2.8159254e+09 Primal inf 7.4746402e+08 (133830)
Clp0006I 82000  Obj 2.9031617e+09 Primal inf 7.655545e+08 (131895)
Clp0006I 83000  Obj 2.9967434e+09 Primal inf 8.0428013e+08 (131874)
Clp0006I 84000  Obj 3.0840688e+09 Primal inf 2.3642183e+09 (173128)
Clp0006I 85000  Obj 3.1213789e+09 Primal inf 1.0403958e+09 (142578)
Clp0006I 86000  Obj 3.2039482e+09 Primal inf 1.1198046e+09 (142921)
Clp0006I 87000  Obj 3.2307981e+09 Primal inf 1.0431871e+09 (144865)
Clp0006I 88000  Obj 3.270647e+09 Primal inf 1.3305761e+09 (144146)
Clp0006I 89000  Obj 3.3692269e+09 Primal inf 1.3738684e+09 (144799)
Clp0006I 90000  Obj 3.4335744e+09 Primal inf 1.2989871e+09 (174764)
Clp0006I 91000  Obj 3.5078093e+09 Primal inf 9.5424693e+08 (146753)
Clp0006I 92000  Obj 3.5866685e+09 Primal inf 9.0545202e+08 (138290)
Clp0006I 93000  Obj 3.6570894e+09 Primal inf 9.3422258e+08 (148239)
Clp0006I 94000  Obj 3.70597e+09 Primal inf 8.7113229e+08 (141567)
Clp0006I 95000  Obj 3.7352849e+09 Primal inf 7.7201404e+08 (141801)
Clp0006I 96000  Obj 3.7804853e+09 Primal inf 7.5103788e+08 (140523)
Clp0006I 97000  Obj 3.8285005e+09 Primal inf 1.3251019e+09 (140316)
Clp0006I 98000  Obj 3.9124323e+09 Primal inf 1.9488411e+09 (165344)
Clp0006I 99000  Obj 3.9822414e+09 Primal inf 8.0800193e+08 (145383)
Clp0006I 100000  Obj 4.0709378e+09 Primal inf 9.4758212e+08 (141654)
Clp0006I 101000  Obj 4.1579401e+09 Primal inf 8.6913878e+08 (146963)
Clp0006I 102000  Obj 4.2681273e+09 Primal inf 1.4589597e+09 (142609)
Clp0006I 103000  Obj 4.3722726e+09 Primal inf 7.5364355e+08 (145322)
Clp0006I 104000  Obj 4.4690854e+09 Primal inf 7.7449841e+08 (144433)
Clp0006I 105000  Obj 4.6026652e+09 Primal inf 7.5615375e+08 (144116)
Clp0006I 106000  Obj 4.6842445e+09 Primal inf 7.3197801e+08 (145316)
Clp0006I 107000  Obj 4.7378762e+09 Primal inf 7.6925658e+08 (148449)
Clp0006I 108000  Obj 4.8162865e+09 Primal inf 2.3297257e+09 (189164)
Clp0006I 109000  Obj 4.8621939e+09 Primal inf 8.5409566e+08 (148983)
Clp0006I 110000  Obj 4.8892081e+09 Primal inf 2.1609235e+09 (188651)
Clp0006I 111000  Obj 4.9243816e+09 Primal inf 1.6239951e+09 (171180)
Clp0006I 112000  Obj 4.9418759e+09 Primal inf 1.5399969e+09 (174175)
Clp0006I 113000  Obj 4.9650804e+09 Primal inf 8.4860573e+08 (161703)
Clp0006I 114000  Obj 4.9867895e+09 Primal inf 9.2240854e+08 (161729)
Clp0006I 115000  Obj 5.0475389e+09 Primal inf 5.4217407e+09 (192506)
Clp0006I 116000  Obj 5.0851778e+09 Primal inf 8.4532199e+08 (152158)
Clp0006I 117000  Obj 5.1536388e+09 Primal inf 1.5117039e+09 (189004)
Clp0006I 118000  Obj 5.1590089e+09 Primal inf 9.515567e+08 (163543)
Clp0006I 119000  Obj 5.1621193e+09 Primal inf 9.6294701e+08 (164237)
Clp0006I 120000  Obj 5.1689215e+09 Primal inf 8.4935594e+08 (155198)
Clp0006I 121000  Obj 5.202426e+09 Primal inf 8.7497013e+08 (154613)
Clp0006I 122000  Obj 5.2156637e+09 Primal inf 9.0037459e+08 (164379)
Clp0006I 123000  Obj 5.225117e+09 Primal inf 8.9384295e+08 (154694)
Clp0006I 124000  Obj 5.234593e+09 Primal inf 9.3246667e+08 (159556)
Clp0006I 125000  Obj 5.2588698e+09 Primal inf 1.4410965e+09 (183434)
Clp0006I 126000  Obj 5.2737189e+09 Primal inf 8.2605968e+08 (155474)
Clp0006I 127000  Obj 5.2879871e+09 Primal inf 1.0966186e+09 (160556)
Clp0006I 128000  Obj 5.3078245e+09 Primal inf 3.7607032e+10 (196649)
Clp0006I 129000  Obj 5.3326268e+09 Primal inf 8.483806e+08 (158066)
Clp0006I 130000  Obj 5.3777652e+09 Primal inf 1.0224983e+09 (157817)
Clp0006I 131000  Obj 5.3947502e+09 Primal inf 9.4659604e+08 (159102)
Clp0006I 132000  Obj 5.407633e+09 Primal inf 1.0471583e+09 (169558)
Clp0006I 133000  Obj 5.4183156e+09 Primal inf 1.0010009e+09 (162903)
Clp0006I 134000  Obj 5.4225288e+09 Primal inf 1.0064569e+09 (168134)
Clp0006I 135000  Obj 5.4386916e+09 Primal inf 1.0634753e+09 (169374)
Clp0006I 136000  Obj 5.448805e+09 Primal inf 1.5979566e+09 (193874)
Clp0006I 137000  Obj 5.4544564e+09 Primal inf 1.1904436e+09 (162312)
Clp0006I 138000  Obj 5.4617807e+09 Primal inf 1.2628661e+09 (168061)
Clp0006I 139000  Obj 5.4757259e+09 Primal inf 1.0294322e+09 (165688)
Clp0006I 140000  Obj 5.4925014e+09 Primal inf 1.0527638e+09 (167036)
Clp0006I 141000  Obj 5.508464e+09 Primal inf 1.0496376e+09 (166441)
Clp0006I 142000  Obj 5.5211208e+09 Primal inf 1.0631463e+09 (167001)
Clp0006I 143000  Obj 5.5345767e+09 Primal inf 1.0778395e+09 (167599)
Clp0006I 144000  Obj 5.5499649e+09 Primal inf 1.1017661e+09 (166854)
Clp0006I 145000  Obj 5.5627227e+09 Primal inf 1.0863154e+09 (169305)
Clp0006I 146000  Obj 5.5731571e+09 Primal inf 1.071054e+09 (168414)
Clp0006I 147000  Obj 5.5886027e+09 Primal inf 1.0381385e+09 (168406)
Clp0006I 148000  Obj 5.6112506e+09 Primal inf 1.0474467e+09 (170793)
Clp0006I 149000  Obj 5.6338408e+09 Primal inf 1.2864325e+09 (173556)
Clp0006I 150000  Obj 5.6464487e+09 Primal inf 1.052734e+09 (169021)
Clp0006I 151000  Obj 5.6620271e+09 Primal inf 1.2090083e+09 (171853)
Clp0006I 152000  Obj 5.6696206e+09 Primal inf 1.1120388e+09 (168775)
Clp0006I 153000  Obj 5.6896182e+09 Primal inf 1.0793647e+09 (167739)
Clp0006I 154000  Obj 5.7049632e+09 Primal inf 1.359774e+09 (168131)
Clp0006I 155000  Obj 5.7173602e+09 Primal inf 7.230559e+09 (209304)
Clp0006I 156000  Obj 5.7399118e+09 Primal inf 1.0475896e+09 (167984)
Clp0006I 157000  Obj 5.7517139e+09 Primal inf 1.0529773e+09 (168998)
Clp0006I 158000  Obj 5.7692409e+09 Primal inf 1.4643119e+09 (201861)
Clp0006I 159000  Obj 5.7818963e+09 Primal inf 4.5710666e+09 (230530)
Clp0006I 160000  Obj 5.7965835e+09 Primal inf 5.6947786e+09 (222351)
Clp0006I 161000  Obj 5.8095837e+09 Primal inf 1.2367512e+09 (174349)
Clp0006I 162000  Obj 5.8213484e+09 Primal inf 2.06979e+09 (204628)
Clp0006I 163000  Obj 5.8319713e+09 Primal inf 8.9592649e+09 (178567)
Clp0006I 164000  Obj 5.8391599e+09 Primal inf 2.5831662e+09 (185177)
Clp0006I 165000  Obj 5.8496093e+09 Primal inf 1.6914977e+09 (175670)
Clp0006I 166000  Obj 5.8689088e+09 Primal inf 1.3171381e+09 (172130)
Clp0006I 167000  Obj 5.8811181e+09 Primal inf 4.9651799e+09 (207320)
Clp0006I 168000  Obj 5.905747e+09 Primal inf 1.2619079e+09 (171310)
Clp0006I 169000  Obj 5.9276766e+09 Primal inf 3.0190357e+09 (174486)
Clp0006I 170000  Obj 5.9485038e+09 Primal inf 1.7893483e+09 (177019)
Clp0006I 171000  Obj 5.9596043e+09 Primal inf 1.4059423e+09 (174520)
Clp0006I 172000  Obj 5.9791001e+09 Primal inf 1.6553768e+09 (198410)
Clp0006I 173000  Obj 5.9881613e+09 Primal inf 1.8203796e+09 (184848)
Clp0006I 174000  Obj 6.0089088e+09 Primal inf 2.8667927e+09 (183327)
Clp0006I 175000  Obj 6.0328439e+09 Primal inf 7.1754163e+09 (209573)
Clp0006I 176000  Obj 6.0385124e+09 Primal inf 1.9455597e+09 (177207)
Clp0006I 177000  Obj 6.0453511e+09 Primal inf 1.5413432e+09 (175081)
Clp0006I 178000  Obj 6.0529949e+09 Primal inf 1.9161185e+09 (174634)
Clp0006I 179000  Obj 6.0598832e+09 Primal inf 1.71396e+09 (175690)
Clp0006I 180000  Obj 6.067044e+09 Primal inf 3.2691268e+09 (177001)
Clp0006I 181000  Obj 6.0864989e+09 Primal inf 2.4182845e+09 (183892)
Clp0006I 182000  Obj 6.0989905e+09 Primal inf 2.0843474e+10 (184912)
Clp0006I 183000  Obj 6.1084756e+09 Primal inf 2.3550293e+09 (178989)
Clp0006I 184000  Obj 6.1181723e+09 Primal inf 1.5171252e+09 (175969)
Clp0006I 185000  Obj 6.1484098e+09 Primal inf 2.3694606e+09 (182910)
Clp0006I 186000  Obj 6.1711457e+09 Primal inf 2.855095e+09 (183814)
Clp0006I 187000  Obj 6.1921689e+09 Primal inf 5.1595998e+09 (204124)
Clp0006I 188000  Obj 6.2012642e+09 Primal inf 2.7332585e+09 (183728)
Clp0006I 189000  Obj 6.2096152e+09 Primal inf 9.5884771e+09 (214522)
Clp0006I 190000  Obj 6.2134487e+09 Primal inf 2.2177804e+09 (176194)
Clp0006I 191000  Obj 6.2354837e+09 Primal inf 1.8849074e+10 (212073)
Clp0006I 192000  Obj 6.243821e+09 Primal inf 3.1573159e+09 (186272)
Clp0006I 193000  Obj 6.2565527e+09 Primal inf 2.7436086e+09 (176862)
Clp0006I 194000  Obj 6.2673644e+09 Primal inf 4.1484263e+09 (179755)
Clp0006I 195000  Obj 6.3079237e+09 Primal inf 2.074102e+10 (249755)
Clp0006I 196000  Obj 6.3404225e+09 Primal inf 3.0686403e+09 (180157)
Clp0006I 197000  Obj 6.3560536e+09 Primal inf 2.687627e+09 (199854)
Clp0006I 198000  Obj 6.3812483e+09 Primal inf 4.2330386e+09 (186371)
Clp0006I 199000  Obj 6.3968101e+09 Primal inf 2.9095001e+09 (180695)
Clp0006I 200000  Obj 6.4182361e+09 Primal inf 2.1651057e+09 (174948)
Clp0006I 201000  Obj 6.4428786e+09 Primal inf 4.2691638e+09 (181011)
Clp0006I 202000  Obj 6.4709636e+09 Primal inf 2.6958734e+09 (176672)
Clp0006I 203000  Obj 6.4885757e+09 Primal inf 4.287672e+09 (179832)
Clp0006I 204000  Obj 6.5560007e+09 Primal inf 3.7897123e+09 (180376)
Clp0006I 205000  Obj 6.5725846e+09 Primal inf 4.338414e+09 (184026)
Clp0006I 206000  Obj 6.6469374e+09 Primal inf 6.43959e+10 (214635)
Clp0006I 207000  Obj 6.7204236e+09 Primal inf 4.3269372e+09 (183045)
Clp0006I 208000  Obj 6.7811379e+09 Primal inf 3.1303359e+09 (201806)
Clp0006I 209000  Obj 6.837662e+09 Primal inf 7.3325108e+09 (207597)
Clp0006I 210000  Obj 6.8952582e+09 Primal inf 4.7901372e+09 (199993)
Clp0006I 211000  Obj 6.9496305e+09 Primal inf 2.7431319e+09 (202867)
Clp0006I 212000  Obj 6.9794467e+09 Primal inf 1.9368086e+09 (175406)
Clp0006I 213000  Obj 7.0472612e+09 Primal inf 2.2623011e+09 (178710)
Clp0006I 214000  Obj 7.1109202e+09 Primal inf 6.1228194e+09 (179087)
Clp0006I 215000  Obj 7.1678633e+09 Primal inf 6.3321352e+09 (201948)
Clp0006I 216000  Obj 7.2794647e+09 Primal inf 8.9509925e+10 (211591)
Clp0006I 217000  Obj 7.3302007e+09 Primal inf 1.0937915e+10 (213853)
Clp0006I 218000  Obj 7.3701357e+09 Primal inf 3.1848294e+09 (175724)
Clp0006I 219000  Obj 7.4426006e+09 Primal inf 5.4601581e+10 (212775)
Clp0006I 220000  Obj 7.5300546e+09 Primal inf 3.4260746e+09 (175473)
Clp0006I 221000  Obj 7.710497e+09 Primal inf 3.0267711e+09 (174324)
Clp0006I 222000  Obj 7.798092e+09 Primal inf 5.4074607e+09 (181756)
Clp0006I 223000  Obj 7.8344974e+09 Primal inf 3.2536962e+09 (177089)
Clp0006I 224000  Obj 7.8920032e+09 Primal inf 4.5951581e+09 (202463)
Clp0006I 225000  Obj 7.9466948e+09 Primal inf 2.7609493e+09 (176839)
Clp0006I 226000  Obj 8.008901e+09 Primal inf 9.5146692e+09 (206114)
Clp0006I 227000  Obj 8.0655736e+09 Primal inf 6.4819917e+09 (226945)
Clp0006I 228000  Obj 8.1404549e+09 Primal inf 3.0638763e+09 (176606)
Clp0006I 229000  Obj 8.2013745e+09 Primal inf 7.2093594e+09 (184673)
Clp0006I 230000  Obj 8.2423659e+09 Primal inf 1.6589592e+10 (210847)
Clp0006I 231000  Obj 8.2774023e+09 Primal inf 1.2369143e+09 (175666)
Clp0006I 232000  Obj 8.3234794e+09 Primal inf 2.1281409e+09 (177094)
Clp0006I 233000  Obj 8.3509603e+09 Primal inf 6.0489911e+09 (180480)
Clp0006I 234000  Obj 8.378611e+09 Primal inf 1.8336686e+09 (174797)
Clp0006I 235000  Obj 8.4151635e+09 Primal inf 2.4098355e+09 (179757)
Clp0006I 236000  Obj 8.4991807e+09 Primal inf 4.8234458e+09 (176925)
Clp0006I 237000  Obj 8.6065855e+09 Primal inf 6.4403467e+09 (239695)
Clp0006I 238000  Obj 8.6874709e+09 Primal inf 1.1025893e+10 (212806)
Clp0006I 238818  Obj 8.7460794e+09 Primal inf 4.1084513e+10 (208722)
Clp0006I 239636  Obj 8.8190359e+09 Primal inf 7.6754603e+09 (234025)
Clp0006I 240636  Obj 8.9260643e+09 Primal inf 9.0112771e+09 (220898)
Clp0006I 241636  Obj 9.0000819e+09 Primal inf 5.6895617e+10 (230492)
Clp0006I 242636  Obj 9.0418501e+09 Primal inf 1.0205377e+10 (223419)
Clp0006I 243636  Obj 9.1449087e+09 Primal inf 5.5841147e+09 (183408)
Clp0006I 244636  Obj 9.2517092e+09 Primal inf 4.9710131e+09 (182292)
Clp0006I 245636  Obj 9.3229197e+09 Primal inf 5.2451862e+09 (185736)
Clp0006I 246636  Obj 9.4130784e+09 Primal inf 5.1952575e+09 (193398)
Clp0006I 247636  Obj 9.4716874e+09 Primal inf 3.2780439e+09 (190619)
Clp0006I 248636  Obj 9.5311478e+09 Primal inf 4.0725548e+09 (188709)
Clp0006I 249636  Obj 9.5789927e+09 Primal inf 8.988658e+10 (226168)
Clp0006I 250636  Obj 9.6556905e+09 Primal inf 2.1844508e+09 (186195)
Clp0006I 251308  Obj 9.7325965e+09 Primal inf 8.7906588e+10 (261577)
Clp0006I 252308  Obj 9.7832217e+09 Primal inf 2.1303382e+09 (200368)
Clp0006I 253308  Obj 9.8507121e+09 Primal inf 1.9014298e+09 (178416)
Clp0006I 254308  Obj 9.943893e+09 Primal inf 5.5086754e+09 (231095)
Clp0006I 255117  Obj 9.9803993e+09 Primal inf 2.3449145e+09 (236239)
Clp0006I 256117  Obj 1.0054729e+10 Primal inf 6.6664921e+10 (232956)
Clp0006I 257117  Obj 1.0146615e+10 Primal inf 1.7506376e+10 (217954)
Clp0006I 258117  Obj 1.0257864e+10 Primal inf 4.4283439e+09 (249824)
Clp0006I 259117  Obj 1.0335098e+10 Primal inf 1.2733796e+10 (226285)
Clp0006I 260117  Obj 1.0412188e+10 Primal inf 9.9332564e+09 (224930)
Clp0006I 261117  Obj 1.0490524e+10 Primal inf 3.3203104e+09 (251876)
Clp0006I 261866  Obj 1.0538744e+10 Primal inf 1.4285109e+12 (222791)
Clp0006I 262259  Obj 1.0567642e+10 Primal inf 2.7407257e+10 (225923)
Clp0006I 263259  Obj 1.0633734e+10 Primal inf 3.5858627e+10 (257029)
Clp0006I 264259  Obj 1.0736455e+10 Primal inf 1.9031273e+10 (225118)
Clp0006I 265259  Obj 1.0837716e+10 Primal inf 5.8204443e+10 (231875)
Clp0006I 266259  Obj 1.0951032e+10 Primal inf 3.1153418e+10 (254889)
Clp0006I 267259  Obj 1.1024587e+10 Primal inf 3.1244433e+09 (228867)
Clp0006I 268259  Obj 1.1130451e+10 Primal inf 3.5062071e+10 (245655)
Clp0006I 269259  Obj 1.123686e+10 Primal inf 4.9430207e+09 (235255)
Clp0006I 270259  Obj 1.1331452e+10 Primal inf 1.5287945e+11 (225624)
Clp0006I 271259  Obj 1.1407827e+10 Primal inf 2.8140524e+09 (190116)
Clp0006I 272259  Obj 1.1481519e+10 Primal inf 1.2354635e+10 (249597)
Clp0006I 273169  Obj 1.1551628e+10 Primal inf 3.6991511e+09 (187245)
Clp0006I 274169  Obj 1.1649077e+10 Primal inf 2.1144747e+10 (255635)
Clp0006I 275110  Obj 1.1732206e+10 Primal inf 5.0380548e+09 (224916)
Clp0006I 276110  Obj 1.1810355e+10 Primal inf 7.0008709e+09 (252452)
Clp0006I 277110  Obj 1.1849626e+10 Primal inf 7.5803807e+09 (237207)
Clp0006I 278110  Obj 1.1925507e+10 Primal inf 1.9298341e+10 (256674)
Clp0006I 279110  Obj 1.2000958e+10 Primal inf 4.9273605e+10 (229566)
Clp0006I 280110  Obj 1.2065886e+10 Primal inf 2.3489224e+10 (245259)
Clp0006I 281110  Obj 1.2149412e+10 Primal inf 9.298609e+09 (244710)
Clp0006I 282110  Obj 1.2221919e+10 Primal inf 7.0533256e+10 (261859)
Clp0006I 283110  Obj 1.2301522e+10 Primal inf 3.9062434e+10 (264584)
Clp0006I 283926  Obj 1.2358299e+10 Primal inf 6.5231975e+10 (258660)
Clp0006I 284926  Obj 1.2402735e+10 Primal inf 3.4912643e+09 (278620)
Clp0006I 285926  Obj 1.2464511e+10 Primal inf 2.3693508e+10 (250060)
Clp0006I 286926  Obj 1.2522391e+10 Primal inf 6.0399482e+09 (213040)
Clp0006I 287926  Obj 1.2601015e+10 Primal inf 2.2781314e+09 (221823)
Clp0006I 288859  Obj 1.2686989e+10 Primal inf 6.8364635e+09 (216741)
Clp0006I 289859  Obj 1.2759128e+10 Primal inf 4.5419308e+09 (222547)
Clp0006I 290859  Obj 1.2837554e+10 Primal inf 5.8147915e+09 (229689)
Clp0006I 291859  Obj 1.2886109e+10 Primal inf 4.0203464e+09 (209112)
Clp0006I 292859  Obj 1.2943318e+10 Primal inf 2.47793e+10 (220229)
Clp0006I 293859  Obj 1.3001809e+10 Primal inf 5.9655376e+09 (228561)
Clp0006I 294859  Obj 1.3069941e+10 Primal inf 2.7047528e+10 (246698)
Clp0006I 295859  Obj 1.3136657e+10 Primal inf 2.1039138e+10 (199913)
Clp0006I 296859  Obj 1.3196728e+10 Primal inf 3.0059079e+10 (253780)
Clp0006I 297859  Obj 1.3240403e+10 Primal inf 1.1755116e+10 (204931)
Clp0006I 298859  Obj 1.3322012e+10 Primal inf 1.3209317e+10 (245567)
Clp0006I 299859  Obj 1.3360113e+10 Primal inf 2.9574799e+09 (192995)
Clp0006I 300859  Obj 1.3416757e+10 Primal inf 3.4717127e+10 (226716)
Clp0006I 301859  Obj 1.3475689e+10 Primal inf 3.7940884e+09 (202697)
Clp0006I 302859  Obj 1.3527583e+10 Primal inf 2.7960092e+09 (230522)
Clp0006I 303859  Obj 1.3546114e+10 Primal inf 1.1885218e+11 (204769)
Clp0006I 304859  Obj 1.3550759e+10 Primal inf 5.1033376e+10 (228677)
Clp0006I 305859  Obj 1.3584851e+10 Primal inf 3.0035508e+10 (231019)
Clp0006I 306859  Obj 1.3618791e+10 Primal inf 6.7594335e+09 (214729)
Clp0006I 307859  Obj 1.3673784e+10 Primal inf 3.8008816e+09 (232156)
Clp0006I 308859  Obj 1.3729906e+10 Primal inf 1.5936362e+10 (228897)
Clp0006I 309859  Obj 1.3782852e+10 Primal inf 1.9867419e+09 (218649)
Clp0006I 310859  Obj 1.3833089e+10 Primal inf 3.5169553e+09 (201961)
Clp0006I 311445  Obj 1.3868972e+10 Primal inf 1.8545555e+09 (186495)
Clp0006I 312445  Obj 1.3918973e+10 Primal inf 3.6462164e+09 (200843)
Clp0006I 313445  Obj 1.3951731e+10 Primal inf 9.4767664e+08 (202653)
Clp0006I 314445  Obj 1.3989063e+10 Primal inf 2.3238785e+09 (226319)
Clp0006I 315445  Obj 1.4028813e+10 Primal inf 1.4967355e+10 (209577)
Clp0006I 316445  Obj 1.4056201e+10 Primal inf 2.231911e+10 (252526)
Clp0006I 317445  Obj 1.4070835e+10 Primal inf 1.5571865e+11 (221299)
Clp0006I 318445  Obj 1.4105576e+10 Primal inf 8.8503447e+09 (202581)
Clp0006I 319445  Obj 1.4143309e+10 Primal inf 5.6101844e+09 (215445)
Clp0006I 320445  Obj 1.4174298e+10 Primal inf 7.0877005e+09 (234121)
Clp0006I 321445  Obj 1.4199912e+10 Primal inf 3.2770347e+09 (228656)
Clp0006I 322445  Obj 1.4226597e+10 Primal inf 9.2516514e+09 (225331)
Clp0006I 323445  Obj 1.4273605e+10 Primal inf 2.5539921e+10 (232342)
Clp0006I 324445  Obj 1.4290419e+10 Primal inf 3.6741901e+09 (241363)
Clp0006I 325445  Obj 1.4297341e+10 Primal inf 4.1880951e+09 (225059)
Clp0006I 326445  Obj 1.4315861e+10 Primal inf 3.2899369e+10 (235934)
Clp0006I 327445  Obj 1.4354012e+10 Primal inf 2.1719785e+09 (241339)
Clp0006I 328445  Obj 1.4380646e+10 Primal inf 2.0978559e+09 (192983)
Clp0006I 329445  Obj 1.4406491e+10 Primal inf 6.2225106e+09 (237327)
Clp0006I 330445  Obj 1.4417095e+10 Primal inf 1.0762831e+10 (229253)
Clp0006I 331445  Obj 1.4419559e+10 Primal inf 2.5763349e+09 (208238)
Clp0006I 332445  Obj 1.4427115e+10 Primal inf 8.4599707e+09 (228068)
Clp0006I 333445  Obj 1.4434763e+10 Primal inf 5.5702481e+09 (237947)
Clp0006I 334445  Obj 1.4438183e+10 Primal inf 8.856024e+08 (187147)
Clp0006I 335445  Obj 1.446976e+10 Primal inf 4.8603358e+10 (231911)
Clp0006I 336445  Obj 1.4484665e+10 Primal inf 1.1036356e+09 (220712)
Clp0006I 337445  Obj 1.4511646e+10 Primal inf 6.4630412e+09 (211646)
Clp0006I 338445  Obj 1.4539084e+10 Primal inf 2.9298699e+09 (229158)
Clp0006I 339445  Obj 1.4560435e+10 Primal inf 1.5256933e+09 (225324)
Clp0006I 340445  Obj 1.4588158e+10 Primal inf 9.7303916e+09 (235432)
Clp0006I 341445  Obj 1.4609728e+10 Primal inf 1.4026754e+09 (236630)
Clp0006I 342445  Obj 1.4625233e+10 Primal inf 5.4679464e+09 (270817)
Clp0006I 343445  Obj 1.4642226e+10 Primal inf 1.3895837e+09 (226857)
Clp0006I 344445  Obj 1.465014e+10 Primal inf 1.5582194e+09 (225426)
Clp0006I 345445  Obj 1.4670476e+10 Primal inf 1.265654e+09 (200951)
Clp0006I 346445  Obj 1.4679401e+10 Primal inf 3.3400358e+09 (240815)
Clp0006I 347445  Obj 1.4689391e+10 Primal inf 9.5888445e+09 (254753)
Clp0006I 348445  Obj 1.4698295e+10 Primal inf 4.6886787e+10 (278643)
Clp0006I 349445  Obj 1.4719911e+10 Primal inf 5.3220395e+09 (231004)
Clp0006I 350445  Obj 1.4735796e+10 Primal inf 2.8417324e+10 (238895)
Clp0006I 351445  Obj 1.4758007e+10 Primal inf 1.5305092e+09 (206022)
Clp0006I 352445  Obj 1.4784053e+10 Primal inf 5.3037327e+09 (249126)
Clp0006I 353445  Obj 1.4808012e+10 Primal inf 1.4719449e+10 (248261)
Clp0006I 354445  Obj 1.4832911e+10 Primal inf 1.7815249e+09 (220963)
Clp0006I 355445  Obj 1.4844031e+10 Primal inf 1.0461278e+09 (201031)
Clp0006I 356445  Obj 1.4851113e+10 Primal inf 6.8209208e+09 (234445)
Clp0006I 357445  Obj 1.5005645e+10 Primal inf 1.3633861e+09 (219500)
Clp0006I 358445  Obj 1.5009596e+10 Primal inf 3.9297264e+09 (222261)
Clp0006I 359445  Obj 1.5013846e+10 Primal inf 1.7315305e+09 (242865)
Clp0006I 360445  Obj 1.5023203e+10 Primal inf 2.6102727e+09 (240475)
Clp0006I 361445  Obj 1.5032642e+10 Primal inf 1.3465734e+09 (230194)
Clp0006I 362445  Obj 1.5043317e+10 Primal inf 1.0940485e+09 (227195)
Clp0006I 363445  Obj 1.5045867e+10 Primal inf 8.3954209e+08 (222213)
Clp0006I 364445  Obj 1.5056844e+10 Primal inf 1.5259483e+09 (257395)
Clp0006I 365445  Obj 1.5075409e+10 Primal inf 1.2062806e+09 (226350)
Clp0006I 366445  Obj 1.5087866e+10 Primal inf 9.860912e+08 (207379)
Clp0006I 367445  Obj 1.509568e+10 Primal inf 6.2532161e+09 (227958)
Clp0006I 368445  Obj 1.5107211e+10 Primal inf 1.86836e+09 (222183)
Clp0006I 369445  Obj 1.5110948e+10 Primal inf 3.5976072e+09 (231585)
Clp0006I 370445  Obj 1.5120937e+10 Primal inf 7.5476579e+09 (270144)
Clp0006I 371445  Obj 1.5126307e+10 Primal inf 1.099033e+09 (231250)
Clp0006I 372445  Obj 1.5127539e+10 Primal inf 5.3908196e+09 (241993)
Clp0006I 373445  Obj 1.5135914e+10 Primal inf 9.7002684e+08 (192107)
Clp0006I 374445  Obj 1.5143195e+10 Primal inf 2.331052e+10 (262545)
Clp0006I 375445  Obj 1.5151615e+10 Primal inf 2.2142261e+09 (224863)
Clp0006I 376445  Obj 1.5156866e+10 Primal inf 4.121453e+09 (227633)
Clp0006I 377445  Obj 1.516444e+10 Primal inf 1.4611121e+09 (231605)
Clp0006I 378445  Obj 1.5182046e+10 Primal inf 1.6530141e+09 (253182)
Clp0006I 379445  Obj 1.5189624e+10 Primal inf 6.4774893e+09 (248124)
Clp0006I 380445  Obj 1.5203474e+10 Primal inf 3.2863283e+09 (275868)
Clp0006I 381445  Obj 1.5218439e+10 Primal inf 6.2111394e+09 (274487)
Clp0006I 382445  Obj 1.5228789e+10 Primal inf 6.8514878e+09 (266626)
Clp0006I 383445  Obj 1.5232413e+10 Primal inf 2.9087302e+09 (281790)
Clp0006I 384445  Obj 1.5236928e+10 Primal inf 1.1874621e+09 (220302)
Clp0006I 385445  Obj 1.525504e+10 Primal inf 1.5159327e+09 (229497)
Clp0006I 386445  Obj 1.5265041e+10 Primal inf 5.8240195e+09 (253093)
Clp0006I 387445  Obj 1.5271753e+10 Primal inf 1.8364107e+09 (251274)
Clp0006I 388445  Obj 1.5293763e+10 Primal inf 1.1418801e+10 (259580)
Clp0006I 389445  Obj 1.5299234e+10 Primal inf 3.0255651e+09 (245050)
Clp0006I 390445  Obj 1.5313179e+10 Primal inf 1.9951055e+09 (199072)
Clp0006I 391445  Obj 1.5318349e+10 Primal inf 1.0602875e+09 (224135)
Clp0006I 392445  Obj 1.5321795e+10 Primal inf 1.5092841e+09 (223482)
Clp0006I 393445  Obj 1.5325748e+10 Primal inf 3.3628707e+09 (251891)
Clp0006I 394445  Obj 1.5332883e+10 Primal inf 1.9777049e+09 (254849)
Clp0006I 395445  Obj 1.5336227e+10 Primal inf 3.3231567e+09 (248931)
Clp0006I 396445  Obj 1.5347033e+10 Primal inf 4.3837022e+09 (280245)
Clp0006I 397445  Obj 1.5378342e+10 Primal inf 1.5838941e+10 (288593)
Clp0006I 398445  Obj 1.53928e+10 Primal inf 4.3252113e+09 (249056)
Clp0006I 399445  Obj 1.5398445e+10 Primal inf 5.7172726e+09 (261299)
Clp0006I 400445  Obj 1.5407908e+10 Primal inf 9.2553785e+09 (278388)
Clp0006I 401445  Obj 1.5422716e+10 Primal inf 4.8590242e+09 (258599)
Clp0006I 402445  Obj 1.5436466e+10 Primal inf 2.2121663e+09 (240085)
Clp0006I 403445  Obj 1.544803e+10 Primal inf 1.5677636e+10 (295977)
Clp0006I 404445  Obj 1.545406e+10 Primal inf 6.5057242e+09 (248514)
Clp0006I 405445  Obj 1.5459232e+10 Primal inf 5.0661114e+09 (271562)
Clp0006I 406445  Obj 1.5465651e+10 Primal inf 1.8868661e+09 (271988)
Clp0006I 407445  Obj 1.5475964e+10 Primal inf 2.3092946e+09 (238015)
Clp0006I 408445  Obj 1.5487227e+10 Primal inf 3.6671269e+09 (231060)
Clp0006I 409445  Obj 1.5498781e+10 Primal inf 1.8089486e+09 (237531)
Clp0006I 410445  Obj 1.5512665e+10 Primal inf 3.8163748e+09 (259972)
Clp0006I 411445  Obj 1.5526565e+10 Primal inf 3.689724e+10 (274327)
Clp0006I 412445  Obj 1.554186e+10 Primal inf 4.5027311e+09 (259229)
Clp0006I 413445  Obj 1.5554774e+10 Primal inf 7.432711e+09 (265062)
Clp0006I 414445  Obj 1.5559314e+10 Primal inf 2.7663336e+09 (235441)
Clp0006I 415445  Obj 1.5572982e+10 Primal inf 1.5385292e+09 (232421)
Clp0006I 416445  Obj 1.5585673e+10 Primal inf 7.0754779e+09 (263037)
Clp0006I 417445  Obj 1.5592431e+10 Primal inf 4.6031697e+09 (260471)
Clp0006I 418445  Obj 1.560405e+10 Primal inf 1.1859158e+10 (248060)
Clp0006I 419445  Obj 1.5615007e+10 Primal inf 2.1781382e+09 (228261)
Clp0006I 420445  Obj 1.5646534e+10 Primal inf 3.8424813e+10 (261380)
Clp0006I 421445  Obj 1.5659375e+10 Primal inf 3.3019413e+09 (238674)
Clp0006I 422445  Obj 1.5679871e+10 Primal inf 1.4674772e+10 (249971)
Clp0006I 423445  Obj 1.569268e+10 Primal inf 5.4681067e+09 (265819)
Clp0006I 424445  Obj 1.5706054e+10 Primal inf 1.9322214e+09 (251169)
Clp0006I 425445  Obj 1.5718711e+10 Primal inf 2.0068407e+09 (255123)
Clp0006I 426445  Obj 1.5729494e+10 Primal inf 4.6606235e+09 (258747)
Clp0006I 427445  Obj 1.5735698e+10 Primal inf 2.0488999e+09 (261636)
Clp0006I 428445  Obj 1.5741078e+10 Primal inf 1.8636585e+09 (236924)
Clp0006I 429445  Obj 1.5750598e+10 Primal inf 2.4111332e+09 (250267)
Clp0006I 430445  Obj 1.575499e+10 Primal inf 1.5746125e+09 (255153)
Clp0006I 431445  Obj 1.5757363e+10 Primal inf 9.2818349e+08 (213141)
Clp0006I 432445  Obj 1.5772522e+10 Primal inf 9.5690955e+09 (283729)
Clp0006I 433445  Obj 1.5786315e+10 Primal inf 2.0096874e+09 (245828)
Clp0006I 434445  Obj 1.5794109e+10 Primal inf 1.9257997e+09 (224966)
Clp0006I 435445  Obj 1.5799688e+10 Primal inf 1.6984061e+09 (211763)
Clp0006I 436445  Obj 1.5814752e+10 Primal inf 4.062464e+09 (268450)
Clp0006I 437445  Obj 1.5830667e+10 Primal inf 1.0690053e+10 (261048)
Clp0006I 438445  Obj 1.5840703e+10 Primal inf 1.5204608e+09 (230700)
Clp0006I 439445  Obj 1.5845932e+10 Primal inf 7.1228321e+09 (252762)
Clp0006I 440445  Obj 1.5851455e+10 Primal inf 1.2788668e+10 (252575)
Clp0006I 441445  Obj 1.5859747e+10 Primal inf 3.5304097e+09 (271877)
Clp0006I 442445  Obj 1.5876978e+10 Primal inf 1.4114261e+09 (258194)
Clp0006I 443445  Obj 1.5887662e+10 Primal inf 6.6089036e+09 (276836)
Clp0006I 444445  Obj 1.5899725e+10 Primal inf 1.17988e+09 (257782)
Clp0006I 445445  Obj 1.5907933e+10 Primal inf 2.0941479e+10 (298358)
Clp0006I 446445  Obj 1.592404e+10 Primal inf 1.3723912e+09 (225986)
Clp0006I 447445  Obj 1.593516e+10 Primal inf 6.653295e+09 (251134)
Clp0006I 448445  Obj 1.5943427e+10 Primal inf 1.9811988e+09 (238406)
Clp0006I 449445  Obj 1.5970606e+10 Primal inf 5.2779956e+09 (235360)
Clp0006I 450445  Obj 1.5988702e+10 Primal inf 4.867528e+09 (285250)
Clp0006I 451445  Obj 1.6000589e+10 Primal inf 1.0423491e+10 (284581)
Clp0006I 452445  Obj 1.6015235e+10 Primal inf 2.8550624e+09 (264713)
Clp0006I 453445  Obj 1.6029269e+10 Primal inf 2.3809552e+09 (263554)
Clp0006I 454445  Obj 1.604711e+10 Primal inf 1.0259029e+09 (227968)
Clp0006I 455445  Obj 1.6056245e+10 Primal inf 1.0521526e+09 (255527)
Clp0006I 456445  Obj 1.6067077e+10 Primal inf 2.6366577e+09 (235910)
Clp0006I 457445  Obj 1.6074726e+10 Primal inf 3.4795227e+09 (259283)
Clp0006I 458445  Obj 1.6086362e+10 Primal inf 4.0585828e+09 (306874)
Clp0006I 459445  Obj 1.6099709e+10 Primal inf 1.3710324e+10 (277150)
Clp0006I 460445  Obj 1.6113962e+10 Primal inf 1.1229743e+11 (303279)
Clp0006I 461445  Obj 1.6176954e+10 Primal inf 7.3997915e+10 (298041)
Clp0006I 462445  Obj 1.6203985e+10 Primal inf 3.6013789e+09 (291292)
Clp0006I 463445  Obj 1.6225719e+10 Primal inf 3.3525416e+09 (288205)
Clp0006I 464445  Obj 1.6253406e+10 Primal inf 1.8056496e+11 (294632)
Clp0006I 465445  Obj 1.626194e+10 Primal inf 3.1977886e+10 (334144)
Clp0006I 466445  Obj 1.6273243e+10 Primal inf 7.3933046e+09 (279563)
Clp0006I 467445  Obj 1.6291944e+10 Primal inf 7.6321331e+09 (264267)
Clp0006I 468445  Obj 1.6311167e+10 Primal inf 2.0373046e+09 (264441)
Clp0006I 469445  Obj 1.634282e+10 Primal inf 4.3955481e+10 (316475)
Clp0006I 470445  Obj 1.6360108e+10 Primal inf 4.1382918e+10 (343987)
Clp0006I 471445  Obj 1.6378669e+10 Primal inf 6.9554132e+09 (285014)
Clp0006I 472445  Obj 1.6396886e+10 Primal inf 3.6872862e+10 (305236)
Clp0006I 473445  Obj 1.6411018e+10 Primal inf 2.1102095e+10 (289671)
Clp0006I 474445  Obj 1.6428635e+10 Primal inf 2.7395117e+10 (326194)
Clp0006I 475445  Obj 1.6446193e+10 Primal inf 1.2270172e+10 (363980)
Clp0006I 476445  Obj 1.6464043e+10 Primal inf 9.2354265e+10 (360251)
Clp0006I 477445  Obj 1.6480709e+10 Primal inf 2.9213884e+10 (284467)
Clp0006I 478445  Obj 1.6503508e+10 Primal inf 1.4797271e+10 (310896)
Clp0006I 479445  Obj 1.6525873e+10 Primal inf 4.5351398e+11 (326908)
Clp0006I 480445  Obj 1.654703e+10 Primal inf 6.3023572e+10 (322206)
Clp0006I 481445  Obj 1.65694e+10 Primal inf 1.9726322e+10 (273658)
Clp0006I 482445  Obj 1.6593565e+10 Primal inf 6.8354669e+10 (307941)
Clp0006I 483445  Obj 1.6614107e+10 Primal inf 1.1728221e+11 (307894)
Clp0006I 484445  Obj 1.6631593e+10 Primal inf 1.2160601e+10 (303520)
Clp0006I 485445  Obj 1.6656303e+10 Primal inf 8.3138065e+10 (336837)
Clp0006I 486445  Obj 1.6677753e+10 Primal inf 8.1574667e+10 (329676)
Clp0006I 487445  Obj 1.6697358e+10 Primal inf 1.3982683e+10 (292157)
Clp0006I 488445  Obj 1.6719503e+10 Primal inf 1.2728154e+11 (327650)
Clp0006I 489445  Obj 1.6739122e+10 Primal inf 6.6218323e+12 (342666)
Clp0006I 490445  Obj 1.6757289e+10 Primal inf 8.5742441e+11 (326164)
Clp0006I 491445  Obj 1.6781503e+10 Primal inf 8.4030522e+10 (380780)
Clp0006I 492445  Obj 1.6791351e+10 Primal inf 2.1607581e+10 (298479)
Clp0006I 493445  Obj 1.6801366e+10 Primal inf 9.7872444e+10 (351418)
Clp0006I 494445  Obj 1.6807351e+10 Primal inf 2.3246649e+10 (341206)
Clp0006I 495445  Obj 1.6811327e+10 Primal inf 4.1087898e+09 (281486)
Clp0006I 496445  Obj 1.6822109e+10 Primal inf 2.7717863e+10 (348712)
Clp0006I 497445  Obj 1.6836344e+10 Primal inf 2.0006311e+10 (307955)
Clp0006I 498445  Obj 1.6854106e+10 Primal inf 1.0782056e+10 (285725)
Clp0006I 499445  Obj 1.6865835e+10 Primal inf 7.6038972e+10 (351139)
Clp0006I 500445  Obj 1.6870697e+10 Primal inf 6.0118223e+10 (318180)
Clp0006I 501445  Obj 1.687979e+10 Primal inf 4.2906374e+10 (358873)
Clp0006I 502445  Obj 1.6893269e+10 Primal inf 1.6221052e+11 (350289)
Clp0006I 503445  Obj 1.6904353e+10 Primal inf 1.6580229e+10 (332662)
Clp0006I 504445  Obj 1.6913905e+10 Primal inf 1.8052917e+10 (345826)
Clp0006I 505445  Obj 1.692278e+10 Primal inf 2.2985978e+10 (318743)
Clp0006I 506445  Obj 1.6928029e+10 Primal inf 5.1688709e+10 (283624)
Clp0006I 507445  Obj 1.6939332e+10 Primal inf 9.6658666e+10 (331774)
Clp0006I 508445  Obj 1.6954002e+10 Primal inf 1.68568e+11 (306752)
Clp0006I 509445  Obj 1.697639e+10 Primal inf 2.1666083e+10 (257871)
Clp0006I 510445  Obj 1.6977976e+10 Primal inf 1.5580849e+11 (329645)
Clp0006I 511445  Obj 1.6981755e+10 Primal inf 7.7901045e+10 (297346)
Clp0006I 512445  Obj 1.6985155e+10 Primal inf 1.8213969e+11 (292868)
Clp0006I 513445  Obj 1.699149e+10 Primal inf 3.1596874e+10 (327389)
Clp0006I 514445  Obj 1.6998262e+10 Primal inf 1.8540012e+10 (296642)
Clp0006I 515445  Obj 1.7020932e+10 Primal inf 6.0391268e+10 (326741)
Clp0006I 516445  Obj 1.7038634e+10 Primal inf 9.2695905e+10 (359569)
Clp0006I 517445  Obj 1.7045211e+10 Primal inf 3.1629517e+10 (364596)
Clp0006I 518445  Obj 1.7054804e+10 Primal inf 2.8737461e+11 (336619)
Clp0006I 519445  Obj 1.7063566e+10 Primal inf 1.5137855e+10 (297563)
Clp0006I 520445  Obj 1.7074062e+10 Primal inf 5.0647591e+09 (309101)
Clp0006I 521445  Obj 1.7083942e+10 Primal inf 3.0329733e+10 (310127)
Clp0006I 522445  Obj 1.7106367e+10 Primal inf 2.1493954e+11 (356306)
Clp0006I 523445  Obj 1.7139811e+10 Primal inf 2.8176061e+11 (356141)
Clp0006I 524445  Obj 1.7169171e+10 Primal inf 1.2239467e+11 (319296)
Clp0006I 525445  Obj 1.7187914e+10 Primal inf 1.3250166e+10 (313907)
Clp0006I 526445  Obj 1.7196242e+10 Primal inf 3.3855741e+10 (328718)
Clp0006I 527445  Obj 1.7209943e+10 Primal inf 1.2865285e+10 (301744)
Clp0006I 528445  Obj 1.7219113e+10 Primal inf 1.9670267e+11 (394285)
Clp0006I 529445  Obj 1.7226256e+10 Primal inf 2.2918921e+10 (362772)
Clp0006I 530445  Obj 1.7234553e+10 Primal inf 5.4658299e+10 (363211)
Clp0006I 531445  Obj 1.7252935e+10 Primal inf 1.257182e+10 (301075)
Clp0006I 532445  Obj 1.7264988e+10 Primal inf 4.9545801e+10 (330535)
Clp0006I 533445  Obj 1.7279725e+10 Primal inf 2.5922502e+10 (313298)
Clp0006I 534445  Obj 1.7288468e+10 Primal inf 1.3791532e+11 (383832)
Clp0006I 535445  Obj 1.7299258e+10 Primal inf 1.8376846e+11 (363272)
Clp0006I 536445  Obj 1.73103e+10 Primal inf 4.644203e+09 (297320)
Clp0006I 537445  Obj 1.732301e+10 Primal inf 5.6839421e+10 (371968)
Clp0006I 538445  Obj 1.7332491e+10 Primal inf 7.5901517e+10 (361798)
Clp0006I 539445  Obj 1.734735e+10 Primal inf 2.6784939e+11 (388772)
Clp0006I 540445  Obj 1.7355783e+10 Primal inf 1.0717238e+10 (371988)
Clp0006I 541445  Obj 1.7359509e+10 Primal inf 6.3664449e+10 (336299)
Clp0006I 542445  Obj 1.736316e+10 Primal inf 1.4040577e+10 (346186)
Clp0006I 543445  Obj 1.7365426e+10 Primal inf 9.5125987e+10 (411270)
Clp0006I 544445  Obj 1.7366695e+10 Primal inf 8.0948231e+11 (349910)
Clp0006I 545445  Obj 1.7372364e+10 Primal inf 6.3474543e+11 (378616)
Clp0006I 546445  Obj 1.7411785e+10 Primal inf 4.1897027e+10 (334839)
Clp0006I 547445  Obj 1.7420012e+10 Primal inf 4.9561152e+11 (353584)
Clp0006I 548445  Obj 1.7424356e+10 Primal inf 3.0521824e+11 (348865)
Clp0006I 549445  Obj 1.7430561e+10 Primal inf 1.7413853e+11 (368856)
Clp0006I 550445  Obj 1.7433333e+10 Primal inf 1.7716446e+11 (343931)
Clp0006I 551445  Obj 1.743983e+10 Primal inf 2.9395659e+12 (446740)
Clp0006I 552445  Obj 1.7445299e+10 Primal inf 3.2076537e+09 (284730)
Clp0006I 553445  Obj 1.7454981e+10 Primal inf 3.8765639e+09 (315970)
Clp0006I 554445  Obj 1.7458119e+10 Primal inf 2.4902631e+10 (306555)
Clp0006I 555445  Obj 1.7460299e+10 Primal inf 3.0122239e+10 (362982)
Clp0006I 556445  Obj 1.746352e+10 Primal inf 3.8201217e+10 (328920)
Clp0006I 557445  Obj 1.7472579e+10 Primal inf 2.4493848e+10 (369784)
Clp0006I 558445  Obj 1.7489128e+10 Primal inf 7.9120381e+10 (389423)
Clp0006I 559445  Obj 1.750878e+10 Primal inf 1.6099123e+11 (348515)
Clp0006I 560445  Obj 1.7529721e+10 Primal inf 1.658754e+10 (366881)
Clp0006I 561445  Obj 1.7554097e+10 Primal inf 1.6203171e+10 (346740)
Clp0006I 562445  Obj 1.7574126e+10 Primal inf 1.6023399e+10 (335111)
Clp0006I 563445  Obj 1.7597632e+10 Primal inf 6.142401e+09 (344914)
Clp0006I 564445  Obj 1.760975e+10 Primal inf 9.87989e+10 (339021)
Clp0006I 565445  Obj 1.7618278e+10 Primal inf 5.1527357e+10 (376891)
Clp0006I 566445  Obj 1.7631861e+10 Primal inf 8.2520859e+09 (318232)
Clp0006I 567445  Obj 1.76415e+10 Primal inf 1.1619088e+10 (362293)
Clp0006I 568445  Obj 1.7651453e+10 Primal inf 1.0401748e+10 (359736)
Clp0006I 569445  Obj 1.7664621e+10 Primal inf 2.0852774e+10 (331539)
Clp0006I 570445  Obj 1.7672146e+10 Primal inf 4.7700023e+10 (352723)
Clp0006I 571445  Obj 1.7682485e+10 Primal inf 9.2958314e+10 (359705)
Clp0006I 572445  Obj 1.7695876e+10 Primal inf 5.3096024e+10 (330048)
Clp0006I 573445  Obj 1.7710183e+10 Primal inf 3.3263961e+11 (355500)
Clp0006I 574445  Obj 1.7721648e+10 Primal inf 6.1574215e+09 (308917)
Clp0006I 575445  Obj 1.7741492e+10 Primal inf 5.4350834e+10 (341252)
Clp0006I 576445  Obj 1.7755093e+10 Primal inf 3.3505462e+09 (331347)
Clp0006I 577445  Obj 1.7774123e+10 Primal inf 1.9542575e+10 (335114)
Clp0006I 578445  Obj 1.7793837e+10 Primal inf 1.7517345e+10 (259460)
Clp0006I 579445  Obj 1.7809179e+10 Primal inf 1.2889374e+11 (381535)
Clp0006I 580445  Obj 1.7824438e+10 Primal inf 2.9507265e+10 (358146)
Clp0006I 581445  Obj 1.7829116e+10 Primal inf 8.7187495e+09 (316596)
Clp0006I 582445  Obj 1.7845826e+10 Primal inf 2.8186301e+10 (341991)
Clp0006I 583445  Obj 1.7863531e+10 Primal inf 7.3141505e+10 (323784)
Clp0006I 584445  Obj 1.7881964e+10 Primal inf 7.5515096e+11 (395196)
Clp0006I 585445  Obj 1.7898513e+10 Primal inf 5.3415558e+09 (316983)
Clp0006I 586445  Obj 1.7912809e+10 Primal inf 8.4559252e+10 (403149)
Clp0006I 587445  Obj 1.7926043e+10 Primal inf 4.5804662e+10 (365288)
Clp0006I 588445  Obj 1.7938728e+10 Primal inf 1.1102801e+11 (418571)
Clp0006I 589445  Obj 1.7946503e+10 Primal inf 7.5549635e+09 (334713)
Clp0006I 590445  Obj 1.795508e+10 Primal inf 7.2616075e+11 (338321)
Clp0006I 591445  Obj 1.7960921e+10 Primal inf 4.107955e+10 (346148)
Clp0006I 592445  Obj 1.7970085e+10 Primal inf 3.5466279e+10 (388858)
Clp0006I 593445  Obj 1.7982629e+10 Primal inf 2.937053e+10 (402748)
Clp0006I 594445  Obj 1.7999232e+10 Primal inf 1.2616914e+11 (389436)
Clp0006I 595445  Obj 1.803274e+10 Primal inf 1.9283901e+11 (393390)
Clp0006I 596445  Obj 1.8053825e+10 Primal inf 9.812322e+09 (314573)
Clp0006I 597445  Obj 1.807905e+10 Primal inf 1.1662695e+11 (355143)
Clp0006I 598445  Obj 1.8095706e+10 Primal inf 1.0328794e+11 (372172)
Clp0006I 599445  Obj 1.8110999e+10 Primal inf 1.2881083e+11 (385804)
Clp0006I 600445  Obj 1.8124766e+10 Primal inf 1.5078898e+10 (354962)
Clp0006I 601445  Obj 1.8137241e+10 Primal inf 6.9438361e+10 (336958)
Clp0006I 602445  Obj 1.8154799e+10 Primal inf 2.2960744e+10 (362022)
Clp0006I 603445  Obj 1.8170223e+10 Primal inf 1.6918194e+10 (394267)
Clp0006I 604445  Obj 1.8188601e+10 Primal inf 2.1348178e+11 (423586)
Clp0006I 605445  Obj 1.8197904e+10 Primal inf 1.2910959e+11 (369074)
Clp0006I 606445  Obj 1.8212523e+10 Primal inf 4.9722721e+10 (328074)
Clp0006I 607445  Obj 1.8257857e+10 Primal inf 5.6256117e+11 (339325)
Clp0006I 608445  Obj 1.8271256e+10 Primal inf 9.2577063e+10 (401120)
Clp0006I 609445  Obj 1.8283275e+10 Primal inf 8.6290605e+10 (381775)
Clp0006I 610445  Obj 1.8288397e+10 Primal inf 1.3406734e+10 (388280)
Clp0006I 611445  Obj 1.8307057e+10 Primal inf 1.217348e+11 (370846)
Clp0006I 612445  Obj 1.831824e+10 Primal inf 3.3793997e+11 (361934)
Clp0006I 613445  Obj 1.8328696e+10 Primal inf 2.2214446e+11 (341502)
Clp0006I 614401  Obj 1.834302e+10 Primal inf 5.7360016e+11 (400677)
Clp0006I 615401  Obj 1.8356033e+10 Primal inf 1.7403339e+10 (360706)
Clp0006I 616401  Obj 1.836411e+10 Primal inf 6.9686764e+09 (336024)
Clp0006I 617401  Obj 1.838178e+10 Primal inf 6.7175895e+10 (379301)
Clp0006I 618401  Obj 1.8393938e+10 Primal inf 3.8302527e+11 (351964)
Clp0006I 619401  Obj 1.8404102e+10 Primal inf 7.7721777e+09 (396945)
Clp0006I 620401  Obj 1.8412059e+10 Primal inf 9.3031691e+10 (338610)
Clp0006I 621401  Obj 1.842308e+10 Primal inf 6.6818915e+09 (346988)
Clp0006I 622401  Obj 1.8432205e+10 Primal inf 3.0570837e+10 (353021)
Clp0006I 623401  Obj 1.8442641e+10 Primal inf 7.3671776e+10 (361990)
Clp0006I 624401  Obj 1.8446445e+10 Primal inf 3.2377691e+10 (389303)
Clp0006I 625401  Obj 1.8459634e+10 Primal inf 2.308915e+11 (377294)
Clp0006I 626401  Obj 1.8471874e+10 Primal inf 3.789446e+10 (419865)
Clp0006I 627401  Obj 1.84876e+10 Primal inf 1.0632521e+10 (364775)
Clp0006I 628401  Obj 1.84999e+10 Primal inf 7.8416406e+10 (380230)
Clp0006I 629401  Obj 1.8508052e+10 Primal inf 4.2553775e+10 (356447)
Clp0006I 630401  Obj 1.8520667e+10 Primal inf 3.1175278e+10 (407195)
Clp0006I 631401  Obj 1.8541735e+10 Primal inf 4.7059609e+10 (329627)
Clp0006I 632286  Obj 1.8558905e+10 Primal inf 1.1303179e+13 (367623)
Clp0006I 633286  Obj 1.8575487e+10 Primal inf 3.9054011e+09 (336527)
Clp0006I 634286  Obj 1.8581814e+10 Primal inf 1.4694319e+10 (359191)
Clp0006I 635286  Obj 1.8590719e+10 Primal inf 4.9861868e+10 (379302)
Clp0006I 636286  Obj 1.8602847e+10 Primal inf 1.8681848e+10 (345968)
Clp0006I 637242  Obj 1.8613381e+10 Primal inf 2.4937218e+11 (330981)
Clp0006I 638242  Obj 1.8626148e+10 Primal inf 2.2327799e+10 (292235)
Clp0006I 639242  Obj 1.8631492e+10 Primal inf 1.0319634e+11 (323251)
Clp0006I 640242  Obj 1.8650056e+10 Primal inf 1.349777e+11 (374506)
Clp0006I 641242  Obj 1.8661323e+10 Primal inf 4.3379009e+10 (328416)
Clp0006I 642242  Obj 1.8673496e+10 Primal inf 4.3173186e+10 (388499)
Clp0006I 643242  Obj 1.8682164e+10 Primal inf 1.4770283e+10 (371063)
Clp0006I 644242  Obj 1.8698939e+10 Primal inf 6.0606667e+10 (396792)
Clp0006I 645242  Obj 1.8707721e+10 Primal inf 2.3514258e+09 (313815)
Clp0006I 646242  Obj 1.8728952e+10 Primal inf 9.6161828e+09 (338339)
Clp0006I 647242  Obj 1.8741546e+10 Primal inf 1.4531665e+11 (401245)
Clp0006I 648242  Obj 1.8753716e+10 Primal inf 7.9267656e+10 (361457)
Clp0006I 649242  Obj 1.8762412e+10 Primal inf 6.5584973e+09 (349751)
Clp0006I 650242  Obj 1.8768344e+10 Primal inf 2.214238e+11 (428344)
Clp0006I 651242  Obj 1.8773128e+10 Primal inf 7.745664e+10 (404573)
Clp0006I 652242  Obj 1.8780627e+10 Primal inf 2.6518904e+09 (299264)
Clp0006I 653242  Obj 1.8787175e+10 Primal inf 1.4912688e+10 (368312)
Clp0006I 654242  Obj 1.8800588e+10 Primal inf 1.3014413e+10 (358872)
Clp0006I 655242  Obj 1.8815377e+10 Primal inf 3.6219254e+10 (377579)
Clp0006I 656242  Obj 1.8825657e+10 Primal inf 1.0577942e+11 (399877)
Clp0006I 657242  Obj 1.8833075e+10 Primal inf 7.4206413e+10 (372418)
Clp0006I 658242  Obj 1.8843767e+10 Primal inf 4.4352017e+10 (400593)
Clp0006I 659242  Obj 1.8853835e+10 Primal inf 4.3836279e+10 (373122)
Clp0006I 660242  Obj 1.8863941e+10 Primal inf 2.2943345e+10 (337736)
Clp0006I 661242  Obj 1.8875365e+10 Primal inf 5.1628871e+10 (370686)
Clp0006I 662176  Obj 1.888357e+10 Primal inf 1.0487109e+12 (379626)
Clp0006I 663176  Obj 1.8893452e+10 Primal inf 7.1611763e+09 (345692)
Clp0006I 664176  Obj 1.8909928e+10 Primal inf 4.0998543e+11 (384461)
Clp0006I 665176  Obj 1.8924539e+10 Primal inf 1.2965073e+11 (387206)
Clp0006I 666176  Obj 1.8929054e+10 Primal inf 1.3576842e+11 (372262)
Clp0006I 667176  Obj 1.8931662e+10 Primal inf 3.07944e+11 (327346)
Clp0006I 668176  Obj 1.8935158e+10 Primal inf 2.7965794e+11 (414036)
Clp0006I 669176  Obj 1.8948632e+10 Primal inf 4.2969361e+10 (353361)
Clp0006I 670176  Obj 1.8959721e+10 Primal inf 1.6550075e+10 (308956)
Clp0006I 671176  Obj 1.8968951e+10 Primal inf 3.2629672e+11 (415160)
Clp0006I 672176  Obj 1.9005859e+10 Primal inf 3.9212079e+10 (411233)
Clp0006I 673176  Obj 1.9022343e+10 Primal inf 6.2145411e+10 (400888)
Clp0006I 674176  Obj 1.9035257e+10 Primal inf 2.0066111e+11 (404128)
Clp0006I 675176  Obj 1.9049893e+10 Primal inf 4.0924625e+10 (409177)
Clp0006I 676176  Obj 1.9059881e+10 Primal inf 9.9231308e+09 (302116)
Clp0006I 677176  Obj 1.9070843e+10 Primal inf 2.1601484e+10 (383422)
Clp0006I 678176  Obj 1.9078836e+10 Primal inf 2.017975e+11 (375339)
Clp0006I 679176  Obj 1.9091985e+10 Primal inf 6.9991826e+10 (370390)
Clp0006I 680176  Obj 1.9110315e+10 Primal inf 1.266712e+10 (305849)
Clp0006I 681176  Obj 1.912593e+10 Primal inf 2.3994893e+10 (335862)
Clp0006I 682176  Obj 1.9137795e+10 Primal inf 9.4658743e+10 (352001)
Clp0006I 683176  Obj 1.9151528e+10 Primal inf 5.4395837e+10 (326922)
Clp0006I 684176  Obj 1.9172918e+10 Primal inf 2.8699865e+11 (337682)
Clp0006I 685176  Obj 1.9185012e+10 Primal inf 8.1621399e+09 (335992)
Clp0006I 686176  Obj 1.9197394e+10 Primal inf 1.8017673e+11 (408197)
Clp0006I 687176  Obj 1.921266e+10 Primal inf 3.8512456e+11 (398258)
Clp0006I 688176  Obj 1.9224461e+10 Primal inf 3.9321576e+09 (305761)
Clp0006I 689176  Obj 1.9237493e+10 Primal inf 1.6590398e+11 (392755)
Clp0006I 690176  Obj 1.9251805e+10 Primal inf 3.5347983e+11 (363443)
Clp0006I 691176  Obj 1.9262141e+10 Primal inf 5.6887677e+10 (338599)
Clp0006I 692176  Obj 1.927801e+10 Primal inf 3.3500512e+10 (395095)
Clp0006I 693176  Obj 1.9286742e+10 Primal inf 1.1528347e+11 (364058)
Clp0006I 694176  Obj 1.9298405e+10 Primal inf 7.7494961e+10 (343706)
Clp0006I 695030  Obj 1.930853e+10 Primal inf 6.8638279e+10 (409800)
Clp0006I 696030  Obj 1.9319777e+10 Primal inf 1.5377277e+10 (334156)
Clp0006I 697030  Obj 1.9333608e+10 Primal inf 6.9384584e+10 (337527)
Clp0006I 698030  Obj 1.934711e+10 Primal inf 4.1194729e+10 (369586)
Clp0006I 699030  Obj 1.9357445e+10 Primal inf 5.2195021e+09 (306248)
Clp0006I 700030  Obj 1.9371285e+10 Primal inf 6.7267792e+10 (365194)
Clp0006I 701030  Obj 1.9385332e+10 Primal inf 1.2667385e+10 (364658)
Clp0006I 702030  Obj 1.9391116e+10 Primal inf 5.4971896e+09 (396636)
Clp0006I 703030  Obj 1.9394985e+10 Primal inf 4.4280672e+10 (415015)
Clp0006I 703749  Obj 1.940286e+10 Primal inf 2.0875114e+12 (389151)
Clp0006I 704749  Obj 1.9424118e+10 Primal inf 1.2423762e+11 (352918)
Clp0006I 705749  Obj 1.9433649e+10 Primal inf 8.6330129e+09 (346240)
Clp0006I 706749  Obj 1.9449137e+10 Primal inf 5.0073244e+10 (381020)
Clp0006I 707749  Obj 1.9460411e+10 Primal inf 1.2034183e+11 (396359)
Clp0006I 708749  Obj 1.9478181e+10 Primal inf 8.064171e+09 (244855)
Clp0006I 709749  Obj 1.9494e+10 Primal inf 4.8161626e+11 (389596)
Clp0006I 710749  Obj 1.951487e+10 Primal inf 4.7111238e+11 (371332)
Clp0006I 711749  Obj 1.9525186e+10 Primal inf 1.3898555e+10 (351127)
Clp0006I 712749  Obj 1.9529345e+10 Primal inf 2.3373375e+11 (376909)
Clp0006I 713749  Obj 1.9541066e+10 Primal inf 2.3347806e+10 (336114)
Clp0006I 714749  Obj 1.9557118e+10 Primal inf 4.9822628e+10 (351274)
Clp0006I 715749  Obj 1.9565344e+10 Primal inf 3.2769569e+10 (345528)
Clp0006I 716749  Obj 1.9582006e+10 Primal inf 1.6214922e+12 (388454)
Clp0006I 717749  Obj 1.9601736e+10 Primal inf 6.897231e+10 (322309)
Clp0006I 718749  Obj 1.9611769e+10 Primal inf 7.6863453e+10 (377759)
Clp0006I 719749  Obj 1.9624225e+10 Primal inf 3.4858222e+10 (325570)
Clp0006I 720749  Obj 1.9637617e+10 Primal inf 1.2725864e+11 (374634)
Clp0006I 721749  Obj 1.9651129e+10 Primal inf 1.3684089e+11 (362859)
Clp0006I 722749  Obj 1.9675838e+10 Primal inf 5.9816873e+11 (404334)
Clp0006I 723749  Obj 1.9703165e+10 Primal inf 2.5998478e+10 (329953)
Clp0006I 724749  Obj 1.9715749e+10 Primal inf 5.4037059e+10 (388677)
Clp0006I 725749  Obj 1.9726512e+10 Primal inf 2.6006997e+10 (366603)
Clp0006I 726749  Obj 1.9738764e+10 Primal inf 5.7067203e+10 (331505)
Clp0006I 727749  Obj 1.9750019e+10 Primal inf 1.1501597e+11 (399134)
Clp0006I 728749  Obj 1.9762544e+10 Primal inf 2.5952806e+11 (364709)
Clp0006I 729334  Obj 1.9774487e+10 Primal inf 8.3916807e+11 (378675)
Clp0006I 730334  Obj 1.9796424e+10 Primal inf 6.564511e+11 (403026)
Clp0006I 731334  Obj 1.9828478e+10 Primal inf 3.3258647e+11 (350822)
Clp0006I 732094  Obj 1.9860966e+10 Primal inf 3.4378838e+12 (358955)
Clp0006I 733094  Obj 1.9883532e+10 Primal inf 2.6107798e+11 (310079)
Clp0006I 734094  Obj 1.9901837e+10 Primal inf 1.0511612e+11 (337188)
Clp0006I 735094  Obj 1.9918373e+10 Primal inf 1.436022e+11 (376039)
Clp0006I 735736  Obj 1.9929156e+10 Primal inf 2.0311837e+10 (337513)
Clp0006I 736736  Obj 1.9956328e+10 Primal inf 1.0572332e+11 (357292)
Clp0006I 737736  Obj 1.9972108e+10 Primal inf 5.0521928e+10 (394004)
Clp0006I 738736  Obj 1.9990784e+10 Primal inf 6.2631992e+10 (393104)
Clp0006I 739736  Obj 2.0001658e+10 Primal inf 3.5201416e+10 (347127)
Clp0006I 740736  Obj 2.001035e+10 Primal inf 3.1042297e+10 (333483)
Clp0006I 741736  Obj 2.0023703e+10 Primal inf 1.0308175e+11 (377535)
Clp0006I 742736  Obj 2.0035045e+10 Primal inf 1.5911775e+10 (265106)
Clp0006I 743736  Obj 2.0049548e+10 Primal inf 5.03059e+10 (391168)
Clp0006I 744736  Obj 2.0061949e+10 Primal inf 1.3171379e+11 (334558)
Clp0006I 745736  Obj 2.0073507e+10 Primal inf 5.8325449e+10 (396831)
Clp0006I 746736  Obj 2.0084234e+10 Primal inf 1.0974194e+11 (313700)
Clp0006I 747736  Obj 2.0094654e+10 Primal inf 4.5568037e+10 (370300)
Clp0006I 748736  Obj 2.010476e+10 Primal inf 2.5131394e+10 (298773)
Clp0006I 749736  Obj 2.0123232e+10 Primal inf 1.1304791e+11 (353401)
Clp0006I 750736  Obj 2.0138676e+10 Primal inf 4.8852754e+10 (382171)
Clp0006I 751736  Obj 2.0150455e+10 Primal inf 2.4599223e+11 (391467)
Clp0006I 752736  Obj 2.0165242e+10 Primal inf 1.3132848e+11 (305651)
Clp0006I 753736  Obj 2.0188757e+10 Primal inf 8.9463044e+09 (333996)
Clp0006I 754736  Obj 2.0199804e+10 Primal inf 5.9461421e+09 (338140)
Clp0006I 755736  Obj 2.0207905e+10 Primal inf 3.1128572e+10 (370054)
Clp0006I 756736  Obj 2.0216712e+10 Primal inf 4.4260082e+10 (389017)
Clp0006I 757736  Obj 2.0226121e+10 Primal inf 8.3551227e+10 (394104)
Clp0006I 758507  Obj 2.0234224e+10 Primal inf 3.5308885e+11 (411017)
Clp0006I 759507  Obj 2.0245873e+10 Primal inf 2.5750117e+10 (351732)
Clp0006I 760507  Obj 2.0254122e+10 Primal inf 5.8061446e+11 (411038)
Clp0006I 761507  Obj 2.0276596e+10 Primal inf 1.10078e+11 (331509)
Clp0006I 762507  Obj 2.0289594e+10 Primal inf 1.175184e+10 (368346)
Clp0006I 763507  Obj 2.0296709e+10 Primal inf 8.7658847e+10 (382412)
Clp0006I 764507  Obj 2.0326893e+10 Primal inf 3.6597434e+09 (387770)
Clp0006I 765507  Obj 2.033757e+10 Primal inf 1.5298189e+10 (358530)
Clp0006I 766507  Obj 2.0349864e+10 Primal inf 4.623205e+10 (335939)
Clp0006I 767507  Obj 2.0362511e+10 Primal inf 3.8464631e+10 (400401)
Clp0006I 768507  Obj 2.037471e+10 Primal inf 1.3427049e+11 (433907)
Clp0006I 769507  Obj 2.038912e+10 Primal inf 1.1062477e+11 (431695)
Clp0006I 770507  Obj 2.0401902e+10 Primal inf 1.5911625e+10 (367141)
Clp0006I 771507  Obj 2.0408917e+10 Primal inf 3.310024e+10 (455447)
Clp0006I 772474  Obj 2.0420449e+10 Primal inf 1.1283019e+11 (411228)
Clp0006I 773279  Obj 2.0430669e+10 Primal inf 2.6891083e+10 (362275)
Clp0006I 774279  Obj 2.0442111e+10 Primal inf 6.0101478e+10 (383696)
Clp0006I 775279  Obj 2.0455013e+10 Primal inf 8.0255347e+10 (421806)
Clp0006I 776279  Obj 2.0499607e+10 Primal inf 8.6792882e+09 (381250)
Clp0006I 777059  Obj 2.0511338e+10 Primal inf 1.7128252e+10 (354609)
Clp0006I 778059  Obj 2.052484e+10 Primal inf 4.6929644e+11 (429232)
Clp0006I 779059  Obj 2.0542391e+10 Primal inf 2.4570062e+11 (361699)
Clp0006I 780059  Obj 2.0554513e+10 Primal inf 7.1984534e+10 (365538)
Clp0006I 780725  Obj 2.0562676e+10 Primal inf 2.3509231e+10 (364181)
Clp0006I 781725  Obj 2.057042e+10 Primal inf 1.486084e+09 (272127)
Clp0006I 782725  Obj 2.0577476e+10 Primal inf 6.6345035e+09 (374394)
Clp0006I 783725  Obj 2.0585853e+10 Primal inf 2.4447388e+11 (420651)
Clp0006I 784725  Obj 2.0600425e+10 Primal inf 3.6390707e+10 (369363)
Clp0006I 785575  Obj 2.0609388e+10 Primal inf 2.263076e+11 (388641)
Clp0006I 786575  Obj 2.0621882e+10 Primal inf 2.3013854e+11 (428873)
Clp0006I 787211  Obj 2.0635123e+10 Primal inf 9.6765568e+10 (359064)
Clp0006I 788211  Obj 2.0648923e+10 Primal inf 1.1434228e+12 (332391)
Clp0006I 789066  Obj 2.0660618e+10 Primal inf 1.3058726e+11 (348691)
Clp0006I 790066  Obj 2.0674476e+10 Primal inf 1.0154374e+11 (348622)
Clp0006I 791066  Obj 2.0694799e+10 Primal inf 9.0145688e+10 (343411)
Clp0006I 792066  Obj 2.0709168e+10 Primal inf 4.3869651e+09 (338821)
Clp0006I 793066  Obj 2.0725707e+10 Primal inf 6.9201857e+10 (315170)
Clp0006I 793764  Obj 2.0734661e+10 Primal inf 1.1079172e+11 (402666)
Clp0006I 794764  Obj 2.0745257e+10 Primal inf 1.1126366e+11 (368045)
Clp0006I 795764  Obj 2.0754478e+10 Primal inf 2.9242921e+10 (344508) Dual inf 3.4858114e-09 (4)
Clp0006I 796764  Obj 2.0760931e+10 Primal inf 1.1245706e+11 (381231) Dual inf 3.4858114e-09 (4)
Clp0006I 797764  Obj 2.0770154e+10 Primal inf 1.7128129e+10 (402295) Dual inf 3.4858114e-09 (4)
Clp0006I 798764  Obj 2.0779171e+10 Primal inf 1.6137888e+11 (376541) Dual inf 3.4858114e-09 (4)
Clp0006I 799764  Obj 2.0793294e+10 Primal inf 1.593217e+10 (380146) Dual inf 8.7145329e-10 (1)
Clp0006I 800764  Obj 2.0808636e+10 Primal inf 1.1984318e+11 (354512) Dual inf 8.7145329e-10 (1)
Clp0006I 801764  Obj 2.0817891e+10 Primal inf 1.203318e+11 (401542) Dual inf 8.7145329e-10 (1)
Clp0006I 802764  Obj 2.0824707e+10 Primal inf 9.1964969e+10 (378490) Dual inf 8.7145329e-10 (1)
Clp0006I 803764  Obj 2.0830916e+10 Primal inf 6.8776461e+09 (386632) Dual inf 8.7145329e-10 (1)
Clp0006I 804764  Obj 2.0843701e+10 Primal inf 2.4439584e+10 (396985) Dual inf 8.7145329e-10 (1)
Clp0006I 805743  Obj 2.0852044e+10 Primal inf 1.253768e+11 (377478) Dual inf 8.7145329e-10 (1)
Clp0006I 806700  Obj 2.0861859e+10 Primal inf 2.694529e+10 (385309) Dual inf 8.7145329e-10 (1)
Clp0006I 807700  Obj 2.0870034e+10 Primal inf 2.5411221e+10 (397755) Dual inf 8.7145329e-10 (1)
Clp0006I 808700  Obj 2.0878233e+10 Primal inf 1.6579212e+10 (356468) Dual inf 8.7145329e-10 (1)
Clp0006I 809700  Obj 2.0886413e+10 Primal inf 3.9483447e+10 (395598) Dual inf 8.7145329e-10 (1)
Clp0006I 810700  Obj 2.0893109e+10 Primal inf 7.4597813e+10 (354522) Dual inf 8.7145329e-10 (1)
Clp0006I 811700  Obj 2.0899951e+10 Primal inf 3.9801638e+09 (349163) Dual inf 8.7145329e-10 (1)
Clp0006I 812700  Obj 2.0905174e+10 Primal inf 3.8536256e+10 (456072) Dual inf 8.7145329e-10 (1)
Clp0006I 813700  Obj 2.0914416e+10 Primal inf 3.3329145e+10 (431066) Dual inf 8.7145329e-10 (1)
Clp0006I 814700  Obj 2.0921933e+10 Primal inf 7.3315698e+10 (305140) Dual inf 8.7145329e-10 (1)
Clp0006I 815700  Obj 2.0936974e+10 Primal inf 3.1795607e+10 (387424) Dual inf 8.7145329e-10 (1)
Clp0006I 816700  Obj 2.0955454e+10 Primal inf 1.7986575e+12 (395295) Dual inf 8.7145329e-10 (1)
Clp0006I 817700  Obj 2.0965024e+10 Primal inf 8.8563122e+11 (348685) Dual inf 8.7145329e-10 (1)
Clp0006I 818700  Obj 2.0981801e+10 Primal inf 2.1767094e+11 (449112) Dual inf 8.7145329e-10 (1)
Clp0006I 819592  Obj 2.0992605e+10 Primal inf 2.5745297e+11 (366383)
Clp0006I 820318  Obj 2.1013235e+10 Primal inf 6.7209041e+10 (407653)
Clp0006I 820817  Obj 2.1025868e+10 Primal inf 3.5372014e+10 (401992)
Clp0006I 821752  Obj 2.1058473e+10 Primal inf 2.8044478e+13 (385587)
Clp0006I 822390  Obj 2.1084599e+10 Primal inf 8.2829481e+12 (363977)
Clp0006I 823390  Obj 2.1116143e+10 Primal inf 9.126587e+11 (344328)
Clp0006I 824390  Obj 2.1167144e+10 Primal inf 8.5414308e+11 (338754)
Clp0006I 825390  Obj 2.119639e+10 Primal inf 4.9317425e+12 (420763)
Clp0006I 826390  Obj 2.1226691e+10 Primal inf 2.4562192e+12 (441454) Dual inf 1.4823077e-21 (1)
Clp0006I 827390  Obj 2.1244043e+10 Primal inf 2.7025808e+11 (428690)
Clp0006I 827980  Obj 2.1247431e+10 Primal inf 1.0311858e+12 (420836)
Clp0006I 828673  Obj 2.1251767e+10 Primal inf 1.1616539e+11 (372048)
Clp0006I 829673  Obj 2.1257758e+10 Primal inf 1.3846067e+11 (400324)
Clp0006I 830673  Obj 2.1271573e+10 Primal inf 5.6150596e+10 (386159)
Clp0006I 831673  Obj 2.1293014e+10 Primal inf 2.8267212e+12 (425981)
Clp0006I 832673  Obj 2.1297698e+10 Primal inf 2.7679243e+11 (365591)
Clp0006I 833552  Obj 2.1307896e+10 Primal inf 1.1943351e+11 (439800)
Clp0006I 834552  Obj 2.1314673e+10 Primal inf 9.7638511e+09 (388581)
Clp0006I 835552  Obj 2.1321563e+10 Primal inf 7.8211141e+10 (388533)
Clp0006I 836552  Obj 2.1326272e+10 Primal inf 4.0731084e+13 (382920)
Clp0006I 837552  Obj 2.1335139e+10 Primal inf 1.8978725e+11 (333210)
Clp0006I 838284  Obj 2.1340756e+10 Primal inf 6.256377e+09 (357757)
Clp0006I 838965  Obj 2.1344074e+10 Primal inf 2.2929881e+11 (435660)
Clp0006I 839965  Obj 2.1352613e+10 Primal inf 4.138408e+11 (455881)
Clp0006I 840965  Obj 2.1356e+10 Primal inf 1.0546672e+11 (454890)
Clp0006I 841709  Obj 2.1358787e+10 Primal inf 2.2571437e+11 (374563)
Clp0006I 842425  Obj 2.1360932e+10 Primal inf 4.1927667e+11 (433135)
Clp0006I 843262  Obj 2.1366799e+10 Primal inf 2.5612226e+12 (362080)
Clp0006I 843956  Obj 2.1370342e+10 Primal inf 9.4906366e+12 (399429)
Clp0006I 844592  Obj 2.1373023e+10 Primal inf 5.6782335e+10 (335062)
Clp0006I 845592  Obj 2.1377106e+10 Primal inf 1.0235432e+11 (427607)
Clp0006I 846590  Obj 2.1380477e+10 Primal inf 6.8380652e+11 (405241)
Clp0006I 847590  Obj 2.1384553e+10 Primal inf 5.6559932e+11 (406204)
Clp0006I 848590  Obj 2.138924e+10 Primal inf 6.7252938e+10 (350445)
Clp0006I 849590  Obj 2.1392652e+10 Primal inf 1.012185e+10 (364580)
Clp0006I 850590  Obj 2.1395167e+10 Primal inf 1.8136529e+10 (332419)
Clp0006I 851488  Obj 2.1397654e+10 Primal inf 3.1697147e+12 (437998)
Clp0006I 852488  Obj 2.1401999e+10 Primal inf 1.4630328e+10 (329519)
Clp0006I 853239  Obj 2.1404661e+10 Primal inf 1.3572418e+10 (388030)
Clp0006I 854239  Obj 2.1430743e+10 Primal inf 1.3471669e+10 (375793)
Clp0006I 855239  Obj 2.1437876e+10 Primal inf 3.4576807e+10 (392697)
Clp0006I 856239  Obj 2.1440906e+10 Primal inf 1.0327922e+11 (427394)
Clp0006I 857093  Obj 2.1444906e+10 Primal inf 2.8174316e+10 (399147)
Clp0006I 858093  Obj 2.1447688e+10 Primal inf 1.3196012e+11 (438640)
Clp0006I 859093  Obj 2.1450295e+10 Primal inf 3.6623616e+10 (448515)
Clp0006I 860093  Obj 2.1451919e+10 Primal inf 6.0982384e+09 (361505)
Clp0006I 861036  Obj 2.1455749e+10 Primal inf 4.9437813e+11 (479226)
Clp0006I 862036  Obj 2.1459587e+10 Primal inf 1.4565156e+10 (384125)
Clp0006I 863036  Obj 2.1463422e+10 Primal inf 1.0392125e+11 (410419)
Clp0006I 863967  Obj 2.1467645e+10 Primal inf 1.9962223e+11 (458262)
Clp0006I 864967  Obj 2.1471653e+10 Primal inf 1.7621699e+11 (440717)
Clp0006I 865897  Obj 2.1474974e+10 Primal inf 4.7277386e+10 (434460)
Clp0006I 866897  Obj 2.147786e+10 Primal inf 4.7110635e+09 (356062)
Clp0006I 867897  Obj 2.1482721e+10 Primal inf 1.5823235e+10 (418098)
Clp0006I 868897  Obj 2.1488177e+10 Primal inf 1.3609004e+09 (311444)
Clp0006I 869897  Obj 2.1491689e+10 Primal inf 1.8709706e+10 (361984)
Clp0006I 870897  Obj 2.1494218e+10 Primal inf 2.157383e+11 (447160)
Clp0006I 871718  Obj 2.1495885e+10 Primal inf 7.2654e+10 (460792)
Clp0006I 872718  Obj 2.1499205e+10 Primal inf 4.8943336e+09 (337475)
Clp0006I 873718  Obj 2.1502757e+10 Primal inf 7.4464835e+09 (328573)
Clp0006I 874718  Obj 2.1506637e+10 Primal inf 1.2983884e+10 (395843)
Clp0006I 875718  Obj 2.1511236e+10 Primal inf 4.1834615e+10 (397930)
Clp0006I 876718  Obj 2.1513845e+10 Primal inf 1.8627472e+12 (444641)
Clp0006I 877718  Obj 2.1516828e+10 Primal inf 8.6427787e+09 (344912)
Clp0006I 878718  Obj 2.1519723e+10 Primal inf 1.7657502e+10 (387514)
Clp0006I 879718  Obj 2.1523003e+10 Primal inf 8.6797632e+10 (416806)
Clp0006I 880718  Obj 2.1527182e+10 Primal inf 6.9615051e+10 (390296)
Clp0006I 881718  Obj 2.1531554e+10 Primal inf 5.240162e+11 (429079)
Clp0006I 882718  Obj 2.1534231e+10 Primal inf 7.552441e+09 (301738)
Clp0006I 883718  Obj 2.1537119e+10 Primal inf 6.2343062e+09 (381318)
Clp0006I 884718  Obj 2.1539966e+10 Primal inf 1.6251468e+11 (403877)
Clp0006I 885718  Obj 2.1543105e+10 Primal inf 4.2189304e+10 (380673)
Clp0006I 886718  Obj 2.1547333e+10 Primal inf 5.9774692e+10 (407686)
Clp0006I 887718  Obj 2.1550397e+10 Primal inf 3.0822924e+10 (425762)
Clp0006I 888718  Obj 2.1553163e+10 Primal inf 3.6607181e+10 (406974)
Clp0006I 889701  Obj 2.1555043e+10 Primal inf 1.2947915e+09 (302291)
Clp0006I 890701  Obj 2.1557135e+10 Primal inf 3.2266767e+09 (431427)
Clp0006I 891701  Obj 2.155957e+10 Primal inf 5.1724293e+09 (376791)
Clp0006I 892701  Obj 2.1564e+10 Primal inf 3.5355613e+10 (364905)
Clp0006I 893701  Obj 2.1569288e+10 Primal inf 3.2354042e+10 (376229)
Clp0006I 894701  Obj 2.1572764e+10 Primal inf 5.3514957e+09 (315383)
Clp0006I 895588  Obj 2.1579718e+10 Primal inf 3.2374411e+12 (439979)
Clp0006I 896588  Obj 2.1593335e+10 Primal inf 3.8537498e+09 (380120)
Clp0006I 897588  Obj 2.1596874e+10 Primal inf 2.4188388e+11 (394975)
Clp0006I 898588  Obj 2.1599976e+10 Primal inf 3.6978317e+09 (298088)
Clp0006I 899588  Obj 2.1602804e+10 Primal inf 1.2188737e+10 (324985)
Clp0006I 900369  Obj 2.1605192e+10 Primal inf 1.6701801e+10 (357590)
Clp0006I 901369  Obj 2.1609159e+10 Primal inf 2.7696257e+10 (337027)
Clp0006I 902369  Obj 2.1612005e+10 Primal inf 1.225323e+10 (377198)
Clp0006I 903369  Obj 2.1615136e+10 Primal inf 6.3030482e+09 (325090)
Clp0006I 904173  Obj 2.1618478e+10 Primal inf 5.888936e+10 (384229)
Clp0006I 905173  Obj 2.1622487e+10 Primal inf 2.6925443e+10 (385007)
Clp0006I 906114  Obj 2.1625654e+10 Primal inf 5.9253085e+10 (376059)
Clp0006I 907114  Obj 2.162899e+10 Primal inf 7.2788956e+09 (379579)
Clp0006I 908114  Obj 2.1632004e+10 Primal inf 3.1163377e+09 (384420)
Clp0006I 909028  Obj 2.1635354e+10 Primal inf 7.0277121e+10 (413583)
Clp0006I 910028  Obj 2.1638484e+10 Primal inf 3.0940909e+10 (473108)
Clp0006I 911028  Obj 2.1642669e+10 Primal inf 7.7159993e+09 (374339)
Clp0006I 912028  Obj 2.1645026e+10 Primal inf 2.489314e+10 (381631)
Clp0006I 913028  Obj 2.164822e+10 Primal inf 2.3836437e+11 (350007)
Clp0006I 914028  Obj 2.1655838e+10 Primal inf 2.2605695e+10 (394991)
Clp0006I 915028  Obj 2.166028e+10 Primal inf 6.0875556e+10 (361427)
Clp0006I 916028  Obj 2.1663718e+10 Primal inf 1.8428445e+10 (378881)
Clp0006I 917028  Obj 2.1668239e+10 Primal inf 9.3394294e+09 (332585)
Clp0006I 918028  Obj 2.1671009e+10 Primal inf 9.0521261e+09 (402838)
Clp0006I 919028  Obj 2.1674453e+10 Primal inf 1.6161864e+10 (445333)
Clp0006I 920028  Obj 2.1682504e+10 Primal inf 6.0104293e+10 (432115)
Clp0006I 921028  Obj 2.168641e+10 Primal inf 1.9903033e+10 (379330)
Clp0006I 922028  Obj 2.1690058e+10 Primal inf 1.6518987e+10 (350347)
Clp0006I 923028  Obj 2.1694526e+10 Primal inf 2.2204167e+11 (400979)
Clp0006I 924006  Obj 2.1699431e+10 Primal inf 3.3268059e+10 (482990)
Clp0006I 924776  Obj 2.1704301e+10 Primal inf 1.5542953e+10 (413925)
Clp0006I 925776  Obj 2.1713179e+10 Primal inf 1.814176e+09 (366487)
Clp0006I 926776  Obj 2.1716392e+10 Primal inf 3.402264e+10 (379301)
Clp0006I 927776  Obj 2.1721385e+10 Primal inf 1.1388319e+10 (327981)
Clp0006I 928776  Obj 2.1724277e+10 Primal inf 4.3477009e+11 (470213)
Clp0006I 929776  Obj 2.1729459e+10 Primal inf 4.4250189e+08 (248578)
Clp0006I 930776  Obj 2.1732646e+10 Primal inf 1.8542642e+10 (383133)
Clp0006I 931776  Obj 2.1736576e+10 Primal inf 1.3155116e+10 (409750)
Clp0006I 932702  Obj 2.1742087e+10 Primal inf 2.8996371e+09 (405473)
Clp0006I 933702  Obj 2.174397e+10 Primal inf 4.0495736e+09 (354036)
Clp0006I 934702  Obj 2.1747576e+10 Primal inf 5.1013242e+10 (424103)
Clp0006I 935702  Obj 2.1751412e+10 Primal inf 3.3532558e+11 (370192)
Clp0006I 936702  Obj 2.1755533e+10 Primal inf 2.4117543e+10 (357782)
Clp0006I 937608  Obj 2.17578e+10 Primal inf 2.5421136e+10 (458699)
Clp0006I 938608  Obj 2.1762702e+10 Primal inf 4.4918238e+09 (353149)
Clp0006I 939608  Obj 2.1766186e+10 Primal inf 3.2644906e+09 (299414)
Clp0006I 940608  Obj 2.1768198e+10 Primal inf 4.0446092e+09 (347154)
Clp0006I 941608  Obj 2.1770648e+10 Primal inf 2.3833872e+10 (351321)
Clp0006I 942608  Obj 2.1776678e+10 Primal inf 2.1321878e+10 (371754)
Clp0006I 943608  Obj 2.1800819e+10 Primal inf 6.5275273e+10 (404913)
Clp0006I 944608  Obj 2.1808395e+10 Primal inf 1.9745308e+10 (364628)
Clp0006I 945608  Obj 2.1811676e+10 Primal inf 1.3379097e+10 (402282)
Clp0006I 946608  Obj 2.1817843e+10 Primal inf 1.7671443e+09 (356956)
Clp0006I 947608  Obj 2.1827276e+10 Primal inf 4.1508088e+10 (409316)
Clp0006I 948608  Obj 2.183269e+10 Primal inf 9.4711619e+09 (413926)
Clp0006I 949608  Obj 2.1836766e+10 Primal inf 3.2190738e+10 (350187)
Clp0006I 950608  Obj 2.1839876e+10 Primal inf 1.413386e+09 (323245)
Clp0006I 951608  Obj 2.1872219e+10 Primal inf 2.4542611e+09 (365634)
Clp0006I 952608  Obj 2.1875367e+10 Primal inf 7.5642457e+09 (329217)
Clp0006I 953608  Obj 2.1889442e+10 Primal inf 6.2297217e+10 (457944)
Clp0006I 954518  Obj 2.1895223e+10 Primal inf 2.6735922e+11 (339694)
Clp0006I 955518  Obj 2.1899272e+10 Primal inf 7.8562125e+09 (377122)
Clp0006I 956518  Obj 2.1904717e+10 Primal inf 4.2310977e+09 (388208)
Clp0006I 957518  Obj 2.1907601e+10 Primal inf 5.2262589e+10 (454417)
Clp0006I 958517  Obj 2.1915995e+10 Primal inf 1.6711652e+10 (385800)
Clp0006I 959517  Obj 2.1918915e+10 Primal inf 1.3511617e+10 (371330)
Clp0006I 960517  Obj 2.1921656e+10 Primal inf 2.3907864e+11 (462282)
Clp0006I 961517  Obj 2.1934061e+10 Primal inf 1.2641938e+10 (405415)
Clp0006I 962517  Obj 2.1936905e+10 Primal inf 2.7190757e+10 (435646)
Clp0006I 963517  Obj 2.1940695e+10 Primal inf 9.9659856e+08 (280622)
Clp0006I 964517  Obj 2.1944043e+10 Primal inf 5.725237e+09 (372224)
Clp0006I 965385  Obj 2.194823e+10 Primal inf 4.9440818e+09 (337420)
Clp0006I 966335  Obj 2.1951842e+10 Primal inf 1.4554623e+11 (472983)
Clp0006I 967013  Obj 2.1954032e+10 Primal inf 1.5771292e+09 (283984)
Clp0006I 968013  Obj 2.1958647e+10 Primal inf 2.4185853e+09 (280314)
Clp0006I 969013  Obj 2.1966157e+10 Primal inf 3.3649152e+10 (390488)
Clp0006I 970013  Obj 2.1970658e+10 Primal inf 1.049119e+10 (349827)
Clp0006I 971013  Obj 2.1973521e+10 Primal inf 8.4033876e+10 (423354)
Clp0006I 972013  Obj 2.1977452e+10 Primal inf 9.037022e+10 (300405)
Clp0006I 973013  Obj 2.198161e+10 Primal inf 7.6801014e+10 (353227)
Clp0006I 974013  Obj 2.1986798e+10 Primal inf 3.8281662e+10 (310864)
Clp0006I 975013  Obj 2.1996244e+10 Primal inf 3.0678484e+10 (406716)
Clp0006I 976013  Obj 2.2000678e+10 Primal inf 1.1844869e+09 (254683)
Clp0006I 977013  Obj 2.2004852e+10 Primal inf 1.6945185e+10 (383822)
Clp0006I 977756  Obj 2.2010142e+10 Primal inf 9.2461395e+09 (294867)
Clp0006I 978756  Obj 2.2016346e+10 Primal inf 1.6865994e+09 (392938)
Clp0006I 979756  Obj 2.2022251e+10 Primal inf 3.4065493e+08 (226718)
Clp0006I 980756  Obj 2.202921e+10 Primal inf 1.8489813e+09 (338087)
Clp0006I 981756  Obj 2.2033357e+10 Primal inf 7.5164263e+09 (453867)
Clp0006I 982756  Obj 2.2040786e+10 Primal inf 3.8975608e+09 (386737)
Clp0006I 983756  Obj 2.2045281e+10 Primal inf 3.3762559e+09 (339819)
Clp0006I 984756  Obj 2.2049285e+10 Primal inf 8.8212291e+08 (342048)
Clp0006I 985756  Obj 2.2052981e+10 Primal inf 3.4503407e+09 (357980)
Clp0006I 986756  Obj 2.2055588e+10 Primal inf 7.2621773e+09 (362488)
Clp0006I 987756  Obj 2.2058464e+10 Primal inf 5.0184275e+10 (445679)
Clp0006I 988756  Obj 2.2060573e+10 Primal inf 3.7031186e+10 (324705)
Clp0006I 989756  Obj 2.2068155e+10 Primal inf 1.9020668e+10 (399557)
Clp0006I 990756  Obj 2.2069988e+10 Primal inf 5.235195e+09 (406521)
Clp0006I 991756  Obj 2.2072778e+10 Primal inf 9.3871067e+09 (426600)
Clp0006I 992585  Obj 2.2076369e+10 Primal inf 1.1648593e+10 (382070)
Clp0006I 993585  Obj 2.2083615e+10 Primal inf 2.155677e+09 (397639)
Clp0006I 994585  Obj 2.2086578e+10 Primal inf 4.4029955e+08 (289653)
Clp0006I 995585  Obj 2.2092804e+10 Primal inf 5.447609e+08 (374233)
Clp0006I 996585  Obj 2.2136193e+10 Primal inf 2.2044031e+09 (411570)
Clp0006I 997585  Obj 2.2170846e+10 Primal inf 1.7015273e+10 (405041)
Clp0006I 998585  Obj 2.2175596e+10 Primal inf 1.918599e+10 (380521)
Clp0006I 999236  Obj 2.2177726e+10 Primal inf 1.1168452e+10 (389354)
Clp0006I 1000236  Obj 2.2181811e+10 Primal inf 7.5460601e+10 (393260)
Clp0006I 1001236  Obj 2.2186815e+10 Primal inf 1.9204876e+10 (393295)
Clp0006I 1002236  Obj 2.2189636e+10 Primal inf 3.9593172e+09 (356350)
Clp0006I 1003236  Obj 2.2192233e+10 Primal inf 5.3328895e+09 (406661)
Clp0006I 1004236  Obj 2.2195209e+10 Primal inf 1.3658804e+10 (331849)
Clp0006I 1005236  Obj 2.2198007e+10 Primal inf 4.2102027e+10 (412939)
Clp0006I 1006236  Obj 2.2201434e+10 Primal inf 3.7629263e+09 (492072)
Clp0006I 1007236  Obj 2.2204384e+10 Primal inf 1.7456378e+09 (374841)
Clp0006I 1008236  Obj 2.2206517e+10 Primal inf 2.12356e+10 (525033)
Clp0006I 1009236  Obj 2.2208105e+10 Primal inf 2.9946061e+09 (422293)
Clp0006I 1010236  Obj 2.2210781e+10 Primal inf 3.2718326e+09 (435560)
Clp0006I 1011236  Obj 2.2214379e+10 Primal inf 1.659722e+10 (397440)
Clp0006I 1012236  Obj 2.2215956e+10 Primal inf 7.2727687e+09 (440984)
Clp0006I 1013236  Obj 2.2218279e+10 Primal inf 2.4668437e+09 (461728)
Clp0006I 1014236  Obj 2.2223448e+10 Primal inf 2.4174556e+10 (387667)
Clp0006I 1015236  Obj 2.2225979e+10 Primal inf 5.4131272e+09 (364783)
Clp0006I 1016236  Obj 2.2228669e+10 Primal inf 6.884471e+09 (349560)
Clp0006I 1017236  Obj 2.2231908e+10 Primal inf 6.3488557e+09 (308435)
Clp0006I 1018236  Obj 2.2234546e+10 Primal inf 8.4335016e+09 (341900)
Clp0006I 1019236  Obj 2.2240944e+10 Primal inf 1.4345975e+09 (406333)
Clp0006I 1020236  Obj 2.2245475e+10 Primal inf 1.2202759e+09 (296439)
Clp0006I 1021236  Obj 2.2258276e+10 Primal inf 4.8691388e+08 (305937)
Clp0006I 1022236  Obj 2.2263088e+10 Primal inf 1.8482236e+10 (400711)
Clp0006I 1023236  Obj 2.2264739e+10 Primal inf 6.9254439e+09 (340497)
Clp0006I 1024199  Obj 2.2268111e+10 Primal inf 3.5506868e+09 (433819)
Clp0006I 1025199  Obj 2.2270304e+10 Primal inf 1.8691775e+10 (324995)
Clp0006I 1026199  Obj 2.227228e+10 Primal inf 8.5136159e+08 (336811)
Clp0006I 1027199  Obj 2.2273708e+10 Primal inf 9.1269121e+09 (413911)
Clp0006I 1027988  Obj 2.2276343e+10 Primal inf 8.9808185e+11 (417724)
Clp0006I 1028677  Obj 2.2278829e+10 Primal inf 1.1394219e+10 (382366)
Clp0006I 1029677  Obj 2.2281693e+10 Primal inf 4.5289348e+09 (356068)
Clp0006I 1030677  Obj 2.2284009e+10 Primal inf 2.2012562e+09 (428552)
Clp0006I 1031677  Obj 2.2290747e+10 Primal inf 7.6307978e+09 (448530)
Clp0006I 1032677  Obj 2.2292918e+10 Primal inf 3.5284716e+10 (363452)
Clp0006I 1033627  Obj 2.2295057e+10 Primal inf 8.4538748e+09 (366317)
Clp0006I 1034619  Obj 2.2299183e+10 Primal inf 4.7209196e+09 (363583)
Clp0006I 1035255  Obj 2.2300798e+10 Primal inf 1.0469087e+10 (413348)
Clp0006I 1036255  Obj 2.2302944e+10 Primal inf 2.4328654e+09 (370244)
Clp0006I 1037255  Obj 2.2305287e+10 Primal inf 1.3851318e+10 (505736)
Clp0006I 1038255  Obj 2.2308402e+10 Primal inf 3.3627712e+10 (499931)
Clp0006I 1039255  Obj 2.2310413e+10 Primal inf 2.8219331e+11 (419834)
Clp0006I 1040153  Obj 2.2315033e+10 Primal inf 9.1134377e+10 (430746)
Clp0006I 1041153  Obj 2.2317689e+10 Primal inf 1.7510931e+09 (396531)
Clp0006I 1042153  Obj 2.232022e+10 Primal inf 1.0770557e+10 (419265)
Clp0006I 1043153  Obj 2.2322514e+10 Primal inf 5.4522738e+09 (347898)
Clp0006I 1044090  Obj 2.2325737e+10 Primal inf 1.2450738e+11 (412508)
Clp0006I 1045090  Obj 2.232843e+10 Primal inf 3.1335142e+10 (448908)
Clp0006I 1046090  Obj 2.2331874e+10 Primal inf 1.2379614e+10 (361853)
Clp0006I 1047010  Obj 2.233571e+10 Primal inf 1.0912453e+09 (359066)
Clp0006I 1048010  Obj 2.2338544e+10 Primal inf 3.3332247e+09 (373435)
Clp0006I 1049010  Obj 2.234151e+10 Primal inf 3.0134231e+09 (361504)
Clp0006I 1050010  Obj 2.2344477e+10 Primal inf 1.413268e+10 (338907)
Clp0006I 1051010  Obj 2.2348203e+10 Primal inf 1.9442516e+10 (391674)
Clp0006I 1052010  Obj 2.2350926e+10 Primal inf 3.8307749e+09 (344708)
Clp0006I 1053010  Obj 2.2352749e+10 Primal inf 7.7410347e+10 (459592)
Clp0006I 1054010  Obj 2.2356814e+10 Primal inf 4.036419e+09 (402728)
Clp0006I 1055010  Obj 2.2359826e+10 Primal inf 1.175751e+09 (317569)
Clp0006I 1056010  Obj 2.2364028e+10 Primal inf 1.8757629e+09 (301123)
Clp0006I 1057010  Obj 2.2369367e+10 Primal inf 1.0320457e+10 (288179)
Clp0006I 1057961  Obj 2.2374256e+10 Primal inf 7.4850018e+10 (353125)
Clp0006I 1058961  Obj 2.2382197e+10 Primal inf 4.1870796e+09 (291367)
Clp0006I 1059961  Obj 2.2385054e+10 Primal inf 4.872027e+09 (329073)
Clp0006I 1060961  Obj 2.2387435e+10 Primal inf 1.3404446e+10 (379450)
Clp0006I 1061961  Obj 2.239017e+10 Primal inf 1.2089478e+10 (464542)
Clp0006I 1062686  Obj 2.239355e+10 Primal inf 1.2880776e+09 (236459)
Clp0006I 1063686  Obj 2.2399062e+10 Primal inf 3.809041e+09 (396571)
Clp0006I 1064686  Obj 2.240129e+10 Primal inf 1.5658722e+09 (327483)
Clp0006I 1065686  Obj 2.2403198e+10 Primal inf 5.3528828e+09 (463322)
Clp0006I 1066686  Obj 2.2404517e+10 Primal inf 1.22848e+10 (412784)
Clp0006I 1067686  Obj 2.2406798e+10 Primal inf 6.1307266e+09 (371076)
Clp0006I 1068686  Obj 2.2408978e+10 Primal inf 1.1698446e+10 (406266)
Clp0006I 1069686  Obj 2.2410896e+10 Primal inf 4.590294e+09 (447587)
Clp0006I 1070686  Obj 2.2413169e+10 Primal inf 4.4864726e+09 (443998)
Clp0006I 1071686  Obj 2.2415384e+10 Primal inf 1.2111519e+09 (382846)
Clp0006I 1072686  Obj 2.2417308e+10 Primal inf 5.3961917e+09 (348445)
Clp0006I 1073686  Obj 2.2419901e+10 Primal inf 1.8993965e+10 (446972)
Clp0006I 1074686  Obj 2.2422202e+10 Primal inf 4.6174214e+08 (266953)
Clp0006I 1075656  Obj 2.2424563e+10 Primal inf 2.0070185e+10 (521220)
Clp0006I 1076656  Obj 2.2427089e+10 Primal inf 4.7059011e+09 (385777)
Clp0006I 1077656  Obj 2.2428707e+10 Primal inf 6.0147832e+09 (363634)
Clp0006I 1078656  Obj 2.2431013e+10 Primal inf 1.4715271e+11 (442618)
Clp0006I 1079656  Obj 2.2434658e+10 Primal inf 1.1012355e+09 (334342)
Clp0006I 1080656  Obj 2.2436541e+10 Primal inf 3.7290788e+09 (453421)
Clp0006I 1081656  Obj 2.2438467e+10 Primal inf 1.5444936e+10 (441881)
Clp0006I 1082656  Obj 2.244143e+10 Primal inf 1.3682157e+10 (494337)
Clp0006I 1083656  Obj 2.2444665e+10 Primal inf 2.188889e+10 (507232)
Clp0006I 1084656  Obj 2.2447426e+10 Primal inf 4.5163216e+10 (411902)
Clp0006I 1085512  Obj 2.2449043e+10 Primal inf 1.4273076e+10 (404939)
Clp0006I 1086512  Obj 2.2451034e+10 Primal inf 1.0311243e+09 (337454)
Clp0006I 1087512  Obj 2.2453366e+10 Primal inf 1.0428517e+10 (311903)
Clp0006I 1088512  Obj 2.2455158e+10 Primal inf 3.3807337e+09 (382624)
Clp0006I 1089512  Obj 2.2456321e+10 Primal inf 2.4235704e+10 (513123)
Clp0006I 1090512  Obj 2.2458399e+10 Primal inf 1.0183066e+09 (355387)
Clp0006I 1091500  Obj 2.2460883e+10 Primal inf 4.0756022e+09 (369001)
Clp0006I 1092500  Obj 2.2466065e+10 Primal inf 2.9468338e+09 (371520)
Clp0006I 1093500  Obj 2.2469973e+10 Primal inf 6.110362e+08 (253505)
Clp0006I 1094500  Obj 2.247964e+10 Primal inf 2.2101108e+10 (494430)
Clp0006I 1095500  Obj 2.2483114e+10 Primal inf 4.1961968e+08 (303803)
Clp0006I 1096500  Obj 2.2485097e+10 Primal inf 3.0281609e+09 (323654)
Clp0006I 1097500  Obj 2.2487314e+10 Primal inf 1.8444897e+11 (501105)
Clp0006I 1098500  Obj 2.2491211e+10 Primal inf 1.3981996e+09 (289441)
Clp0006I 1099500  Obj 2.2497966e+10 Primal inf 4.9198245e+09 (522408)
Clp0006I 1100500  Obj 2.2502021e+10 Primal inf 2.7729682e+10 (461458)
Clp0006I 1101500  Obj 2.250622e+10 Primal inf 3.2407564e+08 (298080)
Clp0006I 1102500  Obj 2.2511564e+10 Primal inf 7.5469867e+09 (338357)
Clp0006I 1103500  Obj 2.2513576e+10 Primal inf 2.3086345e+11 (376824)
Clp0006I 1104500  Obj 2.2516384e+10 Primal inf 6.8374736e+10 (300216)
Clp0006I 1105026  Obj 2.2517842e+10 Primal inf 1.7005944e+10 (348608)
Clp0006I 1106026  Obj 2.2520251e+10 Primal inf 6.5092833e+08 (222325)
Clp0006I 1106990  Obj 2.2521967e+10 Primal inf 1.0618187e+10 (389537)
Clp0006I 1107990  Obj 2.2523585e+10 Primal inf 3.8377166e+09 (438188)
Clp0006I 1108990  Obj 2.2525219e+10 Primal inf 9.6139811e+09 (312659)
Clp0006I 1109880  Obj 2.2527337e+10 Primal inf 1.9627755e+10 (365254)
Clp0006I 1110880  Obj 2.2529107e+10 Primal inf 6.9456438e+09 (323926)
Clp0006I 1111880  Obj 2.2531625e+10 Primal inf 1.0847559e+11 (414434)
Clp0006I 1112880  Obj 2.2533563e+10 Primal inf 4.441075e+10 (281052)
Clp0006I 1113880  Obj 2.2535409e+10 Primal inf 3.5285285e+09 (280350)
Clp0006I 1114880  Obj 2.2536448e+10 Primal inf 2.177712e+09 (342759)
Clp0006I 1115880  Obj 2.2537205e+10 Primal inf 4.3151147e+08 (292974)
Clp0006I 1116880  Obj 2.2539227e+10 Primal inf 1.0515733e+09 (291780)
Clp0006I 1117880  Obj 2.2540436e+10 Primal inf 2.3313715e+08 (215483)
Clp0006I 1118880  Obj 2.254213e+10 Primal inf 2.6234494e+09 (333205)
Clp0006I 1119880  Obj 2.2544805e+10 Primal inf 1.4900147e+10 (291674)
Clp0006I 1120880  Obj 2.2546674e+10 Primal inf 3.3785685e+09 (363818)
Clp0006I 1121880  Obj 2.2548328e+10 Primal inf 1.345695e+09 (275358)
Clp0006I 1122880  Obj 2.2549614e+10 Primal inf 4.6212127e+10 (482370)
Clp0006I 1123880  Obj 2.2560045e+10 Primal inf 2.377058e+08 (246597)
Clp0006I 1124880  Obj 2.2567883e+10 Primal inf 1.7607964e+10 (407331)
Clp0006I 1125880  Obj 2.2572436e+10 Primal inf 7.8717079e+08 (251093)
Clp0006I 1126880  Obj 2.258526e+10 Primal inf 7.7531071e+08 (330019)
Clp0006I 1127880  Obj 2.2589364e+10 Primal inf 2.7507483e+08 (230438)
Clp0006I 1128880  Obj 2.2590417e+10 Primal inf 2.7210777e+09 (270376)
Clp0006I 1129880  Obj 2.2592836e+10 Primal inf 1.9978634e+09 (302458)
Clp0006I 1130880  Obj 2.2595872e+10 Primal inf 2.7981368e+09 (355478)
Clp0006I 1131880  Obj 2.2599034e+10 Primal inf 8.4870169e+09 (385748)
Clp0006I 1132880  Obj 2.2601022e+10 Primal inf 1.7779022e+09 (323636)
Clp0006I 1133880  Obj 2.2603335e+10 Primal inf 2.2711833e+09 (335611)
Clp0006I 1134880  Obj 2.2608522e+10 Primal inf 1.150259e+09 (255218)
Clp0006I 1135880  Obj 2.2611061e+10 Primal inf 7.1236729e+08 (328059)
Clp0006I 1136880  Obj 2.2616437e+10 Primal inf 3.6860224e+10 (447620)
Clp0006I 1137880  Obj 2.2622826e+10 Primal inf 1.334114e+09 (261285)
Clp0006I 1138880  Obj 2.2624978e+10 Primal inf 2.5853013e+09 (283309)
Clp0006I 1139718  Obj 2.2626489e+10 Primal inf 4.50088e+09 (257040)
Clp0006I 1140718  Obj 2.262794e+10 Primal inf 2.6912496e+09 (263402)
Clp0006I 1141718  Obj 2.2630396e+10 Primal inf 1.7491723e+10 (366802)
Clp0006I 1142671  Obj 2.2632603e+10 Primal inf 4.9497442e+11 (318630)
Clp0006I 1143528  Obj 2.2634369e+10 Primal inf 5.7696407e+08 (200545)
Clp0006I 1144528  Obj 2.2635811e+10 Primal inf 1.7421247e+09 (304171)
Clp0006I 1145528  Obj 2.2636967e+10 Primal inf 8.1937641e+09 (355837)
Clp0006I 1146528  Obj 2.2649462e+10 Primal inf 6.4661543e+09 (357324)
Clp0006I 1147528  Obj 2.2660366e+10 Primal inf 6.7814519e+09 (342799)
Clp0006I 1148528  Obj 2.2666037e+10 Primal inf 1.0344534e+10 (336619)
Clp0006I 1149441  Obj 2.2668026e+10 Primal inf 2.9896782e+09 (358491)
Clp0006I 1150431  Obj 2.2672216e+10 Primal inf 3.5077628e+09 (328218)
Clp0006I 1151431  Obj 2.267721e+10 Primal inf 8.9519259e+08 (326765)
Clp0006I 1152431  Obj 2.2683595e+10 Primal inf 8.11232e+08 (312611)
Clp0006I 1153318  Obj 2.2691724e+10 Primal inf 4.8144683e+09 (334125)
Clp0006I 1154246  Obj 2.2695449e+10 Primal inf 2.7915748e+09 (276052)
Clp0006I 1155246  Obj 2.2699323e+10 Primal inf 4.681018e+08 (270870)
Clp0006I 1156246  Obj 2.2702321e+10 Primal inf 2.5152484e+09 (253332)
Clp0006I 1157246  Obj 2.2709598e+10 Primal inf 1.1887311e+09 (321352)
Clp0006I 1158246  Obj 2.2716208e+10 Primal inf 5.9554276e+08 (253956)
Clp0006I 1159050  Obj 2.2720248e+10 Primal inf 1.0035583e+09 (276730)
Clp0006I 1160050  Obj 2.2729812e+10 Primal inf 4.5802866e+08 (228726)
Clp0006I 1161050  Obj 2.2742387e+10 Primal inf 1.6932382e+08 (240738)
Clp0006I 1162050  Obj 2.2749549e+10 Primal inf 2.0321949e+09 (314145)
Clp0006I 1163050  Obj 2.2751843e+10 Primal inf 9.4457729e+08 (278307)
Clp0006I 1164050  Obj 2.2755032e+10 Primal inf 1.0007064e+09 (294150)
Clp0006I 1165050  Obj 2.2756003e+10 Primal inf 97043109 (130970)
Clp0006I 1166050  Obj 2.276157e+10 Primal inf 88515075 (130767)
Clp0006I 1167050  Obj 2.2764272e+10 Primal inf 8.7995665e+08 (248112)
Clp0006I 1168050  Obj 2.2769431e+10 Primal inf 4.7157902e+08 (281332)
Clp0006I 1169050  Obj 2.2774069e+10 Primal inf 3.2262329e+08 (264369)
Clp0006I 1170050  Obj 2.2777879e+10 Primal inf 98502392 (178182)
Clp0006I 1171050  Obj 2.2779645e+10 Primal inf 2.1587479e+08 (166376)
Clp0006I 1172050  Obj 2.2781463e+10 Primal inf 1.9261377e+08 (131847)
Clp0006I 1173050  Obj 2.2782488e+10 Primal inf 20312825 (120659)
Clp0006I 1174050  Obj 2.2783611e+10 Primal inf 5.0692257e+09 (347084)
Clp0006I 1175050  Obj 2.2784407e+10 Primal inf 8.7944987e+08 (260727)
Clp0006I 1176050  Obj 2.2786312e+10 Primal inf 1.7992626e+09 (255984)
Clp0006I 1177050  Obj 2.2787708e+10 Primal inf 2.7909278e+09 (379187)
Clp0006I 1178050  Obj 2.2789266e+10 Primal inf 1.1581402e+10 (376876)
Clp0006I 1178703  Obj 2.2790226e+10 Primal inf 7.0450979e+08 (226144)
Clp0006I 1179405  Obj 2.2791349e+10 Primal inf 3.9275345e+09 (297275)
Clp0006I 1180405  Obj 2.2793326e+10 Primal inf 4.1635097e+09 (346262)
Clp0006I 1181405  Obj 2.2794169e+10 Primal inf 2.0982484e+08 (226936)
Clp0006I 1182405  Obj 2.2796378e+10 Primal inf 92817910 (245307)
Clp0006I 1183216  Obj 2.2797792e+10 Primal inf 4.0224526e+09 (358057)
Clp0006I 1184059  Obj 2.2800714e+10 Primal inf 1.4636217e+09 (221864)
Clp0006I 1184690  Obj 2.2801692e+10 Primal inf 1.1002144e+09 (264970)
Clp0006I 1185690  Obj 2.2804304e+10 Primal inf 1.5919447e+09 (321419)
Clp0006I 1186271  Obj 2.2805539e+10 Primal inf 5.2689093e+09 (445340)
Clp0006I 1187149  Obj 2.2807066e+10 Primal inf 3.2887626e+09 (336878)
Clp0006I 1187667  Obj 2.2809037e+10 Primal inf 3.0730393e+09 (366160)
Clp0006I 1188667  Obj 2.2811042e+10 Primal inf 6.624307e+09 (278763)
Clp0006I 1189596  Obj 2.2812961e+10 Primal inf 1.5728674e+09 (234268)
Clp0006I 1190343  Obj 2.2815287e+10 Primal inf 4.079076e+08 (258140)
Clp0006I 1191309  Obj 2.2816468e+10 Primal inf 1.9609918e+09 (242495)
Clp0006I 1191955  Obj 2.2816825e+10 Primal inf 1.2601918e+08 (254100)
Clp0006I 1192955  Obj 2.2818707e+10 Primal inf 7.5885482e+08 (293436)
Clp0006I 1193955  Obj 2.2820782e+10 Primal inf 3.8268127e+08 (265141)
Clp0006I 1194694  Obj 2.2822015e+10 Primal inf 8.8267976e+08 (295537)
Clp0006I 1195421  Obj 2.2824044e+10 Primal inf 4.2899423e+08 (353412)
Clp0006I 1196168  Obj 2.2826038e+10 Primal inf 3.7479833e+08 (228600)
Clp0006I 1196745  Obj 2.2827361e+10 Primal inf 4.1467393e+08 (263721)
Clp0006I 1197389  Obj 2.2832949e+10 Primal inf 2.6206673e+10 (331894)
Clp0006I 1198389  Obj 2.2835641e+10 Primal inf 5.4877733e+10 (406691)
Clp0006I 1199389  Obj 2.2842986e+10 Primal inf 8.1441987e+08 (320058)
Clp0006I 1200389  Obj 2.2848688e+10 Primal inf 5.8202757e+08 (241466)
Clp0006I 1201389  Obj 2.2854545e+10 Primal inf 2.4247064e+08 (207602)
Clp0006I 1202389  Obj 2.2858645e+10 Primal inf 4.0583944e+08 (235337)
Clp0006I 1203389  Obj 2.2864946e+10 Primal inf 1.1841429e+10 (315672)
Clp0006I 1203978  Obj 2.2868163e+10 Primal inf 5.6559014e+08 (239046)
Clp0006I 1204599  Obj 2.2871315e+10 Primal inf 5.5833593e+09 (238557)
Clp0006I 1205599  Obj 2.2878959e+10 Primal inf 84265182 (143744)
Clp0006I 1206599  Obj 2.2884652e+10 Primal inf 2.1457656e+09 (238267)
Clp0006I 1207599  Obj 2.2886862e+10 Primal inf 3.1581282e+09 (271783)
Clp0006I 1208599  Obj 2.2888448e+10 Primal inf 20433960 (116333)
Clp0006I 1209599  Obj 2.2888941e+10 Primal inf 40495711 (198528)
Clp0006I 1210599  Obj 2.2889855e+10 Primal inf 11699963 (157836)
Clp0006I 1211599  Obj 2.2890166e+10 Primal inf 1.0048034e+08 (192843)
Clp0006I 1212599  Obj 2.2890447e+10 Primal inf 9.4796816e+08 (226190)
Clp0006I 1213599  Obj 2.2890563e+10 Primal inf 4.0043727e+09 (366133)
Clp0006I 1214528  Obj 2.2890756e+10 Primal inf 6.7117168e+09 (239109)
Clp0006I 1215343  Obj 2.2890949e+10 Primal inf 3.7729969e+08 (157600)
Clp0006I 1216343  Obj 2.2891182e+10 Primal inf 1.860 Activating environment at `~/Documents/princeton/1st_year/MAE529/MAE529_code/project/code/Project.toml`
This Model run is characterised by...
Electrolyser capex cost of: 1700.0
H2 efficiency of: 0.5
Carbon Tax: 100.0
Number of weeks included: 52_weeks
-----------------------------------------------
1 loading data preparation function
-----------------------------------------------
-----------------------------------------------
2 loading model solving function
-----------------------------------------------
adding in carbon tax elements
assigned variables
assigned constraint 1
assigned constraint 2
assigned constraint 3
check
assigned constraints
Model run complete
4056e+08 (203971)
Clp0006I 1217343  Obj 2.2891375e+10 Primal inf 56858731 (109528)
Clp0006I 1218343  Obj 2.2891486e+10 Primal inf 2.7872091e+08 (224526)
Clp0006I 1219343  Obj 2.2891588e+10 Primal inf 4853855.8 (56078)
Clp0006I 1220343  Obj 2.2891724e+10 Primal inf 84810837 (186523)
Clp0006I 1221343  Obj 2.2891969e+10 Primal inf 41274312 (122485)
Clp0006I 1222343  Obj 2.2892051e+10 Primal inf 71487690 (78688)
Clp0006I 1223343  Obj 2.2892184e+10 Primal inf 14253648 (135801)
Clp0006I 1224343  Obj 2.2892326e+10 Primal inf 88474114 (131495)
Clp0006I 1225343  Obj 2.2892483e+10 Primal inf 2170375 (75522)
Clp0006I 1226343  Obj 2.2892719e+10 Primal inf 22855638 (87416)
Clp0006I 1227343  Obj 2.2892938e+10 Primal inf 23157603 (120096)
Clp0006I 1228328  Obj 2.2893181e+10 Primal inf 97206277 (147949)
Clp0006I 1229328  Obj 2.2893312e+10 Primal inf 2964880.6 (106314)
Clp0006I 1230328  Obj 2.2893563e+10 Primal inf 464359.73 (63242)
Clp0006I 1231328  Obj 2.289367e+10 Primal inf 1.2702815e+08 (60563)
Clp0006I 1232328  Obj 2.2893813e+10 Primal inf 2805897.4 (68428)
Clp0006I 1233328  Obj 2.2893872e+10 Primal inf 201086.54 (28947)
Clp0006I 1234328  Obj 2.289399e+10 Primal inf 4499345.9 (140715)
Clp0006I 1235319  Obj 2.2894064e+10 Primal inf 2.0251188e+08 (76213)
Clp0006I 1236319  Obj 2.2894127e+10 Primal inf 53384.2 (31264)
Clp0006I 1237319  Obj 2.2894184e+10 Primal inf 67762.481 (25332)
Clp0006I 1238319  Obj 2.28942e+10 Primal inf 19541.233 (24308)
Clp0006I 1239319  Obj 2.2894207e+10 Primal inf 8683.1726 (21443)
Clp0006I 1240319  Obj 2.2894224e+10 Primal inf 7313.9539 (20359)
Clp0006I 1241319  Obj 2.2894227e+10 Primal inf 6953.8675 (18867)
Clp0006I 1242319  Obj 2.2894234e+10 Primal inf 3150.1107 (20620)
Clp0006I 1243319  Obj 2.2894242e+10 Primal inf 2172.0071 (20265)
Clp0006I 1244319  Obj 2.2894249e+10 Primal inf 1959.0086 (19282)
Clp0006I 1245319  Obj 2.2894255e+10 Primal inf 1832.1251 (18268)
Clp0006I 1246319  Obj 2.2894261e+10 Primal inf 1713.5881 (17283)
Clp0006I 1247319  Obj 2.2894267e+10 Primal inf 1075.679 (15178)
Clp0006I 1248319  Obj 2.2894272e+10 Primal inf 971.32241 (14310)
Clp0006I 1249319  Obj 2.2894278e+10 Primal inf 870.00617 (13230)
Clp0006I 1250319  Obj 2.2894283e+10 Primal inf 771.08709 (12230)
Clp0006I 1251319  Obj 2.2894288e+10 Primal inf 685.65595 (9060)
Clp0006I 1252319  Obj 2.2894294e+10 Primal inf 595.47184 (8059)
Clp0006I 1253319  Obj 2.2894301e+10 Primal inf 508.99033 (7069)
Clp0006I 1254319  Obj 2.2894306e+10 Primal inf 423.37432 (6067)
Clp0006I 1255319  Obj 2.2894312e+10 Primal inf 342.06665 (5067)
Clp0006I 1256319  Obj 2.2894318e+10 Primal inf 273.67432 (4067)
Clp0006I 1257319  Obj 2.2894324e+10 Primal inf 214.37147 (3067)
Clp0006I 1258319  Obj 2.289433e+10 Primal inf 159.21944 (2066)
Clp0006I 1259319  Obj 2.2894336e+10 Primal inf 106.33558 (1066)
Clp0006I 1260319  Obj 2.2894341e+10 Primal inf 12.283147 (63)
Clp0006I 1260382  Obj 2.2894341e+10
Clp0000I Optimal - objective value 2.2894341e+10
Coin0511I After Postsolve, objective 2.2894341e+10, infeasibilities - dual 0 (0), primal 0 (0)
Clp0032I Optimal objective 2.289434087e+10 - 1260382 iterations time 29196.222, Presolve 4.08
