Coin0506I Presolve 1521577 (-195446) rows, 591998 (-65130) columns and 4511329 (-460732) elements
Clp0006I 0  Obj 0 Primal inf 8.7736635e+08 (43800)
Clp0006I 1000  Obj 4.7917429e-12 Primal inf 8.6776638e+08 (44708)
Clp0006I 2000  Obj 9.9133726e-12 Primal inf 8.6044937e+08 (45580)
Clp0006I 3000  Obj 1.5969055e-11 Primal inf 8.579383e+08 (46596)
Clp0006I 4000  Obj 8374713.4 Primal inf 8.4872532e+08 (47608)
Clp0006I 5000  Obj 15751422 Primal inf 8.4108892e+08 (48566)
Clp0006I 6000  Obj 25825329 Primal inf 8.3811351e+08 (49515)
Clp0006I 7000  Obj 36809485 Primal inf 8.2977169e+08 (50596)
Clp0006I 8000  Obj 47635262 Primal inf 8.2367431e+08 (51627)
Clp0006I 9000  Obj 62023603 Primal inf 8.2132513e+08 (52768)
Clp0006I 10000  Obj 79421180 Primal inf 8.1970794e+08 (53872)
Clp0006I 11000  Obj 98155492 Primal inf 8.1552422e+08 (54921)
Clp0006I 12000  Obj 1.1340454e+08 Primal inf 8.1625035e+08 (56072)
Clp0006I 13000  Obj 1.3090391e+08 Primal inf 8.1533114e+08 (57229)
Clp0006I 14000  Obj 1.5798825e+08 Primal inf 8.0960313e+08 (58525)
Clp0006I 15000  Obj 1.7900885e+08 Primal inf 8.0769659e+08 (59716)
Clp0006I 16000  Obj 1.9219481e+08 Primal inf 7.283299e+08 (60952)
Clp0006I 17000  Obj 2.1566295e+08 Primal inf 7.2801796e+08 (62131)
Clp0006I 18000  Obj 2.3543815e+08 Primal inf 7.2915856e+08 (63335)
Clp0006I 19000  Obj 2.5606945e+08 Primal inf 7.2485503e+08 (64495)
Clp0006I 20000  Obj 2.8078843e+08 Primal inf 7.2574099e+08 (65720)
Clp0006I 21000  Obj 3.0778319e+08 Primal inf 7.2551824e+08 (66959)
Clp0006I 22000  Obj 3.3258321e+08 Primal inf 7.2779237e+08 (68257)
Clp0006I 23000  Obj 3.6203617e+08 Primal inf 7.2597819e+08 (69504)
Clp0006I 24000  Obj 3.8152465e+08 Primal inf 7.2877202e+08 (70803)
Clp0006I 25000  Obj 4.1258668e+08 Primal inf 7.2934323e+08 (72092)
Clp0006I 26000  Obj 4.3541765e+08 Primal inf 7.3290833e+08 (73359)
Clp0006I 27000  Obj 4.5911035e+08 Primal inf 7.3469774e+08 (74554)
Clp0006I 28000  Obj 4.8636517e+08 Primal inf 7.3712878e+08 (75824)
Clp0006I 29000  Obj 5.1179666e+08 Primal inf 7.3634924e+08 (76941)
Clp0006I 30000  Obj 5.4135697e+08 Primal inf 7.391802e+08 (78122)
Clp0006I 31000  Obj 5.721216e+08 Primal inf 7.3991443e+08 (79287)
Clp0006I 32000  Obj 5.9758688e+08 Primal inf 7.3582755e+08 (80377)
Clp0006I 33000  Obj 6.1990824e+08 Primal inf 7.3196987e+08 (81467)
Clp0006I 34000  Obj 6.4739375e+08 Primal inf 7.3621188e+08 (82617)
Clp0006I 35000  Obj 6.7751467e+08 Primal inf 7.4277885e+08 (83822)
Clp0006I 36000  Obj 7.0646121e+08 Primal inf 7.3804983e+08 (84918)
Clp0006I 37000  Obj 7.5007942e+08 Primal inf 7.391693e+08 (86176)
Clp0006I 38000  Obj 7.8743944e+08 Primal inf 7.4089885e+08 (87363)
Clp0006I 39000  Obj 8.294962e+08 Primal inf 7.384581e+08 (88498)
Clp0006I 40000  Obj 8.644062e+08 Primal inf 7.4022178e+08 (89690)
Clp0006I 41000  Obj 8.9510398e+08 Primal inf 7.4156736e+08 (90891)
Clp0006I 42000  Obj 9.3916449e+08 Primal inf 7.4479343e+08 (92137)
Clp0006I 43000  Obj 9.8120758e+08 Primal inf 7.4863477e+08 (93195)
Clp0006I 44000  Obj 1.0176222e+09 Primal inf 7.4697482e+08 (94348)
Clp0006I 45000  Obj 1.0565941e+09 Primal inf 7.5084753e+08 (95509)
Clp0006I 46000  Obj 1.0979777e+09 Primal inf 7.5416764e+08 (96669)
Clp0006I 47000  Obj 1.1507918e+09 Primal inf 7.5050314e+08 (97654)
Clp0006I 48000  Obj 1.194093e+09 Primal inf 7.5206182e+08 (98766)
Clp0006I 49000  Obj 1.2438563e+09 Primal inf 7.518678e+08 (99811)
Clp0006I 50000  Obj 1.2911081e+09 Primal inf 7.5319855e+08 (100986)
Clp0006I 51000  Obj 1.3370909e+09 Primal inf 7.5667405e+08 (102147)
Clp0006I 52000  Obj 1.3985144e+09 Primal inf 7.5682294e+08 (103261)
Clp0006I 53000  Obj 1.4563916e+09 Primal inf 7.5672747e+08 (104473)
Clp0006I 54000  Obj 1.5013554e+09 Primal inf 7.6169104e+08 (105711)
Clp0006I 55000  Obj 1.5212514e+09 Primal inf 7.4261449e+08 (108868)
Clp0006I 56000  Obj 1.5290215e+09 Primal inf 7.3796393e+08 (109993)
Clp0006I 57000  Obj 1.5548199e+09 Primal inf 7.7771706e+08 (109354)
Clp0006I 58000  Obj 1.5835749e+09 Primal inf 1.0099353e+09 (111369)
Clp0006I 59000  Obj 1.6157137e+09 Primal inf 7.8958074e+08 (111923)
Clp0006I 60000  Obj 1.6381728e+09 Primal inf 7.5098319e+08 (113937)
Clp0006I 61000  Obj 1.662697e+09 Primal inf 7.4680209e+08 (114949)
Clp0006I 62000  Obj 1.7720513e+09 Primal inf 9.7936307e+08 (115626)
Clp0006I 63000  Obj 1.9451557e+09 Primal inf 7.7790619e+08 (117479)
Clp0006I 64000  Obj 1.9622581e+09 Primal inf 7.7326766e+08 (118460)
Clp0006I 65000  Obj 1.995311e+09 Primal inf 7.9494132e+08 (119192)
Clp0006I 66000  Obj 2.0145053e+09 Primal inf 7.4228956e+08 (121049)
Clp0006I 67000  Obj 2.0467535e+09 Primal inf 7.3952131e+08 (121897)
Clp0006I 68000  Obj 2.0628431e+09 Primal inf 7.4021878e+08 (122847)
Clp0006I 69000  Obj 2.0941139e+09 Primal inf 8.1193991e+08 (122818)
Clp0006I 70000  Obj 2.1306592e+09 Primal inf 7.475581e+08 (125622)
Clp0006I 71000  Obj 2.1420476e+09 Primal inf 7.4895748e+08 (126526)
Clp0006I 72000  Obj 2.1801367e+09 Primal inf 7.2977085e+08 (127165)
Clp0006I 73000  Obj 2.1949668e+09 Primal inf 7.3014768e+08 (128035)
Clp0006I 74000  Obj 2.2426161e+09 Primal inf 7.4655653e+08 (127686)
Clp0006I 75000  Obj 2.2531428e+09 Primal inf 7.4134143e+08 (128593)
Clp0006I 76000  Obj 2.2828408e+09 Primal inf 7.1246483e+08 (129538)
Clp0006I 77000  Obj 2.2888512e+09 Primal inf 7.1267944e+08 (130363)
Clp0006I 78000  Obj 2.2923039e+09 Primal inf 7.1217282e+08 (131251)
Clp0006I 79000  Obj 2.2951897e+09 Primal inf 7.1318012e+08 (132139)
Clp0006I 80000  Obj 2.3266736e+09 Primal inf 1.1429581e+09 (143053)
Clp0006I 81000  Obj 2.3311849e+09 Primal inf 1.1413782e+09 (143815)
Clp0006I 82000  Obj 2.3756848e+09 Primal inf 7.4222404e+08 (136351)
Clp0006I 83000  Obj 2.3827764e+09 Primal inf 7.459479e+08 (137159)
Clp0006I 84000  Obj 2.3884379e+09 Primal inf 7.4669388e+08 (138093)
Clp0006I 85000  Obj 2.3910882e+09 Primal inf 7.5452869e+08 (139084)
Clp0006I 86000  Obj 2.3933138e+09 Primal inf 7.5412947e+08 (139920)
Clp0006I 87000  Obj 2.4628145e+09 Primal inf 7.3687564e+08 (140061)
Clp0006I 88000  Obj 2.5229668e+09 Primal inf 7.1030976e+08 (139231)
Clp0006I 89000  Obj 2.5870571e+09 Primal inf 7.7364117e+08 (142186)
Clp0006I 90000  Obj 2.6412582e+09 Primal inf 7.2401258e+08 (140076)
Clp0006I 91000  Obj 2.6989433e+09 Primal inf 7.3312879e+08 (142712)
Clp0006I 92000  Obj 2.7842857e+09 Primal inf 1.5302733e+09 (178823)
Clp0006I 93000  Obj 2.8634051e+09 Primal inf 1.6580485e+09 (180000)
Clp0006I 94000  Obj 2.9174853e+09 Primal inf 1.5191526e+09 (180420)
Clp0006I 95000  Obj 2.9797301e+09 Primal inf 8.3765932e+08 (152501)
Clp0006I 96000  Obj 3.0557111e+09 Primal inf 8.9774341e+08 (155641)
Clp0006I 97000  Obj 3.1305564e+09 Primal inf 9.3951521e+08 (156669)
Clp0006I 98000  Obj 3.1992427e+09 Primal inf 7.7463821e+08 (155905)
Clp0006I 99000  Obj 3.2181673e+09 Primal inf 7.7442091e+08 (156323)
Clp0006I 100000  Obj 3.2278697e+09 Primal inf 7.7635257e+08 (157091)
Clp0006I 101000  Obj 3.2898187e+09 Primal inf 1.8784402e+09 (163165)
Clp0006I 102000  Obj 3.3206806e+09 Primal inf 7.7752027e+08 (156488)
Clp0006I 103000  Obj 3.357743e+09 Primal inf 8.9789304e+08 (151887)
Clp0006I 104000  Obj 3.4107133e+09 Primal inf 7.1244495e+08 (148730)
Clp0006I 105000  Obj 3.4852835e+09 Primal inf 7.2762961e+08 (149116)
Clp0006I 106000  Obj 3.5350743e+09 Primal inf 3.3198384e+09 (180250)
Clp0006I 107000  Obj 3.5939551e+09 Primal inf 7.6887261e+08 (149133)
Clp0006I 108000  Obj 3.7102716e+09 Primal inf 9.3721093e+08 (154374)
Clp0006I 109000  Obj 3.8024895e+09 Primal inf 7.9475939e+08 (152799)
Clp0006I 110000  Obj 3.8811173e+09 Primal inf 1.2436928e+09 (158852)
Clp0006I 111000  Obj 3.962723e+09 Primal inf 9.2114047e+08 (155401)
Clp0006I 112000  Obj 4.0323742e+09 Primal inf 1.184159e+09 (164904)
Clp0006I 113000  Obj 4.1049642e+09 Primal inf 7.8844977e+08 (159257)
Clp0006I 114000  Obj 4.1479498e+09 Primal inf 8.050209e+08 (160512)
Clp0006I 115000  Obj 4.1780917e+09 Primal inf 3.5692211e+09 (167027)
Clp0006I 116000  Obj 4.2087287e+09 Primal inf 1.0527471e+09 (163691)
Clp0006I 117000  Obj 4.2613058e+09 Primal inf 8.1188685e+08 (162284)
Clp0006I 118000  Obj 4.339213e+09 Primal inf 8.4758231e+08 (162310)
Clp0006I 119000  Obj 4.4127441e+09 Primal inf 1.8210534e+09 (173733)
Clp0006I 120000  Obj 4.4757155e+09 Primal inf 8.3551832e+08 (164027)
Clp0006I 121000  Obj 4.5602322e+09 Primal inf 1.4686309e+09 (201325)
Clp0006I 122000  Obj 4.5792961e+09 Primal inf 9.0080881e+09 (206604)
Clp0006I 123000  Obj 4.6201081e+09 Primal inf 2.7706334e+09 (204272)
Clp0006I 124000  Obj 4.6356122e+09 Primal inf 1.151307e+09 (189766)
Clp0006I 125000  Obj 4.6461691e+09 Primal inf 1.2271111e+09 (202101)
Clp0006I 126000  Obj 4.6693853e+09 Primal inf 8.1046301e+08 (165116)
Clp0006I 127000  Obj 4.7052046e+09 Primal inf 4.5855083e+09 (229884)
Clp0006I 128000  Obj 4.7168795e+09 Primal inf 9.7102294e+08 (179273)
Clp0006I 129000  Obj 4.7477458e+09 Primal inf 2.9430499e+09 (205480)
Clp0006I 130000  Obj 4.7657378e+09 Primal inf 1.0481708e+09 (170794)
Clp0006I 131000  Obj 4.7956311e+09 Primal inf 2.4746019e+09 (179173)
Clp0006I 132000  Obj 4.8176781e+09 Primal inf 1.6369622e+09 (183583)
Clp0006I 133000  Obj 4.8768211e+09 Primal inf 9.7017377e+08 (181206)
Clp0006I 134000  Obj 4.8864181e+09 Primal inf 1.0228905e+09 (182773)
Clp0006I 135000  Obj 4.9000849e+09 Primal inf 1.0219144e+09 (182170)
Clp0006I 136000  Obj 4.9401902e+09 Primal inf 1.2121491e+10 (215032)
Clp0006I 137000  Obj 4.9886657e+09 Primal inf 9.6814046e+08 (180639)
Clp0006I 138000  Obj 5.0295734e+09 Primal inf 8.3003251e+08 (171275)
Clp0006I 139000  Obj 5.0440299e+09 Primal inf 2.6986199e+09 (208207)
Clp0006I 140000  Obj 5.0527722e+09 Primal inf 4.6817722e+09 (211888)
Clp0006I 141000  Obj 5.0758377e+09 Primal inf 1.2551859e+09 (185047)
Clp0006I 142000  Obj 5.087048e+09 Primal inf 9.5071553e+08 (174004)
Clp0006I 143000  Obj 5.1002911e+09 Primal inf 2.0697183e+09 (210650)
Clp0006I 144000  Obj 5.1122039e+09 Primal inf 1.1330406e+09 (186816)
Clp0006I 145000  Obj 5.1321287e+09 Primal inf 8.9746635e+08 (176418)
Clp0006I 146000  Obj 5.1368803e+09 Primal inf 9.0093177e+08 (176942)
Clp0006I 147000  Obj 5.15404e+09 Primal inf 1.0424097e+09 (183922)
Clp0006I 148000  Obj 5.161071e+09 Primal inf 9.1960355e+08 (179256)
Clp0006I 149000  Obj 5.1678645e+09 Primal inf 1.1587721e+09 (208676)
Clp0006I 150000  Obj 5.1755464e+09 Primal inf 1.1266522e+09 (209494)
Clp0006I 151000  Obj 5.1973668e+09 Primal inf 8.8317702e+08 (179796)
Clp0006I 152000  Obj 5.2350001e+09 Primal inf 1.5667878e+09 (179040)
Clp0006I 153000  Obj 5.2675168e+09 Primal inf 1.803927e+09 (188923)
Clp0006I 154000  Obj 5.3059112e+09 Primal inf 9.0989835e+08 (177749)
Clp0006I 155000  Obj 5.3381998e+09 Primal inf 2.9292176e+09 (192789)
Clp0006I 156000  Obj 5.3545105e+09 Primal inf 1.0302251e+09 (183941)
Clp0006I 157000  Obj 5.38869e+09 Primal inf 9.659595e+08 (180300)
Clp0006I 158000  Obj 5.4040491e+09 Primal inf 1.1427952e+09 (185757)
Clp0006I 159000  Obj 5.432981e+09 Primal inf 9.3043255e+08 (181506)
Clp0006I 160000  Obj 5.4506034e+09 Primal inf 9.7220431e+08 (181344)
Clp0006I 161000  Obj 5.4593885e+09 Primal inf 9.1285904e+08 (180683)
Clp0006I 162000  Obj 5.4834936e+09 Primal inf 1.5437482e+09 (187187)
Clp0006I 163000  Obj 5.4999217e+09 Primal inf 1.6046085e+09 (208605)
Clp0006I 164000  Obj 5.5318078e+09 Primal inf 4.6535568e+11 (251463)
Clp0006I 165000  Obj 5.5625847e+09 Primal inf 2.2877168e+09 (194506)
Clp0006I 166000  Obj 5.6140509e+09 Primal inf 4.0055686e+10 (220982)
Clp0006I 167000  Obj 5.6503827e+09 Primal inf 3.794583e+09 (189777)
Clp0006I 168000  Obj 5.6973685e+09 Primal inf 9.3039182e+08 (179510)
Clp0006I 169000  Obj 5.7690689e+09 Primal inf 1.6488385e+09 (180972)
Clp0006I 170000  Obj 5.8038128e+09 Primal inf 1.2921383e+09 (182845)
Clp0006I 171000  Obj 5.833602e+09 Primal inf 1.1007299e+09 (182386)
Clp0006I 172000  Obj 5.8758437e+09 Primal inf 1.1186816e+09 (183758)
Clp0006I 173000  Obj 5.9120115e+09 Primal inf 1.1639603e+09 (179575)
Clp0006I 174000  Obj 5.9372404e+09 Primal inf 1.2841729e+09 (189516)
Clp0006I 175000  Obj 5.9552959e+09 Primal inf 2.2322668e+09 (217396)
Clp0006I 176000  Obj 5.9991765e+09 Primal inf 1.793829e+09 (192372)
Clp0006I 177000  Obj 6.0185018e+09 Primal inf 1.0867454e+09 (181007)
Clp0006I 178000  Obj 6.035545e+09 Primal inf 1.1830643e+09 (184179)
Clp0006I 179000  Obj 6.0467644e+09 Primal inf 1.1839109e+09 (178383)
Clp0006I 180000  Obj 6.0692063e+09 Primal inf 1.3501434e+09 (206826)
Clp0006I 181000  Obj 6.0905275e+09 Primal inf 1.3247864e+09 (204991)
Clp0006I 182000  Obj 6.1074112e+09 Primal inf 1.5232717e+09 (193572)
Clp0006I 183000  Obj 6.1253463e+09 Primal inf 1.2744106e+09 (191335)
Clp0006I 184000  Obj 6.1431329e+09 Primal inf 9.6387703e+08 (181107)
Clp0006I 185000  Obj 6.1595193e+09 Primal inf 9.6315411e+08 (179506)
Clp0006I 186000  Obj 6.1701975e+09 Primal inf 1.2162231e+09 (182170)
Clp0006I 187000  Obj 6.1788844e+09 Primal inf 1.5429524e+09 (184921)
Clp0006I 188000  Obj 6.1961594e+09 Primal inf 1.8104356e+09 (194353)
Clp0006I 189000  Obj 6.2192916e+09 Primal inf 2.3747511e+09 (216834)
Clp0006I 190000  Obj 6.252457e+09 Primal inf 1.8288164e+09 (208661)
Clp0006I 191000  Obj 6.2669153e+09 Primal inf 1.4270228e+09 (189866)
Clp0006I 192000  Obj 6.2837527e+09 Primal inf 2.1879964e+09 (191990)
Clp0006I 193000  Obj 6.3034575e+09 Primal inf 1.9061818e+09 (191170)
Clp0006I 194000  Obj 6.3427941e+09 Primal inf 1.874169e+09 (216091)
Clp0006I 195000  Obj 6.3699215e+09 Primal inf 4.1927512e+09 (218043)
Clp0006I 196000  Obj 6.388045e+09 Primal inf 1.1551239e+09 (179601)
Clp0006I 197000  Obj 6.4041153e+09 Primal inf 1.623982e+09 (191440)
Clp0006I 198000  Obj 6.423072e+09 Primal inf 2.458728e+09 (216348)
Clp0006I 199000  Obj 6.4664646e+09 Primal inf 4.1935493e+09 (220067)
Clp0006I 200000  Obj 6.496225e+09 Primal inf 1.9664217e+09 (182344)
Clp0006I 201000  Obj 6.5054574e+09 Primal inf 3.9780769e+09 (215933)
Clp0006I 202000  Obj 6.5166404e+09 Primal inf 1.5105015e+09 (178721)
Clp0006I 203000  Obj 6.5351132e+09 Primal inf 1.5506876e+09 (178540)
Clp0006I 204000  Obj 6.5532436e+09 Primal inf 2.5234268e+09 (203586)
Clp0006I 205000  Obj 6.6029217e+09 Primal inf 3.9965849e+09 (219001)
Clp0006I 206000  Obj 6.6279011e+09 Primal inf 5.0593545e+09 (218875)
Clp0006I 207000  Obj 6.64208e+09 Primal inf 8.4074811e+09 (237294)
Clp0006I 208000  Obj 6.6600364e+09 Primal inf 6.2372601e+09 (213575)
Clp0006I 209000  Obj 6.6713515e+09 Primal inf 1.3559941e+09 (177284)
Clp0006I 210000  Obj 6.6845157e+09 Primal inf 2.8629116e+09 (188979)
Clp0006I 211000  Obj 6.7049964e+09 Primal inf 1.4864475e+09 (177439)
Clp0006I 212000  Obj 6.7260049e+09 Primal inf 1.7382946e+09 (199689)
Clp0006I 213000  Obj 6.7375513e+09 Primal inf 4.2354984e+09 (211408)
Clp0006I 214000  Obj 6.7548822e+09 Primal inf 1.6464795e+09 (176852)
Clp0006I 215000  Obj 6.7779825e+09 Primal inf 3.7986767e+09 (212116)
Clp0006I 216000  Obj 6.7977765e+09 Primal inf 2.6891384e+09 (211512)
Clp0006I 217000  Obj 6.8238288e+09 Primal inf 2.9965936e+09 (214282)
Clp0006I 218000  Obj 6.8530751e+09 Primal inf 1.1804576e+09 (176099)
Clp0006I 219000  Obj 6.8828139e+09 Primal inf 2.0809019e+09 (188296)
Clp0006I 220000  Obj 6.9009589e+09 Primal inf 1.5339078e+09 (176963)
Clp0006I 221000  Obj 6.9113159e+09 Primal inf 1.1611172e+09 (176575)
Clp0006I 222000  Obj 6.9267487e+09 Primal inf 1.5960913e+09 (180942)
Clp0006I 223000  Obj 6.9441103e+09 Primal inf 8.8220439e+10 (247375)
Clp0006I 224000  Obj 6.9775443e+09 Primal inf 1.6522212e+10 (238768)
Clp0006I 225000  Obj 7.0056309e+09 Primal inf 4.0855273e+10 (224948)
Clp0006I 226000  Obj 7.0180803e+09 Primal inf 2.1931661e+09 (215310)
Clp0006I 227000  Obj 7.042486e+09 Primal inf 4.441144e+09 (220750)
Clp0006I 228000  Obj 7.0607323e+09 Primal inf 8.9478427e+10 (246792)
Clp0006I 229000  Obj 7.085882e+09 Primal inf 2.9149626e+09 (184664)
Clp0006I 230000  Obj 7.1115901e+09 Primal inf 2.4511205e+09 (212552)
Clp0006I 231000  Obj 7.1347935e+09 Primal inf 1.182657e+10 (204140)
Clp0006I 232000  Obj 7.1375573e+09 Primal inf 1.9275924e+09 (186155)
Clp0006I 233000  Obj 7.1492897e+09 Primal inf 7.1395304e+09 (206595)
Clp0006I 234000  Obj 7.1673224e+09 Primal inf 3.0545006e+09 (191739)
Clp0006I 235000  Obj 7.1749063e+09 Primal inf 6.8210276e+09 (219461)
Clp0006I 236000  Obj 7.1959363e+09 Primal inf 1.9671857e+10 (218582)
Clp0006I 237000  Obj 7.2136869e+09 Primal inf 5.2652307e+09 (233815)
Clp0006I 238000  Obj 7.232863e+09 Primal inf 2.4319654e+09 (190527)
Clp0006I 239000  Obj 7.272531e+09 Primal inf 2.2247417e+09 (201473)
Clp0006I 240000  Obj 7.2910775e+09 Primal inf 3.901094e+09 (216464)
Clp0006I 241000  Obj 7.32397e+09 Primal inf 2.233454e+09 (182246)
Clp0006I 242000  Obj 7.3670947e+09 Primal inf 2.1917062e+09 (184555)
Clp0006I 243000  Obj 7.3855092e+09 Primal inf 3.2646053e+09 (200481)
Clp0006I 244000  Obj 7.4631313e+09 Primal inf 2.912453e+09 (233684)
Clp0006I 245000  Obj 7.5120946e+09 Primal inf 4.0547456e+11 (262713)
Clp0006I 246000  Obj 7.6066666e+09 Primal inf 5.5626103e+09 (234156)
Clp0006I 247000  Obj 7.7008507e+09 Primal inf 1.9453807e+09 (193724)
Clp0006I 248000  Obj 7.7267526e+09 Primal inf 5.0253135e+09 (193797)
Clp0006I 249000  Obj 7.7444246e+09 Primal inf 2.2049798e+10 (222097)
Clp0006I 250000  Obj 7.7587006e+09 Primal inf 7.6793006e+10 (226341)
Clp0006I 251000  Obj 7.7687219e+09 Primal inf 6.1250032e+09 (191711)
Clp0006I 252000  Obj 7.7979664e+09 Primal inf 3.0250298e+09 (217046)
Clp0006I 253000  Obj 7.8247497e+09 Primal inf 2.0346701e+09 (188809)
Clp0006I 254000  Obj 7.8339442e+09 Primal inf 4.7819037e+09 (191375)
Clp0006I 255000  Obj 7.8431616e+09 Primal inf 4.9609122e+09 (199674)
Clp0006I 256000  Obj 7.8659251e+09 Primal inf 4.5794247e+11 (243330)
Clp0006I 257000  Obj 7.8761157e+09 Primal inf 9.033475e+09 (189639)
Clp0006I 258000  Obj 7.8794403e+09 Primal inf 7.1361207e+09 (220187)
Clp0006I 259000  Obj 7.9449462e+09 Primal inf 3.2384638e+10 (211105)
Clp0006I 260000  Obj 8.0205641e+09 Primal inf 3.5298387e+09 (192411)
Clp0006I 261000  Obj 8.1350793e+09 Primal inf 5.4934269e+10 (224900)
Clp0006I 262000  Obj 8.2257899e+09 Primal inf 2.1107759e+10 (247985)
Clp0006I 263000  Obj 8.2965877e+09 Primal inf 8.2926788e+09 (196360)
Clp0006I 264000  Obj 8.3797283e+09 Primal inf 1.1952176e+10 (205291)
Clp0006I 265000  Obj 8.4306449e+09 Primal inf 2.4352267e+10 (242681)
Clp0006I 266000  Obj 8.4756024e+09 Primal inf 1.8955868e+10 (229222)
Clp0006I 267000  Obj 8.5555166e+09 Primal inf 7.3600028e+09 (231972)
Clp0006I 268000  Obj 8.6361918e+09 Primal inf 3.6295216e+10 (230689)
Clp0006I 269000  Obj 8.6797354e+09 Primal inf 6.3869396e+09 (187693)
Clp0006I 270000  Obj 8.7341848e+09 Primal inf 1.0329767e+10 (242035)
Clp0006I 270980  Obj 8.8092141e+09 Primal inf 3.6094816e+10 (214654)
Clp0006I 271980  Obj 8.9040828e+09 Primal inf 6.2549894e+10 (228076)
Clp0006I 272895  Obj 8.9821444e+09 Primal inf 6.7920299e+10 (215855)
Clp0006I 273895  Obj 9.073717e+09 Primal inf 9.8079559e+09 (220041)
Clp0006I 274895  Obj 9.137201e+09 Primal inf 1.4337347e+10 (229764)
Clp0006I 275895  Obj 9.2206372e+09 Primal inf 9.7270634e+09 (253949)
Clp0006I 276895  Obj 9.2771788e+09 Primal inf 1.7627792e+10 (236109)
Clp0006I 277895  Obj 9.3385223e+09 Primal inf 5.5568811e+09 (223045)
Clp0006I 278895  Obj 9.4027257e+09 Primal inf 1.4204332e+10 (225626)
Clp0006I 279895  Obj 9.4594469e+09 Primal inf 3.1929356e+09 (196897)
Clp0006I 280895  Obj 9.5023713e+09 Primal inf 1.0853355e+10 (203118)
Clp0006I 281895  Obj 9.5531036e+09 Primal inf 5.1360737e+10 (285872)
Clp0006I 282895  Obj 9.5933835e+09 Primal inf 5.7865986e+09 (214858)
Clp0006I 283895  Obj 9.6594374e+09 Primal inf 3.6373391e+09 (200166)
Clp0006I 284895  Obj 9.7288797e+09 Primal inf 4.9377845e+10 (235107)
Clp0006I 285895  Obj 9.8002064e+09 Primal inf 3.2144826e+10 (256802)
Clp0006I 286895  Obj 9.8733282e+09 Primal inf 7.2022047e+09 (209230)
Clp0006I 287895  Obj 9.9631244e+09 Primal inf 1.0743161e+11 (205856)
Clp0006I 288895  Obj 1.0045427e+10 Primal inf 1.4385878e+10 (236972)
Clp0006I 289895  Obj 1.0108813e+10 Primal inf 2.9666162e+10 (241288)
Clp0006I 290895  Obj 1.0176944e+10 Primal inf 7.0125746e+10 (242902)
Clp0006I 291581  Obj 1.0225465e+10 Primal inf 1.6312137e+10 (191589)
Clp0006I 292581  Obj 1.0298497e+10 Primal inf 4.285157e+09 (203103)
Clp0006I 293581  Obj 1.0365968e+10 Primal inf 5.9260819e+09 (204953)
Clp0006I 294581  Obj 1.0441256e+10 Primal inf 2.4932802e+10 (215538)
Clp0006I 295581  Obj 1.0507835e+10 Primal inf 8.8575821e+08 (188037)
Clp0006I 296581  Obj 1.0583832e+10 Primal inf 2.3670762e+10 (234577)
Clp0006I 297581  Obj 1.0645174e+10 Primal inf 8.8369074e+09 (211648)
Clp0006I 298581  Obj 1.0714938e+10 Primal inf 5.1264204e+09 (246508)
Clp0006I 299581  Obj 1.0752438e+10 Primal inf 1.4982961e+10 (256492)
Clp0006I 300581  Obj 1.0809874e+10 Primal inf 2.7949534e+10 (255440)
Clp0006I 301581  Obj 1.0878664e+10 Primal inf 9.9672213e+09 (236698)
Clp0006I 302581  Obj 1.0932368e+10 Primal inf 6.8925742e+09 (228586)
Clp0006I 303581  Obj 1.0995571e+10 Primal inf 2.0690105e+09 (218934)
Clp0006I 304581  Obj 1.1039815e+10 Primal inf 7.4893604e+09 (256151)
Clp0006I 305581  Obj 1.1076356e+10 Primal inf 4.4750269e+09 (220672)
Clp0006I 306581  Obj 1.1113066e+10 Primal inf 1.1443769e+10 (243287)
Clp0006I 307581  Obj 1.1124172e+10 Primal inf 7.9764881e+09 (211797)
Clp0006I 308581  Obj 1.1141596e+10 Primal inf 8.6741972e+09 (232241)
Clp0006I 309581  Obj 1.1156818e+10 Primal inf 9.3264185e+09 (207078)
Clp0006I 310581  Obj 1.1166627e+10 Primal inf 3.4577975e+09 (205358)
Clp0006I 311581  Obj 1.1174268e+10 Primal inf 2.7860272e+09 (207568)
Clp0006I 312581  Obj 1.1185111e+10 Primal inf 1.1427257e+09 (195793)
Clp0006I 313581  Obj 1.1234746e+10 Primal inf 3.5904203e+09 (210508)
Clp0006I 314581  Obj 1.1269193e+10 Primal inf 1.8116689e+09 (207109)
Clp0006I 315581  Obj 1.1272537e+10 Primal inf 4.1386706e+09 (214885)
Clp0006I 316581  Obj 1.1292046e+10 Primal inf 2.1169142e+09 (208011)
Clp0006I 317581  Obj 1.1308213e+10 Primal inf 1.2067684e+10 (232600)
Clp0006I 318581  Obj 1.1322534e+10 Primal inf 1.1503504e+09 (195027)
Clp0006I 319581  Obj 1.1368009e+10 Primal inf 8.021223e+09 (222390)
Clp0006I 320581  Obj 1.140232e+10 Primal inf 1.4071488e+09 (196208)
Clp0006I 321581  Obj 1.1413576e+10 Primal inf 1.3409226e+09 (225838)
Clp0006I 322581  Obj 1.1433911e+10 Primal inf 4.8609634e+09 (224272)
Clp0006I 323581  Obj 1.1445894e+10 Primal inf 5.929963e+09 (251847)
Clp0006I 324581  Obj 1.1456418e+10 Primal inf 6.3577146e+10 (240244)
Clp0006I 325581  Obj 1.1470006e+10 Primal inf 3.3158207e+09 (211354)
Clp0006I 326581  Obj 1.1474481e+10 Primal inf 4.4910405e+09 (231902)
Clp0006I 327581  Obj 1.1477841e+10 Primal inf 7.5637839e+08 (192952)
Clp0006I 328581  Obj 1.1486618e+10 Primal inf 1.0497178e+10 (239732)
Clp0006I 329581  Obj 1.1488181e+10 Primal inf 1.3488288e+09 (207916)
Clp0006I 330581  Obj 1.1510801e+10 Primal inf 1.2555603e+09 (213145)
Clp0006I 331581  Obj 1.166974e+10 Primal inf 2.5434102e+09 (244230)
Clp0006I 332581  Obj 1.1702151e+10 Primal inf 2.5964614e+09 (240210)
Clp0006I 333581  Obj 1.1727024e+10 Primal inf 1.3953593e+10 (270720)
Clp0006I 334581  Obj 1.1753931e+10 Primal inf 2.4625507e+09 (242396)
Clp0006I 335581  Obj 1.1781e+10 Primal inf 1.8105121e+09 (221967)
Clp0006I 336581  Obj 1.1816041e+10 Primal inf 1.3759628e+10 (295068)
Clp0006I 337581  Obj 1.1837657e+10 Primal inf 4.4127542e+09 (248351)
Clp0006I 338581  Obj 1.1867899e+10 Primal inf 2.1598898e+09 (259620)
Clp0006I 339581  Obj 1.1882464e+10 Primal inf 1.4057048e+09 (221439)
Clp0006I 340581  Obj 1.1898137e+10 Primal inf 3.4602068e+09 (233683)
Clp0006I 341581  Obj 1.1911258e+10 Primal inf 1.9282369e+09 (253523)
Clp0006I 342581  Obj 1.1943846e+10 Primal inf 6.4418075e+09 (246803)
Clp0006I 343581  Obj 1.1966781e+10 Primal inf 6.8604725e+09 (252788)
Clp0006I 344581  Obj 1.1988753e+10 Primal inf 4.0794523e+09 (238978)
Clp0006I 345581  Obj 1.2023516e+10 Primal inf 9.0184738e+10 (261799)
Clp0006I 346581  Obj 1.204695e+10 Primal inf 5.1755892e+09 (257134)
Clp0006I 347581  Obj 1.2065219e+10 Primal inf 2.2315953e+09 (255631)
Clp0006I 348581  Obj 1.2084038e+10 Primal inf 2.9845458e+09 (256764)
Clp0006I 349581  Obj 1.210034e+10 Primal inf 4.6890822e+09 (258926)
Clp0006I 350581  Obj 1.2106713e+10 Primal inf 5.0694113e+09 (265207)
Clp0006I 351581  Obj 1.2122459e+10 Primal inf 1.124002e+09 (223088)
Clp0006I 352581  Obj 1.2148039e+10 Primal inf 8.0486658e+09 (261836)
Clp0006I 353581  Obj 1.216438e+10 Primal inf 1.4032115e+09 (221685)
Clp0006I 354581  Obj 1.2184348e+10 Primal inf 7.175422e+10 (266110)
Clp0006I 355581  Obj 1.2196506e+10 Primal inf 1.5153348e+09 (225049)
Clp0006I 356581  Obj 1.222955e+10 Primal inf 5.7957905e+09 (269881)
Clp0006I 357581  Obj 1.2258612e+10 Primal inf 2.4152743e+09 (241772)
Clp0006I 358581  Obj 1.2282015e+10 Primal inf 8.4139793e+08 (220118)
Clp0006I 359581  Obj 1.230086e+10 Primal inf 7.5121927e+09 (257745)
Clp0006I 360581  Obj 1.231001e+10 Primal inf 2.2094343e+10 (262594)
Clp0006I 361581  Obj 1.2326132e+10 Primal inf 1.2046867e+10 (253558)
Clp0006I 362581  Obj 1.2331635e+10 Primal inf 2.0871183e+09 (236931)
Clp0006I 363581  Obj 1.2346846e+10 Primal inf 1.9516396e+09 (267463)
Clp0006I 364581  Obj 1.2359089e+10 Primal inf 1.3957535e+09 (222055)
Clp0006I 365581  Obj 1.2377908e+10 Primal inf 2.8259056e+09 (241230)
Clp0006I 366581  Obj 1.238786e+10 Primal inf 1.2177724e+09 (220936)
Clp0006I 367581  Obj 1.2412088e+10 Primal inf 3.8167827e+10 (257141)
Clp0006I 368581  Obj 1.2425417e+10 Primal inf 4.0116479e+09 (249859)
Clp0006I 369581  Obj 1.2431705e+10 Primal inf 2.685271e+09 (271463)
Clp0006I 370581  Obj 1.2437915e+10 Primal inf 4.1127096e+10 (270864)
Clp0006I 371581  Obj 1.2446771e+10 Primal inf 1.2436779e+09 (233213)
Clp0006I 372581  Obj 1.2458772e+10 Primal inf 7.6950755e+09 (230274)
Clp0006I 373581  Obj 1.2468483e+10 Primal inf 1.7472926e+09 (256437)
Clp0006I 374581  Obj 1.2474544e+10 Primal inf 1.1157887e+09 (229707)
Clp0006I 375581  Obj 1.2478068e+10 Primal inf 1.4432493e+09 (232713)
Clp0006I 376581  Obj 1.2481547e+10 Primal inf 1.5311692e+09 (243732)
Clp0006I 377581  Obj 1.2482478e+10 Primal inf 1.5554899e+09 (232726)
Clp0006I 378581  Obj 1.2497737e+10 Primal inf 1.5521039e+10 (255183)
Clp0006I 379581  Obj 1.25261e+10 Primal inf 7.7029551e+09 (265092)
Clp0006I 380581  Obj 1.2538552e+10 Primal inf 5.4569292e+09 (235150)
Clp0006I 381581  Obj 1.2548614e+10 Primal inf 3.7433139e+10 (285314)
Clp0006I 382581  Obj 1.255426e+10 Primal inf 1.689939e+09 (253107)
Clp0006I 383581  Obj 1.256107e+10 Primal inf 1.6369758e+09 (248723)
Clp0006I 384581  Obj 1.2577404e+10 Primal inf 1.2476001e+09 (229282)
Clp0006I 385581  Obj 1.2588026e+10 Primal inf 1.5052807e+09 (253066)
Clp0006I 386581  Obj 1.2600125e+10 Primal inf 2.2120018e+09 (233712)
Clp0006I 387581  Obj 1.2607115e+10 Primal inf 2.5739801e+09 (252800)
Clp0006I 388581  Obj 1.2611505e+10 Primal inf 9.7954232e+09 (286076)
Clp0006I 389581  Obj 1.2624363e+10 Primal inf 2.8349334e+09 (263071)
Clp0006I 390581  Obj 1.2632349e+10 Primal inf 3.0756344e+09 (238612)
Clp0006I 391581  Obj 1.2637741e+10 Primal inf 1.3168321e+09 (248008)
Clp0006I 392581  Obj 1.264512e+10 Primal inf 8.2495561e+09 (250320)
Clp0006I 393581  Obj 1.2649738e+10 Primal inf 4.7981527e+09 (262082)
Clp0006I 394581  Obj 1.2662125e+10 Primal inf 2.5371215e+09 (251762)
Clp0006I 395581  Obj 1.2669162e+10 Primal inf 2.0148514e+09 (225982)
Clp0006I 396581  Obj 1.267568e+10 Primal inf 1.1669427e+09 (232773)
Clp0006I 397581  Obj 1.2681116e+10 Primal inf 1.841689e+09 (230153)
Clp0006I 398581  Obj 1.2688767e+10 Primal inf 1.1625875e+09 (224177)
Clp0006I 399581  Obj 1.2695529e+10 Primal inf 1.2479307e+09 (247242)
Clp0006I 400581  Obj 1.2701613e+10 Primal inf 1.0589826e+09 (247974)
Clp0006I 401581  Obj 1.2708881e+10 Primal inf 1.0459089e+09 (222534)
Clp0006I 402581  Obj 1.2714814e+10 Primal inf 4.1343809e+09 (246946)
Clp0006I 403581  Obj 1.2721391e+10 Primal inf 1.8414387e+09 (246178)
Clp0006I 404581  Obj 1.2728341e+10 Primal inf 1.3876645e+09 (235073)
Clp0006I 405581  Obj 1.2734281e+10 Primal inf 1.6931148e+09 (227420)
Clp0006I 406581  Obj 1.2739092e+10 Primal inf 9.0696731e+08 (226750)
Clp0006I 407581  Obj 1.2749013e+10 Primal inf 2.6488068e+09 (259376)
Clp0006I 408581  Obj 1.2766564e+10 Primal inf 1.8206003e+09 (225938)
Clp0006I 409581  Obj 1.2780427e+10 Primal inf 1.706634e+09 (225580)
Clp0006I 410581  Obj 1.2797553e+10 Primal inf 2.2630632e+09 (239849)
Clp0006I 411581  Obj 1.2803728e+10 Primal inf 1.3877939e+09 (238447)
Clp0006I 412581  Obj 1.2808723e+10 Primal inf 8.0655952e+08 (220897)
Clp0006I 413581  Obj 1.2818026e+10 Primal inf 1.7546633e+09 (251687)
Clp0006I 414581  Obj 1.2826268e+10 Primal inf 6.9743039e+09 (277502)
Clp0006I 415581  Obj 1.2828913e+10 Primal inf 1.796549e+09 (228347)
Clp0006I 416581  Obj 1.2842391e+10 Primal inf 1.1818789e+10 (262873)
Clp0006I 417581  Obj 1.2854644e+10 Primal inf 3.3330292e+09 (259293)
Clp0006I 418581  Obj 1.2862544e+10 Primal inf 1.2162881e+09 (235840)
Clp0006I 419581  Obj 1.2868456e+10 Primal inf 2.7453154e+09 (263096)
Clp0006I 420581  Obj 1.287063e+10 Primal inf 1.3313377e+09 (228827)
Clp0006I 421581  Obj 1.2877573e+10 Primal inf 1.6970959e+09 (253082)
Clp0006I 422581  Obj 1.28835e+10 Primal inf 9.901282e+09 (275931)
Clp0006I 423581  Obj 1.2888856e+10 Primal inf 5.5536566e+09 (244114)
Clp0006I 424581  Obj 1.2892236e+10 Primal inf 4.3092269e+09 (249860)
Clp0006I 425581  Obj 1.2900673e+10 Primal inf 2.2935202e+09 (264024)
Clp0006I 426581  Obj 1.2907362e+10 Primal inf 2.7048978e+09 (274284)
Clp0006I 427581  Obj 1.2917561e+10 Primal inf 2.5918986e+09 (226222)
Clp0006I 428581  Obj 1.2924879e+10 Primal inf 7.0268573e+09 (264889)
Clp0006I 429581  Obj 1.2934135e+10 Primal inf 7.7933515e+09 (269726)
Clp0006I 430581  Obj 1.294171e+10 Primal inf 3.4914291e+09 (260518)
Clp0006I 431581  Obj 1.2947683e+10 Primal inf 3.1986503e+09 (246118)
Clp0006I 432581  Obj 1.295325e+10 Primal inf 1.6433067e+09 (260882)
Clp0006I 433581  Obj 1.2977112e+10 Primal inf 5.5231643e+09 (247107)
Clp0006I 434581  Obj 1.3001226e+10 Primal inf 2.6193467e+09 (258670)
Clp0006I 435581  Obj 1.3007869e+10 Primal inf 2.9523962e+09 (239769)
Clp0006I 436581  Obj 1.3014622e+10 Primal inf 3.0989165e+09 (235591)
Clp0006I 437581  Obj 1.3021449e+10 Primal inf 9.6288455e+08 (246620)
Clp0006I 438581  Obj 1.3031304e+10 Primal inf 1.0697819e+09 (223506)
Clp0006I 439581  Obj 1.303927e+10 Primal inf 1.9742989e+09 (251631)
Clp0006I 440581  Obj 1.3043465e+10 Primal inf 4.1661228e+09 (263543)
Clp0006I 441581  Obj 1.3050864e+10 Primal inf 4.3089448e+09 (265550)
Clp0006I 442581  Obj 1.306007e+10 Primal inf 4.286415e+09 (244160)
Clp0006I 443581  Obj 1.3081533e+10 Primal inf 3.8856735e+09 (243929)
Clp0006I 444581  Obj 1.3100258e+10 Primal inf 4.0511557e+09 (265622)
Clp0006I 445581  Obj 1.3111089e+10 Primal inf 4.0190441e+09 (242566)
Clp0006I 446581  Obj 1.3115366e+10 Primal inf 4.039869e+09 (265551)
Clp0006I 447581  Obj 1.3122206e+10 Primal inf 2.8005076e+09 (262885)
Clp0006I 448581  Obj 1.3124358e+10 Primal inf 1.1174585e+09 (226529)
Clp0006I 449581  Obj 1.3126626e+10 Primal inf 3.1419022e+09 (275437)
Clp0006I 450581  Obj 1.3135111e+10 Primal inf 1.4679334e+10 (256955)
Clp0006I 451581  Obj 1.314792e+10 Primal inf 8.8724368e+10 (297583)
Clp0006I 452581  Obj 1.3167045e+10 Primal inf 1.4932377e+09 (253033)
Clp0006I 453581  Obj 1.3177865e+10 Primal inf 1.9432544e+09 (243231)
Clp0006I 454581  Obj 1.3187957e+10 Primal inf 2.4005183e+09 (228697)
Clp0006I 455581  Obj 1.3216096e+10 Primal inf 2.7059071e+10 (306249)
Clp0006I 456581  Obj 1.3234875e+10 Primal inf 1.5951e+10 (254939)
Clp0006I 457581  Obj 1.3252393e+10 Primal inf 3.2570027e+09 (304778)
Clp0006I 458581  Obj 1.3260368e+10 Primal inf 1.6197986e+10 (278851)
Clp0006I 459581  Obj 1.3263841e+10 Primal inf 5.0377836e+09 (278007)
Clp0006I 460581  Obj 1.3274016e+10 Primal inf 1.1952769e+09 (245343)
Clp0006I 461581  Obj 1.3315725e+10 Primal inf 1.1865002e+10 (272214)
Clp0006I 462581  Obj 1.333755e+10 Primal inf 3.1744285e+09 (316517)
Clp0006I 463581  Obj 1.3353817e+10 Primal inf 2.089864e+09 (305745)
Clp0006I 464581  Obj 1.337219e+10 Primal inf 1.4125254e+09 (244106)
Clp0006I 465581  Obj 1.3407448e+10 Primal inf 3.5779798e+09 (271620)
Clp0006I 466581  Obj 1.34444e+10 Primal inf 1.0915492e+09 (228630)
Clp0006I 467581  Obj 1.3473641e+10 Primal inf 8.9661508e+09 (277700)
Clp0006I 468581  Obj 1.3495656e+10 Primal inf 1.4646153e+09 (246441)
Clp0006I 469581  Obj 1.3519812e+10 Primal inf 1.574296e+10 (282740)
Clp0006I 470581  Obj 1.3543467e+10 Primal inf 1.2033555e+09 (241590)
Clp0006I 471581  Obj 1.355573e+10 Primal inf 1.1308777e+09 (240315)
Clp0006I 472581  Obj 1.3561306e+10 Primal inf 2.3948842e+09 (268752)
Clp0006I 473581  Obj 1.356675e+10 Primal inf 4.3356605e+09 (254657)
Clp0006I 474581  Obj 1.3581749e+10 Primal inf 2.8497068e+09 (273882)
Clp0006I 475581  Obj 1.3593893e+10 Primal inf 4.5613364e+11 (314463)
Clp0006I 476581  Obj 1.3604439e+10 Primal inf 2.2234049e+10 (288383)
Clp0006I 477581  Obj 1.3625298e+10 Primal inf 2.6570949e+09 (282911)
Clp0006I 478581  Obj 1.3645118e+10 Primal inf 3.2117162e+10 (271813)
Clp0006I 479581  Obj 1.3650821e+10 Primal inf 2.2903867e+09 (312157)
Clp0006I 480581  Obj 1.3655029e+10 Primal inf 3.1496846e+09 (296099)
Clp0006I 481581  Obj 1.3669183e+10 Primal inf 1.541109e+09 (284937)
Clp0006I 482581  Obj 1.3686881e+10 Primal inf 1.4329951e+10 (293966)
Clp0006I 483581  Obj 1.3717274e+10 Primal inf 1.1087436e+10 (290175)
Clp0006I 484581  Obj 1.3744565e+10 Primal inf 1.3419983e+10 (261565)
Clp0006I 485581  Obj 1.3770163e+10 Primal inf 3.2024301e+09 (291936)
Clp0006I 486581  Obj 1.3781693e+10 Primal inf 3.8556164e+10 (268799)
Clp0006I 487581  Obj 1.3804846e+10 Primal inf 1.1905816e+10 (303506)
Clp0006I 488581  Obj 1.3830963e+10 Primal inf 7.9554331e+09 (310711)
Clp0006I 489581  Obj 1.3841775e+10 Primal inf 2.4658625e+10 (291667)
Clp0006I 490581  Obj 1.3858231e+10 Primal inf 1.310461e+10 (310799)
Clp0006I 491581  Obj 1.3872261e+10 Primal inf 2.2814737e+09 (261531)
Clp0006I 492581  Obj 1.3892698e+10 Primal inf 5.9830074e+09 (291720)
Clp0006I 493581  Obj 1.391714e+10 Primal inf 1.5352838e+09 (264660)
Clp0006I 494581  Obj 1.3927928e+10 Primal inf 4.5430168e+10 (316095)
Clp0006I 495581  Obj 1.394701e+10 Primal inf 9.7480647e+08 (256884)
Clp0006I 496581  Obj 1.3960652e+10 Primal inf 9.9370286e+08 (256474)
Clp0006I 497581  Obj 1.3970905e+10 Primal inf 2.4962115e+09 (255320)
Clp0006I 498581  Obj 1.399187e+10 Primal inf 3.5330645e+09 (256031)
Clp0006I 499581  Obj 1.3996697e+10 Primal inf 1.3341918e+09 (240232)
Clp0006I 500581  Obj 1.4003737e+10 Primal inf 5.0117742e+09 (276983)
Clp0006I 501581  Obj 1.4005094e+10 Primal inf 2.0102438e+09 (279998)
Clp0006I 502581  Obj 1.4013779e+10 Primal inf 1.5212034e+09 (253752)
Clp0006I 503581  Obj 1.4020764e+10 Primal inf 7.1648864e+08 (217176)
Clp0006I 504581  Obj 1.4024371e+10 Primal inf 9.5812978e+08 (221526)
Clp0006I 505581  Obj 1.4026823e+10 Primal inf 7.8128508e+10 (222827)
Clp0006I 506581  Obj 1.4029956e+10 Primal inf 2.8807824e+09 (231595)
Clp0006I 507581  Obj 1.4033275e+10 Primal inf 4.9003257e+09 (250997)
Clp0006I 508581  Obj 1.403986e+10 Primal inf 7.224281e+08 (210919)
Clp0006I 509581  Obj 1.4046625e+10 Primal inf 8.5342275e+08 (220092)
Clp0006I 510581  Obj 1.4053365e+10 Primal inf 1.4518991e+11 (288516)
Clp0006I 511581  Obj 1.4065049e+10 Primal inf 8.179388e+09 (274164)
Clp0006I 512581  Obj 1.4072098e+10 Primal inf 2.5102747e+09 (273094)
Clp0006I 513581  Obj 1.4078968e+10 Primal inf 2.8527364e+10 (252265)
Clp0006I 514581  Obj 1.4085755e+10 Primal inf 4.1575836e+09 (234628)
Clp0006I 515581  Obj 1.4091475e+10 Primal inf 2.2713727e+10 (312005)
Clp0006I 516581  Obj 1.4105659e+10 Primal inf 5.1825753e+09 (317787)
Clp0006I 517581  Obj 1.4116532e+10 Primal inf 1.876354e+10 (293357)
Clp0006I 518581  Obj 1.4138698e+10 Primal inf 1.2928438e+10 (309018)
Clp0006I 519581  Obj 1.4178465e+10 Primal inf 9.9996101e+09 (312306)
Clp0006I 520581  Obj 1.4192566e+10 Primal inf 1.3930359e+10 (285072)
Clp0006I 521581  Obj 1.4204209e+10 Primal inf 1.5068162e+10 (291713)
Clp0006I 522581  Obj 1.4212844e+10 Primal inf 1.1828818e+10 (326952)
Clp0006I 523581  Obj 1.422121e+10 Primal inf 8.464401e+09 (315952)
Clp0006I 524581  Obj 1.4226436e+10 Primal inf 5.9631917e+10 (336052)
Clp0006I 525581  Obj 1.4233824e+10 Primal inf 2.4018572e+10 (334351)
Clp0006I 526581  Obj 1.4245897e+10 Primal inf 4.6461299e+10 (366381)
Clp0006I 527581  Obj 1.4255627e+10 Primal inf 9.0306761e+10 (348875)
Clp0006I 528581  Obj 1.4263745e+10 Primal inf 6.0021197e+11 (333198)
Clp0006I 529581  Obj 1.4268316e+10 Primal inf 8.6615523e+10 (255669)
Clp0006I 530581  Obj 1.4289549e+10 Primal inf 2.1901983e+11 (327303)
Clp0006I 531581  Obj 1.430374e+10 Primal inf 3.6718495e+10 (297556)
Clp0006I 532581  Obj 1.4316829e+10 Primal inf 8.0712742e+10 (321346)
Clp0006I 533581  Obj 1.4327405e+10 Primal inf 5.1549175e+09 (287168)
Clp0006I 534581  Obj 1.4335255e+10 Primal inf 4.1571209e+10 (344204)
Clp0006I 535581  Obj 1.4346973e+10 Primal inf 3.9414306e+11 (319257)
Clp0006I 536581  Obj 1.4354623e+10 Primal inf 7.9602253e+10 (305815)
Clp0006I 537581  Obj 1.4362347e+10 Primal inf 8.4611783e+10 (273026)
Clp0006I 538581  Obj 1.4369961e+10 Primal inf 5.771464e+10 (337306)
Clp0006I 539581  Obj 1.438788e+10 Primal inf 5.6245585e+10 (288963)
Clp0006I 540581  Obj 1.4404976e+10 Primal inf 2.7918152e+11 (312338)
Clp0006I 541581  Obj 1.4414826e+10 Primal inf 4.9708755e+10 (318739)
Clp0006I 542581  Obj 1.4425751e+10 Primal inf 3.0357228e+10 (309328)
Clp0006I 543581  Obj 1.4432845e+10 Primal inf 8.1335691e+09 (272356)
Clp0006I 544581  Obj 1.4452e+10 Primal inf 1.665e+10 (306439)
Clp0006I 545581  Obj 1.4464871e+10 Primal inf 3.0184997e+11 (336795)
Clp0006I 546581  Obj 1.4476169e+10 Primal inf 2.4579273e+10 (271588)
Clp0006I 547581  Obj 1.4493432e+10 Primal inf 4.7916331e+10 (335870)
Clp0006I 548581  Obj 1.4506419e+10 Primal inf 1.0083495e+11 (305092)
Clp0006I 549581  Obj 1.4516735e+10 Primal inf 3.8755421e+09 (280230)
Clp0006I 550581  Obj 1.4527295e+10 Primal inf 5.4649035e+10 (303711)
Clp0006I 551581  Obj 1.4537503e+10 Primal inf 2.1338939e+10 (264760)
Clp0006I 552581  Obj 1.4542361e+10 Primal inf 2.6740999e+09 (327485)
Clp0006I 553581  Obj 1.4550512e+10 Primal inf 7.151308e+09 (321046)
Clp0006I 554581  Obj 1.456505e+10 Primal inf 8.5760096e+09 (317698)
Clp0006I 555581  Obj 1.4576252e+10 Primal inf 3.600361e+11 (331899)
Clp0006I 556581  Obj 1.4598203e+10 Primal inf 9.1226732e+09 (289915)
Clp0006I 557581  Obj 1.4607435e+10 Primal inf 5.5490683e+11 (350225)
Clp0006I 558581  Obj 1.462664e+10 Primal inf 3.0919709e+09 (259273)
Clp0006I 559581  Obj 1.4648345e+10 Primal inf 2.7033367e+10 (300078)
Clp0006I 560581  Obj 1.4662096e+10 Primal inf 7.528667e+09 (303779)
Clp0006I 561581  Obj 1.4672397e+10 Primal inf 1.3047674e+09 (291086)
Clp0006I 562581  Obj 1.4680336e+10 Primal inf 1.5534817e+10 (336069)
Clp0006I 563581  Obj 1.4694439e+10 Primal inf 2.0902216e+11 (341290)
Clp0006I 564581  Obj 1.470553e+10 Primal inf 8.4278335e+09 (342683)
Clp0006I 565581  Obj 1.4713896e+10 Primal inf 3.7394395e+09 (260193)
Clp0006I 566581  Obj 1.4729057e+10 Primal inf 1.4470029e+10 (356079)
Clp0006I 567581  Obj 1.4741034e+10 Primal inf 2.4733575e+10 (339211)
Clp0006I 568581  Obj 1.4751716e+10 Primal inf 1.1373996e+11 (323221)
Clp0006I 569581  Obj 1.4756125e+10 Primal inf 5.7348767e+09 (273122)
Clp0006I 570581  Obj 1.4762368e+10 Primal inf 2.3586008e+10 (317686)
Clp0006I 571581  Obj 1.4770734e+10 Primal inf 1.4471532e+12 (335830)
Clp0006I 572581  Obj 1.4782523e+10 Primal inf 6.5384243e+10 (355626)
Clp0006I 573581  Obj 1.4789047e+10 Primal inf 3.2089127e+09 (254445)
Clp0006I 574581  Obj 1.4794087e+10 Primal inf 9.2805846e+10 (325370)
Clp0006I 575581  Obj 1.4807191e+10 Primal inf 5.9340245e+11 (342581)
Clp0006I 576581  Obj 1.481217e+10 Primal inf 5.214822e+09 (314938)
Clp0006I 577581  Obj 1.4826075e+10 Primal inf 4.4807361e+10 (341298)
Clp0006I 578581  Obj 1.4837588e+10 Primal inf 2.4145071e+10 (312589)
Clp0006I 579581  Obj 1.485371e+10 Primal inf 5.3915342e+10 (319170)
Clp0006I 580581  Obj 1.4872293e+10 Primal inf 4.2876803e+11 (388385)
Clp0006I 581581  Obj 1.4878917e+10 Primal inf 1.1589111e+11 (334971)
Clp0006I 582581  Obj 1.4894076e+10 Primal inf 5.4722759e+10 (274287)
Clp0006I 583581  Obj 1.4911593e+10 Primal inf 2.6688692e+10 (402662)
Clp0006I 584581  Obj 1.4919547e+10 Primal inf 9.6544056e+10 (294553)
Clp0006I 585581  Obj 1.49271e+10 Primal inf 7.7579609e+09 (343711)
Clp0006I 586581  Obj 1.4933862e+10 Primal inf 2.0428685e+11 (341632)
Clp0006I 587581  Obj 1.4936754e+10 Primal inf 1.0478315e+10 (250213)
Clp0006I 588581  Obj 1.4951083e+10 Primal inf 2.4536946e+09 (320857)
Clp0006I 589581  Obj 1.4961228e+10 Primal inf 1.1121872e+11 (373854)
Clp0006I 590581  Obj 1.498148e+10 Primal inf 6.5532789e+10 (340663)
Clp0006I 591581  Obj 1.5007688e+10 Primal inf 5.5060541e+10 (401872)
Clp0006I 592581  Obj 1.5029017e+10 Primal inf 1.7444793e+10 (356459)
Clp0006I 593581  Obj 1.5047268e+10 Primal inf 3.1444939e+11 (351620)
Clp0006I 594581  Obj 1.5066647e+10 Primal inf 1.16163e+10 (308866)
Clp0006I 595581  Obj 1.5085038e+10 Primal inf 1.7898637e+10 (372531)
Clp0006I 596581  Obj 1.509934e+10 Primal inf 3.3107427e+10 (341532)
Clp0006I 597581  Obj 1.5110107e+10 Primal inf 8.9255518e+10 (344392)
Clp0006I 598581  Obj 1.5124885e+10 Primal inf 2.9985628e+10 (323753)
Clp0006I 599581  Obj 1.513972e+10 Primal inf 2.2255767e+09 (311077)
Clp0006I 600581  Obj 1.5156183e+10 Primal inf 1.4462236e+10 (327234)
Clp0006I 601581  Obj 1.5171402e+10 Primal inf 5.3644839e+10 (345211)
Clp0006I 602581  Obj 1.5190589e+10 Primal inf 1.6744509e+10 (334265)
Clp0006I 603581  Obj 1.5208117e+10 Primal inf 2.9426665e+10 (308586)
Clp0006I 604581  Obj 1.5218634e+10 Primal inf 1.173182e+11 (322788)
Clp0006I 605581  Obj 1.5240164e+10 Primal inf 1.9581593e+10 (350862)
Clp0006I 606581  Obj 1.5259709e+10 Primal inf 1.2124001e+11 (336294)
Clp0006I 607581  Obj 1.5278379e+10 Primal inf 4.3636104e+09 (279188)
Clp0006I 608581  Obj 1.5294663e+10 Primal inf 3.0685664e+10 (352502)
Clp0006I 609581  Obj 1.5309726e+10 Primal inf 2.8644191e+09 (305030)
Clp0006I 610581  Obj 1.5323125e+10 Primal inf 9.6754107e+10 (310291)
Clp0006I 611581  Obj 1.5333339e+10 Primal inf 2.4981361e+10 (343012)
Clp0006I 612581  Obj 1.5339195e+10 Primal inf 1.2392123e+10 (325699)
Clp0006I 613577  Obj 1.5349449e+10 Primal inf 5.0983858e+10 (342410)
Clp0006I 614577  Obj 1.5359709e+10 Primal inf 1.0712019e+11 (392899)
Clp0006I 615577  Obj 1.5370858e+10 Primal inf 1.2671746e+11 (352140)
Clp0006I 616529  Obj 1.5382722e+10 Primal inf 5.1692566e+10 (338604)
Clp0006I 617529  Obj 1.5400336e+10 Primal inf 1.3310997e+10 (360656)
Clp0006I 618529  Obj 1.5422657e+10 Primal inf 3.3121515e+11 (370394)
Clp0006I 619529  Obj 1.5437183e+10 Primal inf 2.7990441e+10 (400587)
Clp0006I 620529  Obj 1.5452811e+10 Primal inf 3.330871e+10 (320117)
Clp0006I 621529  Obj 1.5467281e+10 Primal inf 3.4475065e+10 (388548)
Clp0006I 622529  Obj 1.5479847e+10 Primal inf 7.0493917e+09 (318638)
Clp0006I 623529  Obj 1.5500553e+10 Primal inf 2.5196775e+10 (312184)
Clp0006I 624529  Obj 1.5518823e+10 Primal inf 1.0066923e+11 (386023)
Clp0006I 625529  Obj 1.5532316e+10 Primal inf 1.7078636e+10 (304714)
Clp0006I 626529  Obj 1.5544402e+10 Primal inf 1.8552528e+10 (343208)
Clp0006I 627529  Obj 1.555456e+10 Primal inf 2.133061e+11 (367548)
Clp0006I 628529  Obj 1.5565901e+10 Primal inf 1.5028965e+11 (342718)
Clp0006I 629529  Obj 1.5581396e+10 Primal inf 2.8143495e+10 (346443)
Clp0006I 630529  Obj 1.559481e+10 Primal inf 6.6889795e+10 (342887)
Clp0006I 631529  Obj 1.5608267e+10 Primal inf 3.6710214e+10 (374328)
Clp0006I 632529  Obj 1.5622801e+10 Primal inf 2.8922397e+10 (342681)
Clp0006I 633529  Obj 1.5642853e+10 Primal inf 4.5395437e+10 (347284)
Clp0006I 634529  Obj 1.5655864e+10 Primal inf 2.2059092e+11 (340883)
Clp0006I 635529  Obj 1.5669239e+10 Primal inf 5.4081101e+10 (388913)
Clp0006I 636529  Obj 1.5678713e+10 Primal inf 3.8925671e+09 (338384)
Clp0006I 637529  Obj 1.56847e+10 Primal inf 2.5193545e+11 (321103)
Clp0006I 638529  Obj 1.5699747e+10 Primal inf 2.3840754e+10 (273277)
Clp0006I 639529  Obj 1.5718335e+10 Primal inf 2.5429091e+10 (292739)
Clp0006I 640529  Obj 1.5736764e+10 Primal inf 6.3961152e+10 (314938)
Clp0006I 641529  Obj 1.574977e+10 Primal inf 1.5230708e+11 (362430)
Clp0006I 642529  Obj 1.5756297e+10 Primal inf 1.626245e+10 (343522)
Clp0006I 643529  Obj 1.5770306e+10 Primal inf 2.5123858e+11 (332517)
Clp0006I 644529  Obj 1.5785449e+10 Primal inf 1.9495648e+11 (391938)
Clp0006I 645529  Obj 1.5800408e+10 Primal inf 4.20963e+10 (334761)
Clp0006I 646529  Obj 1.5820053e+10 Primal inf 1.2813476e+10 (315930)
Clp0006I 647529  Obj 1.5832042e+10 Primal inf 8.6005696e+10 (350685)
Clp0006I 648529  Obj 1.5849415e+10 Primal inf 4.9483912e+10 (296033)
Clp0006I 649529  Obj 1.5856243e+10 Primal inf 3.8745514e+10 (338292)
Clp0006I 650529  Obj 1.5870996e+10 Primal inf 8.0389161e+10 (379859)
Clp0006I 651529  Obj 1.5884508e+10 Primal inf 9.9327511e+09 (294638)
Clp0006I 652529  Obj 1.5893249e+10 Primal inf 1.0962793e+10 (330372)
Clp0006I 653529  Obj 1.5909398e+10 Primal inf 1.4128928e+10 (276873)
Clp0006I 654529  Obj 1.5916911e+10 Primal inf 1.8863578e+10 (327082)
Clp0006I 655529  Obj 1.5928654e+10 Primal inf 1.4552832e+10 (334749)
Clp0006I 656529  Obj 1.5945934e+10 Primal inf 1.8777152e+10 (303839)
Clp0006I 657529  Obj 1.5967892e+10 Primal inf 2.0294554e+10 (363672)
Clp0006I 658529  Obj 1.59852e+10 Primal inf 3.6976888e+11 (340815)
Clp0006I 659529  Obj 1.5996562e+10 Primal inf 9.1548615e+09 (310576)
Clp0006I 660529  Obj 1.6006491e+10 Primal inf 9.1600911e+09 (275515)
Clp0006I 661529  Obj 1.6015938e+10 Primal inf 1.8912466e+10 (300214)
Clp0006I 662529  Obj 1.6026546e+10 Primal inf 2.681103e+10 (342147)
Clp0006I 663529  Obj 1.604199e+10 Primal inf 4.0670485e+12 (370666)
Clp0006I 664529  Obj 1.6058765e+10 Primal inf 1.4350632e+11 (338290)
Clp0006I 665529  Obj 1.6071474e+10 Primal inf 8.0048244e+11 (302877)
Clp0006I 666529  Obj 1.6083704e+10 Primal inf 5.8238196e+10 (400495)
Clp0006I 667529  Obj 1.6096465e+10 Primal inf 1.8719448e+11 (379574)
Clp0006I 668529  Obj 1.6110441e+10 Primal inf 4.5320748e+11 (422433)
Clp0006I 669529  Obj 1.6121628e+10 Primal inf 5.0531334e+11 (389991)
Clp0006I 670529  Obj 1.614439e+10 Primal inf 7.4225711e+09 (325309)
Clp0006I 671529  Obj 1.6157827e+10 Primal inf 2.6087689e+11 (338645)
Clp0006I 672529  Obj 1.6170414e+10 Primal inf 1.6735629e+10 (305955)
Clp0006I 673529  Obj 1.6183936e+10 Primal inf 9.2053118e+10 (371741)
Clp0006I 674529  Obj 1.6193528e+10 Primal inf 3.784351e+10 (350702)
Clp0006I 675529  Obj 1.6208891e+10 Primal inf 5.7159694e+10 (378467)
Clp0006I 676529  Obj 1.6226648e+10 Primal inf 4.89979e+11 (349621)
Clp0006I 677529  Obj 1.6258137e+10 Primal inf 1.5411849e+11 (374717)
Clp0006I 678529  Obj 1.6274278e+10 Primal inf 4.0892478e+10 (366491)
Clp0006I 679529  Obj 1.6286558e+10 Primal inf 2.4455554e+12 (360309)
Clp0006I 680529  Obj 1.6300655e+10 Primal inf 1.3162599e+11 (376032)
Clp0006I 681529  Obj 1.6315232e+10 Primal inf 5.6388621e+10 (310442)
Clp0006I 682529  Obj 1.6324866e+10 Primal inf 2.8095691e+10 (327457)
Clp0006I 683529  Obj 1.6338108e+10 Primal inf 5.4332338e+10 (425884)
Clp0006I 684529  Obj 1.636204e+10 Primal inf 5.3141742e+10 (311428)
Clp0006I 685529  Obj 1.6383774e+10 Primal inf 9.5830495e+09 (288493)
Clp0006I 686529  Obj 1.639905e+10 Primal inf 3.3956766e+11 (331327)
Clp0006I 687529  Obj 1.641227e+10 Primal inf 8.7521472e+11 (326946)
Clp0006I 688529  Obj 1.6428547e+10 Primal inf 2.8090071e+10 (329394)
Clp0006I 689529  Obj 1.6437718e+10 Primal inf 5.4099936e+10 (337779)
Clp0006I 690529  Obj 1.6448048e+10 Primal inf 1.1710267e+11 (366977)
Clp0006I 691529  Obj 1.6466597e+10 Primal inf 3.270691e+10 (361769)
Clp0006I 692529  Obj 1.6483211e+10 Primal inf 4.0502815e+09 (272912)
Clp0006I 693492  Obj 1.6494387e+10 Primal inf 2.9272177e+10 (373310)
Clp0006I 694492  Obj 1.6509413e+10 Primal inf 5.8361873e+09 (357509)
Clp0006I 695492  Obj 1.6521066e+10 Primal inf 4.801034e+10 (319711)
Clp0006I 696492  Obj 1.653391e+10 Primal inf 1.6013715e+10 (388800)
Clp0006I 697492  Obj 1.6547984e+10 Primal inf 4.4091033e+10 (418109)
Clp0006I 698492  Obj 1.6580247e+10 Primal inf 1.2208453e+10 (326401)
Clp0006I 699492  Obj 1.6592744e+10 Primal inf 1.5037113e+11 (353426)
Clp0006I 700492  Obj 1.6603976e+10 Primal inf 2.5560554e+10 (353929)
Clp0006I 701492  Obj 1.6611524e+10 Primal inf 3.4887225e+10 (279454)
Clp0006I 702492  Obj 1.6622358e+10 Primal inf 3.470114e+10 (365215)
Clp0006I 703492  Obj 1.6637239e+10 Primal inf 3.6098804e+10 (384768)
Clp0006I 704492  Obj 1.6653491e+10 Primal inf 2.1665597e+12 (361373)
Clp0006I 705492  Obj 1.6685009e+10 Primal inf 4.2496433e+11 (324357)
Clp0006I 706492  Obj 1.6701461e+10 Primal inf 1.3538555e+11 (343193)
Clp0006I 707492  Obj 1.6716453e+10 Primal inf 1.1668405e+10 (351302)
Clp0006I 708492  Obj 1.6728758e+10 Primal inf 3.7420333e+09 (305784)
Clp0006I 709271  Obj 1.6740187e+10 Primal inf 2.4235016e+11 (336362)
Clp0006I 710271  Obj 1.6752045e+10 Primal inf 5.9575238e+10 (314372)
Clp0006I 711271  Obj 1.6767962e+10 Primal inf 1.221635e+12 (363455)
Clp0006I 712196  Obj 1.678562e+10 Primal inf 4.0607845e+10 (328397)
Clp0006I 713196  Obj 1.680084e+10 Primal inf 2.3623878e+11 (359408)
Clp0006I 714162  Obj 1.6817849e+10 Primal inf 2.4080201e+10 (385182)
Clp0006I 715162  Obj 1.6842747e+10 P