Coin0506I Presolve 1521577 (-195446) rows, 591998 (-65130) columns and 4511329 (-460732) elements
Clp0006I 0  Obj 0 Primal inf 8.7736635e+08 (43800)
Clp0006I 1000  Obj 4.7917429e-12 Primal inf 8.6776638e+08 (44708)
Clp0006I 2000  Obj 9.9133726e-12 Primal inf 8.6044937e+08 (45580)
Clp0006I 3000  Obj 1.5969055e-11 Primal inf 8.579383e+08 (46596)
Clp0006I 4000  Obj 8480782.7 Primal inf 8.4872532e+08 (47608)
Clp0006I 5000  Obj 15947624 Primal inf 8.4108892e+08 (48566)
Clp0006I 6000  Obj 27353220 Primal inf 8.3805407e+08 (49522)
Clp0006I 7000  Obj 42372999 Primal inf 8.2901466e+08 (50621)
Clp0006I 8000  Obj 57753049 Primal inf 8.2323142e+08 (51638)
Clp0006I 9000  Obj 78817218 Primal inf 8.1900426e+08 (52789)
Clp0006I 10000  Obj 96554126 Primal inf 8.1813301e+08 (53894)
Clp0006I 11000  Obj 1.137534e+08 Primal inf 8.1493453e+08 (54957)
Clp0006I 12000  Obj 1.3453392e+08 Primal inf 8.1392984e+08 (56164)
Clp0006I 13000  Obj 1.6305821e+08 Primal inf 8.0842542e+08 (57310)
Clp0006I 14000  Obj 1.7837846e+08 Primal inf 7.2950523e+08 (58555)
Clp0006I 15000  Obj 1.9977699e+08 Primal inf 7.2915301e+08 (59694)
Clp0006I 16000  Obj 2.2825206e+08 Primal inf 7.2627391e+08 (60961)
Clp0006I 17000  Obj 2.5091974e+08 Primal inf 7.2514257e+08 (62180)
Clp0006I 18000  Obj 2.8403744e+08 Primal inf 7.2452695e+08 (63411)
Clp0006I 19000  Obj 3.0820847e+08 Primal inf 7.2295345e+08 (64566)
Clp0006I 20000  Obj 3.4131539e+08 Primal inf 7.2344798e+08 (65831)
Clp0006I 21000  Obj 3.7979686e+08 Primal inf 7.2171171e+08 (67053)
Clp0006I 22000  Obj 4.1182536e+08 Primal inf 7.2307793e+08 (68309)
Clp0006I 23000  Obj 4.450126e+08 Primal inf 7.2132682e+08 (69523)
Clp0006I 24000  Obj 4.8374521e+08 Primal inf 7.2266673e+08 (70890)
Clp0006I 25000  Obj 5.1253721e+08 Primal inf 7.2331635e+08 (72171)
Clp0006I 26000  Obj 5.5515482e+08 Primal inf 7.2486446e+08 (73407)
Clp0006I 27000  Obj 5.9013201e+08 Primal inf 7.2568936e+08 (74613)
Clp0006I 28000  Obj 6.1658806e+08 Primal inf 7.2731539e+08 (75957)
Clp0006I 29000  Obj 6.5259928e+08 Primal inf 7.2594528e+08 (77067)
Clp0006I 30000  Obj 6.8571562e+08 Primal inf 7.2781982e+08 (78212)
Clp0006I 31000  Obj 7.1328991e+08 Primal inf 7.3012478e+08 (79429)
Clp0006I 32000  Obj 7.5093169e+08 Primal inf 7.3240387e+08 (80656)
Clp0006I 33000  Obj 7.7612448e+08 Primal inf 7.3341484e+08 (81817)
Clp0006I 34000  Obj 8.1586585e+08 Primal inf 7.3114611e+08 (82989)
Clp0006I 35000  Obj 8.5637058e+08 Primal inf 7.3399844e+08 (84196)
Clp0006I 36000  Obj 8.899512e+08 Primal inf 7.3635012e+08 (85299)
Clp0006I 37000  Obj 9.2588275e+08 Primal inf 7.3750079e+08 (86657)
Clp0006I 38000  Obj 9.591797e+08 Primal inf 7.3753381e+08 (87859)
Clp0006I 39000  Obj 1.0021623e+09 Primal inf 7.4015045e+08 (89006)
Clp0006I 40000  Obj 1.045215e+09 Primal inf 7.4149957e+08 (90203)
Clp0006I 41000  Obj 1.0881726e+09 Primal inf 7.4197159e+08 (91310)
Clp0006I 42000  Obj 1.1321844e+09 Primal inf 7.4052204e+08 (92541)
Clp0006I 43000  Obj 1.1728137e+09 Primal inf 7.4300513e+08 (93706)
Clp0006I 44000  Obj 1.2183233e+09 Primal inf 7.4546138e+08 (94857)
Clp0006I 45000  Obj 1.2561757e+09 Primal inf 7.4997138e+08 (96213)
Clp0006I 46000  Obj 1.3073309e+09 Primal inf 7.5287771e+08 (97428)
Clp0006I 47000  Obj 1.3503434e+09 Primal inf 7.5400905e+08 (98568)
Clp0006I 48000  Obj 1.4018579e+09 Primal inf 7.5183399e+08 (99707)
Clp0006I 49000  Obj 1.4577651e+09 Primal inf 7.5200593e+08 (100778)
Clp0006I 50000  Obj 1.5007553e+09 Primal inf 7.544223e+08 (101915)
Clp0006I 51000  Obj 1.5406842e+09 Primal inf 7.2959134e+08 (105033)
Clp0006I 52000  Obj 1.5613456e+09 Primal inf 7.3055187e+08 (106174)
Clp0006I 53000  Obj 1.5699168e+09 Primal inf 7.2868281e+08 (107068)
Clp0006I 54000  Obj 1.59473e+09 Primal inf 7.4323104e+08 (108131)
Clp0006I 55000  Obj 1.6154812e+09 Primal inf 1.3376178e+09 (117032)
Clp0006I 56000  Obj 1.6390753e+09 Primal inf 7.8394419e+08 (109164)
Clp0006I 57000  Obj 1.6649028e+09 Primal inf 3.0251033e+09 (110210)
Clp0006I 58000  Obj 1.692454e+09 Primal inf 8.0188407e+08 (111229)
Clp0006I 59000  Obj 1.7215362e+09 Primal inf 8.9959239e+08 (112019)
Clp0006I 60000  Obj 1.7390352e+09 Primal inf 7.3381075e+08 (114136)
Clp0006I 61000  Obj 1.7624288e+09 Primal inf 7.318405e+08 (115039)
Clp0006I 62000  Obj 1.8213529e+09 Primal inf 7.4790173e+08 (116815)
Clp0006I 63000  Obj 1.9675323e+09 Primal inf 7.238836e+08 (117542)
Clp0006I 64000  Obj 2.1367248e+09 Primal inf 7.4827708e+08 (118449)
Clp0006I 65000  Obj 2.1784658e+09 Primal inf 7.4635669e+08 (119518)
Clp0006I 66000  Obj 2.196902e+09 Primal inf 7.4458275e+08 (120468)
Clp0006I 67000  Obj 2.2142704e+09 Primal inf 7.5636631e+08 (121404)
Clp0006I 68000  Obj 2.2725184e+09 Primal inf 9.035529e+08 (121015)
Clp0006I 69000  Obj 2.2938909e+09 Primal inf 8.5272407e+08 (122050)
Clp0006I 70000  Obj 2.3041001e+09 Primal inf 7.4072358e+08 (123596)
Clp0006I 71000  Obj 2.3089687e+09 Primal inf 7.3850428e+08 (124400)
Clp0006I 72000  Obj 2.3580261e+09 Primal inf 7.3312257e+08 (125396)
Clp0006I 73000  Obj 2.3904439e+09 Primal inf 8.4961235e+08 (125190)
Clp0006I 74000  Obj 2.4228054e+09 Primal inf 8.4150549e+09 (143800)
Clp0006I 75000  Obj 2.4328554e+09 Primal inf 7.6645657e+08 (137982)
Clp0006I 76000  Obj 2.4724747e+09 Primal inf 8.4901387e+08 (139372)
Clp0006I 77000  Obj 2.4838414e+09 Primal inf 7.8029424e+08 (139994)
Clp0006I 78000  Obj 2.4954969e+09 Primal inf 7.8082392e+08 (140937)
Clp0006I 79000  Obj 2.535641e+09 Primal inf 7.6194034e+08 (130770)
Clp0006I 80000  Obj 2.5832694e+09 Primal inf 9.9308733e+08 (130897)
Clp0006I 81000  Obj 2.6156036e+09 Primal inf 1.1280398e+09 (170703)
Clp0006I 82000  Obj 2.6434604e+09 Primal inf 7.6315224e+08 (143175)
Clp0006I 83000  Obj 2.6567947e+09 Primal inf 8.2132499e+08 (145130)
Clp0006I 84000  Obj 2.7063192e+09 Primal inf 8.1188275e+08 (145434)
Clp0006I 85000  Obj 2.7427351e+09 Primal inf 7.4646416e+08 (145208)
Clp0006I 86000  Obj 2.8126547e+09 Primal inf 7.6419702e+08 (135945)
Clp0006I 87000  Obj 2.833822e+09 Primal inf 7.4746635e+08 (137267)
Clp0006I 88000  Obj 2.8773767e+09 Primal inf 7.8248492e+08 (148088)
Clp0006I 89000  Obj 2.9300483e+09 Primal inf 7.329687e+08 (139929)
Clp0006I 90000  Obj 3.0007088e+09 Primal inf 8.3113086e+08 (142421)
Clp0006I 91000  Obj 3.0569757e+09 Primal inf 2.6152506e+09 (148435)
Clp0006I 92000  Obj 3.1226656e+09 Primal inf 2.8065419e+09 (147577)
Clp0006I 93000  Obj 3.200514e+09 Primal inf 7.7200267e+08 (142968)
Clp0006I 94000  Obj 3.257561e+09 Primal inf 7.6802405e+08 (143405)
Clp0006I 95000  Obj 3.3025701e+09 Primal inf 9.1016696e+08 (140333)
Clp0006I 96000  Obj 3.3619417e+09 Primal inf 3.9655775e+09 (182355)
Clp0006I 97000  Obj 3.4314571e+09 Primal inf 8.1768382e+08 (150328)
Clp0006I 98000  Obj 3.5189615e+09 Primal inf 1.6424589e+09 (173153)
Clp0006I 99000  Obj 3.5596791e+09 Primal inf 7.4272556e+08 (144700)
Clp0006I 100000  Obj 3.6479381e+09 Primal inf 7.8619628e+08 (146473)
Clp0006I 101000  Obj 3.7135781e+09 Primal inf 1.3748699e+09 (168201)
Clp0006I 102000  Obj 3.7720944e+09 Primal inf 7.8380614e+08 (147434)
Clp0006I 103000  Obj 3.840144e+09 Primal inf 8.0073135e+08 (146315)
Clp0006I 104000  Obj 3.9055354e+09 Primal inf 7.8102479e+08 (147702)
Clp0006I 105000  Obj 3.9764407e+09 Primal inf 1.4720379e+09 (175927)
Clp0006I 106000  Obj 4.0373423e+09 Primal inf 7.5252765e+08 (145507)
Clp0006I 107000  Obj 4.1292798e+09 Primal inf 4.1517149e+09 (154394)
Clp0006I 108000  Obj 4.188154e+09 Primal inf 7.4284746e+08 (146654)
Clp0006I 109000  Obj 4.2935643e+09 Primal inf 1.2503467e+09 (155222)
Clp0006I 110000  Obj 4.3887582e+09 Primal inf 7.6706898e+08 (148197)
Clp0006I 111000  Obj 4.4774973e+09 Primal inf 8.3035778e+08 (148238)
Clp0006I 112000  Obj 4.5113158e+09 Primal inf 2.4427619e+09 (183307)
Clp0006I 113000  Obj 4.5144225e+09 Primal inf 1.6713077e+09 (183419)
Clp0006I 114000  Obj 4.5156524e+09 Primal inf 2.1629993e+09 (184710)
Clp0006I 115000  Obj 4.518176e+09 Primal inf 2.1721641e+09 (185400)
Clp0006I 116000  Obj 4.5208978e+09 Primal inf 2.1867466e+09 (185833)
Clp0006I 117000  Obj 4.5256266e+09 Primal inf 2.249095e+09 (192428)
Clp0006I 118000  Obj 4.5299241e+09 Primal inf 2.2589696e+09 (193042)
Clp0006I 119000  Obj 4.5380868e+09 Primal inf 5.210831e+09 (171122)
Clp0006I 120000  Obj 4.5544537e+09 Primal inf 3.200472e+09 (202283)
Clp0006I 121000  Obj 4.5707935e+09 Primal inf 9.8178381e+08 (167325)
Clp0006I 122000  Obj 4.5854227e+09 Primal inf 1.8540236e+09 (183986)
Clp0006I 123000  Obj 4.6099158e+09 Primal inf 1.0727218e+10 (205379)
Clp0006I 124000  Obj 4.6167303e+09 Primal inf 1.1316169e+09 (176249)
Clp0006I 125000  Obj 4.6539865e+09 Primal inf 1.16413e+09 (200567)
Clp0006I 126000  Obj 4.7107039e+09 Primal inf 3.0445285e+09 (212258)
Clp0006I 127000  Obj 4.7363146e+09 Primal inf 3.7097046e+09 (203237)
Clp0006I 128000  Obj 4.767879e+09 Primal inf 9.9701064e+08 (170166)
Clp0006I 129000  Obj 4.8332405e+09 Primal inf 7.1211266e+09 (212445)
Clp0006I 130000  Obj 4.8458404e+09 Primal inf 1.5334384e+10 (208132)
Clp0006I 131000  Obj 4.8732047e+09 Primal inf 1.2328781e+09 (203118)
Clp0006I 132000  Obj 4.9150272e+09 Primal inf 1.1161128e+09 (191630)
Clp0006I 133000  Obj 4.9754837e+09 Primal inf 1.3210252e+09 (178221)
Clp0006I 134000  Obj 5.0078992e+09 Primal inf 5.5569196e+09 (229833)
Clp0006I 135000  Obj 5.0216044e+09 Primal inf 1.1438734e+09 (179813)
Clp0006I 136000  Obj 5.0409901e+09 Primal inf 1.3611539e+09 (204329)
Clp0006I 137000  Obj 5.0860404e+09 Primal inf 1.2947242e+09 (179174)
Clp0006I 138000  Obj 5.1187487e+09 Primal inf 1.1983531e+09 (183419)
Clp0006I 139000  Obj 5.1516981e+09 Primal inf 1.4094014e+09 (184067)
Clp0006I 140000  Obj 5.1872189e+09 Primal inf 1.6724738e+09 (205841)
Clp0006I 141000  Obj 5.2203614e+09 Primal inf 1.2265707e+09 (181461)
Clp0006I 142000  Obj 5.2481983e+09 Primal inf 4.4122329e+09 (209959)
Clp0006I 143000  Obj 5.2589939e+09 Primal inf 1.4101691e+09 (180164)
Clp0006I 144000  Obj 5.2963105e+09 Primal inf 1.2048045e+09 (184725)
Clp0006I 145000  Obj 5.311098e+09 Primal inf 1.5134619e+09 (186433)
Clp0006I 146000  Obj 5.3455427e+09 Primal inf 1.887815e+09 (207523)
Clp0006I 147000  Obj 5.3536684e+09 Primal inf 1.327755e+09 (185588)
Clp0006I 148000  Obj 5.3925352e+09 Primal inf 9.100131e+08 (174526)
Clp0006I 149000  Obj 5.4315862e+09 Primal inf 1.2958011e+09 (183743)
Clp0006I 150000  Obj 5.4537173e+09 Primal inf 1.5624244e+09 (187170)
Clp0006I 151000  Obj 5.4619387e+09 Primal inf 1.5854557e+09 (187575)
Clp0006I 152000  Obj 5.4699096e+09 Primal inf 1.6074352e+09 (188242)
Clp0006I 153000  Obj 5.4745112e+09 Primal inf 1.5905325e+09 (188911)
Clp0006I 154000  Obj 5.4787074e+09 Primal inf 1.6165727e+09 (189655)
Clp0006I 155000  Obj 5.4875855e+09 Primal inf 1.5117134e+09 (190036)
Clp0006I 156000  Obj 5.4981993e+09 Primal inf 1.5167027e+09 (190526)
Clp0006I 157000  Obj 5.5031926e+09 Primal inf 1.4103657e+09 (191034)
Clp0006I 158000  Obj 5.5147278e+09 Primal inf 1.8456748e+09 (192073)
Clp0006I 159000  Obj 5.5256044e+09 Primal inf 1.8388938e+09 (192323)
Clp0006I 160000  Obj 5.5586146e+09 Primal inf 1.3698979e+09 (191952)
Clp0006I 161000  Obj 5.5724007e+09 Primal inf 1.190497e+09 (191263)
Clp0006I 162000  Obj 5.5973344e+09 Primal inf 1.8885862e+09 (191940)
Clp0006I 163000  Obj 5.6139623e+09 Primal inf 1.2463487e+09 (191261)
Clp0006I 164000  Obj 5.6220767e+09 Primal inf 2.0121705e+09 (191234)
Clp0006I 165000  Obj 5.6355005e+09 Primal inf 2.080169e+09 (189480)
Clp0006I 166000  Obj 5.6522127e+09 Primal inf 1.5466755e+09 (188257)
Clp0006I 167000  Obj 5.6744586e+09 Primal inf 1.8626176e+09 (190274)
Clp0006I 168000  Obj 5.7156896e+09 Primal inf 7.982134e+09 (187457)
Clp0006I 169000  Obj 5.7385672e+09 Primal inf 2.0084524e+09 (181414)
Clp0006I 170000  Obj 5.7678582e+09 Primal inf 1.2213806e+09 (205984)
Clp0006I 171000  Obj 5.7812557e+09 Primal inf 9.9079854e+08 (181973)
Clp0006I 172000  Obj 5.8174181e+09 Primal inf 8.0684518e+09 (190805)
Clp0006I 173000  Obj 5.8387708e+09 Primal inf 3.4830609e+09 (187720)
Clp0006I 174000  Obj 5.8563613e+09 Primal inf 2.4687286e+09 (193296)
Clp0006I 175000  Obj 5.9235853e+09 Primal inf 1.2121652e+09 (181392)
Clp0006I 176000  Obj 5.9703825e+09 Primal inf 2.2807379e+09 (215245)
Clp0006I 177000  Obj 5.991495e+09 Primal inf 1.3472427e+09 (180876)
Clp0006I 178000  Obj 6.0126247e+09 Primal inf 1.2733076e+09 (181460)
Clp0006I 179000  Obj 6.0255647e+09 Primal inf 3.6053812e+10 (228006)
Clp0006I 180000  Obj 6.0381385e+09 Primal inf 1.300288e+09 (182548)
Clp0006I 181000  Obj 6.0479227e+09 Primal inf 1.1739053e+09 (178744)
Clp0006I 182000  Obj 6.060871e+09 Primal inf 1.4822298e+09 (204761)
Clp0006I 183000  Obj 6.0854143e+09 Primal inf 1.1805958e+09 (181653)
Clp0006I 184000  Obj 6.1234452e+09 Primal inf 1.2197805e+09 (182007)
Clp0006I 185000  Obj 6.136076e+09 Primal inf 1.3828932e+09 (182377)
Clp0006I 186000  Obj 6.164839e+09 Primal inf 5.4363626e+10 (219537)
Clp0006I 187000  Obj 6.1935687e+09 Primal inf 1.3249588e+09 (180317)
Clp0006I 188000  Obj 6.2353672e+09 Primal inf 1.1905325e+09 (177584)
Clp0006I 189000  Obj 6.2563996e+09 Primal inf 1.4106593e+09 (181437)
Clp0006I 190000  Obj 6.2835626e+09 Primal inf 5.0140786e+09 (213740)
Clp0006I 191000  Obj 6.3106032e+09 Primal inf 1.1964273e+09 (176204)
Clp0006I 192000  Obj 6.3497619e+09 Primal inf 1.8322043e+09 (205237)
Clp0006I 193000  Obj 6.3803242e+09 Primal inf 1.256806e+09 (176404)
Clp0006I 194000  Obj 6.4122068e+09 Primal inf 1.0671311e+09 (178131)
Clp0006I 195000  Obj 6.4365618e+09 Primal inf 3.7199993e+09 (213925)
Clp0006I 196000  Obj 6.4864252e+09 Primal inf 2.5962715e+09 (212096)
Clp0006I 197000  Obj 6.5532453e+09 Primal inf 1.4864985e+09 (181576)
Clp0006I 198000  Obj 6.630955e+09 Primal inf 3.6637078e+10 (220604)
Clp0006I 199000  Obj 6.6524407e+09 Primal inf 4.6360583e+09 (213121)
Clp0006I 200000  Obj 6.6731648e+09 Primal inf 1.0523714e+09 (178148)
Clp0006I 201000  Obj 6.6899864e+09 Primal inf 3.075161e+10 (190434)
Clp0006I 202000  Obj 6.7116253e+09 Primal inf 2.1014375e+09 (211247)
Clp0006I 203000  Obj 6.7465892e+09 Primal inf 3.7489151e+09 (192645)
Clp0006I 204000  Obj 6.7560098e+09 Primal inf 1.4945584e+09 (185899)
Clp0006I 205000  Obj 6.7815883e+09 Primal inf 7.1093586e+09 (208794)
Clp0006I 206000  Obj 6.8371244e+09 Primal inf 2.8662899e+09 (190581)
Clp0006I 207000  Obj 6.8828563e+09 Primal inf 2.3471424e+10 (240578)
Clp0006I 208000  Obj 6.9223288e+09 Primal inf 1.4117964e+09 (184601)
Clp0006I 209000  Obj 6.957901e+09 Primal inf 2.2267322e+09 (184843)
Clp0006I 210000  Obj 6.9831615e+09 Primal inf 1.2655442e+09 (175031)
Clp0006I 211000  Obj 7.0072991e+09 Primal inf 4.2240925e+09 (213309)
Clp0006I 212000  Obj 7.0296841e+09 Primal inf 1.4247045e+09 (175940)
Clp0006I 213000  Obj 7.043766e+09 Primal inf 1.8010323e+09 (184723)
Clp0006I 214000  Obj 7.104689e+09 Primal inf 2.4200929e+09 (189894)
Clp0006I 215000  Obj 7.1261557e+09 Primal inf 1.2790101e+09 (178015)
Clp0006I 216000  Obj 7.1450821e+09 Primal inf 9.7353637e+09 (224338)
Clp0006I 217000  Obj 7.1629439e+09 Primal inf 2.9459921e+09 (176292)
Clp0006I 218000  Obj 7.1898435e+09 Primal inf 2.4288725e+09 (199716)
Clp0006I 219000  Obj 7.2316057e+09 Primal inf 2.8764366e+10 (216491)
Clp0006I 220000  Obj 7.2507348e+09 Primal inf 2.7862201e+09 (184588)
Clp0006I 221000  Obj 7.2687246e+09 Primal inf 1.3141643e+09 (175159)
Clp0006I 222000  Obj 7.2819542e+09 Primal inf 2.7632649e+09 (183890)
Clp0006I 223000  Obj 7.3092192e+09 Primal inf 2.9586282e+09 (215145)
Clp0006I 224000  Obj 7.338588e+09 Primal inf 1.3440227e+09 (178272)
Clp0006I 225000  Obj 7.3520044e+09 Primal inf 2.7164886e+09 (179238)
Clp0006I 226000  Obj 7.3864e+09 Primal inf 1.0033975e+10 (201230)
Clp0006I 227000  Obj 7.4076971e+09 Primal inf 1.6052477e+10 (241263)
Clp0006I 228000  Obj 7.4179284e+09 Primal inf 1.313895e+09 (174604)
Clp0006I 229000  Obj 7.4451268e+09 Primal inf 1.8760198e+09 (203622)
Clp0006I 230000  Obj 7.4670622e+09 Primal inf 1.2203749e+09 (173152)
Clp0006I 231000  Obj 7.4853042e+09 Primal inf 1.8008666e+09 (183800)
Clp0006I 232000  Obj 7.4923265e+09 Primal inf 1.2449311e+09 (174098)
Clp0006I 233000  Obj 7.4975996e+09 Primal inf 2.1940555e+09 (175953)
Clp0006I 234000  Obj 7.5071696e+09 Primal inf 1.3531357e+09 (176053)
Clp0006I 235000  Obj 7.5207873e+09 Primal inf 1.6310314e+09 (181971)
Clp0006I 236000  Obj 7.5334033e+09 Primal inf 1.5685876e+09 (175570)
Clp0006I 237000  Obj 7.5473089e+09 Primal inf 2.311881e+09 (175729)
Clp0006I 238000  Obj 7.5601635e+09 Primal inf 1.5934163e+09 (177186)
Clp0006I 239000  Obj 7.5701651e+09 Primal inf 2.9794876e+09 (184830)
Clp0006I 240000  Obj 7.5792675e+09 Primal inf 1.9057065e+09 (174416)
Clp0006I 241000  Obj 7.5861084e+09 Primal inf 8.5177387e+09 (212519)
Clp0006I 242000  Obj 7.5909138e+09 Primal inf 1.4561549e+09 (174139)
Clp0006I 243000  Obj 7.6048648e+09 Primal inf 3.2220057e+09 (203759)
Clp0006I 244000  Obj 7.6141082e+09 Primal inf 2.0923664e+09 (176771)
Clp0006I 245000  Obj 7.6404708e+09 Primal inf 1.9664547e+09 (175345)
Clp0006I 246000  Obj 7.647689e+09 Primal inf 3.5316577e+09 (176756)
Clp0006I 247000  Obj 7.6532882e+09 Primal inf 5.0615091e+09 (183601)
Clp0006I 248000  Obj 7.6634496e+09 Primal inf 3.052285e+09 (175913)
Clp0006I 249000  Obj 7.671486e+09 Primal inf 4.2615997e+09 (178310)
Clp0006I 250000  Obj 7.6810662e+09 Primal inf 3.359292e+09 (177756)
Clp0006I 251000  Obj 7.693141e+09 Primal inf 4.778723e+09 (208522)
Clp0006I 252000  Obj 7.7617048e+09 Primal inf 2.9568693e+09 (178790)
Clp0006I 253000  Obj 7.7883238e+09 Primal inf 3.2193592e+09 (180427)
Clp0006I 254000  Obj 7.8116189e+09 Primal inf 2.5900516e+09 (172689)
Clp0006I 255000  Obj 7.8821871e+09 Primal inf 1.0108841e+11 (245787)
Clp0006I 256000  Obj 7.9948754e+09 Primal inf 3.3220981e+09 (175136)
Clp0006I 256694  Obj 8.0289826e+09 Primal inf 5.4349421e+09 (203846)
Clp0006I 257694  Obj 8.0617739e+09 Primal inf 2.5512364e+10 (210307)
Clp0006I 258694  Obj 8.0802891e+09 Primal inf 3.6367275e+09 (174208)
Clp0006I 259694  Obj 8.1093355e+09 Primal inf 4.3873061e+09 (176049)
Clp0006I 260694  Obj 8.1273105e+09 Primal inf 2.5743794e+09 (173679)
Clp0006I 261694  Obj 8.3041046e+09 Primal inf 4.1388103e+09 (203560)
Clp0006I 262694  Obj 8.3505042e+09 Primal inf 4.7947146e+09 (200607)
Clp0006I 263694  Obj 8.4212347e+09 Primal inf 2.6197297e+10 (237800)
Clp0006I 264694  Obj 8.4460256e+09 Primal inf 4.5588704e+09 (186417)
Clp0006I 265694  Obj 8.5080418e+09 Primal inf 3.5841931e+09 (184549)
Clp0006I 266694  Obj 8.5877948e+09 Primal inf 7.2352405e+09 (175377)
Clp0006I 267694  Obj 8.6724203e+09 Primal inf 9.1239454e+09 (210419)
Clp0006I 268694  Obj 8.7682413e+09 Primal inf 2.3740593e+10 (225752)
Clp0006I 269694  Obj 8.8351792e+09 Primal inf 9.3934659e+09 (217674)
Clp0006I 270694  Obj 8.9010805e+09 Primal inf 4.3826518e+09 (219017)
Clp0006I 271694  Obj 8.9366258e+09 Primal inf 1.157199e+10 (222531)
Clp0006I 272694  Obj 9.0103271e+09 Primal inf 2.7183694e+09 (246102)
Clp0006I 273694  Obj 9.0672047e+09 Primal inf 4.8871765e+09 (219315)
Clp0006I 274694  Obj 9.1252024e+09 Primal inf 3.7131675e+09 (204733)
Clp0006I 275694  Obj 9.2206862e+09 Primal inf 4.6579883e+10 (205542)
Clp0006I 276694  Obj 9.2908031e+09 Primal inf 3.2804744e+10 (224273)
Clp0006I 277694  Obj 9.3730968e+09 Primal inf 7.360962e+09 (251822)
Clp0006I 278694  Obj 9.470573e+09 Primal inf 1.2866229e+10 (252183)
Clp0006I 279694  Obj 9.564341e+09 Primal inf 2.0464647e+10 (232303)
Clp0006I 280694  Obj 9.6709972e+09 Primal inf 3.1765732e+10 (250582)
Clp0006I 281694  Obj 9.7610918e+09 Primal inf 2.743672e+10 (238035)
Clp0006I 282694  Obj 9.84352e+09 Primal inf 1.0620002e+10 (247138)
Clp0006I 283694  Obj 9.937639e+09 Primal inf 1.3170694e+10 (242040)
Clp0006I 284694  Obj 1.0032494e+10 Primal inf 8.9202391e+09 (217778)
Clp0006I 285694  Obj 1.0119454e+10 Primal inf 3.3892365e+09 (188408)
Clp0006I 286694  Obj 1.0217e+10 Primal inf 4.1554348e+09 (190486)
Clp0006I 287694  Obj 1.0314144e+10 Primal inf 4.7111857e+09 (218722)
Clp0006I 288694  Obj 1.0415777e+10 Primal inf 2.7073982e+10 (235299)
Clp0006I 289658  Obj 1.0489288e+10 Primal inf 7.2343934e+10 (242383)
Clp0006I 290463  Obj 1.0545513e+10 Primal inf 2.0130876e+10 (226866)
Clp0006I 291286  Obj 1.0608312e+10 Primal inf 1.0961158e+10 (232402)
Clp0006I 292286  Obj 1.0665967e+10 Primal inf 1.0979091e+10 (229381)
Clp0006I 293286  Obj 1.0736367e+10 Primal inf 6.7833947e+09 (194903)
Clp0006I 294286  Obj 1.0807927e+10 Primal inf 2.4447757e+10 (199527)
Clp0006I 295286  Obj 1.0881588e+10 Primal inf 2.242753e+09 (191154)
Clp0006I 296286  Obj 1.0963896e+10 Primal inf 2.2326287e+09 (187757)
Clp0006I 297286  Obj 1.1045956e+10 Primal inf 2.4221782e+10 (218942)
Clp0006I 298286  Obj 1.1115083e+10 Primal inf 2.865476e+10 (238113)
Clp0006I 299286  Obj 1.1190263e+10 Primal inf 5.5341066e+09 (199374)
Clp0006I 300286  Obj 1.1234754e+10 Primal inf 1.1807328e+10 (230356)
Clp0006I 301286  Obj 1.1290494e+10 Primal inf 4.7906885e+10 (227845)
Clp0006I 302286  Obj 1.1351015e+10 Primal inf 1.8683506e+10 (256605)
Clp0006I 303286  Obj 1.1396852e+10 Primal inf 2.0868314e+10 (253361)
Clp0006I 304286  Obj 1.1451294e+10 Primal inf 3.2297815e+09 (189005)
Clp0006I 305286  Obj 1.1517389e+10 Primal inf 6.3064364e+10 (227214)
Clp0006I 306286  Obj 1.1597602e+10 Primal inf 2.9119584e+09 (210961)
Clp0006I 307286  Obj 1.1669817e+10 Primal inf 5.119947e+10 (252826)
Clp0006I 308286  Obj 1.1730814e+10 Primal inf 4.7354924e+09 (244889)
Clp0006I 309286  Obj 1.1788952e+10 Primal inf 2.1902205e+10 (225633)
Clp0006I 310286  Obj 1.1845009e+10 Primal inf 8.2083263e+09 (233317)
Clp0006I 311025  Obj 1.1890184e+10 Primal inf 5.1218281e+10 (208211)
Clp0006I 312025  Obj 1.1963349e+10 Primal inf 2.1688509e+09 (198933)
Clp0006I 313025  Obj 1.203574e+10 Primal inf 6.1100246e+09 (234551)
Clp0006I 314025  Obj 1.2102097e+10 Primal inf 2.2941766e+10 (223216)
Clp0006I 315025  Obj 1.2169567e+10 Primal inf 2.8720729e+10 (231770)
Clp0006I 316025  Obj 1.2229151e+10 Primal inf 9.7012935e+09 (236750)
Clp0006I 317025  Obj 1.2283533e+10 Primal inf 4.2848452e+10 (200419)
Clp0006I 318025  Obj 1.2343613e+10 Primal inf 2.2870889e+10 (200363)
Clp0006I 319025  Obj 1.2393331e+10 Primal inf 2.8170112e+10 (226679)
Clp0006I 320025  Obj 1.2441134e+10 Primal inf 3.2407114e+10 (225725)
Clp0006I 320995  Obj 1.2504523e+10 Primal inf 8.8369554e+09 (227952)
Clp0006I 321995  Obj 1.25598e+10 Primal inf 4.8629234e+10 (233279)
Clp0006I 322995  Obj 1.2598737e+10 Primal inf 3.0348748e+09 (215385)
Clp0006I 323995  Obj 1.2641834e+10 Primal inf 1.662005e+10 (228628)
Clp0006I 324995  Obj 1.2680244e+10 Primal inf 2.7443036e+10 (243838)
Clp0006I 325995  Obj 1.2746476e+10 Primal inf 1.6177083e+09 (188341)
Clp0006I 326995  Obj 1.2795211e+10 Primal inf 4.6109418e+09 (221010)
Clp0006I 327995  Obj 1.284671e+10 Primal inf 1.9445758e+10 (233608)
Clp0006I 328995  Obj 1.2892428e+10 Primal inf 1.8912346e+09 (219120)
Clp0006I 329995  Obj 1.2924663e+10 Primal inf 1.3230296e+10 (229415)
Clp0006I 330995  Obj 1.2957173e+10 Primal inf 2.0942296e+09 (217485)
Clp0006I 331995  Obj 1.2998173e+10 Primal inf 1.060722e+10 (242622)
Clp0006I 332995  Obj 1.3041368e+10 Primal inf 6.2327251e+09 (212988)
Clp0006I 333995  Obj 1.3055128e+10 Primal inf 1.3905593e+09 (201196)
Clp0006I 334995  Obj 1.3085023e+10 Primal inf 2.9596997e+09 (231301)
Clp0006I 335995  Obj 1.3086798e+10 Primal inf 5.5571533e+09 (201928)
Clp0006I 336995  Obj 1.309568e+10 Primal inf 1.0511895e+11 (212371)
Clp0006I 337995  Obj 1.3105145e+10 Primal inf 1.9300439e+10 (210698)
Clp0006I 338995  Obj 1.3111323e+10 Primal inf 1.0471593e+10 (233976)
Clp0006I 339995  Obj 1.3113927e+10 Primal inf 1.897493e+10 (207917)
Clp0006I 340995  Obj 1.3131191e+10 Primal inf 1.5761412e+11 (238427)
Clp0006I 341995  Obj 1.3139781e+10 Primal inf 5.752941e+09 (206561)
Clp0006I 342995  Obj 1.3144737e+10 Primal inf 1.9693142e+09 (210482)
Clp0006I 343995  Obj 1.3157073e+10 Primal inf 2.4715938e+09 (199108)
Clp0006I 344995  Obj 1.3181337e+10 Primal inf 2.8191247e+09 (232207)
Clp0006I 345995  Obj 1.3210082e+10 Primal inf 3.0879931e+09 (214304)
Clp0006I 346995  Obj 1.3242287e+10 Primal inf 3.1858336e+09 (198113)
Clp0006I 347995  Obj 1.3269495e+10 Primal inf 4.3076516e+09 (228247)
Clp0006I 348995  Obj 1.3290405e+10 Primal inf 2.8296408e+09 (236147)
Clp0006I 349995  Obj 1.3305901e+10 Primal inf 2.1938575e+09 (199282)
Clp0006I 350995  Obj 1.3328454e+10 Primal inf 4.2453887e+09 (238748)
Clp0006I 351995  Obj 1.3336406e+10 Primal inf 1.0058326e+09 (201164)
Clp0006I 352995  Obj 1.3368149e+10 Primal inf 1.6458772e+09 (222752)
Clp0006I 353995  Obj 1.3385379e+10 Primal inf 1.8220763e+09 (204043)
Clp0006I 354995  Obj 1.3546273e+10 Primal inf 1.4125196e+10 (237646)
Clp0006I 355995  Obj 1.3552841e+10 Primal inf 1.1308532e+10 (251013)
Clp0006I 356995  Obj 1.3576407e+10 Primal inf 2.9715236e+09 (225637)
Clp0006I 357995  Obj 1.3600603e+10 Primal inf 5.2740333e+09 (242272)
Clp0006I 358995  Obj 1.3626679e+10 Primal inf 3.78029e+09 (225119)
Clp0006I 359995  Obj 1.3637409e+10 Primal inf 2.2147843e+09 (238293)
Clp0006I 360995  Obj 1.3660511e+10 Primal inf 4.3988749e+09 (248641)
Clp0006I 361995  Obj 1.3668155e+10 Primal inf 2.9333734e+09 (216374)
Clp0006I 362995  Obj 1.3668556e+10 Primal inf 1.0526912e+09 (211577)
Clp0006I 363995  Obj 1.3693118e+10 Primal inf 2.1848999e+09 (207577)
Clp0006I 364995  Obj 1.3710008e+10 Primal inf 9.6340068e+08 (201856)
Clp0006I 365995  Obj 1.3722027e+10 Primal inf 1.4436254e+09 (212435)
Clp0006I 366995  Obj 1.372743e+10 Primal inf 4.9819088e+09 (231969)
Clp0006I 367995  Obj 1.3737557e+10 Primal inf 3.4645468e+09 (227857)
Clp0006I 368995  Obj 1.3741243e+10 Primal inf 4.1696756e+09 (245874)
Clp0006I 369995  Obj 1.3756628e+10 Primal inf 1.5221828e+09 (228614)
Clp0006I 370995  Obj 1.376878e+10 Primal inf 5.5547096e+09 (236050)
Clp0006I 371995  Obj 1.3777153e+10 Primal inf 1.7698556e+09 (205208)
Clp0006I 372995  Obj 1.3781321e+10 Primal inf 2.1248847e+09 (199144)
Clp0006I 373995  Obj 1.3789829e+10 Primal inf 1.6127194e+10 (223256)
Clp0006I 374995  Obj 1.3811047e+10 Primal inf 4.4262463e+09 (224075)
Clp0006I 375995  Obj 1.3819474e+10 Primal inf 3.5356339e+10 (232669)
Clp0006I 376995  Obj 1.3822469e+10 Primal inf 2.6252116e+10 (292832)
Clp0006I 377995  Obj 1.3826267e+10 Primal inf 1.14465e+09 (221430)
Clp0006I 378995  Obj 1.3860104e+10 Primal inf 4.7211953e+09 (247064)
Clp0006I 379995  Obj 1.3868825e+10 Primal inf 3.4583151e+09 (221875)
Clp0006I 380995  Obj 1.389097e+10 Primal inf 2.3685389e+09 (244270)
Clp0006I 381995  Obj 1.3901848e+10 Primal inf 5.1064036e+09 (266093)
Clp0006I 382995  Obj 1.3920109e+10 Primal inf 2.3159283e+09 (249692)
Clp0006I 383995  Obj 1.3951741e+10 Primal inf 1.1682294e+11 (274900)
Clp0006I 384995  Obj 1.3968774e+10 Primal inf 1.620615e+09 (220245)
Clp0006I 385995  Obj 1.3983614e+10 Primal inf 1.131559e+09 (230945)
Clp0006I 386995  Obj 1.4004833e+10 Primal inf 4.5712292e+09 (247967)
Clp0006I 387995  Obj 1.4026931e+10 Primal inf 4.5390682e+09 (229964)
Clp0006I 388995  Obj 1.4044835e+10 Primal inf 6.9376984e+08 (214406)
Clp0006I 389995  Obj 1.4071992e+10 Primal inf 4.9361036e+09 (258520)
Clp0006I 390995  Obj 1.4083188e+10 Primal inf 1.2015993e+09 (249185)
Clp0006I 391995  Obj 1.4092677e+10 Primal inf 2.6303375e+09 (239728)
Clp0006I 392995  Obj 1.4100631e+10 Primal inf 3.234037e+09 (268003)
Clp0006I 393995  Obj 1.4122622e+10 Primal inf 2.7933794e+09 (276320)
Clp0006I 394995  Obj 1.4130746e+10 Primal inf 2.0300513e+09 (239292)
Clp0006I 395995  Obj 1.4153059e+10 Primal inf 1.6170442e+09 (250025)
Clp0006I 396995  Obj 1.4168895e+10 Primal inf 1.3951221e+09 (254229)
Clp0006I 397995  Obj 1.4175533e+10 Primal inf 1.3391571e+09 (253861)
Clp0006I 398995  Obj 1.418554e+10 Primal inf 3.589147e+09 (278077)
Clp0006I 399995  Obj 1.4194608e+10 Primal inf 4.9205909e+09 (243549)
Clp0006I 400995  Obj 1.4204855e+10 Primal inf 3.8527666e+09 (272432)
Clp0006I 401995  Obj 1.4212748e+10 Primal inf 8.9963466e+08 (218209)
Clp0006I 402995  Obj 1.4220219e+10 Primal inf 3.4344721e+10 (240084)
Clp0006I 403995  Obj 1.4225904e+10 Primal inf 1.1982289e+10 (212163)
Clp0006I 404995  Obj 1.4229493e+10 Primal inf 1.5957475e+10 (239374)
Clp0006I 405995  Obj 1.4234444e+10 Primal inf 2.3946319e+09 (237121)
Clp0006I 406995  Obj 1.4244242e+10 Primal inf 6.6059798e+10 (243255)
Clp0006I 407995  Obj 1.425141e+10 Primal inf 2.3231938e+09 (238414)
Clp0006I 408995  Obj 1.4261948e+10 Primal inf 1.4762292e+09 (252233)
Clp0006I 409995  Obj 1.4277139e+10 Primal inf 2.6936887e+09 (268280)
Clp0006I 410995  Obj 1.4292707e+10 Primal inf 6.7787116e+09 (265732)
Clp0006I 411995  Obj 1.4323354e+10 Primal inf 1.3764151e+09 (220191)
Clp0006I 412995  Obj 1.4333915e+10 Primal inf 1.1525707e+09 (226798)
Clp0006I 413995  Obj 1.4358712e+10 Primal inf 1.0643304e+09 (249950)
Clp0006I 414995  Obj 1.4378285e+10 Primal inf 1.627388e+09 (226202)
Clp0006I 415995  Obj 1.4391396e+10 Primal inf 1.7769239e+09 (259431)
Clp0006I 416995  Obj 1.4396558e+10 Primal inf 7.579393e+08 (221988)
Clp0006I 417995  Obj 1.4397198e+10 Primal inf 3.2991301e+09 (239623)
Clp0006I 418995  Obj 1.4401822e+10 Primal inf 1.8656898e+10 (234211)
Clp0006I 419995  Obj 1.4420933e+10 Primal inf 2.2122256e+09 (239419)
Clp0006I 420995  Obj 1.4432427e+10 Primal inf 1.3710409e+10 (237716)
Clp0006I 421995  Obj 1.4441679e+10 Primal inf 1.2873277e+09 (231661)
Clp0006I 422995  Obj 1.445236e+10 Primal inf 2.218955e+09 (237180)
Clp0006I 423995  Obj 1.4457422e+10 Primal inf 9.3365439e+09 (251661)
Clp0006I 424995  Obj 1.4462482e+10 Primal inf 2.1655069e+09 (235869)
Clp0006I 425995  Obj 1.4475511e+10 Primal inf 4.3097438e+09 (250302)
Clp0006I 426995  Obj 1.448179e+10 Primal inf 4.155699e+09 (270557)
Clp0006I 427995  Obj 1.4492399e+10 Primal inf 3.5277569e+09 (242537)
Clp0006I 428995  Obj 1.4498902e+10 Primal inf 2.8957588e+09 (275022)
Clp0006I 429995  Obj 1.4505773e+10 Primal inf 1.0446174e+10 (258539)
Clp0006I 430995  Obj 1.4523288e+10 Primal inf 3.6206468e+09 (233417)
Clp0006I 431995  Obj 1.4529277e+10 Primal inf 1.33967e+09 (230689)
Clp0006I 432995  Obj 1.454569e+10 Primal inf 3.6597117e+09 (264548)
Clp0006I 433995  Obj 1.4551558e+10 Primal inf 6.5535522e+09 (256976)
Clp0006I 434995  Obj 1.4564584e+10 Primal inf 1.3329516e+10 (301126)
Clp0006I 435995  Obj 1.4576528e+10 Primal inf 2.4584799e+09 (256335)
Clp0006I 436995  Obj 1.458895e+10 Primal inf 1.5193445e+09 (244901)
Clp0006I 437995  Obj 1.4593392e+10 Primal inf 9.1556333e+08 (222157)
Clp0006I 438995  Obj 1.4603769e+10 Primal inf 3.4869789e+09 (251662)
Clp0006I 439995  Obj 1.4608839e+10 Primal inf 1.2315205e+09 (226317)
Clp0006I 440995  Obj 1.4617748e+10 Primal inf 2.3098446e+09 (237585)
Clp0006I 441995  Obj 1.4624753e+10 Primal inf 4.1582775e+09 (272128)
Clp0006I 442995  Obj 1.4648059e+10 Primal inf 2.0066739e+09 (251748)
Clp0006I 443995  Obj 1.4661325e+10 Primal inf 5.1913438e+09 (272019)
Clp0006I 444995  Obj 1.46687e+10 Primal inf 4.4133876e+09 (260715)
Clp0006I 445995  Obj 1.4686346e+10 Primal inf 1.0043041e+09 (239631)
Clp0006I 446995  Obj 1.4704782e+10 Primal inf 7.3864341e+09 (268082)
Clp0006I 447995  Obj 1.471117e+10 Primal inf 2.5894391e+09 (271096)
Clp0006I 448995  Obj 1.4724922e+10 Primal inf 1.3832883e+10 (264512)
Clp0006I 449995  Obj 1.4744685e+10 Primal inf 2.0546781e+09 (291610)
Clp0006I 450995  Obj 1.4761539e+10 Primal inf 2.3362132e+09 (244719)
Clp0006I 451995  Obj 1.4772857e+10 Primal inf 1.908688e+09 (269977)
Clp0006I 452995  Obj 1.4782418e+10 Primal inf 3.0068784e+09 (259563)
Clp0006I 453995  Obj 1.4787885e+10 Primal inf 1.2203665e+09 (225976)
Clp0006I 454995  Obj 1.4804959e+10 Primal inf 1.9315425e+10 (269201)
Clp0006I 455995  Obj 1.4810588e+10 Primal inf 7.4328296e+08 (215624)
Clp0006I 456995  Obj 1.4821077e+10 Primal inf 1.9494243e+09 (223917)
Clp0006I 457995  Obj 1.4825076e+10 Primal inf 1.5782597e+09 (228387)
Clp0006I 458995  Obj 1.4828668e+10 Primal inf 8.8105262e+08 (221285)
Clp0006I 459995  Obj 1.4832162e+10 Primal inf 1.6646666e+09 (246861)
Clp0006I 460995  Obj 1.4838919e+10 Primal inf 9.4353201e+08 (219584)
Clp0006I 461995  Obj 1.4843301e+10 Primal inf 1.8929185e+10 (285811)
Clp0006I 462995  Obj 1.4848514e+10 Primal inf 1.4232121e+09 (223650)
Clp0006I 463995  Obj 1.4856596e+10 Primal inf 1.3878345e+09 (247178)
Clp0006I 464995  Obj 1.4863192e+10 Primal inf 3.9364603e+10 (264775)
Clp0006I 465995  Obj 1.4870718e+10 Primal inf 1.5934625e+09 (267446)
Clp0006I 466995  Obj 1.4875802e+10 Primal inf 8.0752324e+09 (262380)
Clp0006I 467995  Obj 1.4878509e+10 Primal inf 1.3032301e+09 (248973)
Clp0006I 468995  Obj 1.4890242e+10 Primal inf 8.1698045e+08 (224583)
Clp0006I 469995  Obj 1.4899148e+10 Primal inf 1.7857101e+09 (232096)
Clp0006I 470995  Obj 1.490458e+10 Primal inf 1.3454251e+09 (238024)
Clp0006I 471995  Obj 1.491152e+10 Primal inf 1.2487207e+09 (223011)
Clp0006I 472995  Obj 1.4918308e+10 Primal inf 2.1381663e+09 (244843)
Clp0006I 473995  Obj 1.4921056e+10 Primal inf 1.0069752e+09 (244891)
Clp0006I 474995  Obj 1.4924331e+10 Primal inf 1.5865571e+09 (263703)
Clp0006I 475995  Obj 1.4931252e+10 Primal inf 3.3024517e+09 (239736)
Clp0006I 476995  Obj 1.4937628e+10 Primal inf 1.7741224e+09 (271898)
Clp0006I 477995  Obj 1.4947612e+10 Primal inf 1.6863377e+09 (254868)
Clp0006I 478995  Obj 1.4968316e+10 Primal inf 1.1262516e+10 (306753)
Clp0006I 479995  Obj 1.4976486e+10 Primal inf 2.0237679e+09 (252055)
Clp0006I 480995  Obj 1.4981876e+10 Primal inf 2.1598523e+10 (297198)
Clp0006I 481995  Obj 1.4989898e+10 Primal inf 3.3439387e+10 (291173)
Clp0006I 482995  Obj 1.5026739e+10 Primal inf 3.8679251e+09 (246934)
Clp0006I 483995  Obj 1.5052622e+10 Primal inf 3.429272e+09 (285917)
Clp0006I 484995  Obj 1.506213e+10 Primal inf 3.2514088e+09 (302927)
Clp0006I 485995  Obj 1.5074303e+10 Primal inf 2.657107e+10 (290580)
Clp0006I 486995  Obj 1.5089875e+10 Primal inf 2.1549375e+09 (271018)
Clp0006I 487995  Obj 1.5099966e+10 Primal inf 8.8215416e+08 (255699)
Clp0006I 488995  Obj 1.5134678e+10 Primal inf 3.2882466e+09 (243097)
Clp0006I 489995  Obj 1.51424e+10 Primal inf 2.8009707e+09 (271988)
Clp0006I 490995  Obj 1.5152471e+10 Primal inf 1.7328651e+09 (303501)
Clp0006I 491995  Obj 1.5160918e+10 Primal inf 1.5203517e+10 (309204)
Clp0006I 492995  Obj 1.5171096e+10 Primal inf 2.2003252e+09 (254352)
Clp0006I 493995  Obj 1.5178256e+10 Primal inf 2.86729e+09 (306045)
Clp0006I 494995  Obj 1.5192081e+10 Primal inf 1.0767725e+11 (259588)
Clp0006I 495995  Obj 1.521834e+10 Primal inf 1.1959403e+11 (319427)
Clp0006I 496995  Obj 1.5250087e+10 Primal inf 2.1708996e+10 (281809)
Clp0006I 497995  Obj 1.5256893e+10 Primal inf 4.2951123e+09 (278555)
Clp0006I 498995  Obj 1.527558e+10 Primal inf 5.3544051e+10 (324539)
Clp0006I 499995  Obj 1.5287312e+10 Primal inf 2.2371543e+10 (305937)
Clp0006I 500995  Obj 1.5298266e+10 Primal inf 5.0356311e+09 (281280)
Clp0006I 501995  Obj 1.5304715e+10 Primal inf 2.8751751e+09 (242525)
Clp0006I 502995  Obj 1.5313004e+10 Primal inf 4.992903e+09 (281461)
Clp0006I 503995  Obj 1.5343811e+10 Primal inf 3.043997e+09 (261556)
Clp0006I 504995  Obj 1.5351384e+10 Primal inf 1.973147e+09 (260448)
Clp0006I 505995  Obj 1.5374425e+10 Primal inf 3.0889242e+10 (298912)
Clp0006I 506995  Obj 1.5385739e+10 Primal inf 2.5893255e+09 (269623)
Clp0006I 507995  Obj 1.5390163e+10 Primal inf 3.2936472e+10 (297769)
Clp0006I 508995  Obj 1.5396835e+10 Primal inf 2.7239323e+09 (299441)
Clp0006I 509995  Obj 1.5406641e+10 Primal inf 2.1068125e+10 (313563)
Clp0006I 510995  Obj 1.5417965e+10 Primal inf 1.1415075e+10 (312511)
Clp0006I 511995  Obj 1.5425906e+10 Primal inf 1.0600113e+10 (312249)
Clp0006I 512995  Obj 1.5437655e+10 Primal inf 2.3244278e+10 (317067)
Clp0006I 513995  Obj 1.5463247e+10 Primal inf 1.0459858e+11 (322429)
Clp0006I 514995  Obj 1.5471847e+10 Primal inf 3.2819414e+09 (255161)
Clp0006I 515995  Obj 1.5478126e+10 Primal inf 4.2908633e+09 (301181)
Clp0006I 516995  Obj 1.5490511e+10 Primal inf 8.3147592e+09 (298640)
Clp0006I 517995  Obj 1.550253e+10 Primal inf 3.9477426e+10 (294683)
Clp0006I 518995  Obj 1.551602e+10 Primal inf 6.8066099e+09 (322847)
Clp0006I 519995  Obj 1.5529286e+10 Primal inf 7.2944784e+09 (297362)
Clp0006I 520995  Obj 1.5536033e+10 Primal inf 3.3162371e+10 (287588)
Clp0006I 521995  Obj 1.5553357e+10 Primal inf 2.7604029e+10 (324703)
Clp0006I 522995  Obj 1.5575474e+10 Primal inf 3.5289464e+10 (321078)
Clp0006I 523995  Obj 1.559766e+10 Primal inf 3.5376062e+10 (340044)
Clp0006I 524995  Obj 1.5613794e+10 Primal inf 6.3364093e+10 (361750)
Clp0006I 525995  Obj 1.56271e+10 Primal inf 6.5758768e+10 (310619)
Clp0006I 526995  Obj 1.564476e+10 Primal inf 5.3980869e+09 (295777)
Clp0006I 527995  Obj 1.565251e+10 Primal inf 1.704102e+10 (329478)
Clp0006I 528995  Obj 1.5662888e+10 Primal inf 7.9730657e+09 (289882)
Clp0006I 529995  Obj 1.5666659e+10 Primal inf 8.9282063e+09 (318382)
Clp0006I 530995  Obj 1.5676515e+10 Primal inf 4.5249626e+11 (312835)
Clp0006I 531995  Obj 1.5687194e+10 Primal inf 2.0077151e+11 (345845)
Clp0006I 532995  Obj 1.5704415e+10 Primal inf 8.4463735e+09 (339979)
Clp0006I 533995  Obj 1.5719253e+10 Primal inf 4.7272154e+10 (323059)
Clp0006I 534995  Obj 1.5734468e+10 Primal inf 3.971444e+10 (328201)
Clp0006I 535995  Obj 1.5744705e+10 Primal inf 1.1948244e+10 (307011)
Clp0006I 536995  Obj 1.5751749e+10 Primal inf 2.529196e+10 (316784)
Clp0006I 537995  Obj 1.5761847e+10 Primal inf 7.2915857e+10 (368221)
Clp0006I 538995  Obj 1.5767765e+10 Primal inf 1.2360568e+10 (330921)
Clp0006I 539995  Obj 1.578084e+10 Primal inf 1.6913901e+10 (307340)
Clp0006I 540995  Obj 1.579748e+10 Primal inf 6.5866099e+09 (296919)
Clp0006I 541995  Obj 1.5810865e+10 Primal inf 2.5993827e+10 (340974)
Clp0006I 542995  Obj 1.5827172e+10 Primal inf 1.3332274e+11 (308139)
Clp0006I 543995  Obj 1.5850416e+10 Primal inf 1.835071e+10 (326435)
Clp0006I 544995  Obj 1.5862914e+10 Primal inf 3.9103783e+10 (308210)
Clp0006I 545995  Obj 1.5874604e+10 Primal inf 6.7175605e+10 (364248)
Clp0006I 546995  Obj 1.5884551e+10 Primal inf 1.2642439e+12 (360493)
Clp0006I 547995  Obj 1.589469e+10 Primal inf 1.7792267e+12 (366742)
Clp0006I 548995  Obj 1.5905384e+10 Primal inf 2.7881327e+11 (313181) Dual inf 3.2806899e-09 (1)
Clp0006I 549995  Obj 1.5915264e+10 Primal inf 3.1677969e+11 (344051)
Clp0006I 550995  Obj 1.5923756e+10 Primal inf 6.1605569e+11 (349074)
Clp0006I 551995  Obj 1.5934455e+10 Primal inf 7.5293328e+09 (312242)
Clp0006I 552995  Obj 1.5945765e+10 Primal inf 8.6681077e+10 (349299)
Clp0006I 553995  Obj 1.5958213e+10 Primal inf 8.9778745e+10 (330915)
Clp0006I 554995  Obj 1.5960044e+10 Primal inf 5.5395697e+09 (264298)
Clp0006I 555995  Obj 1.5970138e+10 Primal inf 2.2454395e+10 (281923)
Clp0006I 556995  Obj 1.5977844e+10 Primal inf 4.9756411e+10 (359427)
Clp0006I 557995  Obj 1.5986952e+10 Primal inf 1.8894825e+10 (287550)
Clp0006I 558995  Obj 1.6002389e+10 Primal inf 2.8208969e+10 (307423)
Clp0006I 559995  Obj 1.6019991e+10 Primal inf 4.9046737e+10 (317137)
Clp0006I 560995  Obj 1.6035574e+10 Primal inf 4.9957636e+10 (350631)
Clp0006I 561995  Obj 1.6041605e+10 Primal inf 2.5477623e+09 (326816)
Clp0006I 562995  Obj 1.6053529e+10 Primal inf 4.7124318e+09 (293780)
Clp0006I 563995  Obj 1.6070618e+10 Primal inf 6.2486256e+11 (338488)
Clp0006I 564995  Obj 1.608716e+10 Primal inf 1.4036858e+11 (325366)
Clp0006I 565995  Obj 1.6101832e+10 Primal inf 1.8421789e+11 (305389)
Clp0006I 566995  Obj 1.6121559e+10 Primal inf 3.2974611e+10 (291499)
Clp0006I 567995  Obj 1.6144964e+10 Primal inf 1.2792096e+10 (294582)
Clp0006I 568995  Obj 1.6158908e+10 Primal inf 2.0949651e+10 (334046)
Clp0006I 569995  Obj 1.6173939e+10 Primal inf 3.1404339e+11 (404811)
Clp0006I 570995  Obj 1.6188599e+10 Primal inf 4.7107629e+11 (328114)
Clp0006I 571995  Obj 1.6203547e+10 Primal inf 5.0718264e+10 (332391)
Clp0006I 572995  Obj 1.6216248e+10 Primal inf 4.8716243e+10 (342769)
Clp0006I 573995  Obj 1.6234596e+10 Primal inf 1.4602017e+10 (356317)
Clp0006I 574995  Obj 1.6249881e+10 Primal inf 7.3084925e+10 (370535)
Clp0006I 575995  Obj 1.6261178e+10 Primal inf 9.5963507e+09 (302832)
Clp0006I 576995  Obj 1.6268503e+10 Primal inf 4.352172e+10 (354540)
Clp0006I 577995  Obj 1.627878e+10 Primal inf 6.1498138e+10 (367422)
Clp0006I 578995  Obj 1.6291038e+10 Primal inf 6.3011376e+10 (366176)
Clp0006I 579995  Obj 1.6302135e+10 Primal inf 4.1422693e+10 (343283)
Clp0006I 580995  Obj 1.631689e+10 Primal inf 1.376202e+10 (309663)
Clp0006I 581995  Obj 1.6319952e+10 Primal inf 1.6706582e+10 (300814)
Clp0006I 582995  Obj 1.6342474e+10 Primal inf 2.7213286e+10 (382406)
Clp0006I 583995  Obj 1.6359573e+10 Primal inf 3.221432e+09 (354039)
Clp0006I 584995  Obj 1.6368791e+10 Primal inf 8.8903075e+09 (332704)
Clp0006I 585995  Obj 1.6383969e+10 Primal inf 3.1565826e+10 (381708)
Clp0006I 586995  Obj 1.6399709e+10 Primal inf 1.9624454e+10 (384717)
Clp0006I 587995  Obj 1.6412245e+10 Primal inf 4.0841128e+10 (373027)
Clp0006I 588995  Obj 1.6425081e+10 Primal inf 7.105837e+10 (322477)
Clp0006I 589995  Obj 1.6431103e+10 Primal inf 8.6621911e+09 (290819)
Clp0006I 590995  Obj 1.6454796e+10 Primal inf 2.1045972e+11 (346535)
Clp0006I 591995  Obj 1.6459595e+10 Primal inf 1.0276417e+10 (363354)
Clp0006I 592995  Obj 1.6467453e+10 Primal inf 5.1982559e+10 (359096)
Clp0006I 593995  Obj 1.6476858e+10 Primal inf 2.0377795e+11 (364731)
Clp0006I 594995  Obj 1.6493186e+10 Primal inf 1.5096658e+11 (380771)
Clp0006I 595995  Obj 1.650072e+10 Primal inf 1.5302206e+11 (395817)
Clp0006I 596995  Obj 1.650907e+10 Primal inf 5.6577021e+10 (402108)
Clp0006I 597995  Obj 1.6524041e+10 Primal inf 4.5006966e+10 (360522)
Clp0006I 598995  Obj 1.6529242e+10 Primal inf 4.6978609e+09 (330852)
Clp0006I 599995  Obj 1.6542014e+10 Primal inf 1.2738449e+10 (340810)
Clp0006I 600995  Obj 1.6550677e+10 Primal inf 1.271366e+11 (403770)
Clp0006I 601995  Obj 1.6563537e+10 Primal inf 2.2829191e+10 (365636)
Clp0006I 602995  Obj 1.6569644e+10 Primal inf 2.0047583e+11 (381404)
Clp0006I 603995  Obj 1.657529e+10 Primal inf 1.3270082e+10 (367425)
Clp0006I 604995  Obj 1.6584332e+10 Primal inf 1.3533512e+11 (349952)
Clp0006I 605995  Obj 1.6595918e+10 Primal inf 2.5776076e+10 (384584)
Clp0006I 606995  Obj 1.660214e+10 Primal inf 7.5232121e+09 (296545)
Clp0006I 607995  Obj 1.6611284e+10 Primal inf 3.5668574e+10 (322431)
Clp0006I 608995  Obj 1.6630355e+10 Primal inf 8.2408122e+10 (354844)
Clp0006I 609995  Obj 1.6653528e+10 Primal inf 1.9183645e+11 (363666)
Clp0006I 610995  Obj 1.666705e+10 Primal inf 1.8485947e+11 (346759)
Clp0006I 611995  Obj 1.6681568e+10 Primal inf 1.1178169e+11 (388319)
Clp0006I 612995  Obj 1.6688622e+10 Primal inf 1.3689522e+10 (377695)
Clp0006I 613995  Obj 1.6710189e+10 Primal inf 2.4117108e+11 (335294)
Clp0006I 614995  Obj 1.6726633e+10 Primal inf 6.380829e+10 (337647)
Clp0006I 615995  Obj 1.6738761e+10 Primal inf 1.0401608e+11 (394868)
Clp0006I 616995  Obj 1.6752296e+10 Primal inf 9.9884422e+11 (375707)
Clp0006I 617995  Obj 1.6766724e+10 Primal inf 1.5987868e+10 (386582)
Clp0006I 618995  Obj 1.6776756e+10 Primal inf 2.822799e+10 (369132)
Clp0006I 619995  Obj 1.6787694e+10 Primal inf 3.2602686e+11 (395735)
Clp0006I 620995  Obj 1.6808136e+10 Primal inf 3.0893921e+09 (283044)
Clp0006I 621995  Obj 1.6816272e+10 Primal inf 3.7379868e+09 (355572)
Clp0006I 622995  Obj 1.6834785e+10 Primal inf 1.5591682e+11 (340021)
Clp0006I 623995  Obj 1.6849509e+10 Primal inf 3.1508754e+10 (354099)
Clp0006I 624995  Obj 1.6867221e+10 Primal inf 1.2743341e+11 (375270)
Clp0006I 625995  Obj 1.6882133e+10 Primal inf 1.5424405e+10 (364248)
Clp0006I 626995  Obj 1.6898278e+10 Primal inf 8.389872e+09 (309818)
Clp0006I 627995  Obj 1.6915819e+10 Primal inf 7.4342527e+09 (377850)
Clp0006I 628995  Obj 1.6931225e+10 Primal inf 2.1695747e+12 (383246)
Clp0006I 629995  Obj 1.6945438e+10 Primal inf 7.6967655e+11 (386710)
Clp0006I 630995  Obj 1.6959255e+10 Primal inf 8.2965511e+10 (312442)
Clp0006I 631995  Obj 1.697194e+10 Primal inf 1.9809023e+12 (318390)
Clp0006I 632995  Obj 1.6987518e+10 Primal inf 4.6071938e+09 (314169)
Clp0006I 633995  Obj 1.7004109e+10 Primal inf 6.2564727e+10 (340958)
Clp0006I 634995  Obj 1.7027175e+10 Primal inf 4.9004501e+10 (363123)
Clp0006I 635995  Obj 1.7039527e+10 Primal inf 2.5942334e+11 (348431)
Clp0006I 636995  Obj 1.7056824e+10 Primal inf 4.1002455e+10 (340413)
Clp0006I 637995  Obj 1.7078964e+10 Primal inf 4.1848113e+10 (338449)
Clp0006I 638995  Obj 1.7093415e+10 Primal inf 6.9924284e+10 (342662)
Clp0006I 639995  Obj 1.7106041e+10 Primal inf 2.3701942e+10 (356805)
Clp0006I 640995  Obj 1.7122113e+10 Primal inf 1.4148038e+10 (365821)
Clp0006I 641995  Obj 1.713919e+10 Primal inf 1.7260432e+11 (314190)
Clp0006I 642995  Obj 1.7154337e+10 Primal inf 1.1656251e+12 (399498)
Clp0006I 643995  Obj 1.7192824e+10 Primal inf 4.705989e+10 (363114)
Clp0006I 644995  Obj 1.720695e+10 Primal inf 2.9290064e+11 (401462)
Clp0006I 645966  Obj 1.7222605e+10 Primal inf 6.4981016e+10 (371965)
Clp0006I 646966  Obj 1.7234396e+10 Primal inf 1.5307095e+10 (322011)
Clp0006I 647966  Obj 1.7246905e+10 Primal inf 8.0105877e+10 (371890)
Clp0006I 648966  Obj 1.7261416e+10 Primal inf 1.0420531e+11 (389150)
Clp0006I 649966  Obj 1.7276777e+10 Primal inf 1.9526423e+11 (409495)
Clp0006I 650966  Obj 1.7288477e+10 Primal inf 2.3466078e+10 (394164)
Clp0006I 651966  Obj 1.7300698e+10 Primal inf 1.7400998e+11 (388842)
Clp0006I 652966  Obj 1.7316596e+10 Primal inf 3.8071231e+10 (318070)
Clp0006I 653966  Obj 1.7332363e+10 Primal inf 2.7484986e+12 (397715)
Clp0006I 654966  Obj 1.7351021e+10 Primal inf 9.8867003e+11 (382141)
Clp0006I 655966  Obj 1.7366998e+10 Primal inf 7.7121511e+10 (308762)
Clp0006I 656966  Obj 1.7383501e+10 Primal inf 2.4714183e+11 (338103)
Clp0006I 657966  Obj 1.7398343e+10 Primal inf 3.3677346e+11 (426379)
Clp0006I 658966  Obj 1.7413868e+10 Primal inf 7.0383385e+10 (356146)
Clp0006I 659966  Obj 1.7428604e+10 Primal inf 1.2384278e+11 (395984)
Clp0006I 660966  Obj 1.7443505e+10 Primal inf 3.1503939e+11 (370824)
Clp0006I 661966  Obj 1.7458364e+10 Primal inf 4.3765584e+11 (339529)
Clp0006I 662966  Obj 1.7476664e+10 Primal inf 1.6453793e+11 (347660)
Clp0006I 663845  Obj 1.748997e+10 Primal inf 1.0586977e+11 (372606)
Clp0006I 664845  Obj 1.750648e+10 Primal inf 1.3535311e+11 (373381)
Clp0006I 665845  Obj 1.7523026e+10 Primal inf 1.686393e+11 (405208)
Clp0006I 666845  Obj 1.7533388e+10 Primal inf 9.6240044e+10 (364191)
Clp0006I 667845  Obj 1.7562042e+10 Primal inf 9.2201794e+10 (355434) Dual inf 5.3440623e-14 (1)
Clp0006I 668845  Obj 1.757347e+10 Primal inf 5.905345e+11 (391661) Dual inf 5.3440623e-14 (1)
Clp0006I 669845  Obj 1.7595586e+10 Primal inf 1.1618661e+11 (304841) Dual inf 5.3440623e-14 (1)
Clp0006I 670845  Obj 1.761436e+10 Primal inf 1.6197912e+11 (394815) Dual inf 5.3440623e-14 (1)
Clp0006I 671845  Obj 1.7629278e+10 Primal inf 1.2287126e+11 (344393) Dual inf 5.3440623e-14 (1)
Clp0006I 672845  Obj 1.764797e+10 Primal inf 2.2800341e+11 (410667) Dual inf 5.3440623e-14 (1)
Clp0006I 673845  Obj 1.7664068e+10 Primal inf 1.3667215e+11 (349066) Dual inf 5.3440623e-14 (1)
Clp0006I 674845  Obj 1.7680472e+10 Primal inf 1.1903364e+11 (353078) Dual inf 5.3440623e-14 (1)
Clp0006I 675845  Obj 1.769042e+10 Primal inf 1.2547472e+11 (411459) Dual inf 5.3440623e-14 (1)
Clp0006I 676845  Obj 1.770931e+10 Primal inf 1.8025766e+11 (296629) Dual inf 5.3440623e-14 (1)
Clp0006I 677845  Obj 1.7725519e+10 Primal inf 1.3360705e+11 (396047) Dual inf 5.3440623e-14 (1)
Clp0006I 678845  Obj 1.7739765e+10 Primal inf 1.4170276e+11 (405107) Dual inf 5.3440623e-14 (1)
Clp0006I 679845  Obj 1.775756e+10 Primal inf 1.1137309e+11 (398636)
Clp0006I 680845  Obj 1.7775442e+10 Primal inf 1.1112915e+11 (346543)
Clp0006I 681845  Obj 1.7791467e+10 Primal inf 1.1146791e+11 (382376)
Clp0006I 682845  Obj 1.7809899e+10 Primal inf 1.860632e+11 (373216)
Clp0006I 683845  Obj 1.7831407e+10 Primal inf 1.147671e+11 (322750)
Clp0006I 684845  Obj 1.7852021e+10 Primal inf 1.282406e+11 (380471)
Clp0006I 685845  Obj 1.7906881e+10 Primal inf 1.2863143e+11 (367787)
Clp0006I 686845  Obj 1.7965675e+10 Primal inf 7.1441944e+11 (413963)
Clp0006I 687845  Obj 1.8031934e+10 Primal inf 8.3060073e+11 (400948)
Clp0006I 688845  Obj 1.8055714e+10 Primal inf 5.2225936e+10 (348143)
Clp0006I 689845  Obj 1.8073711e+10 Primal inf 8.2720709e+10 (356279) Dual inf 4.8554046e-18 (1)
Clp0006I 690845  Obj 1.808745e+10 Primal inf 9.6985621e+10 (348497) Dual inf 4.8554046e-18 (1)
Clp0006I 691768  Obj 1.8099985e+10 Primal inf 4.5889583e+10 (297974) Dual inf 4.8554046e-18 (1)
Clp0006I 692768  Obj 1.8114583e+10 Primal inf 9.751493e+10 (332243) Dual inf 4.8554046e-18 (1)
Clp0006I 693768  Obj 1.8134008e+10 Primal inf 5.3431978e+10 (335272) Dual inf 4.8554046e-18 (1)
Clp0006I 694768  Obj 1.8151881e+10 Primal inf 6.2328013e+10 (294708) Dual inf 4.8554046e-18 (1)
Clp0006I 695768  Obj 1.8168055e+10 Primal inf 7.0930069e+10 (339896) Dual inf 4.8554046e-18 (1)
Clp0006I 696768  Obj 1.8183741e+10 Primal inf 9.0202263e+10 (339701) Dual inf 4.8554046e-18 (1)
Clp0006I 697768  Obj 1.8203184e+10 Primal inf 3.9597978e+11 (372152) Dual inf 4.8554046e-18 (1)
Clp0006I 698768  Obj 1.8220412e+10 Primal inf 4.4072405e+11 (314754) Dual inf 4.8554046e-18 (1)
Clp0006I 699768  Obj 1.8235243e+10 Primal inf 3.2420669e+11 (339263) Dual inf 4.8554046e-18 (1)
Clp0006I 700768  Obj 1.8248392e+10 Primal inf 8.5252664e+11 (341332) Dual inf 4.8554046e-18 (1)
Clp0006I 701768  Obj 1.8269378e+10 Primal inf 6.1053879e+11 (324820) Dual inf 4.8554046e-18 (1)
Clp0006I 702768  Obj 1.8290263e+10 Primal inf 2.1809266e+12 (340517) Dual inf 4.8554046e-18 (1)
Clp0006I 703768  Obj 1.8312993e+10 Primal inf 8.7553549e+11 (331745) Dual inf 4.8554046e-18 (1)
Clp0006I 704768  Obj 1.8342365e+10 Primal inf 8.4372396e+11 (306650) Dual inf 4.8554046e-18 (1)
Clp0006I 705768  Obj 1.8370776e+10 Primal inf 8.4638344e+11 (307945) Dual inf 4.8554046e-18 (1)
Clp0006I 706768  Obj 1.8388548e+10 Primal inf 1.4248996e+11 (358455) Dual inf 4.8554046e-18 (1)
Clp0006I 707768  Obj 1.8409395e+10 Primal inf 1.0577067e+11 (325479) Dual inf 4.8554046e-18 (1)
Clp0006I 708768  Obj 1.84274e+10 Primal inf 2.0581481e+11 (323985) Dual inf 4.8554046e-18 (1)
Clp0006I 709768  Obj 1.8449866e+10 Primal inf 1.1233402e+11 (314849) Dual inf 4.8554046e-18 (1)
Clp0006I 710768  Obj 1.8462604e+10 Primal inf 1.4560463e+11 (350130) Dual inf 4.8554046e-18 (1)
Clp0006I 711768  Obj 1.8478265e+10 Primal inf 8.4910458e+10 (346985) Dual inf 4.8554046e-18 (1)
Clp0006I 712768  Obj 1.849224e+10 Primal inf 1.0874767e+11 (354482) Dual inf 4.8554046e-18 (1)
Clp0006I 713768  Obj 1.8505301e+10 Primal inf 1.1340623e+12 (292410) Dual inf 4.8554046e-18 (1)
Clp0006I 714768  Obj 1.8522561e+10 Primal inf 8.3044444e+11 (285078) Dual inf 4.8554046e-18 (1)
Clp0006I 715768  Obj 1.8536239e+10 Primal inf 1.6989464e+11 (319720) Dual inf 4.8554046e-18 (1)
Clp0006I 716768  Obj 1.8551916e+10 Primal inf 1.4675408e+12 (334011) Dual inf 4.8554046e-18 (1)
Clp0006I 717614  Obj 1.856401e+10 Primal inf 2.2838584e+11 (288122) Dual inf 4.8554046e-18 (1)
Clp0006I 718528  Obj 1.8580571e+10 Primal inf 1.2128998e+12 (311983) Dual inf 4.8554046e-18 (1)
Clp0006I 719370  Obj 1.8598681e+10 Primal inf 8.3329624e+10 (332523) Dual inf 4.8554046e-18 (1)
Clp0006I 720370  Obj 1.8618197e+10 Primal inf 9.2777642e+10 (284255) Dual inf 4.8554046e-18 (1)
Clp0006I 721370  Obj 1.8636943e+10 Primal inf 3.6215204e+12 (306472) Dual inf 4.8554046e-18 (1)
Clp0006I 722370  Obj 1.8649231e+10 Primal inf 2.9618067e+11 (304059) Dual inf 4.8554046e-18 (1)
Clp0006I 723370  Obj 1.866436e+10 Primal inf 3.8505236e+10 (367573) Dual inf 4.8554046e-18 (1)
Clp0006I 724209  Obj 1.8675946e+10 Primal inf 1.2335257e+10 (285231) Dual inf 4.8554046e-18 (1)
Clp0006I 724813  Obj 1.8683175e+10 Primal inf 9.2662309e+09 (258089) Dual inf 4.8554046e-18 (1)
Clp0006I 725813  Obj 1.8694108e+10 Primal inf 2.2430526e+09 (299820) Dual inf 4.8554046e-18 (1)
Clp0006I 726813  Obj 1.8705437e+10 Primal inf 2.1087526e+10 (332290) Dual inf 4.8554046e-18 (1)
Clp0006I 727813  Obj 1.8718353e+10 Primal inf 2.508081e+09 (253803) Dual inf 4.8554046e-18 (1)
Clp0006I 728813  Obj 1.8727434e+10 Primal inf 1.5224457e+10 (306625) Dual inf 4.8554046e-18 (1)
Clp0006I 729813  Obj 1.8745423e+10 Primal inf 4.0710658e+10 (331498) Dual inf 4.8554046e-18 (1)
Clp0006I 730813  Obj 1.8768447e+10 Primal inf 1.9894155e+10 (330184) Dual inf 4.8554046e-18 (1)
Clp0006I 731813  Obj 1.8776447e+10 Primal inf 1.4601238e+09 (279712) Dual inf 4.8554046e-18 (1)
Clp0006I 732449  Obj 1.8784575e+10 Primal inf 3.3470957e+09 (280779) Dual inf 4.8554046e-18 (1)
Clp0006I 733449  Obj 1.8793763e+10 Primal inf 9.2993794e+09 (307766) Dual inf 4.8554046e-18 (1)
Clp0006I 734449  Obj 1.8804731e+10 Primal inf 3.357844e+10 (301451) Dual inf 4.8554046e-18 (1)
Clp0006I 735449  Obj 1.8816601e+10 Primal inf 5.9998843e+09 (280115) Dual inf 4.8554046e-18 (1)
Clp0006I 736210  Obj 1.8824174e+10 Primal inf 3.0247066e+11 (318003) Dual inf 4.8554046e-18 (1)
Clp0006I 737210  Obj 1.8833671e+10 Primal inf 1.1499159e+10 (301915) Dual inf 4.8554046e-18 (1)
Clp0006I 738210  Obj 1.8840716e+10 Primal inf 6.8880248e+09 (265061) Dual inf 4.8554046e-18 (1)
Clp0006I 739210  Obj 1.8849757e+10 Primal inf 1.4038795e+10 (282803) Dual inf 4.8554046e-18 (1)
Clp0006I 740210  Obj 1.885881e+10 Primal inf 2.4796605e+10 (312090) Dual inf 4.8554046e-18 (1)
Clp0006I 741210  Obj 1.8867693e+10 Primal inf 2.3456507e+09 (261904) Dual inf 4.8554046e-18 (1)
Clp0006I 742210  Obj 1.8876632e+10 Primal inf 1.2352196e+10 (313880) Dual inf 4.8554046e-18 (1)
Clp0006I 743210  Obj 1.8885286e+10 Primal inf 8.9434852e+09 (304368) Dual inf 4.8554046e-18 (1)
Clp0006I 744210  Obj 1.8891363e+10 Primal inf 1.1729376e+10 (303860) Dual inf 4.8554046e-18 (1)
Clp0006I 745210  Obj 1.8904222e+10 