Coin0506I Presolve 1521577 (-195446) rows, 591998 (-65130) columns and 4511329 (-460732) elements
Clp0006I 0  Obj 0 Primal inf 8.7589291e+08 (43800)
Clp0006I 1000  Obj 4.7917429e-12 Primal inf 8.6631624e+08 (44708)
Clp0006I 2000  Obj 9.9133726e-12 Primal inf 8.5892554e+08 (45580)
Clp0006I 3000  Obj 1.5950214e-11 Primal inf 8.5623739e+08 (46596)
Clp0006I 4000  Obj 10385792 Primal inf 8.4621153e+08 (47625)
Clp0006I 5000  Obj 14191429 Primal inf 8.388302e+08 (48568)
Clp0006I 6000  Obj 24248994 Primal inf 8.3581262e+08 (49528)
Clp0006I 7000  Obj 35361034 Primal inf 8.2962915e+08 (50610)
Clp0006I 8000  Obj 47984048 Primal inf 8.2219234e+08 (51639)
Clp0006I 9000  Obj 65250337 Primal inf 8.1754786e+08 (52829)
Clp0006I 10000  Obj 73795109 Primal inf 8.1536218e+08 (53927)
Clp0006I 11000  Obj 89141257 Primal inf 8.122014e+08 (55013)
Clp0006I 12000  Obj 1.0513976e+08 Primal inf 8.1046072e+08 (56234)
Clp0006I 13000  Obj 1.2010637e+08 Primal inf 8.0694709e+08 (57374)
Clp0006I 14000  Obj 1.3519326e+08 Primal inf 8.0778744e+08 (58634)
Clp0006I 15000  Obj 1.5702915e+08 Primal inf 8.0412866e+08 (59868)
Clp0006I 16000  Obj 1.7874995e+08 Primal inf 8.0497258e+08 (61132)
Clp0006I 17000  Obj 2.0646066e+08 Primal inf 7.268969e+08 (62321)
Clp0006I 18000  Obj 2.2722656e+08 Primal inf 7.2602586e+08 (63576)
Clp0006I 19000  Obj 2.4839692e+08 Primal inf 7.2559513e+08 (64704)
Clp0006I 20000  Obj 2.7786924e+08 Primal inf 7.2887619e+08 (66035)
Clp0006I 21000  Obj 2.9551773e+08 Primal inf 7.2603117e+08 (67251)
Clp0006I 22000  Obj 3.2123331e+08 Primal inf 7.2656691e+08 (68571)
Clp0006I 23000  Obj 3.5245842e+08 Primal inf 7.2672297e+08 (69914)
Clp0006I 24000  Obj 3.7238346e+08 Primal inf 7.2820884e+08 (71161)
Clp0006I 25000  Obj 3.9888979e+08 Primal inf 7.2874705e+08 (72445)
Clp0006I 26000  Obj 4.248253e+08 Primal inf 7.3109812e+08 (73629)
Clp0006I 27000  Obj 4.5186311e+08 Primal inf 7.3212541e+08 (74872)
Clp0006I 28000  Obj 4.838987e+08 Primal inf 7.3129606e+08 (76107)
Clp0006I 29000  Obj 5.1083434e+08 Primal inf 7.3121924e+08 (77248)
Clp0006I 30000  Obj 5.3398444e+08 Primal inf 7.3318415e+08 (78349)
Clp0006I 31000  Obj 5.5864875e+08 Primal inf 7.3509853e+08 (79583)
Clp0006I 32000  Obj 5.7987529e+08 Primal inf 7.3842552e+08 (80864)
Clp0006I 33000  Obj 6.1075056e+08 Primal inf 7.3712002e+08 (82195)
Clp0006I 34000  Obj 6.3493438e+08 Primal inf 7.3936107e+08 (83270)
Clp0006I 35000  Obj 6.6358326e+08 Primal inf 7.3960252e+08 (84481)
Clp0006I 36000  Obj 7.0036669e+08 Primal inf 7.3777054e+08 (85541)
Clp0006I 37000  Obj 7.4182365e+08 Primal inf 7.3945871e+08 (86705)
Clp0006I 38000  Obj 7.7627511e+08 Primal inf 7.4076767e+08 (87879)
Clp0006I 39000  Obj 8.0562695e+08 Primal inf 7.3935364e+08 (88993)
Clp0006I 40000  Obj 8.3133572e+08 Primal inf 7.4227162e+08 (90266)
Clp0006I 41000  Obj 8.661378e+08 Primal inf 7.4543067e+08 (91415)
Clp0006I 42000  Obj 9.148203e+08 Primal inf 7.4533348e+08 (92593)
Clp0006I 43000  Obj 9.6028262e+08 Primal inf 7.444288e+08 (93785)
Clp0006I 44000  Obj 9.9078139e+08 Primal inf 7.4785773e+08 (94956)
Clp0006I 45000  Obj 1.0254637e+09 Primal inf 7.5044866e+08 (96216)
Clp0006I 46000  Obj 1.0738786e+09 Primal inf 7.5165014e+08 (97280)
Clp0006I 47000  Obj 1.1103693e+09 Primal inf 7.5253421e+08 (98414)
Clp0006I 48000  Obj 1.1508297e+09 Primal inf 7.5463254e+08 (99489)
Clp0006I 49000  Obj 1.2087832e+09 Primal inf 7.5505176e+08 (100616)
Clp0006I 50000  Obj 1.2442483e+09 Primal inf 7.5640569e+08 (101686)
Clp0006I 51000  Obj 1.2917109e+09 Primal inf 7.5797177e+08 (102789)
Clp0006I 52000  Obj 1.3494052e+09 Primal inf 7.5503913e+08 (103946)
Clp0006I 53000  Obj 1.4062953e+09 Primal inf 7.5911721e+08 (105114)
Clp0006I 54000  Obj 1.4675996e+09 Primal inf 7.5538152e+08 (106157)
Clp0006I 55000  Obj 1.5001484e+09 Primal inf 7.290586e+08 (109630)
Clp0006I 56000  Obj 1.5124397e+09 Primal inf 7.5456771e+08 (110898)
Clp0006I 57000  Obj 1.5202918e+09 Primal inf 1.096269e+09 (110507)
Clp0006I 58000  Obj 1.5280415e+09 Primal inf 8.9313774e+08 (111723)
Clp0006I 59000  Obj 1.5443997e+09 Primal inf 7.4748546e+08 (113869)
Clp0006I 60000  Obj 1.5533236e+09 Primal inf 7.9152387e+08 (118019)
Clp0006I 61000  Obj 1.5604832e+09 Primal inf 8.0552028e+08 (119008)
Clp0006I 62000  Obj 1.5628121e+09 Primal inf 8.0699987e+08 (119952)
Clp0006I 63000  Obj 1.5895306e+09 Primal inf 1.4032581e+09 (117044)
Clp0006I 64000  Obj 1.6006493e+09 Primal inf 7.9410383e+08 (121903)
Clp0006I 65000  Obj 1.6269428e+09 Primal inf 2.6877388e+09 (151165)
Clp0006I 66000  Obj 1.6496165e+09 Primal inf 7.8907171e+08 (120721)
Clp0006I 67000  Obj 1.7010698e+09 Primal inf 2.133655e+09 (152743)
Clp0006I 68000  Obj 1.8533602e+09 Primal inf 1.410967e+09 (131253)
Clp0006I 69000  Obj 1.8632712e+09 Primal inf 1.9730379e+09 (154065)
Clp0006I 70000  Obj 1.8714259e+09 Primal inf 7.8941732e+08 (127088)
Clp0006I 71000  Obj 1.8818309e+09 Primal inf 9.1687725e+08 (126679)
Clp0006I 72000  Obj 1.8839745e+09 Primal inf 9.2428839e+08 (127328)
Clp0006I 73000  Obj 1.8918373e+09 Primal inf 9.2478767e+08 (127984)
Clp0006I 74000  Obj 1.8995404e+09 Primal inf 8.9150995e+08 (129116)
Clp0006I 75000  Obj 1.9098194e+09 Primal inf 8.0729117e+08 (130814)
Clp0006I 76000  Obj 1.9173164e+09 Primal inf 8.8899322e+08 (131510)
Clp0006I 77000  Obj 1.9211182e+09 Primal inf 8.964079e+08 (132271)
Clp0006I 78000  Obj 1.9240772e+09 Primal inf 8.8660878e+08 (133040)
Clp0006I 79000  Obj 1.9268284e+09 Primal inf 9.0773984e+08 (133906)
Clp0006I 80000  Obj 1.9304947e+09 Primal inf 8.746595e+08 (134771)
Clp0006I 81000  Obj 1.9363712e+09 Primal inf 9.1653922e+08 (135598)
Clp0006I 82000  Obj 1.9395333e+09 Primal inf 8.869049e+08 (136520)
Clp0006I 83000  Obj 1.9424206e+09 Primal inf 8.8268013e+08 (137310)
Clp0006I 84000  Obj 1.9452818e+09 Primal inf 8.8497913e+08 (138271)
Clp0006I 85000  Obj 1.9481327e+09 Primal inf 8.5462166e+08 (139133)
Clp0006I 86000  Obj 1.9501552e+09 Primal inf 8.686866e+08 (139990)
Clp0006I 87000  Obj 1.9525231e+09 Primal inf 8.9704243e+08 (140784)
Clp0006I 88000  Obj 2.0211621e+09 Primal inf 8.9523436e+08 (139711)
Clp0006I 89000  Obj 2.0397427e+09 Primal inf 8.824542e+08 (138494)
Clp0006I 90000  Obj 2.0514027e+09 Primal inf 8.8423497e+08 (167348)
Clp0006I 91000  Obj 2.0614525e+09 Primal inf 8.5057234e+08 (142257)
Clp0006I 92000  Obj 2.0688203e+09 Primal inf 8.5226222e+08 (143023)
Clp0006I 93000  Obj 2.0823231e+09 Primal inf 8.6533658e+08 (142220)
Clp0006I 94000  Obj 2.0898578e+09 Primal inf 8.8927186e+08 (142798)
Clp0006I 95000  Obj 2.0958263e+09 Primal inf 8.809409e+08 (144317)
Clp0006I 96000  Obj 2.1025689e+09 Primal inf 1.0196476e+09 (173916)
Clp0006I 97000  Obj 2.1096396e+09 Primal inf 8.2321388e+08 (147298)
Clp0006I 98000  Obj 2.1130218e+09 Primal inf 8.3536353e+08 (147949)
Clp0006I 99000  Obj 2.1222462e+09 Primal inf 8.7237042e+08 (145780)
Clp0006I 100000  Obj 2.1401374e+09 Primal inf 2.3520696e+09 (176611)
Clp0006I 101000  Obj 2.1882775e+09 Primal inf 9.1656609e+08 (145881)
Clp0006I 102000  Obj 2.2142232e+09 Primal inf 9.207908e+08 (144788)
Clp0006I 103000  Obj 2.2236245e+09 Primal inf 8.9013448e+08 (144913)
Clp0006I 104000  Obj 2.230683e+09 Primal inf 9.4601991e+08 (174731)
Clp0006I 105000  Obj 2.2390998e+09 Primal inf 9.3827226e+08 (151084)
Clp0006I 106000  Obj 2.2579687e+09 Primal inf 8.8301025e+08 (151116)
Clp0006I 107000  Obj 2.2606534e+09 Primal inf 8.7450779e+08 (151258)
Clp0006I 108000  Obj 2.2649134e+09 Primal inf 1.5610911e+09 (176646)
Clp0006I 109000  Obj 2.2682506e+09 Primal inf 1.5413846e+09 (176984)
Clp0006I 110000  Obj 2.271123e+09 Primal inf 9.1768141e+08 (149087)
Clp0006I 111000  Obj 2.272261e+09 Primal inf 1.039092e+09 (149567)
Clp0006I 112000  Obj 2.27393e+09 Primal inf 9.6111798e+08 (149839)
Clp0006I 113000  Obj 2.2787248e+09 Primal inf 9.1946373e+08 (152844)
Clp0006I 114000  Obj 2.2926901e+09 Primal inf 1.058903e+09 (178355)
Clp0006I 115000  Obj 2.302781e+09 Primal inf 1.0198478e+09 (178566)
Clp0006I 116000  Obj 2.3098849e+09 Primal inf 9.3664218e+08 (152245)
Clp0006I 117000  Obj 2.3166964e+09 Primal inf 1.1052395e+09 (154155)
Clp0006I 118000  Obj 2.3214815e+09 Primal inf 1.2981715e+09 (180645)
Clp0006I 119000  Obj 2.3256643e+09 Primal inf 9.5779526e+08 (153785)
Clp0006I 120000  Obj 2.3315269e+09 Primal inf 1.0383788e+09 (151279)
Clp0006I 121000  Obj 2.3344982e+09 Primal inf 1.233068e+09 (152272)
Clp0006I 122000  Obj 2.350796e+09 Primal inf 1.1298303e+09 (155164)
Clp0006I 123000  Obj 2.367299e+09 Primal inf 1.1249584e+09 (155008)
Clp0006I 124000  Obj 2.3809625e+09 Primal inf 1.1008447e+09 (154801)
Clp0006I 125000  Obj 2.3950011e+09 Primal inf 1.1762418e+09 (156849)
Clp0006I 126000  Obj 2.406146e+09 Primal inf 1.0385896e+09 (157461)
Clp0006I 127000  Obj 2.4200144e+09 Primal inf 1.0196245e+09 (157420)
Clp0006I 128000  Obj 2.4540936e+09 Primal inf 1.1050785e+09 (152276)
Clp0006I 129000  Obj 2.4654765e+09 Primal inf 1.4215461e+09 (180258)
Clp0006I 130000  Obj 2.4754969e+09 Primal inf 1.0222101e+09 (156002)
Clp0006I 131000  Obj 2.4842574e+09 Primal inf 1.4216215e+09 (181363)
Clp0006I 132000  Obj 2.4881715e+09 Primal inf 1.1481385e+09 (156666)
Clp0006I 133000  Obj 2.4948608e+09 Primal inf 1.6271342e+09 (181384)
Clp0006I 134000  Obj 2.4961518e+09 Primal inf 1.3166501e+09 (152603)
Clp0006I 135000  Obj 2.5036667e+09 Primal inf 1.2000754e+09 (153095)
Clp0006I 136000  Obj 2.5130024e+09 Primal inf 1.0531044e+09 (155428)
Clp0006I 137000  Obj 2.525322e+09 Primal inf 1.0517676e+09 (158129)
Clp0006I 138000  Obj 2.5332678e+09 Primal inf 1.0598743e+09 (157800)
Clp0006I 139000  Obj 2.5413065e+09 Primal inf 1.0965604e+09 (156936)
Clp0006I 140000  Obj 2.5463273e+09 Primal inf 1.2713815e+09 (158242)
Clp0006I 141000  Obj 2.5754823e+09 Primal inf 2.6695293e+09 (181869)
Clp0006I 142000  Obj 2.58181e+09 Primal inf 1.488283e+09 (153921)
Clp0006I 143000  Obj 2.6458698e+09 Primal inf 6.2097709e+10 (193630)
Clp0006I 144000  Obj 2.7575047e+09 Primal inf 1.0681066e+10 (187179)
Clp0006I 145000  Obj 2.7976673e+09 Primal inf 1.5029521e+09 (158586)
Clp0006I 146000  Obj 2.8980596e+09 Primal inf 2.7578056e+10 (194198)
Clp0006I 147000  Obj 2.9400801e+09 Primal inf 1.5521393e+09 (154610)
Clp0006I 148000  Obj 2.9961783e+09 Primal inf 2.8574908e+09 (156412)
Clp0006I 149000  Obj 3.1273653e+09 Primal inf 1.7343821e+09 (155169)
Clp0006I 150000  Obj 3.1980167e+09 Primal inf 4.7643298e+09 (165024)
Clp0006I 151000  Obj 3.2975254e+09 Primal inf 1.3355135e+09 (167135)
Clp0006I 152000  Obj 3.372121e+09 Primal inf 2.1121467e+09 (161056)
Clp0006I 153000  Obj 3.4585855e+09 Primal inf 9.5272332e+09 (192454)
Clp0006I 154000  Obj 3.5225487e+09 Primal inf 1.1936704e+09 (159526)
Clp0006I 154824  Obj 3.5594024e+09 Primal inf 3.3369174e+09 (211619)
Clp0006I 155824  Obj 3.5926361e+09 Primal inf 1.4499818e+09 (160180)
Clp0006I 156824  Obj 3.6319862e+09 Primal inf 3.0288728e+09 (169595)
Clp0006I 157824  Obj 3.686439e+09 Primal inf 2.1935536e+09 (168172)
Clp0006I 158824  Obj 3.7146618e+09 Primal inf 1.4192139e+09 (167306)
Clp0006I 159824  Obj 3.7603939e+09 Primal inf 2.4637821e+10 (193339)
Clp0006I 160824  Obj 3.8347062e+09 Primal inf 2.6069988e+09 (168053)
Clp0006I 161824  Obj 3.8998335e+09 Primal inf 2.670777e+09 (186412)
Clp0006I 162824  Obj 3.9477607e+09 Primal inf 1.7828223e+09 (166231)
Clp0006I 163824  Obj 3.9889869e+09 Primal inf 8.5893093e+09 (208530)
Clp0006I 164824  Obj 4.0126104e+09 Primal inf 1.8847429e+09 (158279)
Clp0006I 165824  Obj 4.045669e+09 Primal inf 2.4272217e+09 (167463)
Clp0006I 166824  Obj 4.0963854e+09 Primal inf 4.1201777e+10 (193908)
Clp0006I 167824  Obj 4.1528177e+09 Primal inf 1.7672305e+09 (159321)
Clp0006I 168824  Obj 4.1956562e+09 Primal inf 1.1879253e+09 (157914)
Clp0006I 169824  Obj 4.2657334e+09 Primal inf 3.4549485e+09 (193399)
Clp0006I 170824  Obj 4.3373949e+09 Primal inf 2.3623824e+09 (165706)
Clp0006I 171824  Obj 4.4459599e+09 Primal inf 4.213972e+11 (168587)
Clp0006I 172824  Obj 4.5428544e+09 Primal inf 2.2938638e+09 (164345)
Clp0006I 173824  Obj 4.6302853e+09 Primal inf 1.7817345e+09 (166053)
Clp0006I 174824  Obj 4.6672489e+09 Primal inf 1.0669164e+10 (190960)
Clp0006I 175824  Obj 4.704927e+09 Primal inf 1.7762256e+10 (221093)
Clp0006I 176824  Obj 4.7322514e+09 Primal inf 1.7659699e+09 (189618)
Clp0006I 177824  Obj 4.7577222e+09 Primal inf 1.8417801e+09 (166728)
Clp0006I 178824  Obj 4.7900263e+09 Primal inf 1.6070018e+09 (157007)
Clp0006I 179824  Obj 4.8108017e+09 Primal inf 1.4312135e+09 (155850)
Clp0006I 180824  Obj 4.8461675e+09 Primal inf 2.5505184e+09 (189153)
Clp0006I 181824  Obj 4.8736944e+09 Primal inf 5.4620519e+09 (188683)
Clp0006I 182824  Obj 4.9371585e+09 Primal inf 1.811492e+09 (188331)
Clp0006I 183824  Obj 5.0089896e+09 Primal inf 7.0991123e+09 (178845)
Clp0006I 184824  Obj 5.0589272e+09 Primal inf 1.4125923e+09 (164996)
Clp0006I 185824  Obj 5.0932792e+09 Primal inf 1.5276759e+09 (162412)
Clp0006I 186824  Obj 5.1346367e+09 Primal inf 1.0048106e+09 (155546)
Clp0006I 187824  Obj 5.1874426e+09 Primal inf 2.004197e+09 (186845)
Clp0006I 188824  Obj 5.2193477e+09 Primal inf 1.6608101e+09 (161222)
Clp0006I 189824  Obj 5.2858207e+09 Primal inf 2.8218073e+09 (185193)
Clp0006I 190824  Obj 5.3424683e+09 Primal inf 1.0661693e+09 (155848)
Clp0006I 191824  Obj 5.3804996e+09 Primal inf 1.2929831e+09 (154787)
Clp0006I 192824  Obj 5.4120479e+09 Primal inf 1.0204188e+10 (187118)
Clp0006I 193824  Obj 5.4574855e+09 Primal inf 1.6640595e+09 (187418)
Clp0006I 194824  Obj 5.5127612e+09 Primal inf 2.1868871e+09 (153827)
Clp0006I 195824  Obj 5.5385651e+09 Primal inf 3.1555338e+09 (154209)
Clp0006I 196824  Obj 5.5817212e+09 Primal inf 9.4758099e+08 (151339)
Clp0006I 197824  Obj 5.6176026e+09 Primal inf 4.5416851e+10 (166433)
Clp0006I 198824  Obj 5.6527752e+09 Primal inf 1.257381e+09 (154266)
Clp0006I 199824  Obj 5.683172e+09 Primal inf 9.4445062e+08 (153714)
Clp0006I 200824  Obj 5.7045168e+09 Primal inf 3.9766968e+09 (188085)
Clp0006I 201824  Obj 5.7378185e+09 Primal inf 1.1142846e+09 (154458)
Clp0006I 202824  Obj 5.7854831e+09 Primal inf 1.7965347e+09 (177969)
Clp0006I 203824  Obj 5.8218054e+09 Primal inf 2.2667604e+09 (176457)
Clp0006I 204824  Obj 5.8578459e+09 Primal inf 1.2362992e+10 (156305)
Clp0006I 205824  Obj 5.8960827e+09 Primal inf 1.8770441e+09 (159713)
Clp0006I 206824  Obj 5.915634e+09 Primal inf 8.2079091e+09 (204635)
Clp0006I 207824  Obj 5.9375556e+09 Primal inf 3.7513363e+09 (164503)
Clp0006I 208824  Obj 5.9538226e+09 Primal inf 3.2871188e+09 (193543)
Clp0006I 209824  Obj 5.9607205e+09 Primal inf 9.588889e+08 (159221)
Clp0006I 210824  Obj 5.9699881e+09 Primal inf 9.4107443e+08 (159253)
Clp0006I 211824  Obj 5.9859518e+09 Primal inf 2.0282116e+09 (186795)
Clp0006I 212824  Obj 5.9954033e+09 Primal inf 1.3074238e+09 (158030)
Clp0006I 213824  Obj 6.0508042e+09 Primal inf 1.282178e+11 (201127)
Clp0006I 214824  Obj 6.0952256e+09 Primal inf 9.7718437e+08 (161305)
Clp0006I 215824  Obj 6.1472269e+09 Primal inf 8.7755462e+09 (167195)
Clp0006I 216824  Obj 6.2303538e+09 Primal inf 8.4452324e+09 (173350)
Clp0006I 217824  Obj 6.2706543e+09 Primal inf 1.2488542e+10 (169536)
Clp0006I 218824  Obj 6.3032446e+09 Primal inf 1.3619996e+11 (197320)
Clp0006I 219824  Obj 6.3563006e+09 Primal inf 7.5063069e+10 (205365)
Clp0006I 220824  Obj 6.3986498e+09 Primal inf 3.5263245e+10 (209609)
Clp0006I 221824  Obj 6.4239507e+09 Primal inf 1.162678e+10 (176013)
Clp0006I 222824  Obj 6.4637955e+09 Primal inf 9.1562446e+09 (174282)
Clp0006I 223824  Obj 6.5036311e+09 Primal inf 6.3231193e+09 (200860)
Clp0006I 224824  Obj 6.5547714e+09 Primal inf 9.4550273e+09 (202763)
Clp0006I 225824  Obj 6.5962365e+09 Primal inf 1.2682235e+10 (168277)
Clp0006I 226824  Obj 6.6698662e+09 Primal inf 6.8601756e+09 (167614)
Clp0006I 227824  Obj 6.7148844e+09 Primal inf 4.2319382e+09 (168462)
Clp0006I 228824  Obj 6.7649363e+09 Primal inf 5.2961473e+09 (168422)
Clp0006I 229824  Obj 6.8584052e+09 Primal inf 9.5851715e+09 (169962)
Clp0006I 230824  Obj 6.9176957e+09 Primal inf 3.0838707e+09 (168175)
Clp0006I 231824  Obj 6.9692191e+09 Primal inf 8.6723861e+09 (179219)
Clp0006I 232824  Obj 6.9977717e+09 Primal inf 2.1209762e+10 (191695)
Clp0006I 233824  Obj 7.0329451e+09 Primal inf 5.1628878e+09 (171599)
Clp0006I 234824  Obj 7.0793904e+09 Primal inf 1.158178e+10 (167931)
Clp0006I 235824  Obj 7.1248727e+09 Primal inf 5.3598796e+09 (196981)
Clp0006I 236824  Obj 7.1718359e+09 Primal inf 3.5229937e+09 (165845)
Clp0006I 237824  Obj 7.2436084e+09 Primal inf 1.0479767e+10 (222740)
Clp0006I 238824  Obj 7.2985985e+09 Primal inf 1.7167845e+10 (203294)
Clp0006I 239824  Obj 7.3253564e+09 Primal inf 4.7233879e+09 (166136)
Clp0006I 240824  Obj 7.3485736e+09 Primal inf 1.9803374e+09 (177122)
Clp0006I 241824  Obj 7.3833981e+09 Primal inf 9.6210856e+09 (190619)
Clp0006I 242824  Obj 7.4390196e+09 Primal inf 2.9052525e+09 (170940)
Clp0006I 243824  Obj 7.513884e+09 Primal inf 1.7045659e+10 (163831)
Clp0006I 244824  Obj 7.5528271e+09 Primal inf 8.9204915e+10 (214399)
Clp0006I 245824  Obj 7.6330935e+09 Primal inf 3.1892519e+10 (220300)
Clp0006I 246824  Obj 7.6903182e+09 Primal inf 1.0717594e+10 (196354)
Clp0006I 247824  Obj 7.7655893e+09 Primal inf 3.6329691e+09 (165741)
Clp0006I 248824  Obj 7.8113798e+09 Primal inf 5.2547134e+09 (194126)
Clp0006I 249824  Obj 7.8618654e+09 Primal inf 3.1850535e+10 (200620)
Clp0006I 250824  Obj 7.91255e+09 Primal inf 4.639167e+09 (200430)
Clp0006I 251824  Obj 7.9450414e+09 Primal inf 3.3021745e+10 (194789)
Clp0006I 252824  Obj 7.9906129e+09 Primal inf 1.0753385e+11 (236879)
Clp0006I 253824  Obj 8.023281e+09 Primal inf 1.8742141e+10 (195967)
Clp0006I 254824  Obj 8.0825586e+09 Primal inf 5.6151432e+10 (208519)
Clp0006I 255824  Obj 8.1072961e+09 Primal inf 2.3198113e+10 (205864)
Clp0006I 256824  Obj 8.140918e+09 Primal inf 2.7633262e+10 (206112)
Clp0006I 257824  Obj 8.1748904e+09 Primal inf 1.5575569e+09 (167420)
Clp0006I 258824  Obj 8.2359641e+09 Primal inf 8.3987813e+10 (230090)
Clp0006I 259824  Obj 8.2831959e+09 Primal inf 1.5475227e+11 (234817)
Clp0006I 260824  Obj 8.3070789e+09 Primal inf 8.9052802e+10 (210144)
Clp0006I 261824  Obj 8.3239898e+09 Primal inf 3.7731002e+09 (172176)
Clp0006I 262824  Obj 8.3583674e+09 Primal inf 6.7204626e+09 (233946)
Clp0006I 263824  Obj 8.3899401e+09 Primal inf 2.7860535e+10 (209655)
Clp0006I 264824  Obj 8.4522176e+09 Primal inf 2.9718642e+10 (209458)
Clp0006I 265824  Obj 8.4891659e+09 Primal inf 6.897218e+10 (179008)
Clp0006I 266824  Obj 8.5212026e+09 Primal inf 4.2517774e+09 (197813)
Clp0006I 267824  Obj 8.5435751e+09 Primal inf 1.6575087e+09 (175738)
Clp0006I 268824  Obj 8.5560625e+09 Primal inf 1.7817916e+10 (239503)
Clp0006I 269824  Obj 8.5714309e+09 Primal inf 1.5473933e+12 (245055)
Clp0006I 270824  Obj 8.5818184e+09 Primal inf 1.4810111e+10 (202624)
Clp0006I 271824  Obj 8.5971621e+09 Primal inf 9.2983786e+09 (214037)
Clp0006I 272824  Obj 8.623963e+09 Primal inf 4.5413271e+10 (211087)
Clp0006I 273824  Obj 8.6387396e+09 Primal inf 2.0995769e+09 (178198)
Clp0006I 274824  Obj 8.6459719e+09 Primal inf 2.1482776e+09 (178329)
Clp0006I 275824  Obj 8.65692e+09 Primal inf 2.297396e+09 (169290)
Clp0006I 276523  Obj 8.6753344e+09 Primal inf 2.4502076e+10 (219798)
Clp0006I 277523  Obj 8.6860617e+09 Primal inf 1.9722173e+09 (168600)
Clp0006I 278523  Obj 8.6954577e+09 Primal inf 1.4215372e+10 (224658)
Clp0006I 279523  Obj 8.7215959e+09 Primal inf 2.9754829e+09 (170462)
Clp0006I 280523  Obj 8.7392503e+09 Primal inf 6.004076e+09 (207549)
Clp0006I 281523  Obj 8.7846694e+09 Primal inf 2.2298528e+10 (199831)
Clp0006I 282523  Obj 8.8132207e+09 Primal inf 3.3048697e+09 (183189)
Clp0006I 283523  Obj 8.8791339e+09 Primal inf 1.1431597e+11 (242815)
Clp0006I 284523  Obj 8.9356968e+09 Primal inf 2.1476451e+10 (203580)
Clp0006I 285523  Obj 9.0331158e+09 Primal inf 1.8067011e+10 (211238)
Clp0006I 286523  Obj 9.0549775e+09 Primal inf 9.8912825e+10 (225812)
Clp0006I 287523  Obj 9.0836693e+09 Primal inf 3.2855173e+09 (192823)
Clp0006I 288523  Obj 9.1259926e+09 Primal inf 2.0136703e+10 (201119)
Clp0006I 289523  Obj 9.1503596e+09 Primal inf 3.3769373e+09 (183074)
Clp0006I 290523  Obj 9.1901423e+09 Primal inf 7.5998047e+09 (209108)
Clp0006I 291523  Obj 9.2835693e+09 Primal inf 7.1681647e+10 (215012)
Clp0006I 292523  Obj 9.3275916e+09 Primal inf 1.4078468e+09 (195839)
Clp0006I 293523  Obj 9.3761803e+09 Primal inf 2.9011085e+10 (229164)
Clp0006I 294308  Obj 9.4316232e+09 Primal inf 5.483515e+10 (246459)
Clp0006I 295308  Obj 9.4765885e+09 Primal inf 1.7603466e+11 (258140)
Clp0006I 296308  Obj 9.5492312e+09 Primal inf 1.7526089e+10 (224377)
Clp0006I 297308  Obj 9.6365412e+09 Primal inf 1.8568976e+10 (220624)
Clp0006I 298308  Obj 9.6719161e+09 Primal inf 1.4603075e+10 (240776)
Clp0006I 299308  Obj 9.728161e+09 Primal inf 5.5523659e+10 (209476)
Clp0006I 300308  Obj 9.7731505e+09 Primal inf 4.9413523e+09 (192824)
Clp0006I 301308  Obj 9.8156482e+09 Primal inf 7.4128437e+09 (217459)
Clp0006I 302308  Obj 9.8442037e+09 Primal inf 6.9858001e+09 (185777)
Clp0006I 303308  Obj 9.8704625e+09 Primal inf 2.0094122e+09 (176258)
Clp0006I 304308  Obj 9.8861159e+09 Primal inf 8.2017659e+09 (182675)
Clp0006I 305308  Obj 9.9149023e+09 Primal inf 5.9589281e+09 (187595)
Clp0006I 306308  Obj 9.9880016e+09 Primal inf 2.8143502e+09 (185669)
Clp0006I 307308  Obj 1.0024775e+10 Primal inf 7.8858068e+09 (239357)
Clp0006I 308308  Obj 1.0041208e+10 Primal inf 4.4324202e+09 (195268)
Clp0006I 309308  Obj 1.007198e+10 Primal inf 1.1933822e+10 (242427)
Clp0006I 310308  Obj 1.0125889e+10 Primal inf 1.1495854e+10 (215191)
Clp0006I 311308  Obj 1.0181811e+10 Primal inf 6.2937104e+09 (220875)
Clp0006I 312308  Obj 1.0212167e+10 Primal inf 5.5940251e+10 (240447)
Clp0006I 313308  Obj 1.0252671e+10 Primal inf 2.0853953e+10 (213034)
Clp0006I 314308  Obj 1.0310316e+10 Primal inf 1.6656696e+10 (189964)
Clp0006I 315308  Obj 1.0374624e+10 Primal inf 1.9090934e+10 (216728)
Clp0006I 316308  Obj 1.0428174e+10 Primal inf 1.3485126e+10 (220802)
Clp0006I 317308  Obj 1.0486118e+10 Primal inf 9.9552731e+09 (214330)
Clp0006I 318308  Obj 1.0554786e+10 Primal inf 1.0821307e+10 (200530)
Clp0006I 319308  Obj 1.0600462e+10 Primal inf 1.5373202e+09 (185657)
Clp0006I 320308  Obj 1.0637413e+10 Primal inf 5.1623161e+10 (225406)
Clp0006I 321308  Obj 1.0666293e+10 Primal inf 4.9184509e+09 (218852)
Clp0006I 322308  Obj 1.0704975e+10 Primal inf 1.487149e+09 (179960)
Clp0006I 323308  Obj 1.0768448e+10 Primal inf 1.3944914e+10 (221256)
Clp0006I 324308  Obj 1.0812126e+10 Primal inf 2.4242255e+09 (189230)
Clp0006I 325308  Obj 1.0832192e+10 Primal inf 2.1826694e+09 (188661)
Clp0006I 326308  Obj 1.0855324e+10 Primal inf 2.8372054e+11 (220154)
Clp0006I 327308  Obj 1.0868435e+10 Primal inf 1.5676421e+11 (219458)
Clp0006I 328308  Obj 1.0886444e+10 Primal inf 1.5298354e+09 (212803)
Clp0006I 329308  Obj 1.0968112e+10 Primal inf 1.1250368e+10 (264241)
Clp0006I 330308  Obj 1.1016085e+10 Primal inf 1.0942021e+10 (249322)
Clp0006I 331308  Obj 1.1058034e+10 Primal inf 2.6329801e+09 (210945)
Clp0006I 332308  Obj 1.1101324e+10 Primal inf 1.0946151e+10 (273957)
Clp0006I 333308  Obj 1.1169459e+10 Primal inf 2.0094994e+10 (263762)
Clp0006I 334308  Obj 1.1209054e+10 Primal inf 5.274483e+09 (267321)
Clp0006I 335308  Obj 1.1258192e+10 Primal inf 9.7085329e+09 (279302)
Clp0006I 336308  Obj 1.128581e+10 Primal inf 8.1636693e+08 (193600)
Clp0006I 337308  Obj 1.1309793e+10 Primal inf 6.9148564e+09 (240081)
Clp0006I 338308  Obj 1.1342404e+10 Primal inf 2.4755674e+09 (219182)
Clp0006I 339308  Obj 1.1359257e+10 Primal inf 3.0452089e+09 (214245)
Clp0006I 340308  Obj 1.1374076e+10 Primal inf 1.6531504e+09 (214764)
Clp0006I 341308  Obj 1.140359e+10 Primal inf 4.7459451e+09 (223726)
Clp0006I 342308  Obj 1.14196e+10 Primal inf 2.6356071e+10 (211591)
Clp0006I 343308  Obj 1.1446098e+10 Primal inf 5.0244174e+09 (256759)
Clp0006I 344308  Obj 1.1477151e+10 Primal inf 7.0986506e+09 (246019)
Clp0006I 345308  Obj 1.151779e+10 Primal inf 2.41504e+10 (227378)
Clp0006I 346308  Obj 1.1547646e+10 Primal inf 7.6128914e+09 (233918)
Clp0006I 347308  Obj 1.1582492e+10 Primal inf 2.5844021e+10 (246783)
Clp0006I 348308  Obj 1.1583145e+10 Primal inf 2.197416e+09 (231178)
Clp0006I 349308  Obj 1.1610865e+10 Primal inf 1.8267217e+10 (263616)
Clp0006I 350308  Obj 1.1632657e+10 Primal inf 1.5195849e+09 (219749)
Clp0006I 351308  Obj 1.1665752e+10 Primal inf 1.1762334e+09 (208034)
Clp0006I 352308  Obj 1.1687982e+10 Primal inf 9.0096632e+09 (224946)
Clp0006I 353308  Obj 1.1695868e+10 Primal inf 1.0581188e+10 (258784)
Clp0006I 354308  Obj 1.1730909e+10 Primal inf 1.2129689e+09 (196781)
Clp0006I 355308  Obj 1.1764278e+10 Primal inf 1.264159e+10 (253972)
Clp0006I 356308  Obj 1.1787665e+10 Primal inf 2.3113231e+09 (225749)
Clp0006I 357308  Obj 1.1819689e+10 Primal inf 1.7216822e+09 (236520)
Clp0006I 358308  Obj 1.1828881e+10 Primal inf 6.8289559e+09 (248343)
Clp0006I 359308  Obj 1.1848188e+10 Primal inf 3.6554174e+09 (214329)
Clp0006I 360308  Obj 1.186829e+10 Primal inf 1.6545156e+09 (218989)
Clp0006I 361308  Obj 1.1883525e+10 Primal inf 1.066463e+10 (242557)
Clp0006I 362308  Obj 1.188784e+10 Primal inf 8.4693128e+09 (241425)
Clp0006I 363308  Obj 1.1896909e+10 Primal inf 1.3605883e+10 (234430)
Clp0006I 364308  Obj 1.19112e+10 Primal inf 3.608788e+09 (223799)
Clp0006I 365308  Obj 1.1918314e+10 Primal inf 1.0874834e+09 (191978)
Clp0006I 366308  Obj 1.1929752e+10 Primal inf 2.9308726e+09 (221087)
Clp0006I 367308  Obj 1.1937086e+10 Primal inf 1.0052578e+10 (236082)
Clp0006I 368308  Obj 1.1943567e+10 Primal inf 2.9666409e+09 (221058)
Clp0006I 369308  Obj 1.1954962e+10 Primal inf 5.4642759e+09 (223112)
Clp0006I 370308  Obj 1.1968006e+10 Primal inf 2.2038862e+10 (242039)
Clp0006I 371308  Obj 1.1975488e+10 Primal inf 1.5718508e+09 (200153)
Clp0006I 372308  Obj 1.199771e+10 Primal inf 8.1874007e+09 (285771)
Clp0006I 373308  Obj 1.2017254e+10 Primal inf 2.9460432e+10 (265773)
Clp0006I 374308  Obj 1.2019525e+10 Primal inf 7.3788457e+08 (191450)
Clp0006I 375308  Obj 1.2029007e+10 Primal inf 1.1639856e+09 (218440)
Clp0006I 376308  Obj 1.204263e+10 Primal inf 2.9459069e+10 (246228)
Clp0006I 377308  Obj 1.2048098e+10 Primal inf 9.9069195e+09 (215296)
Clp0006I 378308  Obj 1.206008e+10 Primal inf 3.4570707e+09 (233436)
Clp0006I 379308  Obj 1.2081744e+10 Primal inf 2.9095699e+10 (293653)
Clp0006I 380308  Obj 1.2094051e+10 Primal inf 6.9476732e+10 (251380)
Clp0006I 381308  Obj 1.2099375e+10 Primal inf 6.9474317e+10 (251455)
Clp0006I 382308  Obj 1.210064e+10 Primal inf 3.1495254e+10 (255378)
Clp0006I 383308  Obj 1.2120147e+10 Primal inf 1.4975348e+09 (216246)
Clp0006I 384308  Obj 1.2152812e+10 Primal inf 9.1999831e+09 (238129)
Clp0006I 385308  Obj 1.2321519e+10 Primal inf 4.206057e+09 (228747)
Clp0006I 386308  Obj 1.2341443e+10 Primal inf 1.1164544e+10 (233568)
Clp0006I 387308  Obj 1.2361726e+10 Primal inf 1.9896965e+09 (207487)
Clp0006I 388308  Obj 1.238815e+10 Primal inf 1.8388512e+09 (194388)
Clp0006I 389308  Obj 1.2402668e+10 Primal inf 5.4865212e+09 (213293)
Clp0006I 390308  Obj 1.2415438e+10 Primal inf 2.7274561e+09 (222714)
Clp0006I 391308  Obj 1.2431067e+10 Primal inf 2.3381416e+10 (233049)
Clp0006I 392308  Obj 1.2442922e+10 Primal inf 1.5751054e+09 (238977)
Clp0006I 393308  Obj 1.2452251e+10 Primal inf 2.6995448e+09 (223746)
Clp0006I 394308  Obj 1.2459175e+10 Primal inf 2.3919265e+09 (235312)
Clp0006I 395308  Obj 1.2460834e+10 Primal inf 9.0637551e+09 (231711)
Clp0006I 396308  Obj 1.2463838e+10 Primal inf 4.7964516e+09 (265341)
Clp0006I 397308  Obj 1.2464436e+10 Primal inf 3.0054065e+09 (259720)
Clp0006I 398308  Obj 1.2466001e+10 Primal inf 3.905667e+09 (217280)
Clp0006I 399308  Obj 1.2467009e+10 Primal inf 1.4717622e+10 (234313)
Clp0006I 400308  Obj 1.2474756e+10 Primal inf 3.1608324e+09 (265196)
Clp0006I 401308  Obj 1.2476767e+10 Primal inf 3.0044735e+09 (207658)
Clp0006I 402308  Obj 1.248512e+10 Primal inf 9.5699217e+08 (215540)
Clp0006I 403308  Obj 1.2494136e+10 Primal inf 8.4154427e+08 (238129)
Clp0006I 404308  Obj 1.2505119e+10 Primal inf 5.2084465e+09 (240910)
Clp0006I 405308  Obj 1.251717e+10 Primal inf 1.8486679e+09 (231250)
Clp0006I 406308  Obj 1.2524385e+10 Primal inf 4.8572603e+09 (226794)
Clp0006I 407308  Obj 1.2535028e+10 Primal inf 1.7899338e+09 (226844)
Clp0006I 408308  Obj 1.2542306e+10 Primal inf 6.2449164e+08 (194285)
Clp0006I 409308  Obj 1.2550906e+10 Primal inf 3.4581605e+09 (272134)
Clp0006I 410308  Obj 1.2553042e+10 Primal inf 2.3030184e+09 (268207)
Clp0006I 411308  Obj 1.2555715e+10 Primal inf 2.1293898e+09 (227633)
Clp0006I 412308  Obj 1.2566068e+10 Primal inf 3.2006911e+09 (253399)
Clp0006I 413308  Obj 1.2578427e+10 Primal inf 2.9223834e+09 (268527)
Clp0006I 414308  Obj 1.2580605e+10 Primal inf 2.1262854e+09 (239193)
Clp0006I 415308  Obj 1.2592669e+10 Primal inf 2.4685045e+09 (225264)
Clp0006I 416308  Obj 1.2596368e+10 Primal inf 3.450538e+09 (229056)
Clp0006I 417308  Obj 1.2599688e+10 Primal inf 3.8115614e+09 (278572)
Clp0006I 418308  Obj 1.2615295e+10 Primal inf 9.1611265e+09 (252704)
Clp0006I 419308  Obj 1.2617007e+10 Primal inf 4.384458e+09 (236598)
Clp0006I 420308  Obj 1.2631798e+10 Primal inf 3.8054539e+09 (227243)
Clp0006I 421308  Obj 1.2641113e+10 Primal inf 8.4408153e+09 (253635)
Clp0006I 422308  Obj 1.2644411e+10 Primal inf 1.0425161e+10 (241212)
Clp0006I 423308  Obj 1.2647304e+10 Primal inf 8.1255225e+09 (243455)
Clp0006I 424308  Obj 1.2666346e+10 Primal inf 4.6072813e+09 (287142)
Clp0006I 425308  Obj 1.26738e+10 Primal inf 1.365808e+09 (243279)
Clp0006I 426308  Obj 1.2677095e+10 Primal inf 4.0985237e+09 (240966)
Clp0006I 427308  Obj 1.2679813e+10 Primal inf 6.2883221e+09 (257418)
Clp0006I 428308  Obj 1.2681178e+10 Primal inf 3.9708721e+09 (253280)
Clp0006I 429308  Obj 1.2688147e+10 Primal inf 2.1464499e+10 (245983)
Clp0006I 430308  Obj 1.2697394e+10 Primal inf 3.6268965e+09 (233571)
Clp0006I 431308  Obj 1.2709789e+10 Primal inf 8.5106586e+08 (198344)
Clp0006I 432308  Obj 1.2722793e+10 Primal inf 2.9802115e+09 (231200)
Clp0006I 433308  Obj 1.273183e+10 Primal inf 7.1736384e+09 (268602)
Clp0006I 434308  Obj 1.2744376e+10 Primal inf 1.7114202e+09 (228976)
Clp0006I 435308  Obj 1.2748429e+10 Primal inf 1.9571972e+09 (265951)
Clp0006I 436308  Obj 1.2751502e+10 Primal inf 3.2297666e+10 (251368)
Clp0006I 437308  Obj 1.2760361e+10 Primal inf 5.5978086e+10 (252288)
Clp0006I 438308  Obj 1.2762677e+10 Primal inf 1.4140839e+11 (275963)
Clp0006I 439308  Obj 1.2769972e+10 Primal inf 2.5991732e+09 (268662)
Clp0006I 440308  Obj 1.2782527e+10 Primal inf 4.2811313e+09 (301435)
Clp0006I 441308  Obj 1.2788041e+10 Primal inf 5.2873796e+09 (301655)
Clp0006I 442308  Obj 1.2794915e+10 Primal inf 1.0438043e+10 (297540)
Clp0006I 443308  Obj 1.280444e+10 Primal inf 1.9881185e+10 (285882)
Clp0006I 444308  Obj 1.2810257e+10 Primal inf 1.0113876e+10 (281917)
Clp0006I 445308  Obj 1.2816769e+10 Primal inf 1.7517022e+10 (256800)
Clp0006I 446308  Obj 1.2821658e+10 Primal inf 1.8376276e+10 (239928)
Clp0006I 447308  Obj 1.2825383e+10 Primal inf 1.6753106e+09 (251261)
Clp0006I 448308  Obj 1.2834882e+10 Primal inf 2.4090018e+10 (262268)
Clp0006I 449308  Obj 1.2838802e+10 Primal inf 1.0713667e+10 (268315)
Clp0006I 450308  Obj 1.2841406e+10 Primal inf 1.2544191e+10 (273551)
Clp0006I 451308  Obj 1.2845219e+10 Primal inf 1.3947304e+10 (263077)
Clp0006I 452308  Obj 1.2848451e+10 Primal inf 3.8583689e+09 (246673)
Clp0006I 453308  Obj 1.2855698e+10 Primal inf 4.2882874e+09 (245937)
Clp0006I 454308  Obj 1.2871311e+10 Primal inf 2.1590021e+10 (261521)
Clp0006I 455308  Obj 1.2874025e+10 Primal inf 1.1346828e+10 (232278)
Clp0006I 456308  Obj 1.2876952e+10 Primal inf 9.7096767e+09 (282406)
Clp0006I 457308  Obj 1.2885486e+10 Primal inf 1.2471956e+10 (246499)
Clp0006I 458308  Obj 1.2889154e+10 Primal inf 5.5967858e+09 (260101)
Clp0006I 459308  Obj 1.2892333e+10 Primal inf 6.9880753e+09 (257465)
Clp0006I 460308  Obj 1.2896378e+10 Primal inf 7.9345844e+09 (232378)
Clp0006I 461308  Obj 1.2899493e+10 Primal inf 1.5146725e+09 (248771)
Clp0006I 462308  Obj 1.2906785e+10 Primal inf 2.8962894e+09 (280714)
Clp0006I 463308  Obj 1.2914001e+10 Primal inf 4.3547855e+10 (259184)
Clp0006I 464308  Obj 1.2920561e+10 Primal inf 1.3794932e+12 (279613)
Clp0006I 465308  Obj 1.2927195e+10 Primal inf 1.2913923e+09 (225072)
Clp0006I 466308  Obj 1.2939418e+10 Primal inf 1.6758157e+09 (239858)
Clp0006I 467308  Obj 1.2941277e+10 Primal inf 1.640812e+09 (228599)
Clp0006I 468308  Obj 1.2946991e+10 Primal inf 5.9809098e+10 (216689)
Clp0006I 469308  Obj 1.2950816e+10 Primal inf 6.3211095e+10 (220378)
Clp0006I 470308  Obj 1.2961827e+10 Primal inf 8.8993438e+10 (244210)
Clp0006I 471308  Obj 1.2968457e+10 Primal inf 2.1847296e+10 (220381)
Clp0006I 472308  Obj 1.297101e+10 Primal inf 3.741474e+10 (221009)
Clp0006I 473308  Obj 1.2975409e+10 Primal inf 4.1933797e+10 (240541)
Clp0006I 474308  Obj 1.2978484e+10 Primal inf 6.34033e+10 (243686)
Clp0006I 475308  Obj 1.2986229e+10 Primal inf 2.1484363e+09 (237650)
Clp0006I 476308  Obj 1.2995824e+10 Primal inf 1.6605086e+10 (268978)
Clp0006I 477308  Obj 1.3001758e+10 Primal inf 1.5249264e+10 (217378)
Clp0006I 478308  Obj 1.3007493e+10 Primal inf 1.0541223e+10 (258537)
Clp0006I 479308  Obj 1.3016178e+10 Primal inf 8.6294042e+09 (237018)
Clp0006I 480308  Obj 1.3019301e+10 Primal inf 7.1826787e+09 (258284)
Clp0006I 481308  Obj 1.3020961e+10 Primal inf 1.2720898e+10 (221985)
Clp0006I 482308  Obj 1.303475e+10 Primal inf 4.8431671e+09 (278465)
Clp0006I 483308  Obj 1.3041185e+10 Primal inf 6.1890084e+09 (273147)
Clp0006I 484308  Obj 1.3048151e+10 Primal inf 5.6398132e+10 (273687)
Clp0006I 485308  Obj 1.3051256e+10 Primal inf 5.1532929e+09 (271163)
Clp0006I 486308  Obj 1.3056514e+10 Primal inf 7.6806385e+10 (292962)
Clp0006I 487308  Obj 1.3065751e+10 Primal inf 9.975889e+10 (314507)
Clp0006I 488308  Obj 1.3068502e+10 Primal inf 1.929904e+10 (290704)
Clp0006I 489308  Obj 1.3074395e+10 Primal inf 1.9584263e+10 (292606)
Clp0006I 490308  Obj 1.3082824e+10 Primal inf 7.5403734e+09 (288093)
Clp0006I 491308  Obj 1.3095296e+10 Primal inf 4.8843261e+09 (275704)
Clp0006I 492308  Obj 1.3105902e+10 Primal inf 4.8494904e+10 (231511)
Clp0006I 493308  Obj 1.3107226e+10 Primal inf 6.5091602e+09 (276328)
Clp0006I 494308  Obj 1.3107784e+10 Primal inf 5.5507348e+09 (276211)
Clp0006I 495308  Obj 1.3110106e+10 Primal inf 1.1213451e+09 (242374)
Clp0006I 496308  Obj 1.3111183e+10 Primal inf 1.4472496e+11 (238964)
Clp0006I 497308  Obj 1.3113505e+10 Primal inf 1.4944844e+10 (277689)
Clp0006I 498308  Obj 1.3114365e+10 Primal inf 2.126754e+09 (227912)
Clp0006I 499308  Obj 1.3118315e+10 Primal inf 1.9618814e+10 (287125)
Clp0006I 500308  Obj 1.312119e+10 Primal inf 6.7966768e+09 (287452)
Clp0006I 501308  Obj 1.3123069e+10 Primal inf 4.2246641e+09 (251416)
Clp0006I 502308  Obj 1.3124614e+10 Primal inf 1.2591594e+09 (269963)
Clp0006I 503308  Obj 1.3126756e+10 Primal inf 3.1204479e+09 (254073)
Clp0006I 504308  Obj 1.3128793e+10 Primal inf 2.3730249e+10 (304205)
Clp0006I 505308  Obj 1.3132266e+10 Primal inf 2.1320206e+09 (252116)
Clp0006I 506308  Obj 1.3134107e+10 Primal inf 2.019553e+09 (247706)
Clp0006I 507308  Obj 1.3161306e+10 Primal inf 2.0402518e+09 (247897)
Clp0006I 508308  Obj 1.3204079e+10 Primal inf 9.4352201e+09 (263162)
Clp0006I 509308  Obj 1.3206244e+10 Primal inf 1.9734195e+09 (247792)
Clp0006I 510308  Obj 1.3208747e+10 Primal inf 1.877786e+09 (224574)
Clp0006I 511308  Obj 1.3209544e+10 Primal inf 6.9361309e+09 (232995)
Clp0006I 512308  Obj 1.3211685e+10 Primal inf 1.0135356e+10 (252782)
Clp0006I 513308  Obj 1.3213168e+10 Primal inf 4.4636486e+09 (239040)
Clp0006I 514308  Obj 1.3215307e+10 Primal inf 1.3729256e+10 (242906)
Clp0006I 515308  Obj 1.3217975e+10 Primal inf 3.8457254e+09 (282492)
Clp0006I 516308  Obj 1.3220298e+10 Primal inf 5.4740653e+10 (267189)
Clp0006I 517308  Obj 1.3222104e+10 Primal inf 2.9618116e+09 (245188)
Clp0006I 518308  Obj 1.3224204e+10 Primal inf 1.076205e+10 (258748)
Clp0006I 519308  Obj 1.322583e+10 Primal inf 2.3564702e+10 (238459)
Clp0006I 520308  Obj 1.3227759e+10 Primal inf 1.2119826e+10 (263620)
Clp0006I 521308  Obj 1.3254305e+10 Primal inf 2.1838514e+10 (269741)
Clp0006I 522308  Obj 1.3269315e+10 Primal inf 6.0632271e+09 (234719)
Clp0006I 523308  Obj 1.3274688e+10 Primal inf 4.1180349e+09 (240395)
Clp0006I 524308  Obj 1.3281332e+10 Primal inf 1.1455785e+10 (244445)
Clp0006I 525308  Obj 1.330366e+10 Primal inf 1.3069628e+11 (304189)
Clp0006I 526308  Obj 1.3333985e+10 Primal inf 9.5967785e+10 (308363)
Clp0006I 527308  Obj 1.3366678e+10 Primal inf 8.8036818e+10 (341602)
Clp0006I 528308  Obj 1.3396883e+10 Primal inf 2.9409281e+11 (355632)
Clp0006I 529308  Obj 1.3417788e+10 Primal inf 5.5819279e+11 (333421)
Clp0006I 530308  Obj 1.3434322e+10 Primal inf 1.485238e+11 (330996)
Clp0006I 531308  Obj 1.3449786e+10 Primal inf 2.4140218e+11 (333837)
Clp0006I 532308  Obj 1.3468792e+10 Primal inf 1.4163898e+11 (345321)
Clp0006I 533308  Obj 1.3477645e+10 Primal inf 1.6905252e+10 (372142)
Clp0006I 534308  Obj 1.3489125e+10 Primal inf 1.8365604e+10 (287665)
Clp0006I 535308  Obj 1.3496361e+10 Primal inf 5.4905582e+10 (308946)
Clp0006I 536308  Obj 1.3506681e+10 Primal inf 3.5724206e+10 (355677)
Clp0006I 537308  Obj 1.3508708e+10 Primal inf 6.3960865e+09 (272238)
Clp0006I 538308  Obj 1.350901e+10 Primal inf 7.9013311e+09 (324255)
Clp0006I 539308  Obj 1.3510101e+10 Primal inf 1.2167168e+10 (351562)
Clp0006I 540308  Obj 1.3513623e+10 Primal inf 2.5409386e+11 (329713)
Clp0006I 541308  Obj 1.3524422e+10 Primal inf 1.1230462e+11 (346695)
Clp0006I 542308  Obj 1.35305e+10 Primal inf 1.0569439e+11 (328813)
Clp0006I 543308  Obj 1.3534789e+10 Primal inf 7.7737327e+09 (282721)
Clp0006I 544308  Obj 1.3541898e+10 Primal inf 8.0529988e+09 (283071)
Clp0006I 545308  Obj 1.3544918e+10 Primal inf 3.6057553e+11 (320295)
Clp0006I 546308  Obj 1.3555089e+10 Primal inf 2.5057777e+10 (310211)
Clp0006I 547308  Obj 1.3560466e+10 Primal inf 2.6853861e+10 (279717)
Clp0006I 548308  Obj 1.3568971e+10 Primal inf 1.4557903e+11 (356540)
Clp0006I 549308  Obj 1.357253e+10 Primal inf 2.5608475e+10 (310207)
Clp0006I 550308  Obj 1.3573437e+10 Primal inf 6.5352571e+10 (303951)
Clp0006I 551308  Obj 1.3576609e+10 Primal inf 5.8278019e+10 (369749)
Clp0006I 552308  Obj 1.3581282e+10 Primal inf 8.4415605e+10 (299161)
Clp0006I 553308  Obj 1.3585786e+10 Primal inf 7.2584514e+11 (333487)
Clp0006I 554308  Obj 1.3587114e+10 Primal inf 7.31455e+10 (309426)
Clp0006I 555308  Obj 1.3590115e+10 Primal inf 1.0735538e+10 (313236)
Clp0006I 556308  Obj 1.3593028e+10 Primal inf 1.8003965e+10 (277438)
Clp0006I 557308  Obj 1.3601336e+10 Primal inf 3.9851215e+10 (285181)
Clp0006I 558308  Obj 1.3602634e+10 Primal inf 4.0454104e+10 (336941)
Clp0006I 559308  Obj 1.3604056e+10 Primal inf 1.1305483e+10 (306061)
Clp0006I 560308  Obj 1.3606265e+10 Primal inf 4.2582071e+09 (287560)
Clp0006I 561308  Obj 1.3613488e+10 Primal inf 3.783597e+10 (293854)
Clp0006I 562308  Obj 1.3636116e+10 Primal inf 2.2342767e+10 (288754)
Clp0006I 563308  Obj 1.364377e+10 Primal inf 4.9911218e+09 (260036)
Clp0006I 564308  Obj 1.3659451e+10 Primal inf 3.1777588e+10 (313367)
Clp0006I 565308  Obj 1.3672884e+10 Primal inf 9.1831507e+09 (277612)
Clp0006I 566308  Obj 1.3684888e+10 Primal inf 5.6689452e+10 (340379)
Clp0006I 567308  Obj 1.3701825e+10 Primal inf 5.0904069e+11 (327579)
Clp0006I 568308  Obj 1.3719831e+10 Primal inf 3.75391e+10 (313435)
Clp0006I 569308  Obj 1.3726317e+10 Primal inf 4.4879919e+09 (322971)
Clp0006I 570308  Obj 1.3733232e+10 Primal inf 4.7190777e+10 (262463)
Clp0006I 571308  Obj 1.374349e+10 Primal inf 6.06453e+09 (312689)
Clp0006I 572308  Obj 1.3749743e+10 Primal inf 9.9991755e+10 (309100)
Clp0006I 573308  Obj 1.3754707e+10 Primal inf 3.9844394e+10 (305747)
Clp0006I 574308  Obj 1.3759216e+10 Primal inf 3.9893583e+10 (333425)
Clp0006I 575308  Obj 1.376047e+10 Primal inf 6.7490183e+09 (315687)
Clp0006I 576308  Obj 1.3766339e+10 Primal inf 9.5510989e+10 (320952)
Clp0006I 577308  Obj 1.3778999e+10 Primal inf 6.2166212e+10 (330316)
Clp0006I 578308  Obj 1.3788112e+10 Primal inf 3.6308292e+10 (323520)
Clp0006I 579308  Obj 1.3798192e+10 Primal inf 7.1340589e+10 (296751)
Clp0006I 580308  Obj 1.380347e+10 Primal inf 2.6428225e+10 (313990)
Clp0006I 581308  Obj 1.3810647e+10 Primal inf 7.3909746e+10 (334365)
Clp0006I 582308  Obj 1.3818362e+10 Primal inf 2.5567643e+09 (298695)
Clp0006I 583308  Obj 1.3831627e+10 Primal inf 9.4792807e+10 (309607)
Clp0006I 584308  Obj 1.3837119e+10 Primal inf 1.0688477e+10 (288099)
Clp0006I 585308  Obj 1.3843019e+10 Primal inf 1.9583818e+10 (320836)
Clp0006I 586308  Obj 1.3852114e+10 Primal inf 1.8336445e+10 (326342)
Clp0006I 587308  Obj 1.3866055e+10 Primal inf 1.7380554e+10 (322506)
Clp0006I 588308  Obj 1.3875581e+10 Primal inf 3.607927e+10 (350145)
Clp0006I 589308  Obj 1.3880841e+10 Primal inf 1.7311187e+10 (310321)
Clp0006I 590308  Obj 1.3884226e+10 Primal inf 6.0876129e+09 (294342)
Clp0006I 591308  Obj 1.388597e+10 Primal inf 3.1933291e+10 (306946)
Clp0006I 592308  Obj 1.388745e+10 Primal inf 4.1849923e+10 (327864)
Clp0006I 593308  Obj 1.3891672e+10 Primal inf 9.4096008e+10 (299956)
Clp0006I 594308  Obj 1.3894778e+10 Primal inf 2.9678745e+10 (365288)
Clp0006I 595308  Obj 1.3897379e+10 Primal inf 3.2781629e+10 (331327)
Clp0006I 596308  Obj 1.3902399e+10 Primal inf 1.1100255e+10 (264015)
Clp0006I 597308  Obj 1.3916071e+10 Primal inf 4.2542909e+09 (289108)
Clp0006I 598308  Obj 1.3933764e+10 Primal inf 3.6904192e+10 (358914)
Clp0006I 599308  Obj 1.3950613e+10 Primal inf 3.2984203e+11 (331382)
Clp0006I 600308  Obj 1.3959637e+10 Primal inf 2.6654297e+10 (350243)
Clp0006I 601308  Obj 1.3967568e+10 Primal inf 2.6412521e+10 (357617)
Clp0006I 602308  Obj 1.398229e+10 Primal inf 4.2481265e+10 (378436)
Clp0006I 603308  Obj 1.3991625e+10 Primal inf 4.8211337e+10 (298095)
Clp0006I 604308  Obj 1.4009379e+10 Primal inf 9.6497411e+09 (285302)
Clp0006I 605308  Obj 1.4021327e+10 Primal inf 1.5693001e+11 (292394)
Clp0006I 606308  Obj 1.4028143e+10 Primal inf 1.1347977e+11 (362947)
Clp0006I 607308  Obj 1.4039951e+10 Primal inf 4.1243588e+09 (279970)
Clp0006I 608308  Obj 1.4050395e+10 Primal inf 1.0926071e+11 (316855)
Clp0006I 609308  Obj 1.405828e+10 Primal inf 2.650062e+11 (374935)
Clp0006I 610308  Obj 1.4068282e+10 Primal inf 6.1201036e+10 (347061)
Clp0006I 611308  Obj 1.4090386e+10 Primal inf 8.1960584e+10 (346360)
Clp0006I 612308  Obj 1.4109547e+10 Primal inf 2.9332382e+10 (301318)
Clp0006I 613308  Obj 1.4121141e+10 Primal inf 1.3354886e+11 (320879)
Clp0006I 614308  Obj 1.4138596e+10 Primal inf 1.2007169e+10 (342763)
Clp0006I 615308  Obj 1.4148675e+10 Primal inf 4.9795865e+09 (327814)
Clp0006I 616308  Obj 1.4159102e+10 Primal inf 7.7232428e+09 (296870)
Clp0006I 617308  Obj 1.416982e+10 Primal inf 1.3427718e+10 (291183)
Clp0006I 618308  Obj 1.4183374e+10 Primal inf 6.9358414e+10 (297445)
Clp0006I 619308  Obj 1.4195372e+10 Primal inf 3.9539739e+10 (334515)
Clp0006I 620308  Obj 1.4204105e+10 Primal inf 4.9208987e+09 (329649)
Clp0006I 621308  Obj 1.4218533e+10 Primal inf 8.8331557e+10 (369925)
Clp0006I 622308  Obj 1.4239518e+10 Primal inf 1.06152e+10 (298416)
Clp0006I 623308  Obj 1.424727e+10 Primal inf 4.9413891e+10 (342623)
Clp0006I 624308  Obj 1.4260765e+10 Primal inf 3.2473685e+10 (322627)
Clp0006I 625308  Obj 1.4272725e+10 Primal inf 1.9914804e+10 (329130)
Clp0006I 626308  Obj 1.4285378e+10 Primal inf 6.2069396e+10 (343683)
Clp0006I 627308  Obj 1.4298679e+10 Primal inf 1.1192591e+10 (289596)
Clp0006I 628308  Obj 1.4309095e+10 Primal inf 2.2601255e+10 (323687)
Clp0006I 629308  Obj 1.4317527e+10 Primal inf 4.4679187e+10 (319071)
Clp0006I 630308  Obj 1.4324497e+10 Primal inf 3.481372e+10 (317594)
Clp0006I 631308  Obj 1.4335022e+10 Primal inf 1.0360534e+10 (346692)
Clp0006I 632308  Obj 1.4347506e+10 Primal inf 8.3832047e+09 (330434)
Clp0006I 633308  Obj 1.4357967e+10 Primal inf 1.2289448e+10 (302338)
Clp0006I 634308  Obj 1.4363209e+10 Primal inf 1.6189427e+10 (318641)
Clp0006I 635308  Obj 1.4366154e+10 Primal inf 2.8219542e+10 (337755)
Clp0006I 636308  Obj 1.4369141e+10 Primal inf 2.7553656e+09 (253394)
Clp0006I 637308  Obj 1.4373316e+10 Primal inf 1.2901295e+10 (301277)
Clp0006I 638308  Obj 1.4376909e+10 Primal inf 3.2909229e+10 (339249)
Clp0006I 639308  Obj 1.4378883e+10 Primal inf 1.8129315e+10 (301916)
Clp0006I 640308  Obj 1.4383043e+10 Primal inf 3.8893399e+10 (322145)
Clp0006I 641308  Obj 1.4395014e+10 Primal inf 1.1356238e+10 (332381)
Clp0006I 642308  Obj 1.439948e+10 Primal inf 1.3048791e+10 (359324)
Clp0006I 643308  Obj 1.4407671e+10 Primal inf 7.1644813e+10 (362145)
Clp0006I 644308  Obj 1.4411131e+10 Primal inf 2.5286095e+10 (380657)
Clp0006I 645308  Obj 1.4422663e+10 Primal inf 3.6642279e+10 (327746)
Clp0006I 646308  Obj 1.4434774e+10 Primal inf 1.1632306e+10 (308280)
Clp0006I 647308  Obj 1.4446887e+10 Primal inf 1.5486376e+10 (300663)
Clp0006I 648308  Obj 1.4452026e+10 Primal inf 2.4904099e+11 (371686)
Clp0006I 649308  Obj 1.4462216e+10 Primal inf 2.1747684e+12 (411957)
Clp0006I 650308  Obj 1.4480334e+10 Primal inf 2.0640265e+10 (358424)
Clp0006I 651308  Obj 1.4500509e+10 Primal inf 9.9134553e+09 (291195)
Clp0006I 652308  Obj 1.450959e+10 Primal inf 5.0381559e+10 (418893)
Clp0006I 653308  Obj 1.45292e+10 Primal inf 2.4704535e+10 (373599)
Clp0006I 654308  Obj 1.4543245e+10 Primal inf 2.02241e+10 (305349)
Clp0006I 655308  Obj 1.4559615e+10 Primal inf 1.9447128e+11 (402765)
Clp0006I 656308  Obj 1.457517e+10 Primal inf 5.3849052e+09 (307113)
Clp0006I 657308  Obj 1.4585305e+10 Primal inf 6.311707e+10 (336860)
Clp0006I 658308  Obj 1.4598235e+10 Primal inf 3.4136321e+10 (317100)
Clp0006I 659308  Obj 1.4607765e+10 Primal inf 1.1553936e+10 (325795)
Clp0006I 660308  Obj 1.4619046e+10 Primal inf 7.5732307e+10 (370043)
Clp0006I 661308  Obj 1.4627644e+10 Primal inf 1.9018e+10 (344720)
Clp0006I 662308  Obj 1.4641565e+10 Primal inf 1.1478331e+12 (397687)
Clp0006I 663308  Obj 1.465091e+10 Primal inf 1.4510714e+11 (397147)
Clp0006I 664308  Obj 1.4665318e+10 Primal inf 7.3565716e+10 (354933)
Clp0006I 665308  Obj 1.4679464e+10 Primal inf 1.7965367e+10 (318392)
Clp0006I 666308  Obj 1.4691596e+10 Primal inf 1.0755134e+11 (402854)
Clp0006I 667308  Obj 1.4702491e+10 Primal inf 2.3276241e+10 (371336)
Clp0006I 668308  Obj 1.4714511e+10 Primal inf 1.2488623e+11 (356399)
Clp0006I 669308  Obj 1.4722134e+10 Primal inf 7.0777756e+09 (293502)
Clp0006I 670308  Obj 1.4733497e+10 Primal inf 3.5167747e+11 (366555)
Clp0006I 670627  Obj 1.4735169e+10 Primal inf 5.3546956e+11 (318035)
Clp0006I 671627  Obj 1.4741806e+10 Primal inf 1.7795354e+11 (341505)
Clp0006I 672627  Obj 1.4752697e+10 Primal inf 4.8823415e+10 (326713)
Clp0006I 673627  Obj 1.4759277e+10 Primal inf 3.994416e+09 (241744)
Clp0006I 674627  Obj 1.4776435e+10 Primal inf 5.0539929e+10 (334004)
Clp0006I 675627  Obj 1.47919e+10 Primal inf 6.7536299e+10 (353552)
Clp0006I 676627  Obj 1.4804428e+10 Primal inf 4.4573112e+09 (261937)
Clp0006I 677627  Obj 1.4822419e+10 Primal inf 1.3478313e+10 (342605)
Clp0006I 678627  Obj 1.4838231e+10 Primal inf 1.8764467e+11 (395968)
Clp0006I 679627  Obj 1.4852321e+10 Primal inf 4.8575954e+10 (378638)
Clp0006I 680627  Obj 1.486717e+10 Primal inf 4.1953605e+10 (345553)
Clp0006I 681627  Obj 1.4884715e+10 Primal inf 2.4561602e+11 (372050)
Clp0006I 682627  Obj 1.4899222e+10 Primal inf 4.6779092e+11 (392388)
Clp0006I 683627  Obj 1.4908285e+10 Primal inf 1.2046384e+11 (387116)
Clp0006I 684627  Obj 1.4918969e+10 Primal inf 3.8115357e+10 (329348)
Clp0006I 685627  Obj 1.4930715e+10 Primal inf 2.7455105e+10 (375479)
Clp0006I 686627  Obj 1.4948976e+10 Primal inf 3.6858356e+10 (366031)
Clp0006I 687627  Obj 1.4967942e+10 Primal inf 1.6822667e+11 (408405)
Clp0006I 688627  Obj 1.4983622e+10 Primal inf 4.3003115e+10 (384955)
Clp0006I 689611  Obj 1.5004854e+10 Primal inf 4.4311454e+10 (376108)
Clp0006I 690611  Obj 1.5020563e+10 Primal inf 1.9884642e+10 (408447)
Clp0006I 691611  Obj 1.5035961e+10 Primal inf 5.1641698e+11 (383093)
Clp0006I 692611  Obj 1.5049846e+10 Primal inf 7.6152979e+10 (401077)
Clp0006I 693611  Obj 1.5065736e+10 Primal inf 1.637464e+11 (373415)
Clp0006I 694611  Obj 1.5076996e+10 Primal inf 4.5405263e+10 (453484)
Clp0006I 695439  Obj 1.5090135e+10 Primal inf 8.5447753e+10 (371405)
Clp0006I 696276  Obj 1.5105391e+10 Primal inf 9.5396681e+11 (345658)
Clp0006I 697276  Obj 1.5119699e+10 Primal inf 5.9305624e+09 (315155)
Clp0006I 698276  Obj 1.5130335e+10 Primal inf 2.1166069e+10 (391867)
Clp0006I 699276  Obj 1.5155616e+10 Primal inf 1.7191285e+11 (343846)
Clp0006I 700276  Obj 1.5188283e+10 Primal inf 2.7146683e+10 (304751)
Clp0006I 701276  Obj 1.5223479e+10 Primal inf 4.9004885e+11 (360913)
Clp0006I 702276  Obj 1.5255186e+10 Primal inf 9.6648913e+10 (315392)
Clp0006I 703276  Obj 1.5286902e+10 Primal inf 8.6922056e+10 (345792)
Clp0006I 704276  Obj 1.5312424e+10 Primal inf 2.4639094e+10 (349651)
Clp0006I 705276  Obj 1.5324211e+10 Primal inf 8.5293396e+10 (394389)
Clp0006I 706276  Obj 1.5336332e+10 Primal inf 5.8042382e+10 (349217)
Clp0006I 707276  Obj 1.5349288e+10 Primal inf 5.089658e+10 (382186)
Clp0006I 708276  Obj 1.5368626e+10 Primal inf 6.2689839e+10 (339508)
Clp0006I 709276  Obj 1.5387202e+10 Primal inf 1.0905776e+11 (400621)
Clp0006I 710276  Obj 1.5400105e+10 Primal inf 1.2040689e+11 (343731)
Clp0006I 711276  Obj 1.5417176e+10 Primal inf 2.8408077e+11 (356153)
Clp0006I 712276  Obj 1.5435104e+10 Primal inf 1.3712895e+11 (349023)
Clp0006I 713276  Obj 1.5450604e+10 Primal inf 2.5618209e+11 (416828)
Clp0006I 714276  Obj 1.5460605e+10 Primal inf 8.9145333e+09 (363966)
Clp0006I 715276  Obj 1.5473421e+10 Primal inf 4.1805486e+10 (406016)
Clp0006I 716276  Obj 1.548534e+10 Primal inf 3.9949748e+10 (359403)
Clp0006I 717276  Obj 1.5494909e+10 Primal inf 6.7709639e+10 (370463)
Clp0006I 718276  Obj 1.5502806e+10 Primal inf 1.469715e+10 (326039)
Clp0006I 719276  Obj 1.5514717e+10 Primal inf 1.9232043e+10 (370428)
Clp0006I 720276  Obj 1.5527905e+10 Primal inf 6.6129e+10 (336794)
Clp0006I 721276  Obj 1.553369e+10 Primal inf 2.1434931e+10 (369007)
Clp0006I 722276  Obj 1.5551022e+10 Primal inf 2.0527718e+10 (415533)
Clp0006I 723276  Obj 1.556025e+10 Primal inf 5.5637283e+10 (425264)
Clp0006I 724276  Obj 1.5573682e+10 Primal inf 6.3416998e+10 (428039)
Clp0006I 725276  Obj 1.5587858e+10 Primal inf 4.1933554e+10 (375252)
Clp0006I 726276  Obj 1.5600454e+10 Primal inf 5.6024031e+10 (399292)
Clp0006I 727276  Obj 1.5610872e+10 Primal inf 4.5534511e+10 (373134)
Clp0006I 728276  Obj 1.5623746e+10 Primal inf 8.4694593e+10 (407447)
Clp0006I 729276  Obj 1.5645081e+10 Primal inf 6.222621e+10 (413529)
Clp0006I 730276  Obj 1.5656716e+10 Primal inf 4.2216584e+12 (385360)
Clp0006I 731276  Obj 1.5665591e+10 Primal inf 9.812809e+09 (351393)
Clp0006I 732276  Obj 1.5670451e+10 Primal inf 1.6260274e+11 (354692)
Clp0006I 733276  Obj 1.5676911e+10 Primal inf 3.3676086e+11 (400906)
Clp0006I 734276  Obj 1.5694108e+10 Primal inf 8.7439757e+10 (331417)
Clp0006I 735276  Obj 1.5700285e+10 Primal inf 6.345543e+10 (378520)
Clp0006I 736276  Obj 1.5702768e+10 Primal inf 7.0920307e+10 (287612)
Clp0006I 737276  Obj 1.5727309e+10 Primal inf 3.2234242e+11 (384239)
Clp0006I 738276  Obj 1.5770859e+10 Primal inf 4.420968e+10 (369406)
Clp0006I 739276  Obj 1.5784511e+10 Primal inf 1.3263441e+11 (368246)
Clp0006I 740276  Obj 1.5796098e+10 Primal inf 4.8291026e+10 (344132)
Clp0006I 741276  Obj 1.5811217e+10 Primal inf 5.4719783e+11 (364069)
Clp0006I 742276  Obj 1.5826057e+10 Primal inf 1.8247784e+10 (326416)
Clp0006I 743276  Obj 1.5839793e+10 Primal inf 2.6921958e+10 (319002)
Clp0006I 744276  Obj 1.5851566e+10 Primal inf 7.2493935e+10 (316199)
Clp0006I 745276  Obj 1.5870404e+10 Primal inf 1.321645e+11 (385142)
Clp0006I 746276  Obj 1.5897132e+10 Primal inf 2.371185e+11 (351070)
Clp0006I 747276  Obj 1.5908218e+10 Primal inf 2.482842e+10 (355638)
Clp0006I 748276  Obj 1.591272e+10 Primal inf 3.7854661e+10 (360865)
Clp0006I 749276  Obj 1.5932199e+10 Primal inf 1.4395896e+11 (338385)
Clp0006I 750276  Obj 1.5947771e+10 Primal inf 3.6608139e+11 (358743)
Clp0006I 751276  Obj 1.5971968e+10 Primal inf 1.0017896e+11 (326698)
Clp0006I 752276  Obj 1.5984977e+10 Primal inf 2.847184e+09 (287814)
Clp0006I 753276  Obj 1.5987326e+10 Primal inf 1.2811225e+10 (347850)
Clp0006I 754276  Obj 1.5994774e+10 Primal inf 9.729817e+10 (377689)
Clp0006I 755276  Obj 1.5999841e+10 Primal inf 1.4970418e+10 (357039)
Clp0006I 756276  Obj 1.6009482e+10 Primal inf 3.7092592e+10 (310850)
Clp0006I 757276  Obj 1.6016024e+10 Primal inf 7.867452e+10 (354257)
Clp0006I 758276  Obj 1.6022221e+10 Primal inf 3.2576611e+10 (377399)
Clp0006I 759276  Obj 1.6027051e+10 Primal inf 1.2759115e+11 (335083)
Clp0006I 760276  Obj 1.6030656e+10 Primal inf 1.0462564e+10 (376509)
Clp0006I 761276  Obj 1.6038063e+10 Primal inf 3.779828e+10 (366462)
Clp0006I 762276  Obj 1.6044529e+10 Primal inf 1.9772078e+10 (361707)
Clp0006I 763276  Obj 1.605346e+10 Primal inf 2.8927042e+10 (407891)
Clp0006I 764276  Obj 1.6062181e+10 Primal inf 1.3350299e+11 (414136)
Clp0006I 765276  Obj 1.6071498e+10 Primal inf 1.557569e+11 (391427)
Clp0006I 766276  Obj 1.6093971e+10 Primal inf 7.7604747e+11 (371982)
Clp0006I 767276  Obj 1.6109225e+10 Primal inf 9.4948174e+11 (332666)
Clp0006I 768276  Obj 1.6122512e+10 Primal inf 3.4889268e+11 (337985)
Clp0006I 769276  Obj 1.6139708e+10 Primal inf 1.0231999e+11 (347409)
Clp0006I 770276  Obj 1.6158383e+10 Primal inf 7.8730224e+10 (329421)
Clp0006I 771276  Obj 1.6175834e+10 Primal inf 2.6946917e+10 (323653)
Clp0006I 772276  Obj 1.6193946e+10 Primal inf 1.6921867e+11 (387365)
Clp0006I 773276  Obj 1.6207183e+10 Primal inf 1.3921973e+11 (400926)
Clp0006I 774276  Obj 1.6220593e+10 Primal inf 8.7815679e+10 (365943)
Clp0006I 775276  Obj 1.6233729e+10 Primal inf 4.4455278e+10 (399591)
Clp0006I 776276  Obj 1.6239739e+10 Primal inf 8.1934131e+09 (334368)
Clp0006I 777276  Obj 1.6245229e+10 Primal inf 3.2213031e+10 (345660)
Clp0006I 778276  Obj 1.625248e+10 Primal inf 2.7078805e+11 (350775)
Clp0006I 779276  Obj 1.6283368e+10 Primal inf 1.7714953e+10 (304932)
Clp0006I 780276  Obj 1.6313291e+10 Primal inf 1.1211392e+11 (342485)
Clp0006I 781276  Obj 1.6320039e+10 Primal inf 1.3636843e+10 (298751)
Clp0006I 782276  Obj 1.6330201e+10 Primal inf 2.8641064e+10 (359876)
Clp0006I 783276  Obj 1.6340877e+10 Primal inf 2.4078874e+10 (344930)
Clp0006I 784276  Obj 1.6349493e+10 Primal inf 5.0165394e+10 (293118)
Clp0006I 785276  Obj 1.6352438e+10 Primal inf 1.4159879e+11 (330583)
Clp0006I 786276  Obj 1.6360522e+10 Primal inf 2.5626199e+10 (303414)
Clp0006I 787276  Obj 1.6376296e+10 Primal inf 7.6783495e+10 (302185)
Clp0006I 788276  Obj 1.6385278e+10 Primal inf 1.1098971e+11 (329607)
Clp0006I 789276  Obj 1.6396266e+10 Primal inf 2.0942257e+10 (339048)
Clp0006I 790276  Obj 1.6402634e+10 Primal inf 2.9822466e+10 (297152)
Clp0006I 791276  Obj 1.6414225e+10 Primal inf 8.1500079e+10 (287914)
Clp0006I 792276  Obj 1.642931e+10 Primal inf 1.6813848e+11 (307799)
Clp0006I 793276  Obj 1.6444699e+10 Primal inf 3.6178699e+10 (299021)
Clp0006I 794276  Obj 1.6468131e+10 Primal inf 3.060229e+10 (270562)
Clp0006I 795276  Obj 1.6468926e+10 Primal inf 3.1056412e+10 (266884)
Clp0006I 796276  Obj 1.6471597e+10 Primal inf 1.7218781e+10 (299225)
Clp0006I 797276  Obj 1.6475591e+10 Primal inf 3.8499598e+10 (318381)
Clp0006I 798276  Obj 1.6482942e+10 Primal inf 2.7334388e+10 (296186)
Clp0006I 799276  Obj 1.6488043e+10 Primal inf 1.6252496e+11 (310016)
Clp0006I 800276  Obj 1.6503051e+10 Primal inf 1.7330958e+11 (315350)
Clp0006I 801276  Obj 1.6515696e+10 Primal inf 2.1095495e+11 (313709)
Clp0006I 802276  Obj 1.6531554e+10 Primal inf 7.5865689e+11 (305443)
Clp0006I 803276  Obj 1.6539875e+10 Primal inf 1.523649e+11 (342610)
Clp0006I 803613  Obj 1.6544607e+10 Primal inf 4.5378892e+11 (319651)
Clp0006I 804613  Obj 1.6553207e+10 Primal inf 8.1518844e+10 (308199)
Clp0006I 805613  Obj 1.6566264e+10 Primal inf 8.4281704e+10 (285142)
Clp0006I 806613  Obj 1.6580557e+10 Primal inf 3.6796333e+10 (314662)
Clp0006I 807613  Obj 1.6592906e+10 Primal inf 4.8841341e+10 (257817)
Clp0006I 808613  Obj 1.6612139e+10 Primal inf 1.1481177e+11 (319896)
Clp0006I 809613  Obj 1.6626428e+10 Primal inf 2.1417201e+11 (332963)
Clp0006I 810613  Obj 1.6648575e+10 Primal inf 8.8514529e+10 (269379)
Clp0006I 811613  Obj 1.6678717e+10 Primal inf 3.4754774e+09 (240083)
Clp0006I 812613  Obj 1.6698591e+10 Primal inf 1.1571983e+11 (273135)
Clp0006I 813613  Obj 1.671241e+10 Primal inf 2.056375e+11 (267034)
Clp0006I 814613  Obj 1.6728729e+10 Primal inf 3.2813786e+10 (255533)
Clp0006I 815613  Obj 1.6732883e+10 Primal inf 2.2784185e+10 (267122)
Clp0006I 816613  Obj 1.6743202e+10 Primal inf 5.6278211e+10 (284212)
Clp0006I 817613  Obj 1.6758351e+10 Primal inf 4.5501098e+10 (294203)
Clp0006I 818613  Obj 1.6781958e+10 Primal inf 1.546681e+11 (290702)
Clp0006I 819466  Obj 1.6793718e+10 Primal inf 2.5853534e+10 (322093)
Clp0006I 820466  Obj 1.6813979e+10 Primal inf 7.8114387e+09 (249079)
Clp0006I 821466  Obj 1.683741e+10 Primal inf 9.583141e+09 (279849)
Clp0006I 822466  Obj 1.6846769e+10 Primal inf 8.7360571e+10 (288803)
Clp0006I 823466  Obj 1.686017e+10 Primal inf 4.723847e+10 (293163)
Clp0006I 824466  Obj 1.6884416e+10 Primal inf 1.9651033e+10 (264317)
Clp0006I 825466  Obj 1.6898182e+10 Primal inf 1.3888697e+10 (290004)
Clp0006I 826466  Obj 1.6911563e+10 Primal inf 1.8896299e+10 (364130)
Clp0006I 827466  Obj 1.6921113e+10 Primal inf 1.9849648e+10 (319833)
Clp0006I 828466  Obj 1.6933085e+10 Primal inf 9.8546812e+09 (334226)
Clp0006I 829466  Obj 1.6941134e+10 Primal inf 2.2671949e+11 (338078)
Clp0006I 830466  Obj 1.6966376e+10 Primal inf 2.1796322e+10 (287061)
Clp0006I 831466  Obj 1.6979423e+10 Primal inf 7.2420879e+10 (303011)
Clp0006I 832466  Obj 1.6987438e+10 Primal inf 2.9219235e+10 (281164)
Clp0006I 833466  Obj 1.7003736e+10 Primal inf 2.4904785e+10 (247163)
Clp0006I 834466  Obj 1.7012738e+10 Primal inf 1.0770827e+11 (339557)
Clp0006I 835466  Obj 1.7040986e+10 Primal inf 1.4705803e+12 (278814)
Clp0006I 836466  Obj 1.7053459e+10 Primal inf 2.1812094e+09 (204365)
Clp0006I 837466  Obj 1.7061555e+10 Primal inf 3.1100422e+10 (348082)
Clp0006I 838466  Obj 1.7065532e+10 Primal inf 2.6685246e+09 (270343)
Clp0006I 839466  Obj 1.7072259e+10 Primal inf 1.9481119e+11 (353466)
Clp0006I 840466  Obj 1.7089952e+10 Primal inf 6.7936261e+10 (289714)
Clp0006I 841466  Obj 1.7097806e+10 Primal inf 2.8238149e+10 (297468)
Clp0006I 842466  Obj 1.710375e+10 Primal inf 1.251931e+11 (317420)
Clp0006I 843466  Obj 1.7111093e+10 Primal inf 1.229267e+10 (291633)
Clp0006I 844466  Obj 1.7117205e+10 Primal inf 7.3772345e+09 (306056)
Clp0006I 845466  Obj 1.7125849e+10 Primal inf 1.2578982e+11 (330557)
Clp0006I 846466  Obj 1.7130369e+10 Primal inf 1.6336155e+10 (328732)
Clp0006I 847466  Obj 1.7137552e+10 Primal inf 3.4471006e+09 (305502)
Clp0006I 848466  Obj 1.7147025e+10 Primal inf 5.3381469e+10 (253404)
Clp0006I 849466  Obj 1.7154333e+10 Primal inf 1.1110583e+10 (296887)
Clp0006I 850466  Obj 1.7158598e+10 Primal inf 1.1962015e+10 (291139)
Clp0006I 851466  Obj 1.716313e+10 Primal inf 1.6761327e+10 (248149)
Clp0006I 852466  Obj 1.7168499e+10 Primal inf 8.1055322e+10 (295042)
Clp0006I 853466  Obj 1.7171028e+10 Primal inf 7.2274814e+09 (268384)
Clp0006I 854466  Obj 1.7175974e+10 Primal inf 4.3848038e+09 (244218)
Clp0006I 855466  Obj 1.7181739e+10 Primal inf 1.898004e+11 (317745)
Clp0006I 856466  Obj 1.7189776e+10 Primal inf 6.9408029e+10 (269452)
Clp0006I 857466  Obj 1.7197505e+10 Primal inf 4.2892086e+10 (310966)
Clp0006I 858466  Obj 1.7206168e+10 Primal inf 3.3061277e+10 (328715)
Clp0006I 859466  Obj 1.72095e+10 Primal inf 6.769299e+09 (303028)
Clp0006I 860466  Obj 1.7229484e+10 Primal inf 9.4266192e+11 (260179)
Clp0006I 861466  Obj 1.7249164e+10 Primal inf 3.4388718e+11 (282991)
Clp0006I 862466  Obj 1.7256133e+10 Primal inf 2.4785085e+09 (249860)
Clp0006I 863466  Obj 1.7261736e+10 Primal inf 1.7793578e+10 (316483)
Clp0006I 864466  Obj 1.7272521e+10 Primal inf 1.6941613e+10 (319212)
Clp0006I 865466  Obj 1.7281654e+10 Primal inf 4.3025086e+09 (306044)
Clp0006I 866466  Obj 1.7290617e+10 Primal inf 2.3313421e+10 (341289)
Clp0006I 867466  Obj 1.7301276e+10 Primal inf 2.4957093e+10 (314255)
Clp0006I 868466  Obj 1.7311394e+10 Primal inf 3.5077139e+10 (322799)
Clp0006I 869466  Obj 1.7326026e+10 Primal inf 5.8464248e+10 (380236)
Clp0006I 870466  Obj 1.7336446e+10 Primal inf 1.8656422e+10 (290278)
Clp0006I 871466  Obj 1.7343603e+10 Primal inf 1.2090691e+10 (272432)
Clp0006I 872466  Obj 1.7351837e+10 Primal inf 2.9404088e+10 (351401)
Clp0006I 873466  Obj 1.7358489e+10 Primal inf 2.1920976e+10 (289003)
Clp0006I 874466  Obj 1.7369741e+10 Primal inf 8.6835143e+09 (291306)
Clp0006I 875466  Obj 1.7379347e+10 Primal inf 2.3199206e+10 (287462)
Clp0006I 876466  Obj 1.738463e+10 Primal inf 2.2853406e+10 (311541)
Clp0006I 877466  Obj 1.7389438e+10 Primal inf 3.2185053e+10 (317749)
Clp0006I 878466  Obj 1.7396375e+10 Primal inf 3.922725e+11 (325653)
Clp0006I 879466  Obj 1.7414275e+10 Primal inf 3.2059936e+11 (284950)
Clp0006I 880466  Obj 1.7423996e+10 Primal inf 6.5175817e+10 (321928)
Clp0006I 881466  Obj 1.7430476e+10 Primal inf 2.6935062e+10 (302653)
Clp0006I 882466  Obj 1.743913e+10 Primal inf 1.7878293e+10 (300268)
Clp0006I 883466  Obj 1.7446078e+10 Primal inf 9.8842176e+09 (303909)
Clp0006I 884466  Obj 1.7451244e+10 Primal inf 2.6373298e+10 (334736)
Clp0006I 885466  Obj 1.7458077e+10 Primal inf 1.8160405e+10 (320152)
Clp0006I 886466  Obj 1.7463927e+10 Primal inf 1.6962306e+11 (399156)
Clp0006I 887466  Obj 1.749719e+10 Primal inf 2.4472167e+10 (323954)
Clp0006I 888466  Obj 1.7511441e+10 Primal inf 5.495349e+10 (298679)
Clp0006I 889466  Obj 1.7517209e+10 Primal inf 1.1702416e+10 (337900)
Clp0006I 890466  Obj 1.7524352e+10 Primal inf 1.7639441e+10 (316447)
Clp0006I 891466  Obj 1.753352e+10 Primal inf 8.4808242e+09 (336900)
Clp0006I 892466  Obj 1.7541042e+10 Primal inf 2.257923e+10 (372013)
Clp0006I 893466  Obj 1.7550252e+10 Primal inf 9.1714649e+10 (354158)
Clp0006I 894466  Obj 1.7557372e+10 Primal inf 1.1618754e+10 (331298)
Clp0006I 895447  Obj 1.7564394e+10 Primal inf 9.0316996e+10 (343133)
Clp0006I 896447  Obj 1.757262e+10 Primal inf 3.4741512e+10 (422984)
Clp0006I 897447  Obj 1.7576597e+10 Primal inf 4.6432928e+10 (315500)
Clp0006I 898447  Obj 1.7586018e+10 Primal inf 2.8200856e+10 (365061)
Clp0006I 899447  Obj 1.759355e+10 Primal inf 3.5316888e+11 (312271)
Clp0006I 900447  Obj 1.7605726e+10 Primal inf 2.9640769e+10 (339695)
Clp0006I 901447  Obj 1.7613771e+10 Primal inf 5.3921147e+09 (359672)
Clp0006I 902447  Obj 1.7622619e+10 Primal inf 2.867738e+10 (347199)
Clp0006I 903447  Obj 1.7628925e+10 Primal inf 7.2833552e+10 (321038)
Clp0006I 904447  Obj 1.7637609e+10 Primal inf 7.4323743e+09 (345564)
Clp0006I 905447  Obj 1.7647013e+10 Primal inf 2.8192294e+09 (278101)
Clp0006I 906447  Obj 1.7655398e+10 Primal inf 6.8614278e+09 (304362)
Clp0006I 907447  Obj 1.7664285e+10 Primal inf 7.0642153e+09 (326412)
Clp0006I 908447  Obj 1.7673496e+10 Primal inf 4.539315e+10 (373359)
Clp0006I 909447  Obj 1.7684069e+10 Primal inf 3.9084167e+09 (351647)
Clp0006I 910447  Obj 1.7695083e+10 Primal inf 9.4793102e+09 (294823)
Clp0006I 911447  Obj 1.7705363e+10 Primal inf 2.4455113e+12 (331052)
Clp0006I 912447  Obj 1.7717446e+10 Primal inf 8.2962064e+09 (328237)
Clp0006I 913447  Obj 1.772836e+10 Primal inf 2.80775e+11 (362944)
Clp0006I 914447  Obj 1.7740318e+10 Primal inf 6.2542083e+12 (359712)
Clp0006I 915447  Obj 1.7755955e+10 Primal inf 5.0573717e+11 (293531)
Clp0006I 916447  Obj 1.7767489e+10 Primal inf 3.0468513e+09 (276044)
Clp0006I 917447  Obj 1.7774991e+10 Primal inf 9.8031097e+09 (323356)
Clp0006I 918447  Obj 1.7784943e+10 Primal inf 6.4731935e+09 (269861)
Clp0006I 919447  Obj 1.7790568e+10 Primal inf 3.8038028e+10 (354534)
Clp0006I 920447  Obj 1.7800132e+10 Primal inf 2.0710119e+09 (210168)
Clp0006I 921447  Obj 1.7806912e+10 Primal inf 1.1891614e+10 (300476)
Clp0006I 922447  Obj 1.7816854e+10 Primal inf 1.556667e+10 (265834)
Clp0006I 923379  Obj 1.7823849e+10 Primal inf 1.8207618e+11 (389930)
Clp0006I 924379  Obj 1.7830369e+10 Primal inf 1.0895254e+11 (347633)
Clp0006I 925379  Obj 1.7836756e+10 Primal inf 3.1495373e+09 (340306)
Clp0006I 926379  Obj 1.7842939e+10 Primal inf 1.0489021e+10 (277756)
Clp0006I 927379  Obj 1.784993e+10 Primal inf 8.3281821e+09 (250405)
Clp0006I 928379  Obj 1.7854873e+10 Primal inf 2.1224528e+11 (330692)
Clp0006I 929379  Obj 1.7860773e+10 Primal inf 2.9308592e+10 (311226)
Clp0006I 930379  Obj 1.7867474e+10 Primal inf 1.7394342e+10 (331462)
Clp0006I 931379  Obj 1.7872722e+10 Primal inf 2.8719995e+10 (327500)
Clp0006I 932361  Obj 1.7877808e+10 Primal inf 4.1750622e+10 (346853)
Clp0006I 933361  Obj 1.7883083e+10 Primal inf 1.7620856e+10 (303979)
Clp0006I 934361  Obj 1.7889996e+10 Primal inf 7.7467149e+10 (392066)
Clp0006I 935361  Obj 1.7899527e+10 Primal inf 2.8643252e+10 (362628)
Clp0006I 936361  Obj 1.7906804e+10 Primal inf 1.091694e+10 (324809)
Clp0006I 937361  Obj 1.7913456e+10 Primal inf 1.5791879e+11 (334035)
Clp0006I 938361  Obj 1.7920976e+10 Primal inf 2.5521553e+09 (280922)
Clp0006I 939361  Obj 1.7927283e+10 Primal inf 3.8087788e+11 (364905)
Clp0006I 940361  Obj 1.7938212e+10 Primal inf 6.6392218e+10 (326587)
Clp0006I 941361  Obj 1.7951832e+10 Primal inf 1.3945287e+10 (335033)
Clp0006I 942361  Obj 1.7962973e+10 Primal inf 3.2079432e+10 (326123)
Clp0006I 943361  Obj 1.7969183e+10 Primal inf 9.0356242e+09 (347482)
Clp0006I 944361  Obj 1.798322e+10 Primal inf 2.6116865e+10 (332381)
Clp0006I 945361  Obj 1.799547e+10 Primal inf 9.5914631e+09 (263431)
Clp0006I 946024  Obj 1.7998131e+10 Primal inf 4.6184593e+09 (285624)
Clp0006I 947024  Obj 1.8031398e+10 Primal inf 7.5080487e+09 (231229)
Clp0006I 948024  Obj 1.8037202e+10 Primal inf 2.5117142e+10 (339147)
Clp0006I 949024  Obj 1.80433e+10 Primal inf 3.2541085e+10 (357205)
Clp0006I 950024  Obj 1.8048866e+10 Primal inf 2.5160368e+10 (296333)
Clp0006I 951024  Obj 1.8057674e+10 Primal inf 1.8758144e+10 (320051)
Clp0006I 952024  Obj 1.8067651e+10 Primal inf 1.6978397e+10 (341843)
Clp0006I 952844  Obj 1.8073449e+10 Primal inf 1.6989129e+11 (375637)
Clp0006I 953844  Obj 1.8080532e+10 Primal inf 9.4500001e+09 (295099)
Clp0006I 954844  Obj 1.8084449e+10 Primal inf 6.4250721e+09 (323231)
Clp0006I 955844  Obj 1.808847e+10 Primal inf 5.2731774e+09 (314469)
Clp0006I 956844  Obj 1.8093954e+10 Primal inf 2.5762759e+09 (327681)
Clp0006I 957844  Obj 1.8102194e+10 Primal inf 3.0472297e+09 (311786)
Clp0006I 958844  Obj 1.8109386e+10 Primal inf 2.7232121e+09 (278960)
Clp0006I 959844  Obj 1.8111556e+10 Primal inf 4.0129083e+10 (325815)
Clp0006I 960844  Obj 1.8117086e+10 Primal inf 3.4130824e+10 (318884)
Clp0006I 961844  Obj 1.8122922e+10 Primal inf 2.5594006e+09 (290888)
Clp0006I 962844  Obj 1.8126216e+10 Primal inf 2.3804119e+09 (247605)
Clp0006I 963844  Obj 1.8129629e+10 Primal inf 4.9091359e+10 (334302)
Clp0006I 964844  Obj 1.8136867e+10 Primal inf 1.1290976e+10 (339153)
Clp0006I 965844  Obj 1.8140162e+10 Primal inf 3.3266892e+10 (368440)
Clp0006I 966844  Obj 1.8148337e+10 Primal inf 1.1201649e+10 (410614)
Clp0006I 967844  Obj 1.8151714e+10 Primal inf 9.6471986e+09 (374456)
Clp0006I 968844  Obj 1.8154626e+10 Primal inf 1.0065158e+10 (263336)
Clp0006I 969844  Obj 1.8164965e+10 Primal inf 2.3069721e+09 (287607)
Clp0006I 970844  Obj 1.8176053e+10 Primal inf 3.7156632e+09 (257383)
Clp0006I 971844  Obj 1.818143e+10 Primal inf 2.7808884e+09 (305888)
Clp0006I 972844  Obj 1.818678e+10 Primal inf 1.3242974e+09 (301949)
Clp0006I 973844  Obj 1.8194216e+10 Primal inf 4.4489051e+09 (358329)
Clp0006I 974844  Obj 1.8205636e+10 Primal inf 1.4552661e+11 (351473)
Clp0006I 975844  Obj 1.8215782e+10 Primal inf 1.7867043e+10 (311730)
Clp0006I 976844  Obj 1.8221041e+10 Primal inf 1.9663981e+10 (354397)
Clp0006I 977844  Obj 1.8225788e+10 Primal inf 5.1628881e+10 (363315)
Clp0006I 978844  Obj 1.8237149e+10 Primal inf 2.1779965e+09 (321838)
Clp0006I 979844  Obj 1.8246576e+10 Primal inf 7.6442016e+09 (293798)
Clp0006I 980844  Obj 1.8251418e+10 Primal inf 7.6844283e+09 (343540)
Clp0006I 981844  Obj 1.8255105e+10 Primal inf 4.462328e+09 (309803)
Clp0006I 982844  Obj 1.8270477e+10 Primal inf 2.3459561e+10 (389916)
Clp0006I 983844  Obj 1.8273897e+10 Primal inf 1.2077449e+09 (290000)
Clp0006I 984844  Obj 1.8279716e+10 Primal inf 1.7147554e+10 (327255)
Clp0006I 985844  Obj 1.8283437e+10 Primal inf 3.330845e+10 (379914)
Clp0006I 986844  Obj 1.8289378e+10 Primal inf 1.7276963e+11 (319220)
Clp0006I 987844  Obj 1.8292769e+10 Primal inf 2.6312189e+10 (312867)
Clp0006I 988844  Obj 1.8296379e+10 Primal inf 1.8664802e+10 (353702)
Clp0006I 989844  Obj 1.8300154e+10 Primal inf 8.2966667e+09 (352990)
Clp0006I 990844  Obj 1.8308223e+10 Primal inf 9.8319799e+09 (335174)
Clp0006I 991844  Obj 1.8315822e+10 Primal inf 6.6503369e+09 (299621)
Clp0006I 992844  Obj 1.8319266e+10 Primal inf 7.3992224e+09 (311150)
Clp0006I 993844  Obj 1.8323831e+10 Primal inf 7.6732307e+09 (348540)
Clp0006I 994844  Obj 1.833429e+10 Primal inf 1.3696963e+09 (308052)
Clp0006I 995844  Obj 1.8349623e+10 Primal inf 7.5194859e+09 (359257)
Clp0006I 996844  Obj 1.8359014e+10 Primal inf 2.6948466e+10 (363968)
Clp0006I 997844  Obj 1.8368254e+10 Primal inf 2.6205417e+10 (371997)
Clp0006I 998844  Obj 1.838758e+10 Primal inf 4.2313089e+09 (286660)
Clp0006I 999844  Obj 1.839027e+10 Primal inf 2.9727744e+11 (314642)
Clp0006I 1000844  Obj 1.8411483e+10 Primal inf 2.3135952e+11 (296598)
Clp0006I 1001844  Obj 1.8422171e+10 Primal inf 1.5029121e+10 (312855)
Clp0006I 1002844  Obj 1.8426222e+10 Primal inf 3.5476565e+09 (273916)
Clp0006I 1003844  Obj 1.8429792e+10 Primal inf 4.296853e+09 (286571)
Clp0006I 1004844  Obj 1.8436547e+10 Primal inf 3.3935297e+09 (244928)
Clp0006I 1005844  Obj 1.8439435e+10 Primal inf 3.2007903e+10 (299005)
Clp0006I 1006844  Obj 1.8442831e+10 Primal inf 1.7576924e+09 (224637)
Clp0006I 1007844  Obj 1.844635e+10 Primal inf 5.0470721e+09 (314526)
Clp0006I 1008844  Obj 1.8451589e+10 Primal inf 5.8404057e+09 (325553)
Clp0006I 1009844  Obj 1.8483276e+10 Primal inf 4.8048539e+09 (298424)
Clp0006I 1010844  Obj 1.850472e+10 Primal inf 5.7475048e+08 (244794)
Clp0006I 1011844  Obj 1.8515192e+10 Primal inf 7.7112808e+09 (333724)
Clp0006I 1012844  Obj 1.8522632e+10 Primal inf 5.1105259e+09 (305062)
Clp0006I 1013733  Obj 1.8530772e+10 Primal inf 1.8849227e+10 (355641)
Clp0006I 1014733  Obj 1.8533735e+10 Primal inf 3.775869e+09 (308319)
Clp0006I 1015733  Obj 1.8544353e+10 Primal inf 7.8659949e+09 (329382)
Clp0006I 1016733  Obj 1.8564339e+10 Primal inf 1.5008006e+09 (228671)
Clp0006I 1017733  Obj 1.8588577e+10 Primal inf 8.0745417e+09 (335084)
Clp0006I 1018733  Obj 1.8608601e+10 Primal inf 7.702343e+08 (286385)
Clp0006I 1019733  Obj 1.8632692e+10 Primal inf 5.7117569e+09 (284053)
Clp0006I 1020733  Obj 1.8643594e+10 Primal inf 8.8112549e+10 (446978)
Clp0006I 1021733  Obj 1.8650435e+10 Primal inf 1.1100054e+10 (262096)
Clp0006I 1022733  Obj 1.8654913e+10 Primal inf 3.780771e+09 (312411)
Clp0006I 1023733  Obj 1.8660918e+10 Primal inf 2.6940583e+09 (303310)
Clp0006I 1024733  Obj 1.8671441e+10 Primal inf 1.0991432e+10 (353397)
Clp0006I 1025733  Obj 1.8684143e+10 Primal inf 3.1883427e+09 (376627)
Clp0006I 1026733  Obj 1.8699831e+10 Primal inf 7.5783147e+09 (461560)
Clp0006I 1027733  Obj 1.8704334e+10 Primal inf 6.2628233e+08 (289160)
Clp0006I 1028733  Obj 1.8711717e+10 Primal inf 3.0475015e+09 (326920)
Clp0006I 1029693  Obj 1.8716011e+10 Primal inf 1.9554095e+10 (439918)
Clp0006I 1030693  Obj 1.8720482e+10 Primal inf 8.1065735e+09 (303025)
Clp0006I 1031693  Obj 1.8723732e+10 Primal inf 3.3272131e+10 (347846)
Clp0006I 1032693  Obj 1.8726894e+10 Primal inf 1.2334692e+09 (250978)
Clp0006I 1033693  Obj 1.873213e+10 Primal inf 2.5204497e+09 (272418)
Clp0006I 1034693  Obj 1.8734965e+10 Primal inf 1.5112286e+09 (310197)
Clp0006I 1035693  Obj 1.8737531e+10 Primal inf 3.4593578e+09 (327566)
Clp0006I 1036693  Obj 1.8741008e+10 Primal inf 3.1444186e+09 (323940)
Clp0006I 1037693  Obj 1.8742842e+10 Primal inf 4.0265943e+09 (306902)
Clp0006I 1038693  Obj 1.8747483e+10 Primal inf 4.3290381e+08 (223711)
Clp0006I 1039693  Obj 1.8755342e+10 Primal inf 1.0317168e+10 (303817)
Clp0006I 1040693  Obj 1.8761698e+10 Primal inf 9.3026425e+09 (360311)
Clp0006I 1041545  Obj 1.877231e+10 Primal inf 1.8295979e+09 (347054)
Clp0006I 1042545  Obj 1.8780344e+10 Primal inf 9.8611571e+09 (395699)
Clp0006I 1043545  Obj 1.8790215e+10 Primal inf 8.9374837e+09 (349451)
Clp0006I 1044545  Obj 1.8798016e+10 Primal inf 1.0103419e+10 (323434)
Clp0006I 1045545  Obj 1.8803499e+10 Primal inf 3.1485065e+09 (360916)
Clp0006I 1046545  Obj 1.8806711e+10 Primal inf 2.4184097e+10 (329321)
Clp0006I 1047545  Obj 1.8813268e+10 Primal inf 5.0530548e+09 (237755)
Clp0006I 1048545  Obj 1.8816451e+10 Primal inf 8.6478389e+09 (279229)
Clp0006I 1049545  Obj 1.8822244e+10 Primal inf 4.0910512e+10 (284048)
Clp0006I 1050545  Obj 1.882492e+10 Primal inf 2.3463132e+10 (338599)
Clp0006I 1051538  Obj 1.8833612e+10 Primal inf 1.180748e+11 (418806)
Clp0006I 1052538  Obj 1.8838749e+10 Primal inf 1.0896046e+10 (273672)
Clp0006I 1053538  Obj 1.8866851e+10 Primal inf 2.852083e+08 (202893)
Clp0006I 1054538  Obj 1.8876094e+10 Primal inf 1.6706704e+09 (240985)
Clp0006I 1055538  Obj 1.8878342e+10 Primal inf 6.3879083e+09 (288033)
Clp0006I 1056538  Obj 1.8894423e+10 Primal inf 6.6859855e+09 (277462)
Clp0006I 1057538  Obj 1.8905748e+10 Primal inf 1.7849332e+10 (319066)
Clp0006I 1058538  Obj 1.8922132e+10 Primal inf 1.2243779e+09 (308237)
Clp0006I 1059538  Obj 1.8935989e+10 Primal inf 1.7917469e+09 (233739)
Clp0006I 1060538  Obj 1.8938665e+10 Primal inf 1.0119632e+09 (277798)
Clp0006I 1061284  Obj 1.894168e+10 Primal inf 2.6714199e+10 (288659)
Clp0006I 1062284  Obj 1.894771e+10 Primal inf 8.5053789e+09 (313766)
Clp0006I 1063284  Obj 1.8950052e+10 Primal inf 6.9506035e+09 (437515)
Clp0006I 1064284  Obj 1.8953758e+10 Primal inf 4.1415708e+09 (380992)
Clp0006I 1065284  Obj 1.8956397e+10 Primal inf 1.2497955e+10 (413193)
Clp0006I 1066284  Obj 1.8958545e+10 Primal inf 1.1012566e+10 (291099)
Clp0006I 1067284  Obj 1.896144e+10 Primal inf 4.0382381e+09 (335662)
Clp0006I 1068284  Obj 1.8965149e+10 Primal inf 3.723663e+10 (335655)
Clp0006I 1069284  Obj 1.8976319e+10 Primal inf 1.3143596e+09 (266470)
Clp0006I 1070284  Obj 1.8988794e+10 Primal inf 1.2475269e+10 (305526)
Clp0006I 1071284  Obj 1.9006492e+10 Primal inf 3.3975596e+09 (312583)
Clp0006I 1072284  Obj 1.9014322e+10 Primal inf 1.4105993e+09 (389166)
Clp0006I 1073284  Obj 1.9024662e+10 Primal inf 3.2810253e+09 (329606)
Clp0006I 1074284  Obj 1.9031167e+10 Primal inf 2.4832538e+09 (313907)
Clp0006I 1075284  Obj 1.9034311e+10 Primal inf 1.1866547e+09 (349368)
Clp0006I 1076284  Obj 1.9038537e+10 Primal inf 2.6654844e+09 (262270)
Clp0006I 1077284  Obj 1.9050351e+10 Primal inf 4.0697594e+08 (261806)
Clp0006I 1078284  Obj 1.9058209e+10 Primal inf 6.1429312e+08 (268050)
Clp0006I 1079284  Obj 1.9067235e+10 Primal inf 9.2033806e+08 (265024)
Clp0006I 1080284  Obj 1.9069365e+10 Primal inf 1.2907156e+09 (252208)
Clp0006I 1081284  Obj 1.9073594e+10 Primal inf 7.9690287e+09 (337632)
Clp0006I 1082284  Obj 1.9075272e+10 Primal inf 7.9781835e+09 (298048)
Clp0006I 1083284  Obj 1.9076735e+10 Primal inf 1.1564821e+10 (243316)
Clp0006I 1084284  Obj 1.9081292e+10 Primal inf 2.1969324e+10 (382501)
Clp0006I 1085284  Obj 1.908402e+10 Primal inf 4.117281e+09 (302659)
Clp0006I 1086284  Obj 1.9086619e+10 Primal inf 1.125602e+09 (229626)
Clp0006I 1087284  Obj 1.9095435e+10 Primal inf 6.576414e+09 (344593)
Clp0006I 1088284  Obj 1.9103259e+10 Primal inf 4.0198149e+09 (278877)
Clp0006I 1089284  Obj 1.9106657e+10 Primal inf 3.3721473e+09 (387940)
Clp0006I 1090284  Obj 1.9108604e+10 Primal inf 1.5535833e+09 (260184)
Clp0006I 1091284  Obj 1.9110298e+10 Primal inf 5.6036393e+09 (255315)
Clp0006I 1092284  Obj 1.911251e+10 Primal inf 2.8962424e+09 (218047)
Clp0006I 1092923  Obj 1.9114258e+10 Primal inf 5.12429e+10 (297355)
Clp0006I 1093923  Obj 1.911758e+10 Primal inf 5.5203058e+08 (254724)
Clp0006I 1094923  Obj 1.9119574e+10 Primal inf 1.7602058e+09 (300622)
Clp0006I 1095923  Obj 1.9121685e+10 Primal inf 8.7103321e+09 (308264)
Clp0006I 1096923  Obj 1.9123527e+10 Primal inf 2.2200562e+10 (277086)
Clp0006I 1097923  Obj 1.9125245e+10 Primal inf 4.0200903e+10 (308577)
Clp0006I 1098923  Obj 1.9127709e+10 Primal inf 2.2707955e+10 (281869)
Clp0006I 1099923  Obj 1.9130973e+10 Primal inf 1.2470589e+10 (299131)
Clp0006I 1100923  Obj 1.91334e+10 Primal inf 7.1986259e+08 (169520)
Clp0006I 1101923  Obj 1.9135012e+10 Primal inf 8.271774e+08 (240792)
Clp0006I 1102923  Obj 1.9137663e+10 Primal inf 4.8927187e+08 (207319)
Clp0006I 1103923  Obj 1.9140707e+10 Primal inf 1.863852e+10 (336050)
Clp0006I 1104923  Obj 1.9142896e+10 Primal inf 2.1443747e+09 (200325)
Clp0006I 1105923  Obj 1.9144725e+10 Primal inf 3.0443059e+09 (271115)
Clp0006I 1106923  Obj 1.9148761e+10 Primal inf 2.0417582e+09 (327749)
Clp0006I 1107923  Obj 1.9151309e+10 Primal inf 2.6207832e+09 (305622)
Clp0006I 1108923  Obj 1.9155716e+10 Primal inf 4.5373851e+09 (385954)
Clp0006I 1109923  Obj 1.9161243e+10 Primal inf 3.8547035e+08 (240622)
Clp0006I 1110923  Obj 1.9165345e+10 Primal inf 4.3988936e+08 (231714)
Clp0006I 1111923  Obj 1.9167748e+10 Primal inf 1.1780471e+08 (165111)
Clp0006I 1112823  Obj 1.9169226e+10 Primal inf 8.5520224e+09 (345746)
Clp0006I 1113823  Obj 1.9170773e+10 Primal inf 1.117197e+09 (259678)
Clp0006I 1114574  Obj 1.9172897e+10 Primal inf 1.9258457e+10 (378155)
Clp0006I 1115574  Obj 1.9175865e+10 Primal inf 1.1602792e+10 (347655)
Clp0006I 1116574  Obj 1.9177334e+10 Primal inf 1.1850497e+10 (351420)
Clp0006I 1117574  Obj 1.9179272e+10 Primal inf 4.6529432e+10 (291994)
Clp0006I 1118574  Obj 1.9180464e+10 Primal inf 1.0582193e+09 (176568)
Clp0006I 1119574  Obj 1.9183217e+10 Primal inf 1.7468045e+09 (254443)
Clp0006I 1120574  Obj 1.9187487e+10 Primal inf 1.027531e+10 (317253)
Clp0006I 1121574  Obj 1.9190441e+10 Primal inf 1.2068222e+09 (316835)
Clp0006I 1122574  Obj 1.9192855e+10 Primal inf 4.3702045e+08 (289243)
Clp0006I 1123574  Obj 1.9194233e+10 Primal inf 6.5830109e+08 (344000)
Clp0006I 1124574  Obj 1.9195333e+10 Primal inf 2.1369038e+09 (350722)
Clp0006I 1125574  Obj 1.9196813e+10 Primal inf 5.2957342e+09 (414214)
Clp0006I 1126574  Obj 1.9198748e+10 Primal inf 1.2805146e+08 (254060)
Clp0006I 1127573  Obj 1.9200219e+10 Primal inf 3.8449722e+08 (282480)
Clp0006I 1128573  Obj 1.9201365e+10 Primal inf 1.0115477e+09 (267186)
Clp0006I 1129573  Obj 1.9202831e+10 Primal inf 8.3026926e+09 (324316)
Clp0006I 1130573  Obj 1.9204375e+10 Primal inf 1.3764961e+10 (276936)
Clp0006I 1131573  Obj 1.9205771e+10 Primal inf 1.0680004e+11 (291480)
Clp0006I 1132573  Obj 1.9207314e+10 Primal inf 2.4715633e+09 (240304)
Clp0006I 1133573  Obj 1.9208767e+10 Primal inf 1.9152961e+09 (272259)
Clp0006I 1134573  Obj 1.9210242e+10 Primal inf 1.1930318e+11 (277841)
Clp0006I 1135444  Obj 1.9211816e+10 Primal inf 1.8560785e+10 (199763)
Clp0006I 1136444  Obj 1.9213263e+10 Primal inf 1.1072383e+09 (199433)
Clp0006I 1137444  Obj 1.9214635e+10 Primal inf 3.5376435e+09 (234849)
Clp0006I 1138444  Obj 1.9216123e+10 Primal inf 2.3829815e+09 (228667)
Clp0006I 1139444  Obj 1.9218444e+10 Primal inf 1.7078114e+08 (223422)
Clp0006I 1140444  Obj 1.9219326e+10 Primal inf 3.1523498e+08 (242228)
Clp0006I 1141444  Obj 1.9222062e+10 Primal inf 44913017 (83339)
Clp0006I 1142444  Obj 1.9223869e+10 Primal inf 3.0762573e+08 (196239)
Clp0006I 1143444  Obj 1.9225022e+10 Primal inf 1.1764273e+08 (185767)
Clp0006I 1144444  Obj 1.9225923e+10 Primal inf 5.8518871e+09 (228351)
Clp0006I 1145444  Obj 1.922693e+10 Primal inf 5.8608376e+08 (234796)
Clp0006I 1146444  Obj 1.9227771e+10 Primal inf 2.3267549e+08 (202381)
Clp0006I 1147444  Obj 1.922852e+10 Primal inf 7.6422471e+08 (202397)
Clp0006I 1148444  Obj 1.9229403e+10 Primal inf 3.4661021e+09 (221569)
Clp0006I 1149394  Obj 1.9230283e+10 Primal inf 7.7381608e+08 (217301)
Clp0006I 1150394  Obj 1.9231315e+10 Primal inf 1.173302e+10 (314300)
Clp0006I 1151394  Obj 1.9232257e+10 Primal inf 2.7618363e+09 (247931)
Clp0006I 1152394  Obj 1.9233482e+10 Primal inf 5.641241e+08 (164457)
Clp0006I 1153394  Obj 1.9234673e+10 Primal inf 9.8739789e+08 (152489)
Clp0006I 1154394  Obj 1.9235312e+10 Primal inf 3.0271353e+09 (211445)
Clp0006I 1155349  Obj 1.9235982e+10 Primal inf 9.1244491e+08 (300620)
Clp0006I 1156349  Obj 1.9237115e+10 Primal inf 74162863 (180720)
Clp0006I 1157349  Obj 1.923775e+10 Primal inf 3.0074112e+09 (300502)
Clp0006I 1158349  Obj 1.9238217e+10 Primal inf 9.5237193e+08 (267848)
Clp0006I 1159349  Obj 1.9238706e+10 Primal inf 1.8165023e+08 (262124)
Clp0006I 1160349  Obj 1.9239141e+10 Primal inf 7.0354176e+08 (252592)
Clp0006I 1161349  Obj 1.9239601e+10 Primal inf 1.5659219e+08 (158600)
Clp0006I 1162349  Obj 1.9240092e+10 Primal inf 1.2652354e+09 (199855)
Clp0006I 1163349  Obj 1.9240636e+10 Primal inf 1.0250339e+08 (174086)
Clp0006I 1164349  Obj 1.924155e+10 Primal inf 27272223 (111686)
Clp0006I 1165349  Obj 1.9242161e+10 Primal inf 8339282.2 (108553)
Clp0006I 1166349  Obj 1.9242329e+10 Primal inf 6.3526323e+08 (265026)
Clp0006I 1167349  Obj 1.9242508e+10 Primal inf 56884833 (95627)
Clp0006I 1168349  Obj 1.9242727e+10 Primal inf 2.5923892e+08 (162574)
Clp0006I 1169349  Obj 1.9242948e+10 Primal inf 16623966 (68405)
Clp0006I 1170349  Obj 1.9243054e+10 Primal inf 22738149 (100011)
Clp0006I 1171349  Obj 1.9243147e+10 Primal inf 67181773 (125880)
Clp0006I 1172349  Obj 1.9243187e+10 Primal inf 15692.541 (19254)
Clp0006I 1173349  Obj 1.9243192e+10 Primal inf 2597.3982 (18212)
Clp0006I 1174349  Obj 1.9243197e+10 Primal inf 1587.8926 (17181)
Clp0006I 1175349  Obj 1.9243202e+10 Primal inf 1405.4752 (16180)
Clp0006I 1176349  Obj 1.9243207e+10 Primal inf 1260.958 (15178)
Clp0006I 1177349  Obj 1.9243212e+10 Primal inf 1138.1474 (14178)
Clp0006I 1178349  Obj 1.9243217e+10 Primal inf 1030.0008 (13176)
Clp0006I 1179349  Obj 1.924322e+10 Primal inf 930.31789 (12175)
Clp0006I 1180349  Obj 1.9243224e+10 Primal inf 833.18307 (11174)
Clp0006I 1181349  Obj 1.9243227e+10 Primal inf 737.12751 (10173)
Clp0006I 1182349  Obj 1.9243232e+10 Primal inf 645.87126 (9173)
Clp0006I 1183349  Obj 1.9243236e+10 Primal inf 526.46633 (8171)
Clp0006I 1184349  Obj 1.924324e+10 Primal inf 442.63931 (7171)
Clp0006I 1185349  Obj 1.9243245e+10 Primal inf 360.19011 (6170)
Clp0006I 1186349  Obj 1.924325e+10 Primal inf 278.9 Activating environment at `~/Documents/princeton/1st_year/MAE529/MAE529_code/project/code/Project.toml`
This Model run is characterised by...
Electrolyser capex cost of: 500.0
H2 efficiency of: 0.5
Carbon Tax: 50.0
Number of weeks included: 52_weeks
-----------------------------------------------
1 loading data preparation function
-----------------------------------------------
-----------------------------------------------
2 loading model solving function
-----------------------------------------------
adding in carbon tax elements
assigned variables
assigned constraint 1
assigned constraint 2
assigned constraint 3
check
assigned constraints
Model run complete
1952 (5170)
Clp0006I 1187349  Obj 1.9243255e+10 Primal inf 199.70829 (4170)
Clp0006I 1188349  Obj 1.9243259e+10 Primal inf 142.14935 (3169)
Clp0006I 1189349  Obj 1.9243263e+10 Primal inf 93.786104 (2169)
Clp0006I 1190349  Obj 1.9243268e+10 Primal inf 48.342115 (1169)
Clp0006I 1191349  Obj 1.9243272e+10 Primal inf 6.4580336 (169)
Clp0006I 1191516  Obj 1.9243272e+10
Clp0000I Optimal - objective value 1.9243272e+10
Coin0511I After Postsolve, objective 1.9243272e+10, infeasibilities - dual 0 (0), primal 0 (0)
Clp0032I Optimal objective 1.924327199e+10 - 1191516 iterations time 28086.012, Presolve 3.80
