Coin0506I Presolve 1521577 (-195446) rows, 591998 (-65130) columns and 4511329 (-460732) elements
Clp0006I 0  Obj 0 Primal inf 8.7589291e+08 (43800)
Clp0006I 1000  Obj 4.7917429e-12 Primal inf 8.6631624e+08 (44708)
Clp0006I 2000  Obj 9.9133726e-12 Primal inf 8.5892554e+08 (45580)
Clp0006I 3000  Obj 1.5950214e-11 Primal inf 8.5623739e+08 (46596)
Clp0006I 4000  Obj 10517308 Primal inf 8.4621153e+08 (47625)
Clp0006I 5000  Obj 14618113 Primal inf 8.388365e+08 (48572)
Clp0006I 6000  Obj 27908345 Primal inf 8.3220471e+08 (49555)
Clp0006I 7000  Obj 41683248 Primal inf 8.2987869e+08 (50643)
Clp0006I 8000  Obj 56435473 Primal inf 8.2608429e+08 (51669)
Clp0006I 9000  Obj 75397653 Primal inf 8.1936845e+08 (52823)
Clp0006I 10000  Obj 89365154 Primal inf 8.162418e+08 (53917)
Clp0006I 11000  Obj 1.0598456e+08 Primal inf 8.1249918e+08 (55028)
Clp0006I 12000  Obj 1.3015377e+08 Primal inf 8.1118325e+08 (56192)
Clp0006I 13000  Obj 1.4138852e+08 Primal inf 8.081972e+08 (57316)
Clp0006I 14000  Obj 1.6722645e+08 Primal inf 8.0805247e+08 (58539)
Clp0006I 15000  Obj 1.9053595e+08 Primal inf 7.283829e+08 (59710)
Clp0006I 16000  Obj 2.1663092e+08 Primal inf 7.2670748e+08 (60917)
Clp0006I 17000  Obj 2.4978803e+08 Primal inf 7.264575e+08 (62150)
Clp0006I 18000  Obj 2.834247e+08 Primal inf 7.2532389e+08 (63343)
Clp0006I 19000  Obj 3.1097237e+08 Primal inf 7.2326067e+08 (64457)
Clp0006I 20000  Obj 3.5088095e+08 Primal inf 7.2397571e+08 (65775)
Clp0006I 21000  Obj 3.755219e+08 Primal inf 7.2381347e+08 (66945)
Clp0006I 22000  Obj 4.1280438e+08 Primal inf 7.2507284e+08 (68341)
Clp0006I 23000  Obj 4.5317816e+08 Primal inf 7.2574727e+08 (69612)
Clp0006I 24000  Obj 4.8755237e+08 Primal inf 7.2770231e+08 (70860)
Clp0006I 25000  Obj 5.172875e+08 Primal inf 7.2956772e+08 (72141)
Clp0006I 26000  Obj 5.6249165e+08 Primal inf 7.3007563e+08 (73386)
Clp0006I 27000  Obj 5.9553214e+08 Primal inf 7.2926381e+08 (74633)
Clp0006I 28000  Obj 6.2331753e+08 Primal inf 7.3061529e+08 (75878)
Clp0006I 29000  Obj 6.7170922e+08 Primal inf 7.3196998e+08 (77068)
Clp0006I 30000  Obj 7.2118261e+08 Primal inf 7.2770739e+08 (78203)
Clp0006I 31000  Obj 7.5634031e+08 Primal inf 7.2915164e+08 (79353)
Clp0006I 32000  Obj 7.9642648e+08 Primal inf 7.3136783e+08 (80667)
Clp0006I 33000  Obj 8.3084834e+08 Primal inf 7.3258042e+08 (81810)
Clp0006I 34000  Obj 8.7426004e+08 Primal inf 7.2986665e+08 (83051)
Clp0006I 35000  Obj 9.0975107e+08 Primal inf 7.3237403e+08 (84180)
Clp0006I 36000  Obj 9.5497158e+08 Primal inf 7.3187252e+08 (85334)
Clp0006I 37000  Obj 9.9450297e+08 Primal inf 7.3319205e+08 (86683)
Clp0006I 38000  Obj 1.0299745e+09 Primal inf 7.3670981e+08 (87878)
Clp0006I 39000  Obj 1.0756206e+09 Primal inf 7.3568205e+08 (89148)
Clp0006I 40000  Obj 1.1114016e+09 Primal inf 7.3991515e+08 (90355)
Clp0006I 41000  Obj 1.1627445e+09 Primal inf 7.411892e+08 (91582)
Clp0006I 42000  Obj 1.2180433e+09 Primal inf 7.4033696e+08 (92781)
Clp0006I 43000  Obj 1.2712879e+09 Primal inf 7.4329022e+08 (93917)
Clp0006I 44000  Obj 1.3215131e+09 Primal inf 7.440369e+08 (95115)
Clp0006I 45000  Obj 1.372289e+09 Primal inf 7.4721628e+08 (96342)
Clp0006I 46000  Obj 1.4225877e+09 Primal inf 7.5160524e+08 (97534)
Clp0006I 47000  Obj 1.475992e+09 Primal inf 7.5056008e+08 (98560)
Clp0006I 48000  Obj 1.5327339e+09 Primal inf 7.5258547e+08 (99793)
Clp0006I 49000  Obj 1.5862449e+09 Primal inf 7.5260814e+08 (100826)
Clp0006I 50000  Obj 1.6006199e+09 Primal inf 8.5026945e+08 (103313)
Clp0006I 51000  Obj 1.6162823e+09 Primal inf 3.6250609e+09 (137386)
Clp0006I 52000  Obj 1.6239963e+09 Primal inf 7.4775325e+08 (106217)
Clp0006I 53000  Obj 1.647012e+09 Primal inf 1.1737812e+09 (108692)
Clp0006I 54000  Obj 1.6499008e+09 Primal inf 1.2769174e+09 (109149)
Clp0006I 55000  Obj 1.6935951e+09 Primal inf 7.930103e+08 (107894)
Clp0006I 56000  Obj 1.7197817e+09 Primal inf 9.184586e+08 (111442)
Clp0006I 57000  Obj 1.7379504e+09 Primal inf 1.1908447e+09 (111759)
Clp0006I 58000  Obj 1.7536426e+09 Primal inf 9.8254994e+08 (111705)
Clp0006I 59000  Obj 1.772334e+09 Primal inf 8.8768362e+08 (114205)
Clp0006I 60000  Obj 1.792034e+09 Primal inf 8.1750382e+08 (115309)
Clp0006I 61000  Obj 1.7944509e+09 Primal inf 8.328473e+08 (114660)
Clp0006I 62000  Obj 1.8151339e+09 Primal inf 9.8178958e+08 (116729)
Clp0006I 63000  Obj 1.8341923e+09 Primal inf 9.934652e+08 (117137)
Clp0006I 64000  Obj 1.8591423e+09 Primal inf 2.0043111e+09 (126563)
Clp0006I 65000  Obj 1.8753443e+09 Primal inf 2.4695409e+09 (127349)
Clp0006I 66000  Obj 1.8962246e+09 Primal inf 8.1820889e+08 (120083)
Clp0006I 67000  Obj 1.9233139e+09 Primal inf 8.2736287e+08 (118540)
Clp0006I 68000  Obj 1.9385696e+09 Primal inf 8.6563542e+08 (119233)
Clp0006I 69000  Obj 1.9442248e+09 Primal inf 8.7002876e+08 (120013)
Clp0006I 70000  Obj 1.9445772e+09 Primal inf 8.4182999e+08 (120823)
Clp0006I 71000  Obj 1.9557417e+09 Primal inf 8.4707989e+08 (124030)
Clp0006I 72000  Obj 1.9603183e+09 Primal inf 8.4105994e+08 (122360)
Clp0006I 73000  Obj 1.962788e+09 Primal inf 9.2431536e+08 (123083)
Clp0006I 74000  Obj 1.9645506e+09 Primal inf 9.1321049e+08 (123911)
Clp0006I 75000  Obj 1.973672e+09 Primal inf 9.5324453e+08 (124625)
Clp0006I 76000  Obj 1.9786174e+09 Primal inf 9.4116778e+08 (125280)
Clp0006I 77000  Obj 1.9857841e+09 Primal inf 9.4815675e+08 (125954)
Clp0006I 78000  Obj 2.0202036e+09 Primal inf 1.0184509e+09 (126020)
Clp0006I 79000  Obj 2.0418292e+09 Primal inf 2.3943373e+09 (156343)
Clp0006I 80000  Obj 2.046655e+09 Primal inf 9.70465e+08 (159146)
Clp0006I 81000  Obj 2.0497668e+09 Primal inf 9.2626297e+08 (157529)
Clp0006I 82000  Obj 2.0541612e+09 Primal inf 9.3107645e+08 (130792)
Clp0006I 83000  Obj 2.0877656e+09 Primal inf 1.5773229e+10 (172672)
Clp0006I 84000  Obj 2.113162e+09 Primal inf 1.0022113e+09 (132129)
Clp0006I 85000  Obj 2.1389672e+09 Primal inf 9.9986114e+08 (132258)
Clp0006I 86000  Obj 2.1557079e+09 Primal inf 1.6681506e+09 (163548)
Clp0006I 87000  Obj 2.2629068e+09 Primal inf 3.2169133e+09 (164620)
Clp0006I 88000  Obj 2.2986584e+09 Primal inf 9.849562e+08 (131214)
Clp0006I 89000  Obj 2.3362398e+09 Primal inf 1.898056e+09 (134448)
Clp0006I 90000  Obj 2.3452247e+09 Primal inf 1.0082068e+09 (133324)
Clp0006I 91000  Obj 2.3553469e+09 Primal inf 1.071376e+09 (133610)
Clp0006I 92000  Obj 2.361713e+09 Primal inf 1.0700988e+09 (132328)
Clp0006I 93000  Obj 2.373386e+09 Primal inf 9.1455014e+08 (135538)
Clp0006I 94000  Obj 2.3803291e+09 Primal inf 9.4647088e+08 (135791)
Clp0006I 95000  Obj 2.3829052e+09 Primal inf 9.0048892e+08 (136601)
Clp0006I 96000  Obj 2.3856205e+09 Primal inf 9.0474324e+08 (137360)
Clp0006I 97000  Obj 2.3886155e+09 Primal inf 9.0505423e+08 (138155)
Clp0006I 98000  Obj 2.3910834e+09 Primal inf 9.5989864e+08 (139127)
Clp0006I 99000  Obj 2.3963555e+09 Primal inf 9.372408e+08 (140520)
Clp0006I 100000  Obj 2.4266418e+09 Primal inf 2.1695304e+10 (149419)
Clp0006I 101000  Obj 2.4418219e+09 Primal inf 9.9431765e+08 (138484)
Clp0006I 102000  Obj 2.4435525e+09 Primal inf 1.0103293e+09 (138962)
Clp0006I 103000  Obj 2.4697322e+09 Primal inf 9.5673296e+08 (141810)
Clp0006I 104000  Obj 2.4759643e+09 Primal inf 1.0182425e+09 (139894)
Clp0006I 105000  Obj 2.4914998e+09 Primal inf 1.2055711e+09 (168975)
Clp0006I 106000  Obj 2.5143174e+09 Primal inf 9.5293296e+08 (140256)
Clp0006I 107000  Obj 2.5262896e+09 Primal inf 2.1041187e+09 (171390)
Clp0006I 108000  Obj 2.5345407e+09 Primal inf 9.2749676e+08 (143602)
Clp0006I 109000  Obj 2.5500022e+09 Primal inf 1.0433058e+09 (144291)
Clp0006I 110000  Obj 2.5546472e+09 Primal inf 9.6849874e+08 (144988)
Clp0006I 111000  Obj 2.5572466e+09 Primal inf 1.2011901e+09 (145821)
Clp0006I 112000  Obj 2.5614675e+09 Primal inf 1.0178178e+09 (146391)
Clp0006I 113000  Obj 2.5710164e+09 Primal inf 1.0562856e+09 (145159)
Clp0006I 114000  Obj 2.5905974e+09 Primal inf 1.0661677e+09 (143838)
Clp0006I 115000  Obj 2.593393e+09 Primal inf 1.04057e+09 (144132)
Clp0006I 116000  Obj 2.594734e+09 Primal inf 9.8503906e+08 (144745)
Clp0006I 117000  Obj 2.5954348e+09 Primal inf 1.0344424e+09 (145196)
Clp0006I 118000  Obj 2.6003977e+09 Primal inf 9.6551118e+08 (145678)
Clp0006I 119000  Obj 2.620282e+09 Primal inf 1.3976018e+09 (174534)
Clp0006I 120000  Obj 2.6264594e+09 Primal inf 1.1111423e+09 (148959)
Clp0006I 121000  Obj 2.6314859e+09 Primal inf 1.200477e+09 (174521)
Clp0006I 122000  Obj 2.6557655e+09 Primal inf 1.5278608e+09 (171123)
Clp0006I 123000  Obj 2.7131522e+09 Primal inf 1.5648472e+10 (190307)
Clp0006I 124000  Obj 2.7699285e+09 Primal inf 2.0876513e+09 (150143)
Clp0006I 125000  Obj 2.7910053e+09 Primal inf 3.2758996e+09 (177000)
Clp0006I 126000  Obj 2.8042606e+09 Primal inf 1.2045505e+09 (152689)
Clp0006I 127000  Obj 2.8334296e+09 Primal inf 2.8458398e+09 (158925)
Clp0006I 128000  Obj 2.9135478e+09 Primal inf 7.8702063e+10 (242656)
Clp0006I 129000  Obj 2.9671574e+09 Primal inf 3.3130944e+10 (208218)
Clp0006I 130000  Obj 3.0081999e+09 Primal inf 1.7461551e+11 (213557)
Clp0006I 131000  Obj 3.0394721e+09 Primal inf 2.209796e+09 (160758)
Clp0006I 132000  Obj 3.0652112e+09 Primal inf 5.5482397e+09 (188558)
Clp0006I 133000  Obj 3.1320147e+09 Primal inf 5.3881786e+09 (182717)
Clp0006I 134000  Obj 3.1762093e+09 Primal inf 1.5098915e+09 (151605)
Clp0006I 135000  Obj 3.2621399e+09 Primal inf 1.8011828e+09 (157164)
Clp0006I 136000  Obj 3.3130808e+09 Primal inf 2.5694267e+09 (179438)
Clp0006I 137000  Obj 3.3705804e+09 Primal inf 3.4534015e+11 (169045)
Clp0006I 138000  Obj 3.4683771e+09 Primal inf 4.140543e+09 (166932)
Clp0006I 139000  Obj 3.5678222e+09 Primal inf 2.0501726e+09 (183247)
Clp0006I 140000  Obj 3.6536917e+09 Primal inf 1.0153477e+10 (204268)
Clp0006I 141000  Obj 3.7025696e+09 Primal inf 2.7952455e+10 (184747)
Clp0006I 142000  Obj 3.7354796e+09 Primal inf 2.9498779e+09 (179272)
Clp0006I 143000  Obj 3.8009647e+09 Primal inf 2.3579895e+09 (151145)
Clp0006I 144000  Obj 3.8656066e+09 Primal inf 1.7163984e+09 (154243)
Clp0006I 145000  Obj 3.9427953e+09 Primal inf 2.4967958e+09 (177526)
Clp0006I 146000  Obj 4.042991e+09 Primal inf 1.1807796e+10 (192449)
Clp0006I 147000  Obj 4.1065413e+09 Primal inf 1.4779588e+09 (151281)
Clp0006I 148000  Obj 4.1414412e+09 Primal inf 3.2446766e+09 (186262)
Clp0006I 149000  Obj 4.1705772e+09 Primal inf 2.5199815e+09 (185395)
Clp0006I 150000  Obj 4.2221909e+09 Primal inf 2.0035785e+09 (158260)
Clp0006I 151000  Obj 4.283999e+09 Primal inf 3.8643192e+09 (186187)
Clp0006I 152000  Obj 4.3778489e+09 Primal inf 1.7894015e+09 (157951)
Clp0006I 153000  Obj 4.4569867e+09 Primal inf 2.411521e+09 (158241)
Clp0006I 154000  Obj 4.507929e+09 Primal inf 1.5870186e+09 (151622)
Clp0006I 155000  Obj 4.557695e+09 Primal inf 1.5530128e+09 (184366)
Clp0006I 156000  Obj 4.5917109e+09 Primal inf 9.9485357e+08 (150017)
Clp0006I 157000  Obj 4.6137218e+09 Primal inf 1.2656043e+09 (150649)
Clp0006I 158000  Obj 4.6315773e+09 Primal inf 1.2785518e+09 (148790)
Clp0006I 159000  Obj 4.646375e+09 Primal inf 1.2759016e+09 (151385)
Clp0006I 160000  Obj 4.6629403e+09 Primal inf 6.9918381e+10 (191674)
Clp0006I 161000  Obj 4.668115e+09 Primal inf 1.2611571e+09 (151561)
Clp0006I 162000  Obj 4.6776248e+09 Primal inf 1.8859279e+09 (153442)
Clp0006I 163000  Obj 4.6941495e+09 Primal inf 1.0432217e+09 (153160)
Clp0006I 164000  Obj 4.7082275e+09 Primal inf 1.3472918e+09 (150018)
Clp0006I 165000  Obj 4.7233236e+09 Primal inf 2.4252031e+09 (178462)
Clp0006I 166000  Obj 4.7794689e+09 Primal inf 1.3422704e+10 (206986)
Clp0006I 167000  Obj 4.8350471e+09 Primal inf 1.0073079e+09 (149967)
Clp0006I 168000  Obj 4.9033156e+09 Primal inf 1.1295963e+10 (162346)
Clp0006I 169000  Obj 5.0195827e+09 Primal inf 9.3232588e+09 (185421)
Clp0006I 170000  Obj 5.1154088e+09 Primal inf 2.227234e+09 (154027)
Clp0006I 171000  Obj 5.260361e+09 Primal inf 3.5002293e+09 (152343)
Clp0006I 172000  Obj 5.3495933e+09 Primal inf 8.2214534e+09 (216753)
Clp0006I 173000  Obj 5.4005053e+09 Primal inf 4.6299081e+09 (180507)
Clp0006I 174000  Obj 5.4982876e+09 Primal inf 4.3479218e+09 (183143)
Clp0006I 175000  Obj 5.5778138e+09 Primal inf 3.1793107e+09 (154682)
Clp0006I 176000  Obj 5.6452173e+09 Primal inf 1.1953395e+10 (216800)
Clp0006I 177000  Obj 5.7290865e+09 Primal inf 1.0879769e+11 (214227)
Clp0006I 178000  Obj 5.7684951e+09 Primal inf 1.5124653e+09 (150339)
Clp0006I 179000  Obj 5.8209307e+09 Primal inf 1.5263886e+09 (150876)
Clp0006I 180000  Obj 5.9101199e+09 Primal inf 4.8588806e+10 (219188)
Clp0006I 181000  Obj 5.9991864e+09 Primal inf 1.233621e+10 (181127)
Clp0006I 182000  Obj 6.0584967e+09 Primal inf 1.4609036e+10 (188817)
Clp0006I 183000  Obj 6.1088339e+09 Primal inf 1.7173376e+09 (153475)
Clp0006I 184000  Obj 6.2001769e+09 Primal inf 1.7497581e+09 (154439)
Clp0006I 185000  Obj 6.258828e+09 Primal inf 1.7313414e+09 (151303)
Clp0006I 186000  Obj 6.3637704e+09 Primal inf 6.8160631e+09 (183331)
Clp0006I 187000  Obj 6.4860807e+09 Primal inf 1.397486e+09 (175538)
Clp0006I 188000  Obj 6.5335927e+09 Primal inf 1.7153624e+11 (187754)
Clp0006I 189000  Obj 6.569828e+09 Primal inf 4.3395504e+09 (189519)
Clp0006I 190000  Obj 6.6082008e+09 Primal inf 2.0916148e+11 (198864)
Clp0006I 191000  Obj 6.6287051e+09 Primal inf 3.0649566e+09 (162564)
Clp0006I 192000  Obj 6.6716993e+09 Primal inf 1.8799984e+10 (194945)
Clp0006I 193000  Obj 6.7151176e+09 Primal inf 1.6283362e+09 (153548)
Clp0006I 194000  Obj 6.7649517e+09 Primal inf 9.0495348e+09 (188803)
Clp0006I 195000  Obj 6.8117222e+09 Primal inf 1.701736e+10 (190251)
Clp0006I 196000  Obj 6.8543242e+09 Primal inf 2.3624969e+09 (155639)
Clp0006I 197000  Obj 6.8933564e+09 Primal inf 3.8985328e+09 (158424)
Clp0006I 198000  Obj 6.9233202e+09 Primal inf 3.1653487e+09 (186669)
Clp0006I 199000  Obj 6.9456904e+09 Primal inf 4.2287556e+09 (164450)
Clp0006I 200000  Obj 6.9865598e+09 Primal inf 6.0174751e+10 (190662)
Clp0006I 201000  Obj 7.0193755e+09 Primal inf 1.9882609e+09 (151281)
Clp0006I 202000  Obj 7.124818e+09 Primal inf 2.4918844e+09 (150439)
Clp0006I 203000  Obj 7.2177441e+09 Primal inf 1.4410354e+09 (149522)
Clp0006I 204000  Obj 7.3296485e+09 Primal inf 8.1177008e+09 (205125)
Clp0006I 205000  Obj 7.3793795e+09 Primal inf 2.5699207e+09 (151230)
Clp0006I 206000  Obj 7.4277599e+09 Primal inf 3.6139958e+09 (184273)
Clp0006I 207000  Obj 7.4994421e+09 Primal inf 4.5428865e+10 (159798)
Clp0006I 208000  Obj 7.5578105e+09 Primal inf 5.9248159e+09 (161573)
Clp0006I 209000  Obj 7.5969798e+09 Primal inf 5.6134802e+09 (168040)
Clp0006I 210000  Obj 7.6503898e+09 Primal inf 2.8618511e+09 (152392)
Clp0006I 211000  Obj 7.7144321e+09 Primal inf 1.2024564e+09 (147792)
Clp0006I 212000  Obj 7.7390638e+09 Primal inf 1.6985432e+09 (148769)
Clp0006I 213000  Obj 7.7605214e+09 Primal inf 2.8076983e+09 (157992)
Clp0006I 214000  Obj 7.8062936e+09 Primal inf 1.3631166e+09 (152853)
Clp0006I 215000  Obj 7.8560302e+09 Primal inf 5.649769e+09 (185006)
Clp0006I 216000  Obj 7.8941065e+09 Primal inf 4.9706738e+09 (151614)
Clp0006I 217000  Obj 7.9081828e+09 Primal inf 2.9586315e+09 (175600)
Clp0006I 218000  Obj 7.9376315e+09 Primal inf 3.5667665e+09 (180011)
Clp0006I 219000  Obj 7.9774157e+09 Primal inf 2.8110011e+09 (150778)
Clp0006I 220000  Obj 8.0362808e+09 Primal inf 6.7783028e+09 (154036)
Clp0006I 221000  Obj 8.1073722e+09 Primal inf 1.7825082e+10 (186549)
Clp0006I 222000  Obj 8.1635061e+09 Primal inf 1.0000449e+10 (174047)
Clp0006I 223000  Obj 8.1940885e+09 Primal inf 1.2778866e+09 (143438)
Clp0006I 224000  Obj 8.2236542e+09 Primal inf 1.4087767e+09 (144026)
Clp0006I 225000  Obj 8.2733142e+09 Primal inf 3.3980045e+09 (148157)
Clp0006I 226000  Obj 8.287222e+09 Primal inf 3.1048583e+09 (158901)
Clp0006I 227000  Obj 8.3072013e+09 Primal inf 2.5772182e+09 (150178)
Clp0006I 228000  Obj 8.3191077e+09 Primal inf 1.7317385e+09 (146072)
Clp0006I 229000  Obj 8.3226547e+09 Primal inf 3.4030843e+11 (209763)
Clp0006I 230000  Obj 8.3431144e+09 Primal inf 3.1166319e+09 (158189)
Clp0006I 231000  Obj 8.3541652e+09 Primal inf 2.5069115e+09 (174223)
Clp0006I 232000  Obj 8.3601576e+09 Primal inf 2.4744001e+09 (147324)
Clp0006I 233000  Obj 8.3734498e+09 Primal inf 3.8070569e+09 (157162)
Clp0006I 234000  Obj 8.3857864e+09 Primal inf 1.3385009e+09 (155717)
Clp0006I 235000  Obj 8.3962592e+09 Primal inf 1.0451317e+10 (211269)
Clp0006I 236000  Obj 8.412082e+09 Primal inf 2.4703102e+09 (185133)
Clp0006I 237000  Obj 8.4526699e+09 Primal inf 4.1380487e+10 (213202)
Clp0006I 238000  Obj 8.4856011e+09 Primal inf 3.3307179e+09 (153535)
Clp0006I 239000  Obj 8.5146226e+09 Primal inf 7.0268445e+09 (194328)
Clp0006I 240000  Obj 8.5581929e+09 Primal inf 2.5791729e+12 (225092)
Clp0006I 241000  Obj 8.5910747e+09 Primal inf 1.1070909e+10 (186452)
Clp0006I 242000  Obj 8.6344078e+09 Primal inf 1.6321489e+09 (183287)
Clp0006I 243000  Obj 8.6907699e+09 Primal inf 1.1469857e+10 (222183)
Clp0006I 244000  Obj 8.7140193e+09 Primal inf 1.3943542e+09 (155383)
Clp0006I 245000  Obj 8.7250188e+09 Primal inf 3.1619077e+09 (162746)
Clp0006I 246000  Obj 8.7383586e+09 Primal inf 1.9870325e+09 (156213)
Clp0006I 247000  Obj 8.7557944e+09 Primal inf 1.7687636e+09 (156895)
Clp0006I 248000  Obj 8.7735042e+09 Primal inf 5.8374009e+10 (191356)
Clp0006I 249000  Obj 8.8119645e+09 Primal inf 5.2520332e+09 (214904)
Clp0006I 250000  Obj 8.8372135e+09 Primal inf 5.3839075e+09 (191682)
Clp0006I 251000  Obj 8.8765189e+09 Primal inf 2.1662436e+09 (173586)
Clp0006I 252000  Obj 8.9398612e+09 Primal inf 3.5946679e+09 (163385)
Clp0006I 252955  Obj 9.0279174e+09 Primal inf 7.1917058e+09 (198340)
Clp0006I 253955  Obj 9.0838624e+09 Primal inf 4.956476e+09 (201600)
Clp0006I 254955  Obj 9.1883947e+09 Primal inf 1.041245e+10 (197782)
Clp0006I 255955  Obj 9.222037e+09 Primal inf 1.7616063e+09 (156223)
Clp0006I 256955  Obj 9.2471584e+09 Primal inf 2.9184511e+09 (191443)
Clp0006I 257955  Obj 9.315502e+09 Primal inf 4.5036399e+09 (192017)
Clp0006I 258955  Obj 9.3436115e+09 Primal inf 7.7187556e+09 (201594)
Clp0006I 259955  Obj 9.3881773e+09 Primal inf 3.6707494e+09 (164616)
Clp0006I 260955  Obj 9.4391078e+09 Primal inf 8.028342e+10 (200016)
Clp0006I 261955  Obj 9.4822399e+09 Primal inf 2.5286643e+09 (163830)
Clp0006I 262955  Obj 9.5249942e+09 Primal inf 5.3544775e+09 (180539)
Clp0006I 263556  Obj 9.5888027e+09 Primal inf 1.3890538e+09 (164195)
Clp0006I 264556  Obj 9.6882395e+09 Primal inf 3.5901255e+09 (196292)
Clp0006I 265556  Obj 9.7437075e+09 Primal inf 4.3390608e+11 (175379)
Clp0006I 266556  Obj 9.7956786e+09 Primal inf 1.6365156e+11 (203771)
Clp0006I 267556  Obj 9.838452e+09 Primal inf 1.5138724e+09 (166554)
Clp0006I 268556  Obj 9.8625771e+09 Primal inf 1.9004884e+10 (200985)
Clp0006I 269556  Obj 9.898784e+09 Primal inf 6.9501063e+11 (214289)
Clp0006I 270556  Obj 9.9277525e+09 Primal inf 3.2534122e+09 (177749)
Clp0006I 271556  Obj 9.9477196e+09 Primal inf 4.2922667e+11 (216624)
Clp0006I 272556  Obj 9.9582132e+09 Primal inf 1.4347602e+09 (161117)
Clp0006I 273556  Obj 9.9881217e+09 Primal inf 3.3542036e+09 (175567)
Clp0006I 274556  Obj 1.0015643e+10 Primal inf 1.3584023e+11 (189641)
Clp0006I 275556  Obj 1.0057356e+10 Primal inf 2.0344921e+09 (176420)
Clp0006I 276556  Obj 1.0097462e+10 Primal inf 8.2247437e+08 (164155)
Clp0006I 277556  Obj 1.0143294e+10 Primal inf 6.7746533e+09 (202710)
Clp0006I 278556  Obj 1.0185571e+10 Primal inf 1.6007459e+10 (199672)
Clp0006I 279556  Obj 1.0230806e+10 Primal inf 9.8690331e+08 (165396)
Clp0006I 280556  Obj 1.0244214e+10 Primal inf 2.6755057e+09 (191411)
Clp0006I 281556  Obj 1.0272292e+10 Primal inf 1.3063333e+10 (215380)
Clp0006I 282556  Obj 1.0317163e+10 Primal inf 2.760499e+09 (180149)
Clp0006I 283556  Obj 1.037308e+10 Primal inf 1.5032788e+09 (162900)
Clp0006I 284556  Obj 1.0418407e+10 Primal inf 3.9470218e+09 (176298)
Clp0006I 285556  Obj 1.0441539e+10 Primal inf 7.3995112e+09 (173266)
Clp0006I 286556  Obj 1.0472027e+10 Primal inf 2.5535649e+09 (219460)
Clp0006I 287556  Obj 1.0485939e+10 Primal inf 2.2753716e+10 (228282)
Clp0006I 288556  Obj 1.0522608e+10 Primal inf 7.6250479e+09 (198865)
Clp0006I 289556  Obj 1.0549239e+10 Primal inf 3.8686085e+09 (201815)
Clp0006I 290556  Obj 1.0602453e+10 Primal inf 3.7856306e+10 (198203)
Clp0006I 291556  Obj 1.0626738e+10 Primal inf 4.7383418e+09 (180539)
Clp0006I 292556  Obj 1.0662218e+10 Primal inf 3.1083517e+11 (204523)
Clp0006I 293556  Obj 1.0733477e+10 Primal inf 2.0403287e+09 (169645)
Clp0006I 294556  Obj 1.0781674e+10 Primal inf 1.2856813e+10 (264135)
Clp0006I 295556  Obj 1.0826504e+10 Primal inf 4.6488257e+09 (197079)
Clp0006I 296556  Obj 1.0855786e+10 Primal inf 7.0310687e+09 (220626)
Clp0006I 297556  Obj 1.0881957e+10 Primal inf 2.9914546e+09 (170261)
Clp0006I 298556  Obj 1.0917518e+10 Primal inf 2.7189992e+09 (207557)
Clp0006I 299556  Obj 1.0955426e+10 Primal inf 3.7669213e+09 (196278)
Clp0006I 300556  Obj 1.101571e+10 Primal inf 3.679123e+09 (175139)
Clp0006I 301556  Obj 1.1068555e+10 Primal inf 7.6553216e+09 (191639)
Clp0006I 302556  Obj 1.113108e+10 Primal inf 4.8548696e+09 (188714)
Clp0006I 303556  Obj 1.1183047e+10 Primal inf 1.0135884e+10 (218744)
Clp0006I 304556  Obj 1.122304e+10 Primal inf 7.0209711e+09 (202328)
Clp0006I 305556  Obj 1.1257191e+10 Primal inf 6.6958026e+09 (189588)
Clp0006I 306556  Obj 1.1309325e+10 Primal inf 2.5634102e+09 (164477)
Clp0006I 307556  Obj 1.1339216e+10 Primal inf 1.613837e+10 (172081)
Clp0006I 308556  Obj 1.1390082e+10 Primal inf 1.7923922e+09 (178894)
Clp0006I 309556  Obj 1.14562e+10 Primal inf 3.1391679e+09 (173738)
Clp0006I 310556  Obj 1.1564501e+10 Primal inf 2.2234772e+10 (251106)
Clp0006I 311556  Obj 1.1659558e+10 Primal inf 1.6810894e+10 (241413)
Clp0006I 312556  Obj 1.173246e+10 Primal inf 3.0533655e+09 (207673)
Clp0006I 313047  Obj 1.1818164e+10 Primal inf 2.6665081e+10 (219432)
Clp0006I 314047  Obj 1.1934077e+10 Primal inf 8.0275373e+09 (203921)
Clp0006I 315047  Obj 1.2037568e+10 Primal inf 4.6947753e+09 (185448)
Clp0006I 316047  Obj 1.2118945e+10 Primal inf 1.9719841e+10 (220025)
Clp0006I 317047  Obj 1.2190786e+10 Primal inf 5.0840233e+09 (181641)
Clp0006I 318047  Obj 1.2236312e+10 Primal inf 8.1863949e+09 (212546)
Clp0006I 319047  Obj 1.2305231e+10 Primal inf 1.7264591e+09 (172887)
Clp0006I 320047  Obj 1.235313e+10 Primal inf 1.2596051e+10 (203270)
Clp0006I 321047  Obj 1.2435375e+10 Primal inf 1.0179283e+10 (209142)
Clp0006I 322047  Obj 1.2498689e+10 Primal inf 4.1114548e+09 (190703)
Clp0006I 323047  Obj 1.2548883e+10 Primal inf 6.0057493e+09 (209249)
Clp0006I 324047  Obj 1.2604036e+10 Primal inf 1.3430173e+10 (233201)
Clp0006I 325047  Obj 1.2661805e+10 Primal inf 1.4175528e+10 (190776)
Clp0006I 326047  Obj 1.2754275e+10 Primal inf 2.0808795e+09 (203411)
Clp0006I 327047  Obj 1.2871087e+10 Primal inf 1.377385e+09 (193082)
Clp0006I 328047  Obj 1.2943371e+10 Primal inf 1.3706195e+10 (229013)
Clp0006I 329047  Obj 1.2991918e+10 Primal inf 1.1904447e+10 (224078)
Clp0006I 330047  Obj 1.3025995e+10 Primal inf 3.3765631e+09 (229387)
Clp0006I 331018  Obj 1.3068448e+10 Primal inf 7.5718834e+09 (224297)
Clp0006I 332018  Obj 1.3118539e+10 Primal inf 2.7073916e+10 (216320)
Clp0006I 333018  Obj 1.3156996e+10 Primal inf 5.3854861e+09 (241099)
Clp0006I 334018  Obj 1.3199576e+10 Primal inf 1.234414e+10 (247887)
Clp0006I 335018  Obj 1.3244114e+10 Primal inf 2.9870592e+09 (190047)
Clp0006I 336018  Obj 1.3297996e+10 Primal inf 2.365549e+10 (247082)
Clp0006I 337018  Obj 1.3376336e+10 Primal inf 1.3992305e+10 (255523)
Clp0006I 338018  Obj 1.3431476e+10 Primal inf 7.7586145e+10 (262779)
Clp0006I 339018  Obj 1.3478448e+10 Primal inf 3.8349067e+09 (213707)
Clp0006I 340018  Obj 1.3523532e+10 Primal inf 4.1886649e+09 (234252)
Clp0006I 341018  Obj 1.3543568e+10 Primal inf 1.6609901e+10 (289850)
Clp0006I 342018  Obj 1.3599879e+10 Primal inf 5.1398482e+09 (231948)
Clp0006I 343018  Obj 1.3648523e+10 Primal inf 1.3248612e+10 (253310)
Clp0006I 344018  Obj 1.3673694e+10 Primal inf 4.467552e+09 (250485)
Clp0006I 345018  Obj 1.3688732e+10 Primal inf 2.1391546e+10 (242680)
Clp0006I 346018  Obj 1.3700286e+10 Primal inf 7.1885082e+09 (242977)
Clp0006I 347018  Obj 1.3740402e+10 Primal inf 4.4708414e+09 (197628)
Clp0006I 348018  Obj 1.3792592e+10 Primal inf 1.3591438e+10 (251734)
Clp0006I 349018  Obj 1.3849102e+10 Primal inf 2.1273407e+09 (185392)
Clp0006I 350018  Obj 1.389702e+10 Primal inf 4.9058463e+09 (217640)
Clp0006I 351018  Obj 1.3918486e+10 Primal inf 2.7651705e+10 (228417)
Clp0006I 352018  Obj 1.3961419e+10 Primal inf 1.9463513e+10 (236550)
Clp0006I 353018  Obj 1.3980059e+10 Primal inf 6.9908602e+09 (227647)
Clp0006I 354018  Obj 1.3997651e+10 Primal inf 1.9194417e+09 (230887)
Clp0006I 355018  Obj 1.3997938e+10 Primal inf 1.2070995e+09 (208501)
Clp0006I 356018  Obj 1.4007553e+10 Primal inf 2.260573e+09 (229483)
Clp0006I 357018  Obj 1.4016153e+10 Primal inf 2.6152099e+09 (239320)
Clp0006I 358018  Obj 1.4031642e+10 Primal inf 2.8894635e+09 (230957)
Clp0006I 359018  Obj 1.4053436e+10 Primal inf 1.1792679e+10 (232067)
Clp0006I 360018  Obj 1.4103692e+10 Primal inf 2.7370045e+09 (220652)
Clp0006I 361018  Obj 1.4148427e+10 Primal inf 1.0788036e+10 (233726)
Clp0006I 362018  Obj 1.4209864e+10 Primal inf 1.0196199e+10 (268427)
Clp0006I 363018  Obj 1.4235852e+10 Primal inf 4.1753736e+10 (237616)
Clp0006I 364018  Obj 1.4239708e+10 Primal inf 5.3162509e+10 (238439)
Clp0006I 365018  Obj 1.4245735e+10 Primal inf 9.3917588e+09 (275738)
Clp0006I 366018  Obj 1.425457e+10 Primal inf 8.6726265e+09 (209222)
Clp0006I 367018  Obj 1.4289086e+10 Primal inf 3.9743729e+09 (232618)
Clp0006I 368018  Obj 1.4313517e+10 Primal inf 1.4388077e+10 (247859)
Clp0006I 369018  Obj 1.4352767e+10 Primal inf 1.0706293e+10 (226315)
Clp0006I 370018  Obj 1.4369846e+10 Primal inf 4.8528433e+09 (221975)
Clp0006I 371018  Obj 1.4396038e+10 Primal inf 9.9461059e+10 (229188)
Clp0006I 372018  Obj 1.4417608e+10 Primal inf 9.9788626e+08 (214140)
Clp0006I 373018  Obj 1.4453502e+10 Primal inf 8.9234049e+08 (191034)
Clp0006I 374018  Obj 1.4480712e+10 Primal inf 1.0643342e+10 (255281)
Clp0006I 375018  Obj 1.4498504e+10 Primal inf 4.5736925e+09 (243338)
Clp0006I 376018  Obj 1.451096e+10 Primal inf 2.6903541e+09 (209030)
Clp0006I 377018  Obj 1.4539843e+10 Primal inf 4.2814648e+09 (217896)
Clp0006I 378018  Obj 1.4550759e+10 Primal inf 4.1307501e+09 (255485)
Clp0006I 379018  Obj 1.4555983e+10 Primal inf 1.0514338e+09 (187341)
Clp0006I 380018  Obj 1.4574698e+10 Primal inf 2.8676062e+09 (225221)
Clp0006I 381018  Obj 1.4596949e+10 Primal inf 1.1554558e+09 (186055)
Clp0006I 382018  Obj 1.4597926e+10 Primal inf 7.0612111e+08 (185844)
Clp0006I 383018  Obj 1.4628288e+10 Primal inf 5.3644165e+09 (237084)
Clp0006I 384018  Obj 1.4645556e+10 Primal inf 5.0420859e+09 (264575)
Clp0006I 385018  Obj 1.4659664e+10 Primal inf 8.1320476e+09 (246067)
Clp0006I 386018  Obj 1.469241e+10 Primal inf 2.1429886e+10 (248297)
Clp0006I 387018  Obj 1.4711069e+10 Primal inf 1.758694e+09 (227589)
Clp0006I 388018  Obj 1.4723267e+10 Primal inf 2.3317334e+10 (218970)
Clp0006I 389018  Obj 1.4733229e+10 Primal inf 6.7353667e+09 (214071)
Clp0006I 390018  Obj 1.4742754e+10 Primal inf 6.8546493e+09 (214981)
Clp0006I 391018  Obj 1.4766845e+10 Primal inf 3.4946225e+10 (254061)
Clp0006I 392018  Obj 1.4796485e+10 Primal inf 6.381329e+10 (268155)
Clp0006I 393018  Obj 1.4815127e+10 Primal inf 1.1162679e+09 (194664)
Clp0006I 394018  Obj 1.4835635e+10 Primal inf 5.215267e+09 (220299)
Clp0006I 395018  Obj 1.4865963e+10 Primal inf 9.8276072e+09 (271203)
Clp0006I 396018  Obj 1.4879303e+10 Primal inf 3.8131526e+09 (225987)
Clp0006I 397018  Obj 1.4897639e+10 Primal inf 1.9489185e+09 (199067)
Clp0006I 398018  Obj 1.4910886e+10 Primal inf 1.1336132e+09 (186914)
Clp0006I 399018  Obj 1.4937439e+10 Primal inf 1.4859308e+10 (265183)
Clp0006I 400018  Obj 1.494679e+10 Primal inf 2.2349296e+09 (218686)
Clp0006I 401018  Obj 1.4957792e+10 Primal inf 3.8499452e+09 (247897)
Clp0006I 402018  Obj 1.4969975e+10 Primal inf 7.9129098e+09 (291516)
Clp0006I 403018  Obj 1.4974434e+10 Primal inf 6.893577e+09 (294719)
Clp0006I 404018  Obj 1.4981842e+10 Primal inf 2.4056811e+10 (292665)
Clp0006I 405018  Obj 1.4991039e+10 Primal inf 1.863676e+09 (215683)
Clp0006I 406018  Obj 1.4996081e+10 Primal inf 3.2838149e+09 (264970)
Clp0006I 407018  Obj 1.5153718e+10 Primal inf 1.398137e+10 (273775)
Clp0006I 408018  Obj 1.5157251e+10 Primal inf 3.0616647e+10 (275775)
Clp0006I 409018  Obj 1.5167981e+10 Primal inf 1.0128742e+10 (242147)
Clp0006I 410018  Obj 1.5176217e+10 Primal inf 4.7590327e+09 (247526)
Clp0006I 411018  Obj 1.5182031e+10 Primal inf 2.8295582e+09 (246720)
Clp0006I 412018  Obj 1.5210511e+10 Primal inf 1.8206254e+10 (291092)
Clp0006I 413018  Obj 1.5219235e+10 Primal inf 5.1069886e+09 (240252)
Clp0006I 414018  Obj 1.5238971e+10 Primal inf 7.6082553e+09 (309102)
Clp0006I 415018  Obj 1.5242718e+10 Primal inf 6.698931e+09 (300676)
Clp0006I 416018  Obj 1.5258013e+10 Primal inf 4.4399536e+09 (250676)
Clp0006I 417018  Obj 1.5273346e+10 Primal inf 1.1378088e+09 (221761)
Clp0006I 418018  Obj 1.5307165e+10 Primal inf 2.296326e+09 (222995)
Clp0006I 419018  Obj 1.5350111e+10 Primal inf 3.4503479e+09 (216103)
Clp0006I 420018  Obj 1.5361041e+10 Primal inf 3.0003709e+10 (271287)
Clp0006I 421018  Obj 1.5386566e+10 Primal inf 5.6788121e+09 (241035)
Clp0006I 422018  Obj 1.5391081e+10 Primal inf 8.9139738e+09 (283161)
Clp0006I 423018  Obj 1.5393051e+10 Primal inf 4.3475308e+09 (251524)
Clp0006I 424018  Obj 1.5396007e+10 Primal inf 3.9006585e+09 (210142)
Clp0006I 425018  Obj 1.5397734e+10 Primal inf 8.8712523e+08 (208739)
Clp0006I 426018  Obj 1.5425019e+10 Primal inf 2.3703318e+10 (265720)
Clp0006I 427018  Obj 1.5442327e+10 Primal inf 3.4885651e+09 (218688)
Clp0006I 428018  Obj 1.5461011e+10 Primal inf 1.3738933e+10 (249858)
Clp0006I 429018  Obj 1.5468335e+10 Primal inf 5.2853845e+09 (266056)
Clp0006I 430018  Obj 1.5488375e+10 Primal inf 8.4829713e+09 (253476)
Clp0006I 431018  Obj 1.5490225e+10 Primal inf 2.2214793e+09 (223632)
Clp0006I 432018  Obj 1.5512432e+10 Primal inf 1.6759417e+09 (253803)
Clp0006I 433018  Obj 1.5526816e+10 Primal inf 3.8559345e+09 (226662)
Clp0006I 434018  Obj 1.5531833e+10 Primal inf 3.0072818e+09 (252652)
Clp0006I 435018  Obj 1.5537077e+10 Primal inf 1.0759664e+10 (233121)
Clp0006I 436018  Obj 1.5549077e+10 Primal inf 1.6418047e+09 (233302)
Clp0006I 437018  Obj 1.5554775e+10 Primal inf 5.8490206e+09 (248871)
Clp0006I 438018  Obj 1.5568308e+10 Primal inf 4.421332e+09 (227838)
Clp0006I 439018  Obj 1.5573785e+10 Primal inf 5.8742871e+09 (250439)
Clp0006I 440018  Obj 1.5582098e+10 Primal inf 9.0665721e+08 (223134)
Clp0006I 441018  Obj 1.5587106e+10 Primal inf 1.4670607e+09 (225407)
Clp0006I 442018  Obj 1.559006e+10 Primal inf 1.2303481e+09 (239685)
Clp0006I 443018  Obj 1.5597344e+10 Primal inf 1.6877751e+09 (254779)
Clp0006I 444018  Obj 1.5611965e+10 Primal inf 1.4722609e+09 (254325)
Clp0006I 445018  Obj 1.5619601e+10 Primal inf 1.6444826e+09 (227768)
Clp0006I 446018  Obj 1.5633768e+10 Primal inf 5.6252558e+08 (195550)
Clp0006I 447018  Obj 1.564488e+10 Primal inf 6.7610012e+08 (196624)
Clp0006I 448018  Obj 1.5658471e+10 Primal inf 6.1425213e+08 (197061)
Clp0006I 449018  Obj 1.566391e+10 Primal inf 9.8285135e+08 (198537)
Clp0006I 450018  Obj 1.5674911e+10 Primal inf 6.1975783e+08 (197414)
Clp0006I 451018  Obj 1.567875e+10 Primal inf 1.8066408e+09 (222868)
Clp0006I 452018  Obj 1.5683613e+10 Primal inf 1.5077221e+09 (222026)
Clp0006I 453018  Obj 1.569534e+10 Primal inf 1.2232895e+10 (263863)
Clp0006I 454018  Obj 1.5700254e+10 Primal inf 2.312371e+09 (229326)
Clp0006I 455018  Obj 1.5709586e+10 Primal inf 1.0067359e+10 (274437)
Clp0006I 456018  Obj 1.5717757e+10 Primal inf 3.4682825e+09 (255461)
Clp0006I 457018  Obj 1.5723854e+10 Primal inf 3.674467e+10 (239696)
Clp0006I 458018  Obj 1.5728229e+10 Primal inf 9.3759251e+09 (238519)
Clp0006I 459018  Obj 1.5737153e+10 Primal inf 8.4464624e+08 (201556)
Clp0006I 460018  Obj 1.5742062e+10 Primal inf 2.4134303e+09 (241671)
Clp0006I 461018  Obj 1.5746441e+10 Primal inf 1.8430133e+09 (226284)
Clp0006I 462018  Obj 1.5760508e+10 Primal inf 2.4844664e+09 (232390)
Clp0006I 463018  Obj 1.5771418e+10 Primal inf 2.1056697e+09 (256758)
Clp0006I 464018  Obj 1.5779009e+10 Primal inf 1.5140618e+09 (263387)
Clp0006I 465018  Obj 1.5788174e+10 Primal inf 1.4657359e+09 (213021)
Clp0006I 466018  Obj 1.5794085e+10 Primal inf 3.4017321e+09 (264023)
Clp0006I 467018  Obj 1.5798132e+10 Primal inf 1.5357933e+10 (247536)
Clp0006I 468018  Obj 1.5805931e+10 Primal inf 1.4591225e+10 (247742)
Clp0006I 469018  Obj 1.5816919e+10 Primal inf 6.4598265e+09 (277568)
Clp0006I 470018  Obj 1.5827013e+10 Primal inf 5.6311265e+09 (255555)
Clp0006I 471018  Obj 1.5837137e+10 Primal inf 1.8493024e+10 (260063)
Clp0006I 472018  Obj 1.58519e+10 Primal inf 3.2153575e+10 (288837)
Clp0006I 473018  Obj 1.5858269e+10 Primal inf 4.4659989e+10 (297403)
Clp0006I 474018  Obj 1.5863653e+10 Primal inf 4.9812645e+09 (215241)
Clp0006I 475018  Obj 1.5867006e+10 Primal inf 1.5456946e+10 (259651)
Clp0006I 476018  Obj 1.5873101e+10 Primal inf 3.248613e+10 (272373)
Clp0006I 477018  Obj 1.5878479e+10 Primal inf 1.4091597e+11 (263557)
Clp0006I 478018  Obj 1.5890258e+10 Primal inf 4.2036588e+10 (263698)
Clp0006I 479018  Obj 1.591595e+10 Primal inf 5.9970737e+11 (295350)
Clp0006I 480018  Obj 1.5925247e+10 Primal inf 3.947584e+10 (269348)
Clp0006I 481018  Obj 1.5930801e+10 Primal inf 2.1729429e+11 (353302)
Clp0006I 482018  Obj 1.5947809e+10 Primal inf 4.077385e+10 (305750)
Clp0006I 483018  Obj 1.5962976e+10 Primal inf 7.4263088e+09 (305386)
Clp0006I 484018  Obj 1.5980718e+10 Primal inf 6.0341829e+11 (327519)
Clp0006I 485018  Obj 1.5988241e+10 Primal inf 6.2169663e+11 (327825)
Clp0006I 486018  Obj 1.6013243e+10 Primal inf 7.1934111e+11 (327948)
Clp0006I 487018  Obj 1.602626e+10 Primal inf 7.497681e+09 (263278)
Clp0006I 488018  Obj 1.6033944e+10 Primal inf 5.7870343e+10 (286482)
Clp0006I 489018  Obj 1.6036203e+10 Primal inf 4.2569292e+09 (303831)
Clp0006I 490018  Obj 1.6042578e+10 Primal inf 2.1061302e+10 (307640)
Clp0006I 491018  Obj 1.6048831e+10 Primal inf 9.3649757e+11 (309600)
Clp0006I 492018  Obj 1.6054298e+10 Primal inf 2.9310212e+10 (306954)
Clp0006I 493018  Obj 1.605586e+10 Primal inf 5.8742322e+10 (340038)
Clp0006I 494018  Obj 1.6057544e+10 Primal inf 3.660132e+10 (291805)
Clp0006I 495018  Obj 1.6058253e+10 Primal inf 1.1742329e+10 (303950)
Clp0006I 496018  Obj 1.6058657e+10 Primal inf 1.0850982e+11 (314839)
Clp0006I 497018  Obj 1.6059521e+10 Primal inf 7.1603552e+09 (343959)
Clp0006I 498018  Obj 1.6060031e+10 Primal inf 1.1788092e+10 (303646)
Clp0006I 499018  Obj 1.6060773e+10 Primal inf 7.2257963e+09 (299104)
Clp0006I 500018  Obj 1.6061048e+10 Primal inf 1.6783782e+10 (332463)
Clp0006I 501018  Obj 1.6061693e+10 Primal inf 1.7563696e+10 (312842)
Clp0006I 502018  Obj 1.6062884e+10 Primal inf 1.0423665e+10 (241380)
Clp0006I 503018  Obj 1.6063682e+10 Primal inf 8.9061077e+10 (288339)
Clp0006I 504018  Obj 1.6067998e+10 Primal inf 7.4946676e+10 (317125)
Clp0006I 505018  Obj 1.6071122e+10 Primal inf 8.5901551e+10 (341666)
Clp0006I 506018  Obj 1.6090689e+10 Primal inf 4.3768351e+09 (245086)
Clp0006I 507018  Obj 1.6104768e+10 Primal inf 6.2887861e+11 (313328)
Clp0006I 508018  Obj 1.6109097e+10 Primal inf 2.2165299e+11 (311064)
Clp0006I 509018  Obj 1.611234e+10 Primal inf 2.1893997e+10 (319103)
Clp0006I 510018  Obj 1.611363e+10 Primal inf 2.4710064e+10 (323865)
Clp0006I 511018  Obj 1.6119391e+10 Primal inf 1.95148e+10 (296865)
Clp0006I 512018  Obj 1.6120511e+10 Primal inf 7.8975619e+10 (335383)
Clp0006I 513018  Obj 1.6122009e+10 Primal inf 3.5825351e+10 (309328)
Clp0006I 514018  Obj 1.6123302e+10 Primal inf 9.7417977e+09 (322491)
Clp0006I 515018  Obj 1.6128222e+10 Primal inf 3.331834e+11 (301075)
Clp0006I 516018  Obj 1.6134735e+10 Primal inf 3.6002557e+11 (341083)
Clp0006I 517018  Obj 1.6136335e+10 Primal inf 1.9169066e+11 (302778)
Clp0006I 518018  Obj 1.6147018e+10 Primal inf 5.7121965e+09 (297663)
Clp0006I 519018  Obj 1.6149237e+10 Primal inf 3.5022934e+10 (331228)
Clp0006I 520018  Obj 1.6162759e+10 Primal inf 5.8432842e+09 (289613)
Clp0006I 521018  Obj 1.6168924e+10 Primal inf 5.5627731e+10 (350024)
Clp0006I 522018  Obj 1.6170253e+10 Primal inf 2.0131687e+10 (345405)
Clp0006I 523018  Obj 1.617173e+10 Primal inf 3.5414894e+10 (299062)
Clp0006I 524018  Obj 1.6174054e+10 Primal inf 1.0683379e+10 (285576)
Clp0006I 525018  Obj 1.6175338e+10 Primal inf 1.5301025e+10 (307378)
Clp0006I 526018  Obj 1.6179824e+10 Primal inf 1.6030837e+10 (274344)
Clp0006I 527018  Obj 1.6185977e+10 Primal inf 2.9008078e+10 (348497)
Clp0006I 528018  Obj 1.6188138e+10 Primal inf 4.5758981e+10 (281198)
Clp0006I 529018  Obj 1.6193243e+10 Primal inf 1.8265773e+10 (325310)
Clp0006I 530018  Obj 1.6196704e+10 Primal inf 2.0491976e+10 (324911)
Clp0006I 531018  Obj 1.6206854e+10 Primal inf 8.1346556e+09 (309216)
Clp0006I 532018  Obj 1.6222654e+10 Primal inf 9.7068942e+10 (367161)
Clp0006I 533018  Obj 1.6229667e+10 Primal inf 2.6504333e+11 (394789)
Clp0006I 534018  Obj 1.6233531e+10 Primal inf 2.7949269e+11 (369595)
Clp0006I 535018  Obj 1.6245203e+10 Primal inf 9.1098141e+09 (327171)
Clp0006I 536018  Obj 1.6251828e+10 Primal inf 8.7883867e+10 (299319)
Clp0006I 537018  Obj 1.6255249e+10 Primal inf 1.2175518e+11 (315402)
Clp0006I 538018  Obj 1.6271508e+10 Primal inf 2.4324083e+11 (383080)
Clp0006I 539018  Obj 1.6282027e+10 Primal inf 2.4144342e+11 (393682)
Clp0006I 540018  Obj 1.6289251e+10 Primal inf 9.7779693e+10 (375056)
Clp0006I 541018  Obj 1.6296286e+10 Primal inf 1.9127065e+10 (306005)
Clp0006I 542018  Obj 1.6306238e+10 Primal inf 1.2302993e+11 (342894)
Clp0006I 543018  Obj 1.6321795e+10 Primal inf 1.065143e+10 (379285)
Clp0006I 544018  Obj 1.6331245e+10 Primal inf 2.4975737e+12 (348189)
Clp0006I 545018  Obj 1.6341299e+10 Primal inf 1.5651597e+12 (341206)
Clp0006I 546018  Obj 1.6364436e+10 Primal inf 1.4814461e+10 (406745)
Clp0006I 547018  Obj 1.6372986e+10 Primal inf 4.1357707e+10 (381517)
Clp0006I 548018  Obj 1.6377286e+10 Primal inf 2.065097e+09 (286863)
Clp0006I 549018  Obj 1.6380041e+10 Primal inf 3.7195607e+11 (348201)
Clp0006I 550018  Obj 1.6382088e+10 Primal inf 1.5361398e+10 (290677)
Clp0006I 551018  Obj 1.638818e+10 Primal inf 4.9055735e+10 (385573)
Clp0006I 552018  Obj 1.6390879e+10 Primal inf 1.875284e+10 (346699)
Clp0006I 553018  Obj 1.6393327e+10 Primal inf 2.124062e+10 (402104)
Clp0006I 554018  Obj 1.6396488e+10 Primal inf 4.6303288e+10 (390594)
Clp0006I 555018  Obj 1.6397868e+10 Primal inf 9.2382241e+10 (350219)
Clp0006I 556018  Obj 1.6402846e+10 Primal inf 7.3905341e+09 (324390)
Clp0006I 557018  Obj 1.6403219e+10 Primal inf 5.4869374e+09 (352948)
Clp0006I 558018  Obj 1.6405023e+10 Primal inf 3.583178e+10 (288066)
Clp0006I 559018  Obj 1.6409362e+10 Primal inf 3.6926436e+11 (359489)
Clp0006I 560018  Obj 1.6412277e+10 Primal inf 1.3786782e+12 (361185)
Clp0006I 561018  Obj 1.6413271e+10 Primal inf 2.5034024e+10 (358818)
Clp0006I 562018  Obj 1.641499e+10 Primal inf 2.0768175e+10 (374731)
Clp0006I 563018  Obj 1.6417083e+10 Primal inf 3.2080791e+10 (403243)
Clp0006I 564018  Obj 1.6421202e+10 Primal inf 5.3273359e+10 (362356)
Clp0006I 565018  Obj 1.6422177e+10 Primal inf 6.0981707e+10 (387075)
Clp0006I 566018  Obj 1.6425519e+10 Primal inf 1.1443059e+10 (339318)
Clp0006I 567018  Obj 1.6433648e+10 Primal inf 7.540477e+09 (270334)
Clp0006I 568018  Obj 1.6436144e+10 Primal inf 3.9069857e+09 (340540)
Clp0006I 569018  Obj 1.6438454e+10 Primal inf 1.6961289e+10 (341474)
Clp0006I 570018  Obj 1.6440521e+10 Primal inf 5.5309891e+10 (353834)
Clp0006I 571018  Obj 1.6442102e+10 Primal inf 5.2883418e+10 (331288)
Clp0006I 572018  Obj 1.644456e+10 Primal inf 1.5424172e+10 (382052)
Clp0006I 573018  Obj 1.6451111e+10 Primal inf 1.0551541e+10 (348979)
Clp0006I 574018  Obj 1.6457261e+10 Primal inf 2.5099441e+10 (320647)
Clp0006I 575018  Obj 1.6460898e+10 Primal inf 1.004965e+10 (356812)
Clp0006I 576018  Obj 1.6465381e+10 Primal inf 6.8645046e+10 (361289)
Clp0006I 577018  Obj 1.6483062e+10 Primal inf 2.7124348e+10 (374325)
Clp0006I 578018  Obj 1.649929e+10 Primal inf 2.7774114e+10 (330357)
Clp0006I 579018  Obj 1.651582e+10 Primal inf 3.9841296e+10 (359448)
Clp0006I 580018  Obj 1.6536375e+10 Primal inf 1.9380504e+10 (341793)
Clp0006I 581018  Obj 1.6554604e+10 Primal inf 4.0915567e+10 (342835)
Clp0006I 582018  Obj 1.6570533e+10 Primal inf 7.9221997e+09 (339274)
Clp0006I 583018  Obj 1.6591026e+10 Primal inf 8.651572e+09 (317511)
Clp0006I 584018  Obj 1.6597812e+10 Primal inf 1.6925199e+11 (350433)
Clp0006I 585018  Obj 1.660628e+10 Primal inf 2.7028978e+10 (355401)
Clp0006I 586018  Obj 1.6614805e+10 Primal inf 1.0656088e+11 (386353)
Clp0006I 587018  Obj 1.662513e+10 Primal inf 1.8577615e+10 (352005)
Clp0006I 588018  Obj 1.6638432e+10 Primal inf 1.2914025e+10 (286233)
Clp0006I 589018  Obj 1.664692e+10 Primal inf 4.5827698e+10 (350543)
Clp0006I 590018  Obj 1.6656421e+10 Primal inf 7.9136503e+09 (298529)
Clp0006I 591018  Obj 1.6666647e+10 Primal inf 1.0877163e+10 (368964)
Clp0006I 592018  Obj 1.6675922e+10 Primal inf 2.5356974e+10 (332799)
Clp0006I 593018  Obj 1.6681655e+10 Primal inf 8.3219322e+09 (330066)
Clp0006I 594018  Obj 1.6685974e+10 Primal inf 2.8922582e+09 (295226)
Clp0006I 595018  Obj 1.669452e+10 Primal inf 4.7979402e+10 (346400)
Clp0006I 596018  Obj 1.6704862e+10 Primal inf 2.6933839e+11 (406772)
Clp0006I 597018  Obj 1.6710843e+10 Primal inf 4.5426336e+09 (297230)
Clp0006I 598018  Obj 1.6719832e+10 Primal inf 8.2911895e+09 (306334)
Clp0006I 599018  Obj 1.6725948e+10 Primal inf 1.984617e+10 (346900)
Clp0006I 600018  Obj 1.6733536e+10 Primal inf 2.0292378e+10 (386153)
Clp0006I 601018  Obj 1.6740388e+10 Primal inf 6.2109572e+09 (342193)
Clp0006I 602018  Obj 1.6763268e+10 Primal inf 3.7661822e+09 (320792)
Clp0006I 603018  Obj 1.6792476e+10 Primal inf 4.3367743e+10 (365444)
Clp0006I 604018  Obj 1.6804036e+10 Primal inf 5.6886209e+10 (368969)
Clp0006I 605018  Obj 1.6813621e+10 Primal inf 3.3898732e+10 (349344)
Clp0006I 606018  Obj 1.6826e+10 Primal inf 1.9046505e+10 (342679)
Clp0006I 607018  Obj 1.6830409e+10 Primal inf 2.7003396e+10 (369024)
Clp0006I 608018  Obj 1.6842219e+10 Primal inf 1.4726175e+10 (330837)
Clp0006I 609018  Obj 1.6853068e+10 Primal inf 9.7347814e+10 (336373)
Clp0006I 610018  Obj 1.6860044e+10 Primal inf 3.1714216e+11 (372594)
Clp0006I 611018  Obj 1.6875119e+10 Primal inf 1.4842808e+11 (417441)
Clp0006I 612018  Obj 1.6885293e+10 Primal inf 3.9954651e+10 (345821)
Clp0006I 613018  Obj 1.6894179e+10 Primal inf 5.1272955e+10 (371759)
Clp0006I 614018  Obj 1.690745e+10 Primal inf 1.5987818e+11 (430753)
Clp0006I 615018  Obj 1.6916083e+10 Primal inf 2.4747118e+11 (393519)
Clp0006I 616018  Obj 1.6919146e+10 Primal inf 4.2399038e+10 (325367)
Clp0006I 617018  Obj 1.6927972e+10 Primal inf 1.0110968e+11 (430895)
Clp0006I 618018  Obj 1.6935788e+10 Primal inf 2.2070682e+11 (404070)
Clp0006I 619018  Obj 1.6941694e+10 Primal inf 7.1768785e+10 (395918)
Clp0006I 620018  Obj 1.6953063e+10 Primal inf 5.8433699e+09 (290690)
Clp0006I 621018  Obj 1.6970871e+10 Primal inf 1.1548827e+11 (432359)
Clp0006I 622018  Obj 1.698555e+10 Primal inf 6.4986738e+10 (375671)
Clp0006I 623018  Obj 1.6995215e+10 Primal inf 1.3172076e+11 (373623)
Clp0006I 624018  Obj 1.7009536e+10 Primal inf 5.2278551e+11 (403937)
Clp0006I 625018  Obj 1.7033331e+10 Primal inf 1.9818197e+12 (380467)
Clp0006I 626018  Obj 1.7055089e+10 Primal inf 6.7605237e+10 (387713)
Clp0006I 627018  Obj 1.7067861e+10 Primal inf 5.2757559e+10 (360506)
Clp0006I 628018  Obj 1.7085315e+10 Primal inf 2.8678914e+10 (378985)
Clp0006I 629018  Obj 1.7108728e+10 Primal inf 4.8240668e+10 (338849)
Clp0006I 630018  Obj 1.7122763e+10 Primal inf 4.2631432e+10 (336108)
Clp0006I 631018  Obj 1.7132411e+10 Primal inf 3.9659549e+10 (379370)
Clp0006I 632018  Obj 1.7141143e+10 Primal inf 1.1820236e+10 (369301)
Clp0006I 633018  Obj 1.7146194e+10 Primal inf 1.9470745e+10 (338319)
Clp0006I 634018  Obj 1.7154271e+10 Primal inf 6.5345213e+10 (385125)
Clp0006I 635018  Obj 1.716502e+10 Primal inf 2.2456196e+11 (377292)
Clp0006I 636018  Obj 1.7175382e+10 Primal inf 2.8350996e+12 (400843)
Clp0006I 637018  Obj 1.7187127e+10 Primal inf 4.8795574e+10 (399403)
Clp0006I 638018  Obj 1.7201547e+10 Primal inf 2.8270198e+11 (372871)
Clp0006I 638739  Obj 1.7214364e+10 Primal inf 7.7532137e+10 (371381)
Clp0006I 639739  Obj 1.7227193e+10 Primal inf 4.8625113e+10 (367606)
Clp0006I 640739  Obj 1.7239138e+10 Primal inf 9.0803619e+10 (372062)
Clp0006I 641739  Obj 1.724889e+10 Primal inf 8.3736516e+09 (347785)
Clp0006I 642739  Obj 1.7255161e+10 Primal inf 4.9648526e+09 (321107)
Clp0006I 643739  Obj 1.727019e+10 Primal inf 1.4342499e+11 (401203)
Clp0006I 644739  Obj 1.7282021e+10 Primal inf 5.2283302e+10 (381542)
Clp0006I 645739  Obj 1.7295192e+10 Primal inf 1.0194859e+10 (368868)
Clp0006I 646739  Obj 1.7311723e+10 Primal inf 7.55925e+11 (477825)
Clp0006I 647739  Obj 1.7319041e+10 Primal inf 1.6426554e+11 (444714)
Clp0006I 648739  Obj 1.7329169e+10 Primal inf 5.7535162e+10 (398889)
Clp0006I 649739  Obj 1.7336279e+10 Primal inf 1.7241707e+11 (379856)
Clp0006I 650739  Obj 1.735426e+10 Primal inf 2.622608e+10 (391744)
Clp0006I 651739  Obj 1.7364995e+10 Primal inf 7.1232851e+10 (364580)
Clp0006I 652739  Obj 1.7374945e+10 Primal inf 1.8686992e+10 (363497)
Clp0006I 653739  Obj 1.7384523e+10 Primal inf 6.475012e+09 (354957)
Clp0006I 654739  Obj 1.7397229e+10 Primal inf 2.8138866e+11 (432764)
Clp0006I 655739  Obj 1.7411956e+10 Primal inf 2.0347703e+10 (393445)
Clp0006I 656739  Obj 1.7422315e+10 Primal inf 4.056078e+10 (423655)
Clp0006I 657739  Obj 1.7431335e+10 Primal inf 2.2096658e+10 (431554)
Clp0006I 658739  Obj 1.7443051e+10 Primal inf 4.1241082e+10 (416616)
Clp0006I 659739  Obj 1.7461435e+10 Primal inf 2.0662135e+11 (396956)
Clp0006I 660739  Obj 1.7469624e+10 Primal inf 9.0344945e+10 (402988)
Clp0006I 661739  Obj 1.7474322e+10 Primal inf 1.4103389e+10 (345031)
Clp0006I 662739  Obj 1.748331e+10 Primal inf 6.4256333e+10 (402060)
Clp0006I 663739  Obj 1.7494034e+10 Primal inf 1.1518599e+10 (377286)
Clp0006I 664739  Obj 1.7503092e+10 Primal inf 6.6459942e+10 (399456)
Clp0006I 665739  Obj 1.7515337e+10 Primal inf 1.0992912e+11 (368685)
Clp0006I 666739  Obj 1.7526835e+10 Primal inf 1.0047368e+11 (419506)
Clp0006I 667739  Obj 1.7530191e+10 Primal inf 5.4157932e+10 (421170)
Clp0006I 668739  Obj 1.7546661e+10 Primal inf 3.6368278e+10 (394225)
Clp0006I 669739  Obj 1.7567944e+10 Primal inf 1.0786795e+11 (328194)
Clp0006I 670739  Obj 1.7581765e+10 Primal inf 1.473612e+11 (442619)
Clp0006I 671739  Obj 1.7594885e+10 Primal inf 2.6012935e+10 (390761)
Clp0006I 672739  Obj 1.7606855e+10 Primal inf 5.4951057e+10 (370315)
Clp0006I 673739  Obj 1.761897e+10 Primal inf 1.5079431e+10 (389873)
Clp0006I 674739  Obj 1.7633584e+10 Primal inf 2.7570533e+11 (397790)
Clp0006I 675739  Obj 1.7644681e+10 Primal inf 2.7665164e+10 (397286)
Clp0006I 676739  Obj 1.7650303e+10 Primal inf 1.4807216e+10 (373409)
Clp0006I 677739  Obj 1.7655849e+10 Primal inf 3.5695103e+10 (405004)
Clp0006I 678739  Obj 1.7657818e+10 Primal inf 4.1526983e+10 (422895)
Clp0006I 679739  Obj 1.7666102e+10 Primal inf 2.5683144e+11 (416591)
Clp0006I 680739  Obj 1.7677622e+10 Primal inf 1.2691845e+13 (343818)
Clp0006I 681739  Obj 1.7687713e+10 Primal inf 8.867142e+10 (429553)
Clp0006I 682739  Obj 1.7697177e+10 Primal inf 4.3433521e+11 (415917)
Clp0006I 683739  Obj 1.77069e+10 Primal inf 5.6700254e+10 (365627)
Clp0006I 684739  Obj 1.7714534e+10 Primal inf 8.527151e+10 (392801)
Clp0006I 685739  Obj 1.7725876e+10 Primal inf 1.6266787e+10 (419926)
Clp0006I 686739  Obj 1.7740163e+10 Primal inf 2.3955597e+10 (418633)
Clp0006I 687739  Obj 1.7746006e+10 Primal inf 6.8672117e+11 (397863)
Clp0006I 688739  Obj 1.7757365e+10 Primal inf 3.1756972e+10 (436320)
Clp0006I 689739  Obj 1.776806e+10 Primal inf 3.6220941e+10 (415361)
Clp0006I 690739  Obj 1.7782934e+10 Primal inf 1.1002197e+11 (417143)
Clp0006I 691739  Obj 1.7791604e+10 Primal inf 3.5182055e+11 (437012)
Clp0006I 692739  Obj 1.7802465e+10 Primal inf 6.8906154e+09 (394891)
Clp0006I 693739  Obj 1.7808532e+10 Primal inf 2.3761912e+10 (324688)
Clp0006I 694739  Obj 1.7819179e+10 Primal inf 1.9411833e+11 (395324)
Clp0006I 695739  Obj 1.7830655e+10 Primal inf 6.6067292e+10 (380581)
Clp0006I 696739  Obj 1.7846374e+10 Primal inf 3.6821327e+10 (372461)
Clp0006I 697739  Obj 1.7871457e+10 Primal inf 4.0433819e+10 (432915)
Clp0006I 698739  Obj 1.7885526e+10 Primal inf 1.127149e+11 (385112)
Clp0006I 699739  Obj 1.790612e+10 Primal inf 9.720373e+09 (345300)
Clp0006I 700739  Obj 1.7920848e+10 Primal inf 2.7350533e+10 (348018)
Clp0006I 701739  Obj 1.7940473e+10 Primal inf 8.8808771e+10 (395525)
Clp0006I 702739  Obj 1.796102e+10 Primal inf 2.0067635e+10 (342867)
Clp0006I 703739  Obj 1.7973784e+10 Primal inf 2.8598014e+10 (369263)
Clp0006I 704739  Obj 1.798673e+10 Primal inf 1.5276773e+10 (393458)
Clp0006I 705739  Obj 1.7999502e+10 Primal inf 2.1604944e+11 (414107)
Clp0006I 706739  Obj 1.8013401e+10 Primal inf 6.1423392e+11 (438523)
Clp0006I 707739  Obj 1.8138224e+10 Primal inf 4.8147607e+11 (433415)
Clp0006I 708316  Obj 1.8157075e+10 Primal inf 1.8319964e+11 (461564)
Clp0006I 709316  Obj 1.8169359e+10 Primal inf 3.6433027e+10 (334459)
Clp0006I 710316  Obj 1.8177408e+10 Primal inf 2.3323956e+10 (388569)
Clp0006I 711316  Obj 1.818759e+10 Primal inf 1.3328783e+11 (449288)
Clp0006I 712316  Obj 1.8202174e+10 Primal inf 2.5996546e+10 (381840)
Clp0006I 713316  Obj 1.821096e+10 Primal inf 8.5879359e+10 (411531)
Clp0006I 714316  Obj 1.8223061e+10 Primal inf 1.058707e+11 (404414)
Clp0006I 715316  Obj 1.8234695e+10 Primal inf 6.776693e+10 (388916)
Clp0006I 716316  Obj 1.8248965e+10 Primal inf 1.2171372e+11 (423002)
Clp0006I 717316  Obj 1.8257974e+10 Primal inf 4.150784e+10 (416979)
Clp0006I 718316  Obj 1.8267904e+10 Primal inf 4.5396527e+10 (358167)
Clp0006I 719316  Obj 1.8272164e+10 Primal inf 1.1479434e+10 (355083)
Clp0006I 720316  Obj 1.8284976e+10 Primal inf 2.739984e+12 (387277)
Clp0006I 721316  Obj 1.8307937e+10 Primal inf 2.3404285e+11 (382499)
Clp0006I 722316  Obj 1.8330336e+10 Primal inf 1.7427587e+10 (349913)
Clp0006I 723316  Obj 1.8340979e+10 Primal inf 1.8918302e+10 (372739)
Clp0006I 724316  Obj 1.8349262e+10 Primal inf 9.5583236e+10 (385090)
Clp0006I 725316  Obj 1.8358807e+10 Primal inf 3.6760561e+11 (413380)
Clp0006I 726316  Obj 1.8372831e+10 Primal inf 1.4142271e+11 (400283)
Clp0006I 727316  Obj 1.8389212e+10 Primal inf 4.633821e+11 (335661)
Clp0006I 728316  Obj 1.8410512e+10 Primal inf 8.3514883e+10 (353592)
Clp0006I 729316  Obj 1.8422355e+10 Primal inf 3.5401327e+11 (391887)
Clp0006I 730316  Obj 1.8434565e+10 Primal inf 5.3406924e+10 (344339)
Clp0006I 731316  Obj 1.8448149e+10 Primal inf 8.9161419e+10 (473617)
Clp0006I 732316  Obj 1.8457221e+10 Primal inf 1.4580605e+12 (397170)
Clp0006I 733316  Obj 1.8471994e+10 Primal inf 7.4261843e+11 (403262)
Clp0006I 734316  Obj 1.8490646e+10 Primal inf 5.6345559e+11 (385568)
Clp0006I 735316  Obj 1.8500485e+10 Primal inf 1.1447741e+12 (418379)
Clp0006I 736316  Obj 1.8513776e+10 Primal inf 8.7505866e+10 (407348)
Clp0006I 737316  Obj 1.8523519e+10 Primal inf 1.1486533e+11 (452729)
Clp0006I 738316  Obj 1.8534517e+10 Primal inf 1.1927973e+10 (359798)
Clp0006I 739316  Obj 1.8544385e+10 Primal inf 3.7863687e+10 (419829)
Clp0006I 740316  Obj 1.8560107e+10 Primal inf 5.0186981e+10 (362451)
Clp0006I 741316  Obj 1.8571251e+10 Primal inf 1.5565986e+12 (439782)
Clp0006I 742316  Obj 1.8585386e+10 Primal inf 1.9297496e+10 (364191)
Clp0006I 743316  Obj 1.8600632e+10 Primal inf 2.4888092e+11 (373373)
Clp0006I 744316  Obj 1.8611593e+10 Primal inf 1.9985006e+12 (375385)
Clp0006I 745316  Obj 1.8622295e+10 Primal inf 1.0129641e+11 (383608)
Clp0006I 746316  Obj 1.8637589e+10 Primal inf 9.4985409e+10 (426992)
Clp0006I 747316  Obj 1.8644865e+10 Primal inf 7.8461143e+10 (448994)
Clp0006I 748316  Obj 1.8654385e+10 Primal inf 1.0877505e+11 (432098)
Clp0006I 749316  Obj 1.8662863e+10 Primal inf 9.562827e+11 (377505)
Clp0006I 750316  Obj 1.8673075e+10 Primal inf 3.2220718e+11 (435928)
Clp0006I 751316  Obj 1.868065e+10 Primal inf 8.2394359e+11 (451165)
Clp0006I 752316  Obj 1.8689052e+10 Primal inf 7.885928e+10 (432238)
Clp0006I 753316  Obj 1.8700011e+10 Primal inf 6.3924301e+10 (435295)
Clp0006I 754316  Obj 1.8714508e+10 Primal inf 1.2400176e+10 (365117)
Clp0006I 755316  Obj 1.8722635e+10 Primal inf 3.0794573e+09 (327552)
Clp0006I 756316  Obj 1.8731899e+10 Primal inf 1.6391441e+11 (322463)
Clp0006I 757316  Obj 1.8744003e+10 Primal inf 2.8385691e+10 (354396)
Clp0006I 758316  Obj 1.8754845e+10 Primal inf 7.6084384e+10 (378880)
Clp0006I 759316  Obj 1.8762592e+10 Primal inf 1.9002325e+10 (410498)
Clp0006I 760316  Obj 1.8771936e+10 Primal inf 2.0539591e+10 (409556)
Clp0006I 761316  Obj 1.8779896e+10 Primal inf 8.7972547e+10 (384633)
Clp0006I 762316  Obj 1.8792213e+10 Primal inf 2.7300524e+11 (412881)
Clp0006I 763316  Obj 1.8806955e+10 Primal inf 8.6678294e+10 (403314)
Clp0006I 764316  Obj 1.8819169e+10 Primal inf 2.6962041e+11 (381985)
Clp0006I 765316  Obj 1.8832986e+10 Primal inf 1.1055608e+10 (304365)
Clp0006I 766316  Obj 1.8837678e+10 Primal inf 1.0907729e+10 (292026)
Clp0006I 767316  Obj 1.8843136e+10 Primal inf 3.3468845e+11 (398374)
Clp0006I 768316  Obj 1.885808e+10 Primal inf 1.5661813e+11 (447024)
Clp0006I 769316  Obj 1.8858699e+10 Primal inf 2.9540475e+10 (316120)
Clp0006I 770316  Obj 1.8865953e+10 Primal inf 3.5602227e+11 (418191)
Clp0006I 771316  Obj 1.8875824e+10 Primal inf 2.2582079e+11 (405441)
Clp0006I 772316  Obj 1.8886901e+10 Primal inf 6.3817673e+10 (430104)
Clp0006I 773316  Obj 1.88972e+10 Primal inf 2.5571621e+11 (437979)
Clp0006I 774316  Obj 1.8908226e+10 Primal inf 2.7742262e+10 (414107)
Clp0006I 775316  Obj 1.8916866e+10 Primal inf 4.1298484e+10 (341992)
Clp0006I 776316  Obj 1.8928624e+10 Primal inf 1.5290177e+11 (406986)
Clp0006I 777013  Obj 1.8938847e+10 Primal inf 2.0364208e+11 (400662)
Clp0006I 777766  Obj 1.8950074e+10 Primal inf 9.9038879e+11 (388969)
Clp0006I 778766  Obj 1.8964149e+10 Primal inf 5.9999381e+11 (332873)
Clp0006I 779766  Obj 1.8965357e+10 Primal inf 8.5628604e+09 (282667)
Clp0006I 780766  Obj 1.8965915e+10 Primal inf 1.0064152e+11 (382116)
Clp0006I 781766  Obj 1.8969875e+10 Primal inf 2.5540893e+10 (445701)
Clp0006I 782766  Obj 1.8978355e+10 Primal inf 5.054077e+10 (343558)
Clp0006I 783766  Obj 1.8985786e+10 Primal inf 1.7042274e+10 (321739)
Clp0006I 784766  Obj 1.8990783e+10 Primal inf 2.0345334e+10 (365516)
Clp0006I 785766  Obj 1.899709e+10 Primal inf 2.583741e+11 (287400)
Clp0006I 786766  Obj 1.900795e+10 Primal inf 1.0093813e+11 (391811)
Clp0006I 787766  Obj 1.9025062e+10 Primal inf 7.1514938e+11 (319653)
Clp0006I 788766  Obj 1.9054626e+10 Primal inf 1.3744139e+11 (349078)
Clp0006I 789766  Obj 1.9072394e+10 Primal inf 1.7245306e+11 (323964)
Clp0006I 790766  Obj 1.9085806e+10 Primal inf 2.3346306e+11 (406372)
Clp0006I 791766  Obj 1.9093177e+10 Primal inf 3.8674653e+10 (367585)
Clp0006I 792766  Obj 1.9104805e+10 Primal inf 9.1096394e+10 (347457)
Clp0006I 793766  Obj 1.9111111e+10 Primal inf 8.8508807e+09 (378651)
Clp0006I 794766  Obj 1.9121013e+10 Primal inf 2.3972997e+11 (425690)
Clp0006I 795766  Obj 1.9142971e+10 Primal inf 1.0237898e+11 (378045)
Clp0006I 796766  Obj 1.9155114e+10 Primal inf 1.8817552e+11 (446412)
Clp0006I 797766  Obj 1.91583e+10 Primal inf 1.1374017e+10 (354117)
Clp0006I 798766  Obj 1.9160433e+10 Primal inf 4.4362006e+10 (420592)
Clp0006I 799766  Obj 1.9163049e+10 Primal inf 1.2262944e+11 (355045)
Clp0006I 800766  Obj 1.9168563e+10 Primal inf 9.6027197e+10 (419397)
Clp0006I 801766  Obj 1.9172117e+10 Primal inf 4.7868093e+10 (305505)
Clp0006I 802766  Obj 1.9178997e+10 Primal inf 7.733292e+10 (395084)
Clp0006I 803766  Obj 1.9179667e+10 Primal inf 9.6562703e+11 (370868)
Clp0006I 804766  Obj 1.9188077e+10 Primal inf 1.0794344e+11 (378355)
Clp0006I 805766  Obj 1.9200768e+10 Primal inf 9.7825702e+10 (348301)
Clp0006I 806766  Obj 1.9209095e+10 Primal inf 4.479384e+11 (402020)
Clp0006I 807766  Obj 1.9220617e+10 Primal inf 1.2669961e+11 (404542)
Clp0006I 808766  Obj 1.9225672e+10 Primal inf 8.3458613e+10 (411475)
Clp0006I 809766  Obj 1.9235535e+10 Primal inf 8.7483638e+09 (340802)
Clp0006I 810766  Obj 1.9245229e+10 Primal inf 2.7178814e+11 (389471)
Clp0006I 811766  Obj 1.9253816e+10 Primal inf 1.091716e+11 (401856)
Clp0006I 812766  Obj 1.9261139e+10 Primal inf 1.6016874e+11 (413967)
Clp0006I 813766  Obj 1.9267499e+10 Primal inf 2.5144375e+12 (398047)
Clp0006I 814766  Obj 1.928484e+10 Primal inf 1.0947122e+11 (380544)
Clp0006I 815766  Obj 1.9299929e+10 Primal inf 7.2153042e+11 (397502)
Clp0006I 816766  Obj 1.9309449e+10 Primal inf 3.4435788e+10 (404069)
Clp0006I 817766  Obj 1.9322598e+10 Primal inf 5.9541026e+11 (354869)
Clp0006I 818766  Obj 1.9336837e+10 Primal inf 1.0447045e+11 (359501)
Clp0006I 819766  Obj 1.9349979e+10 Primal inf 2.0277494e+10 (310399)
Clp0006I 820766  Obj 1.9355507e+10 Primal inf 2.7965511e+10 (359529)
Clp0006I 821766  Obj 1.9363572e+10 Primal inf 5.3681956e+10 (378725)
Clp0006I 822766  Obj 1.9369011e+10 Primal inf 2.5951191e+11 (401801)
Clp0006I 823766  Obj 1.9383722e+10 Primal inf 6.9027643e+10 (451564)
Clp0006I 824766  Obj 1.9394732e+10 Primal inf 2.4407042e+10 (335630)
Clp0006I 825766  Obj 1.9406498e+10 Primal inf 3.2940345e+10 (374533)
Clp0006I 826766  Obj 1.9420593e+10 Primal inf 6.7854384e+11 (408956)
Clp0006I 827766  Obj 1.9512561e+10 Primal inf 1.8610101e+11 (341770)
Clp0006I 828766  Obj 1.9563937e+10 Primal inf 6.5016982e+10 (388626)
Clp0006I 829766  Obj 1.9568446e+10 Primal inf 6.7552577e+10 (323324)
Clp0006I 830766  Obj 1.9576488e+10 Primal inf 1.0958919e+11 (363035)
Clp0006I 831766  Obj 1.9581792e+10 Primal inf 2.1434903e+10 (265840)
Clp0006I 832766  Obj 1.95996e+10 Primal inf 2.7460034e+10 (355231)
Clp0006I 833766  Obj 1.9610862e+10 Primal inf 1.3121206e+10 (256111)
Clp0006I 834766  Obj 1.9622887e+10 Primal inf 4.6311616e+11 (366338)
Clp0006I 835766  Obj 1.9637085e+10 Primal inf 1.4313499e+11 (413751)
Clp0006I 836766  Obj 1.9647194e+10 Primal inf 4.6494055e+10 (391906)
Clp0006I 837766  Obj 1.9652239e+10 Primal inf 4.6361917e+10 (351502)
Clp0006I 838766  Obj 1.9663055e+10 Primal inf 1.1745737e+10 (377379)
Clp0006I 839766  Obj 1.9696894e+10 Primal inf 1.0768528e+10 (382316)
Clp0006I 840766  Obj 1.9705941e+10 Primal inf 1.9438203e+10 (419531)
Clp0006I 841766  Obj 1.9722556e+10 Primal inf 4.2730709e+11 (396479)
Clp0006I 842766  Obj 1.9729827e+10 Primal inf 1.6551484e+11 (375461)
Clp0006I 843766  Obj 1.9746984e+10 Primal inf 1.5847355e+11 (422565)
Clp0006I 844766  Obj 1.9757027e+10 Primal inf 1.0127899e+11 (421846)
Clp0006I 845596  Obj 1.9765978e+10 Primal inf 3.4069192e+12 (431124)
Clp0006I 846596  Obj 1.9778556e+10 Primal inf 1.3257467e+11 (427712)
Clp0006I 847596  Obj 1.9791761e+10 Primal inf 1.8016185e+10 (392241)
Clp0006I 848371  Obj 1.9804105e+10 Primal inf 5.7651924e+11 (410079)
Clp0006I 849371  Obj 1.9814863e+10 Primal inf 8.044545e+11 (413382)
Clp0006I 850371  Obj 1.9830376e+10 Primal inf 8.2838427e+11 (419521)
Clp0006I 851371  Obj 1.9836231e+10 Primal inf 8.0684486e+09 (316555)
Clp0006I 852371  Obj 1.9840808e+10 Primal inf 5.5247048e+10 (383173)
Clp0006I 853191  Obj 1.9847079e+10 Primal inf 3.2882406e+12 (339834)
Clp0006I 854191  Obj 1.9855032e+10 Primal inf 3.6333568e+10 (423228)
Clp0006I 855191  Obj 1.9861287e+10 Primal inf 2.2757277e+11 (390711)
Clp0006I 856191  Obj 1.9873773e+10 Primal inf 5.2796774e+10 (361135)
Clp0006I 857191  Obj 1.9881034e+10 Primal inf 6.4747461e+09 (310753)
Clp0006I 858191  Obj 1.9888176e+10 Primal inf 7.2671195e+11 (367108)
Clp0006I 859191  Obj 1.9897217e+10 Primal inf 1.0436828e+11 (345821)
Clp0006I 860191  Obj 1.9907887e+10 Primal inf 5.0208959e+10 (351554)
Clp0006I 861191  Obj 1.9916285e+10 Primal inf 3.8136011e+10 (398048)
Clp0006I 862191  Obj 1.9923373e+10 Primal inf 3.7957441e+10 (362585)
Clp0006I 863191  Obj 1.9929269e+10 Primal inf 2.2864553e+10 (416150)
Clp0006I 864191  Obj 1.9937886e+10 Primal inf 9.9822578e+10 (392385)
Clp0006I 865185  Obj 1.9958261e+10 Primal inf 8.504118e+11 (380947)
Clp0006I 866185  Obj 1.9973905e+10 Primal inf 4.5616446e+10 (334382)
Clp0006I 867185  Obj 1.9985055e+10 Primal inf 8.2313146e+10 (328718)
Clp0006I 868185  Obj 1.9997002e+10 Primal inf 1.6007023e+10 (376434)
Clp0006I 869185  Obj 2.0005089e+10 Primal inf 7.3485453e+10 (348666)
Clp0006I 870185  Obj 2.0011742e+10 Primal inf 1.1321316e+11 (389582)
Clp0006I 871185  Obj 2.0028041e+10 Primal inf 1.1473245e+10 (397486)
Clp0006I 872185  Obj 2.0036928e+10 Primal inf 8.9719581e+09 (319709)
Clp0006I 873185  Obj 2.004402e+10 Primal inf 2.3621223e+10 (352236)
Clp0006I 874185  Obj 2.005278e+10 Primal inf 1.8837633e+11 (345947)
Clp0006I 875072  Obj 2.0058674e+10 Primal inf 2.0857885e+11 (366613)
Clp0006I 876072  Obj 2.0073581e+10 Primal inf 7.4419376e+10 (348745)
Clp0006I 877072  Obj 2.0087297e+10 Primal inf 4.9148241e+10 (408526)
Clp0006I 878072  Obj 2.0094918e+10 Primal inf 7.7798795e+10 (393091)
Clp0006I 879072  Obj 2.0103626e+10 Primal inf 1.7435496e+10 (339313)
Clp0006I 880072  Obj 2.0109321e+10 Primal inf 6.9170551e+10 (369122)
Clp0006I 881072  Obj 2.0114177e+10 Primal inf 5.6637458e+10 (426052)
Clp0006I 882072  Obj 2.0121392e+10 Primal inf 1.3770718e+11 (378549)
Clp0006I 883072  Obj 2.0129483e+10 Primal inf 1.8101048e+11 (438777)
Clp0006I 884072  Obj 2.0138631e+10 Primal inf 4.5295332e+10 (420253)
Clp0006I 885072  Obj 2.0152493e+10 Primal inf 3.8016981e+10 (384282)
Clp0006I 886050  Obj 2.016202e+10 Primal inf 1.4672027e+12 (337797)
Clp0006I 887050  Obj 2.0176844e+10 Primal inf 6.9239659e+10 (389130)
Clp0006I 887993  Obj 2.0186383e+10 Primal inf 1.320594e+11 (418381)
Clp0006I 888993  Obj 2.0196374e+10 Primal inf 1.0222286e+11 (365044)
Clp0006I 889993  Obj 2.020669e+10 Primal inf 1.2628861e+11 (413504)
Clp0006I 890993  Obj 2.022308e+10 Primal inf 3.2910961e+11 (431520)
Clp0006I 891993  Obj 2.0233492e+10 Primal inf 2.5946522e+10 (395177)
Clp0006I 892993  Obj 2.0240839e+10 Primal inf 3.1387445e+11 (433275)
Clp0006I 893993  Obj 2.0249852e+10 Primal inf 6.3165576e+10 (419016)
Clp0006I 894993  Obj 2.025581e+10 Primal inf 2.5964023e+11 (352469)
Clp0006I 895993  Obj 2.026714e+10 Primal inf 1.6525081e+11 (374216)
Clp0006I 896993  Obj 2.0276171e+10 Primal inf 5.2345266e+10 (435953)
Clp0006I 897993  Obj 2.0284218e+10 Primal inf 8.4386877e+10 (350931)
Clp0006I 898993  Obj 2.029132e+10 Primal inf 1.584272e+11 (328138)
Clp0006I 899993  Obj 2.0297297e+10 Primal inf 1.2013618e+11 (364402)
Clp0006I 900993  Obj 2.0307885e+10 Primal inf 1.4890352e+10 (327569)
Clp0006I 901993  Obj 2.0313359e+10 Primal inf 1.5857438e+10 (302625)
Clp0006I 902993  Obj 2.0322095e+10 Primal inf 6.5499698e+10 (439512)
Clp0006I 903993  Obj 2.033037e+10 Primal inf 9.7368937e+10 (422360)
Clp0006I 904993  Obj 2.0336521e+10 Primal inf 1.2847574e+11 (424007)
Clp0006I 905993  Obj 2.0347644e+10 Primal inf 2.294859e+11 (413631)
Clp0006I 906993  Obj 2.03555e+10 Primal inf 9.4850416e+10 (434228)
Clp0006I 907993  Obj 2.0365379e+10 Primal inf 4.2303606e+10 (362375)
Clp0006I 908993  Obj 2.0373088e+10 Primal inf 6.713235e+09 (346583)
Clp0006I 909993  Obj 2.0378623e+10 Primal inf 6.5588739e+09 (344919)
Clp0006I 910993  Obj 2.0387467e+10 Primal inf 2.0774748e+12 (365609)
Clp0006I 911993  Obj 2.0401483e+10 Primal inf 1.8809018e+11 (379671)
Clp0006I 912993  Obj 2.0411126e+10 Primal inf 1.9163272e+10 (368257)
Clp0006I 913993  Obj 2.0422986e+10 Primal inf 1.5409128e+10 (355365)
Clp0006I 914787  Obj 2.043074e+10 Primal inf 7.254942e+10 (365612)
Clp0006I 915787  Obj 2.0436599e+10 Primal inf 6.011898e+10 (460523)
Clp0006I 916787  Obj 2.0443234e+10 Primal inf 7.1705965e+10 (438916)
Clp0006I 917787  Obj 2.0451571e+10 Primal inf 6.6061193e+10 (369820)
Clp0006I 918787  Obj 2.0459385e+10 Primal inf 6.0883793e+10 (298152)
Clp0006I 919751  Obj 2.047321e+10 Primal inf 1.2450704e+11 (476781)
Clp0006I 920421  Obj 2.0480745e+10 Primal inf 4.5335594e+10 (383017)
Clp0006I 921421  Obj 2.0487388e+10 Primal inf 6.6992933e+10 (380571)
Clp0006I 922421  Obj 2.0494697e+10 Primal inf 4.0259701e+10 (410941)
Clp0006I 923421  Obj 2.0502232e+10 Primal inf 1.9542051e+10 (351867)
Clp0006I 924421  Obj 2.0510653e+10 Primal inf 2.903376e+11 (485715)
Clp0006I 925421  Obj 2.0518728e+10 Primal inf 2.2493655e+10 (375087)
Clp0006I 926421  Obj 2.0540096e+10 Primal inf 8.8652036e+09 (332369)
Clp0006I 927421  Obj 2.0551115e+10 Primal inf 1.2278073e+11 (429502)
Clp0006I 928421  Obj 2.0564486e+10 Primal inf 1.1897108e+11 (371719)
Clp0006I 929421  Obj 2.0568508e+10 Primal inf 1.1737116e+10 (300332)
Clp0006I 930421  Obj 2.0575045e+10 Primal inf 1.666403e+11 (351689)
Clp0006I 931241  Obj 2.058595e+10 Primal inf 6.5491848e+09 (404955)
Clp0006I 932241  Obj 2.0591443e+10 Primal inf 3.1347524e+10 (364854)
Clp0006I 933241  Obj 2.0603441e+10 Primal inf 1.6610592e+11 (383114)
Clp0006I 934241  Obj 2.0616333e+10 Primal inf 9.5686138e+09 (384086)
Clp0006I 935241  Obj 2.06256e+10 Primal inf 4.0387287e+10 (436627)
Clp0006I 936241  Obj 2.0637406e+10 Primal inf 2.8121941e+11 (417616)
Clp0006I 937241  Obj 2.064438e+10 Primal inf 8.2472336e+10 (412517)
Clp0006I 938241  Obj 2.0653642e+10 Primal inf 8.2665432e+09 (323099)
Clp0006I 939241  Obj 2.0662505e+10 Primal inf 9.4190861e+11 (398601)
Clp0006I 940241  Obj 2.0674058e+10 Primal inf 5.9352101e+10 (413398)
Clp0006I 941241  Obj 2.0683078e+10 Primal inf 2.6839615e+10 (346463)
Clp0006I 942241  Obj 2.0689836e+10 Primal inf 4.0817416e+10 (325501)
Clp0006I 943241  Obj 2.0698412e+10 Primal inf 2.2832526e+10 (321418)
Clp0006I 944241  Obj 2.0707038e+10 Primal inf 4.153258e+10 (453841)
Clp0006I 945241  Obj 2.0714767e+10 Primal inf 7.3366433e+10 (409133)
Clp0006I 946241  Obj 2.0720846e+10 Primal inf 2.2557141e+10 (375704)
Clp0006I 947241  Obj 2.0724833e+10 Primal inf 7.398054e+10 (453980)
Clp0006I 948241  Obj 2.0729241e+10 Primal inf 5.6770432e+10 (314084)
Clp0006I 949241  Obj 2.0733565e+10 Primal inf 1.7369538e+11 (412320)
Clp0006I 950241  Obj 2.0739558e+10 Primal inf 4.9824113e+10 (341085)
Clp0006I 951241  Obj 2.0743541e+10 Primal inf 3.0357104e+10 (400245)
Clp0006I 952241  Obj 2.0748764e+10 Primal inf 1.0286317e+10 (357464)
Clp0006I 953241  Obj 2.0754731e+10 Primal inf 1.1231056e+11 (389712)
Clp0006I 954241  Obj 2.0759688e+10 Primal inf 1.7370682e+10 (357378)
Clp0006I 955241  Obj 2.0767659e+10 Primal inf 1.7057986e+10 (398288)
Clp0006I 956241  Obj 2.0787571e+10 Primal inf 3.5753469e+10 (383802)
Clp0006I 957241  Obj 2.0793733e+10 Primal inf 1.354426e+10 (373580)
Clp0006I 958241  Obj 2.080445e+10 Primal inf 1.1306005e+10 (429684)
Clp0006I 959241  Obj 2.0811527e+10 Primal inf 9.4628224e+09 (386109)
Clp0006I 960241  Obj 2.0820478e+10 Primal inf 2.4923589e+10 (438507)
Clp0006I 961241  Obj 2.082454e+10 Primal inf 1.8658155e+10 (358286)
Clp0006I 962241  Obj 2.0829136e+10 Primal inf 2.4133915e+10 (361112)
Clp0006I 963241  Obj 2.0833155e+10 Primal inf 2.0394853e+10 (317737)
Clp0006I 964241  Obj 2.0838679e+10 Primal inf 3.9304923e+10 (421251)
Clp0006I 965241  Obj 2.0842691e+10 Primal inf 7.2052568e+10 (436730)
Clp0006I 966241  Obj 2.0848385e+10 Primal inf 2.0943367e+11 (399570)
Clp0006I 967241  Obj 2.0853532e+10 Primal inf 1.1315731e+09 (294918)
Clp0006I 968241  Obj 2.0856972e+10 Primal inf 1.294597e+10 (341970)
Clp0006I 969241  Obj 2.0864582e+10 Primal inf 2.9711768e+10 (348065)
Clp0006I 970241  Obj 2.0872896e+10 Primal inf 1.6685016e+10 (395797)
Clp0006I 971241  Obj 2.0880016e+10 Primal inf 1.6623209e+10 (352998)
Clp0006I 972241  Obj 2.0887919e+10 Primal inf 6.1317175e+10 (408019)
Clp0006I 973241  Obj 2.0894023e+10 Primal inf 1.5203135e+12 (419705)
Clp0006I 974241  Obj 2.0898189e+10 Primal inf 1.4788152e+10 (474942)
Clp0006I 975241  Obj 2.0902139e+10 Primal inf 8.4173227e+09 (309792)
Clp0006I 976241  Obj 2.090735e+10 Primal inf 3.7256542e+10 (473051)
Clp0006I 977241  Obj 2.0911759e+10 Primal inf 1.8365475e+10 (412967)
Clp0006I 978241  Obj 2.0916384e+10 Primal inf 2.1115109e+10 (431857)
Clp0006I 979241  Obj 2.092095e+10 Primal inf 3.5911685e+10 (419986)
Clp0006I 980030  Obj 2.09302e+10 Primal inf 6.5409391e+11 (425753)
Clp0006I 981030  Obj 2.0948754e+10 Primal inf 6.703518e+10 (394319)
Clp0006I 982030  Obj 2.096897e+10 Primal inf 4.6541523e+11 (466697)
Clp0006I 983030  Obj 2.0984506e+10 Primal inf 1.8099505e+10 (347843)
Clp0006I 984030  Obj 2.0990867e+10 Primal inf 2.1245063e+10 (431582)
Clp0006I 985030  Obj 2.0995637e+10 Primal inf 5.0619258e+10 (379167)
Clp0006I 986030  Obj 2.1000525e+10 Primal inf 6.9843459e+09 (389266)
Clp0006I 987030  Obj 2.1005472e+10 Primal inf 3.3823804e+10 (486740)
Clp0006I 988030  Obj 2.1012491e+10 Primal inf 2.6070315e+10 (384256)
Clp0006I 989030  Obj 2.106335e+10 Primal inf 1.2554091e+11 (492286)
Clp0006I 990030  Obj 2.1071765e+10 Primal inf 1.9948706e+11 (327663)
Clp0006I 991030  Obj 2.1077245e+10 Primal inf 1.5490727e+10 (420706)
Clp0006I 992030  Obj 2.1082401e+10 Primal inf 4.9615193e+10 (472642)
Clp0006I 993030  Obj 2.1089068e+10 Primal inf 1.6778947e+10 (461933)
Clp0006I 994030  Obj 2.1097864e+10 Primal inf 2.1187481e+10 (428073)
Clp0006I 994921  Obj 2.1107898e+10 Primal inf 7.7725367e+09 (317560)
Clp0006I 995921  Obj 2.1113933e+10 Primal inf 3.0615558e+10 (395396)
Clp0006I 996838  Obj 2.1123986e+10 Primal inf 8.8804683e+10 (489904)
Clp0006I 997747  Obj 2.1137816e+10 Primal inf 1.5846336e+12 (522614)
Clp0006I 998747  Obj 2.1144195e+10 Primal inf 5.0641208e+10 (456243)
Clp0006I 999747  Obj 2.1151708e+10 Primal inf 2.4385016e+10 (380097)
Clp0006I 1000747  Obj 2.1165341e+10 Primal inf 2.4487843e+10 (396659)
Clp0006I 1001747  Obj 2.1184971e+10 Primal inf 8.0342088e+09 (324079)
Clp0006I 1002747  Obj 2.1203942e+10 Primal inf 4.2011645e+10 (384000)
Clp0006I 1003747  Obj 2.1219797e+10 Primal inf 1.5847246e+11 (437460)
Clp0006I 1004747  Obj 2.1228037e+10 Primal inf 1.4192336e+11 (505603)
Clp0006I 1005747  Obj 2.1242187e+10 Primal inf 3.7486729e+09 (366200)
Clp0006I 1006747  Obj 2.1247871e+10 Primal inf 1.6940392e+11 (453336)
Clp0006I 1007746  Obj 2.1254168e+10 Primal inf 4.4226697e+11 (374148)
Clp0006I 1008746  Obj 2.1261308e+10 Primal inf 3.0545393e+11 (381009)
Clp0006I 1009314  Obj 2.1265146e+10 Primal inf 1.1083249e+11 (444866)
Clp0006I 1010314  Obj 2.12713e+10 Primal inf 3.1365669e+10 (383574)
Clp0006I 1011314  Obj 2.1274001e+10 Primal inf 3.4882258e+10 (406632)
Clp0006I 1012314  Obj 2.1278211e+10 Primal inf 3.3577624e+10 (431717)
Clp0006I 1013314  Obj 2.1283115e+10 Primal inf 7.3943562e+09 (395269)
Clp0006I 1014314  Obj 2.1288007e+10 Primal inf 1.0081106e+10 (487225)
Clp0006I 1015314  Obj 2.1293178e+10 Primal inf 2.0588821e+10 (551215)
Clp0006I 1016314  Obj 2.1297653e+10 Primal inf 4.2255728e+10 (374521)
Clp0006I 1017314  Obj 2.1303342e+10 Primal inf 3.1089537e+09 (288022)
Clp0006I 1018314  Obj 2.1307219e+10 Primal inf 1.6201295e+11 (502669)
Clp0006I 1019314  Obj 2.131591e+10 Primal inf 2.9889225e+09 (209794)
Clp0006I 1020314  Obj 2.1327284e+10 Primal inf 2.487996e+09 (384042)
Clp0006I 1021314  Obj 2.1340215e+10 Primal inf 3.21011e+09 (362942)
Clp0006I 1022314  Obj 2.1342908e+10 Primal inf 8.3227765e+11 (471188)
Clp0006I 1023118  Obj 2.1346697e+10 Primal inf 1.8768617e+10 (362480)
Clp0006I 1024118  Obj 2.1348734e+10 Primal inf 4.258365e+11 (476381)
Clp0006I 1025118  Obj 2.1351541e+10 Primal inf 4.4514321e+10 (362720)
Clp0006I 1026118  Obj 2.1354533e+10 Primal inf 5.9098809e+10 (388311)
Clp0006I 1026927  Obj 2.1358361e+10 Primal inf 7.1276766e+12 (543846)
Clp0006I 1027715  Obj 2.1362269e+10 Primal inf 2.3367034e+10 (329512)
Clp0006I 1028715  Obj 2.1367399e+10 Primal inf 9.9795556e+09 (356062)
Clp0006I 1029715  Obj 2.1373699e+10 Primal inf 3.5488877e+10 (449645)
Clp0006I 1030715  Obj 2.1376625e+10 Primal inf 1.9420893e+10 (379698)
Clp0006I 1031715  Obj 2.1382213e+10 Primal inf 1.5468617e+11 (496972)
Clp0006I 1032715  Obj 2.1385787e+10 Primal inf 3.3529698e+10 (490150)
Clp0006I 1033715  Obj 2.1389758e+10 Primal inf 1.3586394e+10 (460750)
Clp0006I 1034715  Obj 2.1393233e+10 Primal inf 3.5038572e+09 (439547)
Clp0006I 1035715  Obj 2.1397666e+10 Primal inf 4.9803901e+10 (443538)
Clp0006I 1036715  Obj 2.1400648e+10 Primal inf 3.4615676e+10 (398573)
Clp0006I 1037715  Obj 2.1405406e+10 Primal inf 5.3561154e+10 (388844)
Clp0006I 1038715  Obj 2.140894e+10 Primal inf 1.8365375e+10 (355686)
Clp0006I 1039715  Obj 2.1413669e+10 Primal inf 1.8044204e+10 (316806)
Clp0006I 1040715  Obj 2.1416555e+10 Primal inf 8.0097227e+09 (364960)
Clp0006I 1041715  Obj 2.1420121e+10 Primal inf 1.1063966e+10 (331107)
Clp0006I 1042715  Obj 2.1425773e+10 Primal inf 5.6327392e+09 (372993)
Clp0006I 1043715  Obj 2.1429863e+10 Primal inf 8.304093e+09 (373909)
Clp0006I 1044451  Obj 2.1432531e+10 Primal inf 3.0343422e+12 (418528)
Clp0006I 1045378  Obj 2.1436396e+10 Primal inf 8.8005318e+10 (430769)
Clp0006I 1046378  Obj 2.1439954e+10 Primal inf 1.828975e+11 (436926)
Clp0006I 1047378  Obj 2.1444086e+10 Primal inf 1.5578677e+11 (316018)
Clp0006I 1048378  Obj 2.14478e+10 Primal inf 2.0905469e+10 (248052)
Clp0006I 1049378  Obj 2.1450965e+10 Primal inf 2.3620827e+10 (331925)
Clp0006I 1050378  Obj 2.1454391e+10 Primal inf 1.543621e+11 (451939)
Clp0006I 1051306  Obj 2.145764e+10 Primal inf 5.7207475e+11 (472047)
Clp0006I 1052306  Obj 2.1462932e+10 Primal inf 2.631693e+11 (391021)
Clp0006I 1053306  Obj 2.1466085e+10 Primal inf 3.9029624e+10 (417628)
Clp0006I 1054306  Obj 2.1470252e+10 Primal inf 2.665238e+12 (507919)
Clp0006I 1055306  Obj 2.14954e+10 Primal inf 2.5160839e+12 (413365)
Clp0006I 1056113  Obj 2.1520589e+10 Primal inf 6.4810635e+11 (491934)
Clp0006I 1056964  Obj 2.1526998e+10 Primal inf 1.2108707e+11 (462414)
Clp0006I 1057964  Obj 2.1530335e+10 Primal inf 1.5346829e+10 (424311)
Clp0006I 1058964  Obj 2.1557138e+10 Primal inf 2.4136778e+10 (380642)
Clp0006I 1059964  Obj 2.1625121e+10 Primal inf 5.8925595e+09 (370599)
Clp0006I 1060964  Obj 2.1628728e+10 Primal inf 2.9646039e+10 (424615)
Clp0006I 1061964  Obj 2.1634114e+10 Primal inf 1.0396811e+10 (416349)
Clp0006I 1062964  Obj 2.1637511e+10 Primal inf 4.7716465e+09 (384120)
Clp0006I 1063964  Obj 2.1642258e+10 Primal inf 8.0298285e+11 (400343)
Clp0006I 1064964  Obj 2.1646075e+10 Primal inf 2.8363982e+10 (429730)
Clp0006I 1065964  Obj 2.1650519e+10 Primal inf 1.2785421e+10 (385898)
Clp0006I 1066875  Obj 2.165515e+10 Primal inf 1.5428575e+11 (398451)
Clp0006I 1067800  Obj 2.1659016e+10 Primal inf 8.2307911e+10 (375316)
Clp0006I 1068431  Obj 2.1661001e+10 Primal inf 3.1128335e+11 (411533)
Clp0006I 1069431  Obj 2.1665029e+10 Primal inf 6.9879912e+09 (334188)
Clp0006I 1070411  Obj 2.1667362e+10 Primal inf 1.4570886e+11 (372424)
Clp0006I 1071411  Obj 2.1669956e+10 Primal inf 8.9035025e+09 (492123)
Clp0006I 1072411  Obj 2.1671928e+10 Primal inf 1.3224111e+12 (413986)
Clp0006I 1073411  Obj 2.1674299e+10 Primal inf 2.6354744e+11 (480731)
Clp0006I 1074411  Obj 2.1676691e+10 Primal inf 2.555124e+11 (545513)
Clp0006I 1075411  Obj 2.1690153e+10 Primal inf 9.5945265e+10 (466734)
Clp0006I 1076411  Obj 2.1700982e+10 Primal inf 1.2315973e+11 (501256)
Clp0006I 1077411  Obj 2.1709943e+10 Primal inf 9.0171612e+09 (440499)
Clp0006I 1078411  Obj 2.1715045e+10 Primal inf 2.992409e+09 (317815)
Clp0006I 1079411  Obj 2.1719531e+10 Primal inf 1.7182753e+10 (440312)
Clp0006I 1080350  Obj 2.1722348e+10 Primal inf 1.3402154e+10 (378556)
Clp0006I 1081350  Obj 2.1725403e+10 Primal inf 3.7351367e+10 (394703)
Clp0006I 1082350  Obj 2.1726539e+10 Primal inf 2.8637919e+09 (328567)
Clp0006I 1083350  Obj 2.1729355e+10 Primal inf 4.873137e+10 (387987)
Clp0006I 1084350  Obj 2.1732848e+10 Primal inf 4.6398453e+10 (396467)
Clp0006I 1085350  Obj 2.1736169e+10 Primal inf 7.1608118e+09 (296489)
Clp0006I 1086350  Obj 2.1739703e+10 Primal inf 1.8558095e+11 (453622)
Clp0006I 1087295  Obj 2.1744379e+10 Primal inf 2.172423e+10 (396269)
Clp0006I 1088170  Obj 2.1754775e+10 Primal inf 4.7425666e+11 (446844)
Clp0006I 1089170  Obj 2.1765693e+10 Primal inf 7.0784293e+09 (314894)
Clp0006I 1090170  Obj 2.176796e+10 Primal inf 2.1559938e+10 (367410)
Clp0006I 1091170  Obj 2.1769733e+10 Primal inf 4.2880725e+10 (456443)
Clp0006I 1092170  Obj 2.1772875e+10 Primal inf 6.3763415e+09 (326393)
Clp0006I 1093170  Obj 2.1780485e+10 Primal inf 2.0545885e+10 (406010)
Clp0006I 1094170  Obj 2.1783259e+10 Primal inf 5.0896392e+10 (363895)
Clp0006I 1095170  Obj 2.1785813e+10 Primal inf 3.9243752e+11 (382440)
Clp0006I 1096170  Obj 2.1786804e+10 Primal inf 3.50208e+10 (350685)
Clp0006I 1097170  Obj 2.1801014e+10 Primal inf 1.8960553e+10 (237372)
Clp0006I 1098170  Obj 2.1821788e+10 Primal inf 3.8219374e+10 (405361)
Clp0006I 1099170  Obj 2.1844122e+10 Primal inf 1.3956687e+11 (575611)
Clp0006I 1100170  Obj 2.1849761e+10 Primal inf 1.2726195e+10 (279711)
Clp0006I 1101170  Obj 2.1852799e+10 Primal inf 2.6313815e+10 (377747)
Clp0006I 1102170  Obj 2.1855462e+10 Primal inf 2.3587934e+10 (403132)
Clp0006I 1103170  Obj 2.1858173e+10 Primal inf 1.2955375e+10 (346448)
Clp0006I 1104170  Obj 2.1862494e+10 Primal inf 2.0476306e+10 (342693)
Clp0006I 1105170  Obj 2.1865028e+10 Primal inf 2.6038702e+10 (385056)
Clp0006I 1106170  Obj 2.1868627e+10 Primal inf 3.2779865e+10 (353331)
Clp0006I 1107170  Obj 2.1871663e+10 Primal inf 1.2126232e+10 (445614)
Clp0006I 1108170  Obj 2.1886695e+10 Primal inf 2.5094595e+11 (344311)
Clp0006I 1109170  Obj 2.1888293e+10 Primal inf 6.9634763e+09 (268839)
Clp0006I 1110170  Obj 2.1890044e+10 Primal inf 1.4860803e+11 (372835)
Clp0006I 1111170  Obj 2.1891579e+10 Primal inf 5.8922164e+09 (355913)
Clp0006I 1112170  Obj 2.1892984e+10 Primal inf 6.8138192e+09 (247068)
Clp0006I 1113170  Obj 2.1896675e+10 Primal inf 3.5536921e+08 (224478)
Clp0006I 1114170  Obj 2.1899577e+10 Primal inf 1.6935955e+11 (297098)
Clp0006I 1115170  Obj 2.1901861e+10 Primal inf 3.4556043e+09 (254030)
Clp0006I 1116170  Obj 2.190454e+10 Primal inf 8.4010142e+10 (364120)
Clp0006I 1117170  Obj 2.1906732e+10 Primal inf 2.0858557e+10 (390350)
Clp0006I 1118170  Obj 2.1909615e+10 Primal inf 3.985129e+10 (475457)
Clp0006I 1119170  Obj 2.1911904e+10 Primal inf 1.2681366e+10 (380018)
Clp0006I 1120170  Obj 2.1917551e+10 Primal inf 9.9470061e+09 (342714)
Clp0006I 1121170  Obj 2.1921169e+10 Primal inf 4.3731234e+09 (352023)
Clp0006I 1122170  Obj 2.1925156e+10 Primal inf 1.039346e+10 (406143)
Clp0006I 1123170  Obj 2.1932179e+10 Primal inf 1.3752997e+09 (293345)
Clp0006I 1124170  Obj 2.1936048e+10 Primal inf 2.2674445e+10 (351179)
Clp0006I 1125170  Obj 2.1945874e+10 Primal inf 5.388274e+08 (242309)
Clp0006I 1126170  Obj 2.1947417e+10 Primal inf 1.2597377e+10 (336202)
Clp0006I 1127170  Obj 2.1950612e+10 Primal inf 7.7148935e+09 (355692)
Clp0006I 1128170  Obj 2.1953446e+10 Primal inf 2.814293e+10 (374099)
Clp0006I 1129170  Obj 2.1957922e+10 Primal inf 4.8959203e+10 (411571)
Clp0006I 1130170  Obj 2.1960921e+10 Primal inf 1.1708528e+10 (361616)
Clp0006I 1131170  Obj 2.196579e+10 Primal inf 1.4045902e+10 (309506)
Clp0006I 1132170  Obj 2.196758e+10 Primal inf 1.5515441e+10 (339553)
Clp0006I 1133170  Obj 2.197027e+10 Primal inf 1.765758e+10 (351716)
Clp0006I 1134170  Obj 2.1971128e+10 Primal inf 9.8608657e+09 (368644)
Clp0006I 1135170  Obj 2.1973393e+10 Primal inf 1.6918177e+10 (398564)
Clp0006I 1136170  Obj 2.1976289e+10 Primal inf 7.0101609e+10 (454739)
Clp0006I 1137170  Obj 2.1981032e+10 Primal inf 1.593405e+10 (329796)
Clp0006I 1138170  Obj 2.1984386e+10 Primal inf 2.9410418e+08 (261895)
Clp0006I 1139170  Obj 2.2008691e+10 Primal inf 2.0043421e+09 (345144)
Clp0006I 1140170  Obj 2.2051384e+10 Primal inf 1.4497579e+09 (294876)
Clp0006I 1141170  Obj 2.2083065e+10 Primal inf 4.7630143e+08 (223030)
Clp0006I 1142170  Obj 2.2101662e+10 Primal inf 1.1033329e+10 (378276)
Clp0006I 1143170  Obj 2.2111065e+10 Primal inf 1.0652011e+10 (402202)
Clp0006I 1144170  Obj 2.2128805e+10 Primal inf 1.8694111e+10 (433479)
Clp0006I 1145170  Obj 2.2131334e+10 Primal inf 4.5560528e+10 (398374)
Clp0006I 1146170  Obj 2.2135334e+10 Primal inf 5.3399658e+10 (378308)
Clp0006I 1147170  Obj 2.2137439e+10 Primal inf 4.6317412e+10 (355000)
Clp0006I 1148170  Obj 2.2138783e+10 Primal inf 1.1147517e+10 (326019)
Clp0006I 1149170  Obj 2.2141329e+10 Primal inf 3.7459058e+10 (407749)
Clp0006I 1150170  Obj 2.2143223e+10 Primal inf 1.2264861e+10 (299206)
Clp0006I 1151170  Obj 2.2145016e+10 Primal inf 1.8035457e+10 (342050)
Clp0006I 1152170  Obj 2.2147017e+10 Primal inf 1.2118325e+11 (413367)
Clp0006I 1153170  Obj 2.2149895e+10 Primal inf 3.6346134e+10 (384664)
Clp0006I 1154170  Obj 2.2152927e+10 Primal inf 1.8680075e+10 (402946)
Clp0006I 1155170  Obj 2.2156725e+10 Primal inf 8.2531109e+10 (404339)
Clp0006I 1156170  Obj 2.215989e+10 Primal inf 4.9204063e+09 (290000)
Clp0006I 1157170  Obj 2.216251e+10 Primal inf 1.3466599e+10 (374259)
Clp0006I 1158170  Obj 2.2164054e+10 Primal inf 1.5029799e+10 (329628)
Clp0006I 1159170  Obj 2.2165644e+10 Primal inf 3.0249537e+10 (298600)
Clp0006I 1160170  Obj 2.2167843e+10 Primal inf 5.386936e+09 (285092)
Clp0006I 1161170  Obj 2.2169942e+10 Primal inf 3.2258219e+10 (304632)
Clp0006I 1162170  Obj 2.2172513e+10 Primal inf 5.5336977e+09 (285379)
Clp0006I 1163170  Obj 2.2176212e+10 Primal inf 2.33393e+10 (377540)
Clp0006I 1164170  Obj 2.217949e+10 Primal inf 2.0866775e+09 (265907)
Clp0006I 1165170  Obj 2.2182018e+10 Primal inf 1.9898167e+09 (358011)
Clp0006I 1166170  Obj 2.2189417e+10 Primal inf 8.0299464e+09 (294553)
Clp0006I 1167170  Obj 2.2192243e+10 Primal inf 4.6045782e+09 (296080)
Clp0006I 1168170  Obj 2.2195294e+10 Primal inf 1.0912137e+10 (323722)
Clp0006I 1169170  Obj 2.2202013e+10 Primal inf 1.2899522e+10 (312260)
Clp0006I 1170170  Obj 2.2210169e+10 Primal inf 1.9428953e+10 (319583)
Clp0006I 1171170  Obj 2.2212685e+10 Primal inf 1.8931563e+10 (376645)
Clp0006I 1172170  Obj 2.2215295e+10 Primal inf 5.9273997e+09 (362067)
Clp0006I 1173170  Obj 2.2220154e+10 Primal inf 9.5513944e+09 (364438)
Clp0006I 1173707  Obj 2.2223351e+10 Primal inf 8.6907883e+10 (432381)
Clp0006I 1174704  Obj 2.2229863e+10 Primal inf 2.847297e+11 (396348)
Clp0006I 1175704  Obj 2.2236652e+10 Primal inf 2.6221947e+10 (419800)
Clp0006I 1176704  Obj 2.2243733e+10 Primal inf 1.7169806e+11 (266992)
Clp0006I 1177704  Obj 2.2262031e+10 Primal inf 6.5379264e+10 (269399)
Clp0006I 1178704  Obj 2.2264925e+10 Primal inf 1.3661412e+11 (342984)
Clp0006I 1179704  Obj 2.2269363e+10 Primal inf 4.1616801e+11 (337390)
Clp0006I 1180704  Obj 2.2272326e+10 Primal inf 2.4663971e+11 (331358)
Clp0006I 1181605  Obj 2.2274316e+10 Primal inf 3.2691216e+10 (285953)
Clp0006I 1182605  Obj 2.227601e+10 Primal inf 8.5041889e+09 (290055)
Clp0006I 1183605  Obj 2.2277739e+10 Primal inf 4.1197673e+10 (377382)
Clp0006I 1184605  Obj 2.2281316e+10 Primal inf 5.7918922e+09 (304123)
Clp0006I 1185605  Obj 2.2285578e+10 Primal inf 1.0054464e+09 (297192)
Clp0006I 1186605  Obj 2.2287746e+10 Primal inf 8.5362958e+09 (344374)
Clp0006I 1187605  Obj 2.2291589e+10 Primal inf 1.4289123e+11 (381334)
Clp0006I 1188605  Obj 2.2294228e+10 Primal inf 3.5132154e+09 (309719)
Clp0006I 1189605  Obj 2.2298037e+10 Primal inf 8.1887843e+09 (304906)
Clp0006I 1190605  Obj 2.2309159e+10 Primal inf 1.6210206e+09 (214129)
Clp0006I 1191605  Obj 2.2326156e+10 Primal inf 5.0948155e+10 (377789)
Clp0006I 1192605  Obj 2.2341456e+10 Primal inf 3.0245917e+09 (327305)
Clp0006I 1193605  Obj 2.2346192e+10 Primal inf 2.2403347e+10 (389123)
Clp0006I 1194605  Obj 2.2361259e+10 Primal inf 5.3941505e+09 (383955)
Clp0006I 1195605  Obj 2.2373462e+10 Primal inf 1.0119958e+10 (330971)
Clp0006I 1196605  Obj 2.2383037e+10 Primal inf 6.6767484e+09 (357103)
Clp0006I 1197605  Obj 2.238625e+10 Primal inf 4.2042976e+10 (360630)
Clp0006I 1198605  Obj 2.2392806e+10 Primal inf 2.2776261e+09 (298401)
Clp0006I 1199605  Obj 2.2402268e+10 Primal inf 6.2442197e+09 (378240)
Clp0006I 1200605  Obj 2.2413387e+10 Primal inf 2.6225914e+09 (302906)
Clp0006I 1201605  Obj 2.2431931e+10 Primal inf 6.6715708e+10 (431284)
Clp0006I 1202605  Obj 2.2454786e+10 Primal inf 1.822772e+10 (333623)
Clp0006I 1203605  Obj 2.2475561e+10 Primal inf 2.097064e+09 (365440)
Clp0006I 1204558  Obj 2.2477632e+10 Primal inf 2.0008017e+10 (398596)
Clp0006I 1205558  Obj 2.247871e+10 Primal inf 2.1694215e+09 (275769)
Clp0006I 1206558  Obj 2.2481288e+10 Primal inf 1.4123057e+10 (352207)
Clp0006I 1207558  Obj 2.2486128e+10 Primal inf 5.6875557e+09 (339612)
Clp0006I 1208558  Obj 2.2487638e+10 Primal inf 1.2038373e+10 (286560)
Clp0006I 1209558  Obj 2.249372e+10 Primal inf 2.5809864e+10 (390088)
Clp0006I 1210558  Obj 2.2497992e+10 Primal inf 1.2589213e+09 (201458)
Clp0006I 1211558  Obj 2.2514064e+10 Primal inf 4.5585028e+09 (261861)
Clp0006I 1212558  Obj 2.2535197e+10 Primal inf 2.537996e+09 (285823)
Clp0006I 1213558  Obj 2.254862e+10 Primal inf 3.8489781e+08 (258670)
Clp0006I 1214558  Obj 2.2557729e+10 Primal inf 4.3581569e+09 (262990)
Clp0006I 1215558  Obj 2.2561035e+10 Primal inf 2.7798875e+09 (397216)
Clp0006I 1216558  Obj 2.2564795e+10 Primal inf 2.3153795e+08 (205749)
Clp0006I 1217558  Obj 2.2578167e+10 Primal inf 9.5943039e+09 (413918)
Clp0006I 1218558  Obj 2.2584779e+10 Primal inf 9.3469119e+08 (235666)
Clp0006I 1219558  Obj 2.2588328e+10 Primal inf 7.7590361e+08 (185663)
Clp0006I 1220558  Obj 2.2590125e+10 Primal inf 3.1295854e+09 (266540)
Clp0006I 1221558  Obj 2.2594481e+10 Primal inf 1.0379167e+09 (247721)
Clp0006I 1222558  Obj 2.2597818e+10 Primal inf 9.8587815e+09 (407270)
Clp0006I 1223558  Obj 2.2604696e+10 Primal inf 2.7830443e+08 (196424)
Clp0006I 1224558  Obj 2.2609381e+10 Primal inf 1.3156107e+09 (338493)
Clp0006I 1225558  Obj 2.2615858e+10 Primal inf 3.2440624e+08 (129564)
Clp0006I 1226558  Obj 2.2621535e+10 Primal inf 5.1745815e+08 (163354)
Clp0006I 1227558  Obj 2.2626849e+10 Primal inf 1.0217414e+09 (156567)
Clp0006I 1228558  Obj 2.2633346e+10 Primal inf 55766125 (78425)
Clp0006I 1229558  Obj 2.2635747e+10 Primal inf 3.228623e+08 (119667)
Clp0006I 1230558  Obj 2.2640424e+10 Primal inf 44660671 (103173)
Clp0006I 1231558  Obj 2.2642882e+10 Primal inf 83945337 (97743)
Clp0006I 1232558  Obj 2.264498e+10 Primal inf 2.1300481e+08 (86262)
Clp0006I 1233558  Obj 2.2645976e+10 Primal inf 3.2448579e+09 (204364)
Clp0006I 1234558  Obj 2.264848e+10 Primal inf 3.433671e+08 (221037)
Clp0006I 1235558  Obj 2.2649743e+10 Primal inf 2.0152593e+09 (206817)
Clp0006I 1236558  Obj 2.2650495e+10 Primal inf 1.5432649e+08 (221979)
Clp0006I 1237558  Obj 2.2651134e+10 Primal inf 3.1458628e+09 (269118)
Clp0006I 1238558  Obj 2.2651979e+10 Primal inf 2.4298784e+08 (182313)
Clp0006I 1239558  Obj 2.2652795e+10 Primal inf 52365161 (131385)
Clp0006I 1240558  Obj 2.2653134e+10 Primal inf 60336918 (147314)
Clp0006I 124 Activating environment at `~/Documents/princeton/1st_year/MAE529/MAE529_code/project/code/Project.toml`
This Model run is characterised by...
Electrolyser capex cost of: 500.0
H2 efficiency of: 0.5
Carbon Tax: 100.0
Number of weeks included: 52_weeks
-----------------------------------------------
1 loading data preparation function
-----------------------------------------------
-----------------------------------------------
2 loading model solving function
-----------------------------------------------
adding in carbon tax elements
assigned variables
assigned constraint 1
assigned constraint 2
assigned constraint 3
check
assigned constraints
Model run complete
1558  Obj 2.2653385e+10 Primal inf 6.9002229e+08 (97961)
Clp0006I 1242558  Obj 2.2654389e+10 Primal inf 1.0208257e+10 (209456)
Clp0006I 1243558  Obj 2.2654695e+10 Primal inf 2.8694314e+08 (156014)
Clp0006I 1244558  Obj 2.265516e+10 Primal inf 5.0976935e+08 (257709)
Clp0006I 1245558  Obj 2.2655597e+10 Primal inf 9.7942856e+08 (177545)
Clp0006I 1246558  Obj 2.2655826e+10 Primal inf 2.1553493e+08 (178407)
Clp0006I 1247558  Obj 2.2656157e+10 Primal inf 1.6026437e+08 (106699)
Clp0006I 1248558  Obj 2.2656426e+10 Primal inf 9.3699688e+08 (146241)
Clp0006I 1249558  Obj 2.2656761e+10 Primal inf 1.3801124e+08 (104857)
Clp0006I 1250558  Obj 2.2657292e+10 Primal inf 6.1003765e+08 (136951)
Clp0006I 1251558  Obj 2.2657594e+10 Primal inf 35777674 (80668)
Clp0006I 1252558  Obj 2.26578e+10 Primal inf 7787715 (82180)
Clp0006I 1253558  Obj 2.265793e+10 Primal inf 59128602 (72705)
Clp0006I 1254558  Obj 2.2658017e+10 Primal inf 45568369 (99542)
Clp0006I 1255558  Obj 2.2658189e+10 Primal inf 40898852 (50477)
Clp0006I 1256558  Obj 2.2658316e+10 Primal inf 8533958.4 (110382)
Clp0006I 1257558  Obj 2.2658373e+10 Primal inf 4293002.9 (69244)
Clp0006I 1258445  Obj 2.2658445e+10 Primal inf 1612220.9 (30826)
Clp0006I 1259445  Obj 2.2658485e+10 Primal inf 689129.23 (23582)
Clp0006I 1260445  Obj 2.2658506e+10 Primal inf 35951.039 (32447)
Clp0006I 1261445  Obj 2.2658514e+10 Primal inf 2467.9388 (22009)
Clp0006I 1262445  Obj 2.265852e+10 Primal inf 2199.9838 (20651)
Clp0006I 1263445  Obj 2.2658526e+10 Primal inf 1960.8556 (19645)
Clp0006I 1264445  Obj 2.2658533e+10 Primal inf 1764.421 (18640)
Clp0006I 1265445  Obj 2.2658539e+10 Primal inf 1569.0591 (17644)
Clp0006I 1266445  Obj 2.2658546e+10 Primal inf 1422.3426 (16639)
Clp0006I 1267445  Obj 2.2658552e+10 Primal inf 1293.2513 (15636)
Clp0006I 1268445  Obj 2.2658559e+10 Primal inf 1176.2716 (14634)
Clp0006I 1269445  Obj 2.2658564e+10 Primal inf 1067.1524 (13628)
Clp0006I 1270445  Obj 2.2658571e+10 Primal inf 964.06839 (12625)
Clp0006I 1271445  Obj 2.2658576e+10 Primal inf 865.68434 (11617)
Clp0006I 1272445  Obj 2.2658582e+10 Primal inf 772.96024 (10617)
Clp0006I 1273445  Obj 2.2658589e+10 Primal inf 686.02719 (9617)
Clp0006I 1274445  Obj 2.2658595e+10 Primal inf 603.00372 (8620)
Clp0006I 1275445  Obj 2.26586e+10 Primal inf 515.54665 (7620)
Clp0006I 1276445  Obj 2.2658605e+10 Primal inf 426.82776 (6620)
Clp0006I 1277445  Obj 2.265861e+10 Primal inf 339.94405 (5627)
Clp0006I 1278445  Obj 2.2658614e+10 Primal inf 254.70062 (4623)
Clp0006I 1279445  Obj 2.2658618e+10 Primal inf 175.27079 (3623)
Clp0006I 1280445  Obj 2.2658623e+10 Primal inf 121.79335 (2623)
Clp0006I 1281445  Obj 2.2658628e+10 Primal inf 74.330244 (1623)
Clp0006I 1282445  Obj 2.2658633e+10 Primal inf 26.540099 (625)
Clp0006I 1283065  Obj 2.2658635e+10
Clp0000I Optimal - objective value 2.2658635e+10
Coin0511I After Postsolve, objective 2.2658635e+10, infeasibilities - dual 0 (0), primal 0 (0)
Clp0032I Optimal objective 2.26586347e+10 - 1283065 iterations time 34463.912, Presolve 3.82
