Coin0506I Presolve 1521577 (-195446) rows, 591998 (-65130) columns and 4511329 (-460732) elements
Clp0006I 0  Obj 0 Primal inf 8.7589291e+08 (43800)
Clp0006I 1000  Obj 4.7917429e-12 Primal inf 8.6631624e+08 (44708)
Clp0006I 2000  Obj 9.9133726e-12 Primal inf 8.5892554e+08 (45580)
Clp0006I 3000  Obj 1.5950214e-11 Primal inf 8.5623739e+08 (46596)
Clp0006I 4000  Obj 10517308 Primal inf 8.4621153e+08 (47625)
Clp0006I 5000  Obj 14367319 Primal inf 8.388365e+08 (48572)
Clp0006I 6000  Obj 26104885 Primal inf 8.3220471e+08 (49555)
Clp0006I 7000  Obj 39569175 Primal inf 8.2988747e+08 (50637)
Clp0006I 8000  Obj 53707095 Primal inf 8.2560744e+08 (51656)
Clp0006I 9000  Obj 74957727 Primal inf 8.1845017e+08 (52823)
Clp0006I 10000  Obj 87624249 Primal inf 8.1733376e+08 (53908)
Clp0006I 11000  Obj 1.0633943e+08 Primal inf 8.1290941e+08 (55026)
Clp0006I 12000  Obj 1.2943517e+08 Primal inf 8.1048238e+08 (56202)
Clp0006I 13000  Obj 1.3990477e+08 Primal inf 8.0696718e+08 (57316)
Clp0006I 14000  Obj 1.6092548e+08 Primal inf 8.0771959e+08 (58633)
Clp0006I 15000  Obj 1.8693956e+08 Primal inf 8.0581058e+08 (59885)
Clp0006I 16000  Obj 2.1251724e+08 Primal inf 7.2743062e+08 (61210)
Clp0006I 17000  Obj 2.453245e+08 Primal inf 7.2359312e+08 (62323)
Clp0006I 18000  Obj 2.7742228e+08 Primal inf 7.2437506e+08 (63592)
Clp0006I 19000  Obj 2.9880931e+08 Primal inf 7.2102357e+08 (64613)
Clp0006I 20000  Obj 3.371021e+08 Primal inf 7.2094346e+08 (65961)
Clp0006I 21000  Obj 3.6218571e+08 Primal inf 7.2077747e+08 (67146)
Clp0006I 22000  Obj 3.9493384e+08 Primal inf 7.236117e+08 (68492)
Clp0006I 23000  Obj 4.3375885e+08 Primal inf 7.2428244e+08 (69796)
Clp0006I 24000  Obj 4.6489852e+08 Primal inf 7.2391039e+08 (71062)
Clp0006I 25000  Obj 4.9434119e+08 Primal inf 7.2689929e+08 (72282)
Clp0006I 26000  Obj 5.3999645e+08 Primal inf 7.2685502e+08 (73563)
Clp0006I 27000  Obj 5.7023223e+08 Primal inf 7.2804832e+08 (74724)
Clp0006I 28000  Obj 6.0072043e+08 Primal inf 7.3076649e+08 (75988)
Clp0006I 29000  Obj 6.393115e+08 Primal inf 7.2959518e+08 (77086)
Clp0006I 30000  Obj 6.8288188e+08 Primal inf 7.276881e+08 (78129)
Clp0006I 31000  Obj 7.1443833e+08 Primal inf 7.2945219e+08 (79332)
Clp0006I 32000  Obj 7.5329907e+08 Primal inf 7.3040435e+08 (80593)
Clp0006I 33000  Obj 7.8721564e+08 Primal inf 7.3124665e+08 (81734)
Clp0006I 34000  Obj 8.2071982e+08 Primal inf 7.3266142e+08 (83010)
Clp0006I 35000  Obj 8.58974e+08 Primal inf 7.3310694e+08 (84127)
Clp0006I 36000  Obj 8.966349e+08 Primal inf 7.3355153e+08 (85345)
Clp0006I 37000  Obj 9.2813669e+08 Primal inf 7.3802589e+08 (86609)
Clp0006I 38000  Obj 9.6271515e+08 Primal inf 7.3738398e+08 (87789)
Clp0006I 39000  Obj 1.0053316e+09 Primal inf 7.373508e+08 (88923)
Clp0006I 40000  Obj 1.0445234e+09 Primal inf 7.3471682e+08 (90087)
Clp0006I 41000  Obj 1.0875819e+09 Primal inf 7.3314975e+08 (91213)
Clp0006I 42000  Obj 1.1329075e+09 Primal inf 7.3588344e+08 (92437)
Clp0006I 43000  Obj 1.1714812e+09 Primal inf 7.4116705e+08 (93662)
Clp0006I 44000  Obj 1.2016708e+09 Primal inf 7.450884e+08 (94842)
Clp0006I 45000  Obj 1.2404074e+09 Primal inf 7.466083e+08 (96114)
Clp0006I 46000  Obj 1.2891591e+09 Primal inf 7.5107594e+08 (97357)
Clp0006I 47000  Obj 1.3348098e+09 Primal inf 7.511245e+08 (98429)
Clp0006I 48000  Obj 1.3848053e+09 Primal inf 7.5229759e+08 (99633)
Clp0006I 49000  Obj 1.4426007e+09 Primal inf 7.5015547e+08 (100619)
Clp0006I 50000  Obj 1.4960166e+09 Primal inf 7.5118768e+08 (101756)
Clp0006I 51000  Obj 1.5466643e+09 Primal inf 7.5203479e+08 (102926)
Clp0006I 52000  Obj 1.5658428e+09 Primal inf 8.5059308e+08 (105478)
Clp0006I 53000  Obj 1.5844976e+09 Primal inf 7.7445056e+08 (107395)
Clp0006I 54000  Obj 1.5866087e+09 Primal inf 1.1011812e+09 (108214)
Clp0006I 55000  Obj 1.5887256e+09 Primal inf 7.6051876e+08 (109897)
Clp0006I 56000  Obj 1.5921819e+09 Primal inf 8.9419646e+08 (110365)
Clp0006I 57000  Obj 1.6089743e+09 Primal inf 8.7704852e+08 (111439)
Clp0006I 58000  Obj 1.625393e+09 Primal inf 7.8458853e+08 (113160)
Clp0006I 59000  Obj 1.6273477e+09 Primal inf 9.1083294e+08 (113781)
Clp0006I 60000  Obj 1.66236e+09 Primal inf 7.5788271e+08 (115468)
Clp0006I 61000  Obj 1.6821379e+09 Primal inf 9.1784389e+08 (115435)
Clp0006I 62000  Obj 1.7319232e+09 Primal inf 8.931599e+08 (116320)
Clp0006I 63000  Obj 1.7473263e+09 Primal inf 1.4903215e+09 (149907)
Clp0006I 64000  Obj 1.7672709e+09 Primal inf 8.158187e+08 (120941)
Clp0006I 65000  Obj 1.7679384e+09 Primal inf 8.1776217e+08 (121797)
Clp0006I 66000  Obj 1.7752997e+09 Primal inf 4.594951e+09 (120655)
Clp0006I 67000  Obj 1.7898134e+09 Primal inf 1.0036575e+09 (122821)
Clp0006I 68000  Obj 1.8038201e+09 Primal inf 1.088807e+09 (151429)
Clp0006I 69000  Obj 1.819486e+09 Primal inf 1.1246895e+09 (152023)
Clp0006I 70000  Obj 1.8281575e+09 Primal inf 1.2649002e+09 (152975)
Clp0006I 71000  Obj 1.836121e+09 Primal inf 1.0189967e+09 (153503)
Clp0006I 72000  Obj 1.8403849e+09 Primal inf 1.0210585e+09 (154283)
Clp0006I 73000  Obj 1.8440354e+09 Primal inf 1.025575e+09 (154976)
Clp0006I 74000  Obj 1.8489476e+09 Primal inf 1.0323311e+09 (155629)
Clp0006I 75000  Obj 1.8567923e+09 Primal inf 2.6552923e+09 (157325)
Clp0006I 76000  Obj 1.869694e+09 Primal inf 8.6495376e+08 (132525)
Clp0006I 77000  Obj 1.8893e+09 Primal inf 2.8301922e+09 (159640)
Clp0006I 78000  Obj 1.9183629e+09 Primal inf 9.5721662e+08 (158269)
Clp0006I 79000  Obj 1.9251698e+09 Primal inf 8.0933151e+08 (133399)
Clp0006I 80000  Obj 1.9307024e+09 Primal inf 8.3770095e+08 (134566)
Clp0006I 81000  Obj 1.9392107e+09 Primal inf 8.2989512e+08 (135794)
Clp0006I 82000  Obj 1.9430817e+09 Primal inf 1.0585983e+09 (132735)
Clp0006I 83000  Obj 1.9469419e+09 Primal inf 1.1158788e+09 (134145)
Clp0006I 84000  Obj 1.9678036e+09 Primal inf 1.1647926e+10 (165521)
Clp0006I 85000  Obj 1.989404e+09 Primal inf 8.4636821e+10 (145839)
Clp0006I 86000  Obj 1.9991984e+09 Primal inf 4.5137156e+10 (146336)
Clp0006I 87000  Obj 2.0050968e+09 Primal inf 4.4845993e+10 (146908)
Clp0006I 88000  Obj 2.0088501e+09 Primal inf 4.4528777e+10 (147576)
Clp0006I 89000  Obj 2.0103044e+09 Primal inf 3.0518097e+10 (147963)
Clp0006I 90000  Obj 2.0107083e+09 Primal inf 3.0521247e+10 (148608)
Clp0006I 91000  Obj 2.0112609e+09 Primal inf 3.0528185e+10 (149234)
Clp0006I 92000  Obj 2.0120515e+09 Primal inf 2.2674596e+10 (149689)
Clp0006I 93000  Obj 2.0120515e+09 Primal inf 2.2675254e+10 (150463)
Clp0006I 94000  Obj 2.0121632e+09 Primal inf 2.2677335e+10 (151250)
Clp0006I 95000  Obj 2.0136426e+09 Primal inf 2.2577859e+10 (152079)
Clp0006I 96000  Obj 2.016074e+09 Primal inf 2.2530929e+10 (152819)
Clp0006I 97000  Obj 2.0183718e+09 Primal inf 2.2528391e+10 (153427)
Clp0006I 98000  Obj 2.0215278e+09 Primal inf 2.2528028e+10 (154000)
Clp0006I 99000  Obj 2.0308747e+09 Primal inf 2.6307554e+09 (173921)
Clp0006I 100000  Obj 2.0747163e+09 Primal inf 1.0952462e+09 (171753)
Clp0006I 101000  Obj 2.0883417e+09 Primal inf 2.2658189e+09 (173230)
Clp0006I 102000  Obj 2.1002518e+09 Primal inf 3.4900158e+09 (177289)
Clp0006I 103000  Obj 2.1172627e+09 Primal inf 1.0345506e+09 (147109)
Clp0006I 104000  Obj 2.1475726e+09 Primal inf 1.0013062e+09 (146802)
Clp0006I 105000  Obj 2.1793663e+09 Primal inf 2.1419426e+09 (175294)
Clp0006I 106000  Obj 2.1941197e+09 Primal inf 8.8565515e+08 (147294)
Clp0006I 107000  Obj 2.2143491e+09 Primal inf 1.0008447e+09 (148017)
Clp0006I 108000  Obj 2.2279594e+09 Primal inf 9.2912e+08 (148112)
Clp0006I 109000  Obj 2.2402823e+09 Primal inf 1.0096543e+09 (174368)
Clp0006I 110000  Obj 2.2456187e+09 Primal inf 1.344577e+09 (175426)
Clp0006I 111000  Obj 2.2521807e+09 Primal inf 1.2883384e+09 (150136)
Clp0006I 112000  Obj 2.2592279e+09 Primal inf 1.06979e+09 (150824)
Clp0006I 113000  Obj 2.2667159e+09 Primal inf 1.0022769e+09 (150974)
Clp0006I 114000  Obj 2.2822674e+09 Primal inf 1.0820326e+09 (147387)
Clp0006I 115000  Obj 2.2883612e+09 Primal inf 1.1538571e+09 (147641)
Clp0006I 116000  Obj 2.3061412e+09 Primal inf 1.1152874e+09 (176421)
Clp0006I 117000  Obj 2.3393969e+09 Primal inf 8.7073077e+08 (149719)
Clp0006I 118000  Obj 2.3747365e+09 Primal inf 1.0398076e+09 (151309)
Clp0006I 119000  Obj 2.3836478e+09 Primal inf 1.220141e+09 (176706)
Clp0006I 120000  Obj 2.3965291e+09 Primal inf 1.1939465e+09 (148837)
Clp0006I 121000  Obj 2.419565e+09 Primal inf 9.4006467e+08 (151701)
Clp0006I 122000  Obj 2.4266755e+09 Primal inf 1.3362997e+11 (192070)
Clp0006I 123000  Obj 2.4338076e+09 Primal inf 1.19739e+09 (152728)
Clp0006I 124000  Obj 2.4410126e+09 Primal inf 2.2881266e+09 (156735)
Clp0006I 125000  Obj 2.4885115e+09 Primal inf 1.8559639e+09 (178385)
Clp0006I 126000  Obj 2.5057803e+09 Primal inf 1.9458538e+09 (178664)
Clp0006I 127000  Obj 2.547343e+09 Primal inf 1.2081112e+09 (178117)
Clp0006I 128000  Obj 2.5541459e+09 Primal inf 1.2193193e+09 (149934)
Clp0006I 129000  Obj 2.5563531e+09 Primal inf 1.2163969e+09 (149897)
Clp0006I 130000  Obj 2.5665606e+09 Primal inf 1.4442766e+09 (178306)
Clp0006I 131000  Obj 2.6134785e+09 Primal inf 1.9843906e+09 (179819)
Clp0006I 132000  Obj 2.6268114e+09 Primal inf 1.3673459e+09 (153773)
Clp0006I 133000  Obj 2.6337032e+09 Primal inf 1.7212083e+09 (179764)
Clp0006I 134000  Obj 2.6452726e+09 Primal inf 1.2441862e+09 (150410)
Clp0006I 135000  Obj 2.6843683e+09 Primal inf 1.270914e+09 (151043)
Clp0006I 136000  Obj 2.7368889e+09 Primal inf 2.1505309e+09 (181613)
Clp0006I 137000  Obj 2.7864982e+09 Primal inf 2.2158711e+09 (181119)
Clp0006I 138000  Obj 2.8003901e+09 Primal inf 1.0510186e+09 (153868)
Clp0006I 139000  Obj 2.8296675e+09 Primal inf 2.3958943e+09 (181663)
Clp0006I 140000  Obj 2.8440007e+09 Primal inf 9.7989648e+08 (155088)
Clp0006I 141000  Obj 2.8552616e+09 Primal inf 2.4512617e+09 (190013)
Clp0006I 142000  Obj 2.8644731e+09 Primal inf 2.5155493e+09 (214224)
Clp0006I 143000  Obj 2.8748943e+09 Primal inf 2.4977237e+09 (189716)
Clp0006I 144000  Obj 2.8926223e+09 Primal inf 5.9123122e+09 (186754)
Clp0006I 145000  Obj 2.9319797e+09 Primal inf 2.406673e+09 (214457)
Clp0006I 146000  Obj 2.9692635e+09 Primal inf 5.0884481e+09 (190841)
Clp0006I 147000  Obj 3.0016163e+09 Primal inf 4.1905236e+09 (185764)
Clp0006I 148000  Obj 3.0437901e+09 Primal inf 5.3359724e+09 (192126)
Clp0006I 149000  Obj 3.0820988e+09 Primal inf 2.1201902e+09 (152549)
Clp0006I 150000  Obj 3.1142159e+09 Primal inf 1.2378433e+09 (159135)
Clp0006I 151000  Obj 3.150303e+09 Primal inf 3.4601095e+09 (184899)
Clp0006I 152000  Obj 3.2059396e+09 Primal inf 5.9200559e+10 (190658)
Clp0006I 153000  Obj 3.2502432e+09 Primal inf 1.6177195e+09 (155219)
Clp0006I 154000  Obj 3.2892007e+09 Primal inf 1.9166801e+09 (155257)
Clp0006I 155000  Obj 3.407735e+09 Primal inf 4.0286186e+10 (199656)
Clp0006I 156000  Obj 3.5099762e+09 Primal inf 5.0680703e+09 (159514)
Clp0006I 157000  Obj 3.5841022e+09 Primal inf 2.0802242e+10 (211428)
Clp0006I 158000  Obj 3.6114451e+09 Primal inf 3.1597706e+09 (156006)
Clp0006I 159000  Obj 3.6338604e+09 Primal inf 1.4576293e+09 (153709)
Clp0006I 160000  Obj 3.6574856e+09 Primal inf 2.8876124e+09 (164095)
Clp0006I 161000  Obj 3.7163813e+09 Primal inf 1.9472778e+09 (152614)
Clp0006I 162000  Obj 3.8244047e+09 Primal inf 3.4719625e+10 (197833)
Clp0006I 163000  Obj 3.9037847e+09 Primal inf 1.7599334e+09 (154413)
Clp0006I 164000  Obj 3.9664815e+09 Primal inf 4.2432296e+09 (162876)
Clp0006I 165000  Obj 4.015685e+09 Primal inf 3.0021206e+09 (183659)
Clp0006I 166000  Obj 4.0655013e+09 Primal inf 3.4292438e+09 (204509)
Clp0006I 167000  Obj 4.1053895e+09 Primal inf 3.4048916e+09 (162575)
Clp0006I 168000  Obj 4.1612982e+09 Primal inf 1.7586215e+09 (153658)
Clp0006I 169000  Obj 4.24002e+09 Primal inf 2.6094553e+09 (185634)
Clp0006I 170000  Obj 4.3095699e+09 Primal inf 1.6232883e+09 (156540)
Clp0006I 171000  Obj 4.3578237e+09 Primal inf 1.3773858e+09 (153700)
Clp0006I 172000  Obj 4.4056522e+09 Primal inf 1.7261441e+09 (155719)
Clp0006I 173000  Obj 4.480058e+09 Primal inf 1.8360332e+09 (154853)
Clp0006I 174000  Obj 4.5549654e+09 Primal inf 1.3879914e+09 (150999)
Clp0006I 175000  Obj 4.6237288e+09 Primal inf 3.8461814e+09 (181971)
Clp0006I 176000  Obj 4.6615823e+09 Primal inf 2.7716234e+09 (183380)
Clp0006I 177000  Obj 4.7264869e+09 Primal inf 7.2041538e+10 (189872)
Clp0006I 178000  Obj 4.8054127e+09 Primal inf 1.574101e+09 (180002)
Clp0006I 179000  Obj 4.8626664e+09 Primal inf 1.3641423e+09 (153626)
Clp0006I 180000  Obj 4.88895e+09 Primal inf 2.7973806e+09 (182129)
Clp0006I 181000  Obj 4.9195289e+09 Primal inf 1.6778609e+11 (190056)
Clp0006I 182000  Obj 4.9701551e+09 Primal inf 2.535166e+09 (182656)
Clp0006I 183000  Obj 5.0102735e+09 Primal inf 2.1666458e+09 (154310)
Clp0006I 184000  Obj 5.0711732e+09 Primal inf 2.5824667e+09 (178304)
Clp0006I 185000  Obj 5.1276749e+09 Primal inf 2.1809437e+09 (179356)
Clp0006I 186000  Obj 5.1715544e+09 Primal inf 3.2129291e+09 (183371)
Clp0006I 187000  Obj 5.2534929e+09 Primal inf 2.378803e+10 (193672)
Clp0006I 188000  Obj 5.2883423e+09 Primal inf 1.3324964e+09 (151927)
Clp0006I 189000  Obj 5.3225519e+09 Primal inf 6.670113e+09 (213759)
Clp0006I 190000  Obj 5.3656432e+09 Primal inf 1.327712e+09 (159144)
Clp0006I 191000  Obj 5.3900678e+09 Primal inf 3.9137882e+09 (193297)
Clp0006I 192000  Obj 5.4267585e+09 Primal inf 4.4243382e+09 (185756)
Clp0006I 193000  Obj 5.4790068e+09 Primal inf 1.9540113e+09 (161399)
Clp0006I 194000  Obj 5.497705e+09 Primal inf 1.4436302e+09 (158942)
Clp0006I 195000  Obj 5.5098389e+09 Primal inf 3.3122902e+09 (184465)
Clp0006I 196000  Obj 5.5238458e+09 Primal inf 1.39693e+09 (160093)
Clp0006I 197000  Obj 5.5400047e+09 Primal inf 1.4933822e+09 (158360)
Clp0006I 198000  Obj 5.5525809e+09 Primal inf 1.3905072e+09 (158732)
Clp0006I 199000  Obj 5.5655199e+09 Primal inf 4.8113642e+09 (195715)
Clp0006I 200000  Obj 5.574797e+09 Primal inf 1.4332514e+09 (160322)
Clp0006I 201000  Obj 5.5908489e+09 Primal inf 2.3253764e+09 (168619)
Clp0006I 202000  Obj 5.6065568e+09 Primal inf 1.68037e+09 (158466)
Clp0006I 203000  Obj 5.6289055e+09 Primal inf 2.129412e+09 (159198)
Clp0006I 204000  Obj 5.6392255e+09 Primal inf 1.5270182e+09 (158208)
Clp0006I 205000  Obj 5.646125e+09 Primal inf 1.9796347e+09 (160759)
Clp0006I 206000  Obj 5.6506297e+09 Primal inf 1.5161679e+09 (160158)
Clp0006I 207000  Obj 5.658947e+09 Primal inf 1.9491567e+09 (159355)
Clp0006I 208000  Obj 5.6686244e+09 Primal inf 3.7929509e+10 (210100)
Clp0006I 209000  Obj 5.6781157e+09 Primal inf 2.2270146e+09 (169302)
Clp0006I 210000  Obj 5.6904158e+09 Primal inf 2.3519795e+09 (169413)
Clp0006I 211000  Obj 5.700831e+09 Primal inf 1.2720528e+09 (160715)
Clp0006I 212000  Obj 5.7162545e+09 Primal inf 2.0371893e+09 (162516)
Clp0006I 213000  Obj 5.7566939e+09 Primal inf 1.9418496e+09 (156026)
Clp0006I 214000  Obj 5.7668275e+09 Primal inf 2.1928927e+09 (166791)
Clp0006I 215000  Obj 5.7844751e+09 Primal inf 3.1459446e+09 (163409)
Clp0006I 216000  Obj 5.8022285e+09 Primal inf 2.7405401e+09 (163212)
Clp0006I 217000  Obj 5.8103043e+09 Primal inf 2.0832784e+09 (163318)
Clp0006I 218000  Obj 5.834554e+09 Primal inf 2.2078091e+09 (163225)
Clp0006I 219000  Obj 5.8609383e+09 Primal inf 2.547798e+09 (163386)
Clp0006I 220000  Obj 5.8818351e+09 Primal inf 2.5580075e+09 (162698)
Clp0006I 221000  Obj 5.8936334e+09 Primal inf 1.9908696e+09 (162330)
Clp0006I 222000  Obj 5.9190874e+09 Primal inf 2.5298461e+09 (163040)
Clp0006I 223000  Obj 5.942834e+09 Primal inf 3.8603687e+09 (163054)
Clp0006I 224000  Obj 5.9678214e+09 Primal inf 2.8505894e+09 (161768)
Clp0006I 225000  Obj 5.9758843e+09 Primal inf 2.21064e+09 (162015)
Clp0006I 226000  Obj 5.9989092e+09 Primal inf 2.9107438e+09 (161734)
Clp0006I 227000  Obj 6.0273756e+09 Primal inf 2.1165437e+09 (160130)
Clp0006I 228000  Obj 6.0703886e+09 Primal inf 2.0818048e+10 (200619)
Clp0006I 229000  Obj 6.092515e+09 Primal inf 3.8997445e+09 (168330)
Clp0006I 230000  Obj 6.1226568e+09 Primal inf 2.4599391e+10 (218984)
Clp0006I 231000  Obj 6.137265e+09 Primal inf 2.03033e+09 (186453)
Clp0006I 232000  Obj 6.1478205e+09 Primal inf 2.3576946e+09 (162647)
Clp0006I 233000  Obj 6.1590349e+09 Primal inf 2.7880544e+09 (193230)
Clp0006I 234000  Obj 6.1682791e+09 Primal inf 2.3653824e+09 (160639)
Clp0006I 235000  Obj 6.1782467e+09 Primal inf 1.4332517e+12 (201339)
Clp0006I 236000  Obj 6.1893433e+09 Primal inf 2.1023996e+09 (164824)
Clp0006I 237000  Obj 6.2007822e+09 Primal inf 2.1317667e+09 (194507)
Clp0006I 238000  Obj 6.2150295e+09 Primal inf 2.0087214e+09 (162461)
Clp0006I 239000  Obj 6.2306061e+09 Primal inf 7.8366761e+09 (196992)
Clp0006I 240000  Obj 6.2486792e+09 Primal inf 3.1462973e+09 (186868)
Clp0006I 241000  Obj 6.2649726e+09 Primal inf 2.4272377e+09 (190287)
Clp0006I 242000  Obj 6.2806977e+09 Primal inf 3.9248295e+09 (194979)
Clp0006I 243000  Obj 6.2870878e+09 Primal inf 4.2544476e+09 (194433)
Clp0006I 244000  Obj 6.3434618e+09 Primal inf 3.3957284e+09 (191218)
Clp0006I 245000  Obj 6.3722536e+09 Primal inf 1.3092751e+09 (162938)
Clp0006I 246000  Obj 6.4098558e+09 Primal inf 1.3822047e+09 (165019)
Clp0006I 247000  Obj 6.4296979e+09 Primal inf 1.2888592e+09 (161644)
Clp0006I 248000  Obj 6.4428595e+09 Primal inf 2.2701561e+09 (170886)
Clp0006I 249000  Obj 6.4508384e+09 Primal inf 1.5427395e+10 (171944)
Clp0006I 250000  Obj 6.4654823e+09 Primal inf 4.1925065e+09 (196719)
Clp0006I 251000  Obj 6.4966045e+09 Primal inf 1.2718842e+09 (162203)
Clp0006I 252000  Obj 6.5150466e+09 Primal inf 1.4218003e+09 (162011)
Clp0006I 253000  Obj 6.5264005e+09 Primal inf 7.2944827e+09 (194194)
Clp0006I 254000  Obj 6.5346279e+09 Primal inf 1.1403049e+10 (173792)
Clp0006I 255000  Obj 6.5436175e+09 Primal inf 5.2215115e+09 (192227)
Clp0006I 256000  Obj 6.5614871e+09 Primal inf 1.7403847e+09 (164723)
Clp0006I 257000  Obj 6.5681395e+09 Primal inf 2.0744744e+09 (165046)
Clp0006I 258000  Obj 6.5880631e+09 Primal inf 2.1701223e+09 (169045)
Clp0006I 259000  Obj 6.5974232e+09 Primal inf 3.329258e+09 (214554)
Clp0006I 260000  Obj 6.6015066e+09 Primal inf 2.2990236e+09 (174090)
Clp0006I 261000  Obj 6.6078856e+09 Primal inf 2.4893267e+09 (197586)
Clp0006I 262000  Obj 6.6141307e+09 Primal inf 1.3192356e+09 (162865)
Clp0006I 263000  Obj 6.6177896e+09 Primal inf 4.6525449e+09 (168159)
Clp0006I 264000  Obj 6.6271708e+09 Primal inf 3.8472259e+09 (166414)
Clp0006I 265000  Obj 6.6321452e+09 Primal inf 4.3231597e+09 (164407)
Clp0006I 266000  Obj 6.6422709e+09 Primal inf 3.7744204e+09 (164136)
Clp0006I 267000  Obj 6.649109e+09 Primal inf 3.3768736e+09 (164824)
Clp0006I 268000  Obj 6.6747955e+09 Primal inf 9.371449e+09 (164582)
Clp0006I 269000  Obj 6.7148349e+09 Primal inf 1.7660069e+09 (161777)
Clp0006I 270000  Obj 6.7671359e+09 Primal inf 3.0001385e+09 (165012)
Clp0006I 271000  Obj 6.8359064e+09 Primal inf 1.6182305e+09 (161745)
Clp0006I 272000  Obj 6.9444282e+09 Primal inf 1.3295923e+10 (172008)
Clp0006I 273000  Obj 6.995255e+09 Primal inf 4.4764168e+09 (190135)
Clp0006I 274000  Obj 7.0432357e+09 Primal inf 3.5778363e+09 (167897)
Clp0006I 275000  Obj 7.1549287e+09 Primal inf 1.6621734e+11 (257034)
Clp0006I 276000  Obj 7.1723802e+09 Primal inf 5.901623e+09 (164638)
Clp0006I 277000  Obj 7.2028244e+09 Primal inf 1.0344446e+10 (228494)
Clp0006I 278000  Obj 7.2400555e+09 Primal inf 9.7686637e+10 (178778)
Clp0006I 279000  Obj 7.3424119e+09 Primal inf 6.5246037e+10 (182389)
Clp0006I 279974  Obj 7.4779171e+09 Primal inf 9.6150164e+11 (179261)
Clp0006I 280801  Obj 7.5447366e+09 Primal inf 1.1304438e+11 (200122)
Clp0006I 281801  Obj 7.6004878e+09 Primal inf 7.4794401e+09 (164846)
Clp0006I 282801  Obj 7.7029663e+09 Primal inf 8.6399124e+10 (219420)
Clp0006I 283770  Obj 7.9340463e+09 Primal inf 2.5522366e+10 (166050)
Clp0006I 284770  Obj 8.0500237e+09 Primal inf 3.6701751e+09 (193938)
Clp0006I 285651  Obj 8.1782239e+09 Primal inf 6.9003115e+10 (179263)
Clp0006I 286651  Obj 8.3069017e+09 Primal inf 2.0336581e+09 (222560)
Clp0006I 287651  Obj 8.4198213e+09 Primal inf 2.4315593e+09 (189317)
Clp0006I 288417  Obj 8.5074427e+09 Primal inf 4.0063452e+09 (168043)
Clp0006I 289417  Obj 8.5916261e+09 Primal inf 1.3468997e+09 (163789)
Clp0006I 290417  Obj 8.6556794e+09 Primal inf 7.1697419e+10 (218407)
Clp0006I 291417  Obj 8.7322328e+09 Primal inf 5.5872918e+10 (232428)
Clp0006I 292417  Obj 8.8085632e+09 Primal inf 2.8138145e+09 (186747)
Clp0006I 293417  Obj 8.8666814e+09 Primal inf 2.8104317e+09 (172488)
Clp0006I 294417  Obj 8.9268509e+09 Primal inf 2.3037025e+09 (181984)
Clp0006I 295417  Obj 9.0222408e+09 Primal inf 3.0908161e+10 (239464)
Clp0006I 296417  Obj 9.121182e+09 Primal inf 3.4389537e+10 (233191)
Clp0006I 297417  Obj 9.2132782e+09 Primal inf 3.5953984e+09 (196481)
Clp0006I 298417  Obj 9.3239318e+09 Primal inf 1.3651056e+09 (165371)
Clp0006I 299417  Obj 9.4085041e+09 Primal inf 2.2164051e+10 (227862)
Clp0006I 300417  Obj 9.4593599e+09 Primal inf 7.6523322e+11 (218280)
Clp0006I 301417  Obj 9.5508252e+09 Primal inf 1.0048172e+09 (190827)
Clp0006I 302417  Obj 9.6239517e+09 Primal inf 2.0834585e+10 (207886)
Clp0006I 303417  Obj 9.6992195e+09 Primal inf 2.4998303e+09 (201154)
Clp0006I 304417  Obj 9.7713878e+09 Primal inf 7.9189359e+09 (202807)
Clp0006I 305417  Obj 9.8584308e+09 Primal inf 6.7984689e+10 (270914)
Clp0006I 306417  Obj 9.9239771e+09 Primal inf 5.9770002e+10 (183677)
Clp0006I 307417  Obj 9.9627204e+09 Primal inf 2.0239386e+10 (259405)
Clp0006I 308417  Obj 1.0039024e+10 Primal inf 1.3860796e+10 (213466)
Clp0006I 309417  Obj 1.0093438e+10 Primal inf 4.9685029e+09 (203699)
Clp0006I 310417  Obj 1.0150748e+10 Primal inf 6.7711937e+09 (199370)
Clp0006I 311417  Obj 1.0210214e+10 Primal inf 4.7127964e+10 (216652)
Clp0006I 312417  Obj 1.0252405e+10 Primal inf 5.7055698e+10 (209233)
Clp0006I 313417  Obj 1.0304595e+10 Primal inf 1.1083721e+11 (205210)
Clp0006I 314417  Obj 1.0389661e+10 Primal inf 4.1720709e+09 (204966)
Clp0006I 315417  Obj 1.043939e+10 Primal inf 1.0808399e+10 (211505)
Clp0006I 316417  Obj 1.0493423e+10 Primal inf 7.140923e+09 (218018)
Clp0006I 317319  Obj 1.0557765e+10 Primal inf 6.9561827e+09 (188022)
Clp0006I 318319  Obj 1.0623079e+10 Primal inf 9.3959214e+10 (225898)
Clp0006I 319319  Obj 1.0660742e+10 Primal inf 3.9373894e+09 (180811)
Clp0006I 320319  Obj 1.07015e+10 Primal inf 2.2753394e+09 (184021)
Clp0006I 321319  Obj 1.0747229e+10 Primal inf 9.5188476e+09 (210716)
Clp0006I 322319  Obj 1.0788828e+10 Primal inf 3.0943665e+09 (200727)
Clp0006I 323319  Obj 1.0856322e+10 Primal inf 7.1159956e+09 (184717)
Clp0006I 324319  Obj 1.0910722e+10 Primal inf 4.0120759e+11 (209659)
Clp0006I 325319  Obj 1.095291e+10 Primal inf 1.2215645e+09 (182391)
Clp0006I 326319  Obj 1.1023833e+10 Primal inf 2.2303595e+10 (236062)
Clp0006I 327319  Obj 1.1064309e+10 Primal inf 1.1698951e+10 (226592)
Clp0006I 328319  Obj 1.1165177e+10 Primal inf 1.8824793e+09 (200137)
Clp0006I 329319  Obj 1.1227129e+10 Primal inf 2.0946913e+11 (259324)
Clp0006I 330319  Obj 1.1250779e+10 Primal inf 2.4991632e+10 (215803)
Clp0006I 331319  Obj 1.1325229e+10 Primal inf 7.6983391e+09 (210386)
Clp0006I 332319  Obj 1.1394258e+10 Primal inf 1.4059647e+11 (243041)
Clp0006I 332927  Obj 1.1427729e+10 Primal inf 3.7497775e+10 (208739)
Clp0006I 333927  Obj 1.1524654e+10 Primal inf 7.7164087e+09 (212220)
Clp0006I 334927  Obj 1.1587277e+10 Primal inf 2.9828373e+09 (182950)
Clp0006I 335927  Obj 1.1650357e+10 Primal inf 9.5542293e+09 (228854)
Clp0006I 336927  Obj 1.1702829e+10 Primal inf 1.189426e+10 (208365)
Clp0006I 337927  Obj 1.1754081e+10 Primal inf 6.7656465e+09 (201923)
Clp0006I 338927  Obj 1.1789005e+10 Primal inf 3.8158509e+10 (224561)
Clp0006I 339927  Obj 1.1836257e+10 Primal inf 1.0992329e+10 (224339)
Clp0006I 340927  Obj 1.1898049e+10 Primal inf 1.8402256e+09 (201878)
Clp0006I 341927  Obj 1.1986173e+10 Primal inf 1.2752078e+10 (218287)
Clp0006I 342927  Obj 1.2058109e+10 Primal inf 6.9726505e+09 (217522)
Clp0006I 343927  Obj 1.2134892e+10 Primal inf 1.2229932e+10 (268907)
Clp0006I 344927  Obj 1.2198947e+10 Primal inf 1.3277433e+10 (237577)
Clp0006I 345927  Obj 1.2251845e+10 Primal inf 1.8931022e+10 (244646)
Clp0006I 346927  Obj 1.2287723e+10 Primal inf 1.9030724e+09 (239199)
Clp0006I 347927  Obj 1.2321645e+10 Primal inf 8.7858727e+09 (221175)
Clp0006I 348927  Obj 1.2379459e+10 Primal inf 2.3813211e+09 (181095)
Clp0006I 349927  Obj 1.2440199e+10 Primal inf 1.1980151e+10 (211643)
Clp0006I 350927  Obj 1.2492992e+10 Primal inf 1.0869376e+10 (238091)
Clp0006I 351927  Obj 1.2546324e+10 Primal inf 4.353734e+09 (217298)
Clp0006I 352927  Obj 1.25917e+10 Primal inf 2.8963865e+10 (246302)
Clp0006I 353927  Obj 1.2640271e+10 Primal inf 2.848427e+10 (247512)
Clp0006I 354927  Obj 1.2682516e+10 Primal inf 9.764285e+10 (242977)
Clp0006I 355927  Obj 1.2693564e+10 Primal inf 7.4723005e+09 (199628)
Clp0006I 356927  Obj 1.2701277e+10 Primal inf 8.4238312e+09 (224275)
Clp0006I 357927  Obj 1.2740754e+10 Primal inf 5.6248506e+09 (238200)
Clp0006I 358927  Obj 1.2756929e+10 Primal inf 2.8189675e+10 (236218)
Clp0006I 359927  Obj 1.2807115e+10 Primal inf 3.2197498e+09 (216543)
Clp0006I 360927  Obj 1.2827381e+10 Primal inf 2.0826359e+09 (193737)
Clp0006I 361927  Obj 1.2846075e+10 Primal inf 2.5144571e+09 (204224)
Clp0006I 362927  Obj 1.2886346e+10 Primal inf 1.2835833e+10 (223039)
Clp0006I 363927  Obj 1.2921792e+10 Primal inf 2.6514037e+10 (223472)
Clp0006I 364927  Obj 1.294531e+10 Primal inf 1.4825798e+09 (203499)
Clp0006I 365927  Obj 1.298101e+10 Primal inf 3.2479067e+09 (213097)
Clp0006I 366927  Obj 1.3018591e+10 Primal inf 1.0666623e+10 (230350)
Clp0006I 367927  Obj 1.3071794e+10 Primal inf 1.0588432e+10 (231755)
Clp0006I 368927  Obj 1.3096711e+10 Primal inf 8.8616249e+09 (236023)
Clp0006I 369927  Obj 1.3120221e+10 Primal inf 8.3766173e+09 (264018)
Clp0006I 370927  Obj 1.3148526e+10 Primal inf 4.6614775e+09 (216939)
Clp0006I 371927  Obj 1.3170187e+10 Primal inf 2.1877721e+10 (256592)
Clp0006I 372927  Obj 1.3185076e+10 Primal inf 3.1573246e+10 (238887)
Clp0006I 373927  Obj 1.3210506e+10 Primal inf 2.9091938e+09 (218454)
Clp0006I 374927  Obj 1.3222377e+10 Primal inf 8.3426988e+09 (264570)
Clp0006I 375927  Obj 1.3228717e+10 Primal inf 3.2921648e+09 (225587)
Clp0006I 376927  Obj 1.3249562e+10 Primal inf 3.9548567e+09 (248887)
Clp0006I 377927  Obj 1.3284861e+10 Primal inf 1.5355107e+09 (204699)
Clp0006I 378927  Obj 1.3312633e+10 Primal inf 1.0735778e+10 (250564)
Clp0006I 379927  Obj 1.3328744e+10 Primal inf 1.2385877e+09 (183041)
Clp0006I 380927  Obj 1.3340179e+10 Primal inf 3.6121859e+09 (213685)
Clp0006I 381927  Obj 1.3366698e+10 Primal inf 1.4117124e+10 (262114)
Clp0006I 382927  Obj 1.340612e+10 Primal inf 2.7499799e+10 (246486)
Clp0006I 383927  Obj 1.3421812e+10 Primal inf 1.1203348e+11 (234022)
Clp0006I 384927  Obj 1.3424475e+10 Primal inf 8.2780961e+10 (239110)
Clp0006I 385927  Obj 1.3440092e+10 Primal inf 1.563173e+10 (275832)
Clp0006I 386927  Obj 1.346605e+10 Primal inf 2.3209657e+09 (211677)
Clp0006I 387927  Obj 1.347445e+10 Primal inf 1.1312935e+10 (242649)
Clp0006I 388927  Obj 1.3499201e+10 Primal inf 3.2137834e+09 (216778)
Clp0006I 389927  Obj 1.3508847e+10 Primal inf 9.6815551e+09 (222910)
Clp0006I 390927  Obj 1.3672744e+10 Primal inf 3.5270121e+09 (214720)
Clp0006I 391927  Obj 1.3690688e+10 Primal inf 2.6044572e+10 (250495)
Clp0006I 392927  Obj 1.3712984e+10 Primal inf 1.7655131e+09 (204746)
Clp0006I 393927  Obj 1.3738007e+10 Primal inf 3.8811744e+09 (221369)
Clp0006I 394927  Obj 1.3751243e+10 Primal inf 5.441123e+09 (218031)
Clp0006I 395927  Obj 1.3757744e+10 Primal inf 1.1118e+09 (211177)
Clp0006I 396927  Obj 1.3764783e+10 Primal inf 8.8056199e+10 (267901)
Clp0006I 397927  Obj 1.3775609e+10 Primal inf 7.6667661e+09 (267641)
Clp0006I 398927  Obj 1.379307e+10 Primal inf 1.670059e+09 (205766)
Clp0006I 399927  Obj 1.381099e+10 Primal inf 1.8619659e+10 (265504)
Clp0006I 400927  Obj 1.3819614e+10 Primal inf 3.1369344e+09 (257955)
Clp0006I 401927  Obj 1.3834822e+10 Primal inf 4.0805987e+10 (246500)
Clp0006I 402927  Obj 1.3842854e+10 Primal inf 9.2342543e+10 (263052)
Clp0006I 403927  Obj 1.3851015e+10 Primal inf 1.4588325e+10 (245623)
Clp0006I 404927  Obj 1.386584e+10 Primal inf 1.4903353e+10 (245560)
Clp0006I 405927  Obj 1.3876511e+10 Primal inf 1.1025237e+10 (245313)
Clp0006I 406927  Obj 1.3893373e+10 Primal inf 1.4161373e+10 (246662)
Clp0006I 407927  Obj 1.3912621e+10 Primal inf 1.0177315e+09 (195331)
Clp0006I 408927  Obj 1.3917827e+10 Primal inf 3.3423589e+09 (224621)
Clp0006I 409927  Obj 1.3923142e+10 Primal inf 3.5354309e+09 (239767)
Clp0006I 410927  Obj 1.3937699e+10 Primal inf 3.5252796e+09 (239710)
Clp0006I 411927  Obj 1.394249e+10 Primal inf 3.2361814e+09 (225129)
Clp0006I 412927  Obj 1.3952805e+10 Primal inf 3.2865335e+09 (240287)
Clp0006I 413927  Obj 1.3967445e+10 Primal inf 2.1568624e+10 (264802)
Clp0006I 414927  Obj 1.3973581e+10 Primal inf 6.4648512e+09 (237622)
Clp0006I 415927  Obj 1.3984988e+10 Primal inf 8.8732214e+09 (234370)
Clp0006I 416927  Obj 1.3990354e+10 Primal inf 3.6498966e+09 (236607)
Clp0006I 417927  Obj 1.3999766e+10 Primal inf 2.128633e+10 (291930)
Clp0006I 418927  Obj 1.4007208e+10 Primal inf 8.8874092e+10 (269014)
Clp0006I 419927  Obj 1.4009151e+10 Primal inf 8.873601e+10 (269362)
Clp0006I 420927  Obj 1.4017273e+10 Primal inf 6.8252495e+09 (245858)
Clp0006I 421927  Obj 1.4027687e+10 Primal inf 4.3474579e+10 (301874)
Clp0006I 422927  Obj 1.4032726e+10 Primal inf 7.5416362e+10 (280451)
Clp0006I 423927  Obj 1.4044375e+10 Primal inf 8.9169959e+09 (246382)
Clp0006I 424927  Obj 1.4053617e+10 Primal inf 1.506489e+09 (247066)
Clp0006I 425927  Obj 1.4064839e+10 Primal inf 1.0563854e+10 (271343)
Clp0006I 426927  Obj 1.4073153e+10 Primal inf 4.729574e+09 (255154)
Clp0006I 427927  Obj 1.408954e+10 Primal inf 4.192576e+09 (249084)
Clp0006I 428927  Obj 1.4098319e+10 Primal inf 2.8133193e+09 (225759)
Clp0006I 429927  Obj 1.4106466e+10 Primal inf 3.0143273e+09 (239616)
Clp0006I 430927  Obj 1.4120362e+10 Primal inf 5.8787149e+09 (270137)
Clp0006I 431927  Obj 1.4131874e+10 Primal inf 1.5104494e+10 (266336)
Clp0006I 432927  Obj 1.413423e+10 Primal inf 1.9759679e+09 (216380)
Clp0006I 433927  Obj 1.4140731e+10 Primal inf 2.8614408e+09 (235776)
Clp0006I 434927  Obj 1.4144368e+10 Primal inf 2.8557518e+09 (225443)
Clp0006I 435927  Obj 1.4158408e+10 Primal inf 1.0136559e+10 (264493)
Clp0006I 436927  Obj 1.4164648e+10 Primal inf 4.645242e+09 (248824)
Clp0006I 437927  Obj 1.4167985e+10 Primal inf 1.9211643e+09 (215956)
Clp0006I 438927  Obj 1.4177068e+10 Primal inf 6.6103797e+09 (241002)
Clp0006I 439927  Obj 1.4179083e+10 Primal inf 5.9578903e+09 (271482)
Clp0006I 440927  Obj 1.4184625e+10 Primal inf 6.9869128e+09 (237464)
Clp0006I 441927  Obj 1.4188441e+10 Primal inf 5.8516648e+09 (258578)
Clp0006I 442927  Obj 1.4189686e+10 Primal inf 1.2503126e+09 (218717)
Clp0006I 443927  Obj 1.4204118e+10 Primal inf 2.0171718e+09 (235233)
Clp0006I 444927  Obj 1.4206723e+10 Primal inf 1.8175729e+09 (245030)
Clp0006I 445927  Obj 1.4207418e+10 Primal inf 1.6890251e+09 (214690)
Clp0006I 446927  Obj 1.421085e+10 Primal inf 1.5522611e+09 (202022)
Clp0006I 447927  Obj 1.4226714e+10 Primal inf 5.567728e+09 (249198)
Clp0006I 448927  Obj 1.4234198e+10 Primal inf 1.5365114e+09 (211576)
Clp0006I 449927  Obj 1.424224e+10 Primal inf 2.5192453e+09 (210400)
Clp0006I 450927  Obj 1.4247642e+10 Primal inf 2.2757664e+09 (210450)
Clp0006I 451927  Obj 1.426445e+10 Primal inf 7.2172726e+09 (221876)
Clp0006I 452927  Obj 1.4275345e+10 Primal inf 2.1412914e+09 (246114)
Clp0006I 453927  Obj 1.4281909e+10 Primal inf 3.064376e+09 (205568)
Clp0006I 454927  Obj 1.4290982e+10 Primal inf 6.5410413e+09 (292037)
Clp0006I 455927  Obj 1.4300744e+10 Primal inf 2.5179277e+09 (220454)
Clp0006I 456927  Obj 1.4308657e+10 Primal inf 5.9517965e+09 (222631)
Clp0006I 457927  Obj 1.4318909e+10 Primal inf 2.134669e+09 (220610)
Clp0006I 458927  Obj 1.4327289e+10 Primal inf 1.8517887e+10 (254649)
Clp0006I 459927  Obj 1.4329612e+10 Primal inf 9.0717179e+08 (193604)
Clp0006I 460927  Obj 1.4336477e+10 Primal inf 6.8310482e+09 (236240)
Clp0006I 461927  Obj 1.4348274e+10 Primal inf 3.7281976e+10 (241777)
Clp0006I 462927  Obj 1.4355151e+10 Primal inf 3.4996019e+10 (251875)
Clp0006I 463927  Obj 1.4360327e+10 Primal inf 3.4904231e+09 (233577)
Clp0006I 464927  Obj 1.4370559e+10 Primal inf 2.1341549e+09 (257955)
Clp0006I 465927  Obj 1.4374904e+10 Primal inf 5.1685554e+09 (270213)
Clp0006I 466927  Obj 1.4380271e+10 Primal inf 1.9138376e+09 (225994)
Clp0006I 467927  Obj 1.4383586e+10 Primal inf 3.0387959e+09 (233539)
Clp0006I 468927  Obj 1.4390948e+10 Primal inf 7.5311947e+11 (293260)
Clp0006I 469927  Obj 1.4397372e+10 Primal inf 3.9973896e+09 (228716)
Clp0006I 470927  Obj 1.4404307e+10 Primal inf 7.9323549e+09 (237536)
Clp0006I 471927  Obj 1.4412166e+10 Primal inf 7.1997734e+10 (282330)
Clp0006I 472927  Obj 1.4417359e+10 Primal inf 8.6751864e+09 (224135)
Clp0006I 473927  Obj 1.4433087e+10 Primal inf 2.341796e+09 (222796)
Clp0006I 474927  Obj 1.4435802e+10 Primal inf 3.4165939e+09 (222934)
Clp0006I 475927  Obj 1.4446442e+10 Primal inf 5.2282916e+09 (240622)
Clp0006I 476927  Obj 1.4461885e+10 Primal inf 3.7548171e+10 (303985)
Clp0006I 477927  Obj 1.4465753e+10 Primal inf 2.5463498e+10 (303213)
Clp0006I 478927  Obj 1.4473224e+10 Primal inf 1.8636545e+11 (256779)
Clp0006I 479927  Obj 1.4481262e+10 Primal inf 5.7199532e+10 (295678)
Clp0006I 480927  Obj 1.449094e+10 Primal inf 3.4840186e+10 (294982)
Clp0006I 481927  Obj 1.4498476e+10 Primal inf 1.7729433e+11 (311282)
Clp0006I 482927  Obj 1.452386e+10 Primal inf 1.238366e+11 (293682)
Clp0006I 483927  Obj 1.4543288e+10 Primal inf 5.4523956e+10 (304481)
Clp0006I 484927  Obj 1.4549021e+10 Primal inf 6.5795394e+11 (281985)
Clp0006I 485927  Obj 1.4557776e+10 Primal inf 1.3524384e+10 (288345)
Clp0006I 486927  Obj 1.4565646e+10 Primal inf 5.9582292e+09 (254483)
Clp0006I 487927  Obj 1.4567503e+10 Primal inf 5.2899604e+10 (296379)
Clp0006I 488927  Obj 1.4572736e+10 Primal inf 1.0562144e+10 (292323)
Clp0006I 489927  Obj 1.4576294e+10 Primal inf 5.8246704e+11 (317602)
Clp0006I 490927  Obj 1.4579335e+10 Primal inf 4.7527588e+11 (269892)
Clp0006I 491927  Obj 1.4580086e+10 Primal inf 3.7913247e+10 (314483)
Clp0006I 492927  Obj 1.4582527e+10 Primal inf 1.2166067e+11 (315080)
Clp0006I 493927  Obj 1.4584463e+10 Primal inf 1.335968e+10 (295908)
Clp0006I 494927  Obj 1.4590467e+10 Primal inf 1.2200302e+10 (274975)
Clp0006I 495927  Obj 1.459467e+10 Primal inf 2.0203873e+09 (269218)
Clp0006I 496927  Obj 1.4598725e+10 Primal inf 7.5625288e+09 (278500)
Clp0006I 497927  Obj 1.4600799e+10 Primal inf 6.3572089e+09 (237441)
Clp0006I 498927  Obj 1.46036e+10 Primal inf 7.4248529e+09 (253625)
Clp0006I 499927  Obj 1.4612621e+10 Primal inf 6.6988758e+09 (245567)
Clp0006I 500927  Obj 1.4619018e+10 Primal inf 3.2515225e+10 (328238)
Clp0006I 501927  Obj 1.4629446e+10 Primal inf 1.0324555e+10 (265701)
Clp0006I 502927  Obj 1.4632756e+10 Primal inf 6.0377444e+09 (290941)
Clp0006I 503927  Obj 1.463686e+10 Primal inf 1.0730037e+10 (345276)
Clp0006I 504927  Obj 1.4641405e+10 Primal inf 2.8776317e+09 (306472)
Clp0006I 505927  Obj 1.464416e+10 Primal inf 2.8593895e+09 (286701)
Clp0006I 506927  Obj 1.4652801e+10 Primal inf 1.7366664e+10 (326320)
Clp0006I 507927  Obj 1.4664487e+10 Primal inf 5.3601661e+09 (286003)
Clp0006I 508927  Obj 1.4668744e+10 Primal inf 1.9596525e+10 (374629)
Clp0006I 509927  Obj 1.467151e+10 Primal inf 8.0543504e+09 (290856)
Clp0006I 510927  Obj 1.4674324e+10 Primal inf 3.9949346e+10 (367806)
Clp0006I 511927  Obj 1.4686697e+10 Primal inf 2.0698352e+10 (337580)
Clp0006I 512927  Obj 1.4693021e+10 Primal inf 9.8292927e+10 (364777)
Clp0006I 513927  Obj 1.469792e+10 Primal inf 5.0467548e+10 (360608)
Clp0006I 514927  Obj 1.4705402e+10 Primal inf 8.3157149e+10 (355080)
Clp0006I 515927  Obj 1.471477e+10 Primal inf 5.7695038e+10 (328036)
Clp0006I 516927  Obj 1.4722487e+10 Primal inf 3.662985e+10 (296120)
Clp0006I 517927  Obj 1.4727483e+10 Primal inf 2.5343378e+11 (323142)
Clp0006I 518927  Obj 1.4733838e+10 Primal inf 2.5771538e+10 (310819)
Clp0006I 519927  Obj 1.4742619e+10 Primal inf 1.0006463e+11 (325662)
Clp0006I 520927  Obj 1.4755869e+10 Primal inf 5.946757e+09 (278324)
Clp0006I 521927  Obj 1.4767147e+10 Primal inf 1.6234275e+10 (331500)
Clp0006I 522927  Obj 1.4775313e+10 Primal inf 8.3320738e+09 (352326)
Clp0006I 523927  Obj 1.4782383e+10 Primal inf 8.7652905e+09 (325649)
Clp0006I 524927  Obj 1.4791509e+10 Primal inf 2.7551979e+10 (380129)
Clp0006I 525927  Obj 1.4797687e+10 Primal inf 1.5320751e+10 (276866)
Clp0006I 526927  Obj 1.4806098e+10 Primal inf 2.2674816e+10 (323381)
Clp0006I 527927  Obj 1.4824519e+10 Primal inf 3.5845223e+10 (320861)
Clp0006I 528927  Obj 1.4843796e+10 Primal inf 7.0584235e+10 (332185)
Clp0006I 529927  Obj 1.4850743e+10 Primal inf 5.6566537e+10 (361994)
Clp0006I 530927  Obj 1.4858902e+10 Primal inf 1.2761445e+11 (321064)
Clp0006I 531927  Obj 1.4862458e+10 Primal inf 1.844351e+11 (342311)
Clp0006I 532927  Obj 1.4869729e+10 Primal inf 1.2014888e+10 (324152)
Clp0006I 533927  Obj 1.4876678e+10 Primal inf 3.3418059e+10 (305707)
Clp0006I 534927  Obj 1.4886637e+10 Primal inf 1.42647e+10 (291160)
Clp0006I 535927  Obj 1.4990444e+10 Primal inf 2.119348e+10 (365582)
Clp0006I 536927  Obj 1.5000429e+10 Primal inf 2.2661721e+10 (333862)
Clp0006I 537927  Obj 1.5006231e+10 Primal inf 2.4390129e+10 (326483)
Clp0006I 538927  Obj 1.5008022e+10 Primal inf 1.9084471e+10 (281132)
Clp0006I 539927  Obj 1.501063e+10 Primal inf 1.0200859e+10 (366291)
Clp0006I 540927  Obj 1.5015261e+10 Primal inf 1.6996269e+11 (336576)
Clp0006I 541927  Obj 1.5017007e+10 Primal inf 9.6101684e+09 (319074)
Clp0006I 542927  Obj 1.5019291e+10 Primal inf 3.0873625e+10 (279118)
Clp0006I 543927  Obj 1.5023212e+10 Primal inf 3.0840473e+09 (272094)
Clp0006I 544927  Obj 1.5025103e+10 Primal inf 1.2712546e+10 (274072)
Clp0006I 545927  Obj 1.5027102e+10 Primal inf 3.8662581e+10 (282972)
Clp0006I 546927  Obj 1.5039776e+10 Primal inf 1.4438986e+10 (264758)
Clp0006I 547927  Obj 1.5046018e+10 Primal inf 1.8423528e+11 (346370)
Clp0006I 548927  Obj 1.5049614e+10 Primal inf 7.6778941e+10 (339698)
Clp0006I 549927  Obj 1.5050445e+10 Primal inf 6.2051551e+09 (229056)
Clp0006I 550927  Obj 1.5063541e+10 Primal inf 5.734842e+09 (285782)
Clp0006I 551927  Obj 1.5068707e+10 Primal inf 6.2105399e+10 (345816)
Clp0006I 552927  Obj 1.5075342e+10 Primal inf 1.0723198e+11 (381918)
Clp0006I 553927  Obj 1.507887e+10 Primal inf 6.2738187e+10 (391709)
Clp0006I 554927  Obj 1.5084664e+10 Primal inf 5.0031172e+10 (341856)
Clp0006I 555927  Obj 1.5086896e+10 Primal inf 1.4036419e+10 (335632)
Clp0006I 556927  Obj 1.5089224e+10 Primal inf 4.3408864e+10 (308257)
Clp0006I 557927  Obj 1.5094087e+10 Primal inf 1.0470946e+11 (344788)
Clp0006I 558927  Obj 1.5102491e+10 Primal inf 1.0567824e+11 (341985)
Clp0006I 559927  Obj 1.5113216e+10 Primal inf 4.1123577e+10 (306114)
Clp0006I 560927  Obj 1.5114839e+10 Primal inf 4.2398546e+10 (329395)
Clp0006I 561927  Obj 1.5118422e+10 Primal inf 4.3853128e+10 (313326)
Clp0006I 562927  Obj 1.5137858e+10 Primal inf 9.5208177e+10 (282499)
Clp0006I 563927  Obj 1.5142491e+10 Primal inf 9.7346196e+10 (312815)
Clp0006I 564927  Obj 1.5145302e+10 Primal inf 2.0168619e+11 (318682)
Clp0006I 565927  Obj 1.5153848e+10 Primal inf 1.7016278e+11 (343006)
Clp0006I 566927  Obj 1.5162054e+10 Primal inf 2.5780948e+10 (336259)
Clp0006I 567927  Obj 1.5163007e+10 Primal inf 2.0143787e+10 (359147)
Clp0006I 568927  Obj 1.5178572e+10 Primal inf 5.8017105e+10 (314266)
Clp0006I 569927  Obj 1.5186614e+10 Primal inf 1.7386183e+10 (318715)
Clp0006I 570927  Obj 1.5191319e+10 Primal inf 5.0773755e+10 (378523)
Clp0006I 571927  Obj 1.5196985e+10 Primal inf 2.302268e+10 (306153)
Clp0006I 572927  Obj 1.5210261e+10 Primal inf 4.0346433e+10 (374813)
Clp0006I 573927  Obj 1.5226392e+10 Primal inf 7.3867297e+10 (400451)
Clp0006I 574927  Obj 1.5240626e+10 Primal inf 1.7790863e+11 (311103)
Clp0006I 575927  Obj 1.5249969e+10 Primal inf 5.531111e+10 (331561)
Clp0006I 576927  Obj 1.525708e+10 Primal inf 1.5303395e+10 (278652)
Clp0006I 577927  Obj 1.5265272e+10 Primal inf 6.0298874e+10 (311454)
Clp0006I 578927  Obj 1.5271413e+10 Primal inf 2.5339361e+10 (307272)
Clp0006I 579927  Obj 1.5282219e+10 Primal inf 2.663986e+11 (320323)
Clp0006I 580927  Obj 1.5292428e+10 Primal inf 7.117834e+09 (333139)
Clp0006I 581927  Obj 1.5298037e+10 Primal inf 2.6632942e+10 (346997)
Clp0006I 582927  Obj 1.5308215e+10 Primal inf 1.6604331e+10 (324420)
Clp0006I 583927  Obj 1.531808e+10 Primal inf 3.8679165e+10 (377040)
Clp0006I 584927  Obj 1.5325019e+10 Primal inf 3.6338793e+10 (361390)
Clp0006I 585927  Obj 1.5336763e+10 Primal inf 6.38748e+10 (315644)
Clp0006I 586927  Obj 1.5345473e+10 Primal inf 6.8722338e+10 (342057)
Clp0006I 587927  Obj 1.5359465e+10 Primal inf 3.2328837e+11 (304870)
Clp0006I 588927  Obj 1.537054e+10 Primal inf 6.4711088e+09 (338056)
Clp0006I 589927  Obj 1.5380145e+10 Primal inf 2.9852188e+10 (385993)
Clp0006I 590927  Obj 1.5387579e+10 Primal inf 6.2347918e+10 (359890)
Clp0006I 591927  Obj 1.5397039e+10 Primal inf 1.0752082e+10 (338455)
Clp0006I 592927  Obj 1.5416853e+10 Primal inf 2.6242556e+10 (310761)
Clp0006I 593927  Obj 1.542362e+10 Primal inf 4.1798697e+10 (309420)
Clp0006I 594927  Obj 1.5439077e+10 Primal inf 3.1208174e+10 (352405)
Clp0006I 595927  Obj 1.5452066e+10 Primal inf 1.0099128e+10 (282882)
Clp0006I 596927  Obj 1.5468795e+10 Primal inf 5.4162385e+09 (351009)
Clp0006I 597927  Obj 1.5482761e+10 Primal inf 4.2175982e+11 (323463)
Clp0006I 598927  Obj 1.5494275e+10 Primal inf 4.2640919e+10 (302399)
Clp0006I 599927  Obj 1.5507637e+10 Primal inf 3.7400922e+10 (397115)
Clp0006I 600927  Obj 1.5520437e+10 Primal inf 2.9130784e+10 (342009)
Clp0006I 601927  Obj 1.553053e+10 Primal inf 8.0951012e+09 (286381)
Clp0006I 602927  Obj 1.5549063e+10 Primal inf 9.9503646e+10 (392503)
Clp0006I 603927  Obj 1.5562095e+10 Primal inf 6.54955e+09 (321657)
Clp0006I 604927  Obj 1.5573545e+10 Primal inf 2.552948e+10 (361349)
Clp0006I 605927  Obj 1.559406e+10 Primal inf 1.012491e+10 (344071)
Clp0006I 606927  Obj 1.5626899e+10 Primal inf 1.7920825e+10 (375241)
Clp0006I 607927  Obj 1.5649931e+10 Primal inf 1.6553734e+10 (357320)
Clp0006I 608927  Obj 1.5668913e+10 Primal inf 4.6131801e+10 (351118)
Clp0006I 609927  Obj 1.5682769e+10 Primal inf 1.0093527e+11 (383049)
Clp0006I 610927  Obj 1.5693938e+10 Primal inf 5.0623829e+09 (279340)
Clp0006I 611927  Obj 1.5709247e+10 Primal inf 7.3601178e+11 (386734)
Clp0006I 612927  Obj 1.5720484e+10 Primal inf 1.0368132e+10 (365808)
Clp0006I 613927  Obj 1.5729341e+10 Primal inf 4.9902054e+10 (339980)
Clp0006I 614927  Obj 1.5740671e+10 Primal inf 2.0854035e+11 (297653)
Clp0006I 615927  Obj 1.575265e+10 Primal inf 3.051171e+11 (305447)
Clp0006I 616927  Obj 1.5764676e+10 Primal inf 2.4271742e+10 (324321)
Clp0006I 617927  Obj 1.5775245e+10 Primal inf 1.2795704e+11 (355632)
Clp0006I 618927  Obj 1.5790141e+10 Primal inf 2.452294e+11 (364778)
Clp0006I 619927  Obj 1.5798411e+10 Primal inf 2.0271269e+10 (307004)
Clp0006I 620927  Obj 1.5806127e+10 Primal inf 3.9571928e+10 (367578)
Clp0006I 621927  Obj 1.5816751e+10 Primal inf 1.311186e+10 (312701)
Clp0006I 622927  Obj 1.5826396e+10 Primal inf 4.0634772e+10 (419324)
Clp0006I 623927  Obj 1.5831244e+10 Primal inf 6.3769436e+10 (379798)
Clp0006I 624927  Obj 1.5838416e+10 Primal inf 2.2558422e+11 (352398)
Clp0006I 625927  Obj 1.5850283e+10 Primal inf 2.3973063e+10 (328875)
Clp0006I 626927  Obj 1.5868329e+10 Primal inf 2.0486515e+11 (405864)
Clp0006I 627927  Obj 1.5895008e+10 Primal inf 7.4554847e+10 (354913)
Clp0006I 628927  Obj 1.5904118e+10 Primal inf 5.1363844e+10 (378047)
Clp0006I 629927  Obj 1.5917106e+10 Primal inf 3.3183533e+10 (299928)
Clp0006I 630927  Obj 1.5926456e+10 Primal inf 7.5284561e+10 (398418)
Clp0006I 631927  Obj 1.5931989e+10 Primal inf 4.6194707e+10 (347475)
Clp0006I 632927  Obj 1.5942367e+10 Primal inf 3.7821421e+10 (381865)
Clp0006I 633927  Obj 1.5979004e+10 Primal inf 1.9132892e+10 (343964)
Clp0006I 634927  Obj 1.5995988e+10 Primal inf 5.3493471e+11 (368170)
Clp0006I 635927  Obj 1.6023488e+10 Primal inf 3.3970003e+10 (298564)
Clp0006I 636927  Obj 1.6030112e+10 Primal inf 1.3200012e+10 (360965)
Clp0006I 637927  Obj 1.6037763e+10 Primal inf 1.7148617e+11 (319830)
Clp0006I 638927  Obj 1.6045785e+10 Primal inf 2.8187241e+10 (358931)
Clp0006I 639927  Obj 1.6053078e+10 Primal inf 9.6604852e+09 (312810)
Clp0006I 640927  Obj 1.605838e+10 Primal inf 2.4543972e+10 (411595)
Clp0006I 641927  Obj 1.6064581e+10 Primal inf 1.2490249e+10 (387019)
Clp0006I 642927  Obj 1.6072137e+10 Primal inf 1.2410779e+11 (372647)
Clp0006I 643927  Obj 1.608718e+10 Primal inf 1.0422713e+11 (354205)
Clp0006I 644927  Obj 1.6096547e+10 Primal inf 8.4994067e+10 (341628)
Clp0006I 645927  Obj 1.6102648e+10 Primal inf 7.6357042e+10 (419888)
Clp0006I 646927  Obj 1.6114361e+10 Primal inf 8.1133887e+09 (320740)
Clp0006I 647927  Obj 1.6126414e+10 Primal inf 3.8100495e+10 (323639)
Clp0006I 648927  Obj 1.6132654e+10 Primal inf 1.5143593e+11 (342611)
Clp0006I 649927  Obj 1.6134222e+10 Primal inf 3.0403474e+10 (352910)
Clp0006I 650927  Obj 1.6138952e+10 Primal inf 3.0170311e+10 (373115)
Clp0006I 651927  Obj 1.6151852e+10 Primal inf 3.863454e+12 (433966)
Clp0006I 652927  Obj 1.6199475e+10 Primal inf 1.7144462e+13 (292397)
Clp0006I 653674  Obj 1.6215858e+10 Primal inf 2.0743495e+10 (401195)
Clp0006I 654674  Obj 1.6224403e+10 Primal inf 2.8194487e+11 (380310)
Clp0006I 655674  Obj 1.6230692e+10 Primal inf 2.741024e+11 (375555)
Clp0006I 656674  Obj 1.623803e+10 Primal inf 7.7023148e+11 (388361)
Clp0006I 657674  Obj 1.6249771e+10 Primal inf 1.444985e+10 (356672)
Clp0006I 658674  Obj 1.6253131e+10 Primal inf 1.958969e+10 (346193)
Clp0006I 659674  Obj 1.6261525e+10 Primal inf 7.3070855e+11 (437977)
Clp0006I 660674  Obj 1.6275294e+10 Primal inf 2.3111581e+10 (315665)
Clp0006I 661674  Obj 1.6280814e+10 Primal inf 2.6373924e+12 (403930)
Clp0006I 662674  Obj 1.6289053e+10 Primal inf 1.8518316e+10 (424994)
Clp0006I 663674  Obj 1.6293486e+10 Primal inf 1.3888298e+10 (359251)
Clp0006I 664674  Obj 1.6305419e+10 Primal inf 5.2956542e+10 (391658)
Clp0006I 665674  Obj 1.6320121e+10 Primal inf 3.3525093e+10 (355595)
Clp0006I 666674  Obj 1.6337145e+10 Primal inf 1.9015843e+11 (354255)
Clp0006I 667674  Obj 1.6350823e+10 Primal inf 6.6897223e+10 (330062)
Clp0006I 668674  Obj 1.6366185e+10 Primal inf 1.4144643e+10 (317321)
Clp0006I 669674  Obj 1.6375272e+10 Primal inf 7.6180299e+10 (388439)
Clp0006I 670674  Obj 1.63879e+10 Primal inf 3.1336038e+10 (359922)
Clp0006I 671674  Obj 1.6404688e+10 Primal inf 1.1976062e+11 (356462)
Clp0006I 672674  Obj 1.6417426e+10 Primal inf 1.863826e+11 (310640)
Clp0006I 673674  Obj 1.6437986e+10 Primal inf 1.0048478e+10 (374540)
Clp0006I 674674  Obj 1.6451204e+10 Primal inf 4.4017749e+10 (367372)
Clp0006I 675674  Obj 1.6463917e+10 Primal inf 1.9033214e+10 (346196)
Clp0006I 676674  Obj 1.6479531e+10 Primal inf 3.6710675e+10 (343750)
Clp0006I 677674  Obj 1.6485349e+10 Primal inf 8.847808e+10 (400951)
Clp0006I 678674  Obj 1.6493906e+10 Primal inf 1.8563502e+10 (363829)
Clp0006I 679674  Obj 1.6505699e+10 Primal inf 7.568222e+09 (299400)
Clp0006I 680674  Obj 1.6517586e+10 Primal inf 5.702919e+10 (391212)
Clp0006I 681674  Obj 1.653335e+10 Primal inf 5.988767e+10 (305985)
Clp0006I 682674  Obj 1.6552368e+10 Primal inf 1.2970596e+10 (325579)
Clp0006I 683674  Obj 1.6563423e+10 Primal inf 1.3628173e+10 (411939)
Clp0006I 684674  Obj 1.6574644e+10 Primal inf 7.475097e+11 (412540)
Clp0006I 685674  Obj 1.6597949e+10 Primal inf 7.4354716e+10 (419906)
Clp0006I 686674  Obj 1.6611778e+10 Primal inf 1.817993e+11 (421880)
Clp0006I 687674  Obj 1.6620886e+10 Primal inf 8.0502609e+11 (414318)
Clp0006I 688674  Obj 1.6631707e+10 Primal inf 1.5758035e+10 (342832)
Clp0006I 689674  Obj 1.6642091e+10 Primal inf 6.095767e+10 (333131)
Clp0006I 690674  Obj 1.6656663e+10 Primal inf 4.7339968e+11 (419142)
Clp0006I 691674  Obj 1.6673722e+10 Primal inf 1.2264153e+10 (296814)
Clp0006I 692674  Obj 1.668721e+10 Primal inf 3.6488403e+11 (356013)
Clp0006I 693674  Obj 1.6705707e+10 Primal inf 4.5477699e+11 (367483)
Clp0006I 694674  Obj 1.6712006e+10 Primal inf 1.4259507e+10 (293760)
Clp0006I 695674  Obj 1.6721573e+10 Primal inf 2.0868895e+11 (359960)
Clp0006I 696674  Obj 1.6725481e+10 Primal inf 1.6381329e+11 (353798)
Clp0006I 697674  Obj 1.6736747e+10 Primal inf 3.4298262e+11 (345159)
Clp0006I 698674  Obj 1.6749483e+10 Primal inf 1.2096338e+11 (357978)
Clp0006I 699674  Obj 1.67619e+10 Primal inf 1.4695291e+10 (336454)
Clp0006I 700674  Obj 1.6778248e+10 Primal inf 6.2547224e+10 (371633)
Clp0006I 701674  Obj 1.678828e+10 Primal inf 1.0680666e+11 (395040)
Clp0006I 702674  Obj 1.6804476e+10 Primal inf 5.1421403e+10 (314615)
Clp0006I 703674  Obj 1.6821877e+10 Primal inf 2.6593055e+12 (396585)
Clp0006I 704674  Obj 1.6867419e+10 Primal inf 6.6748021e+11 (346145)
Clp0006I 705674  Obj 1.6882856e+10 Primal inf 1.2656973e+12 (381064)
Clp0006I 706674  Obj 1.6896622e+10 Primal inf 9.4319669e+11 (400561)
Clp0006I 707674  Obj 1.6906275e+10 Primal inf 3.7419352e+10 (369489)
Clp0006I 708674  Obj 1.6914313e+10 Primal inf 1.7289152e+10 (346765)
Clp0006I 709674  Obj 1.6927001e+10 Primal inf 4.9930173e+12 (327173)
Clp0006I 710674  Obj 1.6935319e+10 Primal inf 1.8732717e+11 (416480)
Clp0006I 711674  Obj 1.6945478e+10 Primal inf 2.1944474e+11 (413253)
Clp0006I 712674  Obj 1.6957552e+10 Primal inf 2.1529903e+12 (377337)
Clp0006I 713674  Obj 1.6969982e+10 Primal inf 6.0811697e+11 (417978)
Clp0006I 714674  Obj 1.6981132e+10 Primal inf 2.2430888e+10 (419564)
Clp0006I 715674  Obj 1.699076e+10 Primal inf 1.6356905e+10 (345723)
Clp0006I 716674  Obj 1.7008585e+10 Primal inf 1.5416353e+10 (449016)
Clp0006I 717674  Obj 1.7021635e+10 Primal inf 8.586548e+09 (356047)
Clp0006I 718433  Obj 1.7038002e+10 Primal inf 4.0781097e+10 (385771)
Clp0006I 719433  Obj 1.7048839e+10 Primal inf 4.4842372e+10 (371526)
Clp0006I 720433  Obj 1.7071043e+10 Primal inf 6.7015454e+10 (328583)
Clp0006I 721433  Obj 1.7088049e+10 Primal inf 8.9450313e+12 (415981)
Clp0006I 722170  Obj 1.7109404e+10 Primal inf 7.1279127e+11 (376511)
Clp0006I 722891  Obj 1.7124472e+10 Primal inf 3.0441942e+12 (409526)
Clp0006I 723891  Obj 1.7138865e+10 Primal inf 1.2154794e+11 (316752)
Clp0006I 724891  Obj 1.715561e+10 Primal inf 4.9060545e+11 (336468)
Clp0006I 725891  Obj 1.7178244e+10 Primal inf 2.3665403e+12 (411332)
Clp0006I 726693  Obj 1.719103e+10 Primal inf 1.1728473e+11 (370031)
Clp0006I 727693  Obj 1.7205548e+10 Primal inf 5.8138112e+09 (286890)
Clp0006I 728693  Obj 1.7221356e+10 Primal inf 1.844358e+12 (371277)
Clp0006I 729693  Obj 1.7229977e+10 Primal inf 8.6945337e+10 (343976)
Clp0006I 730693  Obj 1.7242612e+10 Primal inf 5.9499325e+11 (368186)
Clp0006I 731693  Obj 1.7251487e+10 Primal inf 5.4702761e+10 (363901)
Clp0006I 732693  Obj 1.7269664e+10 Primal inf 7.8100482e+11 (416458)
Clp0006I 733693  Obj 1.7287341e+10 Primal inf 2.0741442e+10 (378388)
Clp0006I 734693  Obj 1.7297308e+10 Primal inf 1.5386115e+11 (311613)
Clp0006I 735693  Obj 1.7311465e+10 Primal inf 3.2601389e+12 (400919)
Clp0006I 736693  Obj 1.732862e+10 Primal inf 1.0796412e+13 (409278)
Clp0006I 737693  Obj 1.7343202e+10 Primal inf 1.7005813e+12 (420087)
Clp0006I 738693  Obj 1.7368715e+10 Primal inf 7.5103174e+10 (331281)
Clp0006I 739693  Obj 1.7383511e+10 Primal inf 6.4650321e+10 (324892)
Clp0006I 740693  Obj 1.7407437e+10 Primal inf 1.1722174e+11 (406260)
Clp0006I 741693  Obj 1.742509e+10 Primal inf 1.792681e+11 (357518)
Clp0006I 742693  Obj 1.7437466e+10 Primal inf 1.9934405e+11 (413017)
Clp0006I 743693  Obj 1.7446249e+10 Primal inf 1.3629124e+10 (343031)
Clp0006I 744693  Obj 1.7450484e+10 Primal inf 5.5237726e+11 (367694)
Clp0006I 745693  Obj 1.7462003e+10 Primal inf 1.3213065e+11 (431502)
Clp0006I 746693  Obj 1.7478817e+10 Primal inf 2.4746028e+10 (289192)
Clp0006I 747693  Obj 1.7489926e+10 Primal inf 4.2059562e+10 (354501)
Clp0006I 748693  Obj 1.7494274e+10 Primal inf 1.7310484e+11 (348272)
Clp0006I 749693  Obj 1.7505733e+10 Primal inf 6.8041303e+10 (358506)
Clp0006I 750693  Obj 1.751644e+10 Primal inf 7.0881524e+10 (353386)
Clp0006I 751693  Obj 1.7530589e+10 Primal inf 8.0029137e+10 (370694)
Clp0006I 752693  Obj 1.7546868e+10 Primal inf 1.721208e+10 (373725)
Clp0006I 753693  Obj 1.7560215e+10 Primal inf 9.8724991e+09 (346528)
Clp0006I 754693  Obj 1.7571722e+10 Primal inf 5.9468282e+11 (390972)
Clp0006I 755693  Obj 1.7587486e+10 Primal inf 1.590163e+11 (408818)
Clp0006I 756693  Obj 1.7609426e+10 Primal inf 4.8077991e+11 (362844)
Clp0006I 757693  Obj 1.7632279e+10 Primal inf 1.5567135e+12 (389859)
Clp0006I 758693  Obj 1.7645514e+10 Primal inf 6.7514444e+11 (373942)
Clp0006I 759693  Obj 1.7658959e+10 Primal inf 2.9148953e+11 (398607)
Clp0006I 760693  Obj 1.7669917e+10 Primal inf 5.1962887e+11 (416833)
Clp0006I 761693  Obj 1.767976e+10 Primal inf 2.9264592e+11 (427208)
Clp0006I 762693  Obj 1.7694101e+10 Primal inf 6.5036274e+11 (375338)
Clp0006I 763693  Obj 1.7707464e+10 Primal inf 9.9882889e+11 (410225)
Clp0006I 764693  Obj 1.7713187e+10 Primal inf 2.7895833e+10 (384414)
Clp0006I 765693  Obj 1.7715152e+10 Primal inf 1.567098e+10 (328938)
Clp0006I 766693  Obj 1.7717116e+10 Primal inf 1.5412587e+10 (333926)
Clp0006I 767693  Obj 1.7730968e+10 Primal inf 1.3629783e+12 (397830)
Clp0006I 768693  Obj 1.7743848e+10 Primal inf 1.2535779e+10 (289274)
Clp0006I 769693  Obj 1.7752598e+10 Primal inf 5.2158342e+10 (321259)
Clp0006I 770693  Obj 1.775591e+10 Primal inf 4.6499203e+11 (362229)
Clp0006I 771590  Obj 1.7762772e+10 Primal inf 2.7278797e+11 (379486)
Clp0006I 772590  Obj 1.7771539e+10 Primal inf 3.1118223e+11 (364060)
Clp0006I 773590  Obj 1.7779214e+10 Primal inf 6.7174881e+09 (365304)
Clp0006I 774590  Obj 1.77884e+10 Primal inf 4.8816003e+10 (372854)
Clp0006I 775590  Obj 1.7793604e+10 Primal inf 1.6720794e+11 (316293)
Clp0006I 776590  Obj 1.7805236e+10 Primal inf 8.7127829e+10 (397814)
Clp0006I 777590  Obj 1.7816845e+10 Primal inf 8.499207e+09 (283747)
Clp0006I 778590  Obj 1.7822403e+10 Primal inf 1.5091248e+11 (351465)
Clp0006I 779590  Obj 1.7829302e+10 Primal inf 7.8821197e+10 (344141)
Clp0006I 780590  Obj 1.7845622e+10 Primal inf 7.055271e+11 (388064)
Clp0006I 781590  Obj 1.7856579e+10 Primal inf 2.0436243e+10 (319302)
Clp0006I 782590  Obj 1.7863565e+10 Primal inf 2.3877277e+11 (340729)
Clp0006I 783590  Obj 1.787699e+10 Primal inf 1.0527552e+12 (335579)
Clp0006I 784590  Obj 1.7893865e+10 Primal inf 5.4112571e+11 (353156)
Clp0006I 785590  Obj 1.7907593e+10 Primal inf 2.2740811e+11 (382962)
Clp0006I 786590  Obj 1.7919551e+10 Primal inf 2.325754e+11 (390260)
Clp0006I 787590  Obj 1.7930155e+10 Primal inf 4.8075203e+11 (390461)
Clp0006I 788590  Obj 1.7943764e+10 Primal inf 1.8231745e+12 (388195)
Clp0006I 789590  Obj 1.7955046e+10 Primal inf 2.5457462e+12 (417312)
Clp0006I 790590  Obj 1.7974193e+10 Primal inf 3.8474128e+11 (369947)
Clp0006I 791590  Obj 1.799822e+10 Primal inf 8.5890253e+12 (399324)
Clp0006I 792590  Obj 1.8010222e+10 Primal inf 3.3054492e+10 (383795)
Clp0006I 793590  Obj 1.8023269e+10 Primal inf 1.0930635e+12 (366743)
Clp0006I 794190  Obj 1.803004e+10 Primal inf 3.985633e+10 (369964)
Clp0006I 795190  Obj 1.8037663e+10 Primal inf 2.7182335e+10 (309881)
Clp0006I 796190  Obj 1.8049112e+10 Primal inf 1.6861111e+11 (420436)
Clp0006I 797190  Obj 1.8062555e+10 Primal inf 1.3092289e+11 (444720)
Clp0006I 798190  Obj 1.8086689e+10 Primal inf 1.7509655e+11 (385813)
Clp0006I 799190  Obj 1.8134279e+10 Primal inf 2.5149474e+12 (337106)
Clp0006I 800190  Obj 1.8142796e+10 Primal inf 7.8064648e+10 (398520)
Clp0006I 801190  Obj 1.8150037e+10 Primal inf 1.3352323e+12 (319513)
Clp0006I 802190  Obj 1.8154314e+10 Primal inf 1.73802e+11 (391310)
Clp0006I 803190  Obj 1.8159515e+10 Primal inf 4.2016895e+10 (351788)
Clp0006I 804190  Obj 1.8167941e+10 Primal inf 8.0262846e+10 (336157)
Clp0006I 805190  Obj 1.8178114e+10 Primal inf 1.5967983e+11 (402395)
Clp0006I 806190  Obj 1.8182778e+10 Primal inf 1.0690917e+11 (364281)
Clp0006I 807190  Obj 1.8193719e+10 Primal inf 5.3763997e+10 (330160)
Clp0006I 808190  Obj 1.8201696e+10 Primal inf 1.2391881e+11 (358518)
Clp0006I 809190  Obj 1.8207529e+10 Primal inf 1.0315517e+12 (379677)
Clp0006I 810190  Obj 1.8209889e+10 Primal inf 1.1334819e+11 (260302)
Clp0006I 811190  Obj 1.8217403e+10 Primal inf 7.8497593e+09 (368441)
Clp0006I 812190  Obj 1.8227053e+10 Primal inf 5.1187423e+10 (325145)
Clp0006I 813190  Obj 1.8234849e+10 Primal inf 4.8749918e+11 (382807)
Clp0006I 814190  Obj 1.8242737e+10 Primal inf 7.4601733e+10 (291817)
Clp0006I 815190  Obj 1.8254741e+10 Primal inf 8.7424599e+09 (384333)
Clp0006I 816190  Obj 1.8265335e+10 Primal inf 4.6898494e+10 (356732)
Clp0006I 817190  Obj 1.8278449e+10 Primal inf 1.1866105e+11 (372757)
Clp0006I 818190  Obj 1.8287462e+10 Primal inf 1.046423e+11 (383049)
Clp0006I 819190  Obj 1.8300785e+10 Primal inf 8.4252122e+10 (371348)
Clp0006I 820190  Obj 1.8313087e+10 Primal inf 7.6983585e+10 (319499)
Clp0006I 821190  Obj 1.8321765e+10 Primal inf 5.5401767e+10 (349431)
Clp0006I 822190  Obj 1.8331933e+10 Primal inf 6.0340609e+10 (374504)
Clp0006I 823190  Obj 1.8343686e+10 Primal inf 1.4891208e+10 (315075)
Clp0006I 824190  Obj 1.8355622e+10 Primal inf 5.7464068e+10 (353299)
Clp0006I 825190  Obj 1.8362685e+10 Primal inf 4.3699148e+09 (340476)
Clp0006I 826190  Obj 1.8388831e+10 Primal inf 4.8659242e+11 (415981)
Clp0006I 827190  Obj 1.8409135e+10 Primal inf 1.6582741e+10 (340095)
Clp0006I 828190  Obj 1.8430069e+10 Primal inf 1.7833068e+11 (413905)
Clp0006I 829190  Obj 1.843907e+10 Primal inf 4.5900403e+10 (311245)
Clp0006I 830190  Obj 1.8447687e+10 Primal inf 2.4176566e+10 (295908)
Clp0006I 831190  Obj 1.8454422e+10 Primal inf 5.8782683e+10 (336963)
Clp0006I 832190  Obj 1.8470086e+10 Primal inf 3.7304844e+10 (365789)
Clp0006I 833190  Obj 1.8499266e+10 Primal inf 3.1266855e+11 (355720)
Clp0006I 834190  Obj 1.8508839e+10 Primal inf 6.2927631e+10 (360154)
Clp0006I 835190  Obj 1.852833e+10 Primal inf 1.053655e+11 (356586)
Clp0006I 836190  Obj 1.8548896e+10 Primal inf 1.1287033e+12 (363274)
Clp0006I 837190  Obj 1.856181e+10 Primal inf 1.7259432e+12 (411372)
Clp0006I 838190  Obj 1.8641852e+10 Primal inf 6.0148617e+11 (405131)
Clp0006I 839190  Obj 1.8661918e+10 Primal inf 4.4822114e+10 (363385)
Clp0006I 840190  Obj 1.8672158e+10 Primal inf 1.3208008e+11 (413817)
Clp0006I 841190  Obj 1.8693526e+10 Primal inf 9.1318864e+11 (336035)
Clp0006I 842190  Obj 1.8701385e+10 Primal inf 9.2340926e+10 (361847)
Clp0006I 843190  Obj 1.8705648e+10 Primal inf 7.7914683e+10 (322935)
Clp0006I 844190  Obj 1.871015e+10 Primal inf 7.2550317e+10 (325265)
Clp0006I 845190  Obj 1.8716132e+10 Primal inf 8.0575771e+10 (354119)
Clp0006I 846190  Obj 1.8723319e+10 Primal inf 1.2285188e+10 (348198)
Clp0006I 847190  Obj 1.8730508e+10 Primal inf 9.4741441e+10 (353303)
Clp0006I 848190  Obj 1.8740958e+10 Primal inf 1.1984927e+10 (291925)
Clp0006I 849190  Obj 1.8753307e+10 Primal inf 2.915556e+10 (301668)
Clp0006I 850190  Obj 1.8761815e+10 Primal inf 1.2012818e+11 (388619)
Clp0006I 851190  Obj 1.8768154e+10 Primal inf 2.0079785e+10 (311546)
Clp0006I 852190  Obj 1.8774265e+10 Primal inf 2.3733309e+10 (321104)
Clp0006I 853190  Obj 1.8785826e+10 Primal inf 5.7137592e+11 (300509)
Clp0006I 854190  Obj 1.8793335e+10 Primal inf 4.2902505e+10 (322387)
Clp0006I 855190  Obj 1.8801093e+10 Primal inf 9.3134353e+11 (446712)
Clp0006I 856190  Obj 1.8806135e+10 Primal inf 1.3792408e+10 (342808)
Clp0006I 857190  Obj 1.8812378e+10 Primal inf 1.9684631e+10 (327820)
Clp0006I 858190  Obj 1.8820069e+10 Primal inf 7.8775635e+09 (311435)
Clp0006I 859190  Obj 1.8827286e+10 Primal inf 5.9457119e+10 (315053)
Clp0006I 860190  Obj 1.8834575e+10 Primal inf 7.7177434e+12 (427411)
Clp0006I 861190  Obj 1.8844415e+10 Primal inf 6.9470461e+10 (329483)
Clp0006I 862190  Obj 1.8855069e+10 Primal inf 1.0802805e+10 (317048)
Clp0006I 863190  Obj 1.885969e+10 Primal inf 4.3640612e+10 (434743)
Clp0006I 864190  Obj 1.8867026e+10 Primal inf 9.1546058e+10 (319715)
Clp0006I 865190  Obj 1.8872823e+10 Primal inf 1.6041088e+10 (346664)
Clp0006I 866190  Obj 1.8882038e+10 Primal inf 5.9001159e+10 (379236)
Clp0006I 867190  Obj 1.8887873e+10 Primal inf 5.6957778e+11 (369116)
Clp0006I 868190  Obj 1.8893771e+10 Primal inf 7.6506902e+09 (297813)
Clp0006I 869190  Obj 1.8900253e+10 Primal inf 7.8617753e+09 (312416)
Clp0006I 870190  Obj 1.8908248e+10 Primal inf 2.3284568e+11 (437877)
Clp0006I 871190  Obj 1.8918808e+10 Primal inf 2.6784989e+10 (330347)
Clp0006I 872190  Obj 1.8926093e+10 Primal inf 4.2565588e+10 (313775)
Clp0006I 873190  Obj 1.8934554e+10 Primal inf 4.4763645e+10 (300285)
Clp0006I 874190  Obj 1.8941591e+10 Primal inf 1.1009759e+10 (349239)
Clp0006I 875190  Obj 1.8945864e+10 Primal inf 3.1854186e+10 (347394)
Clp0006I 876190  Obj 1.8952611e+10 Primal inf 4.3487828e+10 (379303)
Clp0006I 877190  Obj 1.8958966e+10 Primal inf 3.5564422e+10 (386108)
Clp0006I 878190  Obj 1.8968127e+10 Primal inf 2.4189752e+10 (275897)
Clp0006I 879190  Obj 1.8974091e+10 Primal inf 8.0822956e+09 (272681)
Clp0006I 880190  Obj 1.8980043e+10 Primal inf 9.8927093e+09 (337964)
Clp0006I 881190  Obj 1.898626e+10 Primal inf 6.6320709e+10 (357938)
Clp0006I 882190  Obj 1.8991927e+10 Primal inf 5.5849543e+10 (396711)
Clp0006I 883190  Obj 1.8997945e+10 Primal inf 2.6873759e+10 (335967)
Clp0006I 884190  Obj 1.9003142e+10 Primal inf 2.8373107e+11 (348185)
Clp0006I 885190  Obj 1.9008797e+10 Primal inf 7.9591518e+10 (341782)
Clp0006I 886190  Obj 1.9015956e+10 Primal inf 2.6322439e+10 (429702)
Clp0006I 887190  Obj 1.9025511e+10 Primal inf 4.8936101e+10 (350195)
Clp0006I 888190  Obj 1.9039668e+10 Primal inf 5.0434598e+11 (331848)
Clp0006I 889190  Obj 1.9050954e+10 Primal inf 1.2318945e+11 (381093)
Clp0006I 890190  Obj 1.9066582e+10 Primal inf 4.4755124e+10 (385927)
Clp0006I 891190  Obj 1.9073815e+10 Primal inf 6.0900393e+10 (424376)
Clp0006I 892190  Obj 1.9083727e+10 Primal inf 1.0394197e+11 (361553)
Clp0006I 893190  Obj 1.9093265e+10 Primal inf 2.6907074e+11 (425054)
Clp0006I 894190  Obj 1.9101657e+10 Primal inf 8.7117777e+10 (350629)
Clp0006I 895190  Obj 1.9112694e+10 Primal inf 3.4925856e+10 (337056)
Clp0006I 896190  Obj 1.9121892e+10 Primal inf 3.0399295e+10 (331591)
Clp0006I 897190  Obj 1.9135746e+10 Primal inf 4.4122628e+10 (427005)
Clp0006I 898190  Obj 1.9143728e+10 Primal inf 2.8611813e+11 (372142)
Clp0006I 898994  Obj 1.9151165e+10 Primal inf 1.8741496e+11 (407142)
Clp0006I 899994  Obj 1.9159936e+10 Primal inf 6.3317114e+09 (300384)
Clp0006I 900994  Obj 1.917156e+10 Primal inf 1.1345899e+12 (358903)
Clp0006I 901928  Obj 1.9181761e+10 Primal inf 9.9446893e+10 (344777)
Clp0006I 902928  Obj 1.9190024e+10 Primal inf 3.6076861e+10 (329998)
Clp0006I 903928  Obj 1.9198175e+10 Primal inf 1.2142684e+11 (308905)
Clp0006I 904928  Obj 1.9204254e+10 Primal inf 2.1502365e+11 (384328)
Clp0006I 905928  Obj 1.9212616e+10 Primal inf 1.0205905e+11 (364630)
Clp0006I 906928  Obj 1.9221604e+10 Primal inf 6.3699718e+11 (374418)
Clp0006I 907928  Obj 1.9228388e+10 Primal inf 1.3380147e+10 (346214)
Clp0006I 908928  Obj 1.9234789e+10 Primal inf 8.9263018e+09 (320469)
Clp0006I 909928  Obj 1.9241982e+10 Primal inf 4.6612835e+10 (330196)
Clp0006I 910928  Obj 1.9245356e+10 Primal inf 6.7435827e+09 (307353)
Clp0006I 911928  Obj 1.9254446e+10 Primal inf 1.9181672e+11 (365109)
Clp0006I 912769  Obj 1.9266532e+10 Primal inf 2.1408971e+10 (367043)
Clp0006I 913769  Obj 1.9279718e+10 Primal inf 3.0812723e+11 (340856)
Clp0006I 914769  Obj 1.9285599e+10 Primal inf 2.8611987e+09 (298129)
Clp0006I 915769  Obj 1.9289777e+10 Primal inf 1.9016537e+10 (384865)
Clp0006I 916769  Obj 1.9294404e+10 Primal inf 1.9188783e+10 (358668)
Clp0006I 917769  Obj 1.9297142e+10 Primal inf 1.0593896e+11 (402007)
Clp0006I 918769  Obj 1.930311e+10 Primal inf 6.3330933e+10 (409625)
Clp0006I 919769  Obj 1.9313444e+10 Primal inf 2.7587203e+10 (371144)
Clp0006I 920448  Obj 1.9321671e+10 Primal inf 9.5332268e+10 (355508)
Clp0006I 921209  Obj 1.9330997e+10 Primal inf 5.5265577e+10 (409539)
Clp0006I 922209  Obj 1.9342342e+10 Primal inf 7.3115001e+09 (318085)
Clp0006I 923209  Obj 1.9356948e+10 Primal inf 1.1939093e+10 (365805)
Clp0006I 924209  Obj 1.9368055e+10 Primal inf 3.8805118e+11 (403481)
Clp0006I 925209  Obj 1.9385446e+10 Primal inf 2.0938871e+11 (346124)
Clp0006I 926209  Obj 1.9393531e+10 Primal inf 2.4735168e+10 (354843)
Clp0006I 927209  Obj 1.9402241e+10 Primal inf 2.4991504e+11 (351326)
Clp0006I 928209  Obj 1.9422684e+10 Primal inf 1.2124689e+11 (363066)
Clp0006I 929209  Obj 1.9432331e+10 Primal inf 1.984036e+10 (364411)
Clp0006I 930209  Obj 1.9442944e+10 Primal inf 1.3600549e+11 (378617)
Clp0006I 931209  Obj 1.945205e+10 Primal inf 4.2196694e+10 (420207)
Clp0006I 932209  Obj 1.9464802e+10 Primal inf 3.5559076e+11 (397831)
Clp0006I 933209  Obj 1.9481849e+10 Primal inf 7.9820841e+11 (429099)
Clp0006I 934209  Obj 1.9497863e+10 Primal inf 2.4484443e+12 (402501)
Clp0006I 935209  Obj 1.9507346e+10 Primal inf 1.1946797e+11 (384467)
Clp0006I 936209  Obj 1.9519973e+10 Primal inf 3.5437885e+10 (422458)
Clp0006I 937209  Obj 1.9529469e+10 Primal inf 1.0278098e+11 (444112)
Clp0006I 938209  Obj 1.9541695e+10 Primal inf 1.1967877e+10 (391786)
Clp0006I 939209  Obj 1.9545969e+10 Primal inf 2.2462364e+10 (340416)
Clp0006I 940209  Obj 1.9550469e+10 Primal inf 1.0934085e+10 (318125)
Clp0006I 941209  Obj 1.9556603e+10 Primal inf 9.1267022e+09 (364730)
Clp0006I 942209  Obj 1.9562019e+10 Primal inf 2.588232e+10 (402350)
Clp0006I 943209  Obj 1.9565646e+10 Primal inf 3.9953108e+10 (328479)
Clp0006I 944209  Obj 1.9570516e+10 Primal inf 9.2107957e+10 (366512)
Clp0006I 945209  Obj 1.9577101e+10 Primal inf 4.9606204e+10 (405578)
Clp0006I 946209  Obj 1.9582412e+10 Primal inf 3.6661882e+09 (318944)
Clp0006I 947209  Obj 1.9588188e+10 Primal inf 1.885181e+11 (367712)
Clp0006I 948209  Obj 1.9593409e+10 Primal inf 5.4898013e+09 (271332)
Clp0006I 949209  Obj 1.9596895e+10 Primal inf 8.775849e+09 (307678)
Clp0006I 950209  Obj 1.9602118e+10 Primal inf 9.9902251e+09 (355914)
Clp0006I 951209  Obj 1.9606841e+10 Primal inf 3.1340157e+10 (374229)
Clp0006I 952209  Obj 1.9610607e+10 Primal inf 3.1801927e+10 (378056)
Clp0006I 953209  Obj 1.9616463e+10 Primal inf 2.1323641e+10 (302239)
Clp0006I 954209  Obj 1.9623534e+10 Primal inf 2.35371e+10 (325420)
Clp0006I 955209  Obj 1.9629227e+10 Primal inf 1.5774594e+10 (356998)
Clp0006I 956209  Obj 1.9634511e+10 Primal inf 2.1764849e+10 (337653)
Clp0006I 957209  Obj 1.9640293e+10 Primal inf 3.4205946e+10 (365331)
Clp0006I 958209  Obj 1.9645235e+10 Primal inf 8.0826246e+09 (378735)
Clp0006I 959209  Obj 1.965242e+10 Primal inf 3.7058976e+10 (452319)
Clp0006I 960209  Obj 1.9661569e+10 Primal inf 7.6786698e+10 (332446)
Clp0006I 961209  Obj 1.9673343e+10 Primal inf 1.2388839e+10 (438711)
Clp0006I 962209  Obj 1.9678885e+10 Primal inf 2.01689e+10 (377453)
Clp0006I 963209  Obj 1.968387e+10 Primal inf 4.1062571e+10 (401171)
Clp0006I 964209  Obj 1.9688876e+10 Primal inf 2.9033472e+10 (394368)
Clp0006I 965209  Obj 1.9695758e+10 Primal inf 6.0237646e+12 (318198)
Clp0006I 966209  Obj 1.9699779e+10 Primal inf 7.7506932e+10 (366852)
Clp0006I 967209  Obj 1.9707476e+10 Primal inf 7.5905184e+09 (351408)
Clp0006I 968209  Obj 1.9711805e+10 Primal inf 7.4336471e+11 (366134)
Clp0006I 969090  Obj 1.9720059e+10 Primal inf 5.2248528e+10 (428541)
Clp0006I 970090  Obj 1.9724457e+10 Primal inf 1.4844494e+10 (324283)
Clp0006I 971090  Obj 1.9728676e+10 Primal inf 7.1998103e+10 (365893)
Clp0006I 972090  Obj 1.9733501e+10 Primal inf 1.7067803e+09 (269539)
Clp0006I 973090  Obj 1.9736785e+10 Primal inf 1.2824647e+10 (369331)
Clp0006I 974090  Obj 1.9741937e+10 Primal inf 1.5371877e+10 (299333)
Clp0006I 975090  Obj 1.9743206e+10 Primal inf 1.0417424e+10 (344937)
Clp0006I 976090  Obj 1.9749639e+10 Primal inf 1.4499137e+10 (317247)
Clp0006I 977090  Obj 1.9757565e+10 Primal inf 3.8306627e+11 (325887)
Clp0006I 978084  Obj 1.976405e+10 Primal inf 3.4526452e+11 (437831)
Clp0006I 979084  Obj 1.9799946e+10 Primal inf 2.0145259e+10 (325141)
Clp0006I 980084  Obj 1.9805197e+10 Primal inf 1.1882878e+10 (368721)
Clp0006I 981084  Obj 1.9811535e+10 Primal inf 3.2369167e+10 (339262)
Clp0006I 982084  Obj 1.9818915e+10 Primal inf 3.6632783e+09 (318459)
Clp0006I 983084  Obj 1.9825009e+10 Primal inf 1.6850843e+10 (356038)
Clp0006I 984084  Obj 1.9832529e+10 Primal inf 2.0825396e+10 (349630)
Clp0006I 985084  Obj 1.9837712e+10 Primal inf 3.6345563e+09 (291080)
Clp0006I 986084  Obj 1.9841547e+10 Primal inf 1.576867e+10 (377979)
Clp0006I 987084  Obj 1.9849251e+10 Primal inf 2.1616534e+11 (371384)
Clp0006I 988084  Obj 1.9854459e+10 Primal inf 1.1049839e+10 (324003)
Clp0006I 989084  Obj 1.9858564e+10 Primal inf 4.1552112e+10 (406234)
Clp0006I 990084  Obj 1.9864761e+10 Primal inf 2.009954e+10 (294867)
Clp0006I 991002  Obj 1.9874386e+10 Primal inf 8.7830763e+09 (412411)
Clp0006I 992002  Obj 1.9881337e+10 Primal inf 2.8687751e+09 (288486)
Clp0006I 993002  Obj 1.9888216e+10 Primal inf 2.613489e+10 (367785)
Clp0006I 994002  Obj 1.9891784e+10 Primal inf 2.8882631e+10 (275683)
Clp0006I 995002  Obj 1.9894953e+10 Primal inf 2.0580477e+10 (383495)
Clp0006I 996002  Obj 1.9902088e+10 Primal inf 3.2220153e+10 (403579)
Clp0006I 997002  Obj 1.9911375e+10 Primal inf 1.381936e+10 (334421)
Clp0006I 998002  Obj 1.9917915e+10 Primal inf 1.3208533e+11 (404347)
Clp0006I 998627  Obj 1.9922355e+10 Primal inf 4.8150734e+10 (419384)
Clp0006I 999627  Obj 1.9931944e+10 Primal inf 1.2003014e+10 (398189)
Clp0006I 1000627  Obj 1.9937595e+10 Primal inf 7.6986714e+10 (401449)
Clp0006I 1001627  Obj 1.9947572e+10 Primal inf 6.7049817e+10 (424526)
Clp0006I 1002627  Obj 1.9950693e+10 Primal inf 6.1310819e+10 (376445)
Clp0006I 1003490  Obj 1.9955979e+10 Primal inf 1.0145436e+10 (379652)
Clp0006I 1004490  Obj 1.9959209e+10 Primal inf 3.0520323e+10 (290813)
Clp0006I 1005490  Obj 1.9961693e+10 Primal inf 1.272351e+10 (284771)
Clp0006I 1006490  Obj 1.9966471e+10 Primal inf 1.8855991e+10 (356029)
Clp0006I 1007330  Obj 1.9970255e+10 Primal inf 7.2613233e+10 (431042)
Clp0006I 1008330  Obj 1.9978411e+10 Primal inf 1.3755138e+12 (392909)
Clp0006I 1009330  Obj 1.9986031e+10 Primal inf 1.1984491e+09 (237339)
Clp0006I 1010330  Obj 1.9992849e+10 Primal inf 1.9599692e+10 (457968)
Clp0006I 1011330  Obj 1.999729e+10 Primal inf 4.3442059e+09 (304480)
Clp0006I 1012330  Obj 2.0003111e+10 Primal inf 7.45656e+09 (376582)
Clp0006I 1013330  Obj 2.0012753e+10 Primal inf 4.1385745e+09 (251571)
Clp0006I 1014330  Obj 2.0017244e+10 Primal inf 3.7114847e+10 (392954)
Clp0006I 1015330  Obj 2.0021968e+10 Primal inf 2.1114119e+09 (226643)
Clp0006I 1016330  Obj 2.0027081e+10 Primal inf 3.8325388e+10 (472440)
Clp0006I 1017330  Obj 2.0029353e+10 Primal inf 6.8321459e+09 (332044)
Clp0006I 1018330  Obj 2.0033041e+10 Primal inf 1.7790671e+11 (382739)
Clp0006I 1019330  Obj 2.0037632e+10 Primal inf 2.1287497e+10 (309451)
Clp0006I 1020330  Obj 2.0041399e+10 Primal inf 5.6929601e+09 (425406)
Clp0006I 1021294  Obj 2.0045543e+10 Primal inf 8.4654921e+11 (463047)
Clp0006I 1022138  Obj 2.0049202e+10 Primal inf 3.9710098e+09 (329834)
Clp0006I 1023138  Obj 2.0052625e+10 Primal inf 1.3032632e+10 (373449)
Clp0006I 1024138  Obj 2.0056908e+10 Primal inf 6.4826463e+09 (320570)
Clp0006I 1025138  Obj 2.0062591e+10 Primal inf 1.7014319e+10 (302830)
Clp0006I 1026138  Obj 2.0068043e+10 Primal inf 4.0872181e+10 (382505)
Clp0006I 1027138  Obj 2.0071602e+10 Primal inf 1.6471472e+10 (333440)
Clp0006I 1028138  Obj 2.0075616e+10 Primal inf 3.0552181e+10 (382193)
Clp0006I 1028682  Obj 2.0078122e+10 Primal inf 2.1996043e+10 (373815)
Clp0006I 1029682  Obj 2.0082964e+10 Primal inf 3.2167574e+09 (268855)
Clp0006I 1030682  Obj 2.0086293e+10 Primal inf 9.0182772e+10 (348447)
Clp0006I 1031682  Obj 2.008969e+10 Primal inf 5.7167651e+10 (367284)
Clp0006I 1032682  Obj 2.009789e+10 Primal inf 7.133853e+10 (358543)
Clp0006I 1033682  Obj 2.0102862e+10 Primal inf 9.2494463e+09 (357591)
Clp0006I 1034682  Obj 2.0109374e+10 Primal inf 1.1735231e+10 (311087)
Clp0006I 1035682  Obj 2.0112947e+10 Primal inf 1.2106136e+10 (405689)
Clp0006I 1036682  Obj 2.0116685e+10 Primal inf 9.1478661e+09 (427827)
Clp0006I 1037682  Obj 2.0119612e+10 Primal inf 4.7933267e+10 (295449)
Clp0006I 1038682  Obj 2.0126539e+10 Primal inf 9.0784781e+09 (334925)
Clp0006I 1039682  Obj 2.0129558e+10 Primal inf 1.0186524e+11 (351317)
Clp0006I 1040682  Obj 2.0136434e+10 Primal inf 8.9988462e+09 (347979)
Clp0006I 1041682  Obj 2.0143716e+10 Primal inf 1.1203493e+10 (403313)
Clp0006I 1042682  Obj 2.0147023e+10 Primal inf 6.6196067e+09 (275434)
Clp0006I 1043682  Obj 2.0158561e+10 Primal inf 8.1799621e+09 (388290)
Clp0006I 1044682  Obj 2.016434e+10 Primal inf 1.4690756e+10 (397547)
Clp0006I 1045682  Obj 2.0181874e+10 Primal inf 1.0941014e+09 (303279)
Clp0006I 1046682  Obj 2.0199558e+10 Primal inf 4.6968869e+09 (286950)
Clp0006I 1047682  Obj 2.0207736e+10 Primal inf 8.4008635e+09 (326872)
Clp0006I 1048682  Obj 2.0221369e+10 Primal inf 4.7654387e+09 (309897)
Clp0006I 1049682  Obj 2.0227328e+10 Primal inf 6.7130085e+09 (431198)
Clp0006I 1050682  Obj 2.0237105e+10 Primal inf 1.9617826e+11 (458200)
Clp0006I 1051682  Obj 2.0277481e+10 Primal inf 5.2330355e+11 (477063)
Clp0006I 1052682  Obj 2.0311325e+10 Primal inf 3.2972474e+12 (484681)
Clp0006I 1053682  Obj 2.0317459e+10 Primal inf 3.3034321e+10 (371456)
Clp0006I 1054682  Obj 2.0326891e+10 Primal inf 2.8849148e+09 (318830)
Clp0006I 1055682  Obj 2.0333847e+10 Primal inf 2.9015803e+09 (243247)
Clp0006I 1056682  Obj 2.0336299e+10 Primal inf 1.0728352e+10 (362120)
Clp0006I 1057682  Obj 2.0338854e+10 Primal inf 9.3085169e+10 (325849)
Clp0006I 1058682  Obj 2.0341713e+10 Primal inf 1.1014534e+11 (465244)
Clp0006I 1059682  Obj 2.0344007e+10 Primal inf 6.7946881e+09 (318246)
Clp0006I 1060682  Obj 2.0345893e+10 Primal inf 7.7620868e+09 (353054)
Clp0006I 1061682  Obj 2.0349303e+10 Primal inf 1.9624095e+09 (284094)
Clp0006I 1062682  Obj 2.0351524e+10 Primal inf 2.2257529e+10 (432881)
Clp0006I 1063682  Obj 2.0353921e+10 Primal inf 4.7471074e+11 (351968)
Clp0006I 1064682  Obj 2.0357379e+10 Primal inf 1.0939434e+11 (311183)
Clp0006I 1065682  Obj 2.0360545e+10 Primal inf 2.8678034e+10 (398460)
Clp0006I 1066682  Obj 2.0361838e+10 Primal inf 1.2494738e+10 (353631)
Clp0006I 1067682  Obj 2.0363732e+10 Primal inf 4.7352634e+09 (322293)
Clp0006I 1068682  Obj 2.0366238e+10 Primal inf 6.0360301e+09 (303238)
Clp0006I 1069682  Obj 2.0369337e+10 Primal inf 5.8707638e+10 (307331)
Clp0006I 1070682  Obj 2.0370813e+10 Primal inf 1.5498513e+09 (278515)
Clp0006I 1071682  Obj 2.0371462e+10 Primal inf 7.8444194e+09 (368274)
Clp0006I 1072682  Obj 2.0374218e+10 Primal inf 1.9182945e+10 (293030)
Clp0006I 1073682  Obj 2.0377734e+10 Primal inf 6.9746752e+09 (280888)
Clp0006I 1074682  Obj 2.0379912e+10 Primal inf 1.7658459e+10 (316339)
Clp0006I 1075682  Obj 2.038227e+10 Primal inf 1.7999807e+09 (242065)
Clp0006I 1076536  Obj 2.0386927e+10 Primal inf 4.3226731e+10 (357969)
Clp0006I 1077536  Obj 2.0391471e+10 Primal inf 2.6491573e+10 (343005)
Clp0006I 1078474  Obj 2.0397031e+10 Primal inf 6.2715676e+10 (333859)
Clp0006I 1079474  Obj 2.0401785e+10 Primal inf 1.8617982e+10 (410741)
Clp0006I 1080474  Obj 2.0405709e+10 Primal inf 7.3445535e+10 (345744)
Clp0006I 1081474  Obj 2.0409415e+10 Primal inf 1.9006533e+10 (346622)
Clp0006I 1082474  Obj 2.0412515e+10 Primal inf 3.1004886e+09 (349082)
Clp0006I 1083365  Obj 2.0417328e+10 Primal inf 4.4261734e+10 (323651)
Clp0006I 1084365  Obj 2.0424774e+10 Primal inf 2.2741663e+09 (288752)
Clp0006I 1085030  Obj 2.0426997e+10 Primal inf 6.7392407e+09 (307802)
Clp0006I 1086030  Obj 2.0434936e+10 Primal inf 4.3109046e+10 (422489)
Clp0006I 1087030  Obj 2.0437787e+10 Primal inf 4.6225629e+10 (369773)
Clp0006I 1088030  Obj 2.0440921e+10 Primal inf 4.0261494e+09 (318788)
Clp0006I 1089030  Obj 2.0444718e+10 Primal inf 2.5217227e+09 (266828)
Clp0006I 1090030  Obj 2.0448669e+10 Primal inf 6.0381153e+09 (371150)
Clp0006I 1091030  Obj 2.0452387e+10 Primal inf 9.8781618e+09 (323551)
Clp0006I 1092030  Obj 2.045985e+10 Primal inf 5.4080528e+09 (352825)
Clp0006I 1093030  Obj 2.0464322e+10 Primal inf 1.1365065e+10 (354507)
Clp0006I 1094030  Obj 2.0471341e+10 Primal inf 6.2923206e+10 (334168)
Clp0006I 1094871  Obj 2.0478408e+10 Primal inf 6.780533e+10 (387343)
Clp0006I 1095871  Obj 2.0480767e+10 Primal inf 2.0557082e+09 (327458)
Clp0006I 1096871  Obj 2.0494066e+10 Primal inf 4.4953009e+09 (282727)
Clp0006I 1097871  Obj 2.0497129e+10 Primal inf 3.26276e+09 (299155)
Clp0006I 1098871  Obj 2.0510181e+10 Primal inf 1.3864166e+09 (294295)
Clp0006I 1099871  Obj 2.0534886e+10 Primal inf 2.7641012e+08 (283334)
Clp0006I 1100871  Obj 2.0547636e+10 Primal inf 5.6885297e+09 (388348)
Clp0006I 1101871  Obj 2.0552119e+10 Primal inf 3.6006913e+10 (383234)
Clp0006I 1102871  Obj 2.0557807e+10 Primal inf 1.2767263e+10 (299429)
Clp0006I 1103855  Obj 2.0566372e+10 Primal inf 1.7487701e+11 (404637)
Clp0006I 1104855  Obj 2.0570618e+10 Primal inf 2.1197049e+09 (211030)
Clp0006I 1105855  Obj 2.0572754e+10 Primal inf 1.1387398e+10 (376167)
Clp0006I 1106855  Obj 2.0576961e+10 Primal inf 9.2338138e+09 (363258)
Clp0006I 1107855  Obj 2.0584009e+10 Primal inf 1.399449e+11 (424372)
Clp0006I 1108855  Obj 2.060599e+10 Primal inf 4.9238414e+08 (180658)
Clp0006I 1109855  Obj 2.0629489e+10 Primal inf 2.787429e+09 (299859)
Clp0006I 1110855  Obj 2.0641956e+10 Primal inf 5.6610472e+09 (369081)
Clp0006I 1111855  Obj 2.0658113e+10 Primal inf 4.1071404e+09 (387084)
Clp0006I 1112855  Obj 2.0673603e+10 Primal inf 5.369265e+09 (304866)
Clp0006I 1113855  Obj 2.068864e+10 Primal inf 2.4782264e+09 (328088)
Clp0006I 1114855  Obj 2.0700774e+10 Primal inf 1.7882621e+09 (259862)
Clp0006I 1115855  Obj 2.0715822e+10 Primal inf 8.2859026e+09 (372459)
Clp0006I 1116855  Obj 2.0735401e+10 Primal inf 9.4418223e+08 (304377)
Clp0006I 1117855  Obj 2.0746903e+10 Primal inf 1.3440021e+10 (337168)
Clp0006I 1118855  Obj 2.0765064e+10 Primal inf 4.845671e+09 (366877)
Clp0006I 1119855  Obj 2.0774814e+10 Primal inf 6.8793687e+09 (309785)
Clp0006I 1120855  Obj 2.078201e+10 Primal inf 3.2027131e+10 (407523)
Clp0006I 1121855  Obj 2.0797209e+10 Primal inf 5.2056516e+09 (315945)
Clp0006I 1122855  Obj 2.0803992e+10 Primal inf 1.5798542e+09 (255052)
Clp0006I 1123855  Obj 2.0812366e+10 Primal inf 2.0876886e+10 (360636)
Clp0006I 1124855  Obj 2.0815872e+10 Primal inf 4.836552e+09 (276875)
Clp0006I 1125855  Obj 2.0818418e+10 Primal inf 1.3397075e+11 (398728)
Clp0006I 1126855  Obj 2.082104e+10 Primal inf 4.5179454e+09 (302483)
Clp0006I 1127855  Obj 2.0823597e+10 Primal inf 3.0620211e+10 (411851)
Clp0006I 1128855  Obj 2.0825873e+10 Primal inf 1.2772234e+10 (337989)
Clp0006I 1129855  Obj 2.0828775e+10 Primal inf 1.4106331e+09 (379313)
Clp0006I 1130855  Obj 2.0830797e+10 Primal inf 4.47208e+09 (272748)
Clp0006I 1131751  Obj 2.0832546e+10 Primal inf 2.5938189e+12 (410137)
Clp0006I 1132389  Obj 2.0833892e+10 Primal inf 3.2656288e+10 (336945)
Clp0006I 1133389  Obj 2.083656e+10 Primal inf 9.6967886e+09 (357331)
Clp0006I 1134389  Obj 2.0838996e+10 Primal inf 1.2036981e+09 (256146)
Clp0006I 1135389  Obj 2.0840885e+10 Primal inf 1.6213012e+10 (334886)
Clp0006I 1136389  Obj 2.0842728e+10 Primal inf 1.3227499e+10 (269662)
Clp0006I 1137389  Obj 2.0844939e+10 Primal inf 7.4277162e+10 (505249)
Clp0006I 1138389  Obj 2.0847871e+10 Primal inf 9.2497165e+09 (418151)
Clp0006I 1139389  Obj 2.0850751e+10 Primal inf 3.8518949e+09 (290962)
Clp0006I 1140389  Obj 2.0852794e+10 Primal inf 6.5847898e+09 (356858)
Clp0006I 1141389  Obj 2.0853971e+10 Primal inf 2.2990942e+10 (344414)
Clp0006I 1142389  Obj 2.0856066e+10 Primal inf 1.0550296e+10 (355754)
Clp0006I 1143389  Obj 2.0858029e+10 Primal inf 3.8865646e+09 (338443)
Clp0006I 1144389  Obj 2.0860071e+10 Primal inf 5.8824059e+10 (285636)
Clp0006I 1145389  Obj 2.0868834e+10 Primal inf 2.5273605e+10 (320763)
Clp0006I 1146389  Obj 2.0875003e+10 Primal inf 2.7496289e+09 (294709)
Clp0006I 1147389  Obj 2.088519e+10 Primal inf 3.1712689e+09 (382243)
Clp0006I 1148389  Obj 2.0887746e+10 Primal inf 8.0987481e+10 (344406)
Clp0006I 1149389  Obj 2.0889981e+10 Primal inf 2.1816714e+09 (209363)
Clp0006I 1150389  Obj 2.0892096e+10 Primal inf 2.3396314e+09 (265201)
Clp0006I 1151389  Obj 2.0893646e+10 Primal inf 6.1900457e+09 (269445)
Clp0006I 1152389  Obj 2.089551e+10 Primal inf 1.1972847e+10 (304583)
Clp0006I 1153389  Obj 2.0897166e+10 Primal inf 2.350595e+09 (213652)
Clp0006I 1154389  Obj 2.089889e+10 Primal inf 1.1301918e+10 (283617)
Clp0006I 1155389  Obj 2.0901201e+10 Primal inf 1.5188884e+09 (307166)
Clp0006I 1156389  Obj 2.090417e+10 Primal inf 3.9824451e+08 (201730)
Clp0006I 1157389  Obj 2.0913543e+10 Primal inf 1.3578196e+09 (322520)
Clp0006I 1158389  Obj 2.0918939e+10 Primal inf 3.0807038e+09 (278410)
Clp0006I 1159389  Obj 2.0924988e+10 Primal inf 7.6357726e+09 (331919)
Clp0006I 1160389  Obj 2.0931663e+10 Primal inf 7.682759e+09 (391315)
Clp0006I 1161389  Obj 2.0937311e+10 Primal inf 8.3602401e+09 (427179)
Clp0006I 1162389  Obj 2.0938576e+10 Primal inf 7.6201393e+09 (323348)
Clp0006I 1163389  Obj 2.0939775e+10 Primal inf 8.221947e+09 (293769)
Clp0006I 1164389  Obj 2.0942219e+10 Primal inf 2.4925802e+10 (299786)
Clp0006I 1165334  Obj 2.0944294e+10 Primal inf 4.2360784e+09 (210213)
Clp0006I 1166334  Obj 2.0946787e+10 Primal inf 2.4397593e+09 (313606)
Clp0006I 1167334  Obj 2.0950087e+10 Primal inf 1.2229659e+10 (326774)
Clp0006I 1168334  Obj 2.095272e+10 Primal inf 1.5437581e+10 (273654)
Clp0006I 1169329  Obj 2.0955345e+10 Primal inf 3.6741648e+11 (275938)
Clp0006I 1170329  Obj 2.0958354e+10 Primal inf 5.203886e+10 (317812)
Clp0006I 1171329  Obj 2.0962177e+10 Primal inf 2.6687787e+09 (226298)
Clp0006I 1172329  Obj 2.096396e+10 Primal inf 2.747664e+09 (283587)
Clp0006I 1173329  Obj 2.0964948e+10 Primal inf 5.481831e+08 (179807)
Clp0006I 1174214  Obj 2.0966494e+10 Primal inf 1.5533948e+10 (271687)
Clp0006I 1175214  Obj 2.0967327e+10 Primal inf 6.533273e+09 (263188)
Clp0006I 1176214  Obj 2.0968892e+10 Primal inf 1.978943e+09 (202359)
Clp0006I 1177214  Obj 2.0970627e+10 Primal inf 3.3829224e+10 (337332)
Clp0006I 1177885  Obj 2.0971683e+10 Primal inf 7.6717323e+10 (334140)
Clp0006I 1178885  Obj 2.0974241e+10 Primal inf 1.127797e+10 (272051)
Clp0006I 1179885  Obj 2.0975393e+10 Primal inf 9.3210473e+09 (355931)
Clp0006I 1180885  Obj 2.0978939e+10 Primal inf 4.6714572e+08 (276203)
Clp0006I 1181885  Obj 2.0986203e+10 Primal inf 8.8764368e+09 (340000)
Clp0006I 1182885  Obj 2.0993117e+10 Primal inf 1.5287021e+09 (267212)
Clp0006I 1183885  Obj 2.0995129e+10 Primal inf 2.1009973e+11 (350902)
Clp0006I 1184885  Obj 2.0996632e+10 Primal inf 9.0558537e+10 (320033)
Clp0006I 1185852  Obj 2.0998409e+10 Primal inf 1.6285948e+10 (293809)
Clp0006I 1186852  Obj 2.0999924e+10 Primal inf 2.3329941e+09 (294392)
Clp0006I 1187852  Obj 2.1001446e+10 Primal inf 1.1720056e+09 (206359)
Clp0006I 1188852  Obj 2.1002664e+10 Primal inf 6.6002857e+09 (274510)
Clp0006I 1189852  Obj 2.1003745e+10 Primal inf 1.5533456e+09 (265782)
Clp0006I 1190852  Obj 2.1005828e+10 Primal inf 1.5365153e+10 (312749)
Clp0006I 1191852  Obj 2.1007371e+10 Primal inf 1.0425646e+09 (197741)
Clp0006I 1192852  Obj 2.100855e+10 Primal inf 2.9823181e+09 (233918)
Clp0006I 1193852  Obj 2.10112e+10 Primal inf 1.9978666e+09 (272063)
Clp0006I 1194852  Obj 2.1012345e+10 Primal inf 8.0831733e+09 (303668)
Clp0006I 1195852  Obj 2.1014573e+10 Primal inf 4.339079e+09 (325820)
Clp0006I 1196852  Obj 2.1018139e+10 Primal inf 1.78359e+09 (330460)
Clp0006I 1197852  Obj 2.1027174e+10 Primal inf 8.8772384e+09 (407319)
Clp0006I 1198852  Obj 2.1033431e+10 Primal inf 6.7593201e+09 (414273)
Clp0006I 1199852  Obj 2.1038905e+10 Primal inf 2.8492885e+08 (263524)
Clp0006I 1200852  Obj 2.1041957e+10 Primal inf 3.640883e+09 (238569)
Clp0006I 1201852  Obj 2.1048274e+10 Primal inf 1.2767109e+08 (179439)
Clp0006I 1202852  Obj 2.1053785e+10 Primal inf 3.5279309e+09 (197375)
Clp0006I 1203852  Obj 2.1054718e+10 Primal inf 1.1307513e+09 (201031)
Clp0006I 1204852  Obj 2.1056034e+10 Primal inf 1.5354693e+09 (205195)
Clp0006I 1205852  Obj 2.1057303e+10 Primal inf 3.8316123e+10 (340789)
Clp0006I 1206852  Obj 2.1059984e+10 Primal inf 1.4900845e+08 (107047)
Clp0006I 1207852  Obj 2.1065091e+10 Primal inf 3.937144e+08 (158157)
Clp0006I 1208852  Obj 2.1068351e+10 Primal inf 1.5663725e+09 (320576)
Clp0006I 1209852  Obj 2.107017e+10 Primal inf 8.3056584e+08 (364252)
Clp0006I 1210852  Obj 2.1071383e+10 Primal inf 1.3201303e+10 (359919)
Clp0006I 1211852  Obj 2.1073718e+10 Primal inf 7.1948569e+08 (270514)
Clp0006I 1212852  Obj 2.1074487e+10 Primal inf 3.1263313e+09 (329032)
Clp0006I 1213852  Obj 2.1075512e+10 Primal inf 4.429037e+09 (307965)
Clp0006I 1214852  Obj 2.1077599e+10 Primal inf 1.7944564e+09 (255285)
Clp0006I 1215852  Obj 2.1080522e+10 Primal inf 4.7980232e+09 (361951)
Clp0006I 1216852  Obj 2.1083111e+10 Primal inf 1.651008e+10 (448269)
Clp0006I 1217852  Obj 2.1084406e+10 Primal inf 7.2698764e+09 (348633)
Clp0006I 1218852  Obj 2.1086279e+10 Primal inf 24183121 (86657)
Clp0006I 1219852  Obj 2.1087381e+10 Primal inf 2.5366794e+09 (259701)
Clp0006I 1220852  Obj 2.1088789e+10 Primal inf 2.6508784e+08 (240146)
Clp0006I 1221852  Obj 2.108983e+10 Primal inf 3.3726916e+08 (168250)
Clp0006I 1222852  Obj 2.1090489e+10 Primal inf 7.6189715e+08 (185760)
Clp0006I 1223852  Obj 2.1091312e+10 Primal inf 44268183 (184000)
Clp0006I 1224852  Obj 2.1091796e+10 Primal inf 8.4039795e+08 (262496)
Clp0006I 1225852  Obj 2.1092139e+10 Primal inf 58732880 (148211)
Clp0006I 1226852  Obj 2.1092885e+10 Primal inf 3.5140254e+09 (231138)
Clp0006I 1227852  Obj 2.1093314e+10 Primal inf 2.6076097e+08 (196118)
Clp0006I 1228852  Obj 2.1093838e+10 Primal inf 5650553.6 (101157)
Clp0006I 1229852  Obj 2.1094573e+10 Primal inf 1.2030256e+08 (99696)
Clp0006I 1230852  Obj 2.1094871e+10 Primal inf 37854368 (93813)
Clp0006I 1231852  Obj 2.1095346e+10 Primal inf 60730651 (89140)
Clp0006I 1232852  Obj 2.1095641e+10 Primal inf 3.1611985e+08 (181576)
Clp0006I 1233852  Obj 2.1095785e+10 Primal inf 44320332 (109557)
Clp0006I 1234852  Obj 2.1095918e+10 Primal inf 6445404.6 (87073)
Clp0006I 1235852  Obj 2.109603e+10 Primal inf 56761902 (92294)
Clp0006I 1236852  Obj 2.1096076e+10 Primal inf 2138929.4 (80312)
Clp0006I 1237852  Obj 2.1096095e+10 Primal inf 12027.624 (32024)
Clp0006I 1238852  Obj 2.10961e+10 Primal inf 2159.0976 (17789)
Clp0006I 1239852  Obj 2.1096106e+10 Primal inf 55403.377 (32689)
Clp0006I 1240852  Obj 2.1096112e+10 Primal inf 1471.922 (15826)
Clp0006I 1241852  Obj 2.1096118e+10 Primal inf 1299.3667 (14820)
Clp Activating environment at `~/Documents/princeton/1st_year/MAE529/MAE529_code/project/code/Project.toml`
This Model run is characterised by...
Electrolyser capex cost of: 500.0
H2 efficiency of: 0.5
Carbon Tax: 75.0
Number of weeks included: 52_weeks
-----------------------------------------------
1 loading data preparation function
-----------------------------------------------
-----------------------------------------------
2 loading model solving function
-----------------------------------------------
adding in carbon tax elements
assigned variables
assigned constraint 1
assigned constraint 2
assigned constraint 3
check
assigned constraints
Model run complete
0006I 1242852  Obj 2.1096124e+10 Primal inf 1134.9072 (13818)
Clp0006I 1243852  Obj 2.1096129e+10 Primal inf 1004.5191 (12814)
Clp0006I 1244852  Obj 2.1096134e+10 Primal inf 884.19303 (11806)
Clp0006I 1245852  Obj 2.1096139e+10 Primal inf 784.1348 (10803)
Clp0006I 1246852  Obj 2.1096144e+10 Primal inf 687.65267 (9803)
Clp0006I 1247852  Obj 2.1096149e+10 Primal inf 596.75117 (8801)
Clp0006I 1248852  Obj 2.1096154e+10 Primal inf 592.08399 (8616)
Clp0006I 1249852  Obj 2.1096159e+10 Primal inf 505.73009 (7615)
Clp0006I 1250852  Obj 2.1096163e+10 Primal inf 409.16195 (6613)
Clp0006I 1251852  Obj 2.1096168e+10 Primal inf 322.24931 (5611)
Clp0006I 1252852  Obj 2.1096172e+10 Primal inf 237.67246 (4610)
Clp0006I 1253852  Obj 2.1096177e+10 Primal inf 168.24947 (3617)
Clp0006I 1254852  Obj 2.1096182e+10 Primal inf 117.2602 (2617)
Clp0006I 1255852  Obj 2.1096187e+10 Primal inf 69.503564 (1617)
Clp0006I 1256852  Obj 2.1096191e+10 Primal inf 25.718272 (617)
Clp0006I 1257452  Obj 2.1096193e+10
Clp0000I Optimal - objective value 2.1096193e+10
Coin0511I After Postsolve, objective 2.1096193e+10, infeasibilities - dual 0 (0), primal 0 (0)
Clp0032I Optimal objective 2.109619288e+10 - 1257452 iterations time 32526.972, Presolve 3.88
