Coin0506I Presolve 1521577 (-195446) rows, 591998 (-65130) columns and 4511329 (-460732) elements
Clp0006I 0  Obj 0 Primal inf 8.7736635e+08 (43800)
Clp0006I 1000  Obj 4.7917429e-12 Primal inf 8.6776638e+08 (44708)
Clp0006I 2000  Obj 9.9133726e-12 Primal inf 8.6044937e+08 (45580)
Clp0006I 3000  Obj 1.5969055e-11 Primal inf 8.579383e+08 (46596)
Clp0006I 4000  Obj 5153483.8 Primal inf 8.4872532e+08 (47608)
Clp0006I 5000  Obj 11103639 Primal inf 8.4129712e+08 (48594)
Clp0006I 6000  Obj 19320940 Primal inf 8.3362982e+08 (49557)
Clp0006I 7000  Obj 25508051 Primal inf 8.2984967e+08 (50685)
Clp0006I 8000  Obj 31472429 Primal inf 8.2572484e+08 (51718)
Clp0006I 9000  Obj 39057848 Primal inf 8.2089716e+08 (52909)
Clp0006I 10000  Obj 49331763 Primal inf 8.1912569e+08 (54011)
Clp0006I 11000  Obj 56334309 Primal inf 8.1584392e+08 (55095)
Clp0006I 12000  Obj 65646172 Primal inf 8.1562452e+08 (56293)
Clp0006I 13000  Obj 76358806 Primal inf 8.1250431e+08 (57506)
Clp0006I 14000  Obj 89535760 Primal inf 8.1009194e+08 (58787)
Clp0006I 15000  Obj 1.0699348e+08 Primal inf 8.0813273e+08 (60076)
Clp0006I 16000  Obj 1.247881e+08 Primal inf 8.0881537e+08 (61427)
Clp0006I 17000  Obj 1.4549339e+08 Primal inf 8.0714588e+08 (62721)
Clp0006I 18000  Obj 1.6005538e+08 Primal inf 8.0785792e+08 (64096)
Clp0006I 19000  Obj 1.6923442e+08 Primal inf 7.3059406e+08 (65312)
Clp0006I 20000  Obj 1.8360789e+08 Primal inf 7.3224401e+08 (66616)
Clp0006I 21000  Obj 1.9423981e+08 Primal inf 7.3214749e+08 (67958)
Clp0006I 22000  Obj 2.0868993e+08 Primal inf 7.329812e+08 (69293)
Clp0006I 23000  Obj 2.2426632e+08 Primal inf 7.3444172e+08 (70478)
Clp0006I 24000  Obj 2.4289509e+08 Primal inf 7.3513101e+08 (71817)
Clp0006I 25000  Obj 2.5914934e+08 Primal inf 7.347745e+08 (72958)
Clp0006I 26000  Obj 2.8339117e+08 Primal inf 7.3790042e+08 (74091)
Clp0006I 27000  Obj 3.0598716e+08 Primal inf 7.3662598e+08 (75179)
Clp0006I 28000  Obj 3.3252248e+08 Primal inf 7.3703672e+08 (76290)
Clp0006I 29000  Obj 3.6008962e+08 Primal inf 7.3643103e+08 (77272)
Clp0006I 30000  Obj 3.9070999e+08 Primal inf 7.340141e+08 (78369)
Clp0006I 31000  Obj 4.1236635e+08 Primal inf 7.3686041e+08 (79581)
Clp0006I 32000  Obj 4.3839726e+08 Primal inf 7.3938928e+08 (80784)
Clp0006I 33000  Obj 4.5780015e+08 Primal inf 7.4205206e+08 (82001)
Clp0006I 34000  Obj 4.7565544e+08 Primal inf 7.4724464e+08 (83197)
Clp0006I 35000  Obj 4.9833403e+08 Primal inf 7.515778e+08 (84391)
Clp0006I 36000  Obj 5.26515e+08 Primal inf 7.5060848e+08 (85537)
Clp0006I 37000  Obj 5.5376083e+08 Primal inf 7.5260776e+08 (86737)
Clp0006I 38000  Obj 5.8022274e+08 Primal inf 7.5102652e+08 (87916)
Clp0006I 39000  Obj 6.1134927e+08 Primal inf 7.4967093e+08 (89043)
Clp0006I 40000  Obj 6.3942049e+08 Primal inf 7.5432247e+08 (90233)
Clp0006I 41000  Obj 6.6646003e+08 Primal inf 7.5183919e+08 (91311)
Clp0006I 42000  Obj 6.9792848e+08 Primal inf 7.5070949e+08 (92544)
Clp0006I 43000  Obj 7.3021874e+08 Primal inf 7.5482604e+08 (93721)
Clp0006I 44000  Obj 7.5815002e+08 Primal inf 7.591418e+08 (94898)
Clp0006I 45000  Obj 7.8996634e+08 Primal inf 7.6221165e+08 (96096)
Clp0006I 46000  Obj 8.187921e+08 Primal inf 7.6344603e+08 (97154)
Clp0006I 47000  Obj 8.4738919e+08 Primal inf 7.63779e+08 (98295)
Clp0006I 48000  Obj 8.7503747e+08 Primal inf 7.6203998e+08 (99350)
Clp0006I 49000  Obj 9.1258802e+08 Primal inf 7.5893809e+08 (100293)
Clp0006I 50000  Obj 9.5353831e+08 Primal inf 7.5681697e+08 (101379)
Clp0006I 51000  Obj 9.9832358e+08 Primal inf 7.5966207e+08 (102486)
Clp0006I 52000  Obj 1.039679e+09 Primal inf 7.5906854e+08 (103586)
Clp0006I 53000  Obj 1.0897478e+09 Primal inf 7.5711504e+08 (104808)
Clp0006I 54000  Obj 1.1349191e+09 Primal inf 7.6148515e+08 (105855)
Clp0006I 55000  Obj 1.1678686e+09 Primal inf 7.6156385e+08 (106893)
Clp0006I 56000  Obj 1.2060732e+09 Primal inf 7.6451997e+08 (108049)
Clp0006I 57000  Obj 1.2404972e+09 Primal inf 7.6359349e+08 (109148)
Clp0006I 58000  Obj 1.2820727e+09 Primal inf 7.6437647e+08 (110270)
Clp0006I 59000  Obj 1.3162706e+09 Primal inf 7.6725688e+08 (111403)
Clp0006I 60000  Obj 1.3527671e+09 Primal inf 7.7254093e+08 (112551)
Clp0006I 61000  Obj 1.3966566e+09 Primal inf 7.7274611e+08 (113874)
Clp0006I 62000  Obj 1.4177969e+09 Primal inf 7.4196754e+08 (117592)
Clp0006I 63000  Obj 1.4338481e+09 Primal inf 7.8379031e+08 (118830)
Clp0006I 64000  Obj 1.446982e+09 Primal inf 7.5425639e+08 (119512)
Clp0006I 65000  Obj 1.4548772e+09 Primal inf 9.0207667e+08 (123611)
Clp0006I 66000  Obj 1.4655026e+09 Primal inf 8.803334e+08 (124685)
Clp0006I 67000  Obj 1.4813495e+09 Primal inf 9.0270421e+08 (125630)
Clp0006I 68000  Obj 1.4976694e+09 Primal inf 1.0781351e+09 (125617)
Clp0006I 69000  Obj 1.5255274e+09 Primal inf 1.8658929e+09 (156033)
Clp0006I 70000  Obj 1.5506073e+09 Primal inf 7.7158999e+08 (126014)
Clp0006I 71000  Obj 1.5673475e+09 Primal inf 1.0413714e+09 (128870)
Clp0006I 72000  Obj 1.5943112e+09 Primal inf 1.0525676e+09 (129471)
Clp0006I 73000  Obj 1.6050231e+09 Primal inf 8.4499379e+08 (129732)
Clp0006I 74000  Obj 1.6386416e+09 Primal inf 1.1756209e+09 (160205)
Clp0006I 75000  Obj 1.646035e+09 Primal inf 9.8544088e+08 (160713)
Clp0006I 76000  Obj 1.6555041e+09 Primal inf 1.0982074e+09 (130787)
Clp0006I 77000  Obj 1.6657104e+09 Primal inf 8.5994328e+08 (132341)
Clp0006I 78000  Obj 1.708974e+09 Primal inf 9.5455419e+08 (134210)
Clp0006I 79000  Obj 1.7236859e+09 Primal inf 1.1650543e+09 (144232)
Clp0006I 80000  Obj 1.7399502e+09 Primal inf 9.1426391e+08 (134515)
Clp0006I 81000  Obj 1.7713016e+09 Primal inf 9.9231012e+08 (137970)
Clp0006I 82000  Obj 1.8050459e+09 Primal inf 1.0628053e+09 (135750)
Clp0006I 83000  Obj 1.8258994e+09 Primal inf 8.3691376e+08 (139935)
Clp0006I 84000  Obj 1.8500942e+09 Primal inf 1.0284211e+09 (167192)
Clp0006I 85000  Obj 1.8571133e+09 Primal inf 1.0187567e+09 (137082)
Clp0006I 86000  Obj 1.8638752e+09 Primal inf 8.8212179e+08 (142107)
Clp0006I 87000  Obj 1.8871881e+09 Primal inf 1.179284e+09 (168128)
Clp0006I 88000  Obj 1.8907924e+09 Primal inf 1.1841933e+09 (168497)
Clp0006I 89000  Obj 1.9051339e+09 Primal inf 9.7203023e+08 (169175)
Clp0006I 90000  Obj 1.9311957e+09 Primal inf 1.7257405e+09 (172997)
Clp0006I 91000  Obj 1.9494413e+09 Primal inf 1.1140791e+09 (140721)
Clp0006I 92000  Obj 1.9671636e+09 Primal inf 8.5724239e+08 (146805)
Clp0006I 93000  Obj 1.9762506e+09 Primal inf 8.3121686e+08 (147069)
Clp0006I 94000  Obj 1.9855395e+09 Primal inf 9.2311867e+08 (143658)
Clp0006I 95000  Obj 2.000018e+09 Primal inf 1.0362137e+09 (170220)
Clp0006I 96000  Obj 2.0138658e+09 Primal inf 8.8182356e+08 (149589)
Clp0006I 97000  Obj 2.0191113e+09 Primal inf 8.8107287e+08 (149879)
Clp0006I 98000  Obj 2.0290389e+09 Primal inf 9.0873202e+08 (145395)
Clp0006I 99000  Obj 2.0329445e+09 Primal inf 9.1885864e+08 (146209)
Clp0006I 100000  Obj 2.0427937e+09 Primal inf 9.2024803e+08 (150168)
Clp0006I 101000  Obj 2.0440763e+09 Primal inf 8.7232547e+08 (150721)
Clp0006I 102000  Obj 2.0458723e+09 Primal inf 9.3109236e+08 (151375)
Clp0006I 103000  Obj 2.0482635e+09 Primal inf 8.5388542e+08 (152444)
Clp0006I 104000  Obj 2.0498381e+09 Primal inf 9.1438176e+08 (153344)
Clp0006I 105000  Obj 2.0502784e+09 Primal inf 8.6133043e+08 (153406)
Clp0006I 106000  Obj 2.0513525e+09 Primal inf 9.720871e+08 (154201)
Clp0006I 107000  Obj 2.0529817e+09 Primal inf 9.0022685e+08 (154695)
Clp0006I 108000  Obj 2.0544429e+09 Primal inf 8.7827784e+08 (155102)
Clp0006I 109000  Obj 2.056612e+09 Primal inf 9.2743202e+08 (155627)
Clp0006I 110000  Obj 2.0601017e+09 Primal inf 9.682803e+08 (156010)
Clp0006I 111000  Obj 2.0627651e+09 Primal inf 9.0424077e+08 (157247)
Clp0006I 112000  Obj 2.0666342e+09 Primal inf 1.8639865e+09 (180924)
Clp0006I 113000  Obj 2.0910286e+09 Primal inf 3.2520488e+09 (166334)
Clp0006I 114000  Obj 2.0953724e+09 Primal inf 1.1458797e+09 (153830)
Clp0006I 115000  Obj 2.1092119e+09 Primal inf 2.7571794e+09 (205459)
Clp0006I 116000  Obj 2.1404773e+09 Primal inf 9.7679174e+08 (158298)
Clp0006I 117000  Obj 2.1448441e+09 Primal inf 9.8601316e+08 (157720)
Clp0006I 118000  Obj 2.1632159e+09 Primal inf 1.3817428e+09 (184100)
Clp0006I 119000  Obj 2.1809594e+09 Primal inf 1.5675779e+10 (195531)
Clp0006I 120000  Obj 2.2014396e+09 Primal inf 1.1215523e+09 (158897)
Clp0006I 121000  Obj 2.2392003e+09 Primal inf 1.0695962e+09 (159344)
Clp0006I 122000  Obj 2.2495353e+09 Primal inf 3.0382174e+10 (191918)
Clp0006I 123000  Obj 2.2599875e+09 Primal inf 1.9893899e+09 (183492)
Clp0006I 124000  Obj 2.2749025e+09 Primal inf 1.4640641e+09 (182846)
Clp0006I 125000  Obj 2.2892232e+09 Primal inf 1.7916641e+09 (183558)
Clp0006I 126000  Obj 2.318293e+09 Primal inf 1.0862609e+09 (158176)
Clp0006I 127000  Obj 2.3502573e+09 Primal inf 1.1128438e+09 (158988)
Clp0006I 128000  Obj 2.3626456e+09 Primal inf 4.1666652e+09 (191833)
Clp0006I 129000  Obj 2.3740706e+09 Primal inf 1.0466665e+09 (157325)
Clp0006I 130000  Obj 2.3868183e+09 Primal inf 1.3465584e+09 (182058)
Clp0006I 131000  Obj 2.4127084e+09 Primal inf 5.5078481e+09 (164857)
Clp0006I 132000  Obj 2.480052e+09 Primal inf 1.2452239e+09 (158337)
Clp0006I 133000  Obj 2.5160113e+09 Primal inf 1.6967653e+09 (188385)
Clp0006I 134000  Obj 2.5235312e+09 Primal inf 1.1659812e+09 (180804)
Clp0006I 135000  Obj 2.5350181e+09 Primal inf 1.0644581e+09 (183128)
Clp0006I 136000  Obj 2.5616357e+09 Primal inf 1.1808646e+09 (157547)
Clp0006I 137000  Obj 2.5788312e+09 Primal inf 1.8761785e+09 (185627)
Clp0006I 138000  Obj 2.6176681e+09 Primal inf 1.812061e+09 (183551)
Clp0006I 139000  Obj 2.6338923e+09 Primal inf 8.702531e+08 (159436)
Clp0006I 140000  Obj 2.6556008e+09 Primal inf 1.4868875e+09 (156783)
Clp0006I 141000  Obj 2.675125e+09 Primal inf 1.1371875e+09 (159016)
Clp0006I 142000  Obj 2.6933963e+09 Primal inf 1.0158388e+09 (158536)
Clp0006I 143000  Obj 2.7070825e+09 Primal inf 1.5150854e+11 (236682)
Clp0006I 144000  Obj 2.7221887e+09 Primal inf 1.5739361e+09 (186699)
Clp0006I 145000  Obj 2.7452209e+09 Primal inf 1.1610227e+09 (159207)
Clp0006I 146000  Obj 2.7587625e+09 Primal inf 9.4592794e+08 (159079)
Clp0006I 147000  Obj 2.7766792e+09 Primal inf 1.8301852e+09 (181521)
Clp0006I 148000  Obj 2.788291e+09 Primal inf 8.9250855e+08 (159609)
Clp0006I 149000  Obj 2.8019928e+09 Primal inf 7.4165592e+09 (190920)
Clp0006I 150000  Obj 2.8173108e+09 Primal inf 1.4515843e+09 (181363)
Clp0006I 151000  Obj 2.8441935e+09 Primal inf 1.3157478e+09 (184716)
Clp0006I 152000  Obj 2.8583776e+09 Primal inf 1.3638939e+09 (184242)
Clp0006I 153000  Obj 2.8722835e+09 Primal inf 1.357649e+09 (184239)
Clp0006I 154000  Obj 2.8802684e+09 Primal inf 1.3382087e+09 (184328)
Clp0006I 155000  Obj 2.8873378e+09 Primal inf 1.3940505e+09 (184291)
Clp0006I 156000  Obj 2.8945315e+09 Primal inf 1.1743982e+09 (183823)
Clp0006I 157000  Obj 2.9027886e+09 Primal inf 1.1788344e+09 (183959)
Clp0006I 158000  Obj 2.9088202e+09 Primal inf 1.315748e+09 (193746)
Clp0006I 159000  Obj 2.9141391e+09 Primal inf 1.7695996e+09 (217068)
Clp0006I 160000  Obj 2.9227272e+09 Primal inf 1.3502654e+09 (196147)
Clp0006I 161000  Obj 2.9274311e+09 Primal inf 1.3663406e+09 (194695)
Clp0006I 162000  Obj 2.9411204e+09 Primal inf 1.4257004e+09 (194830)
Clp0006I 163000  Obj 2.9470958e+09 Primal inf 1.3930756e+09 (195118)
Clp0006I 164000  Obj 2.9522753e+09 Primal inf 1.5441239e+09 (195357)
Clp0006I 165000  Obj 2.961328e+09 Primal inf 1.743641e+09 (218539)
Clp0006I 166000  Obj 2.9735008e+09 Primal inf 1.9832607e+09 (218803)
Clp0006I 167000  Obj 2.998811e+09 Primal inf 1.5593536e+09 (178882)
Clp0006I 168000  Obj 3.0134072e+09 Primal inf 1.397629e+09 (174858)
Clp0006I 169000  Obj 3.0304975e+09 Primal inf 1.3719374e+09 (176826)
Clp0006I 170000  Obj 3.0503886e+09 Primal inf 1.3613479e+09 (175383)
Clp0006I 171000  Obj 3.0553852e+09 Primal inf 1.4348854e+09 (175981)
Clp0006I 172000  Obj 3.0816731e+09 Primal inf 1.5983588e+09 (177742)
Clp0006I 173000  Obj 3.0923597e+09 Primal inf 1.8722284e+09 (177029)
Clp0006I 174000  Obj 3.109842e+09 Primal inf 3.5100541e+09 (177024)
Clp0006I 175000  Obj 3.1202689e+09 Primal inf 1.4457406e+09 (176802)
Clp0006I 176000  Obj 3.1269871e+09 Primal inf 1.2738295e+09 (174799)
Clp0006I 177000  Obj 3.1353035e+09 Primal inf 1.7264406e+09 (198341)
Clp0006I 178000  Obj 3.1529536e+09 Primal inf 1.596885e+09 (173810)
Clp0006I 179000  Obj 3.1577319e+09 Primal inf 1.7746869e+09 (174136)
Clp0006I 180000  Obj 3.1629263e+09 Primal inf 1.8455613e+09 (194201)
Clp0006I 181000  Obj 3.1696531e+09 Primal inf 2.3759973e+09 (224518)
Clp0006I 182000  Obj 3.1818547e+09 Primal inf 5.1708484e+09 (222032)
Clp0006I 183000  Obj 3.1908374e+09 Primal inf 2.4729151e+09 (185797)
Clp0006I 184000  Obj 3.2085373e+09 Primal inf 6.9234571e+09 (240247)
Clp0006I 185000  Obj 3.2184194e+09 Primal inf 9.9666844e+10 (222702)
Clp0006I 186000  Obj 3.2274482e+09 Primal inf 2.6532222e+09 (208091)
Clp0006I 187000  Obj 3.2388155e+09 Primal inf 1.0338648e+11 (218326)
Clp0006I 188000  Obj 3.245638e+09 Primal inf 1.4161394e+09 (180936)
Clp0006I 189000  Obj 3.2517353e+09 Primal inf 2.9934653e+09 (206913)
Clp0006I 190000  Obj 3.2608895e+09 Primal inf 1.6267475e+09 (180261)
Clp0006I 191000  Obj 3.2747312e+09 Primal inf 1.555614e+09 (179305)
Clp0006I 192000  Obj 3.2792578e+09 Primal inf 1.4412664e+09 (181536)
Clp0006I 193000  Obj 3.284133e+09 Primal inf 1.962546e+09 (170137)
Clp0006I 194000  Obj 3.3057225e+09 Primal inf 2.041763e+09 (218532)
Clp0006I 195000  Obj 3.3359657e+09 Primal inf 1.3553832e+09 (174395)
Clp0006I 196000  Obj 3.3433837e+09 Primal inf 1.5343524e+09 (175541)
Clp0006I 197000  Obj 3.3502592e+09 Primal inf 2.561572e+09 (208853)
Clp0006I 198000  Obj 3.3590184e+09 Primal inf 8.9121086e+10 (215189)
Clp0006I 199000  Obj 3.3765418e+09 Primal inf 1.6690502e+09 (173393)
Clp0006I 200000  Obj 3.4272579e+09 Primal inf 8.5990667e+10 (214316)
Clp0006I 201000  Obj 3.4690758e+09 Primal inf 1.5312607e+09 (187945)
Clp0006I 202000  Obj 3.5335205e+09 Primal inf 3.2205485e+10 (198981)
Clp0006I 203000  Obj 3.5810391e+09 Primal inf 6.2335448e+10 (190601)
Clp0006I 204000  Obj 3.6016161e+09 Primal inf 2.8334536e+09 (210204)
Clp0006I 205000  Obj 3.6552648e+09 Primal inf 7.5174918e+10 (219323)
Clp0006I 206000  Obj 3.6819484e+09 Primal inf 1.055816e+10 (187407)
Clp0006I 207000  Obj 3.69752e+09 Primal inf 2.6523582e+09 (231672)
Clp0006I 208000  Obj 3.7173983e+09 Primal inf 4.9787372e+09 (179914)
Clp0006I 209000  Obj 3.7395825e+09 Primal inf 5.1207041e+10 (247104)
Clp0006I 210000  Obj 3.7629427e+09 Primal inf 1.793105e+09 (208870)
Clp0006I 211000  Obj 3.7819761e+09 Primal inf 1.9475231e+10 (185236)
Clp0006I 212000  Obj 3.8021093e+09 Primal inf 3.4405222e+09 (182789)
Clp0006I 213000  Obj 3.8156423e+09 Primal inf 1.8655782e+09 (191508)
Clp0006I 214000  Obj 3.8288927e+09 Primal inf 2.0581944e+09 (177153)
Clp0006I 215000  Obj 3.8431203e+09 Primal inf 1.3015728e+09 (172969)
Clp0006I 216000  Obj 3.8735943e+09 Primal inf 4.0573366e+09 (213958)
Clp0006I 217000  Obj 3.8969501e+09 Primal inf 1.1182022e+11 (245865)
Clp0006I 218000  Obj 3.9030366e+09 Primal inf 1.9722254e+09 (175772)
Clp0006I 219000  Obj 3.9129679e+09 Primal inf 2.630447e+09 (176948)
Clp0006I 220000  Obj 3.9483593e+09 Primal inf 6.791009e+09 (184313)
Clp0006I 221000  Obj 3.964526e+09 Primal inf 6.9957821e+09 (183913)
Clp0006I 222000  Obj 3.9720322e+09 Primal inf 6.3223513e+09 (184168)
Clp0006I 223000  Obj 3.997621e+09 Primal inf 4.6720118e+09 (209264)
Clp0006I 224000  Obj 4.0064383e+09 Primal inf 3.7699754e+09 (208602)
Clp0006I 225000  Obj 4.0154787e+09 Primal inf 5.463579e+09 (209043)
Clp0006I 226000  Obj 4.0259975e+09 Primal inf 3.6509225e+09 (207974)
Clp0006I 227000  Obj 4.0316524e+09 Primal inf 4.9002384e+09 (181904)
Clp0006I 228000  Obj 4.0411706e+09 Primal inf 3.8268704e+09 (180329)
Clp0006I 229000  Obj 4.0548124e+09 Primal inf 3.3390191e+09 (170740)
Clp0006I 230000  Obj 4.0660112e+09 Primal inf 3.207501e+09 (175316)
Clp0006I 231000  Obj 4.0711125e+09 Primal inf 3.2646335e+09 (174559)
Clp0006I 232000  Obj 4.0757727e+09 Primal inf 3.6405355e+09 (174433)
Clp0006I 233000  Obj 4.0811355e+09 Primal inf 3.5193111e+09 (174361)
Clp0006I 234000  Obj 4.1054792e+09 Primal inf 3.7330065e+09 (174100)
Clp0006I 235000  Obj 4.108909e+09 Primal inf 3.3472392e+09 (183559)
Clp0006I 236000  Obj 4.1125183e+09 Primal inf 4.4591848e+09 (208306)
Clp0006I 237000  Obj 4.1183231e+09 Primal inf 4.0374654e+09 (173735)
Clp0006I 238000  Obj 4.1237057e+09 Primal inf 2.363258e+09 (172944)
Clp0006I 239000  Obj 4.139696e+09 Primal inf 9.9920219e+10 (236459)
Clp0006I 240000  Obj 4.1668742e+09 Primal inf 3.7944702e+09 (197742)
Clp0006I 241000  Obj 4.219204e+09 Primal inf 5.0845775e+09 (202402)
Clp0006I 242000  Obj 4.2367993e+09 Primal inf 8.280483e+10 (208440)
Clp0006I 243000  Obj 4.2722644e+09 Primal inf 7.9867008e+10 (210389)
Clp0006I 244000  Obj 4.3411078e+09 Primal inf 3.1085501e+10 (192437)
Clp0006I 245000  Obj 4.4506085e+09 Primal inf 1.4823637e+10 (205047)
Clp0006I 246000  Obj 4.5332777e+09 Primal inf 2.3290988e+09 (174232)
Clp0006I 247000  Obj 4.5837664e+09 Primal inf 1.2922517e+10 (175328)
Clp0006I 248000  Obj 4.6341374e+09 Primal inf 3.2654241e+10 (238163)
Clp0006I 249000  Obj 4.6637947e+09 Primal inf 5.1144618e+09 (180059)
Clp0006I 250000  Obj 4.7134556e+09 Primal inf 1.3548601e+11 (212035)
Clp0006I 251000  Obj 4.7761674e+09 Primal inf 8.0513246e+09 (184412)
Clp0006I 252000  Obj 4.8526454e+09 Primal inf 1.486138e+10 (178825)
Clp0006I 253000  Obj 4.9500527e+09 Primal inf 1.9287519e+10 (208787)
Clp0006I 254000  Obj 5.0225757e+09 Primal inf 6.7308444e+09 (204919)
Clp0006I 255000  Obj 5.1076327e+09 Primal inf 5.6420543e+10 (207200)
Clp0006I 256000  Obj 5.2296059e+09 Primal inf 1.3381456e+10 (213143)
Clp0006I 257000  Obj 5.3178979e+09 Primal inf 1.2454898e+10 (216474)
Clp0006I 258000  Obj 5.3636068e+09 Primal inf 2.4347382e+10 (216093)
Clp0006I 259000  Obj 5.443686e+09 Primal inf 1.0005979e+10 (232952)
Clp0006I 260000  Obj 5.5059209e+09 Primal inf 9.0153014e+09 (205571)
Clp0006I 261000  Obj 5.5828426e+09 Primal inf 8.9017564e+09 (211599)
Clp0006I 262000  Obj 5.6672711e+09 Primal inf 1.8159917e+10 (201904)
Clp0006I 263000  Obj 5.7322835e+09 Primal inf 1.2733773e+10 (185628)
Clp0006I 264000  Obj 5.823065e+09 Primal inf 1.0657193e+10 (204371)
Clp0006I 264523  Obj 5.8874774e+09 Primal inf 2.244135e+10 (210543)
Clp0006I 265523  Obj 5.9924837e+09 Primal inf 8.543275e+10 (222196)
Clp0006I 266523  Obj 6.0623169e+09 Primal inf 3.6278663e+09 (175439)
Clp0006I 267523  Obj 6.1315972e+09 Primal inf 7.8742278e+09 (212995)
Clp0006I 268523  Obj 6.2110148e+09 Primal inf 1.2952272e+10 (207610)
Clp0006I 269523  Obj 6.2909208e+09 Primal inf 6.4334319e+09 (175967)
Clp0006I 270523  Obj 6.3505067e+09 Primal inf 4.1104844e+10 (215963)
Clp0006I 271523  Obj 6.401189e+09 Primal inf 2.0486077e+09 (177196)
Clp0006I 272523  Obj 6.4467463e+09 Primal inf 1.2651882e+11 (204786)
Clp0006I 273523  Obj 6.4790691e+09 Primal inf 1.2001542e+10 (231280)
Clp0006I 274523  Obj 6.5184865e+09 Primal inf 7.9225374e+09 (179806)
Clp0006I 275523  Obj 6.5731878e+09 Primal inf 4.9667852e+10 (219112)
Clp0006I 276523  Obj 6.6741236e+09 Primal inf 2.07141e+10 (220518)
Clp0006I 277523  Obj 6.7410931e+09 Primal inf 1.2858161e+10 (204061)
Clp0006I 278523  Obj 6.8472525e+09 Primal inf 6.2413214e+09 (181605)
Clp0006I 279523  Obj 6.934158e+09 Primal inf 2.1282254e+09 (200323)
Clp0006I 280523  Obj 7.0496342e+09 Primal inf 8.8252041e+09 (202621)
Clp0006I 281523  Obj 7.1341465e+09 Primal inf 1.4527154e+10 (222416)
Clp0006I 282523  Obj 7.2067132e+09 Primal inf 2.2498718e+10 (213656)
Clp0006I 283523  Obj 7.2992786e+09 Primal inf 6.4596081e+09 (210818)
Clp0006I 284523  Obj 7.346067e+09 Primal inf 1.1373908e+10 (202083)
Clp0006I 285523  Obj 7.3942622e+09 Primal inf 9.7582692e+09 (224922)
Clp0006I 286523  Obj 7.4426737e+09 Primal inf 5.1834562e+09 (187558)
Clp0006I 287523  Obj 7.4744024e+09 Primal inf 8.0320426e+10 (216793)
Clp0006I 288523  Obj 7.5041201e+09 Primal inf 6.8377562e+09 (211197)
Clp0006I 289523  Obj 7.5399604e+09 Primal inf 7.6231228e+09 (210923)
Clp0006I 290523  Obj 7.5551075e+09 Primal inf 2.140294e+10 (234675)
Clp0006I 291523  Obj 7.5957293e+09 Primal inf 3.0113748e+10 (252019)
Clp0006I 292523  Obj 7.6300914e+09 Primal inf 9.3779379e+10 (235785)
Clp0006I 293523  Obj 7.6419258e+09 Primal inf 3.0541298e+09 (205934)
Clp0006I 294523  Obj 7.6695275e+09 Primal inf 1.9297892e+10 (230341)
Clp0006I 295523  Obj 7.7109088e+09 Primal inf 1.5564981e+10 (220313)
Clp0006I 296523  Obj 7.7566718e+09 Primal inf 3.5196773e+10 (246517)
Clp0006I 297523  Obj 7.8071409e+09 Primal inf 1.2119237e+10 (227469)
Clp0006I 298523  Obj 7.8343765e+09 Primal inf 1.2028376e+09 (186606)
Clp0006I 299523  Obj 7.8694968e+09 Primal inf 1.3066385e+10 (244383)
Clp0006I 300523  Obj 7.8946368e+09 Primal inf 4.3617786e+09 (227067)
Clp0006I 301523  Obj 7.9188945e+09 Primal inf 4.8792588e+10 (243593)
Clp0006I 302523  Obj 7.949914e+09 Primal inf 4.3503819e+09 (243030)
Clp0006I 303523  Obj 7.9775767e+09 Primal inf 9.1690819e+09 (237424)
Clp0006I 304523  Obj 8.0017211e+09 Primal inf 3.8725813e+09 (259183)
Clp0006I 305259  Obj 8.0283342e+09 Primal inf 5.8659016e+09 (241342)
Clp0006I 306198  Obj 8.061459e+09 Primal inf 1.0990616e+11 (230146)
Clp0006I 307198  Obj 8.0791016e+09 Primal inf 9.5575212e+08 (215523)
Clp0006I 308198  Obj 8.0852755e+09 Primal inf 3.0346611e+11 (231662)
Clp0006I 309198  Obj 8.1065831e+09 Primal inf 2.2727319e+11 (229357)
Clp0006I 310198  Obj 8.1166533e+09 Primal inf 3.9096063e+11 (232373)
Clp0006I 311134  Obj 8.1342879e+09 Primal inf 3.8532945e+10 (224458)
Clp0006I 312134  Obj 8.156841e+09 Primal inf 1.0558694e+10 (238169)
Clp0006I 313134  Obj 8.1678435e+09 Primal inf 4.0689116e+09 (236233)
Clp0006I 314134  Obj 8.1734681e+09 Primal inf 1.2289112e+10 (240553)
Clp0006I 315134  Obj 8.1757791e+09 Primal inf 8.3527028e+09 (239575)
Clp0006I 316134  Obj 8.1966456e+09 Primal inf 8.9229587e+09 (243401)
Clp0006I 317134  Obj 8.2116555e+09 Primal inf 1.8513512e+09 (204646)
Clp0006I 318134  Obj 8.2221239e+09 Primal inf 1.5400136e+10 (268650)
Clp0006I 319134  Obj 8.2267641e+09 Primal inf 2.0078352e+09 (209433)
Clp0006I 320134  Obj 8.2370101e+09 Primal inf 1.5589364e+10 (225538)
Clp0006I 321134  Obj 8.241264e+09 Primal inf 5.1822138e+10 (277339)
Clp0006I 322134  Obj 8.2502139e+09 Primal inf 6.7008908e+09 (198837)
Clp0006I 323134  Obj 8.2512122e+09 Primal inf 9.2111926e+09 (222354)
Clp0006I 324134  Obj 8.2558795e+09 Primal inf 3.0799016e+09 (223398)
Clp0006I 325134  Obj 8.2626235e+09 Primal inf 1.0484385e+10 (250847)
Clp0006I 326134  Obj 8.2889914e+09 Primal inf 2.3020917e+09 (238330)
Clp0006I 327134  Obj 8.3044111e+09 Primal inf 1.4975825e+09 (215051)
Clp0006I 328134  Obj 8.4623633e+09 Primal inf 1.1281763e+10 (262528)
Clp0006I 329134  Obj 8.4658433e+09 Primal inf 6.2225378e+09 (234477)
Clp0006I 330134  Obj 8.477089e+09 Primal inf 6.2175874e+09 (234485)
Clp0006I 331134  Obj 8.4861811e+09 Primal inf 2.9030433e+09 (238420)
Clp0006I 332134  Obj 8.4907231e+09 Primal inf 6.2174546e+09 (234795)
Clp0006I 333134  Obj 8.4948299e+09 Primal inf 4.7544751e+10 (265360)
Clp0006I 334134  Obj 8.4979169e+09 Primal inf 6.3431704e+09 (248365)
Clp0006I 335134  Obj 8.5013265e+09 Primal inf 5.5629616e+09 (247634)
Clp0006I 336134  Obj 8.5085922e+09 Primal inf 1.9825163e+09 (236824)
Clp0006I 337134  Obj 8.511373e+09 Primal inf 1.3764387e+09 (236661)
Clp0006I 338134  Obj 8.5184902e+09 Primal inf 1.8302005e+09 (240715)
Clp0006I 339134  Obj 8.5230248e+09 Primal inf 1.8366693e+09 (239974)
Clp0006I 340134  Obj 8.5279452e+09 Primal inf 2.5273149e+09 (249980)
Clp0006I 341134  Obj 8.5341981e+09 Primal inf 2.0479014e+09 (247816)
Clp0006I 342134  Obj 8.5401264e+09 Primal inf 1.3386195e+09 (225833)
Clp0006I 343134  Obj 8.5423075e+09 Primal inf 1.7986964e+09 (226677)
Clp0006I 344134  Obj 8.5507338e+09 Primal inf 7.1275503e+09 (253983)
Clp0006I 345134  Obj 8.5587162e+09 Primal inf 3.3305968e+09 (254837)
Clp0006I 346134  Obj 8.5653567e+09 Primal inf 2.3679075e+09 (249066)
Clp0006I 347134  Obj 8.5728704e+09 Primal inf 1.995403e+09 (251766)
Clp0006I 348134  Obj 8.5817775e+09 Primal inf 2.0202922e+09 (243248)
Clp0006I 349134  Obj 8.5934092e+09 Primal inf 2.0879663e+09 (243191)
Clp0006I 350134  Obj 8.5973783e+09 Primal inf 1.480294e+09 (218919)
Clp0006I 351134  Obj 8.6024694e+09 Primal inf 1.5353338e+09 (218458)
Clp0006I 352134  Obj 8.607515e+09 Primal inf 1.5703978e+09 (218451)
Clp0006I 353134  Obj 8.6168192e+09 Primal inf 6.1366226e+09 (248560)
Clp0006I 354134  Obj 8.6244149e+09 Primal inf 1.5776344e+09 (244397)
Clp0006I 355134  Obj 8.6269509e+09 Primal inf 2.9954933e+10 (252170)
Clp0006I 356134  Obj 8.6331481e+09 Primal inf 2.996335e+10 (252109)
Clp0006I 357134  Obj 8.6399498e+09 Primal inf 2.9938516e+10 (252022)
Clp0006I 358134  Obj 8.6511931e+09 Primal inf 3.0051638e+10 (252104)
Clp0006I 359134  Obj 8.6606492e+09 Primal inf 3.2259969e+10 (265546)
Clp0006I 360134  Obj 8.6665429e+09 Primal inf 3.0905112e+10 (252530)
Clp0006I 361134  Obj 8.6767144e+09 Primal inf 1.5386433e+09 (246397)
Clp0006I 362134  Obj 8.684549e+09 Primal inf 1.4882954e+09 (217323)
Clp0006I 363134  Obj 8.6909732e+09 Primal inf 1.8858892e+09 (261002)
Clp0006I 364134  Obj 8.7172134e+09 Primal inf 4.1887899e+09 (247508)
Clp0006I 365134  Obj 8.7265688e+09 Primal inf 1.9036694e+09 (245775)
Clp0006I 366134  Obj 8.7369746e+09 Primal inf 1.0291416e+09 (229965)
Clp0006I 367134  Obj 8.7428303e+09 Primal inf 1.5795074e+09 (241306)
Clp0006I 368134  Obj 8.7502854e+09 Primal inf 1.2297262e+10 (241556)
Clp0006I 369134  Obj 8.7531536e+09 Primal inf 2.9960123e+09 (225691)
Clp0006I 370134  Obj 8.7568987e+09 Primal inf 2.5408731e+09 (230241)
Clp0006I 371134  Obj 8.7626077e+09 Primal inf 1.1099494e+09 (200354)
Clp0006I 372134  Obj 8.7650265e+09 Primal inf 1.100082e+09 (200066)
Clp0006I 373134  Obj 8.7701907e+09 Primal inf 4.1025711e+09 (257570)
Clp0006I 374134  Obj 8.7797097e+09 Primal inf 1.2926219e+09 (216809)
Clp0006I 375134  Obj 8.7902867e+09 Primal inf 1.3365276e+09 (211407)
Clp0006I 376134  Obj 8.7967001e+09 Primal inf 7.6406923e+09 (282993)
Clp0006I 377134  Obj 8.8060979e+09 Primal inf 1.5107853e+09 (217935)
Clp0006I 378134  Obj 8.8127144e+09 Primal inf 1.1238116e+09 (217470)
Clp0006I 379134  Obj 8.8181798e+09 Primal inf 4.0893516e+09 (266254)
Clp0006I 380134  Obj 8.8197136e+09 Primal inf 1.9855199e+09 (235739)
Clp0006I 381134  Obj 8.8238451e+09 Primal inf 1.6881159e+09 (261958)
Clp0006I 382134  Obj 8.824856e+09 Primal inf 1.2508148e+09 (219683)
Clp0006I 383134  Obj 8.8262925e+09 Primal inf 1.1106724e+09 (219611)
Clp0006I 384134  Obj 8.8293406e+09 Primal inf 4.815595e+09 (277017)
Clp0006I 385134  Obj 8.8384842e+09 Primal inf 5.5616284e+09 (277505)
Clp0006I 386134  Obj 8.8414525e+09 Primal inf 2.3121226e+09 (258242)
Clp0006I 387134  Obj 8.846342e+09 Primal inf 3.8082438e+09 (277220)
Clp0006I 388134  Obj 8.8603311e+09 Primal inf 3.7786553e+09 (276369)
Clp0006I 389134  Obj 8.8749419e+09 Primal inf 3.5983694e+09 (276231)
Clp0006I 390134  Obj 8.8816437e+09 Primal inf 2.7371844e+09 (235188)
Clp0006I 391134  Obj 8.8862429e+09 Primal inf 2.9678172e+09 (229463)
Clp0006I 392134  Obj 8.8884544e+09 Primal inf 6.9590699e+09 (277357)
Clp0006I 393134  Obj 8.8920376e+09 Primal inf 2.1250639e+09 (234583)
Clp0006I 394134  Obj 8.897893e+09 Primal inf 1.9963229e+10 (288570)
Clp0006I 395134  Obj 8.8997132e+09 Primal inf 2.5073573e+09 (218221)
Clp0006I 396134  Obj 8.9011688e+09 Primal inf 2.3674489e+09 (235612)
Clp0006I 397134  Obj 8.905485e+09 Primal inf 9.6517939e+09 (252760)
Clp0006I 398134  Obj 8.9114987e+09 Primal inf 1.089641e+10 (287870)
Clp0006I 399134  Obj 8.9275312e+09 Primal inf 1.0850927e+10 (287668)
Clp0006I 400134  Obj 8.9394676e+09 Primal inf 1.1039285e+10 (287373)
Clp0006I 401134  Obj 8.9459059e+09 Primal inf 1.5621733e+10 (235050)
Clp0006I 402134  Obj 8.9500713e+09 Primal inf 7.5508951e+09 (228198)
Clp0006I 403134  Obj 8.9587482e+09 Primal inf 2.9360371e+09 (229835)
Clp0006I 404134  Obj 8.9678217e+09 Primal inf 1.2920173e+09 (249857)
Clp0006I 405134  Obj 8.9756317e+09 Primal inf 2.0191265e+09 (226488)
Clp0006I 406134  Obj 8.9855077e+09 Primal inf 9.255267e+08 (200889)
Clp0006I 407134  Obj 8.9927028e+09 Primal inf 3.7890068e+09 (237541)
Clp0006I 408134  Obj 8.9973508e+09 Primal inf 3.8050798e+09 (220089)
Clp0006I 409134  Obj 9.0038617e+09 Primal inf 1.4660447e+09 (218539)
Clp0006I 410134  Obj 9.0106679e+09 Primal inf 2.2183676e+09 (212684)
Clp0006I 411134  Obj 9.0209088e+09 Primal inf 5.6796876e+09 (241317)
Clp0006I 412134  Obj 9.0280387e+09 Primal inf 6.7274782e+09 (247291)
Clp0006I 413134  Obj 9.0370173e+09 Primal inf 2.6874464e+10 (275881)
Clp0006I 414134  Obj 9.0406138e+09 Primal inf 1.1957745e+09 (201090)
Clp0006I 415134  Obj 9.0440461e+09 Primal inf 1.5868009e+09 (206520)
Clp0006I 416134  Obj 9.0595984e+09 Primal inf 1.4651496e+09 (206881)
Clp0006I 417134  Obj 9.074161e+09 Primal inf 1.2584664e+09 (222919)
Clp0006I 418134  Obj 9.0886057e+09 Primal inf 1.3374493e+09 (232309)
Clp0006I 419134  Obj 9.0968988e+09 Primal inf 3.7956788e+09 (236483)
Clp0006I 420134  Obj 9.1127688e+09 Primal inf 7.5848763e+09 (232630)
Clp0006I 421134  Obj 9.1294879e+09 Primal inf 1.1593645e+09 (214528)
Clp0006I 422134  Obj 9.142008e+09 Primal inf 1.1777101e+09 (213945)
Clp0006I 423134  Obj 9.1495792e+09 Primal inf 1.0058131e+09 (206640)
Clp0006I 424134  Obj 9.1585889e+09 Primal inf 1.2222094e+09 (204335)
Clp0006I 425134  Obj 9.1692666e+09 Primal inf 2.1694151e+09 (238416)
Clp0006I 426134  Obj 9.175997e+09 Primal inf 4.2984504e+09 (219860)
Clp0006I 427134  Obj 9.1853615e+09 Primal inf 1.872283e+09 (273397)
Clp0006I 428134  Obj 9.1947676e+09 Primal inf 7.9951584e+09 (221413)
Clp0006I 429134  Obj 9.2034979e+09 Primal inf 1.2933635e+10 (226355)
Clp0006I 430134  Obj 9.2050101e+09 Primal inf 1.2973696e+10 (251866)
Clp0006I 431134  Obj 9.2110719e+09 Primal inf 9.7371648e+09 (224598)
Clp0006I 432134  Obj 9.2133124e+09 Primal inf 3.7437132e+10 (252730)
Clp0006I 433134  Obj 9.2141668e+09 Primal inf 7.9116046e+09 (302228)
Clp0006I 434134  Obj 9.2197243e+09 Primal inf 2.0067171e+10 (323922)
Clp0006I 435134  Obj 9.2422551e+09 Primal inf 6.9933124e+09 (251789)
Clp0006I 436134  Obj 9.2504932e+09 Primal inf 2.6157884e+10 (297280)
Clp0006I 437134  Obj 9.2510428e+09 Primal inf 8.8207111e+09 (292035)
Clp0006I 438134  Obj 9.2522328e+09 Primal inf 9.1274795e+09 (291317)
Clp0006I 439134  Obj 9.2539321e+09 Primal inf 2.7249245e+10 (277061)
Clp0006I 440134  Obj 9.2699692e+09 Primal inf 4.1645132e+09 (267083)
Clp0006I 441134  Obj 9.2861798e+09 Primal inf 1.688516e+10 (264538)
Clp0006I 442134  Obj 9.2910636e+09 Primal inf 1.0823755e+10 (280832)
Clp0006I 443134  Obj 9.2943524e+09 Primal inf 8.1017603e+09 (281570)
Clp0006I 444134  Obj 9.2958601e+09 Primal inf 4.7670278e+09 (262846)
Clp0006I 445134  Obj 9.2971545e+09 Primal inf 8.8952324e+09 (285901)
Clp0006I 446134  Obj 9.2991e+09 Primal inf 5.029834e+09 (289833)
Clp0006I 447134  Obj 9.3007226e+09 Primal inf 7.4687034e+09 (316457)
Clp0006I 448134  Obj 9.3017876e+09 Primal inf 1.2891233e+11 (271992)
Clp0006I 449134  Obj 9.3034876e+09 Primal inf 3.6868533e+09 (228601)
Clp0006I 450134  Obj 9.3056635e+09 Primal inf 2.0934021e+09 (241567)
Clp0006I 451134  Obj 9.3079806e+09 Primal inf 3.3323015e+09 (239883)
Clp0006I 452134  Obj 9.310209e+09 Primal inf 7.4218739e+09 (245761)
Clp0006I 453134  Obj 9.3117174e+09 Primal inf 8.6138627e+09 (246332)
Clp0006I 454134  Obj 9.3122247e+09 Primal inf 2.7411227e+10 (240364)
Clp0006I 455134  Obj 9.3124045e+09 Primal inf 7.9285666e+09 (229705)
Clp0006I 456134  Obj 9.3165073e+09 Primal inf 1.2697453e+10 (229154)
Clp0006I 457134  Obj 9.3200281e+09 Primal inf 1.8269567e+10 (253708)
Clp0006I 458134  Obj 9.3221337e+09 Primal inf 3.7936281e+10 (247977)
Clp0006I 459134  Obj 9.3266574e+09 Primal inf 5.6075153e+10 (284493)
Clp0006I 460134  Obj 9.338688e+09 Primal inf 4.5211321e+10 (323416)
Clp0006I 461134  Obj 9.3409889e+09 Primal inf 2.7650914e+10 (258014)
Clp0006I 462134  Obj 9.3451781e+09 Primal inf 1.3469575e+10 (311166)
Clp0006I 463134  Obj 9.3457464e+09 Primal inf 1.2783872e+10 (282908)
Clp0006I 464134  Obj 9.34621e+09 Primal inf 1.2635884e+10 (289368)
Clp0006I 465134  Obj 9.3475857e+09 Primal inf 8.3498215e+09 (247233)
Clp0006I 466134  Obj 9.3488255e+09 Primal inf 8.8608714e+09 (318436)
Clp0006I 467134  Obj 9.3505124e+09 Primal inf 5.391412e+10 (283909)
Clp0006I 468134  Obj 9.3522095e+09 Primal inf 1.0652201e+10 (255118)
Clp0006I 469134  Obj 9.3566598e+09 Primal inf 1.8884386e+09 (258165)
Clp0006I 470134  Obj 9.35905e+09 Primal inf 2.3702344e+09 (273294)
Clp0006I 471134  Obj 9.36028e+09 Primal inf 2.4146196e+09 (236935)
Clp0006I 472134  Obj 9.3641349e+09 Primal inf 8.3512659e+09 (303052)
Clp0006I 473134  Obj 9.367904e+09 Primal inf 1.3829835e+11 (297449)
Clp0006I 474134  Obj 9.3731802e+09 Primal inf 3.6540735e+11 (288408)
Clp0006I 475134  Obj 9.3816595e+09 Primal inf 7.2655822e+09 (311602)
Clp0006I 476134  Obj 9.3852359e+09 Primal inf 1.2110011e+10 (299982)
Clp0006I 477134  Obj 9.3892151e+09 Primal inf 3.4291385e+09 (259308)
Clp0006I 478134  Obj 9.3918852e+09 Primal inf 3.2772963e+09 (250783)
Clp0006I 479134  Obj 9.3951997e+09 Primal inf 2.7378673e+10 (285062)
Clp0006I 480134  Obj 9.3978471e+09 Primal inf 3.9483829e+09 (278454)
Clp0006I 481134  Obj 9.3984447e+09 Primal inf 8.2218751e+09 (237050)
Clp0006I 482134  Obj 9.3997864e+09 Primal inf 2.6439878e+10 (254364)
Clp0006I 483134  Obj 9.4008325e+09 Primal inf 4.4172387e+09 (286925)
Clp0006I 484134  Obj 9.4016687e+09 Primal inf 2.8338066e+09 (220351)
Clp0006I 485134  Obj 9.4039113e+09 Primal inf 3.1973967e+10 (295368)
Clp0006I 486134  Obj 9.4147942e+09 Primal inf 2.1332125e+10 (259408)
Clp0006I 487134  Obj 9.4193877e+09 Primal inf 6.1468704e+09 (231790)
Clp0006I 488134  Obj 9.4285449e+09 Primal inf 1.3514395e+11 (298232)
Clp0006I 489134  Obj 9.4491212e+09 Primal inf 1.2824713e+10 (274801)
Clp0006I 490134  Obj 9.4643788e+09 Primal inf 4.6128068e+10 (269438)
Clp0006I 491134  Obj 9.4767027e+09 Primal inf 6.1422142e+11 (305994)
Clp0006I 492134  Obj 9.4845989e+09 Primal inf 3.653855e+10 (285350)
Clp0006I 493134  Obj 9.4893002e+09 Primal inf 6.5151065e+10 (314347)
Clp0006I 494134  Obj 9.5034999e+09 Primal inf 2.9268969e+09 (283111)
Clp0006I 495134  Obj 9.5187673e+09 Primal inf 3.7248656e+11 (299752)
Clp0006I 496134  Obj 9.5281383e+09 Primal inf 8.5044035e+10 (296028)
Clp0006I 497134  Obj 9.5427459e+09 Primal inf 1.837297e+10 (292481)
Clp0006I 498134  Obj 9.5460529e+09 Primal inf 3.3147242e+09 (275799)
Clp0006I 499134  Obj 9.5593258e+09 Primal inf 7.5577818e+09 (331623)
Clp0006I 500134  Obj 9.5670629e+09 Primal inf 1.4706883e+11 (345900)
Clp0006I 501134  Obj 9.5683089e+09 Primal inf 4.0176116e+10 (298057)
Clp0006I 502134  Obj 9.5745759e+09 Primal inf 6.6253607e+10 (327459)
Clp0006I 503134  Obj 9.5810466e+09 Primal inf 3.893024e+09 (237626)
Clp0006I 504134  Obj 9.5863639e+09 Primal inf 6.6912107e+09 (295055)
Clp0006I 505134  Obj 9.6035691e+09 Primal inf 2.9135043e+10 (357227)
Clp0006I 506134  Obj 9.6119445e+09 Primal inf 1.4916721e+11 (304180)
Clp0006I 507134  Obj 9.6240977e+09 Primal inf 1.074844e+10 (326759)
Clp0006I 508134  Obj 9.630885e+09 Primal inf 1.7936672e+10 (280837)
Clp0006I 509134  Obj 9.642541e+09 Primal inf 4.4951921e+09 (219441)
Clp0006I 510134  Obj 9.653055e+09 Primal inf 2.7968825e+11 (331334)
Clp0006I 511134  Obj 9.6622549e+09 Primal inf 1.6699696e+09 (278342)
Clp0006I 512134  Obj 9.6734575e+09 Primal inf 1.8186472e+10 (307387)
Clp0006I 513134  Obj 9.6768815e+09 Primal inf 1.5071905e+10 (313052)
Clp0006I 514134  Obj 9.6833244e+09 Primal inf 1.1536289e+10 (286575)
Clp0006I 515134  Obj 9.6918696e+09 Primal inf 1.5404896e+10 (269282)
Clp0006I 516134  Obj 9.7002107e+09 Primal inf 4.4799338e+10 (336792)
Clp0006I 517134  Obj 9.7077718e+09 Primal inf 1.0426355e+11 (304149)
Clp0006I 518134  Obj 9.7189834e+09 Primal inf 4.1559014e+10 (275017)
Clp0006I 519134  Obj 9.7295474e+09 Primal inf 6.0995224e+11 (276191)
Clp0006I 520134  Obj 9.7341886e+09 Primal inf 3.9840643e+10 (288861)
Clp0006I 521134  Obj 9.7438209e+09 Primal inf 1.7266117e+10 (317173)
Clp0006I 522134  Obj 9.7540756e+09 Primal inf 4.565609e+10 (324185)
Clp0006I 523134  Obj 9.7612923e+09 Primal inf 5.216898e+09 (319106)
Clp0006I 524134  Obj 9.7684471e+09 Primal inf 1.3312126e+10 (311275)
Clp0006I 525134  Obj 9.7752047e+09 Primal inf 2.9697306e+10 (294250)
Clp0006I 526134  Obj 9.7814835e+09 Primal inf 4.6910508e+10 (300627)
Clp0006I 527134  Obj 9.7859196e+09 Primal inf 3.9936922e+09 (312627)
Clp0006I 528134  Obj 9.7911103e+09 Primal inf 3.6622288e+09 (312182)
Clp0006I 529134  Obj 9.8084405e+09 Primal inf 6.1114071e+10 (293812)
Clp0006I 530134  Obj 9.8238542e+09 Primal inf 2.9839191e+11 (323146)
Clp0006I 531134  Obj 9.838278e+09 Primal inf 2.7625155e+10 (340341)
Clp0006I 532134  Obj 9.8435721e+09 Primal inf 7.2487087e+10 (303836)
Clp0006I 533134  Obj 9.8491663e+09 Primal inf 4.1441873e+10 (314350)
Clp0006I 534134  Obj 9.8521198e+09 Primal inf 3.9768085e+09 (317986)
Clp0006I 535134  Obj 9.8534866e+09 Primal inf 1.1250588e+10 (338939)
Clp0006I 536134  Obj 9.8626023e+09 Primal inf 7.7418735e+09 (329803)
Clp0006I 537134  Obj 9.868539e+09 Primal inf 4.0484119e+10 (267450)
Clp0006I 538134  Obj 9.8786379e+09 Primal inf 1.4807731e+10 (261221)
Clp0006I 539134  Obj 9.8886107e+09 Primal inf 1.1252822e+11 (286677)
Clp0006I 540134  Obj 9.8984365e+09 Primal inf 3.5811532e+09 (256646)
Clp0006I 541134  Obj 9.9143439e+09 Primal inf 1.2565141e+10 (335928)
Clp0006I 542134  Obj 9.9279349e+09 Primal inf 1.5518591e+10 (320655)
Clp0006I 543134  Obj 9.9350275e+09 Primal inf 1.5647436e+10 (317280)
Clp0006I 544134  Obj 9.9462858e+09 Primal inf 9.2729436e+09 (284898)
Clp0006I 545134  Obj 9.9567527e+09 Primal inf 7.2925301e+11 (358998)
Clp0006I 546134  Obj 9.9752396e+09 Primal inf 1.3846085e+11 (355329)
Clp0006I 547134  Obj 9.9979183e+09 Primal inf 3.9867545e+10 (326293)
Clp0006I 548134  Obj 1.0025657e+10 Primal inf 4.5368367e+11 (345978)
Clp0006I 549134  Obj 1.00486e+10 Primal inf 1.8689204e+12 (349197)
Clp0006I 550134  Obj 1.0069783e+10 Primal inf 2.3220369e+11 (355831)
Clp0006I 551134  Obj 1.0106561e+10 Primal inf 2.5291379e+12 (336462)
Clp0006I 552134  Obj 1.0119654e+10 Primal inf 5.5494647e+10 (347890)
Clp0006I 553134  Obj 1.0127297e+10 Primal inf 9.5927028e+09 (337785)
Clp0006I 554134  Obj 1.0139949e+10 Primal inf 1.4852474e+11 (384433)
Clp0006I 555134  Obj 1.0149019e+10 Primal inf 1.4458221e+10 (269290)
Clp0006I 556134  Obj 1.0159126e+10 Primal inf 2.5168419e+11 (353231)
Clp0006I 557134  Obj 1.0165658e+10 Primal inf 1.6385636e+10 (269308)
Clp0006I 558134  Obj 1.0171221e+10 Primal inf 2.5177276e+11 (324011)
Clp0006I 559134  Obj 1.0179582e+10 Primal inf 3.3194186e+10 (345943)
Clp0006I 560134  Obj 1.0197531e+10 Primal inf 2.5927235e+10 (282526)
Clp0006I 561134  Obj 1.0209282e+10 Primal inf 1.6136563e+10 (348967)
Clp0006I 562134  Obj 1.021717e+10 Primal inf 2.2162714e+10 (318498)
Clp0006I 563134  Obj 1.0229833e+10 Primal inf 7.609947e+09 (288262)
Clp0006I 564134  Obj 1.0236132e+10 Primal inf 1.8989035e+10 (329435)
Clp0006I 565134  Obj 1.0241943e+10 Primal inf 8.2906973e+09 (334384)
Clp0006I 566134  Obj 1.0251393e+10 Primal inf 8.1889251e+10 (342290)
Clp0006I 567134  Obj 1.0257296e+10 Primal inf 1.8843678e+10 (322895)
Clp0006I 568134  Obj 1.0265416e+10 Primal inf 3.0874732e+10 (366600)
Clp0006I 569134  Obj 1.0272153e+10 Primal inf 4.5794403e+10 (335703)
Clp0006I 570134  Obj 1.0282325e+10 Primal inf 2.8658716e+10 (299225)
Clp0006I 571134  Obj 1.0297303e+10 Primal inf 1.5532009e+10 (291100)
Clp0006I 572134  Obj 1.0312146e+10 Primal inf 2.0752544e+11 (348051)
Clp0006I 573134  Obj 1.0324284e+10 Primal inf 3.4255024e+11 (366938)
Clp0006I 574134  Obj 1.0334812e+10 Primal inf 1.9304842e+10 (335430)
Clp0006I 575128  Obj 1.0356265e+10 Primal inf 1.7358595e+11 (362656)
Clp0006I 576128  Obj 1.0374472e+10 Primal inf 1.4231463e+10 (316278)
Clp0006I 577128  Obj 1.0381796e+10 Primal inf 6.8689924e+09 (346782)
Clp0006I 578128  Obj 1.0388149e+10 Primal inf 1.7099956e+10 (348797)
Clp0006I 579128  Obj 1.0398803e+10 Primal inf 2.5543726e+10 (339605)
Clp0006I 580128  Obj 1.0408557e+10 Primal inf 1.7085877e+10 (306516)
Clp0006I 581128  Obj 1.0417978e+10 Primal inf 1.6276037e+11 (310714)
Clp0006I 582128  Obj 1.0440444e+10 Primal inf 1.0209631e+10 (294848)
Clp0006I 583128  Obj 1.0456455e+10 Primal inf 1.0592192e+10 (286097)
Clp0006I 584128  Obj 1.0468679e+10 Primal inf 1.8663855e+10 (303641)
Clp0006I 585128  Obj 1.0473793e+10 Primal inf 3.9390781e+10 (304908)
Clp0006I 586128  Obj 1.0484389e+10 Primal inf 3.3347257e+11 (350868)
Clp0006I 587128  Obj 1.0501365e+10 Primal inf 4.7040601e+10 (297094)
Clp0006I 588128  Obj 1.0508655e+10 Primal inf 8.7262616e+09 (348839)
Clp0006I 589128  Obj 1.0512664e+10 Primal inf 2.976103e+10 (295434)
Clp0006I 590128  Obj 1.0518572e+10 Primal inf 1.305385e+10 (323700)
Clp0006I 591128  Obj 1.0523744e+10 Primal inf 5.0675085e+10 (406621)
Clp0006I 592128  Obj 1.0532551e+10 Primal inf 2.1242242e+10 (349619)
Clp0006I 593128  Obj 1.0544385e+10 Primal inf 9.9079303e+09 (284553)
Clp0006I 594128  Obj 1.0557612e+10 Primal inf 3.6746163e+10 (307356)
Clp0006I 595025  Obj 1.0569517e+10 Primal inf 1.3683516e+11 (384079)
Clp0006I 596025  Obj 1.0581744e+10 Primal inf 4.2320458e+11 (337431)
Clp0006I 597025  Obj 1.059403e+10 Primal inf 1.1017005e+11 (326205)
Clp0006I 598025  Obj 1.0605525e+10 Primal inf 5.9323243e+10 (305687)
Clp0006I 599025  Obj 1.0618128e+10 Primal inf 1.5209623e+10 (376065)
Clp0006I 600025  Obj 1.062662e+10 Primal inf 1.6717182e+10 (297753)
Clp0006I 601025  Obj 1.0636414e+10 Primal inf 3.9814661e+10 (327888)
Clp0006I 602025  Obj 1.0647329e+10 Primal inf 2.0380131e+10 (372218)
Clp0006I 603025  Obj 1.065638e+10 Primal inf 8.2244334e+10 (353855)
Clp0006I 604025  Obj 1.0663996e+10 Primal inf 3.7605599e+10 (386364)
Clp0006I 605025  Obj 1.06746e+10 Primal inf 1.3254721e+10 (371577)
Clp0006I 606025  Obj 1.0690608e+10 Primal inf 3.2423401e+10 (356243)
Clp0006I 607025  Obj 1.0701772e+10 Primal inf 2.6801675e+10 (290552)
Clp0006I 608025  Obj 1.071316e+10 Primal inf 6.1609241e+10 (327965)
Clp0006I 609025  Obj 1.0723518e+10 Primal inf 4.6468437e+10 (349677)
Clp0006I 610025  Obj 1.0737017e+10 Primal inf 6.4055945e+09 (301779)
Clp0006I 611025  Obj 1.0744468e+10 Primal inf 5.9360491e+09 (330154)
Clp0006I 612025  Obj 1.0750989e+10 Primal inf 1.4333233e+10 (307403)
Clp0006I 613025  Obj 1.0759289e+10 Primal inf 3.1900551e+10 (364541)
Clp0006I 614025  Obj 1.0768742e+10 Primal inf 4.4029159e+09 (288800)
Clp0006I 615025  Obj 1.0778864e+10 Primal inf 1.0207579e+10 (274073)
Clp0006I 616025  Obj 1.0787996e+10 Primal inf 3.6160084e+10 (381068)
Clp0006I 617025  Obj 1.0792791e+10 Primal inf 9.5352325e+09 (338779)
Clp0006I 618025  Obj 1.0800524e+10 Primal inf 1.6182827e+10 (315235)
Clp0006I 619025  Obj 1.0809914e+10 Primal inf 1.5306902e+10 (332531)
Clp0006I 620025  Obj 1.0818657e+10 Primal inf 2.199272e+11 (388053)
Clp0006I 621025  Obj 1.0829571e+10 Primal inf 1.3730898e+11 (338668)
Clp0006I 621854  Obj 1.083835e+10 Primal inf 8.3148965e+11 (377992)
Clp0006I 622854  Obj 1.0845855e+10 Primal inf 1.1209515e+10 (352320)
Clp0006I 623854  Obj 1.0860048e+10 Primal inf 1.0707787e+11 (349322)
Clp0006I 624854  Obj 1.0871325e+10 Primal inf 1.3818839e+10 (343340)
Clp0006I 625854  Obj 1.088465e+10 Primal inf 2.1245902e+10 (379376)
Clp0006I 626854  Obj 1.0901689e+10 Primal inf 1.2505731e+10 (329391)
Clp0006I 627854  Obj 1.0914036e+10 Primal inf 2.6478982e+11 (360630)
Clp0006I 628854  Obj 1.0929605e+10 Primal inf 7.4574408e+10 (348246)
Clp0006I 629854  Obj 1.0945086e+10 Primal inf 4.3109078e+10 (366947)
Clp0006I 630854  Obj 1.0959562e+10 Primal inf 3.3090301e+10 (394058)
Clp0006I 631854  Obj 1.0972965e+10 Primal inf 1.0636382e+11 (393525)
Clp0006I 632854  Obj 1.0985461e+10 Primal inf 6.2989964e+11 (321896)
Clp0006I 633378  Obj 1.0991665e+10 Primal inf 1.0293066e+11 (362628)
Clp0006I 634378  Obj 1.1002779e+10 Primal inf 5.3441815e+10 (356103)
Clp0006I 635378  Obj 1.1013154e+10 Primal inf 2.1155251e+10 (392950)
Clp0006I 636378  Obj 1.1025245e+10 Primal inf 3.2519996e+11 (312886)
Clp0006I 637378  Obj 1.103359e+10 Primal inf 1.9995336e+10 (356957)
Clp0006I 638378  Obj 1.1039404e+10 Primal inf 2.1246135e+10 (350113)
Clp0006I 639378  Obj 1.104852e+10 Primal inf 1.8116188e+11 (322098)
Clp0006I 640378  Obj 1.1064381e+10 Primal inf 1.6049144e+10 (291150)
Clp0006I 641378  Obj 1.1073906e+10 Primal inf 3.5700303e+10 (290689)
Clp0006I 642378  Obj 1.1086079e+10 Primal inf 3.5150189e+10 (319593)
Clp0006I 643378  Obj 1.1096869e+10 Primal inf 5.0407587e+10 (364317)
Clp0006I 644378  Obj 1.1102874e+10 Primal inf 1.7762977e+11 (337003)
Clp0006I 645378  Obj 1.1109003e+10 Primal inf 1.4091541e+10 (303889)
Clp0006I 646378  Obj 1.1117405e+10 Primal inf 8.508401e+09 (307165)
Clp0006I 647378  Obj 1.1130684e+10 Primal inf 7.8763856e+11 (381776)
Clp0006I 648054  Obj 1.1138416e+10 Primal inf 2.8713508e+14 (339262)
Clp0006I 649054  Obj 1.1161117e+10 Primal inf 8.7367857e+12 (352015)
Clp0006I 650054  Obj 1.1207018e+10 Primal inf 2.0829736e+13 (325847)
Clp0006I 651054  Obj 1.1229274e+10 Primal inf 8.0729007e+11 (334025)
Clp0006I 652054  Obj 1.1242493e+10 Primal inf 1.0722369e+14 (400799)
Clp0006I 653054  Obj 1.1265584e+10 Primal inf 3.2509871e+11 (337900)
Clp0006I 654054  Obj 1.1297731e+10 Primal inf 7.9648258e+13 (423415)
Clp0006I 654654  Obj 1.1306496e+10 Primal inf 2.4584712e+11 (418943)
Clp0006I 655654  Obj 1.1316192e+10 Primal inf 1.0782685e+10 (337593)
Clp0006I 656654  Obj 1.1325457e+10 Primal inf 1.4447551e+11 (365992)
Clp0006I 657511  Obj 1.1332792e+10 Primal inf 2.7149395e+10 (361881)
Clp0006I 658511  Obj 1.1338688e+10 Primal inf 3.5316183e+10 (379915)
Clp0006I 659511  Obj 1.1343495e+10 Primal inf 4.9307508e+09 (286381)
Clp0006I 660511  Obj 1.1349762e+10 Primal inf 5.748422e+10 (355339)
Clp0006I 661511  Obj 1.1354142e+10 Primal inf 1.1664704e+10 (365694)
Clp0006I 662511  Obj 1.1360843e+10 Primal inf 3.6025755e+10 (417986)
Clp0006I 663511  Obj 1.1369681e+10 Primal inf 6.0217553e+10 (311521)
Clp0006I 664511  Obj 1.1379579e+10 Primal inf 2.7547304e+11 (355465)
Clp0006I 665511  Obj 1.1388045e+10 Primal inf 1.0090233e+11 (354982)
Clp0006I 666511  Obj 1.1397953e+10 Primal inf 1.0734123e+10 (291877)
Clp0006I 667511  Obj 1.1406043e+10 Primal inf 5.2249274e+10 (336855)
Clp0006I 668511  Obj 1.1417011e+10 Primal inf 3.0117522e+10 (378982)
Clp0006I 669511  Obj 1.1427784e+10 Primal inf 2.3781858e+10 (350429)
Clp0006I 670511  Obj 1.1441682e+10 Primal inf 5.2355983e+10 (361117)
Clp0006I 671511  Obj 1.1450549e+10 Primal inf 6.1502942e+10 (386607)
Clp0006I 672511  Obj 1.1457263e+10 Primal inf 2.4680901e+11 (327943)
Clp0006I 673511  Obj 1.1467579e+10 Primal inf 1.2075292e+11 (329674)
Clp0006I 674511  Obj 1.147812e+10 Primal inf 1.0966871e+11 (398825)
Clp0006I 675511  Obj 1.1493848e+10 Primal inf 4.13824e+11 (398403)
Clp0006I 676511  Obj 1.1503312e+10 Primal inf 5.7309129e+11 (380014)
Clp0006I 677180  Obj 1.1507615e+10 Primal inf 1.6778863e+10 (268127)
Clp0006I 678180  Obj 1.1523884e+10 Primal inf 8.0985764e+10 (303420)
Clp0006I 678752  Obj 1.1537487e+10 Primal inf 2.487977e+11 (392880)
Clp0006I 679668  Obj 1.155428e+10 Primal inf 4.7749488e+10 (380514)
Clp0006I 680609  Obj 1.1571578e+10 Primal inf 4.6319824e+10 (412066)
Clp0006I 681609  Obj 1.1581349e+10 Primal inf 3.6712512e+10 (299485)
Clp0006I 682609  Obj 1.1588047e+10 Primal inf 3.6025475e+09 (351113)
Clp0006I 683609  Obj 1.1602497e+10 Primal inf 1.1011366e+11 (320823)
Clp0006I 684609  Obj 1.1610938e+10 Primal inf 1.082631e+11 (389023)
Clp0006I 685609  Obj 1.1615693e+10 Primal inf 2.7583209e+10 (367746)
Clp0006I 686609  Obj 1.1622615e+10 Primal inf 2.1320555e+10 (393841)
Clp0006I 687609  Obj 1.1630626e+10 Primal inf 3.7700275e+11 (359353)
Clp0006I 688609  Obj 1.1644156e+10 Primal inf 1.8275235e+11 (376789)
Clp0006I 689609  Obj 1.1655515e+10 Primal inf 1.1247232e+10 (376179)
Clp0006I 690609  Obj 1.1664668e+10 Primal inf 1.0055827e+11 (407497)
Clp0006I 691409  Obj 1.167162e+10 Primal inf 6.8939769e+10 (356869)
Clp0006I 692409  Obj 1.1682356e+10 Primal inf 1.1828296e+11 (317319)
Clp0006I 693409  Obj 1.169124e+10 Primal inf 1.5981737e+10 (379831)
Clp0006I 694231  Obj 1.1699393e+10 Primal inf 1.8732103e+11 (341702)
Clp0006I 695231  Obj 1.1707577e+10 Primal inf 2.0358806e+10 (397623)
Clp0006I 696231  Obj 1.1718203e+10 Primal inf 5.8835556e+10 (393070)
Clp0006I 697231  Obj 1.173043e+10 Primal inf 4.7219016e+10 (361363)
Clp0006I 698231  Obj 1.1745994e+10 Primal inf 1.9083238e+11 (396124)
Clp0006I 699231  Obj 1.1755378e+10 Primal inf 1.8175682e+10 (316836)
Clp0006I 700231  Obj 1.1772012e+10 Primal inf 1.7861817e+10 (361951)
Clp0006I 701231  Obj 1.1788341e+10 Primal inf 5.224546e+10 (364362)
Clp0006I 702231  Obj 1.179451e+10 Primal inf 1.7905329e+10 (354552)
Clp0006I 703231  Obj 1.1803044e+10 Primal inf 6.3747056e+10 (346084)
Clp0006I 704231  Obj 1.1816198e+10 Primal inf 1.11485e+10 (287086)
Clp0006I 705231  Obj 1.1826173e+10 Primal inf 6.3855055e+09 (349228)
Clp0006I 706231  Obj 1.1834833e+10 Primal inf 2.956387e+09 (332694)
Clp0006I 707231  Obj 1.1847147e+10 Primal inf 1.6902995e+11 (385105)
Clp0006I 708231  Obj 1.1868261e+10 Primal inf 1.8693535e+10 (348049)
Clp0006I 709231  Obj 1.1877843e+10 Primal inf 1.6616079e+10 (236678)
Clp0006I 710231  Obj 1.1891963e+10 Primal inf 1.3355572e+10 (286209)
Clp0006I 711231  Obj 1.1902844e+10 Primal inf 2.4427238e+09 (281006)
Clp0006I 712231  Obj 1.1911765e+10 Primal inf 4.0174874e+10 (370376)
Clp0006I 713231  Obj 1.1923503e+10 Primal inf 9.3424727e+09 (357423)
Clp0006I 714231  Obj 1.1936084e+10 Primal inf 4.6060616e+09 (323736)
Clp0006I 715071  Obj 1.1945438e+10 Primal inf 5.4522565e+10 (421760)
Clp0006I 716071  Obj 1.1956168e+10 Primal inf 6.4228355e+10 (417839)
Clp0006I 717071  Obj 1.1972494e+10 Primal inf 3.9961168e+10 (329541)
Clp0006I 718071  Obj 1.1987535e+10 Primal inf 3.0555428e+10 (352283)
Clp0006I 719071  Obj 1.2001384e+10 Primal inf 1.4027957e+10 (369668)
Clp0006I 720071  Obj 1.2021821e+10 Primal inf 1.8961056e+10 (357637)
Clp0006I 721071  Obj 1.203616e+10 Primal inf 1.2475834e+11 (398274)
Clp0006I 721899  Obj 1.2045096e+10 Primal inf 2.7052409e+10 (406775)
Clp0006I 722899  Obj 1.2055959e+10 Primal inf 1.2267777e+10 (359006)
Clp0006I 723899  Obj 1.2065032e+10 Primal inf 1.4012304e+10 (383946)
Clp0006I 724899  Obj 1.2073219e+10 Primal inf 3.1334207e+10 (405060)
Clp0006I 725899  Obj 1.2079802e+10 Primal inf 1.0565397e+10 (343690)
Clp0006I 726899  Obj 1.2087461e+10 Primal inf 2.1794166e+10 (359072)
Clp0006I 727755  Obj 1.2096218e+10 Primal inf 1.1653502e+12 (350911)
Clp0006I 728531  Obj 1.2107296e+10 Primal inf 5.1834123e+09 (329262)
Clp0006I 729531  Obj 1.2119237e+10 Primal inf 6.2075369e+09 (393277)
Clp0006I 730531  Obj 1.2131245e+10 Primal inf 1.644595e+10 (358263)
Clp0006I 731531  Obj 1.2144792e+10 Primal inf 1.4287297e+11 (349897)
Clp0006I 732531  Obj 1.2156687e+10 Primal inf 1.3547076e+11 (391443)
Clp0006I 733531  Obj 1.2173563e+10 Primal inf 2.9009938e+11 (420468)
Clp0006I 734531  Obj 1.2184266e+10 Primal inf 1.1424847e+11 (343448)
Clp0006I 735531  Obj 1.2198558e+10 Primal inf 5.7112216e+10 (392098)
Clp0006I 736531  Obj 1.2208624e+10 Primal inf 1.1430654e+10 (346357)
Clp0006I 737531  Obj 1.2220853e+10 Primal inf 6.5974452e+10 (370545)
Clp0006I 738194  Obj 1.2228869e+10 Primal inf 3.4169661e+11 (352403)
Clp0006I 739194  Obj 1.224197e+10 Primal inf 4.1839875e+10 (364924)
Clp0006I 740194  Obj 1.2256539e+10 Primal inf 1.5112541e+11 (325107)
Clp0006I 741194  Obj 1.2269226e+10 Primal inf 3.5061246e+09 (380750)
Clp0006I 742194  Obj 1.2280701e+10 Primal inf 8.3269521e+09 (354711)
Clp0006I 743194  Obj 1.2290781e+10 Primal inf 1.521087e+10 (333016)
Clp0006I 744194  Obj 1.2301425e+10 Primal inf 3.8082727e+09 (344319)
Clp0006I 745194  Obj 1.2310651e+10 Primal inf 1.2248519e+10 (315094)
Clp0006I 746194  Obj 1.2324587e+10 Primal inf 2.0144245e+10 (333579)
Clp0006I 747194  Obj 1.2334897e+10 Primal inf 2.9198888e+09 (276484)
Clp0006I 748194  Obj 1.2347788e+10 Primal inf 5.5651789e+10 (272038)
Clp0006I 749194  Obj 1.2372319e+10 Primal inf 2.7296906e+10 (281312)
Clp0006I 750194  Obj 1.2401884e+10 Primal inf 1.1874218e+09 (251088)
Clp0006I 751194  Obj 1.2417793e+10 Primal inf 1.1455153e+10 (334814)
Clp0006I 752194  Obj 1.2427255e+10 Primal inf 5.7969497e+09 (343406)
Clp0006I 753194  Obj 1.2435825e+10 Primal inf 2.3730645e+09 (309388)
Clp0006I 754194  Obj 1.2443462e+10 Primal inf 2.9685983e+10 (369849)
Clp0006I 755194  Obj 1.2451842e+10 Primal inf 6.0222855e+09 (287594)
Clp0006I 756194  Obj 1.2463903e+10 Primal inf 3.5829573e+09 (308363)
Clp0006I 757194  Obj 1.2474145e+10 Primal inf 2.1764158e+10 (345064)
Clp0006I 758194  Obj 1.248953e+10 Primal inf 2.4119624e+10 (345584)
Clp0006I 759194  Obj 1.2497521e+10 Primal inf 1.1207687e+10 (278477)
Clp0006I 760194  Obj 1.2504789e+10 Primal inf 6.7973097e+09 (287625)
Clp0006I 761194  Obj 1.2514878e+10 Primal inf 1.9330074e+09 (284594)
Clp0006I 762194  Obj 1.2524149e+10 Primal inf 1.6091614e+10 (311986)
Clp0006I 763194  Obj 1.2535054e+10 Primal inf 1.0996062e+10 (288929)
Clp0006I 764194  Obj 1.2541716e+10 Primal inf 1.960167e+09 (317020)
Clp0006I 765194  Obj 1.2550705e+10 Primal inf 7.3895904e+10 (319004)
Clp0006I 766194  Obj 1.2570775e+10 Primal inf 2.0869703e+10 (350919)
Clp0006I 767194  Obj 1.2584081e+10 Primal inf 2.7228662e+10 (353958)
Clp0006I 768194  Obj 1.2595869e+10 Primal inf 2.917849e+09 (260500)
Clp0006I 769194  Obj 1.2604094e+10 Primal inf 1.0505369e+11 (348576)
Clp0006I 770194  Obj 1.2614585e+10 Primal inf 1.2482253e+12 (344799)
Clp0006I 770811  Obj 1.2623849e+10 Primal inf 7.7386553e+09 (292340)
Clp0006I 771811  Obj 1.263745e+10 Primal inf 1.2715477e+10 (286685)
Clp0006I 772431  Obj 1.264847e+10 Primal inf 3.8744767e+10 (264181)
Clp0006I 773431  Obj 1.2661577e+10 Primal inf 1.5951078e+10 (268129)
Clp0006I 774431  Obj 1.2678355e+10 Primal inf 1.015588e+11 (261644)
Clp0006I 775431  Obj 1.2692925e+10 Primal inf 5.6078211e+09 (296095)
Clp0006I 776431  Obj 1.2707899e+10 Primal inf 9.3313595e+10 (302940)
Clp0006I 777431  Obj 1.2725125e+10 Primal inf 1.5772445e+10 (284321)
Clp0006I 778381  Obj 1.274071e+10 Primal inf 2.4667208e+10 (260251)
Clp0006I 779381  Obj 1.2753947e+10 Primal inf 2.7945043e+09 (281987)
Clp0006I 780381  Obj 1.2769566e+10 Primal inf 6.1099009e+10 (337016)
Clp0006I 781381  Obj 1.2783229e+10 Primal inf 6.8837254e+10 (317330)
Clp0006I 782288  Obj 1.2795375e+10 Primal inf 1.1353708e+11 (266767)
Clp0006I 783288  Obj 1.281402e+10 Primal inf 1.3138968e+10 (297164)
Clp0006I 784182  Obj 1.2825302e+10 Primal inf 5.5488258e+10 (328046)
Clp0006I 785084  Obj 1.2838462e+10 Primal inf 2.0887554e+10 (313951)
Clp0006I 785661  Obj 1.2845672e+10 Primal inf 2.3410156e+10 (250494)
Clp0006I 786486  Obj 1.2857135e+10 Primal inf 2.6252724e+10 (329218)
Clp0006I 787486  Obj 1.2867942e+10 Primal inf 1.302105e+09 (268341)
Clp0006I 788486  Obj 1.2879592e+10 Primal inf 6.1806352e+09 (296706)
Clp0006I 789486  Obj 1.2889036e+10 Primal inf 7.667059e+09 (273528)
Clp0006I 790486  Obj 1.2897223e+10 Primal inf 3.5493074e+09 (241563)
Clp0006I 791486  Obj 1.2907297e+10 Primal inf 3.1413492e+10 (276079)
Clp0006I 792486  Obj 1.2915648e+10 Primal inf 4.4361159e+09 (266825)
Clp0006I 793486  Obj 1.2925621e+10 Primal inf 1.1901012e+10 (341322)
Clp0006I 794486  Obj 1.2936703e+10 Primal inf 3.3736369e+10 (279622)
Clp0006I 795486  Obj 1.2950638e+10 Primal inf 8.1344811e+09 (286418)
Clp0006I 796486  Obj 1.2959856e+10 Primal inf 2.9984975e+09 (291895)
Clp0006I 797486  Obj 1.2967561e+10 Primal inf 1.2340257e+09 (239959)
Clp0006I 798486  Obj 1.2977365e+10 Primal inf 2.4329639e+09 (247296)
Clp0006I 799374  Obj 1.2985241e+10 Primal inf 1.5480356e+12 (344947)
Clp0006I 800132  Obj 1.2994309e+10 Primal inf 6.5847051e+09 (321390)
Clp0006I 801132  Obj 1.3004367e+10 Primal inf 1.2550459e+10 (312243)
Clp0006I 802132  Obj 1.3012452e+10 Primal inf 8.821886e+09 (296176)
Clp0006I 803132  Obj 1.3024074e+10 Primal inf 6.5503953e+10 (290391)
Clp0006I 804132  Obj 1.3033324e+10 Primal inf 1.5593149e+09 (290102)
Clp0006I 804949  Obj 1.3043068e+10 Primal inf 9.8647603e+08 (196039)
Clp0006I 805949  Obj 1.3054295e+10 Primal inf 1.0682407e+10 (288190)
Clp0006I 806949  Obj 1.3065892e+10 Primal inf 6.117721e+09 (273636)
Clp0006I 807949  Obj 1.3075024e+10 Primal inf 2.5533089e+09 (237179)
Clp0006I 808949  Obj 1.3083915e+10 Primal inf 5.7592143e+09 (287927)
Clp0006I 809949  Obj 1.3092687e+10 Primal inf 6.2213488e+09 (281960)
Clp0006I 810920  Obj 1.3102351e+10 Primal inf 1.3379559e+10 (237978)
Clp0006I 811920  Obj 1.311497e+10 Primal inf 3.1021188e+09 (260594)
Clp0006I 812920  Obj 1.3123393e+10 Primal inf 7.5702748e+10 (278605)
Clp0006I 813920  Obj 1.3134269e+10 Primal inf 1.8462703e+10 (312653)
Clp0006I 814874  Obj 1.3143528e+10 Primal inf 1.1208997e+09 (237174)
Clp0006I 815874  Obj 1.3151127e+10 Primal inf 6.1596627e+09 (237279)
Clp0006I 816874  Obj 1.3160327e+10 Primal inf 2.3400237e+09 (246659)
Clp0006I 817874  Obj 1.3165724e+10 Primal inf 2.1287733e+10 (233189)
Clp0006I 818874  Obj 1.317421e+10 Primal inf 4.2659508e+09 (272095)
Clp0006I 819769  Obj 1.3181352e+10 Primal inf 6.7769992e+09 (258847)
Clp0006I 820746  Obj 1.3188831e+10 Primal inf 2.4341284e+10 (281334)
Clp0006I 821746  Obj 1.3197599e+10 Primal inf 1.9896987e+09 (253477)
Clp0006I 822746  Obj 1.3205498e+10 Primal inf 1.4271598e+10 (260408)
Clp0006I 823746  Obj 1.3212306e+10 Primal inf 2.9589302e+09 (268732)
Clp0006I 824746  Obj 1.3225321e+10 Primal inf 4.9638752e+08 (220113)
Clp0006I 825746  Obj 1.3237373e+10 Primal inf 3.6871818e+09 (272091)
Clp0006I 826746  Obj 1.3249761e+10 Primal inf 6.6257595e+08 (236371)
Clp0006I 827746  Obj 1.3257754e+10 Primal inf 1.4114333e+10 (286502)
Clp0006I 828746  Obj 1.3266533e+10 Primal inf 3.1464744e+10 (303203)
Clp0006I 829746  Obj 1.3274106e+10 Primal inf 3.085679e+09 (287471)
Clp0006I 830552  Obj 1.3280273e+10 Primal inf 2.037818e+09 (231910)
Clp0006I 831386  Obj 1.3285994e+10 Primal inf 3.1067049e+10 (353882)
Clp0006I 832386  Obj 1.3291999e+10 Primal inf 2.5556257e+10 (312893)
Clp0006I 833386  Obj 1.3298202e+10 Primal inf 2.2141246e+09 (278294)
Clp0006I 834386  Obj 1.3303878e+10 Primal inf 2.4833563e+10 (323327)
Clp0006I 835386  Obj 1.331184e+10 Primal inf 2.577897e+10 (304375)
Clp0006I 836386  Obj 1.3322881e+10 Primal inf 7.4262518e+09 (262751)
Clp0006I 837386  Obj 1.3331709e+10 Primal inf 1.5218271e+10 (328138)
Clp0006I 838386  Obj 1.3339332e+10 Primal inf 7.2074279e+09 (342135)
Clp0006I 839386  Obj 1.3347309e+10 Primal inf 1.1541374e+09 (234832)
Clp0006I 840386  Obj 1.3355022e+10 Primal inf 1.3914194e+09 (252996)
Clp0006I 841386  Obj 1.3362706e+10 Primal inf 1.937831e+10 (268553)
Clp0006I 842386  Obj 1.3370923e+10 Primal inf 1.4771173e+10 (247717)
Clp0006I 843120  Obj 1.3376432e+10 Primal inf 3.8448333e+10 (300083)
Clp0006I 844120  Obj 1.3385029e+10 Primal inf 1.8750848e+11 (359992)
Clp0006I 845120  Obj 1.3397443e+10 Primal inf 4.7622835e+10 (370195)
Clp0006I 846120  Obj 1.3407692e+10 Primal inf 2.8976813e+09 (311384)
Clp0006I 847120  Obj 1.3415771e+10 Primal inf 1.0613735e+09 (224182)
Clp0006I 848120  Obj 1.3421287e+10 Primal inf 1.0494322e+09 (216016)
Clp0006I 849120  Obj 1.3431e+10 Primal inf 4.7885567e+09 (226475)
Clp0006I 850120  Obj 1.3437138e+10 Primal inf 1.0973151e+11 (344686)
Clp0006I 851120  Obj 1.3448578e+10 Primal inf 9.311197e+08 (188725)
Clp0006I 852120  Obj 1.3476285e+10 Primal inf 1.1009976e+09 (181237)
Clp0006I 853120  Obj 1.3481567e+10 Primal inf 5.5993045e+08 (231810)
Clp0006I 854120  Obj 1.3488186e+10 Primal inf 4.4564098e+09 (232977)
Clp0006I 855120  Obj 1.349299e+10 Primal inf 1.5458354e+09 (236010)
Clp0006I 856120  Obj 1.3498868e+10 Primal inf 6.5379992e+09 (332720)
Clp0006I 857120  Obj 1.3506081e+10 Primal inf 1.3462378e+09 (241667)
Clp0006I 858120  Obj 1.3509883e+10 Primal inf 4.8761585e+09 (292194)
Clp0006I 859120  Obj 1.3515603e+10 Primal inf 2.8980349e+09 (319904)
Clp0006I 860120  Obj 1.3520552e+10 Primal inf 9.060419e+08 (259836)
Clp0006I 861120  Obj 1.3525605e+10 Primal inf 9.4300653e+10 (327266)
Clp0006I 862120  Obj 1.3529916e+10 Primal inf 4.9095035e+09 (272228)
Clp0006I 863120  Obj 1.3541909e+10 Primal inf 1.0066116e+10 (280142)
Clp0006I 864120  Obj 1.3547705e+10 Primal inf 6.464483e+09 (294433)
Clp0006I 865120  Obj 1.3552221e+10 Primal inf 1.6468578e+09 (240323)
Clp0006I 866120  Obj 1.3557953e+10 Primal inf 1.830675e+09 (281118)
Clp0006I 867120  Obj 1.3562391e+10 Primal inf 2.2545115e+10 (272708)
Clp0006I 868120  Obj 1.3566105e+10 Primal inf 6.3742888e+09 (336400)
Clp0006I 869120  Obj 1.3569816e+10 Primal inf 2.2324712e+09 (295590)
Clp0006I 870120  Obj 1.3573097e+10 Primal inf 4.4231738e+09 (225527)
Clp0006I 871120  Obj 1.3576996e+10 Primal inf 2.6963806e+09 (256940)
Clp0006I 872120  Obj 1.3581451e+10 Primal inf 1.527851e+09 (255307)
Clp0006I 873120  Obj 1.3584673e+10 Primal inf 5.3766098e+09 (278518)
Clp0006I 874120  Obj 1.3590317e+10 Primal inf 2.9332066e+08 (202115)
Clp0006I 875120  Obj 1.3606587e+10 Primal inf 2.8951643e+09 (285272)
Clp0006I 876120  Obj 1.361926e+10 Primal inf 4.1857629e+08 (223120)
Clp0006I 877120  Obj 1.3631676e+10 Primal inf 7.0737684e+09 (313593)
Clp0006I 878120  Obj 1.3641944e+10 Primal inf 1.1968418e+09 (256134)
Clp0006I 879120  Obj 1.3668849e+10 Primal inf 1.5699891e+09 (218636)
Clp0006I 880120  Obj 1.3703011e+10 Primal inf 1.676892e+09 (246238)
Clp0006I 881120  Obj 1.3713027e+10 Primal inf 4.4111871e+10 (291175)
Clp0006I 882120  Obj 1.372596e+10 Primal inf 1.5877403e+09 (254706)
Clp0006I 883120  Obj 1.3730419e+10 Primal inf 8.3577401e+09 (241428)
Clp0006I 884120  Obj 1.3734126e+10 Primal inf 1.827584e+10 (279767)
Clp0006I 885120  Obj 1.3748578e+10 Primal inf 3.1787141e+09 (263944)
Clp0006I 886120  Obj 1.3753394e+10 Primal inf 5.1005566e+09 (313471)
Clp0006I 886664  Obj 1.3756861e+10 Primal inf 2.6372507e+10 (289308)
Clp0006I 887237  Obj 1.3760631e+10 Primal inf 4.0081743e+10 (291555)
Clp0006I 888120  Obj 1.3767773e+10 Primal inf 1.5227819e+09 (247951)
Clp0006I 889120  Obj 1.3782731e+10 Primal inf 3.7667988e+09 (272592)
Clp0006I 890120  Obj 1.3805911e+10 Primal inf 3.0062982e+08 (212545)
Clp0006I 891120  Obj 1.3820158e+10 Primal inf 9.6732055e+09 (283067)
Clp0006I 892120  Obj 1.3831323e+10 Primal inf 2.8625082e+09 (231508)
Clp0006I 893120  Obj 1.3842531e+10 Primal inf 1.0492442e+09 (213758)
Clp0006I 894120  Obj 1.3849593e+10 Primal inf 5.1733965e+08 (170463)
Clp0006I 895120  Obj 1.3859723e+10 Primal inf 4.2827058e+09 (303516)
Clp0006I 896120  Obj 1.3869508e+10 Primal inf 2.2200136e+09 (314338)
Clp0006I 897120  Obj 1.3879215e+10 Primal inf 2.9089951e+09 (342338)
Clp0006I 898120  Obj 1.3886477e+10 Primal inf 2.7288876e+08 (249181)
Clp0006I 899120  Obj 1.3897009e+10 Primal inf 1.0463252e+10 (313690)
Clp0006I 900120  Obj 1.3918622e+10 Primal inf 8.7234118e+08 (273574)
Clp0006I 901120  Obj 1.3927548e+10 Primal inf 6.8749265e+10 (411141)
Clp0006I 902120  Obj 1.3931781e+10 Primal inf 1.3001401e+09 (277578)
Clp0006I 903120  Obj 1.3936297e+10 Primal inf 6.8864657e+09 (264453)
Clp0006I 904120  Obj 1.3943856e+10 Primal inf 1.966831e+09 (199587)
Clp0006I 905120  Obj 1.3948898e+10 Primal inf 6.5431452e+09 (245674)
Clp0006I 906120  Obj 1.3953269e+10 Primal inf 1.4695962e+09 (243826)
Clp0006I 906921  Obj 1.395459e+10 Primal inf 5.7474854e+10 (320992)
Clp0006I 907921  Obj 1.3956683e+10 Primal inf 1.8218436e+09 (266248)
Clp0006I 908541  Obj 1.395906e+10 Primal inf 3.0357911e+09 (279419)
Clp0006I 909541  Obj 1.3961702e+10 Primal inf 3.6914124e+09 (274807)
Clp0006I 910541  Obj 1.3964907e+10 Primal inf 1.1795276e+10 (255797)
Clp0006I 911541  Obj 1.3968374e+10 Primal inf 4.1997487e+08 (167404)
Clp0006I 912436  Obj 1.3973307e+10 Primal inf 5.7740001e+10 (308173)
Clp0006I 913436  Obj 1.3983118e+10 Primal inf 4.9362652e+09 (275153)
Clp0006I 913950  Obj 1.3985276e+10 Primal inf 1.250926e+09 (271030)
Clp0006I 914950  Obj 1.3989507e+10 Primal inf 2.9661733e+09 (197714)
Clp0006I 915708  Obj 1.3991257e+10 Primal inf 1.0436778e+09 (217358)
Clp0006I 916708  Obj 1.4001523e+10 Primal inf 2.312398e+10 (234502)
Clp0006I 917184  Obj 1.4002631e+10 Primal inf 1.1657956e+09 (239923)
Clp0006I 918184  Obj 1.4006382e+10 Primal inf 2.8825527e+09 (250583)
Clp0006I 918805  Obj 1.401037e+10 Primal inf 3.5315049e+10 (265046)
Clp0006I 919764  Obj 1.4014271e+10 Primal inf 9.2588571e+08 (201475)
Clp0006I 920764  Obj 1.4020654e+10 Primal inf 2.3883581e+09 (297392)
Clp0006I 921764  Obj 1.402436e+10 Primal inf 2.8666125e+09 (216221)
Clp0006I 922764  Obj 1.4029462e+10 Primal inf 4.5268523e+08 (204496)
Clp0006I 923642  Obj 1.4032383e+10 Primal inf 4.2246676e+08 (216296)
Clp0006I 924642  Obj 1.4035495e+10 Primal inf 1.6027706e+09 (266998)
Clp0006I 925287  Obj 1.4037512e+10 Primal inf 4.3584095e+09 (259301)
Clp0006I 926287  Obj 1.403982e+10 Primal inf 4.3182716e+09 (279534)
Clp0006I 927287  Obj 1.4042205e+10 Primal inf 1.3325193e+09 (257878)
Clp0006I 928287  Obj 1.40453e+10 Primal inf 1.4133202e+09 (227987)
Clp0006I 929287  Obj 1.4048875e+10 Primal inf 2.1075258e+09 (306803)
Clp0006I 930287  Obj 1.4055072e+10 Primal inf 8.483849e+08 (261037)
Clp0006I 930923  Obj 1.4056887e+10 Primal inf 8.9152316e+08 (243556)
Clp0006I 931923  Obj 1.4059331e+10 Primal inf 1.196388e+09 (197280)
Clp0006I 932729  Obj 1.4061078e+10 Primal inf 5.3343697e+09 (271349)
Clp0006I 933572  Obj 1.4062548e+10 Primal inf 4.1859854e+09 (238842)
Clp0006I 934572  Obj 1.4065012e+10 Primal inf 1.3074165e+09 (251351)
Clp0006I 935572  Obj 1.4074961e+10 Primal inf 6.7531458e+08 (221927)
Clp0006I 936572  Obj 1.4083025e+10 Primal inf 3.1855972e+08 (179197)
Clp0006I 937572  Obj 1.4084783e+10 Primal inf 2.1220513e+09 (278000)
Clp0006I 938572  Obj 1.408783e+10 Primal inf 2.9087564e+09 (257008)
Clp0006I 939572  Obj 1.4090004e+10 Primal inf 2.1914397e+09 (287047)
Clp0006I 940572  Obj 1.4092538e+10 Primal inf 1.7658128e+09 (328537)
Clp0006I 941564  Obj 1.4094294e+10 Primal inf 1.8504312e+11 (355627)
Clp0006I 942564  Obj 1.4096914e+10 Primal inf 4.1571672e+11 (243449)
Clp0006I 943422  Obj 1.4098288e+10 Primal inf 8.1520557e+10 (281976)
Clp0006I 944422  Obj 1.4099985e+10 Primal inf 7.9352637e+09 (321369)
Clp0006I 945035  Obj 1.4101925e+10 Primal inf 1.4225083e+09 (308124)
Clp0006I 946035  Obj 1.410341e+10 Primal inf 8.7798972e+08 (226144)
Clp0006I 947035  Obj 1.4105183e+10 Primal inf 8.0859719e+09 (267065)
Clp0006I 948035  Obj 1.4107131e+10 Primal inf 1.0213641e+09 (244634)
Clp0006I 949035  Obj 1.4109184e+10 Primal inf 2.9115642e+09 (246302)
Clp0006I 949854  Obj 1.4111559e+10 Primal inf 3.0829622e+08 (223851)
Clp0006I 950854  Obj 1.411314e+10 Primal inf 2.8564397e+08 (209258)
Clp0006I 951854  Obj 1.4115112e+10 Primal inf 5.97168e+08 (198930)
Clp0006I 952854  Obj 1.4117943e+10 Primal inf 2.1762662e+08 (188728)
Clp0006I 953854  Obj 1.4122672e+10 Primal inf 5.5089472e+09 (263107)
Clp0006I 954854  Obj 1.4123905e+10 Primal inf 1.6798749e+09 (242717)
Clp0006I 955854  Obj 1.4125557e+10 Primal inf 3.3076414e+09 (258555)
Clp0006I 956854  Obj 1.4128239e+10 Primal inf 1.3306619e+08 (176045)
Clp0006I 957854  Obj 1.4131544e+10 Primal inf 3.4975916e+09 (280306)
Clp0006I 958854  Obj 1.413643e+10 Primal inf 1.9471206e+08 (119397)
Clp0006I 959854  Obj 1.4139394e+10 Primal inf 1.3401291e+09 (188077)
Clp0006I 960854  Obj 1.4141695e+10 Primal inf 2.8655655e+09 (195339)
Clp0006I 961783  Obj 1.4142966e+10 Primal inf 6.4189532e+09 (248325)
Clp0006I 962783  Obj 1.4144891e+10 Primal inf 1.7389711e+09 (266179)
Clp0006I 963783  Obj 1.4147512e+10 Primal inf 1.5633486e+08 (187128)
Clp0006I 964783  Obj 1.4152691e+10 Primal inf 54085353 (135187)
Clp0006I 965783  Obj 1.4154242e+10 Primal inf 4.4918939e+08 (148521)
Clp0006I 966783  Obj 1.415601e+10 Primal inf 5.1931973e+09 (281627)
Clp0006I 967783  Obj 1.4157885e+10 Primal inf 6.3339344e+08 (267458)
Clp0006I 968783  Obj 1.4160051e+10 Primal inf 1.9169002e+09 (201687)
Clp0006I 969783  Obj 1.4161446e+10 Primal inf 1.5936988e+09 (160536)
Clp0006I 970783  Obj 1.4163671e+10 Primal inf 1.18371e+09 (209057)
Clp0006I 971783  Obj 1.4165409e+10 Primal inf 1.1329606e+09 (244089)
Clp0006I 972783  Obj 1.4166432e+10 Primal inf 1.03873e+09 (226349)
Clp0006I 973783  Obj 1.4168032e+10 Primal inf 7.4213788e+09 (287109)
Clp0006I 974721  Obj 1.4169688e+10 Primal inf 4.1658945e+10 (202912)
Clp0006I 975721  Obj 1.4171383e+10 Primal inf 7.5049946e+08 (204485)
Clp0006I 976721  Obj 1.4173087e+10 Primal inf 7.649944e+08 (218942)
Clp0006I 977721  Obj 1.4174911e+10 Primal inf 3.6100617e+09 (232153)
Clp0006I 978721  Obj 1.4176412e+10 Primal inf 1.1778988e+08 (183308)
Clp0006I 979721  Obj 1.4177636e+10 Primal inf 4.8271463e+08 (202343)
Clp0006I 980721  Obj 1.4178982e+10 Primal inf 7.9397294e+08 (270540)
Clp0006I 981721  Obj 1.4180467e+10 Primal inf 5.08884e+08 (207609)
Clp0006I 982721  Obj 1.4182095e+10 Primal inf 1.9498068e+09 (319650)
Clp0006I 983721  Obj 1.4182994e+10 Primal inf 2.3407038e+09 (241332)
Clp0006I 984721  Obj 1.4184095e+10 Primal inf 2.1414159e+09 (247180)
Clp0006I 985543  Obj 1.4185038e+10 Primal inf 8.8418977e+08 (218151)
Clp0006I 986543  Obj 1.4185989e+10 Primal inf 5.8713841e+08 (184038)
Clp0006I 987543  Obj 1.4187425e+10 Primal inf 1.2293125e+10 (242743)
Clp0006I 988543  Obj 1.4188505e+10 Primal inf 1.5540267e+09 (244736)
Clp0006I 989241  Obj 1.4189206e+10 Primal inf 3.4530889e+10 (233914)
Clp0006I 990241  Obj 1.4190261e+10 Primal inf 3.1843705e+08 (259712)
Clp0006I 991241  Obj 1.4191266e+10 Primal inf 4.0741808e+09 (245299)
Clp0006I 992241  Obj 1.419242e+10 Primal inf 1.0573455e+10 (243097)
Clp0006I 993241  Obj 1.4193479e+10 Primal inf 91272458 (220305)
Clp0006I 994241  Obj 1.4194193e+10 Primal inf 7.9566002e+08 (208853)
Clp0006I 995241  Obj 1.419514e+10 Primal inf 2.0687812e+08 (134432)
Clp0006I 996241  Obj 1.4196161e+10 Primal inf 83451747 (152983)
Clp0006I 997241  Obj 1.4197066e+10 Primal inf 2.6963676e+09 (149574)
Clp0006I 997963  Obj 1.4197874e+10 Primal inf 1.5314125e+08 (173869)
Clp0006I 998963  Obj 1.4198572e+10 Primal inf 4.1497226e+09 (219723)
Clp0006I 999963  Obj 1.4199514e+10 Primal inf 6.154995e+08 (216619)
Clp0006I 1000963  Obj 1.4200099e+10 Primal inf 1.1277601e+10 (161506)
Clp0006I 1001963  Obj 1.4201063e+10 Primal inf 7.8826555e+10 (291993)
Clp0006I 1002963  Obj 1.4201853e+10 Primal inf 7.6391999e+08 (180388)
Clp0006I 1003963  Obj 1.4202467e+10 Primal inf 1.4047069e+08 (161026)
Clp0006I 1004963  Obj 1.4203047e+10 Primal inf 3.4324174e+08 (157274)
Clp0006I 1005963  Obj 1.4203579e+10 Primal inf 2.686008e+09 (220832)
Clp0006I 1006963  Obj 1.4204132e+10 Primal inf 4.0868414e+08 (153985)
Clp0006I 1007963  Obj 1.4204745e+10 Primal inf 22776173 (69104)
Clp0006I 1008963  Obj 1.4205661e+10 Primal inf 15374831 (56213)
Clp0006I 1009963  Obj 1.42062e+10 Primal inf 2.7780391e+08 (175348)
Clp0006I 1010721  Obj 1.420667e+10 Primal inf 1.0426035e+09 (101681)
Clp0006I 1011547  Obj 1.4207198e+10 Primal inf 82431438 (112629)
Clp0006I 1012547  Obj 1.4207591e+10 Primal inf 32261930 (62154)
Clp0006I 1013547  Obj 1.4208214e+10 Primal inf 89897299 (123365)
Clp0006I 1014460  Obj 1.4208703e+10 Primal inf 54468814 (137713)
Clp0006I 1015460  Obj 1.4209067e+10 Primal inf 26752461 (82959)
Clp0006I 1016460  Obj 1.4209572e+10 Primal inf 1.5686956e+08 (98413)
Clp0006I 1017460  Obj 1.421014e+10 Primal inf 1.2902875e+08 (119762)
Clp0006I 1018460  Obj 1.4210543e+10 Primal inf 8.2091951e+08 (170973)
Clp0006I 1019460  Obj 1.4210755e+10 Primal inf 63026114 (120615)
Clp0006I 1020460  Obj 1.4211261e+10 Primal inf 2.8465414e+09 (210575)
Clp0006I 1021460  Obj 1.4211878e+10 Primal inf 4.0179601e+08 (132318)
Clp0006I 1022460  Obj 1.4212294e+10 Primal inf 1.0052619e+08 (99641)
Clp0006I 1023460  Obj 1.421281e+10 Primal inf 79003506 (145287)
Clp0006I 1024460  Obj 1.4213237e+10 Primal inf 86575318 (139503)
Clp0006I 1025460  Obj 1.4213677e+10 Primal inf 2.6513701e+08 (117093)
Clp0006I 1026460  Obj 1.4214065e+10 Primal inf 52919174 (117858)
Clp0006I 1027460  Obj 1.4214656e+10 Primal inf 24188719 (67925)
Clp0006I 1028460  Obj 1.4214983e+10 Primal inf 3925108.3 (53040)
Clp0006I 1029396  Obj 1.4215225e+10 Primal inf 1.7197333e+09 (182534)
Clp0006I 1030396  Obj 1.4215354e+10 Primal inf 18566263 (71273)
Clp0006I 1031396  Obj 1.421551e+10 Primal inf 31355567 (60372)
Clp0006I 1032396  Obj 1.4215566e+10 Primal inf 21141998 (165780)
Clp0006I 1033262  Obj 1.4215617e+10 Primal inf 3249762.1 (73215)
Clp0006I 1034160  Obj 1.4215768e+10 Primal inf 38954690 (60710)
Clp0006I 1035160  Obj 1.4215887e+10 Primal inf 2064822.3 (46150)
Clp0006I 1036160  Obj 1.4215984e+10 Primal inf 1715565.1 (66182)
Clp0006I 1037160  Obj 1.4216026e+10 Primal inf 421643.39 (43275)
Clp0006I 1038160  Obj 1.4216058e+10 Primal inf 17640.566 (22893)
Clp0006I 1039160  Obj 1.421608e+10 Primal inf 17330.929 (23769)
Clp0006I 1040160  Obj 1.4216084e+10 Primal inf 16520.468 (24162)
Clp0006I 1041160  Obj 1.4216089e+10 Primal inf 2291.491 (21205)
Clp0006I 1042160  Obj 1.4216092e+10 Primal inf 2066.1887 (20213)
Clp0006I 1043160  Obj 1.4216096e+10 Primal inf 1864.9643 (19257)
Clp0006I 1044160  Obj 1.4216099e+10 Primal inf 1516.4978 (18011)
Clp0006I 1045160  Obj 1.4216102e+10 Primal inf 1397.0527 (17012)
Clp0006I 1046160  Obj 1.4216105e+10 Primal inf 1290.1394 (16012)
Clp0006I 1047160  Obj 1.4216107e+10 Primal inf 1190.6919 (15012)
Clp0006I 1048160  Obj 1.4216109e+10 Primal inf 1092.9597 (14012)
Clp0006I 1049160  Obj 1.4216111e+10 Primal inf 996.24847 (13012)
Clp0006I 1050160  Obj 1.4216113e+10 Primal inf 900.02463 (12012)
Clp0006I 1051160  Obj 1.4216115e+10 Primal inf 804.77472 (11012)
Clp0006I 1052160  Obj 1.4216117e+10 Primal inf 709.85195 (10012)
Clp0006I 1053160  Obj 1.4216119e+10 Primal inf 615.09272 (9012)
Clp0006I 1054160  Obj 1.4216121e+10 Primal inf 522.16013 (8012)
Clp0006I 1055160  Obj 1.4216123e+10 Primal inf 430.23424 (7012)
Clp0006I 1056160  Obj 1.4216126e+10 Primal inf 342.63932 (6013)
Clp0006I 1057160  Obj 1.4216128e+10 Primal inf 261.67416 (5013)
Clp0006I 1058160  Obj 1.4216131e+10 Primal inf 188.35191 (4013)
Clp0006I 1059160  Obj 1.4216134e+10 Primal inf 136.79177 (3013)
Clp0006I 1060160  Obj 1.4216138e+10 Primal inf 89.217366 (2013)
Clp0006I 1061160  Obj 1.421614 Activating environment at `~/Documents/princeton/1st_year/MAE529/MAE529_code/project/code/Project.toml`
This Model run is characterised by...
Electrolyser capex cost of: 500.0
H2 efficiency of: 0.4
Carbon Tax: 0.0
Number of weeks included: 52_weeks
-----------------------------------------------
1 loading data preparation function
-----------------------------------------------
-----------------------------------------------
2 loading model solving function
-----------------------------------------------
adding in carbon tax elements
assigned variables
assigned constraint 1
assigned constraint 2
assigned constraint 3
check
assigned constraints
Model run complete
2e+10 Primal inf 43.52563 (1004)
Clp0006I 1062160  Obj 1.4216145e+10 Primal inf 0.31461941 (4)
Clp0006I 1062164  Obj 1.4216145e+10
Clp0000I Optimal - objective value 1.4216145e+10
Coin0511I After Postsolve, objective 1.4216145e+10, infeasibilities - dual 0 (0), primal 0 (0)
Clp0032I Optimal objective 1.421614481e+10 - 1062164 iterations time 23301.712, Presolve 3.96
