Coin0506I Presolve 1521577 (-195446) rows, 591998 (-65130) columns and 4511329 (-460732) elements
Clp0006I 0  Obj 0 Primal inf 8.7589291e+08 (43800)
Clp0006I 1000  Obj 4.7917429e-12 Primal inf 8.6631624e+08 (44708)
Clp0006I 2000  Obj 9.9133726e-12 Primal inf 8.5892554e+08 (45580)
Clp0006I 3000  Obj 1.5950214e-11 Primal inf 8.5623739e+08 (46596)
Clp0006I 4000  Obj 6391792.8 Primal inf 8.4621153e+08 (47625)
Clp0006I 5000  Obj 10462972 Primal inf 8.3911676e+08 (48595)
Clp0006I 6000  Obj 18679244 Primal inf 8.321806e+08 (49579)
Clp0006I 7000  Obj 27726924 Primal inf 8.2660119e+08 (50716)
Clp0006I 8000  Obj 34424737 Primal inf 8.2152187e+08 (51782)
Clp0006I 9000  Obj 41545927 Primal inf 8.1805701e+08 (52956)
Clp0006I 10000  Obj 48099016 Primal inf 8.1640898e+08 (54045)
Clp0006I 11000  Obj 56135345 Primal inf 8.1376809e+08 (55146)
Clp0006I 12000  Obj 66373223 Primal inf 8.1191484e+08 (56354)
Clp0006I 13000  Obj 76405323 Primal inf 8.0830215e+08 (57547)
Clp0006I 14000  Obj 92013418 Primal inf 8.0853331e+08 (58843)
Clp0006I 15000  Obj 1.0842771e+08 Primal inf 8.0695961e+08 (60086)
Clp0006I 16000  Obj 1.2681442e+08 Primal inf 8.054145e+08 (61434)
Clp0006I 17000  Obj 1.4209726e+08 Primal inf 8.047274e+08 (62711)
Clp0006I 18000  Obj 1.541117e+08 Primal inf 8.0652222e+08 (64056)
Clp0006I 19000  Obj 1.7015469e+08 Primal inf 8.0683203e+08 (65342)
Clp0006I 20000  Obj 1.877472e+08 Primal inf 7.352321e+08 (66737)
Clp0006I 21000  Obj 2.0460478e+08 Primal inf 7.3226088e+08 (68028)
Clp0006I 22000  Obj 2.1787188e+08 Primal inf 7.3282189e+08 (69341)
Clp0006I 23000  Obj 2.3429762e+08 Primal inf 7.3355246e+08 (70637)
Clp0006I 24000  Obj 2.5566525e+08 Primal inf 7.339852e+08 (71788)
Clp0006I 25000  Obj 2.7501381e+08 Primal inf 7.3169915e+08 (72937)
Clp0006I 26000  Obj 2.9607274e+08 Primal inf 7.323354e+08 (74054)
Clp0006I 27000  Obj 3.2163306e+08 Primal inf 7.3350175e+08 (75172)
Clp0006I 28000  Obj 3.4660811e+08 Primal inf 7.3512076e+08 (76327)
Clp0006I 29000  Obj 3.7143952e+08 Primal inf 7.3522109e+08 (77418)
Clp0006I 30000  Obj 3.9732605e+08 Primal inf 7.3686589e+08 (78548)
Clp0006I 31000  Obj 4.220572e+08 Primal inf 7.3890244e+08 (79749)
Clp0006I 32000  Obj 4.5390908e+08 Primal inf 7.3808283e+08 (80864)
Clp0006I 33000  Obj 4.760063e+08 Primal inf 7.3861505e+08 (82090)
Clp0006I 34000  Obj 4.9592749e+08 Primal inf 7.3929833e+08 (83290)
Clp0006I 35000  Obj 5.1351973e+08 Primal inf 7.4357366e+08 (84528)
Clp0006I 36000  Obj 5.3469626e+08 Primal inf 7.4542747e+08 (85617)
Clp0006I 37000  Obj 5.6527462e+08 Primal inf 7.440355e+08 (86806)
Clp0006I 38000  Obj 5.8915576e+08 Primal inf 7.4500236e+08 (87901)
Clp0006I 39000  Obj 6.1863344e+08 Primal inf 7.4744095e+08 (89129)
Clp0006I 40000  Obj 6.4337125e+08 Primal inf 7.4947716e+08 (90376)
Clp0006I 41000  Obj 6.7333619e+08 Primal inf 7.5030922e+08 (91455)
Clp0006I 42000  Obj 7.0430998e+08 Primal inf 7.5253433e+08 (92691)
Clp0006I 43000  Obj 7.3434737e+08 Primal inf 7.5198501e+08 (93937)
Clp0006I 44000  Obj 7.5951419e+08 Primal inf 7.5363294e+08 (95135)
Clp0006I 45000  Obj 7.8922657e+08 Primal inf 7.5381002e+08 (96327)
Clp0006I 46000  Obj 8.1805958e+08 Primal inf 7.5786868e+08 (97461)
Clp0006I 47000  Obj 8.4451313e+08 Primal inf 7.5907925e+08 (98605)
Clp0006I 48000  Obj 8.8265485e+08 Primal inf 7.5989042e+08 (99801)
Clp0006I 49000  Obj 9.1403699e+08 Primal inf 7.642762e+08 (100828)
Clp0006I 50000  Obj 9.4807938e+08 Primal inf 7.6630124e+08 (101932)
Clp0006I 51000  Obj 9.8309682e+08 Primal inf 7.6900656e+08 (102964)
Clp0006I 52000  Obj 1.0241535e+09 Primal inf 7.697447e+08 (104051)
Clp0006I 53000  Obj 1.0578907e+09 Primal inf 7.7118159e+08 (105138)
Clp0006I 54000  Obj 1.0997959e+09 Primal inf 7.6868469e+08 (106219)
Clp0006I 55000  Obj 1.1344147e+09 Primal inf 7.6973192e+08 (107390)
Clp0006I 56000  Obj 1.1733682e+09 Primal inf 7.7083176e+08 (108524)
Clp0006I 57000  Obj 1.2095906e+09 Primal inf 7.7232403e+08 (109616)
Clp0006I 58000  Obj 1.2527272e+09 Primal inf 7.7205044e+08 (110842)
Clp0006I 59000  Obj 1.2933283e+09 Primal inf 7.7326945e+08 (111819)
Clp0006I 60000  Obj 1.3386284e+09 Primal inf 7.7122037e+08 (112975)
Clp0006I 61000  Obj 1.3848339e+09 Primal inf 7.7431675e+08 (114234)
Clp0006I 62000  Obj 1.4340744e+09 Primal inf 7.7500694e+08 (115296)
Clp0006I 63000  Obj 1.4545778e+09 Primal inf 7.8846638e+08 (119432)
Clp0006I 64000  Obj 1.4569354e+09 Primal inf 7.8636646e+08 (120573)
Clp0006I 65000  Obj 1.4693382e+09 Primal inf 1.1918586e+09 (120592)
Clp0006I 66000  Obj 1.4807289e+09 Primal inf 7.65931e+08 (125502)
Clp0006I 67000  Obj 1.5502389e+09 Primal inf 2.7525207e+09 (154883)
Clp0006I 68000  Obj 1.569236e+09 Primal inf 1.1386346e+09 (123855)
Clp0006I 69000  Obj 1.5864366e+09 Primal inf 1.0090164e+09 (125205)
Clp0006I 70000  Obj 1.5950179e+09 Primal inf 8.0748258e+08 (126624)
Clp0006I 71000  Obj 1.6147877e+09 Primal inf 3.5153655e+09 (158547)
Clp0006I 72000  Obj 1.6330083e+09 Primal inf 1.0924763e+09 (127873)
Clp0006I 73000  Obj 1.6444941e+09 Primal inf 2.9154921e+09 (160112)
Clp0006I 74000  Obj 1.6595012e+09 Primal inf 8.4796756e+08 (132955)
Clp0006I 75000  Obj 1.6651157e+09 Primal inf 8.4712983e+08 (133783)
Clp0006I 76000  Obj 1.6953683e+09 Primal inf 9.3684738e+08 (131926)
Clp0006I 77000  Obj 1.7052582e+09 Primal inf 9.345907e+08 (132526)
Clp0006I 78000  Obj 1.7115835e+09 Primal inf 9.3039698e+08 (133266)
Clp0006I 79000  Obj 1.7359074e+09 Primal inf 9.0579209e+08 (133179)
Clp0006I 80000  Obj 1.7568033e+09 Primal inf 2.6498973e+09 (137382)
Clp0006I 81000  Obj 1.7718464e+09 Primal inf 8.5968982e+08 (138386)
Clp0006I 82000  Obj 1.795415e+09 Primal inf 9.559454e+08 (138568)
Clp0006I 83000  Obj 1.812939e+09 Primal inf 8.0532646e+08 (140747)
Clp0006I 84000  Obj 1.8321991e+09 Primal inf 8.9918887e+08 (139977)
Clp0006I 85000  Obj 1.8367479e+09 Primal inf 8.1755235e+08 (141904)
Clp0006I 86000  Obj 1.8692693e+09 Primal inf 1.0775106e+09 (170782)
Clp0006I 87000  Obj 1.8781956e+09 Primal inf 8.4546378e+08 (142932)
Clp0006I 88000  Obj 1.8903904e+09 Primal inf 8.6683742e+08 (144373)
Clp0006I 89000  Obj 1.8971718e+09 Primal inf 8.7076442e+08 (141667)
Clp0006I 90000  Obj 1.9082806e+09 Primal inf 8.6680157e+08 (146202)
Clp0006I 91000  Obj 1.9179021e+09 Primal inf 1.2980395e+09 (172571)
Clp0006I 92000  Obj 1.9334797e+09 Primal inf 9.2020006e+08 (146075)
Clp0006I 93000  Obj 1.9512463e+09 Primal inf 9.1423159e+08 (143544)
Clp0006I 94000  Obj 1.9619986e+09 Primal inf 8.7228541e+08 (147387)
Clp0006I 95000  Obj 1.9656072e+09 Primal inf 8.691858e+08 (148095)
Clp0006I 96000  Obj 1.9729114e+09 Primal inf 9.8489734e+08 (148284)
Clp0006I 97000  Obj 1.9787403e+09 Primal inf 8.8311403e+08 (146021)
Clp0006I 98000  Obj 1.9902072e+09 Primal inf 9.0011386e+08 (149484)
Clp0006I 99000  Obj 1.9972346e+09 Primal inf 8.6065894e+08 (150098)
Clp0006I 100000  Obj 1.9994459e+09 Primal inf 1.0081587e+09 (150606)
Clp0006I 101000  Obj 2.0035305e+09 Primal inf 9.810254e+08 (151306)
Clp0006I 102000  Obj 2.012394e+09 Primal inf 9.4893852e+08 (152768)
Clp0006I 103000  Obj 2.021459e+09 Primal inf 1.3243396e+09 (181123)
Clp0006I 104000  Obj 2.0255849e+09 Primal inf 1.4721343e+09 (179306)
Clp0006I 105000  Obj 2.0332335e+09 Primal inf 8.8044034e+08 (153272)
Clp0006I 106000  Obj 2.036403e+09 Primal inf 9.0154036e+08 (153879)
Clp0006I 107000  Obj 2.0397657e+09 Primal inf 8.9352274e+08 (153665)
Clp0006I 108000  Obj 2.0446074e+09 Primal inf 2.8294704e+09 (182407)
Clp0006I 109000  Obj 2.0494549e+09 Primal inf 8.7651422e+08 (156132)
Clp0006I 110000  Obj 2.0519006e+09 Primal inf 2.2879498e+09 (182648)
Clp0006I 111000  Obj 2.0544829e+09 Primal inf 9.4384342e+08 (157324)
Clp0006I 112000  Obj 2.0560089e+09 Primal inf 9.2434191e+08 (157651)
Clp0006I 113000  Obj 2.0596563e+09 Primal inf 9.5286089e+08 (157498)
Clp0006I 114000  Obj 2.0623864e+09 Primal inf 9.6541322e+08 (158378)
Clp0006I 115000  Obj 2.0642259e+09 Primal inf 9.8750247e+08 (158287)
Clp0006I 116000  Obj 2.0743339e+09 Primal inf 2.219656e+09 (181646)
Clp0006I 117000  Obj 2.1402565e+09 Primal inf 1.0145132e+09 (153196)
Clp0006I 118000  Obj 2.1633806e+09 Primal inf 1.0315278e+09 (156953)
Clp0006I 119000  Obj 2.1777134e+09 Primal inf 1.2532463e+09 (154975)
Clp0006I 120000  Obj 2.1928012e+09 Primal inf 1.1448762e+09 (154813)
Clp0006I 121000  Obj 2.2104935e+09 Primal inf 1.8722844e+09 (178134)
Clp0006I 122000  Obj 2.2217998e+09 Primal inf 1.6104434e+09 (182478)
Clp0006I 123000  Obj 2.2303763e+09 Primal inf 1.6149763e+09 (207882)
Clp0006I 124000  Obj 2.2371339e+09 Primal inf 2.046392e+09 (178691)
Clp0006I 125000  Obj 2.2458596e+09 Primal inf 1.5979608e+09 (160311)
Clp0006I 126000  Obj 2.2546399e+09 Primal inf 1.0655557e+09 (159061)
Clp0006I 127000  Obj 2.2674178e+09 Primal inf 1.1257774e+09 (159617)
Clp0006I 128000  Obj 2.2769352e+09 Primal inf 1.5201166e+09 (159873)
Clp0006I 129000  Obj 2.2836718e+09 Primal inf 1.514621e+09 (157630)
Clp0006I 130000  Obj 2.3185905e+09 Primal inf 1.832113e+09 (181783)
Clp0006I 131000  Obj 2.3433104e+09 Primal inf 1.1073046e+09 (160156)
Clp0006I 132000  Obj 2.3588367e+09 Primal inf 1.6672653e+09 (156976)
Clp0006I 133000  Obj 2.372177e+09 Primal inf 1.3404336e+09 (161268)
Clp0006I 134000  Obj 2.3813678e+09 Primal inf 1.2257531e+09 (159838)
Clp0006I 135000  Obj 2.4288803e+09 Primal inf 1.1564526e+09 (160463)
Clp0006I 136000  Obj 2.4736087e+09 Primal inf 2.5120534e+09 (189420)
Clp0006I 137000  Obj 2.5002275e+09 Primal inf 1.2968889e+09 (161377)
Clp0006I 138000  Obj 2.5379816e+09 Primal inf 1.3848955e+09 (158334)
Clp0006I 139000  Obj 2.5767966e+09 Primal inf 1.2611579e+09 (158326)
Clp0006I 140000  Obj 2.5925849e+09 Primal inf 6.9195091e+09 (208579)
Clp0006I 141000  Obj 2.6105768e+09 Primal inf 6.3566583e+10 (199958)
Clp0006I 142000  Obj 2.6238865e+09 Primal inf 1.303202e+09 (157773)
Clp0006I 143000  Obj 2.6383035e+09 Primal inf 3.3476796e+09 (169610)
Clp0006I 144000  Obj 2.6572773e+09 Primal inf 1.2585853e+09 (161843)
Clp0006I 145000  Obj 2.6715226e+09 Primal inf 2.116217e+09 (170347)
Clp0006I 146000  Obj 2.6825053e+09 Primal inf 1.3922424e+09 (168226)
Clp0006I 147000  Obj 2.6897834e+09 Primal inf 1.7877964e+09 (194483)
Clp0006I 148000  Obj 2.6943449e+09 Primal inf 1.9681225e+09 (171346)
Clp0006I 149000  Obj 2.6995527e+09 Primal inf 2.8735154e+09 (184787)
Clp0006I 150000  Obj 2.7112512e+09 Primal inf 3.0345856e+09 (226327)
Clp0006I 151000  Obj 2.7308282e+09 Primal inf 3.8332858e+09 (203563)
Clp0006I 152000  Obj 2.7521407e+09 Primal inf 3.3192362e+09 (204136)
Clp0006I 153000  Obj 2.7832889e+09 Primal inf 2.1253368e+09 (202126)
Clp0006I 154000  Obj 2.8089073e+09 Primal inf 2.1705114e+09 (201888)
Clp0006I 155000  Obj 2.8268106e+09 Primal inf 4.1819097e+09 (204365)
Clp0006I 156000  Obj 2.8453339e+09 Primal inf 1.457943e+09 (171304)
Clp0006I 157000  Obj 2.8644465e+09 Primal inf 2.3576112e+09 (217025)
Clp0006I 158000  Obj 2.8723856e+09 Primal inf 1.304399e+09 (186287)
Clp0006I 159000  Obj 2.8834507e+09 Primal inf 1.2699857e+09 (171027)
Clp0006I 160000  Obj 2.8943848e+09 Primal inf 1.3426591e+09 (168669)
Clp0006I 161000  Obj 2.9076301e+09 Primal inf 1.4142421e+09 (168417)
Clp0006I 162000  Obj 2.939593e+09 Primal inf 1.9432859e+09 (171307)
Clp0006I 163000  Obj 2.967033e+09 Primal inf 3.3382749e+09 (194472)
Clp0006I 164000  Obj 2.9883257e+09 Primal inf 1.4913991e+09 (169260)
Clp0006I 165000  Obj 3.0156029e+09 Primal inf 2.4616528e+09 (168012)
Clp0006I 166000  Obj 3.0315639e+09 Primal inf 2.0081151e+09 (183790)
Clp0006I 167000  Obj 3.0575533e+09 Primal inf 2.8979142e+09 (192425)
Clp0006I 168000  Obj 3.0729929e+09 Primal inf 1.7841156e+09 (193223)
Clp0006I 169000  Obj 3.0929686e+09 Primal inf 1.5230053e+09 (215513)
Clp0006I 170000  Obj 3.1133808e+09 Primal inf 1.9408448e+09 (192561)
Clp0006I 171000  Obj 3.1365764e+09 Primal inf 1.3723817e+09 (193778)
Clp0006I 172000  Obj 3.157151e+09 Primal inf 1.3718643e+09 (192543)
Clp0006I 173000  Obj 3.1875173e+09 Primal inf 2.0974642e+09 (191070)
Clp0006I 174000  Obj 3.2036668e+09 Primal inf 2.4147113e+09 (192888)
Clp0006I 175000  Obj 3.2234397e+09 Primal inf 1.762709e+09 (194212)
Clp0006I 176000  Obj 3.249117e+09 Primal inf 1.1982971e+09 (162507)
Clp0006I 177000  Obj 3.2662337e+09 Primal inf 1.2747786e+09 (163207)
Clp0006I 178000  Obj 3.2766198e+09 Primal inf 1.2819665e+09 (184845)
Clp0006I 179000  Obj 3.2942071e+09 Primal inf 3.2053735e+09 (165132)
Clp0006I 180000  Obj 3.3170759e+09 Primal inf 2.9683119e+09 (171211)
Clp0006I 181000  Obj 3.3404187e+09 Primal inf 1.8298469e+09 (161484)
Clp0006I 182000  Obj 3.3712931e+09 Primal inf 1.4605738e+09 (162129)
Clp0006I 183000  Obj 3.4768549e+09 Primal inf 3.3694303e+11 (207362)
Clp0006I 184000  Obj 3.5520002e+09 Primal inf 9.828847e+09 (197630)
Clp0006I 185000  Obj 3.5782183e+09 Primal inf 1.306381e+09 (184586)
Clp0006I 186000  Obj 3.5984442e+09 Primal inf 1.5393116e+09 (171297)
Clp0006I 187000  Obj 3.6213869e+09 Primal inf 4.6391565e+09 (184141)
Clp0006I 188000  Obj 3.6535593e+09 Primal inf 5.0331355e+09 (193684)
Clp0006I 189000  Obj 3.6845758e+09 Primal inf 2.5673349e+09 (179014)
Clp0006I 190000  Obj 3.6934028e+09 Primal inf 2.7835688e+09 (191140)
Clp0006I 191000  Obj 3.7000035e+09 Primal inf 2.5295843e+09 (190647)
Clp0006I 192000  Obj 3.724791e+09 Primal inf 5.0565369e+09 (202648)
Clp0006I 193000  Obj 3.749132e+09 Primal inf 1.1022522e+09 (169485)
Clp0006I 194000  Obj 3.7789416e+09 Primal inf 1.3101884e+10 (204319)
Clp0006I 194875  Obj 3.8103716e+09 Primal inf 2.5952891e+09 (205510)
Clp0006I 195875  Obj 3.8234112e+09 Primal inf 1.3268342e+09 (194715)
Clp0006I 196875  Obj 3.8341602e+09 Primal inf 5.0579921e+09 (179475)
Clp0006I 197875  Obj 3.859442e+09 Primal inf 1.8248119e+09 (168370)
Clp0006I 198875  Obj 3.8652907e+09 Primal inf 6.7345266e+09 (195586)
Clp0006I 199875  Obj 3.8726887e+09 Primal inf 2.826803e+09 (200116)
Clp0006I 200875  Obj 3.8789005e+09 Primal inf 1.6806378e+10 (200934)
Clp0006I 201875  Obj 3.8823549e+09 Primal inf 2.799206e+09 (193897)
Clp0006I 202875  Obj 3.8896674e+09 Primal inf 2.3589781e+09 (196091)
Clp0006I 203875  Obj 3.9004905e+09 Primal inf 1.4670908e+09 (169487)
Clp0006I 204875  Obj 3.9065381e+09 Primal inf 3.2052125e+09 (202930)
Clp0006I 205875  Obj 3.9314517e+09 Primal inf 9.5164396e+10 (209271)
Clp0006I 206875  Obj 3.9521535e+09 Primal inf 4.6160636e+09 (179697)
Clp0006I 207875  Obj 3.9977324e+09 Primal inf 8.7654505e+10 (208789)
Clp0006I 208875  Obj 4.0123025e+09 Primal inf 1.5310853e+11 (232110)
Clp0006I 209875  Obj 4.0232157e+09 Primal inf 8.8573818e+09 (179590)
Clp0006I 210875  Obj 4.068952e+09 Primal inf 1.2966488e+10 (182384)
Clp0006I 211875  Obj 4.0850946e+09 Primal inf 3.2833309e+09 (201410)
Clp0006I 212875  Obj 4.1070441e+09 Primal inf 2.5993337e+09 (171503)
Clp0006I 213875  Obj 4.1349446e+09 Primal inf 8.4090434e+09 (207914)
Clp0006I 214875  Obj 4.1612865e+09 Primal inf 3.8756822e+09 (175984)
Clp0006I 215875  Obj 4.2112238e+09 Primal inf 6.1300966e+09 (183173)
Clp0006I 216875  Obj 4.2415546e+09 Primal inf 4.2995134e+10 (217328)
Clp0006I 217875  Obj 4.2675003e+09 Primal inf 2.228567e+09 (173115)
Clp0006I 218875  Obj 4.3015313e+09 Primal inf 3.9741266e+09 (181829)
Clp0006I 219875  Obj 4.3133207e+09 Primal inf 5.1693818e+09 (175480)
Clp0006I 220875  Obj 4.3953868e+09 Primal inf 1.5316185e+10 (208123)
Clp0006I 221745  Obj 4.4847605e+09 Primal inf 6.6379998e+09 (185423)
Clp0006I 222745  Obj 4.5877557e+09 Primal inf 1.2179808e+10 (180396)
Clp0006I 223745  Obj 4.6933145e+09 Primal inf 5.0022562e+10 (220460)
Clp0006I 224745  Obj 4.759849e+09 Primal inf 4.2756927e+09 (176489)
Clp0006I 225745  Obj 4.8292237e+09 Primal inf 1.9050928e+10 (210056)
Clp0006I 226745  Obj 4.8727141e+09 Primal inf 2.785388e+10 (213619)
Clp0006I 227745  Obj 4.9141101e+09 Primal inf 3.5586666e+09 (174703)
Clp0006I 228745  Obj 4.9652102e+09 Primal inf 1.2387641e+10 (205149)
Clp0006I 229745  Obj 5.001498e+09 Primal inf 3.8517797e+09 (178644)
Clp0006I 230745  Obj 5.039013e+09 Primal inf 9.0913588e+09 (239141)
Clp0006I 231745  Obj 5.0885177e+09 Primal inf 1.0258164e+10 (185623)
Clp0006I 232745  Obj 5.1725427e+09 Primal inf 1.2779171e+10 (206738)
Clp0006I 233745  Obj 5.2282678e+09 Primal inf 3.6769058e+09 (176511)
Clp0006I 234745  Obj 5.2905571e+09 Primal inf 5.1690761e+10 (213648)
Clp0006I 235745  Obj 5.3637282e+09 Primal inf 3.590764e+09 (221742)
Clp0006I 236745  Obj 5.4205157e+09 Primal inf 1.4817849e+10 (216064)
Clp0006I 237745  Obj 5.4836001e+09 Primal inf 8.0999939e+09 (212984)
Clp0006I 238745  Obj 5.5254842e+09 Primal inf 2.559828e+10 (217960)
Clp0006I 239745  Obj 5.570087e+09 Primal inf 1.8793774e+09 (196238)
Clp0006I 240745  Obj 5.6096077e+09 Primal inf 5.4681103e+10 (221915)
Clp0006I 241617  Obj 5.649408e+09 Primal inf 3.4299872e+10 (217128)
Clp0006I 242617  Obj 5.6840328e+09 Primal inf 1.6817132e+10 (189423)
Clp0006I 243617  Obj 5.7203708e+09 Primal inf 4.7674983e+09 (204927)
Clp0006I 244617  Obj 5.7851672e+09 Primal inf 9.4635797e+09 (207810)
Clp0006I 245617  Obj 5.8527818e+09 Primal inf 1.7968977e+09 (176103)
Clp0006I 246617  Obj 5.9451586e+09 Primal inf 2.7626972e+10 (220502)
Clp0006I 247617  Obj 6.0063824e+09 Primal inf 6.5450931e+09 (207613)
Clp0006I 248617  Obj 6.0631933e+09 Primal inf 1.4908693e+11 (207838)
Clp0006I 249617  Obj 6.0870439e+09 Primal inf 6.7304159e+09 (198568)
Clp0006I 250617  Obj 6.1428634e+09 Primal inf 1.7936551e+09 (174346)
Clp0006I 251617  Obj 6.1930928e+09 Primal inf 2.064324e+09 (199204)
Clp0006I 252617  Obj 6.2374262e+09 Primal inf 8.8076889e+09 (210225)
Clp0006I 253617  Obj 6.2939804e+09 Primal inf 1.617454e+11 (233799)
Clp0006I 254617  Obj 6.3278081e+09 Primal inf 7.9459169e+09 (207827)
Clp0006I 255617  Obj 6.3643301e+09 Primal inf 2.272673e+10 (232424)
Clp0006I 256617  Obj 6.4388345e+09 Primal inf 6.4375806e+10 (222560)
Clp0006I 257617  Obj 6.5018299e+09 Primal inf 4.7574383e+09 (237152)
Clp0006I 258617  Obj 6.5660451e+09 Primal inf 1.2849375e+10 (230451)
Clp0006I 259245  Obj 6.6043588e+09 Primal inf 4.8844457e+10 (215037)
Clp0006I 260245  Obj 6.6593492e+09 Primal inf 3.1529698e+09 (204690)
Clp0006I 261245  Obj 6.7006712e+09 Primal inf 2.2162743e+09 (201423)
Clp0006I 262245  Obj 6.7524877e+09 Primal inf 7.4594801e+09 (209850)
Clp0006I 263245  Obj 6.7738268e+09 Primal inf 9.1776952e+09 (260672)
Clp0006I 264245  Obj 6.8015971e+09 Primal inf 6.0376635e+09 (186785)
Clp0006I 265245  Obj 6.8730182e+09 Primal inf 1.41136e+10 (216961)
Clp0006I 266245  Obj 6.913587e+09 Primal inf 1.6188078e+10 (247605)
Clp0006I 267245  Obj 6.9487014e+09 Primal inf 1.3741547e+09 (198740)
Clp0006I 268245  Obj 7.0062687e+09 Primal inf 2.0168375e+10 (237429)
Clp0006I 269245  Obj 7.0576108e+09 Primal inf 9.2502813e+09 (243830)
Clp0006I 270245  Obj 7.0910739e+09 Primal inf 2.3052593e+09 (206728)
Clp0006I 271245  Obj 7.1221598e+09 Primal inf 6.4491498e+09 (240217)
Clp0006I 272245  Obj 7.1606806e+09 Primal inf 4.112805e+10 (213773)
Clp0006I 273245  Obj 7.1994842e+09 Primal inf 1.7149157e+10 (202061)
Clp0006I 274245  Obj 7.2311292e+09 Primal inf 2.7152717e+10 (202950)
Clp0006I 275245  Obj 7.2486671e+09 Primal inf 2.3027296e+10 (202311)
Clp0006I 276245  Obj 7.2686486e+09 Primal inf 1.5789016e+10 (207353)
Clp0006I 277245  Obj 7.2947998e+09 Primal inf 4.0449877e+09 (211336)
Clp0006I 278245  Obj 7.3184254e+09 Primal inf 7.0496252e+10 (185735)
Clp0006I 279245  Obj 7.3515208e+09 Primal inf 9.3165086e+09 (182312)
Clp0006I 280245  Obj 7.4163679e+09 Primal inf 5.3534684e+10 (240694)
Clp0006I 281245  Obj 7.4756639e+09 Primal inf 5.1251745e+09 (219014)
Clp0006I 282245  Obj 7.5361189e+09 Primal inf 4.9676783e+10 (226140)
Clp0006I 283245  Obj 7.5806364e+09 Primal inf 1.3277337e+10 (253158)
Clp0006I 284157  Obj 7.6291306e+09 Primal inf 7.4651987e+09 (217320)
Clp0006I 285157  Obj 7.6546422e+09 Primal inf 1.9056738e+09 (200693)
Clp0006I 286157  Obj 7.6824802e+09 Primal inf 3.6251622e+09 (264856)
Clp0006I 287157  Obj 7.7043995e+09 Primal inf 6.1453753e+09 (230737)
Clp0006I 288157  Obj 7.7210182e+09 Primal inf 1.2404064e+11 (263940)
Clp0006I 289157  Obj 7.7358779e+09 Primal inf 1.7371826e+10 (232564)
Clp0006I 290157  Obj 7.7527106e+09 Primal inf 1.6230369e+09 (198805)
Clp0006I 290759  Obj 7.7674133e+09 Primal inf 1.1723894e+11 (263203)
Clp0006I 291759  Obj 7.7976762e+09 Primal inf 3.0042649e+09 (221499)
Clp0006I 292759  Obj 7.8029354e+09 Primal inf 1.2167053e+10 (237577)
Clp0006I 293759  Obj 7.8120428e+09 Primal inf 1.1104455e+10 (217948)
Clp0006I 294759  Obj 7.8326703e+09 Primal inf 1.84576e+09 (212304)
Clp0006I 295759  Obj 7.8426358e+09 Primal inf 9.7310994e+09 (249820)
Clp0006I 296759  Obj 7.8444289e+09 Primal inf 3.5871488e+10 (258002)
Clp0006I 297759  Obj 7.8545088e+09 Primal inf 2.1529041e+10 (239314)
Clp0006I 298759  Obj 7.8550871e+09 Primal inf 3.1331305e+09 (213592)
Clp0006I 299759  Obj 7.8563313e+09 Primal inf 9.1450842e+08 (188996)
Clp0006I 300759  Obj 7.8727373e+09 Primal inf 3.2317869e+09 (240784)
Clp0006I 301759  Obj 7.9091054e+09 Primal inf 5.2047857e+09 (242726)
Clp0006I 302759  Obj 7.9386012e+09 Primal inf 1.385501e+11 (241696)
Clp0006I 303759  Obj 7.9623957e+09 Primal inf 7.0462028e+09 (238270)
Clp0006I 304759  Obj 7.9953123e+09 Primal inf 3.0324197e+10 (234708)
Clp0006I 305759  Obj 8.0114979e+09 Primal inf 1.3386685e+10 (226781)
Clp0006I 306759  Obj 8.033284e+09 Primal inf 9.5888591e+09 (232518)
Clp0006I 307759  Obj 8.0518465e+09 Primal inf 1.03354e+09 (215749)
Clp0006I 308759  Obj 8.0665106e+09 Primal inf 5.1334895e+09 (256853)
Clp0006I 309759  Obj 8.0775746e+09 Primal inf 2.6276792e+09 (217812)
Clp0006I 310759  Obj 8.0917338e+09 Primal inf 3.3749678e+09 (221503)
Clp0006I 311759  Obj 8.1030844e+09 Primal inf 2.9996e+09 (233546)
Clp0006I 312759  Obj 8.111972e+09 Primal inf 1.9999351e+09 (217561)
Clp0006I 313759  Obj 8.1237024e+09 Primal inf 1.9816116e+09 (217137)
Clp0006I 314759  Obj 8.137891e+09 Primal inf 2.0983196e+09 (228709)
Clp0006I 315759  Obj 8.1550213e+09 Primal inf 9.7851805e+09 (233391)
Clp0006I 316759  Obj 8.1608002e+09 Primal inf 1.0681979e+09 (204090)
Clp0006I 317759  Obj 8.175772e+09 Primal inf 3.9753852e+09 (244793)
Clp0006I 318759  Obj 8.191972e+09 Primal inf 5.9331307e+09 (268762)
Clp0006I 319759  Obj 8.2144339e+09 Primal inf 2.9477444e+09 (235887)
Clp0006I 320759  Obj 8.223686e+09 Primal inf 1.990398e+09 (254291)
Clp0006I 321759  Obj 8.237286e+09 Primal inf 3.0032176e+09 (279914)
Clp0006I 322759  Obj 8.2437535e+09 Primal inf 6.9109778e+09 (222013)
Clp0006I 323759  Obj 8.2487333e+09 Primal inf 4.747614e+10 (245593)
Clp0006I 324759  Obj 8.2572011e+09 Primal inf 4.71102e+09 (282295)
Clp0006I 325759  Obj 8.2660985e+09 Primal inf 1.2444573e+09 (219879)
Clp0006I 326759  Obj 8.2804033e+09 Primal inf 2.0434533e+09 (244480)
Clp0006I 327759  Obj 8.287405e+09 Primal inf 9.4790178e+09 (283749)
Clp0006I 328759  Obj 8.288802e+09 Primal inf 2.0362531e+09 (232026)
Clp0006I 329759  Obj 8.3075161e+09 Primal inf 5.902846e+09 (249254)
Clp0006I 330759  Obj 8.4633676e+09 Primal inf 1.2049923e+09 (229171)
Clp0006I 331759  Obj 8.4778642e+09 Primal inf 8.3679907e+10 (259939)
Clp0006I 332759  Obj 8.503907e+09 Primal inf 2.8727755e+09 (202335)
Clp0006I 333759  Obj 8.5176291e+09 Primal inf 1.3034226e+09 (222022)
Clp0006I 334759  Obj 8.5187845e+09 Primal inf 8.4788028e+08 (209638)
Clp0006I 335759  Obj 8.5212212e+09 Primal inf 1.0707458e+09 (224346)
Clp0006I 336759  Obj 8.525549e+09 Primal inf 8.5463761e+09 (244066)
Clp0006I 337759  Obj 8.5385603e+09 Primal inf 1.830428e+10 (291762)
Clp0006I 338759  Obj 8.5475529e+09 Primal inf 4.3488577e+09 (255627)
Clp0006I 339759  Obj 8.5535319e+09 Primal inf 2.5048088e+10 (297721)
Clp0006I 340759  Obj 8.5673552e+09 Primal inf 1.6717138e+09 (248417)
Clp0006I 341759  Obj 8.5690102e+09 Primal inf 3.4278716e+09 (270784)
Clp0006I 342759  Obj 8.5727443e+09 Primal inf 1.5593069e+09 (231342)
Clp0006I 343759  Obj 8.5865561e+09 Primal inf 1.3031495e+10 (266999)
Clp0006I 344759  Obj 8.5925171e+09 Primal inf 1.1901324e+10 (272789)
Clp0006I 345759  Obj 8.5986919e+09 Primal inf 6.0589612e+09 (248765)
Clp0006I 346759  Obj 8.6046971e+09 Primal inf 5.1937115e+09 (273105)
Clp0006I 347759  Obj 8.6078275e+09 Primal inf 2.2095954e+09 (236341)
Clp0006I 348759  Obj 8.6117151e+09 Primal inf 2.7374093e+09 (244984)
Clp0006I 349759  Obj 8.618787e+09 Primal inf 9.0432793e+10 (294524)
Clp0006I 350759  Obj 8.6270612e+09 Primal inf 5.9008225e+09 (282178)
Clp0006I 351759  Obj 8.632043e+09 Primal inf 4.0182147e+09 (251725)
Clp0006I 352759  Obj 8.6473834e+09 Primal inf 4.7060293e+09 (279366)
Clp0006I 353759  Obj 8.6623613e+09 Primal inf 1.5683963e+10 (275809)
Clp0006I 354759  Obj 8.6747207e+09 Primal inf 1.8433169e+10 (263156)
Clp0006I 355759  Obj 8.6782291e+09 Primal inf 1.4827069e+10 (303947)
Clp0006I 356759  Obj 8.6828095e+09 Primal inf 1.3784307e+09 (226785)
Clp0006I 357759  Obj 8.6845384e+09 Primal inf 1.381639e+09 (225610)
Clp0006I 358759  Obj 8.6864477e+09 Primal inf 2.2583598e+09 (239632)
Clp0006I 359759  Obj 8.6903598e+09 Primal inf 2.9407321e+09 (288053)
Clp0006I 360759  Obj 8.6982657e+09 Primal inf 1.8441254e+09 (235997)
Clp0006I 361759  Obj 8.7008585e+09 Primal inf 1.8357396e+09 (235979)
Clp0006I 362759  Obj 8.7064374e+09 Primal inf 2.9253938e+09 (276668)
Clp0006I 363759  Obj 8.7192029e+09 Primal inf 2.0867962e+09 (226801)
Clp0006I 364759  Obj 8.7413643e+09 Primal inf 3.8994889e+10 (282461)
Clp0006I 365759  Obj 8.7456027e+09 Primal inf 1.8764769e+09 (232437)
Clp0006I 366759  Obj 8.7554941e+09 Primal inf 2.6244088e+09 (277208)
Clp0006I 367759  Obj 8.7791288e+09 Primal inf 9.9446761e+09 (235272)
Clp0006I 368759  Obj 8.7991428e+09 Primal inf 1.5137669e+10 (249910)
Clp0006I 369753  Obj 8.8202233e+09 Primal inf 4.0044279e+10 (244139)
Clp0006I 370753  Obj 8.8446059e+09 Primal inf 5.6116445e+10 (294406)
Clp0006I 371753  Obj 8.8629503e+09 Primal inf 2.0266835e+10 (277234)
Clp0006I 372753  Obj 8.8673724e+09 Primal inf 6.6963271e+08 (225965)
Clp0006I 373753  Obj 8.870072e+09 Primal inf 1.6742313e+09 (235788)
Clp0006I 374753  Obj 8.8709496e+09 Primal inf 2.0464145e+09 (211903)
Clp0006I 375753  Obj 8.8831498e+09 Primal inf 1.0200212e+10 (267563)
Clp0006I 376753  Obj 8.913661e+09 Primal inf 1.169989e+11 (287760)
Clp0006I 377753  Obj 8.9302705e+09 Primal inf 2.6419184e+10 (277912)
Clp0006I 378753  Obj 8.945146e+09 Primal inf 9.733996e+10 (297735)
Clp0006I 379753  Obj 8.9579468e+09 Primal inf 1.7631313e+10 (321887)
Clp0006I 380753  Obj 8.960869e+09 Primal inf 1.8757155e+09 (265932)
Clp0006I 381753  Obj 8.9711544e+09 Primal inf 3.1287034e+09 (244903)
Clp0006I 382753  Obj 8.9723952e+09 Primal inf 1.2013862e+10 (273650)
Clp0006I 383753  Obj 8.976159e+09 Primal inf 3.0700849e+09 (232475)
Clp0006I 384753  Obj 8.9825997e+09 Primal inf 9.5822897e+09 (279330)
Clp0006I 385753  Obj 8.9888245e+09 Primal inf 1.4550137e+10 (279297)
Clp0006I 386753  Obj 8.9947842e+09 Primal inf 7.1026445e+09 (257499)
Clp0006I 387753  Obj 8.9983184e+09 Primal inf 2.2140548e+09 (224999)
Clp0006I 388753  Obj 9.002165e+09 Primal inf 4.697988e+09 (273441)
Clp0006I 389753  Obj 9.0089085e+09 Primal inf 4.0642421e+10 (279649)
Clp0006I 390753  Obj 9.017296e+09 Primal inf 5.9308356e+09 (243679)
Clp0006I 391753  Obj 9.0232124e+09 Primal inf 3.3286986e+09 (257814)
Clp0006I 392753  Obj 9.0311192e+09 Primal inf 9.0347543e+09 (245210)
Clp0006I 393753  Obj 9.0363094e+09 Primal inf 5.6417809e+09 (242032)
Clp0006I 394753  Obj 9.043208e+09 Primal inf 4.7638456e+09 (267865)
Clp0006I 395753  Obj 9.0461568e+09 Primal inf 3.247465e+10 (314076)
Clp0006I 396753  Obj 9.0544766e+09 Primal inf 5.9301884e+10 (288905)
Clp0006I 397753  Obj 9.0644474e+09 Primal inf 6.4741352e+09 (287456)
Clp0006I 398753  Obj 9.0681394e+09 Primal inf 1.3792959e+10 (271396)
Clp0006I 399753  Obj 9.0712952e+09 Primal inf 4.9743105e+09 (253862)
Clp0006I 400753  Obj 9.0743498e+09 Primal inf 1.5035402e+09 (236841)
Clp0006I 401753  Obj 9.0921477e+09 Primal inf 4.6654059e+09 (270603)
Clp0006I 402753  Obj 9.0998079e+09 Primal inf 1.3830152e+10 (278466)
Clp0006I 403753  Obj 9.1075007e+09 Primal inf 1.6575351e+10 (282950)
Clp0006I 404753  Obj 9.1150749e+09 Primal inf 5.1963919e+09 (259404)
Clp0006I 405753  Obj 9.1182614e+09 Primal inf 3.8189677e+09 (258644)
Clp0006I 406753  Obj 9.1286774e+09 Primal inf 3.8512494e+09 (267119)
Clp0006I 407753  Obj 9.1304433e+09 Primal inf 3.8643822e+09 (288274)
Clp0006I 408753  Obj 9.1414458e+09 Primal inf 5.6884756e+09 (272918)
Clp0006I 409753  Obj 9.1442378e+09 Primal inf 3.5141005e+09 (267433)
Clp0006I 410753  Obj 9.1468883e+09 Primal inf 7.8731049e+09 (278767)
Clp0006I 411753  Obj 9.1484197e+09 Primal inf 3.6471474e+09 (270535)
Clp0006I 412753  Obj 9.1511995e+09 Primal inf 2.2485633e+09 (262821)
Clp0006I 413753  Obj 9.1622725e+09 Primal inf 1.8274452e+10 (300874)
Clp0006I 414753  Obj 9.1683608e+09 Primal inf 9.8424752e+09 (308777)
Clp0006I 415753  Obj 9.1767233e+09 Primal inf 1.0213464e+10 (309081)
Clp0006I 416753  Obj 9.1881697e+09 Primal inf 6.0488594e+09 (298011)
Clp0006I 417753  Obj 9.1953446e+09 Primal inf 1.5278564e+10 (305894)
Clp0006I 418753  Obj 9.1997066e+09 Primal inf 1.5343522e+10 (297035)
Clp0006I 419753  Obj 9.2053304e+09 Primal inf 1.6688701e+10 (304030)
Clp0006I 420753  Obj 9.2122807e+09 Primal inf 1.6880687e+10 (276885)
Clp0006I 421753  Obj 9.2149099e+09 Primal inf 8.262155e+09 (287525)
Clp0006I 422753  Obj 9.217749e+09 Primal inf 2.8989244e+09 (243903)
Clp0006I 423753  Obj 9.2247573e+09 Primal inf 1.2569744e+10 (276172)
Clp0006I 424753  Obj 9.2280505e+09 Primal inf 2.1645567e+09 (262355)
Clp0006I 425753  Obj 9.2300691e+09 Primal inf 7.5193403e+09 (269231)
Clp0006I 426753  Obj 9.2335888e+09 Primal inf 1.1129709e+10 (274148)
Clp0006I 427753  Obj 9.237651e+09 Primal inf 1.6256971e+10 (317082)
Clp0006I 428753  Obj 9.2399204e+09 Primal inf 2.2944071e+09 (259357)
Clp0006I 429753  Obj 9.2421422e+09 Primal inf 1.1895394e+10 (271543)
Clp0006I 430753  Obj 9.2464387e+09 Primal inf 1.897513e+10 (338267)
Clp0006I 431753  Obj 9.2496006e+09 Primal inf 7.8995212e+10 (332146)
Clp0006I 432753  Obj 9.2539898e+09 Primal inf 1.2895544e+10 (325479)
Clp0006I 433753  Obj 9.2602248e+09 Primal inf 2.0003393e+09 (247419)
Clp0006I 434753  Obj 9.2637919e+09 Primal inf 4.878588e+09 (293643)
Clp0006I 435753  Obj 9.2676347e+09 Primal inf 1.8209564e+10 (319380)
Clp0006I 436753  Obj 9.2715231e+09 Primal inf 9.6730887e+10 (347638)
Clp0006I 437753  Obj 9.2769049e+09 Primal inf 6.1745892e+09 (318588)
Clp0006I 438753  Obj 9.2790014e+09 Primal inf 2.7335498e+09 (264017)
Clp0006I 439753  Obj 9.2824759e+09 Primal inf 1.0487965e+09 (212192)
Clp0006I 440753  Obj 9.2944261e+09 Primal inf 2.4032943e+09 (251902)
Clp0006I 441753  Obj 9.3004452e+09 Primal inf 6.4319166e+09 (282237)
Clp0006I 442753  Obj 9.3101479e+09 Primal inf 7.6452769e+10 (315709)
Clp0006I 443753  Obj 9.3116063e+09 Primal inf 1.0442944e+10 (247689)
Clp0006I 444753  Obj 9.3174266e+09 Primal inf 1.0648751e+09 (223409)
Clp0006I 445753  Obj 9.3227439e+09 Primal inf 3.764399e+10 (248763)
Clp0006I 446753  Obj 9.3306063e+09 Primal inf 9.0470635e+09 (252458)
Clp0006I 447753  Obj 9.3353877e+09 Primal inf 1.0188945e+10 (346549)
Clp0006I 448753  Obj 9.344149e+09 Primal inf 1.9588256e+09 (267220)
Clp0006I 449753  Obj 9.348308e+09 Primal inf 1.4010605e+09 (236560)
Clp0006I 450753  Obj 9.351737e+09 Primal inf 3.1707059e+10 (305869)
Clp0006I 451753  Obj 9.3576902e+09 Primal inf 1.0127416e+10 (293599)
Clp0006I 452753  Obj 9.3682709e+09 Primal inf 1.091958e+10 (337560)
Clp0006I 453753  Obj 9.3749384e+09 Primal inf 2.6750369e+09 (319686)
Clp0006I 454753  Obj 9.3797368e+09 Primal inf 5.0917423e+09 (281041)
Clp0006I 455753  Obj 9.388542e+09 Primal inf 7.153997e+09 (274180)
Clp0006I 456753  Obj 9.3979112e+09 Primal inf 8.4268307e+09 (287027)
Clp0006I 457753  Obj 9.4062227e+09 Primal inf 3.7019893e+09 (292340)
Clp0006I 458753  Obj 9.4119041e+09 Primal inf 3.6516746e+09 (273198)
Clp0006I 459753  Obj 9.41805e+09 Primal inf 3.9962878e+09 (295277)
Clp0006I 460753  Obj 9.4248659e+09 Primal inf 1.3928115e+10 (320073)
Clp0006I 461753  Obj 9.4297815e+09 Primal inf 3.6050056e+09 (249409)
Clp0006I 462753  Obj 9.4341981e+09 Primal inf 2.5140756e+09 (253781)
Clp0006I 463753  Obj 9.4398149e+09 Primal inf 2.1462389e+10 (313984)
Clp0006I 464753  Obj 9.4467658e+09 Primal inf 1.4288229e+10 (267763)
Clp0006I 465753  Obj 9.4549444e+09 Primal inf 3.4755056e+09 (240252)
Clp0006I 466753  Obj 9.4601932e+09 Primal inf 2.2716934e+10 (262720)
Clp0006I 467753  Obj 9.4733418e+09 Primal inf 2.476942e+09 (330319)
Clp0006I 468753  Obj 9.4798011e+09 Primal inf 1.8881732e+10 (313720)
Clp0006I 469753  Obj 9.4851291e+09 Primal inf 1.5127307e+10 (332005)
Clp0006I 470753  Obj 9.5040756e+09 Primal inf 3.9682103e+09 (240151)
Clp0006I 471753  Obj 9.5140587e+09 Primal inf 8.568021e+09 (290895)
Clp0006I 472753  Obj 9.5190955e+09 Primal inf 6.3214036e+09 (247445)
Clp0006I 473753  Obj 9.5266831e+09 Primal inf 2.0703591e+11 (322158)
Clp0006I 474753  Obj 9.5389418e+09 Primal inf 2.7081563e+10 (298119)
Clp0006I 475753  Obj 9.5407767e+09 Primal inf 3.2695966e+10 (300942)
Clp0006I 476753  Obj 9.5432573e+09 Primal inf 2.2080253e+10 (260892)
Clp0006I 477753  Obj 9.5471302e+09 Primal inf 1.6679874e+10 (344048)
Clp0006I 478753  Obj 9.5573575e+09 Primal inf 1.3698934e+11 (356581)
Clp0006I 479753  Obj 9.5625655e+09 Primal inf 4.4081443e+10 (327402)
Clp0006I 480753  Obj 9.5644352e+09 Primal inf 9.9579013e+10 (296600)
Clp0006I 481753  Obj 9.5672101e+09 Primal inf 3.2280538e+10 (288156)
Clp0006I 482753  Obj 9.5686105e+09 Primal inf 2.1511996e+10 (320713)
Clp0006I 483753  Obj 9.570115e+09 Primal inf 1.2775091e+10 (286076)
Clp0006I 484753  Obj 9.5758567e+09 Primal inf 1.9749457e+10 (317587)
Clp0006I 485753  Obj 9.6143214e+09 Primal inf 3.2131545e+10 (376929)
Clp0006I 486753  Obj 9.6158305e+09 Primal inf 8.7336446e+10 (368988)
Clp0006I 487753  Obj 9.6179351e+09 Primal inf 3.7043793e+09 (260896)
Clp0006I 488753  Obj 9.6202621e+09 Primal inf 1.7613462e+09 (241326)
Clp0006I 489753  Obj 9.6214793e+09 Primal inf 2.0750952e+09 (239056)
Clp0006I 490753  Obj 9.6278441e+09 Primal inf 1.7083158e+11 (380514)
Clp0006I 491753  Obj 9.6304617e+09 Primal inf 4.8799349e+10 (299306)
Clp0006I 492753  Obj 9.6331342e+09 Primal inf 1.4980989e+10 (329993)
Clp0006I 493753  Obj 9.6368524e+09 Primal inf 1.3116754e+10 (322711)
Clp0006I 494753  Obj 9.6404683e+09 Primal inf 3.7814243e+09 (272543)
Clp0006I 495753  Obj 9.6434873e+09 Primal inf 2.5348655e+09 (273660)
Clp0006I 496753  Obj 9.6453793e+09 Primal inf 4.083781e+11 (264887)
Clp0006I 497753  Obj 9.650834e+09 Primal inf 1.2455057e+10 (261309)
Clp0006I 498753  Obj 9.6580174e+09 Primal inf 7.8319475e+09 (314766)
Clp0006I 499753  Obj 9.663296e+09 Primal inf 1.3045792e+10 (292311)
Clp0006I 500753  Obj 9.6687937e+09 Primal inf 5.1593956e+10 (367732)
Clp0006I 501753  Obj 9.6764626e+09 Primal inf 1.7726273e+11 (315635)
Clp0006I 502753  Obj 9.6829795e+09 Primal inf 2.5294597e+10 (326749)
Clp0006I 503753  Obj 9.6920026e+09 Primal inf 2.6545878e+12 (363613)
Clp0006I 504753  Obj 9.7095083e+09 Primal inf 4.1943305e+11 (400923)
Clp0006I 505753  Obj 9.7149776e+09 Primal inf 7.2264247e+10 (340284)
Clp0006I 506753  Obj 9.71791e+09 Primal inf 8.6691235e+10 (363063)
Clp0006I 507753  Obj 9.722103e+09 Primal inf 5.8825483e+10 (367683)
Clp0006I 508753  Obj 9.7256227e+09 Primal inf 6.1795855e+11 (399168)
Clp0006I 509753  Obj 9.7366161e+09 Primal inf 1.3806403e+12 (359265)
Clp0006I 510753  Obj 9.7445854e+09 Primal inf 2.6411527e+12 (342056)
Clp0006I 511753  Obj 9.7476462e+09 Primal inf 1.2047883e+11 (301855)
Clp0006I 512753  Obj 9.7547171e+09 Primal inf 7.9888399e+10 (328052)
Clp0006I 513753  Obj 9.7631002e+09 Primal inf 2.6867013e+11 (312726)
Clp0006I 514753  Obj 9.7687225e+09 Primal inf 7.9295352e+11 (357433)
Clp0006I 515753  Obj 9.7765239e+09 Primal inf 1.1431337e+12 (367368)
Clp0006I 516753  Obj 9.7951447e+09 Primal inf 9.5316868e+11 (363853)
Clp0006I 517753  Obj 9.808625e+09 Primal inf 1.3791678e+12 (425391)
Clp0006I 518753  Obj 9.813129e+09 Primal inf 6.31327e+11 (420434)
Clp0006I 519753  Obj 9.8174409e+09 Primal inf 1.3853633e+12 (405142)
Clp0006I 520753  Obj 9.8218557e+09 Primal inf 9.0911232e+11 (414326)
Clp0006I 521753  Obj 9.8271329e+09 Primal inf 1.095414e+12 (420325)
Clp0006I 522753  Obj 9.8309576e+09 Primal inf 8.5434547e+11 (425739)
Clp0006I 523753  Obj 9.8344813e+09 Primal inf 4.027761e+11 (404618)
Clp0006I 524753  Obj 9.8373278e+09 Primal inf 1.3300594e+12 (372664)
Clp0006I 525753  Obj 9.8451225e+09 Primal inf 9.2947605e+10 (368144)
Clp0006I 526753  Obj 9.8501011e+09 Primal inf 6.4279429e+10 (333187)
Clp0006I 527753  Obj 9.8671121e+09 Primal inf 6.4478512e+11 (364171)
Clp0006I 528753  Obj 9.8854493e+09 Primal inf 4.9022949e+11 (347058)
Clp0006I 529753  Obj 9.8976959e+09 Primal inf 9.8342153e+09 (325273)
Clp0006I 530753  Obj 9.9072721e+09 Primal inf 7.0815805e+09 (311124)
Clp0006I 531753  Obj 9.9168275e+09 Primal inf 7.5718044e+11 (365900)
Clp0006I 532753  Obj 9.9301424e+09 Primal inf 4.8764695e+11 (336829)
Clp0006I 533745  Obj 9.9450017e+09 Primal inf 2.9843733e+12 (301837)
Clp0006I 534657  Obj 9.9520111e+09 Primal inf 1.0354888e+11 (292928)
Clp0006I 535657  Obj 9.960931e+09 Primal inf 1.2637862e+11 (328356)
Clp0006I 536657  Obj 9.9732836e+09 Primal inf 8.8531343e+10 (332259)
Clp0006I 537455  Obj 9.9812485e+09 Primal inf 7.5634026e+09 (254216)
Clp0006I 538455  Obj 9.9894219e+09 Primal inf 1.5019836e+12 (290296)
Clp0006I 539308  Obj 1.0002251e+10 Primal inf 1.4133562e+10 (283170)
Clp0006I 540308  Obj 1.0013505e+10 Primal inf 2.1887204e+10 (330782)
Clp0006I 541308  Obj 1.0020625e+10 Primal inf 8.1775049e+09 (294464)
Clp0006I 542308  Obj 1.0025212e+10 Primal inf 8.7883797e+09 (335268)
Clp0006I 543308  Obj 1.0042197e+10 Primal inf 1.8786736e+10 (311048)
Clp0006I 544308  Obj 1.0048708e+10 Primal inf 1.8084479e+10 (308314)
Clp0006I 545308  Obj 1.0053682e+10 Primal inf 2.8762255e+10 (337218)
Clp0006I 546308  Obj 1.0060463e+10 Primal inf 2.4585291e+11 (345309)
Clp0006I 547308  Obj 1.0080238e+10 Primal inf 3.0061459e+11 (318257)
Clp0006I 548308  Obj 1.0110054e+10 Primal inf 2.6594457e+11 (327541)
Clp0006I 549308  Obj 1.0123995e+10 Primal inf 2.1138371e+10 (317623)
Clp0006I 550308  Obj 1.0132896e+10 Primal inf 1.0546218e+10 (322773)
Clp0006I 551308  Obj 1.0143633e+10 Primal inf 1.5479189e+10 (329432)
Clp0006I 552308  Obj 1.0150697e+10 Primal inf 5.5255534e+10 (372569)
Clp0006I 553308  Obj 1.015922e+10 Primal inf 1.6755576e+10 (291930)
Clp0006I 554308  Obj 1.016805e+10 Primal inf 3.0810706e+10 (378661)
Clp0006I 555308  Obj 1.0177633e+10 Primal inf 1.210453e+11 (384247)
Clp0006I 556308  Obj 1.0185144e+10 Primal inf 6.05861e+10 (356457)
Clp0006I 557308  Obj 1.0195456e+10 Primal inf 1.7491424e+10 (341402)
Clp0006I 558308  Obj 1.0203814e+10 Primal inf 8.0021049e+09 (325505)
Clp0006I 559308  Obj 1.0209922e+10 Primal inf 3.4139871e+10 (365610)
Clp0006I 560308  Obj 1.0217823e+10 Primal inf 6.6710888e+09 (333181)
Clp0006I 561308  Obj 1.0227359e+10 Primal inf 4.8563702e+10 (349175)
Clp0006I 562308  Obj 1.0232967e+10 Primal inf 1.8687662e+10 (320616)
Clp0006I 563308  Obj 1.024127e+10 Primal inf 6.9911345e+09 (319703)
Clp0006I 564308  Obj 1.024781e+10 Primal inf 1.9624238e+10 (285802)
Clp0006I 565308  Obj 1.025625e+10 Primal inf 1.926477e+10 (330456)
Clp0006I 566308  Obj 1.0265673e+10 Primal inf 1.1678313e+11 (362271)
Clp0006I 567308  Obj 1.0273169e+10 Primal inf 1.6337564e+10 (326918)
Clp0006I 568308  Obj 1.0280924e+10 Primal inf 4.7916452e+11 (357832)
Clp0006I 569308  Obj 1.0287332e+10 Primal inf 3.9485007e+11 (343536)
Clp0006I 570308  Obj 1.029625e+10 Primal inf 2.8833604e+11 (324397)
Clp0006I 571308  Obj 1.0303516e+10 Primal inf 9.4969588e+12 (286899)
Clp0006I 572308  Obj 1.0310341e+10 Primal inf 6.5847674e+10 (366753)
Clp0006I 573308  Obj 1.0316022e+10 Primal inf 4.5501845e+10 (362133)
Clp0006I 574136  Obj 1.0321632e+10 Primal inf 7.8103946e+10 (351694)
Clp0006I 575136  Obj 1.0329863e+10 Primal inf 2.2452649e+11 (321224)
Clp0006I 576040  Obj 1.0341328e+10 Primal inf 1.7603826e+10 (258730)
Clp0006I 577040  Obj 1.0351005e+10 Primal inf 3.2036082e+10 (328487)
Clp0006I 578040  Obj 1.0362668e+10 Primal inf 1.1101611e+10 (315665)
Clp0006I 579040  Obj 1.0381717e+10 Primal inf 5.0574761e+09 (285997)
Clp0006I 579762  Obj 1.0393857e+10 Primal inf 1.8941276e+12 (330667)
Clp0006I 580762  Obj 1.0408303e+10 Primal inf 3.2928104e+10 (354944)
Clp0006I 581762  Obj 1.0417785e+10 Primal inf 2.6905862e+10 (349525)
Clp0006I 582762  Obj 1.0426983e+10 Primal inf 1.6199209e+10 (282308)
Clp0006I 583762  Obj 1.0438521e+10 Primal inf 1.4348087e+10 (327038)
Clp0006I 584762  Obj 1.0446394e+10 Primal inf 3.0673139e+10 (346145)
Clp0006I 585762  Obj 1.0454212e+10 Primal inf 5.1804515e+09 (285033)
Clp0006I 586762  Obj 1.0462007e+10 Primal inf 6.7224204e+09 (328063)
Clp0006I 587762  Obj 1.0474176e+10 Primal inf 1.0282762e+11 (397519)
Clp0006I 588762  Obj 1.0480507e+10 Primal inf 5.3967385e+09 (333992)
Clp0006I 589762  Obj 1.0483346e+10 Primal inf 1.4262287e+10 (326870)
Clp0006I 590762  Obj 1.0491456e+10 Primal inf 1.9989659e+10 (314921)
Clp0006I 591530  Obj 1.050315e+10 Primal inf 1.3649345e+11 (335993)
Clp0006I 592530  Obj 1.0514865e+10 Primal inf 2.5671972e+10 (326120)
Clp0006I 593530  Obj 1.0526148e+10 Primal inf 2.3313647e+11 (366903)
Clp0006I 594530  Obj 1.0538211e+10 Primal inf 2.0454318e+11 (385888)
Clp0006I 595530  Obj 1.056442e+10 Primal inf 2.9853154e+11 (359633)
Clp0006I 596530  Obj 1.0613014e+10 Primal inf 1.1029074e+11 (349635)
Clp0006I 597530  Obj 1.0620696e+10 Primal inf 3.0930359e+11 (327655)
Clp0006I 598530  Obj 1.0637544e+10 Primal inf 4.7919974e+10 (375492)
Clp0006I 599530  Obj 1.0646404e+10 Primal inf 2.92152e+11 (361453)
Clp0006I 600530  Obj 1.0659222e+10 Primal inf 2.1883897e+10 (383928)
Clp0006I 601530  Obj 1.0668138e+10 Primal inf 2.5996474e+10 (370560)
Clp0006I 602530  Obj 1.0680892e+10 Primal inf 7.4027882e+10 (350329)
Clp0006I 603530  Obj 1.068997e+10 Primal inf 1.1788931e+10 (392507)
Clp0006I 604530  Obj 1.0697748e+10 Primal inf 2.1813788e+10 (352258)
Clp0006I 605530  Obj 1.0710207e+10 Primal inf 8.2137158e+10 (408388)
Clp0006I 606530  Obj 1.0723501e+10 Primal inf 6.7699441e+10 (354187)
Clp0006I 607530  Obj 1.0736835e+10 Primal inf 6.4972677e+09 (329858)
Clp0006I 608530  Obj 1.0750536e+10 Primal inf 3.8931669e+10 (361080)
Clp0006I 609530  Obj 1.0761312e+10 Primal inf 2.0173275e+11 (356269)
Clp0006I 610530  Obj 1.0773208e+10 Primal inf 1.1968696e+11 (343914)
Clp0006I 611530  Obj 1.0783003e+10 Primal inf 1.0540226e+11 (308868)
Clp0006I 612530  Obj 1.0793366e+10 Primal inf 3.9767778e+10 (364246)
Clp0006I 613530  Obj 1.0805529e+10 Primal inf 3.0435292e+09 (266068)
Clp0006I 614530  Obj 1.0817362e+10 Primal inf 1.6725599e+10 (335683)
Clp0006I 615530  Obj 1.0828049e+10 Primal inf 5.1225041e+10 (380645)
Clp0006I 616530  Obj 1.0835839e+10 Primal inf 6.2583792e+10 (381896)
Clp0006I 617530  Obj 1.0852444e+10 Primal inf 2.4882905e+10 (358056)
Clp0006I 618530  Obj 1.0866935e+10 Primal inf 5.4095688e+10 (360065)
Clp0006I 619530  Obj 1.0879647e+10 Primal inf 1.1215037e+10 (388387)
Clp0006I 620530  Obj 1.0892482e+10 Primal inf 8.0192666e+11 (392939)
Clp0006I 621530  Obj 1.0901778e+10 Primal inf 2.3830248e+10 (332569)
Clp0006I 622502  Obj 1.0914446e+10 Primal inf 3.1478955e+10 (358425)
Clp0006I 623368  Obj 1.0924565e+10 Primal inf 1.8933497e+11 (372406)
Clp0006I 624368  Obj 1.093649e+10 Primal inf 1.5704387e+11 (408986)
Clp0006I 625368  Obj 1.0947997e+10 Primal inf 8.7333371e+09 (352487)
Clp0006I 626106  Obj 1.0957534e+10 Primal inf 3.6493805e+10 (405234)
Clp0006I 627106  Obj 1.0969699e+10 Primal inf 5.8479276e+10 (399147)
Clp0006I 628106  Obj 1.0985175e+10 Primal inf 3.9865063e+12 (407470)
Clp0006I 629106  Obj 1.0994822e+10 Primal inf 1.9792891e+11 (349633)
Clp0006I 630106  Obj 1.1006211e+10 Primal inf 1.2307529e+10 (328149)
Clp0006I 631106  Obj 1.1018603e+10 Primal inf 2.8597412e+10 (384806)
Clp0006I 632106  Obj 1.103216e+10 Primal inf 5.9795079e+10 (357909)
Clp0006I 633106  Obj 1.1045612e+10 Primal inf 1.3920863e+11 (342206)
Clp0006I 634106  Obj 1.1053301e+10 Primal inf 5.8834711e+10 (345068)
Clp0006I 635106  Obj 1.1065442e+10 Primal inf 1.5658843e+12 (411559)
Clp0006I 636106  Obj 1.1071729e+10 Primal inf 2.4844009e+10 (373227)
Clp0006I 637106  Obj 1.1079767e+10 Primal inf 4.0978763e+11 (406139)
Clp0006I 638106  Obj 1.1089148e+10 Primal inf 3.2393656e+09 (326210)
Clp0006I 639106  Obj 1.1099683e+10 Primal inf 5.905838e+10 (408469)
Clp0006I 640106  Obj 1.111056e+10 Primal inf 2.0483454e+11 (352505)
Clp0006I 641106  Obj 1.1121958e+10 Primal inf 8.2573232e+10 (393838)
Clp0006I 642047  Obj 1.1131846e+10 Primal inf 1.0538943e+11 (349289)
Clp0006I 643047  Obj 1.114236e+10 Primal inf 6.6908777e+10 (389616)
Clp0006I 644047  Obj 1.1150018e+10 Primal inf 3.5940512e+10 (418631)
Clp0006I 645047  Obj 1.1155093e+10 Primal inf 8.6486644e+10 (339565)
Clp0006I 646047  Obj 1.116644e+10 Primal inf 3.1612467e+10 (384600)
Clp0006I 647047  Obj 1.1175819e+10 Primal inf 8.1646313e+10 (392178)
Clp0006I 648047  Obj 1.1183672e+10 Primal inf 6.7967423e+10 (328159)
Clp0006I 649047  Obj 1.1193843e+10 Primal inf 5.4730605e+10 (364135)
Clp0006I 650047  Obj 1.1202063e+10 Primal inf 2.5732837e+11 (399288)
Clp0006I 651047  Obj 1.1206214e+10 Primal inf 2.6526707e+10 (336619)
Clp0006I 652047  Obj 1.1213238e+10 Primal inf 8.2092971e+10 (383404)
Clp0006I 653047  Obj 1.1218196e+10 Primal inf 1.5683301e+11 (423399)
Clp0006I 654047  Obj 1.12263e+10 Primal inf 1.1076377e+11 (393450)
Clp0006I 655047  Obj 1.1230731e+10 Primal inf 1.1843214e+12 (377493)
Clp0006I 656047  Obj 1.1239792e+10 Primal inf 1.1295579e+11 (338717)
Clp0006I 657047  Obj 1.1250031e+10 Primal inf 5.5722715e+10 (370262)
Clp0006I 658047  Obj 1.1264885e+10 Primal inf 2.5833741e+10 (395514)
Clp0006I 659047  Obj 1.1272382e+10 Primal inf 8.6275487e+10 (352783)
Clp0006I 660047  Obj 1.1280046e+10 Primal inf 3.3133288e+10 (396882) Dual inf 4.2390169e-10 (1)
Clp0006I 661047  Obj 1.1286888e+10 Primal inf 1.6519838e+10 (375900) Dual inf 4.2396039e-10 (1)
Clp0006I 662047  Obj 1.130159e+10 Primal inf 3.7760741e+10 (417938)
Clp0006I 663047  Obj 1.1307116e+10 Primal inf 8.1213306e+09 (348648)
Clp0006I 664047  Obj 1.1310879e+10 Primal inf 2.333328e+11 (374582)
Clp0006I 665047  Obj 1.1318061e+10 Primal inf 3.5124773e+10 (413237)
Clp0006I 666047  Obj 1.1330304e+10 Primal inf 1.1479352e+10 (385340)
Clp0006I 667047  Obj 1.1351525e+10 Primal inf 1.3831651e+11 (382244)
Clp0006I 668047  Obj 1.1363303e+10 Primal inf 1.0189138e+11 (388852)
Clp0006I 669047  Obj 1.1373407e+10 Primal inf 4.9297122e+11 (428579)
Clp0006I 670047  Obj 1.1387765e+10 Primal inf 2.0149514e+11 (417107)
Clp0006I 671047  Obj 1.1399205e+10 Primal inf 2.8396628e+11 (449034)
Clp0006I 672047  Obj 1.140824e+10 Primal inf 4.57949e+11 (412963)
Clp0006I 673047  Obj 1.1421043e+10 Primal inf 1.0291981e+12 (457116)
Clp0006I 674047  Obj 1.1428379e+10 Primal inf 9.4679448e+09 (346231)
Clp0006I 675047  Obj 1.1436398e+10 Primal inf 1.1594206e+11 (419787)
Clp0006I 676047  Obj 1.1450413e+10 Primal inf 3.8418447e+10 (389801)
Clp0006I 676921  Obj 1.146721e+10 Primal inf 8.2126202e+11 (386487)
Clp0006I 677921  Obj 1.1474758e+10 Primal inf 2.3928642e+10 (349627)
Clp0006I 678921  Obj 1.1479089e+10 Primal inf 2.6067585e+10 (408480)
Clp0006I 679921  Obj 1.1486335e+10 Primal inf 3.3411795e+11 (418283)
Clp0006I 680921  Obj 1.1492493e+10 Primal inf 1.4942553e+10 (342268)
Clp0006I 681921  Obj 1.1501691e+10 Primal inf 2.0247691e+10 (357915)
Clp0006I 682627  Obj 1.1507755e+10 Primal inf 8.1723581e+11 (386459)
Clp0006I 683627  Obj 1.1518447e+10 Primal inf 3.3246382e+10 (350650)
Clp0006I 684582  Obj 1.1531086e+10 Primal inf 2.4340034e+10 (443342)
Clp0006I 685490  Obj 1.1542542e+10 Primal inf 1.3317433e+10 (326221)
Clp0006I 686490  Obj 1.154942e+10 Primal inf 2.0407744e+10 (398037)
Clp0006I 687490  Obj 1.1559915e+10 Primal inf 1.1415471e+11 (446015)
Clp0006I 688490  Obj 1.1565738e+10 Primal inf 6.6904024e+10 (350367)
Clp0006I 689490  Obj 1.1572353e+10 Primal inf 2.8096587e+10 (369216)
Clp0006I 690490  Obj 1.1581938e+10 Primal inf 4.1106653e+10 (374767)
Clp0006I 691490  Obj 1.1595475e+10 Primal inf 1.5547261e+11 (417087)
Clp0006I 692490  Obj 1.1605471e+10 Primal inf 2.4020273e+10 (421774)
Clp0006I 693490  Obj 1.1614454e+10 Primal inf 5.4144948e+11 (404106)
Clp0006I 694490  Obj 1.162195e+10 Primal inf 4.1200221e+11 (419099)
Clp0006I 695490  Obj 1.1630577e+10 Primal inf 4.040233e+10 (399970)
Clp0006I 696490  Obj 1.1638452e+10 Primal inf 3.1533096e+11 (408519)
Clp0006I 697490  Obj 1.1646609e+10 Primal inf 6.1990517e+09 (319802)
Clp0006I 698490  Obj 1.1653268e+10 Primal inf 3.3130104e+10 (398384)
Clp0006I 699490  Obj 1.1666065e+10 Primal inf 8.5448875e+10 (387181)
Clp0006I 700490  Obj 1.167836e+10 Primal inf 3.1369806e+10 (373723)
Clp0006I 701285  Obj 1.1693411e+10 Primal inf 1.7322965e+10 (390730)
Clp0006I 702285  Obj 1.1701637e+10 Primal inf 7.334865e+09 (365253)
Clp0006I 703285  Obj 1.1711963e+10 Primal inf 5.2274034e+09 (364964)
Clp0006I 704037  Obj 1.1722996e+10 Primal inf 8.8889527e+10 (342342)
Clp0006I 704890  Obj 1.1731669e+10 Primal inf 4.4624706e+11 (381938)
Clp0006I 705890  Obj 1.1743837e+10 Primal inf 8.9916473e+09 (360157)
Clp0006I 706890  Obj 1.1754871e+10 Primal inf 1.1283011e+11 (443220)
Clp0006I 707890  Obj 1.1771002e+10 Primal inf 3.3327268e+10 (361242)
Clp0006I 708890  Obj 1.1780055e+10 Primal inf 5.8559704e+10 (348113)
Clp0006I 709890  Obj 1.179205e+10 Primal inf 3.3482414e+09 (325232)
Clp0006I 710890  Obj 1.1801863e+10 Primal inf 4.3053212e+10 (380822)
Clp0006I 711890  Obj 1.1811756e+10 Primal inf 3.3064416e+11 (404434)
Clp0006I 712524  Obj 1.1819861e+10 Primal inf 5.6435773e+11 (424611)
Clp0006I 713395  Obj 1.183231e+10 Primal inf 1.0287389e+10 (388071)
Clp0006I 714395  Obj 1.1841158e+10 Primal inf 1.7651563e+11 (343768)
Clp0006I 715395  Obj 1.1850482e+10 Primal inf 4.8178645e+10 (292325)
Clp0006I 716395  Obj 1.186188e+10 Primal inf 3.8363414e+12 (414554)
Clp0006I 717184  Obj 1.1874891e+10 Primal inf 1.6464405e+12 (352393)
Clp0006I 718184  Obj 1.1888357e+10 Primal inf 4.3894847e+10 (420864)
Clp0006I 719184  Obj 1.1903186e+10 Primal inf 3.1266681e+10 (330316)
Clp0006I 720184  Obj 1.1914024e+10 Primal inf 2.8213299e+10 (355631)
Clp0006I 721184  Obj 1.1923893e+10 Primal inf 6.6625827e+10 (355164)
Clp0006I 722184  Obj 1.1935957e+10 Primal inf 5.921719e+11 (365147)
Clp0006I 723149  Obj 1.195141e+10 Primal inf 2.598383e+10 (407446)
Clp0006I 724149  Obj 1.1967417e+10 Primal inf 7.4005828e+10 (424094)
Clp0006I 725149  Obj 1.1981933e+10 Primal inf 9.5020986e+10 (358471)
Clp0006I 726149  Obj 1.1998128e+10 Primal inf 8.0306096e+10 (341618)
Clp0006I 727149  Obj 1.2010943e+10 Primal inf 1.4529116e+10 (387491)
Clp0006I 728149  Obj 1.2022251e+10 Primal inf 4.8668805e+10 (347202)
Clp0006I 729149  Obj 1.2038019e+10 Primal inf 1.0727126e+10 (300157)
Clp0006I 729990  Obj 1.2052892e+10 Primal inf 1.245259e+11 (372461)
Clp0006I 730990  Obj 1.206744e+10 Primal inf 4.6709587e+10 (389647)
Clp0006I 731990  Obj 1.2080993e+10 Primal inf 1.2418793e+12 (434770)
Clp0006I 732611  Obj 1.208825e+10 Primal inf 7.9586706e+12 (362305)
Clp0006I 733611  Obj 1.2100009e+10 Primal inf 3.2903397e+12 (413810)
Clp0006I 734611  Obj 1.2110516e+10 Primal inf 6.5128468e+10 (422057)
Clp0006I 735611  Obj 1.2119484e+10 Primal inf 6.7253144e+11 (380834)
Clp0006I 736452  Obj 1.2126482e+10 Primal inf 1.3361656e+11 (410133)
Clp0006I 737452  Obj 1.2136355e+10 Primal inf 2.5306919e+10 (380456)
Clp0006I 738452  Obj 1.2147648e+10 Primal inf 1.1844139e+10 (389212)
Clp0006I 739452  Obj 1.215855e+10 Primal inf 7.6442355e+10 (367637)
Clp0006I 740452  Obj 1.216693e+10 Primal inf 5.1144326e+10 (334802)
Clp0006I 741452  Obj 1.2172673e+10 Primal inf 2.0542218e+10 (320474)
Clp0006I 742452  Obj 1.2179522e+10 Primal inf 7.2270374e+10 (332309)
Clp0006I 743452  Obj 1.2186072e+10 Primal inf 2.8486526e+10 (375384)
Clp0006I 744452  Obj 1.2194161e+10 Primal inf 6.0726586e+11 (387098)
Clp0006I 745362  Obj 1.2201868e+10 Primal inf 5.4401882e+10 (389356)
Clp0006I 746036  Obj 1.2206942e+10 Primal inf 2.9531537e+10 (316885)
Clp0006I 746533  Obj 1.2213929e+10 Primal inf 4.105329e+10 (382990)
Clp0006I 747533  Obj 1.2222785e+10 Primal inf 2.4961124e+10 (440565)
Clp0006I 748533  Obj 1.2233089e+10 Primal inf 3.5456349e+10 (323529)
Clp0006I 749533  Obj 1.2240277e+10 Primal inf 6.5336293e+10 (388763)
Clp0006I 750533  Obj 1.2246292e+10 Primal inf 1.3288527e+10 (362732)
Clp0006I 751533  Obj 1.2252154e+10 Primal inf 2.749257e+11 (377703)
Clp0006I 752533  Obj 1.2260782e+10 Primal inf 2.0102371e+11 (419215)
Clp0006I 753533  Obj 1.2269891e+10 Primal inf 1.0967628e+10 (369710)
Clp0006I 754533  Obj 1.2277032e+10 Primal inf 3.8055562e+10 (360177)
Clp0006I 755533  Obj 1.2288982e+10 Primal inf 2.8612525e+11 (369360)
Clp0006I 756377  Obj 1.2296742e+10 Primal inf 1.3271053e+10 (352293)
Clp0006I 757377  Obj 1.2304843e+10 Primal inf 9.5214905e+09 (377043)
Clp0006I 758377  Obj 1.2316668e+10 Primal inf 2.5431076e+10 (360528)
Clp0006I 759377  Obj 1.2325169e+10 Primal inf 1.1605446e+10 (395400)
Clp0006I 760377  Obj 1.2342689e+10 Primal inf 5.2115605e+10 (299523)
Clp0006I 761377  Obj 1.2355979e+10 Primal inf 4.2595416e+10 (429379)
Clp0006I 762377  Obj 1.2366569e+10 Primal inf 1.3304251e+10 (371671)
Clp0006I 763377  Obj 1.2373404e+10 Primal inf 1.8062668e+11 (400506)
Clp0006I 764377  Obj 1.2379386e+10 Primal inf 6.7879294e+10 (361636)
Clp0006I 765251  Obj 1.238889e+10 Primal inf 1.2983083e+12 (357090)
Clp0006I 765752  Obj 1.239268e+10 Primal inf 1.3437489e+10 (373913)
Clp0006I 766752  Obj 1.2400846e+10 Primal inf 7.0400881e+10 (365905)
Clp0006I 767542  Obj 1.2409116e+10 Primal inf 6.8781669e+10 (342899)
Clp0006I 768542  Obj 1.2416967e+10 Primal inf 8.5508747e+10 (367034)
Clp0006I 769542  Obj 1.2426228e+10 Primal inf 1.5208518e+11 (389327)
Clp0006I 770542  Obj 1.2438595e+10 Primal inf 1.2737435e+10 (388302)
Clp0006I 771542  Obj 1.2450316e+10 Primal inf 1.4669747e+10 (271741)
Clp0006I 772542  Obj 1.2458619e+10 Primal inf 1.2122705e+10 (323480)
Clp0006I 773542  Obj 1.2467458e+10 Primal inf 2.3572302e+10 (307996)
Clp0006I 774542  Obj 1.2474873e+10 Primal inf 7.9719732e+09 (345653)
Clp0006I 775542  Obj 1.2483306e+10 Primal inf 6.6218386e+09 (387129)
Clp0006I 776542  Obj 1.2490907e+10 Primal inf 2.9688572e+10 (333092)
Clp0006I 777542  Obj 1.2496808e+10 Primal inf 5.4356095e+09 (358289)
Clp0006I 778542  Obj 1.2503052e+10 Primal inf 6.4515375e+09 (351599)
Clp0006I 779542  Obj 1.251355e+10 Primal inf 3.2360983e+10 (368577)
Clp0006I 780542  Obj 1.2523521e+10 Primal inf 3.5478502e+09 (315831)
Clp0006I 781542  Obj 1.2534572e+10 Primal inf 9.3859148e+09 (328084)
Clp0006I 782542  Obj 1.2543806e+10 Primal inf 7.6114426e+09 (318974)
Clp0006I 783542  Obj 1.2552264e+10 Primal inf 1.2222584e+09 (241541)
Clp0006I 784542  Obj 1.2560052e+10 Primal inf 1.6934136e+10 (368332)
Clp0006I 785198  Obj 1.2568864e+10 Primal inf 7.250235e+10 (325371)
Clp0006I 786068  Obj 1.2576462e+10 Primal inf 4.5881276e+10 (360698)
Clp0006I 787068  Obj 1.258321e+10 Primal inf 6.2908824e+10 (373645)
Clp0006I 787500  Obj 1.2585913e+10 Primal inf 2.0943709e+10 (376040)
Clp0006I 788500  Obj 1.2592644e+10 Primal inf 4.4263975e+10 (428757)
Clp0006I 789493  Obj 1.2600296e+10 Primal inf 1.9301364e+11 (306101)
Clp0006I 790493  Obj 1.2610964e+10 Primal inf 9.362505e+09 (264707)
Clp0006I 791493  Obj 1.2622405e+10 Primal inf 5.6094375e+10 (312800)
Clp0006I 792493  Obj 1.2637355e+10 Primal inf 1.1481477e+11 (357371)
Clp0006I 793493  Obj 1.2646611e+10 Primal inf 1.4259725e+10 (322734)
Clp0006I 794493  Obj 1.2656213e+10 Primal inf 6.4129707e+10 (350609)
Clp0006I 795493  Obj 1.266534e+10 Primal inf 3.2012048e+10 (372767)
Clp0006I 796493  Obj 1.2677641e+10 Primal inf 4.2424509e+10 (357516)
Clp0006I 797493  Obj 1.2683815e+10 Primal inf 5.8956226e+09 (354574)
Clp0006I 798417  Obj 1.2693543e+10 Primal inf 1.2386014e+12 (314209)
Clp0006I 799417  Obj 1.2701574e+10 Primal inf 1.3854172e+10 (390746)
Clp0006I 800417  Obj 1.2708535e+10 Primal inf 2.2058767e+10 (381883)
Clp0006I 801417  Obj 1.2719785e+10 Primal inf 3.5021131e+09 (264557)
Clp0006I 802417  Obj 1.2733498e+10 Primal inf 1.3728251e+10 (394504)
Clp0006I 803417  Obj 1.2743232e+10 Primal inf 2.3960805e+10 (377347)
Clp0006I 804417  Obj 1.2756991e+10 Primal inf 5.6558986e+10 (348970)
Clp0006I 805417  Obj 1.2770959e+10 Primal inf 8.0015868e+09 (327255)
Clp0006I 806417  Obj 1.2782389e+10 Primal inf 7.277929e+10 (342167)
Clp0006I 807417  Obj 1.2794325e+10 Primal inf 1.6467089e+10 (334099)
Clp0006I 808417  Obj 1.2805594e+10 Primal inf 3.2125467e+10 (351869)
Clp0006I 809417  Obj 1.2817081e+10 Primal inf 8.6823485e+10 (346310)
Clp0006I 810417  Obj 1.2831942e+10 Primal inf 6.5538671e+10 (324673)
Clp0006I 811417  Obj 1.2846845e+10 Primal inf 9.2563422e+10 (312458)
Clp0006I 812211  Obj 1.2861009e+10 Primal inf 4.2108313e+11 (365070)
Clp0006I 813211  Obj 1.2875996e+10 Primal inf 2.0166714e+10 (357446)
Clp0006I 814211  Obj 1.2886857e+10 Primal inf 4.509452e+10 (346637)
Clp0006I 815211  Obj 1.2897522e+10 Primal inf 2.1621313e+10 (351921)
Clp0006I 816211  Obj 1.2918143e+10 Primal inf 9.1959295e+09 (338543)
Clp0006I 817211  Obj 1.2932694e+10 Primal inf 6.3003506e+09 (333234)
Clp0006I 817993  Obj 1.2939515e+10 Primal inf 5.9153729e+09 (339569)
Clp0006I 818993  Obj 1.2945551e+10 Primal inf 6.3262042e+09 (316458)
Clp0006I 819786  Obj 1.2952592e+10 Primal inf 1.754514e+11 (387305)
Clp0006I 820786  Obj 1.2963811e+10 Primal inf 1.5259502e+10 (348976)
Clp0006I 821786  Obj 1.2973667e+10 Primal inf 2.5035458e+10 (357486)
Clp0006I 822786  Obj 1.2981556e+10 Primal inf 1.2574167e+10 (344929)
Clp0006I 823786  Obj 1.2991744e+10 Primal inf 1.3972531e+12 (346348)
Clp0006I 824786  Obj 1.3001007e+10 Primal inf 1.9164924e+11 (323478)
Clp0006I 825786  Obj 1.3012619e+10 Primal inf 1.9769072e+11 (303546)
Clp0006I 826786  Obj 1.3025499e+10 Primal inf 1.8245426e+11 (289141)
Clp0006I 827786  Obj 1.3039008e+10 Primal inf 2.4396687e+09 (236316)
Clp0006I 828786  Obj 1.3048273e+10 Primal inf 2.9438968e+10 (328327)
Clp0006I 829786  Obj 1.3056222e+10 Primal inf 5.0951893e+09 (301866)
Clp0006I 830670  Obj 1.3064529e+10 Primal inf 7.506603e+10 (310154)
Clp0006I 831670  Obj 1.3073867e+10 Primal inf 3.9659477e+10 (281886)
Clp0006I 832670  Obj 1.3082312e+10 Primal inf 2.4129636e+10 (289076)
Clp0006I 833670  Obj 1.3089471e+10 Primal inf 2.2091298e+10 (306783)
Clp0006I 834670  Obj 1.3097042e+10 Primal inf 4.7512258e+10 (279746)
Clp0006I 835658  Obj 1.3103748e+10 Primal inf 5.5472744e+09 (311670)
Clp0006I 836481  Obj 1.310993e+10 Primal inf 7.0059438e+10 (300104)
Clp0006I 837481  Obj 1.3117797e+10 Primal inf 1.043133e+10 (353824)
Clp0006I 838481  Obj 1.3125391e+10 Primal inf 3.6677868e+10 (340327)
Clp0006I 839481  Obj 1.3134742e+10 Primal inf 8.4969312e+09 (295941)
Clp0006I 840481  Obj 1.3144556e+10 Primal inf 2.4535475e+10 (335996)
Clp0006I 841481  Obj 1.3152289e+10 Primal inf 4.8098773e+09 (328354)
Clp0006I 842481  Obj 1.3159442e+10 Primal inf 4.453673e+09 (372545)
Clp0006I 843481  Obj 1.3176725e+10 Primal inf 6.2556038e+09 (292928)
Clp0006I 844481  Obj 1.3188506e+10 Primal inf 3.2643488e+10 (309868)
Clp0006I 845481  Obj 1.3205264e+10 Primal inf 1.744026e+09 (242063)
Clp0006I 846481  Obj 1.3212884e+10 Primal inf 1.2931811e+10 (293562)
Clp0006I 847481  Obj 1.3219647e+10 Primal inf 7.2618053e+09 (285521)
Clp0006I 848481  Obj 1.322667e+10 Primal inf 8.7183262e+09 (289068)
Clp0006I 849481  Obj 1.3232418e+10 Primal inf 3.5484122e+09 (300754)
Clp0006I 850481  Obj 1.3238453e+10 Primal inf 5.797418e+08 (234738)
Clp0006I 851481  Obj 1.3243384e+10 Primal inf 1.5746493e+09 (292204)
Clp0006I 852481  Obj 1.3248786e+10 Primal inf 1.2754762e+10 (366450)
Clp0006I 853481  Obj 1.3256269e+10 Primal inf 5.2718397e+09 (305099)
Clp0006I 854481  Obj 1.326365e+10 Primal inf 3.6890769e+10 (267249)
Clp0006I 855481  Obj 1.327058e+10 Primal inf 2.7494963e+10 (334779)
Clp0006I 856481  Obj 1.3280043e+10 Primal inf 7.9860001e+08 (265692)
Clp0006I 857481  Obj 1.3287584e+10 Primal inf 2.424112e+10 (263277)
Clp0006I 858355  Obj 1.3294894e+10 Primal inf 7.6038522e+08 (291221)
Clp0006I 859355  Obj 1.3301839e+10 Primal inf 5.8310584e+09 (277640)
Clp0006I 860355  Obj 1.3308676e+10 Primal inf 8.2674375e+09 (288829)
Clp0006I 861355  Obj 1.3313593e+10 Primal inf 9.0352553e+09 (300757)
Clp0006I 862355  Obj 1.3321491e+10 Primal inf 1.4875467e+10 (278207)
Clp0006I 863355  Obj 1.3332663e+10 Primal inf 6.182495e+09 (298894)
Clp0006I 864355  Obj 1.3341046e+10 Primal inf 2.6020641e+10 (352811)
Clp0006I 865355  Obj 1.3353531e+10 Primal inf 4.0522365e+10 (314891)
Clp0006I 866355  Obj 1.3361481e+10 Primal inf 3.5675481e+09 (339466)
Clp0006I 867355  Obj 1.3367295e+10 Primal inf 1.7015098e+10 (331777)
Clp0006I 868355  Obj 1.3374319e+10 Primal inf 9.1757002e+10 (302560)
Clp0006I 869275  Obj 1.3380817e+10 Primal inf 5.6179474e+09 (313080)
Clp0006I 870275  Obj 1.3386288e+10 Primal inf 1.5439653e+10 (353995)
Clp0006I 871275  Obj 1.3391372e+10 Primal inf 3.7018703e+09 (294396)
Clp0006I 872275  Obj 1.3398534e+10 Primal inf 4.9109763e+09 (295083)
Clp0006I 873275  Obj 1.3403409e+10 Primal inf 1.881747e+09 (283929)
Clp0006I 874275  Obj 1.3408254e+10 Primal inf 6.3089024e+09 (339955)
Clp0006I 875275  Obj 1.3411872e+10 Primal inf 3.9555323e+10 (274704)
Clp0006I 876275  Obj 1.3416966e+10 Primal inf 8.9682585e+08 (276755)
Clp0006I 877275  Obj 1.3421445e+10 Primal inf 5.2097786e+10 (309211)
Clp0006I 878053  Obj 1.3425051e+10 Primal inf 3.3208544e+09 (272844)
Clp0006I 879053  Obj 1.3431006e+10 Primal inf 1.6273819e+10 (276663)
Clp0006I 880053  Obj 1.3446172e+10 Primal inf 8.6394487e+08 (256581)
Clp0006I 881053  Obj 1.345094e+10 Primal inf 7.5468999e+09 (274661)
Clp0006I 882053  Obj 1.346006e+10 Primal inf 3.7376923e+09 (290053)
Clp0006I 883053  Obj 1.3466472e+10 Primal inf 1.2204624e+09 (258304)
Clp0006I 884053  Obj 1.3475186e+10 Primal inf 2.2281651e+10 (316560)
Clp0006I 885053  Obj 1.3495483e+10 Primal inf 2.2074729e+09 (262646)
Clp0006I 886053  Obj 1.3500955e+10 Primal inf 1.1889805e+09 (310103)
Clp0006I 887053  Obj 1.3504471e+10 Primal inf 3.2043147e+09 (356941)
Clp0006I 888053  Obj 1.3510357e+10 Primal inf 8.2651659e+08 (305738)
Clp0006I 889053  Obj 1.3514798e+10 Primal inf 2.3133033e+09 (255915)
Clp0006I 890053  Obj 1.3522532e+10 Primal inf 4.8848568e+08 (226908)
Clp0006I 891053  Obj 1.3528244e+10 Primal inf 1.5918324e+10 (316476)
Clp0006I 892053  Obj 1.3533013e+10 Primal inf 7.8010609e+10 (345211)
Clp0006I 893053  Obj 1.3539819e+10 Primal inf 3.3681538e+09 (260176)
Clp0006I 894053  Obj 1.3543339e+10 Primal inf 2.3018531e+09 (315652)
Clp0006I 895053  Obj 1.3555606e+10 Primal inf 2.2961775e+09 (267246)
Clp0006I 896053  Obj 1.3560713e+10 Primal inf 3.186183e+09 (324022)
Clp0006I 897053  Obj 1.356601e+10 Primal inf 1.0899066e+10 (386019)
Clp0006I 898053  Obj 1.3572565e+10 Primal inf 2.8544085e+09 (343016)
Clp0006I 899053  Obj 1.3576463e+10 Primal inf 7.9298306e+08 (288627)
Clp0006I 900053  Obj 1.3580627e+10 Primal inf 1.8744991e+09 (268832)
Clp0006I 901053  Obj 1.3585309e+10 Primal inf 1.8769082e+09 (289851)
Clp0006I 902053  Obj 1.3589465e+10 Primal inf 3.1512614e+09 (265140)
Clp0006I 903053  Obj 1.3593053e+10 Primal inf 6.995228e+09 (347135)
Clp0006I 904053  Obj 1.3600482e+10 Primal inf 5.7137343e+09 (318909)
Clp0006I 905053  Obj 1.3605116e+10 Primal inf 9.3971133e+09 (382686)
Clp0006I 906053  Obj 1.3614012e+10 Primal inf 1.3203814e+08 (198301)
Clp0006I 907053  Obj 1.362041e+10 Primal inf 2.6463356e+09 (258171)
Clp0006I 908053  Obj 1.3626271e+10 Primal inf 2.3479484e+08 (182374)
Clp0006I 909053  Obj 1.3657008e+10 Primal inf 2.1415641e+08 (179662)
Clp0006I 910053  Obj 1.3704973e+10 Primal inf 1.6012345e+08 (192462)
Clp0006I 911053  Obj 1.3730076e+10 Primal inf 6.3405759e+09 (326552)
Clp0006I 912053  Obj 1.3745286e+10 Primal inf 2.6251875e+09 (256335)
Clp0006I 913053  Obj 1.3756748e+10 Primal inf 2.6758017e+09 (320962)
Clp0006I 914053  Obj 1.3769314e+10 Primal inf 1.8180866e+09 (311253)
Clp0006I 915053  Obj 1.37804e+10 Primal inf 8.7002222e+09 (333579)
Clp0006I 916053  Obj 1.3794597e+10 Primal inf 5.2980109e+10 (350357)
Clp0006I 917053  Obj 1.3798731e+10 Primal inf 6.2514531e+09 (325306)
Clp0006I 918053  Obj 1.3804255e+10 Primal inf 2.8119762e+09 (302022)
Clp0006I 919053  Obj 1.3808221e+10 Primal inf 2.9222204e+09 (356301)
Clp0006I 920053  Obj 1.3813137e+10 Primal inf 2.0642035e+09 (271524)
Clp0006I 921053  Obj 1.3820606e+10 Primal inf 5.5365644e+09 (358664)
Clp0006I 922053  Obj 1.3840074e+10 Primal inf 2.8741654e+09 (264947)
Clp0006I 923053  Obj 1.385292e+10 Primal inf 1.2489806e+09 (315466)
Clp0006I 924053  Obj 1.3872391e+10 Primal inf 1.8178086e+10 (396138)
Clp0006I 925053  Obj 1.3896727e+10 Primal inf 7.6794423e+08 (327511)
Clp0006I 926053  Obj 1.3918369e+10 Primal inf 4.7874822e+08 (240664)
Clp0006I 927053  Obj 1.393369e+10 Primal inf 1.4534329e+08 (226727)
Clp0006I 928053  Obj 1.3939919e+10 Primal inf 2.2983802e+09 (302508)
Clp0006I 929053  Obj 1.3946882e+10 Primal inf 4.2521973e+08 (266917)
Clp0006I 930053  Obj 1.3955498e+10 Primal inf 2.762604e+10 (275365)
Clp0006I 930428  Obj 1.3956256e+10 Primal inf 8.0881957e+09 (245883)
Clp0006I 931406  Obj 1.3958994e+10 Primal inf 5.2911451e+10 (352157)
Clp0006I 932406  Obj 1.3963715e+10 Primal inf 9.8305859e+08 (287440)
Clp0006I 933406  Obj 1.3970768e+10 Primal inf 7.1521291e+09 (317617)
Clp0006I 934406  Obj 1.3979397e+10 Primal inf 3.1388537e+09 (313359)
Clp0006I 935406  Obj 1.3982681e+10 Primal inf 1.3135669e+09 (288738)
Clp0006I 936406  Obj 1.3987999e+10 Primal inf 1.7739099e+09 (306315)
Clp0006I 937406  Obj 1.3990851e+10 Primal inf 5.9309626e+09 (293100)
Clp0006I 938406  Obj 1.3993247e+10 Primal inf 5.620551e+08 (221492)
Clp0006I 939406  Obj 1.399671e+10 Primal inf 2.3448509e+09 (308378)
Clp0006I 940406  Obj 1.4000808e+10 Primal inf 7.3865862e+08 (287997)
Clp0006I 941339  Obj 1.4004347e+10 Primal inf 1.5096587e+10 (368830)
Clp0006I 942339  Obj 1.4008173e+10 Primal inf 2.896703e+09 (344760)
Clp0006I 943339  Obj 1.4013984e+10 Primal inf 2.3412194e+09 (275739)
Clp0006I 944339  Obj 1.4019346e+10 Primal inf 4.9091835e+09 (321832)
Clp0006I 945339  Obj 1.4026191e+10 Primal inf 2.8039057e+09 (330307)
Clp0006I 946339  Obj 1.4040098e+10 Primal inf 1.2513782e+11 (377235)
Clp0006I 947339  Obj 1.4052771e+10 Primal inf 6.4111317e+09 (340779)
Clp0006I 948339  Obj 1.4056288e+10 Primal inf 9.2162191e+08 (217845)
Clp0006I 949339  Obj 1.4061509e+10 Primal inf 3.9130726e+09 (335610)
Clp0006I 950339  Obj 1.4064118e+10 Primal inf 6.159779e+09 (347738)
Clp0006I 951339  Obj 1.4066401e+10 Primal inf 6.9457079e+09 (197756)
Clp0006I 952339  Obj 1.4069614e+10 Primal inf 1.116487e+10 (282630)
Clp0006I 953339  Obj 1.407246e+10 Primal inf 4.3407375e+09 (265147)
Clp0006I 954339  Obj 1.407549e+10 Primal inf 8.1302448e+09 (366257)
Clp0006I 955339  Obj 1.408126e+10 Primal inf 5.6006651e+09 (209748)
Clp0006I 956339  Obj 1.4084875e+10 Primal inf 3.7730122e+09 (233136)
Clp0006I 957339  Obj 1.4087269e+10 Primal inf 1.0898407e+09 (216753)
Clp0006I 958339  Obj 1.4091993e+10 Primal inf 4.8698043e+10 (303018)
Clp0006I 959339  Obj 1.4095018e+10 Primal inf 1.570345e+09 (226244)
Clp0006I 960328  Obj 1.4096836e+10 Primal inf 8.5166977e+09 (253378)
Clp0006I 961328  Obj 1.409883e+10 Primal inf 2.0182119e+10 (266064)
Clp0006I 962216  Obj 1.4100869e+10 Primal inf 2.7383686e+09 (216043)
Clp0006I 963216  Obj 1.4102798e+10 Primal inf 4.8587579e+10 (236523)
Clp0006I 964116  Obj 1.4104641e+10 Primal inf 2.1683465e+10 (323764)
Clp0006I 964901  Obj 1.4106488e+10 Primal inf 4.5651532e+08 (196598)
Clp0006I 965901  Obj 1.4111665e+10 Primal inf 3.374061e+10 (326009)
Clp0006I 966901  Obj 1.4114958e+10 Primal inf 2.0564635e+08 (164122)
Clp0006I 967901  Obj 1.4123161e+10 Primal inf 6.1775579e+08 (269636)
Clp0006I 968901  Obj 1.4127464e+10 Primal inf 3.4270026e+08 (227613)
Clp0006I 969901  Obj 1.4136999e+10 Primal inf 87599430 (173183)
Clp0006I 970901  Obj 1.4144688e+10 Primal inf 19940234 (98556)
Clp0006I 971901  Obj 1.4148863e+10 Primal inf 69197376 (194018)
Clp0006I 972901  Obj 1.4155272e+10 Primal inf 75679513 (161834)
Clp0006I 973901  Obj 1.4158257e+10 Primal inf 7.5142671e+08 (209840)
Clp0006I 974901  Obj 1.4161583e+10 Primal inf 29712684 (154807)
Clp0006I 975901  Obj 1.4164246e+10 Primal inf 2.2561886e+08 (127647)
Clp0006I 976901  Obj 1.4165726e+10 Primal inf 1.2006582e+09 (190133)
Clp0006I 977901  Obj 1.4167288e+10 Primal inf 3.1057982e+08 (215331)
Clp0006I 978901  Obj 1.4169824e+10 Primal inf 6.4308503e+08 (177656)
Clp0006I 979901  Obj 1.4172074e+10 Primal inf 1.3063725e+08 (116184)
Clp0006I 980901  Obj 1.4174518e+10 Primal inf 1.7666584e+08 (132774)
Clp0006I 981901  Obj 1.4176647e+10 Primal inf 5.4868774e+08 (183959)
Clp0006I 982901  Obj 1.4178645e+10 Primal inf 4.2344781e+08 (156499)
Clp0006I 983901  Obj 1.4179764e+10 Primal inf 2.9806309e+08 (140872)
Clp0006I 984901  Obj 1.4180901e+10 Primal inf 4.0587857e+09 (297612)
Clp0006I 985901  Obj 1.4181853e+10 Primal inf 2.7560534e+08 (247553)
Clp0006I 986901  Obj 1.4182903e+10 Primal inf 3.9245619e+08 (199086)
Clp0006I 987832  Obj 1.4184162e+10 Primal inf 8.0598473e+09 (295097)
Clp0006I 988832  Obj 1.418544e+10 Primal inf 1.047801e+09 (282202)
Clp0006I 989764  Obj 1.4186456e+10 Primal inf 1.6735786e+09 (247608)
Clp0006I 990764  Obj 1.4187565e+10 Primal inf 3.5686739e+08 (259753)
Clp0006I 991764  Obj 1.418926e+10 Primal inf 3.3442258e+08 (141815)
Clp0006I 992764  Obj 1.4190492e+10 Primal inf 2.6223376e+09 (259274)
Clp0006I 993764  Obj 1.4191482e+10 Primal inf 3.3547777e+08 (171762)
Clp0006I 994764  Obj 1.4192876e+10 Primal inf 63862541 (151638)
Clp0006I 995764  Obj 1.4194366e+10 Primal inf 1.6984627e+08 (197059)
Clp0006I 996764  Obj 1.4195774e+10 Primal inf 1.3528142e+08 (190125)
Clp0006I 997764  Obj 1.4197706e+10 Primal inf 1.0933367e+08 (75760)
Clp0006I 998764  Obj 1.4199945e+10 Primal inf 6.2909641e+08 (196528)
Clp0006I 999764  Obj 1.4200671e+10 Primal inf 4.8522186e+08 (271956)
Clp0006I 1000764  Obj 1.4201526e+10 Primal inf 1.1427798e+08 (181351)
Clp0006I 1001764  Obj 1.4202032e+10 Primal inf 99409260 (160671)
Clp0 Activating environment at `~/Documents/princeton/1st_year/MAE529/MAE529_code/project/code/Project.toml`
This Model run is characterised by...
Electrolyser capex cost of: 500.0
H2 efficiency of: 0.5
Carbon Tax: 0.0
Number of weeks included: 52_weeks
-----------------------------------------------
1 loading data preparation function
-----------------------------------------------
-----------------------------------------------
2 loading model solving function
-----------------------------------------------
adding in carbon tax elements
assigned variables
assigned constraint 1
assigned constraint 2
assigned constraint 3
check
assigned constraints
Model run complete
006I 1002764  Obj 1.4202691e+10 Primal inf 85294522 (165194)
Clp0006I 1003764  Obj 1.420322e+10 Primal inf 2.6287299e+09 (276769)
Clp0006I 1004764  Obj 1.4203957e+10 Primal inf 5.0679229e+08 (179562)
Clp0006I 1005764  Obj 1.4204918e+10 Primal inf 2.5112965e+09 (222017)
Clp0006I 1006608  Obj 1.4205585e+10 Primal inf 2.4345037e+08 (165242)
Clp0006I 1007608  Obj 1.4206254e+10 Primal inf 2.0091377e+09 (228531)
Clp0006I 1008608  Obj 1.4206747e+10 Primal inf 1.0213981e+08 (189237)
Clp0006I 1009608  Obj 1.4207263e+10 Primal inf 71175295 (154848)
Clp0006I 1010608  Obj 1.4208028e+10 Primal inf 1.5711857e+09 (189987)
Clp0006I 1011608  Obj 1.4208651e+10 Primal inf 6.9889577e+08 (207243)
Clp0006I 1012423  Obj 1.4209041e+10 Primal inf 4.5260348e+09 (159259)
Clp0006I 1013423  Obj 1.4209517e+10 Primal inf 1.8750134e+08 (150084)
Clp0006I 1014423  Obj 1.4210011e+10 Primal inf 29088084 (146610)
Clp0006I 1015423  Obj 1.4210445e+10 Primal inf 2.0720904e+08 (96494)
Clp0006I 1016423  Obj 1.4211035e+10 Primal inf 5.9352433e+09 (269681)
Clp0006I 1017423  Obj 1.4211524e+10 Primal inf 2.1573574e+08 (107254)
Clp0006I 1018423  Obj 1.4211965e+10 Primal inf 16297904 (144505)
Clp0006I 1019423  Obj 1.4212428e+10 Primal inf 39187653 (142244)
Clp0006I 1020010  Obj 1.421271e+10 Primal inf 44029079 (83063)
Clp0006I 1020980  Obj 1.4213092e+10 Primal inf 9.890041e+09 (167632)
Clp0006I 1021631  Obj 1.4213424e+10 Primal inf 56444910 (103578)
Clp0006I 1022631  Obj 1.4213804e+10 Primal inf 9709985.9 (44099)
Clp0006I 1023551  Obj 1.4214295e+10 Primal inf 1.2600684e+09 (174648)
Clp0006I 1024551  Obj 1.4214715e+10 Primal inf 31772782 (101687)
Clp0006I 1025551  Obj 1.4214959e+10 Primal inf 17393810 (78525)
Clp0006I 1026551  Obj 1.4215157e+10 Primal inf 4.2794513e+08 (124366)
Clp0006I 1027551  Obj 1.4215366e+10 Primal inf 9128406 (59458)
Clp0006I 1028438  Obj 1.4215518e+10 Primal inf 84822446 (87958)
Clp0006I 1029438  Obj 1.4215786e+10 Primal inf 37819662 (142089)
Clp0006I 1030438  Obj 1.4215927e+10 Primal inf 9985655 (86539)
Clp0006I 1031438  Obj 1.4216014e+10 Primal inf 11737757 (121222)
Clp0006I 1032438  Obj 1.4216083e+10 Primal inf 9217.6127 (22066)
Clp0006I 1033438  Obj 1.4216086e+10 Primal inf 1971.6402 (19890)
Clp0006I 1034438  Obj 1.421609e+10 Primal inf 1861.0634 (20059)
Clp0006I 1035438  Obj 1.4216093e+10 Primal inf 1667.5308 (19052)
Clp0006I 1036438  Obj 1.4216096e+10 Primal inf 6925.9004 (19230)
Clp0006I 1037438  Obj 1.4216099e+10 Primal inf 1401.9719 (17067)
Clp0006I 1038438  Obj 1.4216101e+10 Primal inf 1292.5259 (16067)
Clp0006I 1039438  Obj 1.4216104e+10 Primal inf 1189.8311 (15067)
Clp0006I 1040438  Obj 1.4216106e+10 Primal inf 1090.6846 (14067)
Clp0006I 1041438  Obj 1.4216109e+10 Primal inf 993.51874 (13067)
Clp0006I 1042438  Obj 1.4216111e+10 Primal inf 883.98298 (12067)
Clp0006I 1043438  Obj 1.4216113e+10 Primal inf 789.08069 (11067)
Clp0006I 1044438  Obj 1.4216115e+10 Primal inf 693.21495 (10061)
Clp0006I 1045438  Obj 1.4216117e+10 Primal inf 598.73518 (9061)
Clp0006I 1046438  Obj 1.4216119e+10 Primal inf 510.09913 (8069)
Clp0006I 1047438  Obj 1.4216122e+10 Primal inf 415.33959 (7064)
Clp0006I 1048438  Obj 1.4216125e+10 Primal inf 331.43692 (6064)
Clp0006I 1049438  Obj 1.4216128e+10 Primal inf 251.75323 (5064)
Clp0006I 1050438  Obj 1.421613e+10 Primal inf 186.60977 (4064)
Clp0006I 1051438  Obj 1.4216134e+10 Primal inf 136.28559 (3064)
Clp0006I 1052438  Obj 1.4216138e+10 Primal inf 89.333664 (2063)
Clp0006I 1053438  Obj 1.4216141e+10 Primal inf 44.86375 (1063)
Clp0006I 1054438  Obj 1.4216145e+10 Primal inf 3.4432456 (63)
Clp0006I 1054512  Obj 1.4216145e+10
Clp0000I Optimal - objective value 1.4216145e+10
Coin0511I After Postsolve, objective 1.4216145e+10, infeasibilities - dual 0 (0), primal 0 (0)
Clp0032I Optimal objective 1.421614481e+10 - 1054512 iterations time 22937.452, Presolve 3.73
