Coin0506I Presolve 1521577 (-195446) rows, 591998 (-65130) columns and 4511329 (-460732) elements
Clp0006I 0  Obj 0 Primal inf 8.7736635e+08 (43800)
Clp0006I 1000  Obj 4.7917429e-12 Primal inf 8.6776638e+08 (44708)
Clp0006I 2000  Obj 9.9133726e-12 Primal inf 8.6044937e+08 (45580)
Clp0006I 3000  Obj 1.5969055e-11 Primal inf 8.579383e+08 (46596)
Clp0006I 4000  Obj 8374713.4 Primal inf 8.4872532e+08 (47608)
Clp0006I 5000  Obj 15751422 Primal inf 8.4108892e+08 (48566)
Clp0006I 6000  Obj 25825329 Primal inf 8.3811351e+08 (49515)
Clp0006I 7000  Obj 36809485 Primal inf 8.2977169e+08 (50596)
Clp0006I 8000  Obj 47635262 Primal inf 8.2367431e+08 (51627)
Clp0006I 9000  Obj 62023603 Primal inf 8.2132513e+08 (52768)
Clp0006I 10000  Obj 79421180 Primal inf 8.1970794e+08 (53872)
Clp0006I 11000  Obj 98155492 Primal inf 8.1552422e+08 (54921)
Clp0006I 12000  Obj 1.1340454e+08 Primal inf 8.1625035e+08 (56072)
Clp0006I 13000  Obj 1.3090391e+08 Primal inf 8.1533114e+08 (57229)
Clp0006I 14000  Obj 1.5798825e+08 Primal inf 8.0960313e+08 (58525)
Clp0006I 15000  Obj 1.7900885e+08 Primal inf 8.0769659e+08 (59716)
Clp0006I 16000  Obj 1.9219481e+08 Primal inf 7.283299e+08 (60952)
Clp0006I 17000  Obj 2.1566295e+08 Primal inf 7.2801796e+08 (62131)
Clp0006I 18000  Obj 2.3543815e+08 Primal inf 7.2915856e+08 (63335)
Clp0006I 19000  Obj 2.5606945e+08 Primal inf 7.2485503e+08 (64495)
Clp0006I 20000  Obj 2.8078843e+08 Primal inf 7.2574099e+08 (65720)
Clp0006I 21000  Obj 3.0778319e+08 Primal inf 7.2551824e+08 (66959)
Clp0006I 22000  Obj 3.3258321e+08 Primal inf 7.2779237e+08 (68257)
Clp0006I 23000  Obj 3.6203617e+08 Primal inf 7.2597819e+08 (69504)
Clp0006I 24000  Obj 3.8152465e+08 Primal inf 7.2877202e+08 (70803)
Clp0006I 25000  Obj 4.1258668e+08 Primal inf 7.2934323e+08 (72092)
Clp0006I 26000  Obj 4.3541765e+08 Primal inf 7.3290833e+08 (73359)
Clp0006I 27000  Obj 4.5911035e+08 Primal inf 7.3469774e+08 (74554)
Clp0006I 28000  Obj 4.8636517e+08 Primal inf 7.3712878e+08 (75824)
Clp0006I 29000  Obj 5.1179666e+08 Primal inf 7.3634924e+08 (76941)
Clp0006I 30000  Obj 5.4135697e+08 Primal inf 7.391802e+08 (78122)
Clp0006I 31000  Obj 5.721216e+08 Primal inf 7.3991443e+08 (79287)
Clp0006I 32000  Obj 5.9758688e+08 Primal inf 7.3582755e+08 (80377)
Clp0006I 33000  Obj 6.1990824e+08 Primal inf 7.3196987e+08 (81467)
Clp0006I 34000  Obj 6.4739375e+08 Primal inf 7.3621188e+08 (82617)
Clp0006I 35000  Obj 6.7751467e+08 Primal inf 7.4277885e+08 (83822)
Clp0006I 36000  Obj 7.0646121e+08 Primal inf 7.3804983e+08 (84918)
Clp0006I 37000  Obj 7.5007942e+08 Primal inf 7.391693e+08 (86176)
Clp0006I 38000  Obj 7.8743944e+08 Primal inf 7.4089885e+08 (87363)
Clp0006I 39000  Obj 8.294962e+08 Primal inf 7.384581e+08 (88498)
Clp0006I 40000  Obj 8.644062e+08 Primal inf 7.4022178e+08 (89690)
Clp0006I 41000  Obj 8.9510398e+08 Primal inf 7.4156736e+08 (90891)
Clp0006I 42000  Obj 9.3916449e+08 Primal inf 7.4479343e+08 (92137)
Clp0006I 43000  Obj 9.8120758e+08 Primal inf 7.4863477e+08 (93195)
Clp0006I 44000  Obj 1.0176222e+09 Primal inf 7.4697482e+08 (94348)
Clp0006I 45000  Obj 1.0565941e+09 Primal inf 7.5084753e+08 (95509)
Clp0006I 46000  Obj 1.0979777e+09 Primal inf 7.5416764e+08 (96669)
Clp0006I 47000  Obj 1.1507918e+09 Primal inf 7.5050314e+08 (97654)
Clp0006I 48000  Obj 1.194093e+09 Primal inf 7.5206182e+08 (98766)
Clp0006I 49000  Obj 1.2438563e+09 Primal inf 7.518678e+08 (99811)
Clp0006I 50000  Obj 1.2911081e+09 Primal inf 7.5319855e+08 (100986)
Clp0006I 51000  Obj 1.3370909e+09 Primal inf 7.5667405e+08 (102147)
Clp0006I 52000  Obj 1.3985144e+09 Primal inf 7.5682294e+08 (103261)
Clp0006I 53000  Obj 1.4563916e+09 Primal inf 7.5672747e+08 (104473)
Clp0006I 54000  Obj 1.5013554e+09 Primal inf 7.6169104e+08 (105711)
Clp0006I 55000  Obj 1.5212514e+09 Primal inf 7.4261449e+08 (108868)
Clp0006I 56000  Obj 1.5315038e+09 Primal inf 7.5292004e+08 (109906)
Clp0006I 57000  Obj 1.5421452e+09 Primal inf 8.0791306e+08 (111995)
Clp0006I 58000  Obj 1.5505656e+09 Primal inf 7.9961166e+08 (113106)
Clp0006I 59000  Obj 1.5527811e+09 Primal inf 8.4487113e+08 (113979)
Clp0006I 60000  Obj 1.5668853e+09 Primal inf 9.7054761e+08 (116503)
Clp0006I 61000  Obj 1.6097496e+09 Primal inf 7.4751929e+08 (115733)
Clp0006I 62000  Obj 1.6305988e+09 Primal inf 2.998088e+09 (148077)
Clp0006I 63000  Obj 1.6414948e+09 Primal inf 7.5889551e+08 (117297)
Clp0006I 64000  Obj 1.667598e+09 Primal inf 1.8812291e+09 (150520)
Clp0006I 65000  Obj 1.7027538e+09 Primal inf 8.695331e+08 (121349)
Clp0006I 66000  Obj 1.7591049e+09 Primal inf 9.9531621e+08 (121816)
Clp0006I 67000  Obj 1.7949383e+09 Primal inf 7.7770412e+08 (120714)
Clp0006I 68000  Obj 1.8222353e+09 Primal inf 1.9484845e+09 (152749)
Clp0006I 69000  Obj 1.86214e+09 Primal inf 8.2754171e+08 (124938)
Clp0006I 70000  Obj 1.8653714e+09 Primal inf 8.2707468e+08 (125904)
Clp0006I 71000  Obj 1.9007208e+09 Primal inf 3.0052214e+09 (155652)
Clp0006I 72000  Obj 1.9042858e+09 Primal inf 7.6035778e+08 (127835)
Clp0006I 73000  Obj 1.9146936e+09 Primal inf 7.916783e+08 (128835)
Clp0006I 74000  Obj 1.9185223e+09 Primal inf 7.9398845e+08 (129773)
Clp0006I 75000  Obj 1.9218168e+09 Primal inf 1.4937472e+09 (157674)
Clp0006I 76000  Obj 1.9320493e+09 Primal inf 1.337073e+09 (159041)
Clp0006I 77000  Obj 1.9400052e+09 Primal inf 1.3291698e+09 (159645)
Clp0006I 78000  Obj 1.9553039e+09 Primal inf 3.7803027e+09 (161155)
Clp0006I 79000  Obj 1.9652774e+09 Primal inf 8.9888407e+08 (133298)
Clp0006I 80000  Obj 1.9860538e+09 Primal inf 1.077981e+09 (132786)
Clp0006I 81000  Obj 2.0016898e+09 Primal inf 2.7268632e+09 (163374)
Clp0006I 82000  Obj 2.0171572e+09 Primal inf 8.873237e+08 (135107)
Clp0006I 83000  Obj 2.0239468e+09 Primal inf 2.3071746e+09 (164981)
Clp0006I 84000  Obj 2.0384586e+09 Primal inf 2.1368904e+09 (165493)
Clp0006I 85000  Obj 2.0539077e+09 Primal inf 9.9629667e+08 (164313)
Clp0006I 86000  Obj 2.0622601e+09 Primal inf 1.1403079e+09 (165125)
Clp0006I 87000  Obj 2.0654651e+09 Primal inf 1.1369427e+09 (165777)
Clp0006I 88000  Obj 2.0843083e+09 Primal inf 9.9229343e+08 (166112)
Clp0006I 89000  Obj 2.0935235e+09 Primal inf 2.5667091e+09 (194423)
Clp0006I 90000  Obj 2.0952895e+09 Primal inf 1.1812206e+09 (168642)
Clp0006I 91000  Obj 2.0953885e+09 Primal inf 1.1860941e+09 (169260)
Clp0006I 92000  Obj 2.0953885e+09 Primal inf 1.1899953e+09 (169805)
Clp0006I 93000  Obj 2.0971113e+09 Primal inf 1.1958465e+09 (170372)
Clp0006I 94000  Obj 2.0977089e+09 Primal inf 1.1985869e+09 (170929)
Clp0006I 95000  Obj 2.1097249e+09 Primal inf 9.1411031e+08 (141329)
Clp0006I 96000  Obj 2.1197609e+09 Primal inf 1.9342178e+09 (173507)
Clp0006I 97000  Obj 2.1406137e+09 Primal inf 3.0393679e+09 (197478)
Clp0006I 98000  Obj 2.1509243e+09 Primal inf 6.740653e+09 (198246)
Clp0006I 99000  Obj 2.1598364e+09 Primal inf 8.332558e+08 (149260)
Clp0006I 100000  Obj 2.1714768e+09 Primal inf 8.1326512e+08 (147604)
Clp0006I 101000  Obj 2.1790775e+09 Primal inf 8.1990398e+08 (148181)
Clp0006I 102000  Obj 2.1825105e+09 Primal inf 8.4113857e+08 (148788)
Clp0006I 103000  Obj 2.1851321e+09 Primal inf 8.4273039e+08 (149358)
Clp0006I 104000  Obj 2.1863418e+09 Primal inf 8.3992609e+08 (149915)
Clp0006I 105000  Obj 2.189756e+09 Primal inf 8.4677857e+08 (150543)
Clp0006I 106000  Obj 2.1951056e+09 Primal inf 8.6470677e+08 (152071)
Clp0006I 107000  Obj 2.2071771e+09 Primal inf 8.6914466e+08 (151534)
Clp0006I 108000  Obj 2.2385908e+09 Primal inf 9.1275934e+08 (151241)
Clp0006I 109000  Obj 2.2522823e+09 Primal inf 9.081878e+08 (155474)
Clp0006I 110000  Obj 2.2599253e+09 Primal inf 9.3237089e+08 (156290)
Clp0006I 111000  Obj 2.2674541e+09 Primal inf 9.3170773e+08 (156739)
Clp0006I 112000  Obj 2.2776658e+09 Primal inf 9.3418291e+08 (157161)
Clp0006I 113000  Obj 2.2838251e+09 Primal inf 8.9378051e+08 (154325)
Clp0006I 114000  Obj 2.2890597e+09 Primal inf 8.9435539e+08 (154826)
Clp0006I 115000  Obj 2.3005161e+09 Primal inf 8.9419619e+08 (155183)
Clp0006I 116000  Obj 2.3340742e+09 Primal inf 9.7898928e+08 (154894)
Clp0006I 117000  Obj 2.3577256e+09 Primal inf 1.0095208e+09 (161877)
Clp0006I 118000  Obj 2.3723639e+09 Primal inf 1.0609959e+09 (161824)
Clp0006I 119000  Obj 2.3956133e+09 Primal inf 1.0656502e+09 (162129)
Clp0006I 120000  Obj 2.4067311e+09 Primal inf 9.4810276e+08 (163655)
Clp0006I 121000  Obj 2.4164564e+09 Primal inf 9.6820789e+08 (163582)
Clp0006I 122000  Obj 2.4418661e+09 Primal inf 1.0408359e+09 (163318)
Clp0006I 123000  Obj 2.4537035e+09 Primal inf 9.7622597e+08 (164781)
Clp0006I 124000  Obj 2.4670992e+09 Primal inf 1.051141e+09 (168392)
Clp0006I 125000  Obj 2.4754691e+09 Primal inf 1.0613766e+09 (164983)
Clp0006I 126000  Obj 2.500561e+09 Primal inf 1.0590971e+09 (165158)
Clp0006I 127000  Obj 2.5148844e+09 Primal inf 1.0702331e+09 (165282)
Clp0006I 128000  Obj 2.521115e+09 Primal inf 1.0505402e+09 (165232)
Clp0006I 129000  Obj 2.5315557e+09 Primal inf 1.0092035e+09 (166739)
Clp0006I 130000  Obj 2.5380842e+09 Primal inf 9.7366149e+08 (166598)
Clp0006I 131000  Obj 2.5498468e+09 Primal inf 1.0097684e+09 (165999)
Clp0006I 132000  Obj 2.565287e+09 Primal inf 1.0462616e+09 (165883)
Clp0006I 133000  Obj 2.5724961e+09 Primal inf 9.8317061e+08 (169540)
Clp0006I 134000  Obj 2.5839456e+09 Primal inf 1.0693113e+09 (166377)
Clp0006I 135000  Obj 2.587634e+09 Primal inf 9.5273466e+08 (169021)
Clp0006I 136000  Obj 2.5927818e+09 Primal inf 9.5575122e+08 (167319)
Clp0006I 137000  Obj 2.6008835e+09 Primal inf 9.8437378e+08 (166981)
Clp0006I 138000  Obj 2.6061789e+09 Primal inf 9.8849928e+08 (168012)
Clp0006I 139000  Obj 2.6118e+09 Primal inf 9.8994e+08 (168181)
Clp0006I 140000  Obj 2.6179761e+09 Primal inf 1.0431822e+09 (168105)
Clp0006I 141000  Obj 2.6262951e+09 Primal inf 1.0211634e+09 (167731)
Clp0006I 142000  Obj 2.6314659e+09 Primal inf 1.0236583e+09 (168121)
Clp0006I 143000  Obj 2.6371855e+09 Primal inf 1.0758471e+09 (167408)
Clp0006I 144000  Obj 2.642964e+09 Primal inf 1.0289827e+09 (171018)
Clp0006I 145000  Obj 2.6506772e+09 Primal inf 1.0055497e+09 (173557)
Clp0006I 146000  Obj 2.6652967e+09 Primal inf 1.0664433e+09 (173655)
Clp0006I 147000  Obj 2.6810235e+09 Primal inf 1.1366711e+09 (170544)
Clp0006I 148000  Obj 2.6915013e+09 Primal inf 1.1943846e+09 (173841)
Clp0006I 149000  Obj 2.703909e+09 Primal inf 1.6868097e+09 (205200)
Clp0006I 150000  Obj 2.7128645e+09 Primal inf 1.0533924e+09 (169483)
Clp0006I 151000  Obj 2.719875e+09 Primal inf 1.1109694e+09 (174008)
Clp0006I 152000  Obj 2.7272136e+09 Primal inf 1.0942566e+09 (174074)
Clp0006I 153000  Obj 2.7281655e+09 Primal inf 1.351133e+09 (171377)
Clp0006I 154000  Obj 2.7298691e+09 Primal inf 1.4389658e+09 (172145)
Clp0006I 155000  Obj 2.7313128e+09 Primal inf 1.7760255e+09 (171706)
Clp0006I 156000  Obj 2.7342765e+09 Primal inf 1.446681e+09 (173312)
Clp0006I 157000  Obj 2.735601e+09 Primal inf 1.6838886e+09 (171470)
Clp0006I 158000  Obj 2.7360493e+09 Primal inf 2.2828878e+09 (171507)
Clp0006I 159000  Obj 2.7374059e+09 Primal inf 1.477606e+09 (172599)
Clp0006I 160000  Obj 2.7395375e+09 Primal inf 1.6166283e+09 (173011)
Clp0006I 161000  Obj 2.7407718e+09 Primal inf 1.5837741e+09 (172113)
Clp0006I 162000  Obj 2.7421929e+09 Primal inf 1.3835452e+09 (172751)
Clp0006I 163000  Obj 2.7433497e+09 Primal inf 1.4323868e+09 (173221)
Clp0006I 164000  Obj 2.7445393e+09 Primal inf 1.5129951e+09 (172928)
Clp0006I 165000  Obj 2.7466126e+09 Primal inf 1.4624074e+09 (172987)
Clp0006I 166000  Obj 2.7477157e+09 Primal inf 1.6324106e+09 (173488)
Clp0006I 167000  Obj 2.7486133e+09 Primal inf 1.557672e+09 (173723)
Clp0006I 168000  Obj 2.7497403e+09 Primal inf 1.4101854e+09 (173582)
Clp0006I 169000  Obj 2.7509714e+09 Primal inf 1.4271283e+09 (173597)
Clp0006I 170000  Obj 2.7515288e+09 Primal inf 1.3738792e+09 (173714)
Clp0006I 171000  Obj 2.7523641e+09 Primal inf 1.3933816e+09 (173729)
Clp0006I 172000  Obj 2.7539657e+09 Primal inf 1.4973546e+09 (173511)
Clp0006I 173000  Obj 2.7559226e+09 Primal inf 2.340968e+09 (174047)
Clp0006I 174000  Obj 2.756904e+09 Primal inf 1.6722688e+09 (173780)
Clp0006I 175000  Obj 2.759807e+09 Primal inf 1.5681694e+09 (172731)
Clp0006I 176000  Obj 2.7850148e+09 Primal inf 1.3709223e+09 (172208)
Clp0006I 177000  Obj 2.7913749e+09 Primal inf 1.4188266e+09 (174443)
Clp0006I 178000  Obj 2.7970422e+09 Primal inf 1.9058437e+09 (171840)
Clp0006I 179000  Obj 2.8257095e+09 Primal inf 1.7237303e+09 (173100)
Clp0006I 180000  Obj 2.8376446e+09 Primal inf 1.8581678e+09 (171520)
Clp0006I 181000  Obj 2.8694983e+09 Primal inf 1.4788092e+09 (171136)
Clp0006I 182000  Obj 2.8890741e+09 Primal inf 2.3492798e+09 (195173)
Clp0006I 183000  Obj 2.9252376e+09 Primal inf 1.6669829e+09 (173118)
Clp0006I 184000  Obj 2.9533215e+09 Primal inf 1.9105574e+09 (194868)
Clp0006I 185000  Obj 2.9805063e+09 Primal inf 1.9950938e+09 (169905)
Clp0006I 186000  Obj 3.0199841e+09 Primal inf 2.2295102e+09 (169094)
Clp0006I 187000  Obj 3.0744591e+09 Primal inf 1.5601952e+09 (169641)
Clp0006I 188000  Obj 3.0942255e+09 Primal inf 1.8154954e+09 (169410)
Clp0006I 189000  Obj 3.1042999e+09 Primal inf 1.5665497e+09 (169447)
Clp0006I 190000  Obj 3.1078874e+09 Primal inf 1.6542495e+09 (170636)
Clp0006I 191000  Obj 3.1152814e+09 Primal inf 1.7328779e+09 (169864)
Clp0006I 192000  Obj 3.122663e+09 Primal inf 1.3957571e+09 (169649)
Clp0006I 193000  Obj 3.1283796e+09 Primal inf 1.5241366e+09 (171429)
Clp0006I 194000  Obj 3.1382157e+09 Primal inf 1.9295431e+09 (168957)
Clp0006I 195000  Obj 3.1603016e+09 Primal inf 1.8627292e+09 (177635)
Clp0006I 196000  Obj 3.1909572e+09 Primal inf 1.7281643e+09 (193330)
Clp0006I 197000  Obj 3.2092228e+09 Primal inf 1.979093e+09 (175663)
Clp0006I 198000  Obj 3.2315543e+09 Primal inf 1.7555721e+09 (174934)
Clp0006I 199000  Obj 3.2412275e+09 Primal inf 2.1204706e+09 (201384)
Clp0006I 200000  Obj 3.2482143e+09 Primal inf 1.4828859e+09 (175332)
Clp0006I 201000  Obj 3.2751213e+09 Primal inf 1.4919083e+09 (176954)
Clp0006I 202000  Obj 3.324371e+09 Primal inf 7.6066036e+09 (208280)
Clp0006I 203000  Obj 3.336411e+09 Primal inf 1.9309147e+09 (225368)
Clp0006I 204000  Obj 3.3502359e+09 Primal inf 1.6029997e+09 (181036)
Clp0006I 205000  Obj 3.3720899e+09 Primal inf 4.5793608e+09 (202512)
Clp0006I 206000  Obj 3.3836748e+09 Primal inf 2.6193838e+09 (174761)
Clp0006I 207000  Obj 3.4355993e+09 Primal inf 1.7027249e+09 (177904)
Clp0006I 208000  Obj 3.4568617e+09 Primal inf 1.7349251e+09 (175085)
Clp0006I 209000  Obj 3.4701641e+09 Primal inf 1.5307738e+09 (194669)
Clp0006I 210000  Obj 3.4924965e+09 Primal inf 1.3626141e+09 (168689)
Clp0006I 211000  Obj 3.501742e+09 Primal inf 1.5925816e+09 (173786)
Clp0006I 212000  Obj 3.5214143e+09 Primal inf 1.4799507e+09 (166681)
Clp0006I 213000  Obj 3.5280096e+09 Primal inf 1.7146987e+09 (167439)
Clp0006I 214000  Obj 3.5460555e+09 Primal inf 1.0964122e+10 (204905)
Clp0006I 215000  Obj 3.5636797e+09 Primal inf 3.9019133e+09 (177282)
Clp0006I 216000  Obj 3.5681583e+09 Primal inf 3.1137723e+09 (202121)
Clp0006I 217000  Obj 3.5786213e+09 Primal inf 2.039036e+09 (193442)
Clp0006I 218000  Obj 3.5838823e+09 Primal inf 2.3156847e+09 (197764)
Clp0006I 219000  Obj 3.5893214e+09 Primal inf 3.1655524e+09 (168792)
Clp0006I 220000  Obj 3.5940235e+09 Primal inf 2.729137e+09 (172584)
Clp0006I 221000  Obj 3.6058936e+09 Primal inf 3.334386e+09 (201663)
Clp0006I 222000  Obj 3.6112816e+09 Primal inf 2.1464177e+09 (201681)
Clp0006I 223000  Obj 3.614967e+09 Primal inf 2.5014805e+09 (200414)
Clp0006I 224000  Obj 3.6261912e+09 Primal inf 2.1889176e+09 (172964)
Clp0006I 225000  Obj 3.6614912e+09 Primal inf 1.681655e+09 (178324)
Clp0006I 226000  Obj 3.6688349e+09 Primal inf 2.8773043e+09 (171642)
Clp0006I 227000  Obj 3.6725576e+09 Primal inf 3.3978291e+09 (197823)
Clp0006I 228000  Obj 3.6813876e+09 Primal inf 2.3215165e+09 (165780)
Clp0006I 229000  Obj 3.6865656e+09 Primal inf 2.4369084e+09 (170958)
Clp0006I 230000  Obj 3.6904723e+09 Primal inf 2.567376e+09 (174541)
Clp0006I 231000  Obj 3.6949916e+09 Primal inf 2.5639578e+09 (198227)
Clp0006I 232000  Obj 3.6976643e+09 Primal inf 1.7539593e+09 (167228)
Clp0006I 233000  Obj 3.7032238e+09 Primal inf 1.9875348e+09 (165262)
Clp0006I 234000  Obj 3.7091161e+09 Primal inf 1.5650519e+09 (165780)
Clp0006I 235000  Obj 3.7140316e+09 Primal inf 3.6170698e+09 (198274)
Clp0006I 236000  Obj 3.7179017e+09 Primal inf 4.0389973e+10 (195736)
Clp0006I 237000  Obj 3.7314633e+09 Primal inf 1.0728615e+10 (203628)
Clp0006I 238000  Obj 3.7389075e+09 Primal inf 1.4536821e+09 (167255)
Clp0006I 239000  Obj 3.7551811e+09 Primal inf 2.2400064e+11 (207330)
Clp0006I 240000  Obj 3.7613017e+09 Primal inf 2.3280575e+09 (174964)
Clp0006I 241000  Obj 3.7650491e+09 Primal inf 6.6297727e+09 (233222)
Clp0006I 242000  Obj 3.7661743e+09 Primal inf 2.2069867e+09 (169817)
Clp0006I 243000  Obj 3.7670911e+09 Primal inf 4.2220614e+09 (233121)
Clp0006I 244000  Obj 3.781661e+09 Primal inf 2.4794474e+09 (172473)
Clp0006I 245000  Obj 3.792243e+09 Primal inf 2.746421e+09 (165495)
Clp0006I 246000  Obj 3.80373e+09 Primal inf 3.1049997e+09 (165795)
Clp0006I 247000  Obj 3.825595e+09 Primal inf 4.926736e+10 (216600)
Clp0006I 248000  Obj 3.8479151e+09 Primal inf 2.1506513e+09 (166833)
Clp0006I 249000  Obj 3.8517905e+09 Primal inf 2.7092224e+09 (173970)
Clp0006I 250000  Obj 3.8543134e+09 Primal inf 7.3139744e+09 (229113)
Clp0006I 251000  Obj 3.9059458e+09 Primal inf 2.6032593e+09 (168585)
Clp0006I 252000  Obj 3.9151856e+09 Primal inf 2.982405e+09 (173380)
Clp0006I 253000  Obj 3.9222501e+09 Primal inf 4.8852058e+09 (198768)
Clp0006I 254000  Obj 3.9727889e+09 Primal inf 1.7908704e+10 (204945)
Clp0006I 255000  Obj 4.0235096e+09 Primal inf 4.0661294e+09 (175220)
Clp0006I 256000  Obj 4.0410371e+09 Primal inf 8.5863333e+09 (178842)
Clp0006I 257000  Obj 4.0541726e+09 Primal inf 5.3399185e+09 (203314)
Clp0006I 258000  Obj 4.0620373e+09 Primal inf 6.0987406e+09 (203215)
Clp0006I 259000  Obj 4.1104543e+09 Primal inf 4.922785e+09 (202993)
Clp0006I 260000  Obj 4.1415046e+09 Primal inf 3.4841441e+09 (177448)
Clp0006I 261000  Obj 4.1993435e+09 Primal inf 2.1720008e+11 (215062)
Clp0006I 262000  Obj 4.3298887e+09 Primal inf 2.3033529e+10 (210449)
Clp0006I 263000  Obj 4.3767012e+09 Primal inf 2.5043626e+10 (204716)
Clp0006I 264000  Obj 4.4205904e+09 Primal inf 6.0736188e+09 (175815)
Clp0006I 265000  Obj 4.4352583e+09 Primal inf 5.3977869e+09 (179622)
Clp0006I 266000  Obj 4.5343646e+09 Primal inf 1.7810112e+11 (183880)
Clp0006I 267000  Obj 4.6147399e+09 Primal inf 5.926081e+09 (183771)
Clp0006I 268000  Obj 4.7490926e+09 Primal inf 3.8469523e+10 (238050)
Clp0006I 269000  Obj 4.8142049e+09 Primal inf 1.6304259e+10 (210282)
Clp0006I 270000  Obj 4.8917157e+09 Primal inf 9.3230097e+09 (214783)
Clp0006I 271000  Obj 5.0428169e+09 Primal inf 7.5958225e+09 (170963)
Clp0006I 272000  Obj 5.2310766e+09 Primal inf 4.4391799e+10 (200574)
Clp0006I 273000  Obj 5.4550186e+09 Primal inf 2.3458222e+10 (186788)
Clp0006I 274000  Obj 5.541922e+09 Primal inf 1.5259721e+10 (231466)
Clp0006I 275000  Obj 5.6651362e+09 Primal inf 7.9942249e+09 (177356)
Clp0006I 276000  Obj 5.8483781e+09 Primal inf 6.4178654e+09 (186059)
Clp0006I 277000  Obj 5.959973e+09 Primal inf 8.5957661e+09 (186626)
Clp0006I 278000  Obj 6.0749621e+09 Primal inf 2.1448308e+10 (180191)
Clp0006I 279000  Obj 6.1740767e+09 Primal inf 2.123233e+10 (186814)
Clp0006I 280000  Obj 6.2637374e+09 Primal inf 7.9964062e+09 (206063)
Clp0006I 281000  Obj 6.3121731e+09 Primal inf 2.0948348e+10 (208016)
Clp0006I 282000  Obj 6.4247967e+09 Primal inf 6.4359079e+09 (178757)
Clp0006I 283000  Obj 6.6308076e+09 Primal inf 7.0953832e+09 (182815)
Clp0006I 284000  Obj 6.8072484e+09 Primal inf 5.9151308e+09 (177765)
Clp0006I 285000  Obj 6.9855948e+09 Primal inf 8.0492436e+09 (229341)
Clp0006I 286000  Obj 7.1341998e+09 Primal inf 9.4381744e+09 (211763)
Clp0006I 287000  Obj 7.2362476e+09 Primal inf 3.791526e+09 (175096)
Clp0006I 288000  Obj 7.3132956e+09 Primal inf 3.5754966e+09 (199371)
Clp0006I 289000  Obj 7.3841957e+09 Primal inf 4.6466612e+10 (225406)
Clp0006I 290000  Obj 7.4728484e+09 Primal inf 1.1467528e+10 (230117)
Clp0006I 291000  Obj 7.562803e+09 Primal inf 1.1297053e+10 (213006)
Clp0006I 292000  Obj 7.6381334e+09 Primal inf 9.1167477e+09 (208697)
Clp0006I 293000  Obj 7.7275222e+09 Primal inf 5.1579969e+09 (235014)
Clp0006I 294000  Obj 7.7846975e+09 Primal inf 4.4340635e+10 (243909)
Clp0006I 295000  Obj 7.8432816e+09 Primal inf 1.8037312e+10 (220881)
Clp0006I 296000  Obj 7.9232779e+09 Primal inf 1.6674531e+10 (235694)
Clp0006I 297000  Obj 7.9821284e+09 Primal inf 7.3765716e+10 (250461)
Clp0006I 298000  Obj 8.0260687e+09 Primal inf 3.1027225e+11 (312185)
Clp0006I 299000  Obj 8.0838198e+09 Primal inf 3.6299426e+10 (252773)
Clp0006I 300000  Obj 8.1271235e+09 Primal inf 1.9748535e+10 (216379)
Clp0006I 301000  Obj 8.1609952e+09 Primal inf 1.7387944e+11 (242920)
Clp0006I 302000  Obj 8.1988285e+09 Primal inf 1.5956901e+10 (250115)
Clp0006I 303000  Obj 8.258626e+09 Primal inf 9.5803374e+10 (222636)
Clp0006I 304000  Obj 8.3371506e+09 Primal inf 2.3796009e+10 (232547)
Clp0006I 305000  Obj 8.3998803e+09 Primal inf 1.769352e+10 (212524)
Clp0006I 306000  Obj 8.4359054e+09 Primal inf 2.2642852e+10 (265537)
Clp0006I 307000  Obj 8.5303892e+09 Primal inf 1.8608721e+11 (256532)
Clp0006I 308000  Obj 8.6018605e+09 Primal inf 2.4898438e+10 (235532)
Clp0006I 309000  Obj 8.6511044e+09 Primal inf 3.4014705e+09 (219002)
Clp0006I 310000  Obj 8.7463816e+09 Primal inf 6.7086013e+10 (250213)
Clp0006I 311000  Obj 8.8215603e+09 Primal inf 8.6491459e+10 (207157)
Clp0006I 312000  Obj 8.9426298e+09 Primal inf 3.1510606e+10 (215045)
Clp0006I 313000  Obj 9.0346501e+09 Primal inf 1.74043e+10 (243733)
Clp0006I 314000  Obj 9.0861452e+09 Primal inf 6.583354e+10 (220953)
Clp0006I 315000  Obj 9.2136558e+09 Primal inf 4.1231685e+09 (202029)
Clp0006I 316000  Obj 9.308048e+09 Primal inf 5.3351346e+10 (263666)
Clp0006I 317000  Obj 9.3995496e+09 Primal inf 4.945857e+09 (207027)
Clp0006I 317893  Obj 9.4586553e+09 Primal inf 2.0516514e+12 (262449)
Clp0006I 318893  Obj 9.5253524e+09 Primal inf 1.1817982e+10 (246098)
Clp0006I 319893  Obj 9.5861471e+09 Primal inf 1.3955698e+10 (203661)
Clp0006I 320893  Obj 9.6420946e+09 Primal inf 4.8076784e+10 (260687)
Clp0006I 321893  Obj 9.7021549e+09 Primal inf 2.2390123e+10 (278586)
Clp0006I 322893  Obj 9.7668615e+09 Primal inf 2.09107e+10 (259633)
Clp0006I 323893  Obj 9.8082816e+09 Primal inf 6.0326679e+09 (220308)
Clp0006I 324893  Obj 9.8535231e+09 Primal inf 3.0997059e+10 (249328)
Clp0006I 325893  Obj 9.9150507e+09 Primal inf 3.0447842e+09 (189645)
Clp0006I 326893  Obj 9.9825174e+09 Primal inf 1.028497e+10 (216738)
Clp0006I 327893  Obj 1.0051552e+10 Primal inf 9.2730319e+09 (217301)
Clp0006I 328893  Obj 1.0112577e+10 Primal inf 5.1576578e+09 (225881)
Clp0006I 329893  Obj 1.0155729e+10 Primal inf 5.4745555e+09 (213184)
Clp0006I 330893  Obj 1.0206839e+10 Primal inf 2.2858589e+10 (258513)
Clp0006I 331893  Obj 1.025942e+10 Primal inf 5.5551013e+09 (231863)
Clp0006I 332893  Obj 1.0301518e+10 Primal inf 2.0070086e+10 (256612)
Clp0006I 333893  Obj 1.0351066e+10 Primal inf 7.1279792e+09 (226927)
Clp0006I 334893  Obj 1.0391003e+10 Primal inf 3.9556856e+09 (217903)
Clp0006I 335893  Obj 1.0445223e+10 Primal inf 5.6824681e+09 (222561)
Clp0006I 336893  Obj 1.0531911e+10 Primal inf 2.8596359e+10 (230494)
Clp0006I 337893  Obj 1.0574232e+10 Primal inf 4.0710915e+09 (199515)
Clp0006I 338893  Obj 1.0632854e+10 Primal inf 4.8794867e+09 (210686)
Clp0006I 339893  Obj 1.071067e+10 Primal inf 1.9779939e+10 (237337)
Clp0006I 340893  Obj 1.0781767e+10 Primal inf 3.8647435e+09 (258790)
Clp0006I 341893  Obj 1.0842251e+10 Primal inf 1.5283593e+10 (220898)
Clp0006I 342893  Obj 1.0898839e+10 Primal inf 9.81696e+09 (243106)
Clp0006I 343600  Obj 1.0944176e+10 Primal inf 6.2178747e+09 (223727)
Clp0006I 344600  Obj 1.0983243e+10 Primal inf 1.3674913e+10 (214382)
Clp0006I 345600  Obj 1.10272e+10 Primal inf 5.1796444e+09 (229048)
Clp0006I 346600  Obj 1.1059192e+10 Primal inf 1.4384743e+11 (230896)
Clp0006I 347508  Obj 1.1085513e+10 Primal inf 4.6014158e+09 (222923)
Clp0006I 348508  Obj 1.1151099e+10 Primal inf 6.2264576e+09 (236473)
Clp0006I 349508  Obj 1.1203184e+10 Primal inf 3.8245714e+09 (257666)
Clp0006I 350508  Obj 1.127326e+10 Primal inf 2.3104535e+10 (254129)
Clp0006I 351508  Obj 1.1291484e+10 Primal inf 1.8336004e+09 (196786)
Clp0006I 352508  Obj 1.1344942e+10 Primal inf 1.8450714e+10 (228643)
Clp0006I 353508  Obj 1.1408174e+10 Primal inf 4.5872062e+09 (218270)
Clp0006I 354508  Obj 1.1478099e+10 Primal inf 3.8120104e+09 (227996)
Clp0006I 355508  Obj 1.1528055e+10 Primal inf 2.5917776e+09 (202287)
Clp0006I 356508  Obj 1.1562076e+10 Primal inf 1.7531996e+09 (191472)
Clp0006I 357508  Obj 1.1596705e+10 Primal inf 5.3055346e+09 (226357)
Clp0006I 358508  Obj 1.1650714e+10 Primal inf 2.3589451e+09 (218345)
Clp0006I 359508  Obj 1.1698217e+10 Primal inf 1.2229982e+09 (212542)
Clp0006I 360508  Obj 1.1737527e+10 Primal inf 7.6964499e+09 (234984)
Clp0006I 361508  Obj 1.1761832e+10 Primal inf 1.594319e+09 (214745)
Clp0006I 362508  Obj 1.1919479e+10 Primal inf 1.9361373e+10 (268895)
Clp0006I 363508  Obj 1.1951552e+10 Primal inf 3.0043126e+10 (236283)
Clp0006I 364508  Obj 1.1973692e+10 Primal inf 6.9655733e+09 (239512)
Clp0006I 365508  Obj 1.2005433e+10 Primal inf 2.4880345e+10 (257698)
Clp0006I 366508  Obj 1.2028975e+10 Primal inf 1.8936282e+09 (197840)
Clp0006I 367508  Obj 1.2060237e+10 Primal inf 9.3394232e+09 (219148)
Clp0006I 368508  Obj 1.2101832e+10 Primal inf 3.079974e+09 (244066)
Clp0006I 369508  Obj 1.2160425e+10 Primal inf 5.3626193e+09 (257362)
Clp0006I 370508  Obj 1.2197298e+10 Primal inf 3.5554419e+10 (225858)
Clp0006I 371508  Obj 1.2230629e+10 Primal inf 2.5657506e+09 (228037)
Clp0006I 372508  Obj 1.2261783e+10 Primal inf 6.3922005e+09 (240840)
Clp0006I 373508  Obj 1.227842e+10 Primal inf 2.2630418e+10 (286496)
Clp0006I 374508  Obj 1.2302984e+10 Primal inf 4.634382e+09 (204278)
Clp0006I 375508  Obj 1.2334976e+10 Primal inf 1.3727207e+09 (213986)
Clp0006I 376508  Obj 1.2355578e+10 Primal inf 9.3868023e+09 (232370)
Clp0006I 377508  Obj 1.2368107e+10 Primal inf 2.0550181e+09 (222196)
Clp0006I 378508  Obj 1.2394896e+10 Primal inf 3.8723613e+09 (235459)
Clp0006I 379508  Obj 1.2401955e+10 Primal inf 8.9482573e+09 (256885)
Clp0006I 380508  Obj 1.2417929e+10 Primal inf 4.7344891e+09 (249345)
Clp0006I 381508  Obj 1.24452e+10 Primal inf 1.0121227e+09 (221945)
Clp0006I 382508  Obj 1.2462137e+10 Primal inf 1.2944132e+10 (250144)
Clp0006I 383508  Obj 1.2466239e+10 Primal inf 2.0100493e+09 (228968)
Clp0006I 384508  Obj 1.2490511e+10 Primal inf 2.0421142e+09 (229165)
Clp0006I 385508  Obj 1.249893e+10 Primal inf 2.368667e+10 (233959)
Clp0006I 386508  Obj 1.2504297e+10 Primal inf 1.0715998e+10 (257012)
Clp0006I 387508  Obj 1.2529873e+10 Primal inf 5.3715282e+09 (257059)
Clp0006I 388508  Obj 1.2566897e+10 Primal inf 2.220959e+09 (220791)
Clp0006I 389508  Obj 1.2578881e+10 Primal inf 1.3049896e+10 (239269)
Clp0006I 390508  Obj 1.2595739e+10 Primal inf 2.4860453e+09 (218520)
Clp0006I 391508  Obj 1.2628686e+10 Primal inf 3.0654065e+09 (217541)
Clp0006I 392508  Obj 1.2652721e+10 Primal inf 4.4144474e+09 (256273)
Clp0006I 393508  Obj 1.2659932e+10 Primal inf 3.5023122e+10 (259041)
Clp0006I 394508  Obj 1.2664278e+10 Primal inf 5.9364543e+09 (261436)
Clp0006I 395508  Obj 1.2669006e+10 Primal inf 3.9401765e+09 (232910)
Clp0006I 396508  Obj 1.2673563e+10 Primal inf 2.9813158e+10 (233028)
Clp0006I 397508  Obj 1.2680854e+10 Primal inf 2.4225019e+10 (237496)
Clp0006I 398508  Obj 1.2691692e+10 Primal inf 9.4056724e+09 (260216)
Clp0006I 399508  Obj 1.2696562e+10 Primal inf 1.3095687e+09 (218854)
Clp0006I 400508  Obj 1.2705131e+10 Primal inf 1.3995774e+09 (216893)
Clp0006I 401508  Obj 1.2719506e+10 Primal inf 3.1958894e+10 (258287)
Clp0006I 402508  Obj 1.2730213e+10 Primal inf 5.9584467e+09 (226206)
Clp0006I 403508  Obj 1.2748338e+10 Primal inf 8.4681698e+09 (239625)
Clp0006I 404508  Obj 1.2754762e+10 Primal inf 3.2242283e+10 (239348)
Clp0006I 405508  Obj 1.2762133e+10 Primal inf 1.2413597e+10 (211930)
Clp0006I 406508  Obj 1.2783566e+10 Primal inf 2.3339287e+10 (212881)
Clp0006I 407508  Obj 1.2803121e+10 Primal inf 3.6091662e+09 (237343)
Clp0006I 408508  Obj 1.2814396e+10 Primal inf 7.0253847e+08 (188390)
Clp0006I 409508  Obj 1.2827851e+10 Primal inf 1.1721503e+09 (215175)
Clp0006I 410508  Obj 1.283387e+10 Primal inf 2.0839202e+09 (215027)
Clp0006I 411508  Obj 1.2839039e+10 Primal inf 6.1318586e+09 (233268)
Clp0006I 412508  Obj 1.2842021e+10 Primal inf 5.5369757e+09 (242324)
Clp0006I 413508  Obj 1.2849587e+10 Primal inf 3.5468474e+09 (207942)
Clp0006I 414508  Obj 1.2852115e+10 Primal inf 3.6181127e+09 (208727)
Clp0006I 415508  Obj 1.2860971e+10 Primal inf 3.4241367e+09 (219823)
Clp0006I 416508  Obj 1.2864866e+10 Primal inf 3.6215277e+09 (209176)
Clp0006I 417508  Obj 1.2878347e+10 Primal inf 1.9027169e+09 (223406)
Clp0006I 418508  Obj 1.2883207e+10 Primal inf 1.6458515e+09 (202551)
Clp0006I 419508  Obj 1.2886726e+10 Primal inf 1.0196313e+09 (193484)
Clp0006I 420508  Obj 1.2892525e+10 Primal inf 4.5055453e+09 (219695)
Clp0006I 421508  Obj 1.2901115e+10 Primal inf 1.0820011e+09 (197517)
Clp0006I 422508  Obj 1.2905082e+10 Primal inf 3.3852911e+09 (217427)
Clp0006I 423508  Obj 1.2912061e+10 Primal inf 3.5998601e+09 (237838)
Clp0006I 424508  Obj 1.291969e+10 Primal inf 3.077423e+10 (239944)
Clp0006I 425508  Obj 1.2924973e+10 Primal inf 8.4881114e+08 (201400)
Clp0006I 426508  Obj 1.2933528e+10 Primal inf 2.989066e+09 (216533)
Clp0006I 427508  Obj 1.294672e+10 Primal inf 9.9390367e+09 (216329)
Clp0006I 428508  Obj 1.295877e+10 Primal inf 2.1278137e+09 (197184)
Clp0006I 429508  Obj 1.296331e+10 Primal inf 7.1008263e+08 (188770)
Clp0006I 430508  Obj 1.2978637e+10 Primal inf 1.0460813e+09 (187391)
Clp0006I 431508  Obj 1.2991163e+10 Primal inf 1.4070052e+09 (193640)
Clp0006I 432508  Obj 1.3004603e+10 Primal inf 4.8368413e+09 (227056)
Clp0006I 433508  Obj 1.3007024e+10 Primal inf 9.429401e+08 (197747)
Clp0006I 434508  Obj 1.3019812e+10 Primal inf 1.8483804e+10 (233814)
Clp0006I 435508  Obj 1.3032177e+10 Primal inf 5.7132371e+09 (226450)
Clp0006I 436508  Obj 1.3038416e+10 Primal inf 6.7149427e+08 (186374)
Clp0006I 437508  Obj 1.3046578e+10 Primal inf 8.8840567e+08 (211074)
Clp0006I 438508  Obj 1.3050605e+10 Primal inf 8.5986933e+08 (205312)
Clp0006I 439508  Obj 1.3054866e+10 Primal inf 4.6530166e+09 (242951)
Clp0006I 440508  Obj 1.3067821e+10 Primal inf 2.6221379e+09 (228805)
Clp0006I 441508  Obj 1.3078269e+10 Primal inf 3.7944562e+09 (211246)
Clp0006I 442508  Obj 1.3086293e+10 Primal inf 7.4305683e+09 (242828)
Clp0006I 443508  Obj 1.31013e+10 Primal inf 8.1357199e+08 (188725)
Clp0006I 444508  Obj 1.3110057e+10 Primal inf 8.1193221e+09 (233494)
Clp0006I 445508  Obj 1.3115374e+10 Primal inf 1.9919263e+09 (236753)
Clp0006I 446508  Obj 1.312272e+10 Primal inf 4.8315351e+09 (248542)
Clp0006I 447508  Obj 1.313282e+10 Primal inf 3.0839825e+09 (248179)
Clp0006I 448508  Obj 1.3135906e+10 Primal inf 6.7501017e+08 (185943)
Clp0006I 449508  Obj 1.3145041e+10 Primal inf 1.530154e+09 (237868)
Clp0006I 450508  Obj 1.3151674e+10 Primal inf 1.2534417e+09 (221401)
Clp0006I 451508  Obj 1.3158104e+10 Primal inf 7.2886556e+09 (227025)
Clp0006I 452508  Obj 1.3169326e+10 Primal inf 8.8934745e+08 (192394)
Clp0006I 453508  Obj 1.3177267e+10 Primal inf 1.0964137e+09 (220445)
Clp0006I 454508  Obj 1.3187292e+10 Primal inf 1.0790939e+09 (189527)
Clp0006I 455508  Obj 1.3192498e+10 Primal inf 2.7043754e+09 (203437)
Clp0006I 456508  Obj 1.3196083e+10 Primal inf 9.5932044e+08 (194287)
Clp0006I 457508  Obj 1.3204308e+10 Primal inf 1.5510167e+09 (198098)
Clp0006I 458508  Obj 1.3210252e+10 Primal inf 1.136539e+09 (195346)
Clp0006I 459508  Obj 1.3219612e+10 Primal inf 1.0123651e+10 (206068)
Clp0006I 460508  Obj 1.3223074e+10 Primal inf 1.0768051e+09 (225055)
Clp0006I 461508  Obj 1.323022e+10 Primal inf 1.2351288e+09 (221599)
Clp0006I 462508  Obj 1.3237712e+10 Primal inf 2.3335674e+09 (212462)
Clp0006I 463508  Obj 1.324224e+10 Primal inf 1.1558119e+09 (210737)
Clp0006I 464508  Obj 1.3247802e+10 Primal inf 8.2222926e+08 (207244)
Clp0006I 465508  Obj 1.3257273e+10 Primal inf 1.4967152e+09 (223325)
Clp0006I 466508  Obj 1.3274443e+10 Primal inf 1.7092395e+10 (235227)
Clp0006I 467508  Obj 1.3283496e+10 Primal inf 8.1315124e+08 (196253)
Clp0006I 468508  Obj 1.3293558e+10 Primal inf 2.2384671e+09 (231872)
Clp0006I 469508  Obj 1.3306918e+10 Primal inf 1.7687992e+09 (198502)
Clp0006I 470508  Obj 1.3312142e+10 Primal inf 1.4065266e+09 (224884)
Clp0006I 471508  Obj 1.331992e+10 Primal inf 1.5629e+09 (200868)
Clp0006I 472508  Obj 1.3324458e+10 Primal inf 2.1127254e+09 (225047)
Clp0006I 473508  Obj 1.3332364e+10 Primal inf 1.684208e+09 (200351)
Clp0006I 474508  Obj 1.333902e+10 Primal inf 6.4183387e+09 (215491)
Clp0006I 475508  Obj 1.3343133e+10 Primal inf 1.0593024e+09 (209384)
Clp0006I 476508  Obj 1.3350506e+10 Primal inf 1.0438265e+09 (206772)
Clp0006I 477508  Obj 1.3357255e+10 Primal inf 1.217627e+09 (232718)
Clp0006I 478508  Obj 1.3361613e+10 Primal inf 1.4596924e+09 (235175)
Clp0006I 479508  Obj 1.3371036e+10 Primal inf 3.1553461e+09 (244324)
Clp0006I 480508  Obj 1.3374889e+10 Primal inf 5.0749185e+09 (243045)
Clp0006I 481508  Obj 1.3385568e+10 Primal inf 2.8604333e+09 (230014)
Clp0006I 482508  Obj 1.3392335e+10 Primal inf 4.6738345e+10 (245205)
Clp0006I 483508  Obj 1.3396273e+10 Primal inf 1.954e+11 (288364)
Clp0006I 484508  Obj 1.3401213e+10 Primal inf 2.6800183e+09 (239294)
Clp0006I 485508  Obj 1.3408242e+10 Primal inf 8.9121385e+10 (264306)
Clp0006I 486508  Obj 1.3416877e+10 Primal inf 1.2484287e+11 (237152)
Clp0006I 487508  Obj 1.3417983e+10 Primal inf 3.0200738e+10 (214684)
Clp0006I 488508  Obj 1.3419574e+10 Primal inf 1.4320403e+10 (269977)
Clp0006I 489508  Obj 1.3425218e+10 Primal inf 2.7486987e+10 (212326)
Clp0006I 490508  Obj 1.3430936e+10 Primal inf 2.0911459e+10 (233594)
Clp0006I 491508  Obj 1.3435904e+10 Primal inf 1.6727701e+10 (256091)
Clp0006I 492508  Obj 1.3444421e+10 Primal inf 1.4426227e+10 (257478)
Clp0006I 493508  Obj 1.3454229e+10 Primal inf 5.5307759e+10 (247975)
Clp0006I 494508  Obj 1.3459457e+10 Primal inf 2.4496014e+10 (263262)
Clp0006I 495508  Obj 1.3467597e+10 Primal inf 1.0470139e+11 (248098)
Clp0006I 496508  Obj 1.3484798e+10 Primal inf 4.2516292e+10 (283822)
Clp0006I 497508  Obj 1.3491434e+10 Primal inf 3.5680169e+10 (277152)
Clp0006I 498508  Obj 1.3499512e+10 Primal inf 5.9877566e+10 (303198)
Clp0006I 499508  Obj 1.3502898e+10 Primal inf 1.8423502e+10 (268818)
Clp0006I 500508  Obj 1.350823e+10 Primal inf 4.5704565e+10 (320069)
Clp0006I 501508  Obj 1.3514181e+10 Primal inf 2.1494924e+10 (337112)
Clp0006I 502508  Obj 1.3516063e+10 Primal inf 1.3123537e+10 (250055)
Clp0006I 503508  Obj 1.3518579e+10 Primal inf 4.9687853e+10 (296461)
Clp0006I 504508  Obj 1.3573973e+10 Primal inf 4.6640012e+11 (334599)
Clp0006I 505508  Obj 1.3585678e+10 Primal inf 1.1986275e+11 (292726)
Clp0006I 506508  Obj 1.359653e+10 Primal inf 1.1698072e+13 (313004)
Clp0006I 507508  Obj 1.3615183e+10 Primal inf 3.408858e+10 (319924)
Clp0006I 508508  Obj 1.3628725e+10 Primal inf 2.283672e+11 (293152)
Clp0006I 509508  Obj 1.3636839e+10 Primal inf 5.1667666e+11 (301439)
Clp0006I 510508  Obj 1.36442e+10 Primal inf 8.3520694e+10 (337530)
Clp0006I 511508  Obj 1.3695191e+10 Primal inf 5.1331699e+11 (316578)
Clp0006I 512508  Obj 1.3698011e+10 Primal inf 7.3190488e+10 (303970)
Clp0006I 513508  Obj 1.3703592e+10 Primal inf 8.5230302e+10 (313872)
Clp0006I 514508  Obj 1.370825e+10 Primal inf 8.8442101e+10 (307338)
Clp0006I 515508  Obj 1.371196e+10 Primal inf 1.1815931e+10 (302290)
Clp0006I 516508  Obj 1.3718039e+10 Primal inf 1.2570748e+10 (255192)
Clp0006I 517508  Obj 1.3725482e+10 Primal inf 4.62053e+11 (288515)
Clp0006I 518508  Obj 1.3727865e+10 Primal inf 9.725746e+09 (269322)
Clp0006I 519508  Obj 1.373108e+10 Primal inf 5.9908963e+09 (337380)
Clp0006I 520508  Obj 1.3732889e+10 Primal inf 8.4661128e+10 (337126)
Clp0006I 521508  Obj 1.3736107e+10 Primal inf 5.695075e+10 (337363)
Clp0006I 522508  Obj 1.3738985e+10 Primal inf 1.313899e+10 (285916)
Clp0006I 523508  Obj 1.3742092e+10 Primal inf 4.6687146e+10 (312439)
Clp0006I 524508  Obj 1.374812e+10 Primal inf 1.4339723e+11 (353487)
Clp0006I 525508  Obj 1.3756126e+10 Primal inf 5.7590708e+10 (313839)
Clp0006I 526508  Obj 1.3758495e+10 Primal inf 1.2861357e+10 (345999)
Clp0006I 527508  Obj 1.3767895e+10 Primal inf 4.2608795e+09 (240662)
Clp0006I 528508  Obj 1.3773707e+10 Primal inf 3.0563047e+10 (303813)
Clp0006I 529508  Obj 1.3777214e+10 Primal inf 1.4340559e+10 (339711)
Clp0006I 530508  Obj 1.3783358e+10 Primal inf 3.6109478e+09 (224256)
Clp0006I 531508  Obj 1.3797742e+10 Primal inf 4.5226652e+09 (256348)
Clp0006I 532508  Obj 1.3805309e+10 Primal inf 1.2848153e+10 (309382)
Clp0006I 533508  Obj 1.3818448e+10 Primal inf 3.0139107e+11 (342483)
Clp0006I 534508  Obj 1.383857e+10 Primal inf 3.4512725e+11 (312507)
Clp0006I 535508  Obj 1.3843917e+10 Primal inf 1.2881962e+10 (333815)
Clp0006I 536508  Obj 1.3868866e+10 Primal inf 1.4969406e+11 (261387)
Clp0006I 537508  Obj 1.3878206e+10 Primal inf 9.3022383e+10 (304495)
Clp0006I 538508  Obj 1.3892746e+10 Primal inf 2.8957521e+10 (279554)
Clp0006I 539508  Obj 1.3901767e+10 Primal inf 4.1614896e+10 (363948)
Clp0006I 540508  Obj 1.3908241e+10 Primal inf 4.1536314e+10 (336237)
Clp0006I 541508  Obj 1.3920534e+10 Primal inf 1.5329064e+11 (312334)
Clp0006I 542508  Obj 1.3933324e+10 Primal inf 3.5084896e+10 (292807)
Clp0006I 543508  Obj 1.3939218e+10 Primal inf 3.2369104e+09 (284709)
Clp0006I 544508  Obj 1.3942531e+10 Primal inf 5.5340858e+10 (304214)
Clp0006I 545508  Obj 1.3958565e+10 Primal inf 1.7258961e+10 (276873)
Clp0006I 546508  Obj 1.3964103e+10 Primal inf 2.6238908e+10 (310206)
Clp0006I 547508  Obj 1.3974765e+10 Primal inf 4.6985336e+10 (272515)
Clp0006I 548508  Obj 1.3982677e+10 Primal inf 2.9369613e+11 (341756)
Clp0006I 549508  Obj 1.3994225e+10 Primal inf 2.9767148e+10 (306036)
Clp0006I 550508  Obj 1.3996947e+10 Primal inf 6.1781048e+10 (373166)
Clp0006I 551508  Obj 1.4000939e+10 Primal inf 1.7296263e+10 (268632)
Clp0006I 552508  Obj 1.4003793e+10 Primal inf 1.5079039e+10 (272848)
Clp0006I 553508  Obj 1.4006707e+10 Primal inf 1.1804775e+10 (293822)
Clp0006I 554508  Obj 1.4009455e+10 Primal inf 1.5166923e+10 (324458)
Clp0006I 555508  Obj 1.40229e+10 Primal inf 2.0830974e+11 (325743)
Clp0006I 556508  Obj 1.4036327e+10 Primal inf 2.9650611e+11 (325566)
Clp0006I 557508  Obj 1.4039817e+10 Primal inf 1.4905569e+10 (316342)
Clp0006I 558508  Obj 1.4041863e+10 Primal inf 1.291499e+10 (334332)
Clp0006I 559508  Obj 1.4048835e+10 Primal inf 1.8773065e+10 (287278)
Clp0006I 560508  Obj 1.4064361e+10 Primal inf 3.7518377e+10 (315529)
Clp0006I 561508  Obj 1.4087742e+10 Primal inf 6.2941345e+10 (291432)
Clp0006I 562508  Obj 1.4106337e+10 Primal inf 2.5062157e+10 (316402)
Clp0006I 563508  Obj 1.4121572e+10 Primal inf 3.331652e+10 (320233)
Clp0006I 564508  Obj 1.4127107e+10 Primal inf 2.3929079e+11 (369920)
Clp0006I 565508  Obj 1.4134226e+10 Primal inf 4.3332054e+09 (298126)
Clp0006I 566508  Obj 1.414652e+10 Primal inf 1.9404505e+09 (233907)
Clp0006I 567508  Obj 1.416335e+10 Primal inf 9.3831247e+10 (343102)
Clp0006I 568508  Obj 1.4182855e+10 Primal inf 4.012437e+10 (269738)
Clp0006I 569508  Obj 1.4196108e+10 Primal inf 1.1402154e+10 (293993)
Clp0006I 570508  Obj 1.4203466e+10 Primal inf 1.1931702e+09 (213386)
Clp0006I 571508  Obj 1.4214847e+10 Primal inf 1.8756055e+10 (291441)
Clp0006I 572508  Obj 1.4225817e+10 Primal inf 9.539151e+09 (280830)
Clp0006I 573508  Obj 1.4237178e+10 Primal inf 3.7920897e+10 (332698)
Clp0006I 574508  Obj 1.4242064e+10 Primal inf 1.1772704e+10 (293629)
Clp0006I 575508  Obj 1.4249457e+10 Primal inf 1.4994185e+10 (343084)
Clp0006I 576508  Obj 1.4253988e+10 Primal inf 6.8205828e+10 (274361)
Clp0006I 577508  Obj 1.4264294e+10 Primal inf 3.4288529e+11 (280549)
Clp0006I 578508  Obj 1.4269059e+10 Primal inf 1.4430399e+11 (348654)
Clp0006I 579508  Obj 1.427648e+10 Primal inf 3.2434371e+11 (350083)
Clp0006I 580508  Obj 1.4282199e+10 Primal inf 1.4427934e+11 (331050)
Clp0006I 581508  Obj 1.4287291e+10 Primal inf 1.990447e+11 (305427)
Clp0006I 582508  Obj 1.4294088e+10 Primal inf 1.7767676e+11 (329015)
Clp0006I 583508  Obj 1.4299692e+10 Primal inf 1.1538828e+11 (341204)
Clp0006I 584508  Obj 1.430534e+10 Primal inf 3.1877861e+11 (297556)
Clp0006I 585508  Obj 1.4315167e+10 Primal inf 5.7823068e+10 (343779)
Clp0006I 586508  Obj 1.4323588e+10 Primal inf 7.1886206e+11 (326974)
Clp0006I 587508  Obj 1.4329949e+10 Primal inf 2.8136483e+11 (318221)
Clp0006I 588508  Obj 1.4334537e+10 Primal inf 2.5588031e+10 (300668)
Clp0006I 589508  Obj 1.4341941e+10 Primal inf 1.3861216e+09 (280230)
Clp0006I 590508  Obj 1.4355014e+10 Primal inf 4.27848e+10 (306616)
Clp0006I 591508  Obj 1.4362629e+10 Primal inf 7.2675816e+10 (284149)
Clp0006I 592508  Obj 1.4369842e+10 Primal inf 8.3267328e+10 (337750)
Clp0006I 593508  Obj 1.4375526e+10 Primal inf 5.7259948e+10 (327246)
Clp0006I 594508  Obj 1.4409887e+10 Primal inf 3.7936569e+10 (310720)
Clp0006I 595508  Obj 1.4420331e+10 Primal inf 2.0364514e+10 (287395)
Clp0006I 596508  Obj 1.4434441e+10 Primal inf 6.3376533e+10 (270514)
Clp0006I 597508  Obj 1.4441227e+10 Primal inf 1.2833816e+11 (329687)
Clp0006I 598508  Obj 1.4448535e+10 Primal inf 5.3667134e+10 (302727)
Clp0006I 599508  Obj 1.44539e+10 Primal inf 6.0980414e+10 (303947)
Clp0006I 600508  Obj 1.4460554e+10 Primal inf 1.5100801e+10 (327622)
Clp0006I 601508  Obj 1.447149e+10 Primal inf 9.5698389e+09 (246362)
Clp0006I 602508  Obj 1.4482479e+10 Primal inf 4.0614259e+10 (356023)
Clp0006I 603508  Obj 1.4495269e+10 Primal inf 5.1276339e+09 (327923)
Clp0006I 604508  Obj 1.450419e+10 Primal inf 2.4270886e+10 (317587)
Clp0006I 605508  Obj 1.4513275e+10 Primal inf 4.427853e+09 (327472)
Clp0006I 606508  Obj 1.4521238e+10 Primal inf 1.4075947e+11 (370223)
Clp0006I 607508  Obj 1.4529307e+10 Primal inf 7.063347e+10 (345630)
Clp0006I 608508  Obj 1.4541431e+10 Primal inf 5.17861e+10 (374483)
Clp0006I 609508  Obj 1.455603e+10 Primal inf 4.9955794e+10 (350977)
Clp0006I 610508  Obj 1.4568521e+10 Primal inf 3.1274867e+09 (247848)
Clp0006I 611508  Obj 1.4576838e+10 Primal inf 1.6899934e+10 (319945)
Clp0006I 612508  Obj 1.4582618e+10 Primal inf 7.9747477e+10 (330379)
Clp0006I 613508  Obj 1.4596077e+10 Primal inf 4.6646806e+11 (314066)
Clp0006I 614508  Obj 1.4603155e+10 Primal inf 2.3800612e+11 (297687)
Clp0006I 615508  Obj 1.4615842e+10 Primal inf 3.2803895e+11 (339477)
Clp0006I 616508  Obj 1.4626828e+10 Primal inf 7.454484e+10 (334672)
Clp0006I 617508  Obj 1.4638871e+10 Primal inf 1.0992978e+10 (272676)
Clp0006I 618508  Obj 1.4652287e+10 Primal inf 1.3053518e+11 (341308)
Clp0006I 619508  Obj 1.466422e+10 Primal inf 1.0781002e+10 (288063)
Clp0006I 620508  Obj 1.4680274e+10 Primal inf 9.0987119e+09 (276754)
Clp0006I 621508  Obj 1.4691194e+10 Primal inf 1.7686123e+11 (315711)
Clp0006I 622508  Obj 1.470643e+10 Primal inf 1.1032531e+11 (295269)
Clp0006I 623508  Obj 1.4721135e+10 Primal inf 1.6039536e+11 (285617)
Clp0006I 624508  Obj 1.4735182e+10 Primal inf 2.7837936e+10 (323531)
Clp0006I 625508  Obj 1.4740561e+10 Primal inf 5.6023559e+10 (337613)
Clp0006I 626508  Obj 1.4747877e+10 Primal inf 8.0281057e+10 (342270)
Clp0006I 627508  Obj 1.4765419e+10 Primal inf 1.0691317e+11 (338545)
Clp0006I 628508  Obj 1.4794063e+10 Primal inf 6.2775605e+10 (296299)
Clp0006I 629508  Obj 1.4801441e+10 Primal inf 2.503737e+10 (348431)
Clp0006I 630508  Obj 1.4807091e+10 Primal inf 1.7487668e+10 (355351)
Clp0006I 631508  Obj 1.4811556e+10 Primal inf 1.5072106e+10 (268145)
Clp0006I 632508  Obj 1.4814976e+10 Primal inf 9.7034454e+09 (290593)
Clp0006I 633508  Obj 1.4823048e+10 Primal inf 1.0776029e+11 (321946)
Clp0006I 634508  Obj 1.4833659e+10 Primal inf 1.2600831e+10 (365286)
Clp0006I 635508  Obj 1.4848221e+10 Primal inf 1.2321735e+10 (264437)
Clp0006I 636508  Obj 1.485419e+10 Primal inf 4.2244095e+10 (284958)
Clp0006I 637508  Obj 1.4863781e+10 Primal inf 1.0157948e+11 (326535)
Clp0006I 638508  Obj 1.4877287e+10 Primal inf 1.1950492e+10 (304167)
Clp0006I 639508  Obj 1.488327e+10 Primal inf 2.0468289e+10 (334034)
Clp0006I 640508  Obj 1.4887654e+10 Primal inf 4.5001359e+10 (305794)
Clp0006I 641508  Obj 1.4892266e+10 Primal inf 4.2816837e+09 (327420)
Clp0006I 642508  Obj 1.490148e+10 Primal inf 7.6618396e+11 (366154)
Clp0006I 643508  Obj 1.4911616e+10 Primal inf 1.5117876e+10 (327139)
Clp0006I 644508  Obj 1.4921634e+10 Primal inf 1.7489006e+10 (346997)
Clp0006I 645508  Obj 1.4931325e+10 Primal inf 2.6607794e+10 (362690)
Clp0006I 646508  Obj 1.4935727e+10 Primal inf 1.1921089e+10 (311966)
Clp0006I 647508  Obj 1.4941503e+10 Primal inf 6.6945748e+09 (312614)
Clp0006I 648508  Obj 1.4952943e+10 Primal inf 6.3241827e+10 (348528)
Clp0006I 649508  Obj 1.4971271e+10 Primal inf 4.9807353e+09 (297299)
Clp0006I 650508  Obj 1.4982982e+10 Primal inf 5.4158813e+10 (369109)
Clp0006I 651508  Obj 1.4996997e+10 Primal inf 1.7153804e+11 (379229)
Clp0006I 652508  Obj 1.5008861e+10 Primal inf 4.502678e+10 (335083)
Clp0006I 653508  Obj 1.5022336e+10 Primal inf 3.6851916e+10 (363588)
Clp0006I 654508  Obj 1.5031431e+10 Primal inf 2.37978e+10 (359496)
Clp0006I 655508  Obj 1.5041337e+10 Primal inf 5.6277977e+10 (312809)
Clp0006I 656508  Obj 1.5049438e+10 Primal inf 5.3458424e+10 (356726)
Clp0006I 657508  Obj 1.5054685e+10 Primal inf 2.2999747e+11 (347430)
Clp0006I 658508  Obj 1.5067191e+10 Primal inf 5.1022897e+10 (359421)
Clp0006I 659508  Obj 1.5084085e+10 Primal inf 7.4858237e+09 (338196)
Clp0006I 660508  Obj 1.5097963e+10 Primal inf 3.8329556e+10 (329641)
Clp0006I 661508  Obj 1.5115063e+10 Primal inf 4.0944338e+10 (309865)
Clp0006I 662508  Obj 1.5130163e+10 Primal inf 1.3467017e+11 (311560)
Clp0006I 663508  Obj 1.514904e+10 Primal inf 1.1569549e+11 (292733)
Clp0006I 664508  Obj 1.5169184e+10 Primal inf 2.0363591e+12 (339455)
Clp0006I 665508  Obj 1.5184324e+10 Primal inf 1.0490855e+11 (334493)
Clp0006I 666508  Obj 1.5197554e+10 Primal inf 1.363186e+10 (406991)
Clp0006I 667508  Obj 1.5217251e+10 Primal inf 4.0774353e+10 (335281)
Clp0006I 668508  Obj 1.5225712e+10 Primal inf 8.6054172e+10 (399738)
Clp0006I 669508  Obj 1.5234691e+10 Primal inf 1.945181e+11 (382723)
Clp0006I 670508  Obj 1.5247353e+10 Primal inf 2.8945217e+10 (408907)
Clp0006I 671508  Obj 1.5255071e+10 Primal inf 7.3696005e+10 (363599)
Clp0006I 672508  Obj 1.5269801e+10 Primal inf 6.11056e+10 (327954)
Clp0006I 673508  Obj 1.5283818e+10 Primal inf 7.7480954e+09 (308658)
Clp0006I 674508  Obj 1.5291869e+10 Primal inf 1.2836583e+10 (316841)
Clp0006I 675508  Obj 1.5308845e+10 Primal inf 2.6401298e+10 (315087)
Clp0006I 676508  Obj 1.5326772e+10 Primal inf 2.2349399e+10 (331800)
Clp0006I 677508  Obj 1.5343648e+10 Primal inf 1.7270965e+12 (380468)
Clp0006I 678508  Obj 1.5355273e+10 Primal inf 4.2217656e+10 (334148)
Clp0006I 679508  Obj 1.5365028e+10 Primal inf 6.14499e+09 (297287)
Clp0006I 680508  Obj 1.5389518e+10 Primal inf 9.3551605e+10 (371036)
Clp0006I 681508  Obj 1.5414735e+10 Primal inf 4.4989438e+12 (285243)
Clp0006I 682508  Obj 1.5421296e+10 Primal inf 1.3048129e+12 (323588)
Clp0006I 683508  Obj 1.5433411e+10 Primal inf 2.1383925e+10 (334569)
Clp0006I 684508  Obj 1.5443063e+10 Primal inf 7.9876549e+09 (300533)
Clp0006I 685508  Obj 1.5452786e+10 Primal inf 8.0474566e+10 (371864)
Clp0006I 686508  Obj 1.5462117e+10 Primal inf 3.6639833e+10 (363348)
Clp0006I 687508  Obj 1.5471819e+10 Primal inf 8.714457e+11 (334302)
Clp0006I 688508  Obj 1.548801e+10 Primal inf 1.3425199e+10 (395077)
Clp0006I 689508  Obj 1.5500939e+10 Primal inf 1.6180242e+10 (335289)
Clp0006I 690508  Obj 1.5513381e+10 Primal inf 2.0696963e+10 (348587)
Clp0006I 691508  Obj 1.5525731e+10 Primal inf 2.1085202e+10 (395155)
Clp0006I 692508  Obj 1.55348e+10 Primal inf 2.9317369e+10 (294288)
Clp0006I 693508  Obj 1.5538574e+10 Primal inf 2.3057434e+10 (260688)
Clp0006I 694508  Obj 1.5547044e+10 Primal inf 7.3795255e+10 (308656)
Clp0006I 695508  Obj 1.5559461e+10 Primal inf 3.8791259e+10 (324768)
Clp0006I 696508  Obj 1.557192e+10 Primal inf 3.7839986e+10 (316725)
Clp0006I 697508  Obj 1.5585788e+10 Primal inf 1.3604302e+11 (341973)
Clp0006I 698508  Obj 1.5605617e+10 Primal inf 3.5037439e+10 (368840)
Clp0006I 699508  Obj 1.5623617e+10 Primal inf 5.6268033e+10 (311850)
Clp0006I 700508  Obj 1.5643072e+10 Primal inf 3.0548477e+11 (366166)
Clp0006I 701508  Obj 1.5662469e+10 Primal inf 5.5814193e+10 (283594)
Clp0006I 702508  Obj 1.5667654e+10 Primal inf 7.2019649e+10 (382865)
Clp0006I 703508  Obj 1.568287e+10 Primal inf 6.6727977e+10 (311394)
Clp0006I 704508  Obj 1.5690833e+10 Primal inf 4.0439364e+11 (292354)
Clp0006I 705508  Obj 1.5719292e+10 Primal inf 2.6752535e+10 (261260)
Clp0006I 706508  Obj 1.5748413e+10 Primal inf 3.7230271e+11 (339670)
Clp0006I 707508  Obj 1.5761678e+10 Primal inf 1.3479224e+10 (319648)
Clp0006I 708508  Obj 1.5771084e+10 Primal inf 7.1527028e+10 (347546)
Clp0006I 709508  Obj 1.5785268e+10 Primal inf 3.5057813e+10 (327818)
Clp0006I 710508  Obj 1.5795039e+10 Primal inf 2.5850641e+11 (411140)
Clp0006I 711508  Obj 1.5804727e+10 Primal inf 2.1329366e+11 (450902)
Clp0006I 712508  Obj 1.5817342e+10 Primal inf 6.1502994e+10 (376641)
Clp0006I 713508  Obj 1.5822929e+10 Primal inf 3.7637371e+10 (370225)
Clp0006I 714508  Obj 1.5837107e+10 Primal inf 7.0578009e+10 (367865)
Clp0006I 715508  Obj 1.585198e+10 Primal inf 1.8068549e+10 (375163)
Clp0006I 716508  Obj 1.5868435e+10 Primal inf 6.1169587e+10 (324772)
Clp0006I 717508  Obj 1.5890236e+10 Primal inf 4.8488652e+11 (412458)
Clp0006I 718508  Obj 1.5901603e+10 Primal inf 9.0768299e+09 (305199)
Clp0006I 719508  Obj 1.5919409e+10 Primal inf 2.0631832e+11 (342542)
Clp0006I 720508  Obj 1.5942533e+10 Primal inf 1.3529051e+11 (329853)
Clp0006I 721508  Obj 1.5960159e+10 Primal inf 1.2842153e+10 (345971)
Clp0006I 722508  Obj 1.5981387e+10 Primal inf 1.0713337e+11 (370242)
Clp0006I 723508  Obj 1.599826e+10 Primal inf 1.3920204e+12 (346708)
Clp0006I 724508  Obj 1.6094476e+10 Primal inf 8.2097301e+11 (344229)
Clp0006I 725157  Obj 1.6105288e+10 Primal inf 5.8137341e+11 (379049)
Clp0006I 726157  Obj 1.6132287e+10 Primal inf 2.8305873e+10 (295597)
Clp0006I 727157  Obj 1.614454e+10 Primal inf 2.2062633e+10 (298562)
Clp0006I 728157  Obj 1.6156385e+10 Primal inf 7.1690741e+10 (358867)
Clp0006I 729157  Obj 1.6164676e+10 Primal inf 1.3332061e+10 (367897)
Clp0006I 730157  Obj 1.6169237e+10 Primal inf 3.267744e+10 (369303)
Clp0006I 731157  Obj 1.6170486e+10 Primal inf 3.6390582e+10 (304741)
Clp0006I 732157  Obj 1.6174417e+10 Primal inf 2.6067118e+09 (274828)
Clp0006I 733157  Obj 1.6177184e+10 Primal inf 1.2807074e+10 (328999)
Clp0006I 734157  Obj 1.6178818e+10 Primal inf 8.4459865e+09 (328104)
Clp0006I 735157  Obj 1.6187228e+10 Primal inf 2.4688227e+11 (361287)
Clp0006I 736157  Obj 1.6193331e+10 Primal inf 2.4105585e+11 (333178)
Clp0006I 737157  Obj 1.6202833e+10 Primal inf 2.5612648e+11 (280016)
Clp0006I 738157  Obj 1.6210563e+10 Primal inf 2.1001607e+10 (307469)
Clp0006I 739157  Obj 1.622289e+10 Primal inf 4.7881305e+10 (305648)
Clp0006I 740157  Obj 1.6235049e+10 Primal inf 1.1874393e+10 (310474)
Clp0006I 741157  Obj 1.6248734e+10 Primal inf 2.0037838e+10 (320086)
Clp0006I 742157  Obj 1.6260237e+10 Primal inf 1.3054557e+11 (355769)
Clp0006I 743157  Obj 1.6269704e+10 Primal inf 3.4322051e+10 (332611)
Clp0006I 744157  Obj 1.6278844e+10 Primal inf 1.1370346e+11 (321448)
Clp0006I 745157  Obj 1.6283863e+10 Primal inf 9.5172932e+10 (349609)
Clp0006I 746157  Obj 1.6285624e+10 Primal inf 1.763438e+10 (311606)
Clp0006I 747157  Obj 1.6290494e+10 Primal inf 5.2356065e+10 (300926)
Clp0006I 748157  Obj 1.6301019e+10 Primal inf 1.1822923e+10 (269913)
Clp0006I 749157  Obj 1.6314181e+10 Primal inf 4.1823222e+10 (344551)
Clp0006I 750157  Obj 1.6326894e+10 Primal inf 1.5365654e+11 (330540)
Clp0006I 751157  Obj 1.6344403e+10 Primal inf 8.6663945e+10 (267498)
Clp0006I 751861  Obj 1.6350791e+10 Primal inf 9.3074079e+10 (318528)
Clp0006I 752861  Obj 1.6357882e+10 Primal inf 2.2275871e+10 (346822)
Clp0006I 753861  Obj 1.6398149e+10 Primal inf 1.9990151e+10 (273013)
Clp0006I 754861  Obj 1.6412095e+10 Primal inf 2.4834251e+10 (306855)
Clp0006I 755861  Obj 1.6418104e+10 Primal inf 2.6920277e+10 (329892)
Clp0006I 756861  Obj 1.6421046e+10 Primal inf 4.1781166e+11 (322346)
Clp0006I 757861  Obj 1.6428386e+10 Primal inf 2.008053e+09 (286709)
Clp0006I 758861  Obj 1.6444144e+10 Primal inf 9.7587915e+09 (342766)
Clp0006I 759861  Obj 1.6465394e+10 Primal inf 4.8817777e+10 (366915)
Clp0006I 760861  Obj 1.6484702e+10 Primal inf 5.2954602e+10 (386857)
Clp0006I 761861  Obj 1.6493033e+10 Primal inf 1.7690572e+10 (316236)
Clp0006I 762861  Obj 1.6499579e+10 Primal inf 2.9745754e+10 (380674)
Clp0006I 763861  Obj 1.6513287e+10 Primal inf 4.736402e+10 (325899)
Clp0006I 764861  Obj 1.6526867e+10 Primal inf 4.6110454e+10 (314394)
Clp0006I 765861  Obj 1.6536989e+10 Primal inf 8.040595e+09 (271101)
Clp0006I 766861  Obj 1.6555542e+10 Primal inf 1.7686336e+10 (351578)
Clp0006I 767861  Obj 1.6569309e+10 Primal inf 3.1852456e+10 (336764)
Clp0006I 768861  Obj 1.6575949e+10 Primal inf 4.1484808e+10 (330336)
Clp0006I 769861  Obj 1.6589428e+10 Primal inf 3.7065782e+10 (305881)
Clp0006I 770861  Obj 1.6603135e+10 Primal inf 1.2971583e+11 (384637)
Clp0006I 771861  Obj 1.661386e+10 Primal inf 6.544021e+10 (361190)
Clp0006I 772822  Obj 1.6671095e+10 Primal inf 1.4229421e+12 (286639)
Clp0006I 773822  Obj 1.6683244e+10 Primal inf 2.888418e+10 (382468)
Clp0006I 774822  Obj 1.6694996e+10 Primal inf 8.1820914e+10 (364333)
Clp0006I 775822  Obj 1.6703434e+10 Primal inf 3.8509931e+10 (347501)
Clp0006I 776822  Obj 1.6712901e+10 Primal inf 1.7162125e+10 (319782)
Clp0006I 777822  Obj 1.6721327e+10 Primal inf 1.4427882e+10 (349737)
Clp0006I 778822  Obj 1.6730132e+10 Primal inf 1.0691544e+11 (316033)
Clp0006I 779822  Obj 1.6736934e+10 Primal inf 4.5979368e+10 (332437)
Clp0006I 780822  Obj 1.6744888e+10 Primal inf 2.6335431e+11 (355849)
Clp0006I 781822  Obj 1.6755466e+10 Primal inf 2.3258572e+10 (309750)
Clp0006I 782822  Obj 1.6766282e+10 Primal inf 6.0113504e+10 (315444)
Clp0006I 783822  Obj 1.6775346e+10 Primal inf 5.3040536e+09 (308946)
Clp0006I 784822  Obj 1.6785018e+10 Primal inf 1.2900227e+11 (284218)
Clp0006I 785822  Obj 1.6787326e+10 Primal inf 2.9794955e+10 (343005)
Clp0006I 786822  Obj 1.6792207e+10 Primal inf 9.927932e+09 (285546)
Clp0006I 787822  Obj 1.680128e+10 Primal inf 1.0401147e+10 (380940)
Clp0006I 788822  Obj 1.6822148e+10 Primal inf 7.5641841e+10 (369119)
Clp0006I 789822  Obj 1.6839563e+10 Primal inf 3.5313131e+10 (310415)
Clp0006I 790822  Obj 1.6848654e+10 Primal inf 1.9104987e+10 (371330)
Clp0006I 791822  Obj 1.6861187e+10 Primal inf 9.1188062e+09 (340437)
Clp0006I 792822  Obj 1.6866593e+10 Primal inf 1.371761e+11 (348977)
Clp0006I 793822  Obj 1.6872338e+10 Primal inf 1.8624413e+10 (370929)
Clp0006I 794822  Obj 1.688379e+10 Primal inf 2.1707515e+10 (373326)
Clp0006I 795822  Obj 1.6891301e+10 Primal inf 1.6769579e+10 (332956)
Clp0006I 796822  Obj 1.6898904e+10 Primal inf 4.647944e+11 (406832)
Clp0006I 797822  Obj 1.6912875e+10 Primal inf 8.273406e+09 (318010)
Clp0006I 798822  Obj 1.6919357e+10 Primal inf 2.3664241e+10 (337318)
Clp0006I 799822  Obj 1.6924568e+10 Primal inf 4.8702971e+11 (356159)
Clp0006I 800822  Obj 1.6930169e+10 Primal inf 1.4182457e+10 (347856)
Clp0006I 801822  Obj 1.6937875e+10 Primal inf 1.3159135e+10 (330993)
Clp0006I 802822  Obj 1.6945487e+10 Primal inf 1.1224866e+10 (351201)
Clp0006I 803822  Obj 1.6952113e+10 Primal inf 6.0124398e+09 (320544)
Clp0006I 804822  Obj 1.6963789e+10 Primal inf 7.22534e+10 (343337)
Clp0006I 805822  Obj 1.6976679e+10 Primal inf 2.3091373e+10 (318865)
Clp0006I 806822  Obj 1.6983437e+10 Primal inf 4.1625345e+10 (325021)
Clp0006I 807822  Obj 1.6992928e+10 Primal inf 4.8233386e+10 (357129)
Clp0006I 808822  Obj 1.7001384e+10 Primal inf 1.6124313e+11 (383777)
Clp0006I 809822  Obj 1.7017756e+10 Primal inf 2.5470704e+11 (353947)
Clp0006I 810822  Obj 1.7026192e+10 Primal inf 9.5277239e+08 (239720)
Clp0006I 811822  Obj 1.7034315e+10 Primal inf 2.2560379e+10 (327747)
Clp0006I 812822  Obj 1.7042168e+10 Primal inf 5.2297644e+09 (330337)
Clp0006I 813822  Obj 1.7047598e+10 Primal inf 4.2956516e+09 (295297)
Clp0006I 814822  Obj 1.705445e+10 Primal inf 2.5735316e+10 (343285)
Clp0006I 815822  Obj 1.7063318e+10 Primal inf 3.1570831e+10 (326665)
Clp0006I 816822  Obj 1.7073295e+10 Primal inf 3.1950867e+10 (328386)
Clp0006I 817822  Obj 1.7078717e+10 Primal inf 1.2034876e+10 (286313)
Clp0006I 818822  Obj 1.7083686e+10 Primal inf 2.0480381e+10 (335350)
Clp0006I 819822  Obj 1.7096107e+10 Primal inf 2.4906457e+10 (351374)
Clp0006I 820822  Obj 1.7106864e+10 Primal inf 1.0975833e+10 (332135)
Clp0006I 821822  Obj 1.7120392e+10 Primal inf 4.6517483e+10 (345719)
Clp0006I 822822  Obj 1.7126615e+10 Primal inf 2.5760834e+10 (309920)
Clp0006I 823822  Obj 1.713519e+10 Primal inf 1.1589902e+10 (338895)
Clp0006I 824822  Obj 1.7142441e+10 Primal inf 3.1005538e+10 (362108)
Clp0006I 825822  Obj 1.7149505e+10 Primal inf 8.4522188e+09 (233592)
Clp0006I 826822  Obj 1.71583e+10 Primal inf 9.6399421e+09 (335656)
Clp0006I 827822  Obj 1.7165748e+10 Primal inf 6.0356897e+09 (322573)
Clp0006I 828822  Obj 1.7170767e+10 Primal inf 1.4048376e+10 (265460)
Clp0006I 829822  Obj 1.7179614e+10 Primal inf 8.7078504e+10 (302654)
Clp0006I 830822  Obj 1.7187324e+10 Primal inf 1.5310726e+11 (333370)
Clp0006I 831822  Obj 1.7196873e+10 Primal inf 2.128993e+10 (361917)
Clp0006I 832822  Obj 1.7203265e+10 Primal inf 8.1798392e+09 (366637)
Clp0006I 833822  Obj 1.721125e+10 Primal inf 3.9922989e+10 (349218)
Clp0006I 834822  Obj 1.724243e+10 Primal inf 2.0383385e+11 (363590)
Clp0006I 835822  Obj 1.7264222e+10 Primal inf 6.0373863e+10 (303970)
Clp0006I 836822  Obj 1.7273677e+10 Primal inf 1.3021129e+10 (347352)
Clp0006I 837822  Obj 1.7283065e+10 Primal inf 1.2630173e+11 (366659)
Clp0006I 838822  Obj 1.7291375e+10 Primal inf 5.4493165e+10 (324338)
Clp0006I 839822  Obj 1.7298509e+10 Primal inf 2.4313873e+10 (317864)
Clp0006I 840822  Obj 1.73069e+10 Primal inf 2.0834911e+10 (283465)
Clp0006I 841822  Obj 1.7315147e+10 Primal inf 3.8124609e+10 (309558)
Clp0006I 842822  Obj 1.7324221e+10 Primal inf 1.0209233e+10 (289203)
Clp0006I 843822  Obj 1.7334828e+10 Primal inf 5.0709196e+09 (284728)
Clp0006I 844822  Obj 1.7343893e+10 Primal inf 1.6365237e+09 (272079)
Clp0006I 845822  Obj 1.7351766e+10 Primal inf 2.8373205e+10 (389899)
Clp0006I 846822  Obj 1.7368383e+10 Primal inf 6.6096839e+10 (313346)
Clp0006I 847822  Obj 1.7377005e+10 Primal inf 3.8640414e+10 (384167)
Clp0006I 848822  Obj 1.7382647e+10 Primal inf 3.5578794e+10 (312866)
Clp0006I 849822  Obj 1.7393793e+10 Primal inf 6.5259431e+10 (353070)
Clp0006I 850822  Obj 1.7427198e+10 Primal inf 1.3546285e+11 (342740)
Clp0006I 851822  Obj 1.7439189e+10 Primal inf 6.0979718e+09 (280846)
Clp0006I 852822  Obj 1.7447355e+10 Primal inf 6.9232455e+09 (308720)
Clp0006I 853822  Obj 1.7456785e+10 Primal inf 1.6900515e+12 (346418)
Clp0006I 854822  Obj 1.7462569e+10 Primal inf 2.672631e+09 (262695)
Clp0006I 855822  Obj 1.7471711e+10 Primal inf 1.7499016e+10 (328353)
Clp0006I 856822  Obj 1.7478211e+10 Primal inf 1.6263277e+10 (348879)
Clp0006I 857822  Obj 1.7486579e+10 Primal inf 1.0285604e+10 (329680)
Clp0006I 858822  Obj 1.7499315e+10 Primal inf 3.6663045e+09 (255866)
Clp0006I 859822  Obj 1.750444e+10 Primal inf 3.4424874e+09 (307482)
Clp0006I 860822  Obj 1.7510802e+10 Primal inf 1.9724114e+10 (361637)
Clp0006I 861822  Obj 1.7519835e+10 Primal inf 2.4126914e+10 (304371)
Clp0006I 862822  Obj 1.7530165e+10 Primal inf 3.1380054e+10 (330777)
Clp0006I 863822  Obj 1.7540897e+10 Primal inf 1.8301608e+10 (310215)
Clp0006I 864822  Obj 1.7552816e+10 Primal inf 4.2004193e+10 (318543)
Clp0006I 865822  Obj 1.7564173e+10 Primal inf 7.1137638e+09 (308382)
Clp0006I 866822  Obj 1.7573248e+10 Primal inf 3.3284738e+10 (349052)
Clp0006I 867822  Obj 1.7582748e+10 Primal inf 8.767392e+09 (279760)
Clp0006I 868822  Obj 1.7589022e+10 Primal inf 4.5552933e+09 (294639)
Clp0006I 869822  Obj 1.7598821e+10 Primal inf 2.2000782e+10 (356445)
Clp0006I 870822  Obj 1.7606134e+10 Primal inf 7.1739571e+09 (317563)
Clp0006I 871822  Obj 1.7614865e+10 Primal inf 1.3724424e+11 (398845)
Clp0006I 872822  Obj 1.7626257e+10 Primal inf 3.6411799e+10 (363712)
Clp0006I 873822  Obj 1.7643761e+10 Primal inf 1.3943472e+10 (386051)
Clp0006I 874822  Obj 1.765132e+10 Primal inf 3.7799576e+10 (368815)
Clp0006I 875822  Obj 1.7660666e+10 Primal inf 3.1341527e+10 (394373)
Clp0006I 876822  Obj 1.7691877e+10 Primal inf 2.1024809e+10 (352909)
Clp0006I 877822  Obj 1.7701282e+10 Primal inf 1.4437299e+10 (345461)
Clp0006I 878822  Obj 1.7712238e+10 Primal inf 2.1196996e+09 (287969)
Clp0006I 879822  Obj 1.7725545e+10 Primal inf 1.3133752e+10 (368452)
Clp0006I 880822  Obj 1.7736592e+10 Primal inf 3.9191783e+10 (362324)
Clp0006I 881822  Obj 1.7746948e+10 Primal inf 3.4248339e+10 (381052)
Clp0006I 882822  Obj 1.7759702e+10 Primal inf 7.6208901e+09 (370882)
Clp0006I 883822  Obj 1.7767083e+10 Primal inf 5.4344104e+09 (325319)
Clp0006I 884822  Obj 1.7778803e+10 Primal inf 2.3966141e+10 (279009)
Clp0006I 885822  Obj 1.7789816e+10 Primal inf 1.3068561e+10 (359018)
Clp0006I 886822  Obj 1.779784e+10 Primal inf 9.2610552e+10 (343951)
Clp0006I 887822  Obj 1.7812237e+10 Primal inf 2.893776e+10 (364280)
Clp0006I 888561  Obj 1.7822252e+10 Primal inf 3.7963662e+10 (403384)
Clp0006I 889561  Obj 1.7831172e+10 Primal inf 1.9715538e+10 (286344)
Clp0006I 890561  Obj 1.7841968e+10 Primal inf 4.6190867e+10 (308151)
Clp0006I 891561  Obj 1.785019e+10 Primal inf 1.5720113e+10 (331650)
Clp0006I 892561  Obj 1.7856852e+10 Primal inf 8.4065843e+09 (272701)
Clp0006I 893561  Obj 1.7864975e+10 Primal inf 5.211567e+09 (278179)
Clp0006I 894561  Obj 1.7873967e+10 Primal inf 6.3831667e+10 (308372)
Clp0006I 895561  Obj 1.7884713e+10 Primal inf 2.729844e+10 (297083)
Clp0006I 896561  Obj 1.7893744e+10 Primal inf 9.4053525e+10 (310369)
Clp0006I 897561  Obj 1.7905247e+10 Primal inf 5.4980665e+09 (311240)
Clp0006I 898561  Obj 1.7912865e+10 Primal inf 1.8238466e+09 (237591)
Clp0006I 899561  Obj 1.7920538e+10 Primal inf 3.5571948e+09 (308024)
Clp0006I 900561  Obj 1.7936596e+10 Primal inf 2.2877411e+11 (311089)
Clp0006I 901561  Obj 1.7952114e+10 Primal inf 1.5138689e+10 (353808)
Clp0006I 902561  Obj 1.7969644e+10 Primal inf 1.3947464e+10 (352807)
Clp0006I 903561  Obj 1.7978549e+10 Primal inf 4.5832366e+09 (334347)
Clp0006I 904561  Obj 1.7986147e+10 Primal inf 2.3731191e+10 (348209)
Clp0006I 905561  Obj 1.7991634e+10 Primal inf 3.3562464e+09 (301128)
Clp0006I 906561  Obj 1.7995979e+10 Primal inf 7.1993417e+09 (304539)
Clp0006I 907561  Obj 1.8008512e+10 Primal inf 4.6032323e+08 (211106)
Clp0006I 908561  Obj 1.802872e+10 Primal inf 4.0501772e+09 (299623)
Clp0006I 909561  Obj 1.8043782e+10 Primal inf 6.0879481e+09 (395850)
Clp0006I 910561  Obj 1.8056387e+10 Primal inf 8.1713502e+09 (395553)
Clp0006I 911561  Obj 1.8068302e+10 Primal inf 1.3284281e+11 (351568)
Clp0006I 912561  Obj 1.8080016e+10 Primal inf 2.9886702e+10 (338423)
Clp0006I 913561  Obj 1.8091291e+10 Primal inf 6.3063842e+09 (327818)
Clp0006I 914561  Obj 1.8096056e+10 Primal inf 3.8186282e+10 (344812)
Clp0006I 915561  Obj 1.8106579e+10 Primal inf 1.6181402e+10 (329579)
Clp0006I 916561  Obj 1.8116465e+10 Primal inf 6.4277899e+09 (324095)
Clp0006I 917561  Obj 1.812391e+10 Primal inf 5.8504609e+09 (304719)
Clp0006I 918561  Obj 1.8131731e+10 Primal inf 4.7221876e+09 (317046)
Clp0006I 919561  Obj 1.8148356e+10 Primal inf 2.2681851e+10 (412719)
Clp0006I 920561  Obj 1.8176395e+10 Primal inf 2.6556799e+10 (383552)
Clp0006I 921561  Obj 1.8185241e+10 Primal inf 2.1041205e+09 (287116)
Clp0006I 922561  Obj 1.8192597e+10 Primal inf 5.7894322e+09 (367578)
Clp0006I 923561  Obj 1.8200032e+10 Primal inf 1.2989019e+09 (259996)
Clp0006I 924561  Obj 1.8209763e+10 Primal inf 6.7259526e+12 (386709)
Clp0006I 925561  Obj 1.821918e+10 Primal inf 3.9712624e+10 (264795)
Clp0006I 926561  Obj 1.8225583e+10 Primal inf 1.9862969e+11 (337686)
Clp0006I 927561  Obj 1.8233059e+10 Primal inf 7.7264764e+12 (348866)
Clp0006I 928561  Obj 1.8240632e+10 Primal inf 1.1565629e+10 (301976)
Clp0006I 929561  Obj 1.824767e+10 Primal inf 3.1029454e+10 (392879)
Clp0006I 930561  Obj 1.8253857e+10 Primal inf 7.0203755e+10 (295100)
Clp0006I 931561  Obj 1.8261353e+10 Primal inf 4.7673158e+10 (349368)
Clp0006I 932561  Obj 1.8271447e+10 Primal inf 1.7476992e+10 (344207)
Clp0006I 933561  Obj 1.8278935e+10 Primal inf 5.1191049e+09 (349962)
Clp0006I 934561  Obj 1.8285685e+10 Primal inf 2.9133893e+09 (290509)
Clp0006I 935561  Obj 1.8291208e+10 Primal inf 4.2331444e+09 (342471)
Clp0006I 936561  Obj 1.8302671e+10 Primal inf 1.6393368e+10 (317421)
Clp0006I 937560  Obj 1.8309754e+10 Primal inf 1.2918031e+10 (311592)
Clp0006I 938560  Obj 1.8315753e+10 Primal inf 3.5518557e+09 (298201)
Clp0006I 939560  Obj 1.832077e+10 Primal inf 9.3283647e+09 (291385)
Clp0006I 940560  Obj 1.8326098e+10 Primal inf 1.5227324e+09 (276970)
Clp0006I 941560  Obj 1.8333146e+10 Primal inf 1.4019542e+10 (394269)
Clp0006I 942560  Obj 1.8350874e+10 Primal inf 5.5121495e+10 (322131)
Clp0006I 943560  Obj 1.8355266e+10 Primal inf 3.5002078e+09 (310946)
Clp0006I 944560  Obj 1.8364007e+10 Primal inf 1.2379794e+10 (280952)
Clp0006I 945236  Obj 1.8367494e+10 Primal inf 6.607713e+09 (330230)
Clp0006I 946236  Obj 1.8371104e+10 Primal inf 1.5705368e+10 (289247)
Clp0006I 947236  Obj 1.8377148e+10 Primal inf 1.967222e+09 (310344)
Clp0006I 948236  Obj 1.8383873e+10 Primal inf 4.1494597e+10 (262405)
Clp0006I 949236  Obj 1.8391001e+10 Primal inf 3.8464162e+09 (335273)
Clp0006I 950236  Obj 1.8405606e+10 Primal inf 6.0082254e+09 (381098)
Clp0006I 951236  Obj 1.8415095e+10 Primal inf 1.3263937e+11 (374845)
Clp0006I 952236  Obj 1.8420665e+10 Primal inf 1.9054339e+10 (366542)
Clp0006I 953236  Obj 1.8426621e+10 Primal inf 7.815925e+08 (312277)
Clp0006I 954236  Obj 1.8431472e+10 Primal inf 1.3488621e+09 (341915)
Clp0006I 955236  Obj 1.8437406e+10 Primal inf 8.5027563e+09 (324620)
Clp0006I 956236  Obj 1.8447725e+10 Primal inf 8.473277e+10 (379833)
Clp0006I 957236  Obj 1.8452227e+10 Primal inf 1.2934808e+10 (326541)
Clp0006I 958236  Obj 1.8456972e+10 Primal inf 1.8802993e+10 (357483)
Clp0006I 959236  Obj 1.8460683e+10 Primal inf 8.6674317e+09 (324255)
Clp0006I 960236  Obj 1.846432e+10 Primal inf 2.5354205e+10 (331375)
Clp0006I 961236  Obj 1.8469151e+10 Primal inf 1.2510532e+09 (266603)
Clp0006I 962236  Obj 1.8471968e+10 Primal inf 6.921514e+09 (305540)
Clp0006I 963236  Obj 1.8474775e+10 Primal inf 6.9471698e+08 (231051)
Clp0006I 964236  Obj 1.847829e+10 Primal inf 3.101852e+10 (376844)
Clp0006I 965236  Obj 1.8483001e+10 Primal inf 8.7657212e+09 (333117)
Clp0006I 966223  Obj 1.8487333e+10 Primal inf 2.6748979e+10 (417245)
Clp0006I 967223  Obj 1.8491718e+10 Primal inf 6.6825408e+09 (326156)
Clp0006I 968223  Obj 1.8495622e+10 Primal inf 1.1277016e+09 (282913)
Clp0006I 969223  Obj 1.8499131e+10 Primal inf 2.3399584e+09 (254835)
Clp0006I 970223  Obj 1.8505416e+10 Primal inf 4.5483775e+10 (363937)
Clp0006I 971223  Obj 1.8512445e+10 Primal inf 6.3165935e+09 (363520)
Clp0006I 972223  Obj 1.8516066e+10 Primal inf 3.2017859e+10 (413327)
Clp0006I 973223  Obj 1.8519915e+10 Primal inf 4.5814132e+10 (374562)
Clp0006I 974223  Obj 1.8522444e+10 Primal inf 1.0584442e+10 (376716)
Clp0006I 975223  Obj 1.8530594e+10 Primal inf 3.9622964e+09 (293237)
Clp0006I 975976  Obj 1.8535177e+10 Primal inf 5.8547669e+09 (286094)
Clp0006I 976976  Obj 1.8538386e+10 Primal inf 4.2857671e+10 (323786)
Clp0006I 977976  Obj 1.8543538e+10 Primal inf 3.4870256e+09 (290501)
Clp0006I 978976  Obj 1.8550852e+10 Primal inf 1.0682733e+10 (400404)
Clp0006I 979976  Obj 1.8556765e+10 Primal inf 4.654697e+09 (326714)
Clp0006I 980976  Obj 1.856634e+10 Primal inf 5.5455369e+09 (433790)
Clp0006I 981976  Obj 1.8570585e+10 Primal inf 9.5532926e+09 (429449)
Clp0006I 982976  Obj 1.8577648e+10 Primal inf 3.1952289e+09 (281244)
Clp0006I 983976  Obj 1.8579935e+10 Primal inf 3.9679322e+09 (343208)
Clp0006I 984976  Obj 1.8581946e+10 Primal inf 4.3253133e+10 (383661)
Clp0006I 985976  Obj 1.8589364e+10 Primal inf 3.262355e+09 (270288)
Clp0006I 986976  Obj 1.8604532e+10 Primal inf 4.5565142e+09 (337458)
Clp0006I 987976  Obj 1.8610896e+10 Primal inf 1.7803297e+09 (265252)
Clp0006I 988976  Obj 1.8614181e+10 Primal inf 7.4126072e+09 (337201)
Clp0006I 989976  Obj 1.8617574e+10 Primal inf 2.9085617e+09 (314981)
Clp0006I 990976  Obj 1.862324e+10 Primal inf 4.8009207e+10 (421911)
Clp0006I 991976  Obj 1.8637435e+10 Primal inf 4.1441639e+09 (340610)
Clp0006I 992708  Obj 1.8640425e+10 Primal inf 9.0011552e+09 (296122)
Clp0006I 993708  Obj 1.8681903e+10 Primal inf 1.5058711e+10 (299012)
Clp0006I 994509  Obj 1.8695253e+10 Primal inf 3.9906886e+09 (320957)
Clp0006I 995509  Obj 1.869791e+10 Primal inf 3.2844219e+10 (265788)
Clp0006I 996509  Obj 1.8702467e+10 Primal inf 7.6568931e+08 (331526)
Clp0006I 997509  Obj 1.8713168e+10 Primal inf 7.1831626e+08 (271084)
Clp0006I 998509  Obj 1.8721769e+10 Primal inf 4.5154263e+09 (325636)
Clp0006I 999509  Obj 1.8727699e+10 Primal inf 8.6509701e+09 (342610)
Clp0006I 1000509  Obj 1.8730079e+10 Primal inf 1.0251884e+10 (405665)
Clp0006I 1001509  Obj 1.8733769e+10 Primal inf 1.9808818e+10 (424372)
Clp0006I 1002509  Obj 1.8736227e+10 Primal inf 5.4442166e+09 (376259)
Clp0006I 1003509  Obj 1.8741778e+10 Primal inf 1.8442898e+09 (376499)
Clp0006I 1004509  Obj 1.8753003e+10 Primal inf 1.2818813e+09 (310860)
Clp0006I 1005509  Obj 1.8767868e+10 Primal inf 4.1331036e+08 (210061)
Clp0006I 1006509  Obj 1.8776478e+10 Primal inf 5.040147e+08 (222771)
Clp0006I 1007509  Obj 1.8785214e+10 Primal inf 2.6766261e+09 (330865)
Clp0006I 1008509  Obj 1.8796919e+10 Primal inf 2.2003333e+08 (259432)
Clp0006I 1009509  Obj 1.8810433e+10 Primal inf 5.3323416e+08 (277511)
Clp0006I 1010509  Obj 1.8814461e+10 Primal inf 2.3569342e+09 (384911)
Clp0006I 1011509  Obj 1.8816901e+10 Primal inf 4.7369734e+09 (352290)
Clp0006I 1012509  Obj 1.8819861e+10 Primal inf 1.2366012e+09 (258325)
Clp0006I 1013302  Obj 1.8823138e+10 Primal inf 4.079665e+09 (245361)
Clp0006I 1014302  Obj 1.882738e+10 Primal inf 4.983953e+09 (295475)
Clp0006I 1015302  Obj 1.8834144e+10 Primal inf 1.2341748e+09 (315248)
Clp0006I 1016302  Obj 1.8839409e+10 Primal inf 3.122631e+09 (306970)
Clp0006I 1017302  Obj 1.8847722e+10 Primal inf 4.3480342e+09 (360067)
Clp0006I 1018302  Obj 1.8859112e+10 Primal inf 2.3445929e+09 (318757)
Clp0006I 1019302  Obj 1.8867476e+10 Primal inf 1.1648678e+10 (429493)
Clp0006I 1020302  Obj 1.8901877e+10 Primal inf 1.0391501e+09 (320034)
Clp0006I 1021302  Obj 1.8918829e+10 Primal inf 7.3434986e+08 (245067)
Clp0006I 1022302  Obj 1.8929658e+10 Primal inf 2.5452825e+09 (341796)
Clp0006I 1023302  Obj 1.8935907e+10 Primal inf 3.7950987e+09 (283039)
Clp0006I 1024302  Obj 1.8939838e+10 Primal inf 8.4813378e+08 (289213)
Clp0006I 1025302  Obj 1.8943839e+10 Primal inf 2.7678348e+09 (370842)
Clp0006I 1026302  Obj 1.8954228e+10 Primal inf 1.5113285e+09 (283372)
Clp0006I 1027302  Obj 1.8966492e+10 Primal inf 9.4496195e+08 (262437)
Clp0006I 1028302  Obj 1.8984211e+10 Primal inf 6.6905543e+08 (243814)
Clp0006I 1029285  Obj 1.899113e+10 Primal inf 5.5195769e+09 (337670)
Clp0006I 1030285  Obj 1.8993587e+10 Primal inf 1.6079075e+09 (347759)
Clp0006I 1031285  Obj 1.8996029e+10 Primal inf 2.6804624e+09 (325152)
Clp0006I 1032285  Obj 1.9000932e+10 Primal inf 9.6599942e+09 (338161)
Clp0006I 1033285  Obj 1.9008377e+10 Primal inf 1.2408964e+09 (318421)
Clp0006I 1034285  Obj 1.9012372e+10 Primal inf 3.2069459e+09 (276029) Dual inf 3.9380878e-10 (1)
Clp0006I 1035133  Obj 1.9016551e+10 Primal inf 5.4173053e+10 (345199)
Clp0006I 1036133  Obj 1.9025297e+10 Primal inf 3.5395997e+10 (406286)
Clp0006I 1037133  Obj 1.9032306e+10 Primal inf 1.1047304e+10 (367775)
Clp0006I 1038133  Obj 1.9037932e+10 Primal inf 7.472011e+08 (289585)
Clp0006I 1039133  Obj 1.9039885e+10 Primal inf 1.1763683e+09 (266302)
Clp0006I 1040133  Obj 1.9044016e+10 Primal inf 3.8835924e+10 (418904)
Clp0006I 1041133  Obj 1.9046711e+10 Primal inf 1.8673945e+09 (281400)
Clp0006I 1042133  Obj 1.9052249e+10 Primal inf 3.3748171e+09 (418393)
Clp0006I 1043133  Obj 1.9055107e+10 Primal inf 1.0711355e+10 (413153)
Clp0006I 1044133  Obj 1.9057558e+10 Primal inf 2.0265067e+10 (414541)
Clp0006I 1045133  Obj 1.9060188e+10 Primal inf 8.7396297e+09 (398746)
Clp0006I 1046133  Obj 1.9062374e+10 Primal inf 3.2305161e+09 (322929)
Clp0006I 1047133  Obj 1.9066447e+10 Primal inf 9.8522927e+08 (323392)
Clp0006I 1048133  Obj 1.9070595e+10 Primal inf 3.6884182e+08 (303515)
Clp0006I 1049035  Obj 1.9071943e+10 Primal inf 6.4777252e+10 (335076)
Clp0006I 1050035  Obj 1.9074572e+10 Primal inf 2.7618596e+10 (360892)
Clp0006I 1051035  Obj 1.9076952e+10 Primal inf 3.1601369e+09 (264534)
Clp0006I 1052035  Obj 1.9079306e+10 Primal inf 4.2851297e+08 (270186)
Clp0006I 1053035  Obj 1.9081957e+10 Primal inf 3.6040237e+09 (314774)
Clp0006I 1054035  Obj 1.9084276e+10 Primal inf 2.9522933e+09 (286524)
Clp0006I 1055035  Obj 1.9086248e+10 Primal inf 2.566942e+10 (310981)
Clp0006I 1056035  Obj 1.9088435e+10 Primal inf 1.1785898e+09 (305891)
Clp0006I 1057035  Obj 1.9090799e+10 Primal inf 2.7925187e+09 (262774)
Clp0006I 1058035  Obj 1.9095823e+10 Primal inf 2.0687998e+09 (236078)
Clp0006I 1059035  Obj 1.9097732e+10 Primal inf 4.5105048e+09 (310161)
Clp0006I 1060035  Obj 1.9099953e+10 Primal inf 1.3076882e+10 (314690)
Clp0006I 1060986  Obj 1.9103053e+10 Primal inf 3.2232243e+10 (390077)
Clp0006I 1061986  Obj 1.9104658e+10 Primal inf 2.0135576e+09 (245301)
Clp0006I 1062926  Obj 1.910779e+10 Primal inf 4.7077659e+09 (319937)
Clp0006I 1063926  Obj 1.9112186e+10 Primal inf 1.173596e+09 (323552)
Clp0006I 1064926  Obj 1.9117956e+10 Primal inf 5.2698212e+09 (351130)
Clp0006I 1065896  Obj 1.9120409e+10 Primal inf 1.0347436e+10 (335865)
Clp0006I 1066896  Obj 1.9124287e+10 Primal inf 1.2117718e+09 (373453)
Clp0006I 1067896  Obj 1.9127139e+10 Primal inf 7.810288e+08 (287734)
Clp0006I 1068896  Obj 1.9131024e+10 Primal inf 1.3184999e+09 (283234)
Clp0006I 1069896  Obj 1.9132936e+10 Primal inf 6.0264623e+08 (281211)
Clp0006I 1070896  Obj 1.9138932e+10 Primal inf 1.1552532e+08 (153733)
Clp0006I 1071896  Obj 1.9144379e+10 Primal inf 1.012543e+09 (334139)
Clp0006I 1072896  Obj 1.914589e+10 Primal inf 5.400605e+09 (287093)
Clp0006I 1073808  Obj 1.9148315e+10 Primal inf 7.3598308e+11 (337234)
Clp0006I 1074376  Obj 1.9149339e+10 Primal inf 9.7202107e+09 (312822)
Clp0006I 1075376  Obj 1.915103e+10 Primal inf 9.2218048e+08 (243351)
Clp0006I 1076204  Obj 1.9152882e+10 Primal inf 3.9197235e+08 (284278)
Clp0006I 1077204  Obj 1.9154973e+10 Primal inf 1.4864956e+09 (252858)
Clp0006I 1078204  Obj 1.9157084e+10 Primal inf 3.7367535e+09 (240139)
Clp0006I 1078992  Obj 1.9158819e+10 Primal inf 2.7165471e+08 (223391)
Clp0006I 1079992  Obj 1.9160234e+10 Primal inf 7.6875693e+08 (273944)
Clp0006I 1080992  Obj 1.9162404e+10 Primal inf 2.2858223e+08 (217443)
Clp0006I 1081992  Obj 1.9166215e+10 Primal inf 3.8614358e+09 (274874)
Clp0006I 1082992  Obj 1.9167668e+10 Primal inf 1.4647074e+09 (304491)
Clp0006I 1083992  Obj 1.9169999e+10 Primal inf 6.5181667e+09 (304221)
Clp0006I 1084788  Obj 1.9171771e+10 Primal inf 7.507715e+10 (309912)
Clp0006I 1085788  Obj 1.9173381e+10 Primal inf 2.6700738e+08 (214173)
Clp0006I 1086720  Obj 1.9174612e+10 Primal inf 5.0308596e+09 (354450)
Clp0006I 1087720  Obj 1.9177524e+10 Primal inf 1.0657633e+08 (168409)
Clp0006I 1088720  Obj 1.9179578e+10 Primal inf 7.9383916e+08 (232806)
Clp0006I 1089720  Obj 1.9180941e+10 Primal inf 6.965889e+08 (261535)
Clp0006I 1090415  Obj 1.9182255e+10 Primal inf 4.2883445e+10 (272230)
Clp0006I 1091415  Obj 1.9185342e+10 Primal inf 6.8657076e+09 (299340)
Clp0006I 1092348  Obj 1.9186376e+10 Primal inf 2.803676e+09 (245070)
Clp0006I 1093095  Obj 1.9187534e+10 Primal inf 2.9413212e+09 (251691)
Clp0006I 1094095  Obj 1.9188876e+10 Primal inf 1.5851468e+09 (188771)
Clp0006I 1095095  Obj 1.9190153e+10 Primal inf 6.9106233e+10 (272708)
Clp0006I 1096095  Obj 1.9192541e+10 Primal inf 1.9244193e+09 (259600)
Clp0006I 1097095  Obj 1.9194396e+10 Primal inf 1.1062558e+09 (230979)
Clp0006I 1098095  Obj 1.9195507e+10 Primal inf 5.9904091e+08 (254606)
Clp0006I 1099095  Obj 1.9196863e+10 Primal inf 3.5675025e+08 (254076)
Clp0006I 1100095  Obj 1.9198042e+10 Primal inf 2.8410578e+08 (260005)
Clp0006I 1101095  Obj 1.919947e+10 Primal inf 3.6511411e+08 (209290)
Clp0006I 1102095  Obj 1.9201071e+10 Primal inf 1.8387151e+10 (366796)
Clp0006I 1103095  Obj 1.9202638e+10 Primal inf 5.9281016e+08 (273007)
Clp0006I 1104095  Obj 1.9203978e+10 Primal inf 8.7182817e+09 (314444)
Clp0006I 1105095  Obj 1.9205512e+10 Primal inf 3.321286e+09 (209453)
Clp0006I 1105950  Obj 1.9207107e+10 Primal inf 4.2811816e+09 (225783)
Clp0006I 1106950  Obj 1.9208507e+10 Primal inf 1.6906479e+10 (309821)
Clp0006I 1107950  Obj 1.9209881e+10 Primal inf 1.3717781e+09 (250451)
Clp0006I 1108950  Obj 1.9211231e+10 Primal inf 1.094984e+09 (311620)
Clp0006I 1109950  Obj 1.9213019e+10 Primal inf 99920190 (151109)
Clp0006I 1110950  Obj 1.921466e+10 Primal inf 2.260689e+08 (194759)
Clp0006I 1111950  Obj 1.9216343e+10 Primal inf 1.4565937e+09 (282844)
Clp0006I 1112950  Obj 1.9218112e+10 Primal inf 1.4287174e+10 (297046)
Clp0006I 1113950  Obj 1.9220039e+10 Primal inf 7.8008158e+08 (223499)
Clp0006I 1114950  Obj 1.9221458e+10 Primal inf 2.8727648e+09 (327078)
Clp0006I 1115950  Obj 1.9222633e+10 Primal inf 3.5797707e+08 (184705)
Clp0006I 1116950  Obj 1.9224643e+10 Primal inf 1.12891e+09 (402407)
Clp0006I 1117950  Obj 1.9226127e+10 Primal inf 1.0903808e+09 (194763)
Clp0006I 1118950  Obj 1.9227394e+10 Primal inf 1.4214548e+09 (213744)
Clp0006I 1119950  Obj 1.9228127e+10 Primal inf 77798827 (176276)
Clp0006I 1120950  Obj 1.9229305e+10 Primal inf 1.631684e+10 (232767)
Clp0006I 1121906  Obj 1.9230588e+10 Primal inf 4.5350591e+08 (213313)
Clp0006I 1122906  Obj 1.9231625e+10 Primal inf 5.2225947e+08 (213192)
Clp0006I 1123906  Obj 1.9232697e+10 Primal inf 86167196 (227836)
Clp0006I 1124906  Obj 1.9234145e+10 Primal inf 1.4783481e+09 (241428)
Clp0006I 1125813  Obj 1.9235 Activating environment at `~/Documents/princeton/1st_year/MAE529/MAE529_code/project/code/Project.toml`
This Model run is characterised by...
Electrolyser capex cost of: 500.0
H2 efficiency of: 0.4
Carbon Tax: 50.0
Number of weeks included: 52_weeks
-----------------------------------------------
1 loading data preparation function
-----------------------------------------------
-----------------------------------------------
2 loading model solving function
-----------------------------------------------
adding in carbon tax elements
assigned variables
assigned constraint 1
assigned constraint 2
assigned constraint 3
check
assigned constraints
Model run complete
069e+10 Primal inf 4.5824411e+08 (199982)
Clp0006I 1126813  Obj 1.9235999e+10 Primal inf 4.7271973e+08 (157891)
Clp0006I 1127813  Obj 1.9237074e+10 Primal inf 2.53242e+08 (175928)
Clp0006I 1128813  Obj 1.9238141e+10 Primal inf 2.1137449e+09 (177655)
Clp0006I 1129696  Obj 1.9239184e+10 Primal inf 1.1992971e+08 (118494)
Clp0006I 1130696  Obj 1.9240027e+10 Primal inf 2.2105882e+08 (209680)
Clp0006I 1131696  Obj 1.9241124e+10 Primal inf 2.9383217e+09 (318604)
Clp0006I 1132696  Obj 1.9242528e+10 Primal inf 1.640459e+08 (197131)
Clp0006I 1133696  Obj 1.9243555e+10 Primal inf 2.5886977e+08 (204350)
Clp0006I 1134696  Obj 1.9244394e+10 Primal inf 49483848 (247476)
Clp0006I 1135696  Obj 1.924513e+10 Primal inf 1.9060993e+08 (215705)
Clp0006I 1136696  Obj 1.9245599e+10 Primal inf 3.8937227e+08 (214898)
Clp0006I 1137696  Obj 1.9246259e+10 Primal inf 2.4998687e+08 (199053)
Clp0006I 1138505  Obj 1.9246869e+10 Primal inf 3.9796404e+09 (275159)
Clp0006I 1139505  Obj 1.9247308e+10 Primal inf 1.884175e+08 (104976)
Clp0006I 1140505  Obj 1.9247656e+10 Primal inf 6783456.8 (104205)
Clp0006I 1141505  Obj 1.9248097e+10 Primal inf 1.37971e+08 (149838)
Clp0006I 1142505  Obj 1.9248765e+10 Primal inf 2.7454283e+08 (226945)
Clp0006I 1143505  Obj 1.9249181e+10 Primal inf 98544735 (174643)
Clp0006I 1144505  Obj 1.9249412e+10 Primal inf 97958994 (207511)
Clp0006I 1145505  Obj 1.9249614e+10 Primal inf 14103392 (119353)
Clp0006I 1146505  Obj 1.9249911e+10 Primal inf 56190939 (122627)
Clp0006I 1147505  Obj 1.925005e+10 Primal inf 6348495.3 (52405)
Clp0006I 1148505  Obj 1.9250151e+10 Primal inf 654802.84 (28709)
Clp0006I 1149252  Obj 1.9250166e+10 Primal inf 599230.53 (91588)
Clp0006I 1150252  Obj 1.9250171e+10 Primal inf 1892.4748 (17640)
Clp0006I 1151252  Obj 1.9250176e+10 Primal inf 2045.2826 (17510)
Clp0006I 1152252  Obj 1.9250181e+10 Primal inf 1857.9928 (16508)
Clp0006I 1153252  Obj 1.9250186e+10 Primal inf 1707.6786 (15508)
Clp0006I 1154252  Obj 1.9250191e+10 Primal inf 1582.0181 (14508)
Clp0006I 1155252  Obj 1.9250195e+10 Primal inf 1470.4341 (13504)
Clp0006I 1156252  Obj 1.9250199e+10 Primal inf 1365.6658 (12501)
Clp0006I 1157252  Obj 1.9250203e+10 Primal inf 795.48257 (10636)
Clp0006I 1158252  Obj 1.9250207e+10 Primal inf 873.633 (10517)
Clp0006I 1159252  Obj 1.9250211e+10 Primal inf 774.55322 (9524)
Clp0006I 1160252  Obj 1.9250215e+10 Primal inf 681.36737 (8533)
Clp0006I 1161252  Obj 1.9250219e+10 Primal inf 597.46004 (7533)
Clp0006I 1162252  Obj 1.9250224e+10 Primal inf 513.67837 (6530)
Clp0006I 1163252  Obj 1.9250228e+10 Primal inf 436.86642 (5530)
Clp0006I 1164252  Obj 1.9250232e+10 Primal inf 362.66314 (4530)
Clp0006I 1165252  Obj 1.9250238e+10 Primal inf 361.3475 (3530)
Clp0006I 1166252  Obj 1.9250242e+10 Primal inf 72.280301 (1665)
Clp0006I 1167252  Obj 1.9250246e+10 Primal inf 28.275564 (665)
Clp0006I 1167909  Obj 1.9250249e+10
Clp0000I Optimal - objective value 1.9250249e+10
Coin0511I After Postsolve, objective 1.9250249e+10, infeasibilities - dual 0 (0), primal 0 (0)
Clp0032I Optimal objective 1.925024867e+10 - 1167909 iterations time 27733.022, Presolve 3.77
