Coin0506I Presolve 1521577 (-195446) rows, 591998 (-65130) columns and 4511329 (-460732) elements
Clp0006I 0  Obj 0 Primal inf 8.7736635e+08 (43800)
Clp0006I 1000  Obj 4.7917429e-12 Primal inf 8.6776638e+08 (44708)
Clp0006I 2000  Obj 9.9133726e-12 Primal inf 8.6044937e+08 (45580)
Clp0006I 3000  Obj 1.5969055e-11 Primal inf 8.579383e+08 (46596)
Clp0006I 4000  Obj 8480782.7 Primal inf 8.4872532e+08 (47608)
Clp0006I 5000  Obj 15947624 Primal inf 8.4108892e+08 (48566)
Clp0006I 6000  Obj 27353220 Primal inf 8.3805407e+08 (49522)
Clp0006I 7000  Obj 42372999 Primal inf 8.2901466e+08 (50621)
Clp0006I 8000  Obj 57753049 Primal inf 8.2323142e+08 (51638)
Clp0006I 9000  Obj 78817218 Primal inf 8.1900426e+08 (52789)
Clp0006I 10000  Obj 96554126 Primal inf 8.1813301e+08 (53894)
Clp0006I 11000  Obj 1.137534e+08 Primal inf 8.1493453e+08 (54957)
Clp0006I 12000  Obj 1.3453392e+08 Primal inf 8.1392984e+08 (56164)
Clp0006I 13000  Obj 1.6305821e+08 Primal inf 8.0842542e+08 (57310)
Clp0006I 14000  Obj 1.7837846e+08 Primal inf 7.2950523e+08 (58555)
Clp0006I 15000  Obj 1.9977699e+08 Primal inf 7.2915301e+08 (59694)
Clp0006I 16000  Obj 2.2825206e+08 Primal inf 7.2627391e+08 (60961)
Clp0006I 17000  Obj 2.5091974e+08 Primal inf 7.2514257e+08 (62180)
Clp0006I 18000  Obj 2.8403744e+08 Primal inf 7.2452695e+08 (63411)
Clp0006I 19000  Obj 3.0820847e+08 Primal inf 7.2295345e+08 (64566)
Clp0006I 20000  Obj 3.4131539e+08 Primal inf 7.2344798e+08 (65831)
Clp0006I 21000  Obj 3.7979686e+08 Primal inf 7.2171171e+08 (67053)
Clp0006I 22000  Obj 4.1182536e+08 Primal inf 7.2307793e+08 (68309)
Clp0006I 23000  Obj 4.450126e+08 Primal inf 7.2132682e+08 (69523)
Clp0006I 24000  Obj 4.8374521e+08 Primal inf 7.2266673e+08 (70890)
Clp0006I 25000  Obj 5.1253721e+08 Primal inf 7.2331635e+08 (72171)
Clp0006I 26000  Obj 5.5515482e+08 Primal inf 7.2486446e+08 (73407)
Clp0006I 27000  Obj 5.9013201e+08 Primal inf 7.2568936e+08 (74613)
Clp0006I 28000  Obj 6.1658806e+08 Primal inf 7.2731539e+08 (75957)
Clp0006I 29000  Obj 6.5259928e+08 Primal inf 7.2594528e+08 (77067)
Clp0006I 30000  Obj 6.8571562e+08 Primal inf 7.2781982e+08 (78212)
Clp0006I 31000  Obj 7.1328991e+08 Primal inf 7.3012478e+08 (79429)
Clp0006I 32000  Obj 7.5093169e+08 Primal inf 7.3240387e+08 (80656)
Clp0006I 33000  Obj 7.7612448e+08 Primal inf 7.3341484e+08 (81817)
Clp0006I 34000  Obj 8.1586585e+08 Primal inf 7.3114611e+08 (82989)
Clp0006I 35000  Obj 8.5637058e+08 Primal inf 7.3399844e+08 (84196)
Clp0006I 36000  Obj 8.899512e+08 Primal inf 7.3635012e+08 (85299)
Clp0006I 37000  Obj 9.2588275e+08 Primal inf 7.3750079e+08 (86657)
Clp0006I 38000  Obj 9.591797e+08 Primal inf 7.3753381e+08 (87859)
Clp0006I 39000  Obj 1.0021623e+09 Primal inf 7.4015045e+08 (89006)
Clp0006I 40000  Obj 1.045215e+09 Primal inf 7.4149957e+08 (90203)
Clp0006I 41000  Obj 1.0881726e+09 Primal inf 7.4197159e+08 (91310)
Clp0006I 42000  Obj 1.1321844e+09 Primal inf 7.4052204e+08 (92541)
Clp0006I 43000  Obj 1.1728137e+09 Primal inf 7.4300513e+08 (93706)
Clp0006I 44000  Obj 1.2183233e+09 Primal inf 7.4546138e+08 (94857)
Clp0006I 45000  Obj 1.2561757e+09 Primal inf 7.4997138e+08 (96213)
Clp0006I 46000  Obj 1.3073309e+09 Primal inf 7.5287771e+08 (97428)
Clp0006I 47000  Obj 1.3503434e+09 Primal inf 7.5400905e+08 (98568)
Clp0006I 48000  Obj 1.4018579e+09 Primal inf 7.5183399e+08 (99707)
Clp0006I 49000  Obj 1.4577651e+09 Primal inf 7.5200593e+08 (100778)
Clp0006I 50000  Obj 1.5007553e+09 Primal inf 7.544223e+08 (101915)
Clp0006I 51000  Obj 1.5406842e+09 Primal inf 7.2959134e+08 (105033)
Clp0006I 52000  Obj 1.5537281e+09 Primal inf 7.9256705e+08 (106386)
Clp0006I 53000  Obj 1.5603381e+09 Primal inf 7.9163556e+08 (107648)
Clp0006I 54000  Obj 1.5648583e+09 Primal inf 8.0223348e+08 (108558)
Clp0006I 55000  Obj 1.5667636e+09 Primal inf 8.0080088e+08 (109616)
Clp0006I 56000  Obj 1.5682188e+09 Primal inf 8.0000983e+08 (110504)
Clp0006I 57000  Obj 1.5689339e+09 Primal inf 8.0163956e+08 (111470)
Clp0006I 58000  Obj 1.5732541e+09 Primal inf 7.9515388e+08 (112461)
Clp0006I 59000  Obj 1.5993345e+09 Primal inf 7.697815e+08 (115709)
Clp0006I 60000  Obj 1.6243861e+09 Primal inf 7.6658051e+08 (115630)
Clp0006I 61000  Obj 1.6400709e+09 Primal inf 9.0999966e+08 (117898)
Clp0006I 62000  Obj 1.6971014e+09 Primal inf 9.6539532e+08 (116275)
Clp0006I 63000  Obj 1.7498982e+09 Primal inf 9.2093527e+08 (119613)
Clp0006I 64000  Obj 1.8512155e+09 Primal inf 8.8002786e+08 (117697)
Clp0006I 65000  Obj 1.8955456e+09 Primal inf 8.6642287e+08 (118354)
Clp0006I 66000  Obj 1.921134e+09 Primal inf 8.5616516e+08 (121369)
Clp0006I 67000  Obj 1.9391332e+09 Primal inf 8.6714357e+08 (121803)
Clp0006I 68000  Obj 1.9403715e+09 Primal inf 8.4482701e+08 (122578)
Clp0006I 69000  Obj 1.9465386e+09 Primal inf 8.3738285e+08 (124195)
Clp0006I 70000  Obj 1.9549415e+09 Primal inf 8.3024379e+08 (124912)
Clp0006I 71000  Obj 1.9580043e+09 Primal inf 8.4534558e+08 (125694)
Clp0006I 72000  Obj 1.9590004e+09 Primal inf 8.3071285e+08 (126573)
Clp0006I 73000  Obj 1.9890232e+09 Primal inf 8.2393577e+08 (124741)
Clp0006I 74000  Obj 2.005893e+09 Primal inf 2.1276731e+09 (156427)
Clp0006I 75000  Obj 2.0194587e+09 Primal inf 8.2978174e+08 (126224)
Clp0006I 76000  Obj 2.0369352e+09 Primal inf 9.3915282e+08 (156757)
Clp0006I 77000  Obj 2.0630403e+09 Primal inf 8.5157658e+08 (130034)
Clp0006I 78000  Obj 2.0657642e+09 Primal inf 8.4604017e+08 (128086)
Clp0006I 79000  Obj 2.0674515e+09 Primal inf 8.6810214e+08 (128739)
Clp0006I 80000  Obj 2.0699463e+09 Primal inf 8.6080157e+08 (129408)
Clp0006I 81000  Obj 2.0726525e+09 Primal inf 8.5353238e+08 (129988)
Clp0006I 82000  Obj 2.0792856e+09 Primal inf 8.9942747e+08 (130632)
Clp0006I 83000  Obj 2.0813406e+09 Primal inf 8.5809716e+08 (131280)
Clp0006I 84000  Obj 2.0937e+09 Primal inf 1.0371127e+09 (135134)
Clp0006I 85000  Obj 2.1193332e+09 Primal inf 1.0243485e+09 (132003)
Clp0006I 86000  Obj 2.1230556e+09 Primal inf 9.6925697e+08 (132638)
Clp0006I 87000  Obj 2.1263766e+09 Primal inf 9.5637131e+08 (133190)
Clp0006I 88000  Obj 2.1408544e+09 Primal inf 9.2225468e+08 (133991)
Clp0006I 89000  Obj 2.1511236e+09 Primal inf 9.6173911e+08 (134387)
Clp0006I 90000  Obj 2.1999922e+09 Primal inf 8.968016e+08 (134363)
Clp0006I 91000  Obj 2.23683e+09 Primal inf 9.622474e+08 (138207)
Clp0006I 92000  Obj 2.2663889e+09 Primal inf 9.8891512e+08 (165077)
Clp0006I 93000  Obj 2.3413727e+09 Primal inf 1.0486178e+11 (180977)
Clp0006I 94000  Obj 2.3795934e+09 Primal inf 9.0986328e+08 (135962)
Clp0006I 95000  Obj 2.426836e+09 Primal inf 3.2830837e+09 (191994)
Clp0006I 96000  Obj 2.4663499e+09 Primal inf 8.6059505e+08 (139876)
Clp0006I 97000  Obj 2.4909448e+09 Primal inf 2.6591537e+09 (169990)
Clp0006I 98000  Obj 2.5215553e+09 Primal inf 1.2193069e+09 (165360)
Clp0006I 99000  Obj 2.5764017e+09 Primal inf 9.4868381e+08 (143552)
Clp0006I 100000  Obj 2.5940572e+09 Primal inf 8.9356698e+08 (142015)
Clp0006I 101000  Obj 2.623507e+09 Primal inf 8.5771524e+08 (141411)
Clp0006I 102000  Obj 2.6509213e+09 Primal inf 5.4453068e+10 (190576)
Clp0006I 103000  Obj 2.6844186e+09 Primal inf 8.048053e+08 (141440)
Clp0006I 104000  Obj 2.7215765e+09 Primal inf 1.1977924e+09 (166423)
Clp0006I 105000  Obj 2.733803e+09 Primal inf 1.5925608e+09 (177728)
Clp0006I 106000  Obj 2.7469258e+09 Primal inf 8.3943688e+08 (143349)
Clp0006I 107000  Obj 2.7523263e+09 Primal inf 8.3073596e+08 (143891)
Clp0006I 108000  Obj 2.7589596e+09 Primal inf 8.7621925e+08 (145140)
Clp0006I 109000  Obj 2.7628804e+09 Primal inf 1.9659291e+09 (142067)
Clp0006I 110000  Obj 2.8008769e+09 Primal inf 1.3663895e+09 (149063)
Clp0006I 111000  Obj 2.88006e+09 Primal inf 1.1463017e+09 (146639)
Clp0006I 112000  Obj 2.9552471e+09 Primal inf 1.0322835e+10 (154782)
Clp0006I 113000  Obj 3.0102383e+09 Primal inf 9.6314857e+08 (146958)
Clp0006I 114000  Obj 3.077714e+09 Primal inf 8.0550953e+09 (201179)
Clp0006I 115000  Obj 3.1064071e+09 Primal inf 2.0090923e+09 (185251)
Clp0006I 116000  Obj 3.1520415e+09 Primal inf 1.9021518e+09 (169704)
Clp0006I 117000  Obj 3.1922987e+09 Primal inf 9.863082e+08 (148198)
Clp0006I 118000  Obj 3.247046e+09 Primal inf 5.1586159e+09 (177165)
Clp0006I 119000  Obj 3.3018691e+09 Primal inf 1.0068163e+09 (148249)
Clp0006I 120000  Obj 3.3370548e+09 Primal inf 9.3687115e+08 (149131)
Clp0006I 121000  Obj 3.3737387e+09 Primal inf 5.553446e+09 (177113)
Clp0006I 122000  Obj 3.3891698e+09 Primal inf 4.9139043e+09 (185495)
Clp0006I 123000  Obj 3.4241355e+09 Primal inf 2.0569084e+09 (174416)
Clp0006I 124000  Obj 3.4557954e+09 Primal inf 1.7020598e+09 (185537)
Clp0006I 125000  Obj 3.4944738e+09 Primal inf 6.8339867e+09 (178147)
Clp0006I 126000  Obj 3.510776e+09 Primal inf 1.0502408e+09 (149521)
Clp0006I 127000  Obj 3.5585319e+09 Primal inf 1.5352267e+09 (180357)
Clp0006I 128000  Obj 3.6105811e+09 Primal inf 1.1142222e+09 (173338)
Clp0006I 129000  Obj 3.6471131e+09 Primal inf 1.3215266e+09 (149532)
Clp0006I 130000  Obj 3.6579621e+09 Primal inf 9.9457211e+08 (151039)
Clp0006I 131000  Obj 3.6629563e+09 Primal inf 9.9621034e+08 (150990)
Clp0006I 132000  Obj 3.6758205e+09 Primal inf 2.0596933e+09 (173780)
Clp0006I 133000  Obj 3.6881608e+09 Primal inf 1.0296476e+09 (151392)
Clp0006I 134000  Obj 3.7020685e+09 Primal inf 1.1814693e+09 (149348)
Clp0006I 135000  Obj 3.7169849e+09 Primal inf 1.1326969e+09 (186072)
Clp0006I 136000  Obj 3.7233538e+09 Primal inf 1.0992583e+09 (153209)
Clp0006I 137000  Obj 3.7304233e+09 Primal inf 1.1036567e+09 (153818)
Clp0006I 138000  Obj 3.7359718e+09 Primal inf 1.0827942e+09 (153609)
Clp0006I 139000  Obj 3.7404768e+09 Primal inf 1.0949727e+09 (154367)
Clp0006I 140000  Obj 3.7579685e+09 Primal inf 1.1190097e+09 (152788)
Clp0006I 141000  Obj 3.7722992e+09 Primal inf 1.5040623e+09 (188009)
Clp0006I 142000  Obj 3.7959842e+09 Primal inf 2.0381204e+09 (189875)
Clp0006I 143000  Obj 3.8192649e+09 Primal inf 3.447895e+09 (192891)
Clp0006I 144000  Obj 3.8667602e+09 Primal inf 2.4967267e+09 (187731)
Clp0006I 145000  Obj 3.9010027e+09 Primal inf 2.4691421e+09 (191839)
Clp0006I 146000  Obj 3.9118601e+09 Primal inf 1.8924042e+09 (191057)
Clp0006I 147000  Obj 3.92504e+09 Primal inf 2.1323441e+09 (188100)
Clp0006I 148000  Obj 3.9418232e+09 Primal inf 2.1086401e+09 (188278)
Clp0006I 149000  Obj 3.9567334e+09 Primal inf 2.0119185e+09 (187933)
Clp0006I 150000  Obj 3.9653623e+09 Primal inf 2.1052654e+09 (187931)
Clp0006I 151000  Obj 3.9859158e+09 Primal inf 2.3070543e+09 (212310)
Clp0006I 152000  Obj 4.001182e+09 Primal inf 1.860471e+09 (192300)
Clp0006I 153000  Obj 4.0159108e+09 Primal inf 2.0960027e+09 (192633)
Clp0006I 154000  Obj 4.0314599e+09 Primal inf 2.0995199e+09 (189320)
Clp0006I 155000  Obj 4.0432825e+09 Primal inf 1.9867779e+09 (189320)
Clp0006I 156000  Obj 4.05671e+09 Primal inf 1.8547934e+09 (190407)
Clp0006I 157000  Obj 4.0809005e+09 Primal inf 2.6878404e+09 (191764)
Clp0006I 158000  Obj 4.097802e+09 Primal inf 1.2142521e+09 (171864)
Clp0006I 159000  Obj 4.1124417e+09 Primal inf 1.533665e+09 (180340)
Clp0006I 160000  Obj 4.1251637e+09 Primal inf 1.2233342e+09 (171379)
Clp0006I 161000  Obj 4.1417698e+09 Primal inf 3.5038391e+09 (180344)
Clp0006I 162000  Obj 4.1606475e+09 Primal inf 1.8880286e+09 (172851)
Clp0006I 163000  Obj 4.1698659e+09 Primal inf 1.991771e+09 (170683)
Clp0006I 164000  Obj 4.1870758e+09 Primal inf 3.7186983e+09 (224023)
Clp0006I 165000  Obj 4.1950294e+09 Primal inf 1.1173606e+09 (180356)
Clp0006I 166000  Obj 4.2074544e+09 Primal inf 1.9179716e+09 (197976)
Clp0006I 167000  Obj 4.2231846e+09 Primal inf 1.8934604e+09 (181109)
Clp0006I 168000  Obj 4.2275988e+09 Primal inf 2.7301295e+09 (198941)
Clp0006I 169000  Obj 4.2349487e+09 Primal inf 1.8572907e+09 (181299)
Clp0006I 170000  Obj 4.2392958e+09 Primal inf 1.3161135e+09 (172612)
Clp0006I 171000  Obj 4.2451841e+09 Primal inf 1.6399552e+09 (180966)
Clp0006I 172000  Obj 4.2525617e+09 Primal inf 1.3249654e+09 (175148)
Clp0006I 173000  Obj 4.2683452e+09 Primal inf 1.4600249e+09 (182524)
Clp0006I 174000  Obj 4.2793713e+09 Primal inf 1.6157268e+09 (182771)
Clp0006I 175000  Obj 4.2943283e+09 Primal inf 2.6074159e+09 (182325)
Clp0006I 176000  Obj 4.2987112e+09 Primal inf 1.2318777e+09 (165344)
Clp0006I 177000  Obj 4.3097808e+09 Primal inf 1.7920993e+09 (174645)
Clp0006I 178000  Obj 4.3279821e+09 Primal inf 5.4112288e+09 (179939)
Clp0006I 179000  Obj 4.3605021e+09 Primal inf 2.7626065e+09 (181774)
Clp0006I 180000  Obj 4.3867463e+09 Primal inf 1.5959127e+10 (166489)
Clp0006I 181000  Obj 4.4302677e+09 Primal inf 2.9145953e+10 (189731)
Clp0006I 182000  Obj 4.5195217e+09 Primal inf 4.6951793e+10 (190157)
Clp0006I 183000  Obj 4.5836045e+09 Primal inf 6.4424161e+10 (215816)
Clp0006I 184000  Obj 4.6594401e+09 Primal inf 1.2268386e+09 (167865)
Clp0006I 185000  Obj 4.7259616e+09 Primal inf 2.3677052e+09 (169731)
Clp0006I 186000  Obj 4.7677865e+09 Primal inf 3.5863949e+11 (213861)
Clp0006I 187000  Obj 4.8360096e+09 Primal inf 4.4571288e+10 (176022)
Clp0006I 188000  Obj 4.9730427e+09 Primal inf 9.1708376e+10 (171006)
Clp0006I 189000  Obj 5.0525038e+09 Primal inf 1.1276174e+11 (188485)
Clp0006I 189695  Obj 5.1357089e+09 Primal inf 1.587712e+09 (166767)
Clp0006I 190695  Obj 5.1860644e+09 Primal inf 9.782864e+09 (178314)
Clp0006I 191695  Obj 5.292426e+09 Primal inf 1.0839625e+09 (166726)
Clp0006I 192695  Obj 5.4109385e+09 Primal inf 8.1740201e+09 (240108)
Clp0006I 193695  Obj 5.4934891e+09 Primal inf 8.9818147e+09 (212956)
Clp0006I 194695  Obj 5.535924e+09 Primal inf 1.026564e+09 (167103)
Clp0006I 195695  Obj 5.5783365e+09 Primal inf 9.6359301e+11 (211881)
Clp0006I 196695  Obj 5.6419724e+09 Primal inf 9.8322329e+09 (174021)
Clp0006I 197695  Obj 5.6825227e+09 Primal inf 4.2861059e+10 (178104)
Clp0006I 198695  Obj 5.7504059e+09 Primal inf 4.3928142e+10 (223156)
Clp0006I 199695  Obj 5.7988044e+09 Primal inf 1.2619996e+10 (180511)
Clp0006I 200695  Obj 5.8189481e+09 Primal inf 2.2836698e+09 (170341)
Clp0006I 201695  Obj 5.8323734e+09 Primal inf 3.4231054e+09 (203867)
Clp0006I 202695  Obj 5.8484885e+09 Primal inf 5.9233713e+10 (204892)
Clp0006I 203695  Obj 5.859927e+09 Primal inf 1.8204156e+09 (170420)
Clp0006I 204695  Obj 5.874754e+09 Primal inf 7.5890521e+10 (180644)
Clp0006I 205695  Obj 5.8890303e+09 Primal inf 2.8610686e+09 (196381)
Clp0006I 206695  Obj 5.9102318e+09 Primal inf 2.2450813e+10 (226384)
Clp0006I 207695  Obj 5.9408863e+09 Primal inf 4.0673791e+09 (202359)
Clp0006I 208695  Obj 5.9557178e+09 Primal inf 3.5058784e+09 (204898)
Clp0006I 209695  Obj 5.9818818e+09 Primal inf 8.1376418e+10 (178867)
Clp0006I 210695  Obj 6.001449e+09 Primal inf 1.4152279e+09 (170729)
Clp0006I 211695  Obj 6.0205587e+09 Primal inf 2.5408852e+09 (168937)
Clp0006I 212695  Obj 6.0355944e+09 Primal inf 1.8152963e+09 (168535)
Clp0006I 213695  Obj 6.0551423e+09 Primal inf 1.4368072e+09 (170844)
Clp0006I 214695  Obj 6.0792929e+09 Primal inf 3.1093682e+09 (204211)
Clp0006I 215695  Obj 6.1033499e+09 Primal inf 4.7159491e+11 (209092)
Clp0006I 216695  Obj 6.1405101e+09 Primal inf 2.7982633e+09 (179517)
Clp0006I 217695  Obj 6.1690625e+09 Primal inf 1.268009e+09 (169002)
Clp0006I 218695  Obj 6.1988105e+09 Primal inf 1.0021778e+10 (187718)
Clp0006I 219695  Obj 6.2198928e+09 Primal inf 4.0715801e+09 (182551)
Clp0006I 220695  Obj 6.2515245e+09 Primal inf 2.5990962e+10 (188886)
Clp0006I 221695  Obj 6.2806476e+09 Primal inf 3.9917256e+09 (182539)
Clp0006I 222695  Obj 6.3046558e+09 Primal inf 7.6468696e+10 (197085)
Clp0006I 223695  Obj 6.3303157e+09 Primal inf 3.4496789e+09 (171486)
Clp0006I 224695  Obj 6.3580498e+09 Primal inf 4.1944277e+09 (176500)
Clp0006I 225695  Obj 6.3860295e+09 Primal inf 2.3159842e+09 (166673)
Clp0006I 226695  Obj 6.4009973e+09 Primal inf 2.8432042e+09 (165701)
Clp0006I 227695  Obj 6.4242325e+09 Primal inf 3.4457148e+09 (176281)
Clp0006I 228695  Obj 6.4453891e+09 Primal inf 1.6707643e+09 (165354)
Clp0006I 229695  Obj 6.4568683e+09 Primal inf 3.3409549e+09 (200077)
Clp0006I 230695  Obj 6.4654902e+09 Primal inf 2.6042335e+09 (167758)
Clp0006I 231695  Obj 6.4879101e+09 Primal inf 2.7784294e+09 (169597)
Clp0006I 232695  Obj 6.5056918e+09 Primal inf 1.7089179e+09 (177918)
Clp0006I 233695  Obj 6.5132589e+09 Primal inf 2.4656161e+09 (176730)
Clp0006I 234695  Obj 6.5227796e+09 Primal inf 1.02369e+11 (182071)
Clp0006I 235695  Obj 6.5287983e+09 Primal inf 4.3795671e+09 (201206)
Clp0006I 236695  Obj 6.5368971e+09 Primal inf 8.5038069e+09 (229426)
Clp0006I 237695  Obj 6.5455897e+09 Primal inf 2.7091847e+09 (174029)
Clp0006I 238695  Obj 6.5541883e+09 Primal inf 3.84798e+09 (177644)
Clp0006I 239695  Obj 6.5574638e+09 Primal inf 4.022395e+09 (179272)
Clp0006I 240695  Obj 6.5614975e+09 Primal inf 1.4832617e+10 (206097)
Clp0006I 241695  Obj 6.5644153e+09 Primal inf 1.441781e+09 (170072)
Clp0006I 242695  Obj 6.5680132e+09 Primal inf 7.2591766e+09 (206827)
Clp0006I 243695  Obj 6.5691582e+09 Primal inf 3.2828905e+09 (177861)
Clp0006I 244695  Obj 6.5742322e+09 Primal inf 4.3726388e+09 (181491)
Clp0006I 245695  Obj 6.5851199e+09 Primal inf 3.4053813e+09 (172401)
Clp0006I 246695  Obj 6.5907575e+09 Primal inf 2.2837492e+09 (178662)
Clp0006I 247695  Obj 6.5969478e+09 Primal inf 2.2848476e+09 (176050)
Clp0006I 248695  Obj 6.601288e+09 Primal inf 3.2096077e+09 (179120)
Clp0006I 249695  Obj 6.6080702e+09 Primal inf 1.2070873e+09 (174731)
Clp0006I 250695  Obj 6.6165446e+09 Primal inf 1.2987874e+09 (175200)
Clp0006I 251695  Obj 6.6243821e+09 Primal inf 1.9735543e+09 (173110)
Clp0006I 252695  Obj 6.6349937e+09 Primal inf 1.6804526e+09 (173651)
Clp0006I 253695  Obj 6.6432914e+09 Primal inf 2.5067998e+09 (172547)
Clp0006I 254695  Obj 6.6515139e+09 Primal inf 1.4265803e+09 (179207)
Clp0006I 255695  Obj 6.6576267e+09 Primal inf 2.455078e+09 (173525)
Clp0006I 256695  Obj 6.6630445e+09 Primal inf 1.1201519e+09 (173658)
Clp0006I 257695  Obj 6.6725642e+09 Primal inf 1.5972055e+09 (173950)
Clp0006I 258695  Obj 6.6844711e+09 Primal inf 1.8139627e+09 (174028)
Clp0006I 259695  Obj 6.696188e+09 Primal inf 2.2423607e+09 (174119)
Clp0006I 260695  Obj 6.7042782e+09 Primal inf 1.7157433e+09 (174046)
Clp0006I 261695  Obj 6.712751e+09 Primal inf 1.5554773e+09 (174432)
Clp0006I 262695  Obj 6.7152361e+09 Primal inf 1.3380184e+09 (175154)
Clp0006I 263695  Obj 6.7445844e+09 Primal inf 2.7540188e+09 (182535)
Clp0006I 264695  Obj 6.7513642e+09 Primal inf 4.6913222e+10 (181828)
Clp0006I 265695  Obj 6.7630263e+09 Primal inf 2.9509153e+11 (213000)
Clp0006I 266695  Obj 6.7735595e+09 Primal inf 2.1287885e+09 (170295)
Clp0006I 267695  Obj 6.7792646e+09 Primal inf 5.6977912e+09 (237045)
Clp0006I 268695  Obj 6.8010827e+09 Primal inf 1.5753154e+10 (206379)
Clp0006I 269695  Obj 6.8068554e+09 Primal inf 4.0290904e+09 (206173)
Clp0006I 270695  Obj 6.8092473e+09 Primal inf 2.1906554e+09 (170535)
Clp0006I 271695  Obj 6.8128686e+09 Primal inf 6.8907072e+09 (206568)
Clp0006I 272695  Obj 6.8176402e+09 Primal inf 1.226571e+10 (175235)
Clp0006I 273695  Obj 6.8198848e+09 Primal inf 7.028173e+09 (208509)
Clp0006I 274695  Obj 6.8240054e+09 Primal inf 1.9041897e+10 (195337)
Clp0006I 275695  Obj 6.8282052e+09 Primal inf 6.2304824e+09 (183040)
Clp0006I 276695  Obj 6.8295995e+09 Primal inf 3.7143315e+09 (177560)
Clp0006I 277695  Obj 6.8368196e+09 Primal inf 8.0357175e+09 (209874)
Clp0006I 278695  Obj 6.8449201e+09 Primal inf 1.6093029e+09 (172352)
Clp0006I 279695  Obj 6.8506985e+09 Primal inf 5.7775434e+09 (204005)
Clp0006I 280695  Obj 6.8528982e+09 Primal inf 4.5421043e+09 (206565)
Clp0006I 281695  Obj 6.8585897e+09 Primal inf 6.2645053e+09 (203546)
Clp0006I 282695  Obj 6.8674387e+09 Primal inf 1.975712e+09 (194105)
Clp0006I 283695  Obj 6.8928057e+09 Primal inf 6.2018248e+09 (181393)
Clp0006I 284695  Obj 6.9155079e+09 Primal inf 3.922357e+09 (180747)
Clp0006I 285695  Obj 6.9503938e+09 Primal inf 2.4345617e+11 (249911)
Clp0006I 286695  Obj 7.0076065e+09 Primal inf 1.3317802e+10 (187486)
Clp0006I 287695  Obj 7.1140386e+09 Primal inf 4.4682589e+10 (226047)
Clp0006I 288695  Obj 7.1949121e+09 Primal inf 1.1632196e+11 (201461)
Clp0006I 289695  Obj 7.2924594e+09 Primal inf 1.7247149e+11 (195258)
Clp0006I 290695  Obj 7.3963361e+09 Primal inf 6.6820306e+10 (240909)
Clp0006I 291695  Obj 7.5558763e+09 Primal inf 2.3846918e+10 (208150)
Clp0006I 292695  Obj 7.6719692e+09 Primal inf 4.1690838e+10 (210763)
Clp0006I 293695  Obj 7.7951624e+09 Primal inf 1.4578569e+11 (251454)
Clp0006I 294695  Obj 7.8703465e+09 Primal inf 5.3405078e+10 (190839)
Clp0006I 295695  Obj 7.9647259e+09 Primal inf 8.4522413e+09 (196212)
Clp0006I 296695  Obj 8.1280619e+09 Primal inf 1.8398298e+10 (212739)
Clp0006I 297695  Obj 8.3522855e+09 Primal inf 2.0387985e+10 (226164)
Clp0006I 298695  Obj 8.4802894e+09 Primal inf 1.1285451e+10 (224086)
Clp0006I 299695  Obj 8.5922145e+09 Primal inf 4.0417015e+10 (218654)
Clp0006I 300695  Obj 8.6958587e+09 Primal inf 2.3847579e+10 (249687)
Clp0006I 301695  Obj 8.7707702e+09 Primal inf 3.2171054e+10 (208368)
Clp0006I 302260  Obj 8.8080247e+09 Primal inf 2.9590055e+10 (235967)
Clp0006I 303260  Obj 8.8649759e+09 Primal inf 1.0733427e+11 (233511)
Clp0006I 304260  Obj 8.9227492e+09 Primal inf 1.8548447e+10 (220321)
Clp0006I 305260  Obj 9.0000369e+09 Primal inf 2.8743727e+10 (266535)
Clp0006I 306260  Obj 9.0701868e+09 Primal inf 2.1844082e+10 (218977)
Clp0006I 307260  Obj 9.1665568e+09 Primal inf 1.2129149e+10 (227696)
Clp0006I 308260  Obj 9.2162013e+09 Primal inf 1.1358953e+10 (213196)
Clp0006I 309260  Obj 9.267512e+09 Primal inf 9.6099579e+09 (220225)
Clp0006I 310260  Obj 9.3170926e+09 Primal inf 1.7684496e+11 (251548)
Clp0006I 311260  Obj 9.363165e+09 Primal inf 4.9921545e+09 (210606)
Clp0006I 312260  Obj 9.4355361e+09 Primal inf 3.9427111e+09 (193786)
Clp0006I 313260  Obj 9.5523655e+09 Primal inf 2.370912e+10 (246698)
Clp0006I 314260  Obj 9.6437421e+09 Primal inf 4.5947819e+10 (231232)
Clp0006I 315260  Obj 9.7193008e+09 Primal inf 7.3841061e+10 (218993)
Clp0006I 316260  Obj 9.8056599e+09 Primal inf 2.3350257e+10 (229769)
Clp0006I 317260  Obj 9.8819249e+09 Primal inf 2.2440935e+11 (236940)
Clp0006I 318260  Obj 9.9709371e+09 Primal inf 9.8098251e+09 (201668)
Clp0006I 319260  Obj 1.0066948e+10 Primal inf 3.0475419e+10 (222098)
Clp0006I 320260  Obj 1.0105004e+10 Primal inf 1.2274581e+10 (195053)
Clp0006I 321260  Obj 1.015568e+10 Primal inf 1.0521946e+11 (229529)
Clp0006I 322260  Obj 1.0227087e+10 Primal inf 1.5193276e+10 (229295)
Clp0006I 323260  Obj 1.0281359e+10 Primal inf 2.2128031e+09 (193196)
Clp0006I 324260  Obj 1.034611e+10 Primal inf 7.0170132e+09 (215506)
Clp0006I 325260  Obj 1.0450143e+10 Primal inf 2.0880888e+09 (180163)
Clp0006I 326260  Obj 1.0538968e+10 Primal inf 1.2401829e+10 (208869)
Clp0006I 327260  Obj 1.0605985e+10 Primal inf 6.3996295e+09 (210726)
Clp0006I 328260  Obj 1.069707e+10 Primal inf 4.3391329e+10 (241737)
Clp0006I 329260  Obj 1.0784698e+10 Primal inf 6.2682771e+09 (210497)
Clp0006I 330260  Obj 1.0852555e+10 Primal inf 4.9172417e+10 (245127)
Clp0006I 331260  Obj 1.0908635e+10 Primal inf 2.1378751e+10 (200562)
Clp0006I 332260  Obj 1.0949412e+10 Primal inf 2.9440175e+10 (217893)
Clp0006I 333260  Obj 1.0999656e+10 Primal inf 6.3844917e+09 (220802)
Clp0006I 334260  Obj 1.1039576e+10 Primal inf 1.4049863e+10 (218819)
Clp0006I 335260  Obj 1.1089974e+10 Primal inf 7.2286796e+09 (207234)
Clp0006I 335873  Obj 1.1124217e+10 Primal inf 9.0552274e+09 (210501)
Clp0006I 336873  Obj 1.1175001e+10 Primal inf 1.4193219e+10 (250194)
Clp0006I 337873  Obj 1.1213693e+10 Primal inf 3.5395014e+09 (224181)
Clp0006I 338873  Obj 1.1281723e+10 Primal inf 1.0524667e+10 (214111)
Clp0006I 339580  Obj 1.134032e+10 Primal inf 3.7608418e+09 (220830)
Clp0006I 340580  Obj 1.1406611e+10 Primal inf 5.9204611e+09 (221689)
Clp0006I 341580  Obj 1.1479138e+10 Primal inf 3.739645e+10 (237525)
Clp0006I 342580  Obj 1.1526049e+10 Primal inf 4.6410117e+10 (236238)
Clp0006I 343580  Obj 1.1593705e+10 Primal inf 4.8814381e+10 (265203)
Clp0006I 344580  Obj 1.166674e+10 Primal inf 2.0203654e+11 (266925)
Clp0006I 345580  Obj 1.1749331e+10 Primal inf 8.1044566e+09 (241626)
Clp0006I 346580  Obj 1.1833578e+10 Primal inf 1.0279777e+11 (235226)
Clp0006I 347580  Obj 1.1898892e+10 Primal inf 6.3545747e+09 (214507)
Clp0006I 348580  Obj 1.1954489e+10 Primal inf 1.5536287e+10 (199210)
Clp0006I 349580  Obj 1.2040935e+10 Primal inf 1.2559765e+10 (219290)
Clp0006I 350580  Obj 1.2110047e+10 Primal inf 2.2288695e+10 (246662)
Clp0006I 351580  Obj 1.2153635e+10 Primal inf 3.7382139e+09 (216368)
Clp0006I 352580  Obj 1.2222422e+10 Primal inf 2.4132789e+09 (200582)
Clp0006I 353580  Obj 1.2288151e+10 Primal inf 7.2830388e+09 (243311)
Clp0006I 354580  Obj 1.234111e+10 Primal inf 7.5088073e+09 (235170)
Clp0006I 355580  Obj 1.2378032e+10 Primal inf 8.4835236e+09 (243244)
Clp0006I 356580  Obj 1.243684e+10 Primal inf 1.2404194e+10 (216813)
Clp0006I 357580  Obj 1.2481186e+10 Primal inf 5.0525677e+09 (253378)
Clp0006I 358580  Obj 1.2544417e+10 Primal inf 1.6304838e+10 (260523)
Clp0006I 359580  Obj 1.259555e+10 Primal inf 4.8529778e+10 (224333)
Clp0006I 360378  Obj 1.2641436e+10 Primal inf 5.6895021e+10 (239981)
Clp0006I 361378  Obj 1.2687055e+10 Primal inf 5.4606715e+09 (217798)
Clp0006I 362378  Obj 1.2745244e+10 Primal inf 3.2179182e+10 (237762)
Clp0006I 363378  Obj 1.2802562e+10 Primal inf 1.2866618e+10 (217781)
Clp0006I 364378  Obj 1.2851295e+10 Primal inf 8.7713075e+09 (240622)
Clp0006I 365197  Obj 1.2897582e+10 Primal inf 1.8371746e+10 (245275)
Clp0006I 366197  Obj 1.2946669e+10 Primal inf 9.7008501e+08 (195202)
Clp0006I 367197  Obj 1.2971876e+10 Primal inf 5.0932429e+09 (241124)
Clp0006I 368197  Obj 1.3003917e+10 Primal inf 3.3154173e+09 (238507)
Clp0006I 369197  Obj 1.3035595e+10 Primal inf 7.1900121e+10 (256656)
Clp0006I 370197  Obj 1.3058076e+10 Primal inf 2.6075574e+10 (231465)
Clp0006I 371197  Obj 1.3089228e+10 Primal inf 9.4033631e+09 (223997)
Clp0006I 372197  Obj 1.3136346e+10 Primal inf 8.3927632e+09 (221996)
Clp0006I 373197  Obj 1.3183121e+10 Primal inf 1.0853908e+09 (199448)
Clp0006I 374197  Obj 1.3215549e+10 Primal inf 7.7991083e+08 (192520)
Clp0006I 375197  Obj 1.323771e+10 Primal inf 1.5671809e+09 (197784)
Clp0006I 376197  Obj 1.3264153e+10 Primal inf 6.0019979e+09 (230085)
Clp0006I 377197  Obj 1.3267931e+10 Primal inf 1.8935867e+09 (202152)
Clp0006I 378197  Obj 1.3280132e+10 Primal inf 2.2860193e+09 (217083)
Clp0006I 379197  Obj 1.3301917e+10 Primal inf 1.9205484e+09 (237447)
Clp0006I 380197  Obj 1.3335273e+10 Primal inf 6.999444e+09 (229366)
Clp0006I 381197  Obj 1.349961e+10 Primal inf 2.4870375e+10 (236342)
Clp0006I 382197  Obj 1.3505921e+10 Primal inf 3.2592423e+09 (242351)
Clp0006I 383197  Obj 1.3511583e+10 Primal inf 2.9818833e+10 (215635)
Clp0006I 384197  Obj 1.3520933e+10 Primal inf 3.4003462e+09 (236008)
Clp0006I 385197  Obj 1.352676e+10 Primal inf 2.7461411e+09 (239129)
Clp0006I 386197  Obj 1.3537357e+10 Primal inf 1.0815139e+10 (214619)
Clp0006I 387197  Obj 1.3552512e+10 Primal inf 1.6356181e+10 (258035)
Clp0006I 388197  Obj 1.3573806e+10 Primal inf 3.1370365e+09 (261818)
Clp0006I 389197  Obj 1.3599541e+10 Primal inf 1.8153776e+10 (243021)
Clp0006I 390197  Obj 1.3615456e+10 Primal inf 2.7159795e+10 (258116)
Clp0006I 391197  Obj 1.3618683e+10 Primal inf 3.1982199e+09 (208675)
Clp0006I 392197  Obj 1.3630054e+10 Primal inf 1.1520442e+10 (247192)
Clp0006I 393197  Obj 1.3656855e+10 Primal inf 5.5004054e+09 (231516)
Clp0006I 394197  Obj 1.368382e+10 Primal inf 2.0907121e+09 (227538)
Clp0006I 395197  Obj 1.3705375e+10 Primal inf 1.3810164e+10 (267440)
Clp0006I 396197  Obj 1.3731838e+10 Primal inf 6.554439e+09 (276346)
Clp0006I 397197  Obj 1.3758059e+10 Primal inf 1.2051033e+10 (266297)
Clp0006I 398197  Obj 1.3775886e+10 Primal inf 7.3754251e+08 (196857)
Clp0006I 399197  Obj 1.3792979e+10 Primal inf 1.4769303e+09 (198201)
Clp0006I 400197  Obj 1.3805477e+10 Primal inf 2.5209972e+09 (227125)
Clp0006I 401197  Obj 1.3816869e+10 Primal inf 8.8908682e+08 (193923)
Clp0006I 402197  Obj 1.3823435e+10 Primal inf 7.3820709e+09 (239202)
Clp0006I 403197  Obj 1.3855205e+10 Primal inf 9.5681483e+08 (191999)
Clp0006I 404197  Obj 1.3883572e+10 Primal inf 1.5296545e+10 (259873)
Clp0006I 405197  Obj 1.3908395e+10 Primal inf 2.2003813e+10 (272772)
Clp0006I 406197  Obj 1.3938992e+10 Primal inf 2.3175632e+09 (220950)
Clp0006I 407197  Obj 1.3970233e+10 Primal inf 2.7928181e+09 (221607)
Clp0006I 408197  Obj 1.3999125e+10 Primal inf 3.5010659e+09 (233244)
Clp0006I 409197  Obj 1.4002134e+10 Primal inf 1.4790324e+10 (286480)
Clp0006I 410197  Obj 1.4013084e+10 Primal inf 1.7166667e+09 (236765)
Clp0006I 411197  Obj 1.4041806e+10 Primal inf 3.5268765e+10 (281865)
Clp0006I 412197  Obj 1.4065612e+10 Primal inf 1.4391152e+09 (240531)
Clp0006I 413197  Obj 1.407841e+10 Primal inf 1.6174891e+10 (234038)
Clp0006I 414197  Obj 1.4083015e+10 Primal inf 2.6114635e+10 (267970)
Clp0006I 415197  Obj 1.4096257e+10 Primal inf 5.9369909e+09 (221817)
Clp0006I 416197  Obj 1.4099917e+10 Primal inf 5.1594517e+09 (232144)
Clp0006I 417197  Obj 1.4109679e+10 Primal inf 2.302558e+10 (238677)
Clp0006I 418197  Obj 1.4116557e+10 Primal inf 1.1123257e+09 (189185)
Clp0006I 419197  Obj 1.4127764e+10 Primal inf 1.5283756e+10 (280427)
Clp0006I 420197  Obj 1.4137239e+10 Primal inf 4.1047153e+09 (238488)
Clp0006I 421197  Obj 1.4146306e+10 Primal inf 6.7372263e+09 (271726)
Clp0006I 422197  Obj 1.4156778e+10 Primal inf 9.8781174e+08 (211777)
Clp0006I 423197  Obj 1.417136e+10 Primal inf 9.7138357e+09 (238480)
Clp0006I 424197  Obj 1.4180813e+10 Primal inf 6.5653507e+09 (230299)
Clp0006I 425197  Obj 1.4185172e+10 Primal inf 1.2889452e+09 (221990)
Clp0006I 426197  Obj 1.4199605e+10 Primal inf 9.9043986e+08 (261529)
Clp0006I 427197  Obj 1.4221371e+10 Primal inf 1.4645723e+09 (228698)
Clp0006I 428197  Obj 1.424385e+10 Primal inf 2.5790518e+09 (289629)
Clp0006I 429197  Obj 1.4256406e+10 Primal inf 5.3597666e+09 (310088)
Clp0006I 430197  Obj 1.426181e+10 Primal inf 2.1021514e+09 (209660)
Clp0006I 431197  Obj 1.4283695e+10 Primal inf 4.486912e+09 (232504)
Clp0006I 432197  Obj 1.4295446e+10 Primal inf 6.7340258e+09 (255927)
Clp0006I 433197  Obj 1.4311492e+10 Primal inf 2.8235477e+09 (293363)
Clp0006I 434197  Obj 1.4318803e+10 Primal inf 3.4384352e+09 (249076)
Clp0006I 435197  Obj 1.4332475e+10 Primal inf 5.9251055e+09 (223705)
Clp0006I 436197  Obj 1.43502e+10 Primal inf 2.674406e+09 (205220)
Clp0006I 437197  Obj 1.4366511e+10 Primal inf 3.8682639e+10 (286349)
Clp0006I 438197  Obj 1.4372256e+10 Primal inf 1.3010256e+10 (268354)
Clp0006I 439197  Obj 1.4378e+10 Primal inf 4.1963005e+09 (219591)
Clp0006I 440197  Obj 1.438569e+10 Primal inf 9.4454872e+08 (220653)
Clp0006I 441197  Obj 1.4392217e+10 Primal inf 3.480154e+09 (226959)
Clp0006I 442197  Obj 1.4398489e+10 Primal inf 6.1341969e+09 (254238)
Clp0006I 443197  Obj 1.441232e+10 Primal inf 1.8038576e+09 (225913)
Clp0006I 444197  Obj 1.442325e+10 Primal inf 1.7275407e+09 (231384)
Clp0006I 445197  Obj 1.4436342e+10 Primal inf 1.7177801e+09 (233224)
Clp0006I 446197  Obj 1.4446678e+10 Primal inf 1.2818573e+09 (221041)
Clp0006I 447197  Obj 1.444932e+10 Primal inf 1.1997092e+09 (221285)
Clp0006I 448197  Obj 1.445345e+10 Primal inf 1.5133231e+09 (197361)
Clp0006I 449197  Obj 1.4474359e+10 Primal inf 3.3406843e+09 (219385)
Clp0006I 450197  Obj 1.4499345e+10 Primal inf 4.5150748e+09 (220777)
Clp0006I 451197  Obj 1.4504856e+10 Primal inf 6.4251419e+09 (245068)
Clp0006I 452197  Obj 1.4513448e+10 Primal inf 6.3221859e+10 (284280)
Clp0006I 453197  Obj 1.4517117e+10 Primal inf 8.8356708e+09 (253485)
Clp0006I 454197  Obj 1.4530455e+10 Primal inf 9.9130782e+09 (253352)
Clp0006I 455197  Obj 1.4540499e+10 Primal inf 9.9135116e+09 (253686)
Clp0006I 456197  Obj 1.4552208e+10 Primal inf 4.5811252e+09 (247039)
Clp0006I 457197  Obj 1.4569119e+10 Primal inf 4.8126613e+09 (246692)
Clp0006I 458197  Obj 1.4583127e+10 Primal inf 6.3462219e+09 (246800)
Clp0006I 459197  Obj 1.4606176e+10 Primal inf 4.8750444e+09 (246578)
Clp0006I 460197  Obj 1.460941e+10 Primal inf 3.9777556e+09 (247076)
Clp0006I 461197  Obj 1.4614385e+10 Primal inf 1.5226058e+10 (251230)
Clp0006I 462197  Obj 1.4616894e+10 Primal inf 1.6097306e+10 (251834)
Clp0006I 463197  Obj 1.4625377e+10 Primal inf 2.1967432e+12 (328003)
Clp0006I 464197  Obj 1.4630384e+10 Primal inf 1.0660712e+09 (197161)
Clp0006I 465197  Obj 1.4633083e+10 Primal inf 1.0156492e+09 (209031)
Clp0006I 466197  Obj 1.4643847e+10 Primal inf 5.008371e+09 (242046)
Clp0006I 467197  Obj 1.4653659e+10 Primal inf 1.7905316e+10 (251101)
Clp0006I 468197  Obj 1.4664735e+10 Primal inf 2.1756028e+10 (272393)
Clp0006I 469197  Obj 1.4679529e+10 Primal inf 6.0523328e+09 (251100)
Clp0006I 470197  Obj 1.4688033e+10 Primal inf 1.1564983e+10 (268019)
Clp0006I 471197  Obj 1.470913e+10 Primal inf 4.5174204e+09 (273808)
Clp0006I 472197  Obj 1.4716932e+10 Primal inf 6.4065759e+09 (293979)
Clp0006I 473197  Obj 1.4725606e+10 Primal inf 3.3864804e+09 (258026)
Clp0006I 474197  Obj 1.4740444e+10 Primal inf 9.5463493e+10 (293942)
Clp0006I 475197  Obj 1.4750135e+10 Primal inf 8.1739117e+09 (247866)
Clp0006I 476197  Obj 1.4759491e+10 Primal inf 9.5215608e+09 (227787)
Clp0006I 477197  Obj 1.4774715e+10 Primal inf 1.9073816e+10 (239768)
Clp0006I 478197  Obj 1.4780562e+10 Primal inf 3.903373e+10 (277583)
Clp0006I 479197  Obj 1.4793339e+10 Primal inf 9.4377501e+09 (275692)
Clp0006I 480197  Obj 1.4809307e+10 Primal inf 6.290298e+11 (303316)
Clp0006I 481197  Obj 1.4818266e+10 Primal inf 3.6942824e+11 (291239)
Clp0006I 482197  Obj 1.4833147e+10 Primal inf 7.1427654e+09 (297409)
Clp0006I 483197  Obj 1.4841895e+10 Primal inf 3.1030467e+09 (260098)
Clp0006I 484197  Obj 1.4849015e+10 Primal inf 4.7130564e+09 (281741)
Clp0006I 485197  Obj 1.4854788e+10 Primal inf 4.9816323e+09 (266306)
Clp0006I 486197  Obj 1.4881441e+10 Primal inf 7.4670997e+09 (296250)
Clp0006I 487197  Obj 1.4897304e+10 Primal inf 1.9669947e+10 (310990)
Clp0006I 488197  Obj 1.4899808e+10 Primal inf 4.918791e+10 (320409)
Clp0006I 489197  Obj 1.4917797e+10 Primal inf 4.1560695e+09 (289600)
Clp0006I 490197  Obj 1.4943319e+10 Primal inf 2.9553335e+10 (285495)
Clp0006I 491197  Obj 1.4949322e+10 Primal inf 9.5346701e+10 (382626)
Clp0006I 492197  Obj 1.4962686e+10 Primal inf 1.7917083e+10 (309952)
Clp0006I 493197  Obj 1.4971274e+10 Primal inf 1.8924136e+10 (322600)
Clp0006I 494197  Obj 1.4984482e+10 Primal inf 7.3296613e+10 (298335)
Clp0006I 495197  Obj 1.5010632e+10 Primal inf 6.4482961e+10 (309882)
Clp0006I 496197  Obj 1.5021815e+10 Primal inf 2.1811045e+10 (258112)
Clp0006I 497197  Obj 1.5022428e+10 Primal inf 2.1632503e+09 (245565)
Clp0006I 498197  Obj 1.5038196e+10 Primal inf 1.9206572e+09 (232272)
Clp0006I 499197  Obj 1.5052526e+10 Primal inf 5.2323113e+10 (294989)
Clp0006I 500197  Obj 1.5068192e+10 Primal inf 3.3998613e+10 (300625)
Clp0006I 501197  Obj 1.5074156e+10 Primal inf 2.1227941e+10 (301542)
Clp0006I 502197  Obj 1.5075838e+10 Primal inf 1.3530235e+10 (273984)
Clp0006I 503197  Obj 1.5078644e+10 Primal inf 1.6854635e+10 (271886)
Clp0006I 504197  Obj 1.5081243e+10 Primal inf 1.9432526e+10 (280733)
Clp0006I 505197  Obj 1.5081621e+10 Primal inf 7.6301852e+09 (272268)
Clp0006I 506197  Obj 1.5087119e+10 Primal inf 3.8471566e+11 (287848)
Clp0006I 507197  Obj 1.5097747e+10 Primal inf 1.83454e+10 (273539)
Clp0006I 508197  Obj 1.510198e+10 Primal inf 2.497809e+10 (261305)
Clp0006I 509197  Obj 1.510806e+10 Primal inf 1.3514054e+10 (250361)
Clp0006I 510197  Obj 1.5109747e+10 Primal inf 1.5121961e+10 (343199)
Clp0006I 511197  Obj 1.5116502e+10 Primal inf 1.6321259e+12 (322695)
Clp0006I 512197  Obj 1.5123772e+10 Primal inf 3.6594714e+09 (239129)
Clp0006I 513197  Obj 1.5136404e+10 Primal inf 5.519006e+09 (264525)
Clp0006I 514197  Obj 1.5143977e+10 Primal inf 2.7190976e+10 (370512)
Clp0006I 515197  Obj 1.5148061e+10 Primal inf 5.3091937e+09 (347518)
Clp0006I 516197  Obj 1.5152073e+10 Primal inf 1.6213736e+10 (350920)
Clp0006I 517197  Obj 1.5157777e+10 Primal inf 3.5607678e+11 (320709)
Clp0006I 518197  Obj 1.5169075e+10 Primal inf 1.5260459e+10 (291643)
Clp0006I 519197  Obj 1.5176146e+10 Primal inf 1.54425e+10 (322154)
Clp0006I 520197  Obj 1.518019e+10 Primal inf 1.1829801e+10 (294080)
Clp0006I 521197  Obj 1.5184907e+10 Primal inf 2.3750595e+09 (233879)
Clp0006I 522197  Obj 1.5186718e+10 Primal inf 4.3544334e+09 (314825)
Clp0006I 523197  Obj 1.5190954e+10 Primal inf 1.936956e+10 (313483)
Clp0006I 524197  Obj 1.5192494e+10 Primal inf 7.2922612e+09 (247623)
Clp0006I 525197  Obj 1.5194317e+10 Primal inf 2.9984534e+10 (342180)
Clp0006I 526197  Obj 1.5205521e+10 Primal inf 3.369427e+10 (359144) Dual inf 1.0177698e-09 (1)
Clp0006I 527197  Obj 1.5208946e+10 Primal inf 7.0971113e+10 (349755)
Clp0006I 528197  Obj 1.5212235e+10 Primal inf 6.2781267e+10 (333685)
Clp0006I 529197  Obj 1.521591e+10 Primal inf 5.3290794e+09 (318295)
Clp0006I 530197  Obj 1.5218473e+10 Primal inf 8.4250311e+09 (270302)
Clp0006I 531197  Obj 1.5221691e+10 Primal inf 9.7099506e+09 (299099)
Clp0006I 532197  Obj 1.5229735e+10 Primal inf 2.8533155e+10 (333526)
Clp0006I 533197  Obj 1.5241818e+10 Primal inf 1.9704022e+10 (264227)
Clp0006I 534197  Obj 1.5251607e+10 Primal inf 1.2785663e+10 (282263)
Clp0006I 535197  Obj 1.5268018e+10 Primal inf 1.7173026e+10 (311408)
Clp0006I 536197  Obj 1.5278869e+10 Primal inf 1.2775238e+11 (335635)
Clp0006I 537197  Obj 1.5291073e+10 Primal inf 4.5027696e+11 (354208)
Clp0006I 538197  Obj 1.5303266e+10 Primal inf 2.370447e+10 (269115)
Clp0006I 539197  Obj 1.5310104e+10 Primal inf 8.7106666e+10 (356783)
Clp0006I 540197  Obj 1.5319726e+10 Primal inf 3.1682803e+10 (303812)
Clp0006I 541197  Obj 1.532577e+10 Primal inf 4.2286835e+10 (312612)
Clp0006I 542197  Obj 1.5335167e+10 Primal inf 8.8960417e+10 (293341)
Clp0006I 543197  Obj 1.5343216e+10 Primal inf 7.2942847e+10 (259700)
Clp0006I 544197  Obj 1.5350704e+10 Primal inf 8.7779681e+10 (376134)
Clp0006I 545197  Obj 1.5353024e+10 Primal inf 4.5016436e+09 (287718)
Clp0006I 546197  Obj 1.5358437e+10 Primal inf 1.142026e+10 (278527)
Clp0006I 547197  Obj 1.536276e+10 Primal inf 4.0773822e+09 (260705)
Clp0006I 548197  Obj 1.5367629e+10 Primal inf 6.7009382e+10 (306241)
Clp0006I 549197  Obj 1.5375718e+10 Primal inf 1.8100117e+10 (290160)
Clp0006I 550197  Obj 1.5382311e+10 Primal inf 1.8543047e+11 (344309)
Clp0006I 551197  Obj 1.5389126e+10 Primal inf 3.4094861e+10 (332328)
Clp0006I 552197  Obj 1.5393161e+10 Primal inf 1.7147286e+10 (340363)
Clp0006I 553197  Obj 1.5397068e+10 Primal inf 1.8495821e+10 (307877)
Clp0006I 554197  Obj 1.5406243e+10 Primal inf 4.2812087e+10 (319722)
Clp0006I 555197  Obj 1.5419174e+10 Primal inf 6.3402197e+10 (328836)
Clp0006I 556197  Obj 1.543006e+10 Primal inf 6.9550817e+10 (370347)
Clp0006I 557197  Obj 1.5445077e+10 Primal inf 4.6185703e+10 (292574)
Clp0006I 558197  Obj 1.5446186e+10 Primal inf 1.2894179e+10 (295106)
Clp0006I 559197  Obj 1.5448495e+10 Primal inf 5.6273229e+10 (321935)
Clp0006I 560197  Obj 1.5461849e+10 Primal inf 7.6571592e+11 (327474)
Clp0006I 561197  Obj 1.5471328e+10 Primal inf 6.0374525e+11 (339397)
Clp0006I 562197  Obj 1.5475654e+10 Primal inf 5.7185886e+10 (341799)
Clp0006I 563197  Obj 1.5479632e+10 Primal inf 4.3777542e+10 (322370)
Clp0006I 564197  Obj 1.5484174e+10 Primal inf 9.0334304e+09 (325749)
Clp0006I 565197  Obj 1.5485284e+10 Primal inf 1.1018807e+10 (303176)
Clp0006I 566197  Obj 1.5488315e+10 Primal inf 1.3107981e+10 (327812)
Clp0006I 567197  Obj 1.5494098e+10 Primal inf 4.8402287e+10 (363050)
Clp0006I 568197  Obj 1.5499344e+10 Primal inf 4.5031953e+11 (304022)
Clp0006I 569197  Obj 1.5507691e+10 Primal inf 3.782608e+11 (296446)
Clp0006I 570197  Obj 1.5524288e+10 Primal inf 2.2282541e+12 (285456)
Clp0006I 571197  Obj 1.5529139e+10 Primal inf 9.9368618e+10 (356056)
Clp0006I 572197  Obj 1.5533299e+10 Primal inf 1.008155e+11 (293470)
Clp0006I 573197  Obj 1.5538649e+10 Primal inf 1.4958439e+10 (321633)
Clp0006I 574197  Obj 1.5543846e+10 Primal inf 7.0818871e+09 (344572)
Clp0006I 575197  Obj 1.5545757e+10 Primal inf 1.0600601e+11 (330549)
Clp0006I 576197  Obj 1.554904e+10 Primal inf 3.9946562e+10 (339474)
Clp0006I 577197  Obj 1.5554958e+10 Primal inf 3.1648265e+11 (338225)
Clp0006I 578197  Obj 1.555945e+10 Primal inf 3.4415594e+10 (356877)
Clp0006I 579197  Obj 1.556466e+10 Primal inf 2.611773e+09 (281217)
Clp0006I 580197  Obj 1.5569611e+10 Primal inf 1.5256097e+11 (320155)
Clp0006I 581197  Obj 1.557749e+10 Primal inf 3.0571726e+11 (287560)
Clp0006I 582197  Obj 1.5590621e+10 Primal inf 1.1596271e+10 (295855)
Clp0006I 583197  Obj 1.5599149e+10 Primal inf 2.9691364e+10 (314350)
Clp0006I 584197  Obj 1.5609454e+10 Primal inf 5.9536535e+09 (289956)
Clp0006I 585197  Obj 1.561962e+10 Primal inf 7.3955319e+11 (314617)
Clp0006I 586197  Obj 1.5632462e+10 Primal inf 2.1811292e+11 (325770)
Clp0006I 587197  Obj 1.5643047e+10 Primal inf 1.3065259e+11 (321827)
Clp0006I 588197  Obj 1.5648675e+10 Primal inf 7.9358597e+11 (373210)
Clp0006I 589197  Obj 1.5655127e+10 Primal inf 2.8050631e+10 (340373)
Clp0006I 590197  Obj 1.5664829e+10 Primal inf 1.83041e+11 (329617)
Clp0006I 591197  Obj 1.5671834e+10 Primal inf 7.7395256e+09 (324015)
Clp0006I 592197  Obj 1.5680209e+10 Primal inf 2.235815e+10 (328984)
Clp0006I 593197  Obj 1.5688091e+10 Primal inf 1.0009151e+11 (308267)
Clp0006I 594197  Obj 1.5696235e+10 Primal inf 1.9488927e+10 (327336)
Clp0006I 595197  Obj 1.5709042e+10 Primal inf 3.1281171e+10 (338037)
Clp0006I 596197  Obj 1.5727373e+10 Primal inf 2.3317306e+10 (356162)
Clp0006I 597197  Obj 1.574085e+10 Primal inf 8.4923896e+10 (290456)
Clp0006I 598197  Obj 1.5750756e+10 Primal inf 1.01582e+10 (295147)
Clp0006I 599197  Obj 1.5766704e+10 Primal inf 2.2413852e+09 (270032)
Clp0006I 600197  Obj 1.5784807e+10 Primal inf 1.260619e+10 (297332)
Clp0006I 601197  Obj 1.5796931e+10 Primal inf 1.365281e+11 (408832)
Clp0006I 602197  Obj 1.5814296e+10 Primal inf 1.7427349e+11 (379964)
Clp0006I 603197  Obj 1.5822133e+10 Primal inf 2.0464538e+10 (297964)
Clp0006I 604197  Obj 1.5828866e+10 Primal inf 3.0044409e+10 (381273)
Clp0006I 605197  Obj 1.5838324e+10 Primal inf 3.1844983e+10 (360532)
Clp0006I 606197  Obj 1.5856578e+10 Primal inf 3.0565438e+10 (339550)
Clp0006I 607197  Obj 1.5877333e+10 Primal inf 6.3202422e+09 (299691)
Clp0006I 608197  Obj 1.5896182e+10 Primal inf 1.022392e+11 (312599)
Clp0006I 609197  Obj 1.5911876e+10 Primal inf 1.4670875e+10 (326719)
Clp0006I 610197  Obj 1.5929847e+10 Primal inf 2.4466345e+10 (273456)
Clp0006I 611197  Obj 1.5939801e+10 Primal inf 2.3536866e+10 (403401)
Clp0006I 612197  Obj 1.5965744e+10 Primal inf 5.839538e+12 (364094)
Clp0006I 613197  Obj 1.599505e+10 Primal inf 8.9917804e+11 (307551)
Clp0006I 614197  Obj 1.6041261e+10 Primal inf 1.2283528e+12 (300911)
Clp0006I 615197  Obj 1.60845e+10 Primal inf 1.3770579e+10 (300971)
Clp0006I 616089  Obj 1.6099654e+10 Primal inf 2.9062248e+09 (312168)
Clp0006I 617089  Obj 1.6110572e+10 Primal inf 2.5953831e+10 (376355)
Clp0006I 618089  Obj 1.6123139e+10 Primal inf 2.0428734e+09 (338769)
Clp0006I 619089  Obj 1.6139968e+10 Primal inf 1.7418394e+10 (380689)
Clp0006I 620089  Obj 1.6150075e+10 Primal inf 3.0192525e+10 (370507)
Clp0006I 621089  Obj 1.6158163e+10 Primal inf 3.9644773e+11 (377570)
Clp0006I 622089  Obj 1.6167739e+10 Primal inf 2.9278668e+10 (335789)
Clp0006I 623089  Obj 1.6183875e+10 Primal inf 2.7278406e+10 (350379)
Clp0006I 624089  Obj 1.6194635e+10 Primal inf 1.9916027e+10 (369516)
Clp0006I 624971  Obj 1.6205872e+10 Primal inf 1.3564595e+10 (333843)
Clp0006I 625971  Obj 1.6215305e+10 Primal inf 6.7636308e+10 (304109)
Clp0006I 626971  Obj 1.622261e+10 Primal inf 3.048555e+10 (328435)
Clp0006I 627971  Obj 1.6233378e+10 Primal inf 4.2304057e+09 (321771)
Clp0006I 628971  Obj 1.6244827e+10 Primal inf 3.1253293e+10 (347812)
Clp0006I 629971  Obj 1.6256732e+10 Primal inf 6.8383005e+11 (344257)
Clp0006I 630971  Obj 1.6264393e+10 Primal inf 1.1355918e+12 (369791)
Clp0006I 631971  Obj 1.6270502e+10 Primal inf 1.4732415e+10 (350200)
Clp0006I 632971  Obj 1.6275012e+10 Primal inf 3.218268e+11 (399846)
Clp0006I 633971  Obj 1.6276974e+10 Primal inf 8.7676466e+10 (429291)
Clp0006I 634971  Obj 1.6286332e+10 Primal inf 3.6579141e+10 (333099)
Clp0006I 635971  Obj 1.6290694e+10 Primal inf 4.0762136e+11 (372539)
Clp0006I 636322  Obj 1.62936e+10 Primal inf 6.3363089e+09 (400758)
Clp0006I 637322  Obj 1.6301718e+10 Primal inf 6.3436182e+10 (363379)
Clp0006I 638322  Obj 1.6335524e+10 Primal inf 4.3860932e+10 (377583)
Clp0006I 639322  Obj 1.6341843e+10 Primal inf 3.1081024e+10 (342517)
Clp0006I 640322  Obj 1.6351097e+10 Primal inf 7.0811325e+11 (409544)
Clp0006I 641322  Obj 1.6359599e+10 Primal inf 3.2024803e+10 (279496)
Clp0006I 642322  Obj 1.6366943e+10 Primal inf 3.4493573e+11 (379935)
Clp0006I 643322  Obj 1.6373764e+10 Primal inf 6.1912259e+10 (362411)
Clp0006I 644322  Obj 1.6380404e+10 Primal inf 9.5295261e+09 (318277)
Clp0006I 645322  Obj 1.6383223e+10 Primal inf 1.2583665e+11 (335883)
Clp0006I 646322  Obj 1.6390274e+10 Primal inf 1.9306843e+10 (364406)
Clp0006I 647322  Obj 1.6400456e+10 Primal inf 6.9906728e+10 (387299)
Clp0006I 648322  Obj 1.6414649e+10 Primal inf 2.1154747e+10 (318925)
Clp0006I 649322  Obj 1.6421143e+10 Primal inf 1.8379699e+12 (355498)
Clp0006I 650322  Obj 1.6431274e+10 Primal inf 2.5159648e+10 (364459)
Clp0006I 651322  Obj 1.6443244e+10 Primal inf 3.5926957e+10 (379533)
Clp0006I 652322  Obj 1.6450499e+10 Primal inf 3.3295286e+09 (288680)
Clp0006I 653322  Obj 1.6455865e+10 Primal inf 8.8066729e+09 (292252)
Clp0006I 654322  Obj 1.6461748e+10 Primal inf 4.3858638e+10 (351879)
Clp0006I 655322  Obj 1.6466561e+10 Primal inf 1.3553805e+10 (294690)
Clp0006I 656322  Obj 1.6473969e+10 Primal inf 2.419468e+11 (383657)
Clp0006I 657322  Obj 1.6479736e+10 Primal inf 1.9133883e+10 (394529)
Clp0006I 658322  Obj 1.6489107e+10 Primal inf 1.6951397e+11 (410852)
Clp0006I 659322  Obj 1.6497953e+10 Primal inf 1.7700037e+10 (325346)
Clp0006I 660322  Obj 1.6512409e+10 Primal inf 1.6237177e+11 (363456)
Clp0006I 661322  Obj 1.6518806e+10 Primal inf 2.0478659e+11 (402827)
Clp0006I 662322  Obj 1.6525058e+10 Primal inf 6.3363956e+10 (393316)
Clp0006I 663322  Obj 1.6535046e+10 Primal inf 1.6413674e+10 (303361)
Clp0006I 664322  Obj 1.6545689e+10 Primal inf 2.0211627e+10 (347823)
Clp0006I 665322  Obj 1.6551717e+10 Primal inf 1.4896226e+10 (286188)
Clp0006I 666322  Obj 1.6564246e+10 Primal inf 3.5120736e+10 (421553)
Clp0006I 667322  Obj 1.6575939e+10 Primal inf 9.114639e+11 (379390)
Clp0006I 668322  Obj 1.6583618e+10 Primal inf 1.1820372e+12 (423061)
Clp0006I 669322  Obj 1.6590526e+10 Primal inf 1.2716972e+11 (330088)
Clp0006I 670322  Obj 1.660275e+10 Primal inf 9.1089034e+10 (332308)
Clp0006I 671322  Obj 1.6605143e+10 Primal inf 3.3109523e+10 (370098)
Clp0006I 672322  Obj 1.6614502e+10 Primal inf 5.5715418e+10 (340493)
Clp0006I 673322  Obj 1.6623093e+10 Primal inf 2.2348694e+11 (316977)
Clp0006I 674322  Obj 1.6631492e+10 Primal inf 7.653953e+10 (356528)
Clp0006I 675322  Obj 1.6640805e+10 Primal inf 5.6146437e+10 (401898)
Clp0006I 676322  Obj 1.6662482e+10 Primal inf 2.0907776e+11 (345582)
Clp0006I 677322  Obj 1.6679519e+10 Primal inf 1.0823376e+10 (324308)
Clp0006I 678322  Obj 1.6702298e+10 Primal inf 1.9302099e+10 (302513)
Clp0006I 679322  Obj 1.6727171e+10 Primal inf 3.5118379e+10 (317779)
Clp0006I 680322  Obj 1.6738154e+10 Primal inf 1.3434596e+11 (352916)
Clp0006I 681322  Obj 1.6755353e+10 Primal inf 6.2279269e+11 (397144)
Clp0006I 682322  Obj 1.6772521e+10 Primal inf 7.6882985e+10 (345029)
Clp0006I 683322  Obj 1.6780772e+10 Primal inf 7.5136046e+11 (376960)
Clp0006I 684322  Obj 1.6802153e+10 Primal inf 6.6785575e+11 (319384)
Clp0006I 685322  Obj 1.6817286e+10 Primal inf 4.0563187e+11 (342731)
Clp0006I 686322  Obj 1.6829032e+10 Primal inf 2.9089797e+11 (341406)
Clp0006I 687322  Obj 1.6839814e+10 Primal inf 9.8582572e+10 (290984)
Clp0006I 688322  Obj 1.685166e+10 Primal inf 7.8140905e+11 (330108)
Clp0006I 689322  Obj 1.6860602e+10 Primal inf 5.5780501e+10 (308367)
Clp0006I 690322  Obj 1.6870013e+10 Primal inf 1.209005e+11 (357672)
Clp0006I 691322  Obj 1.6886547e+10 Primal inf 3.5276616e+11 (392307)
Clp0006I 692322  Obj 1.6898474e+10 Primal inf 5.0719923e+11 (373000)
Clp0006I 693322  Obj 1.6914303e+10 Primal inf 7.3666701e+10 (391550)
Clp0006I 694322  Obj 1.6929259e+10 Primal inf 1.1513078e+11 (370226)
Clp0006I 694990  Obj 1.6935648e+10 Primal inf 1.6104816e+11 (304078)
Clp0006I 695990  Obj 1.6949064e+10 Primal inf 3.4128408e+11 (346754)
Clp0006I 696990  Obj 1.6962138e+10 Primal inf 7.6493749e+09 (328636)
Clp0006I 697990  Obj 1.6976421e+10 Primal inf 3.0354484e+10 (354598)
Clp0006I 698990  Obj 1.698658e+10 Primal inf 1.8821194e+11 (400623)
Clp0006I 699990  Obj 1.7028103e+10 Primal inf 6.5750376e+10 (400158)
Clp0006I 700990  Obj 1.704166e+10 Primal inf 1.1840062e+12 (388498)
Clp0006I 701990  Obj 1.7051584e+10 Primal inf 1.0258681e+11 (356296)
Clp0006I 702990  Obj 1.7068394e+10 Primal inf 6.0773655e+11 (360988)
Clp0006I 703990  Obj 1.7079603e+10 Primal inf 2.5654422e+11 (402978)
Clp0006I 704990  Obj 1.7088424e+10 Primal inf 9.1517078e+10 (295138)
Clp0006I 705990  Obj 1.7099443e+10 Primal inf 9.8664264e+09 (346011)
Clp0006I 706990  Obj 1.7115317e+10 Primal inf 2.4601297e+11 (407234)
Clp0006I 707990  Obj 1.7128146e+10 Primal inf 5.8650519e+11 (392716)
Clp0006I 708990  Obj 1.7150478e+10 Primal inf 4.5630897e+10 (383022)
Clp0006I 709990  Obj 1.7177393e+10 Primal inf 3.5294748e+10 (367183)
Clp0006I 710990  Obj 1.719517e+10 Primal inf 2.0724618e+10 (320724)
Clp0006I 711990  Obj 1.7215205e+10 Primal inf 1.8395969e+11 (387003)
Clp0006I 712990  Obj 1.7231043e+10 Primal inf 3.3698082e+11 (401871)
Clp0006I 713990  Obj 1.7242158e+10 Primal inf 5.8215188e+10 (389729)
Clp0006I 714990  Obj 1.7259703e+10 Primal inf 2.1318927e+10 (386909)
Clp0006I 715990  Obj 1.7273054e+10 Primal inf 3.4871345e+10 (365318)
Clp0006I 716990  Obj 1.7283535e+10 Primal inf 1.1085845e+11 (364861)
Clp0006I 717990  Obj 1.7297074e+10 Primal inf 1.3372682e+11 (401785)
Clp0006I 718990  Obj 1.7302099e+10 Primal inf 1.510572e+11 (398830)
Clp0006I 719990  Obj 1.7313065e+10 Primal inf 7.0830507e+10 (334533)
Clp0006I 720990  Obj 1.7328308e+10 Primal inf 1.6008686e+11 (357198)
Clp0006I 721990  Obj 1.7339763e+10 Primal inf 2.165096e+11 (418090)
Clp0006I 722990  Obj 1.7348758e+10 Primal inf 1.4170916e+11 (359983)
Clp0006I 723990  Obj 1.7360035e+10 Primal inf 5.0828004e+10 (436430)
Clp0006I 724990  Obj 1.7374254e+10 Primal inf 1.0526318e+10 (313941)
Clp0006I 725990  Obj 1.7382762e+10 Primal inf 1.9176456e+11 (336870)
Clp0006I 726990  Obj 1.7398086e+10 Primal inf 3.3682244e+10 (376738)
Clp0006I 727990  Obj 1.7408505e+10 Primal inf 3.6395905e+10 (379092)
Clp0006I 728990  Obj 1.7415709e+10 Primal inf 1.065243e+11 (415661)
Clp0006I 729990  Obj 1.7422827e+10 Primal inf 8.5553441e+10 (339363)
Clp0006I 730990  Obj 1.7431331e+10 Primal inf 1.1375213e+10 (314306)
Clp0006I 731990  Obj 1.7438599e+10 Primal inf 9.6545653e+09 (297391)
Clp0006I 732990  Obj 1.744853e+10 Primal inf 2.7419647e+10 (354131)
Clp0006I 733990  Obj 1.7464291e+10 Primal inf 3.0581391e+10 (329516)
Clp0006I 734990  Obj 1.7477421e+10 Primal inf 3.6793216e+11 (413313)
Clp0006I 735990  Obj 1.7484713e+10 Primal inf 1.2977821e+11 (352043)
Clp0006I 736990  Obj 1.7492701e+10 Primal inf 2.4255372e+10 (363661)
Clp0006I 737990  Obj 1.7500806e+10 Primal inf 2.0213659e+10 (371419)
Clp0006I 738990  Obj 1.7506436e+10 Primal inf 3.2657259e+11 (357838)
Clp0006I 739990  Obj 1.7511475e+10 Primal inf 7.9667693e+09 (324615)
Clp0006I 740990  Obj 1.7521639e+10 Primal inf 8.7468823e+10 (336166)
Clp0006I 741990  Obj 1.7529194e+10 Primal inf 1.1393369e+11 (364030)
Clp0006I 742990  Obj 1.7542313e+10 Primal inf 5.8050093e+11 (395465)
Clp0006I 743990  Obj 1.755168e+10 Primal inf 6.3782694e+09 (370618)
Clp0006I 744990  Obj 1.7557463e+10 Primal inf 1.0587894e+11 (343111)
Clp0006I 745990  Obj 1.7568908e+10 Primal inf 4.1270951e+10 (386766)
Clp0006I 746990  Obj 1.7575085e+10 Primal inf 8.706961e+10 (362543)
Clp0006I 747990  Obj 1.7589334e+10 Primal inf 2.8944306e+11 (401868)
Clp0006I 748990  Obj 1.7595191e+10 Primal inf 7.4499275e+10 (418057)
Clp0006I 749990  Obj 1.7603333e+10 Primal inf 8.2421814e+10 (337097)
Clp0006I 750990  Obj 1.7608131e+10 Primal inf 2.4105068e+10 (350613)
Clp0006I 751990  Obj 1.761477e+10 Primal inf 4.3384729e+10 (362430)
Clp0006I 752990  Obj 1.7622675e+10 Primal inf 4.1402948e+10 (369093)
Clp0006I 753990  Obj 1.7628941e+10 Primal inf 9.7852367e+09 (335284)
Clp0006I 754990  Obj 1.763904e+10 Primal inf 1.4810822e+11 (396849)
Clp0006I 755990  Obj 1.7647425e+10 Primal inf 1.1802869e+11 (371549)
Clp0006I 756990  Obj 1.7654699e+10 Primal inf 6.5805842e+10 (418504)
Clp0006I 757990  Obj 1.7662424e+10 Primal inf 2.2251675e+10 (325037)
Clp0006I 758990  Obj 1.766871e+10 Primal inf 6.9287082e+09 (271357)
Clp0006I 759990  Obj 1.7672616e+10 Primal inf 6.731001e+10 (379502)
Clp0006I 760990  Obj 1.767813e+10 Primal inf 9.440195e+10 (417684)
Clp0006I 761990  Obj 1.7703237e+10 Primal inf 4.8099164e+11 (471725)
Clp0006I 762990  Obj 1.7718156e+10 Primal inf 4.388571e+10 (315106)
Clp0006I 763990  Obj 1.7732036e+10 Primal inf 6.223599e+10 (418391)
Clp0006I 764990  Obj 1.7737008e+10 Primal inf 2.0229834e+11 (358441)
Clp0006I 765990  Obj 1.7745211e+10 Primal inf 3.4245061e+10 (391462)
Clp0006I 766990  Obj 1.7750135e+10 Primal inf 7.6704988e+09 (382285)
Clp0006I 767990  Obj 1.77558e+10 Primal inf 5.4243163e+10 (330044)
Clp0006I 768990  Obj 1.7756744e+10 Primal inf 9.6586435e+09 (354629)
Clp0006I 769990  Obj 1.7761942e+10 Primal inf 2.7200704e+10 (330610)
Clp0006I 770990  Obj 1.7772509e+10 Primal inf 2.5364982e+11 (351098)
Clp0006I 771990  Obj 1.7781883e+10 Primal inf 1.7150937e+10 (369233)
Clp0006I 772990  Obj 1.7788476e+10 Primal inf 2.6530761e+10 (376830)
Clp0006I 773990  Obj 1.7793302e+10 Primal inf 8.3966055e+10 (406145)
Clp0006I 774990  Obj 1.7800214e+10 Primal inf 4.347013e+10 (362832)
Clp0006I 775990  Obj 1.7805768e+10 Primal inf 9.6328544e+09 (365362)
Clp0006I 776990  Obj 1.7812717e+10 Primal inf 1.7461381e+10 (367511)
Clp0006I 777990  Obj 1.7816481e+10 Primal inf 7.9375317e+11 (380039)
Clp0006I 778990  Obj 1.7822801e+10 Primal inf 5.5045668e+10 (378221)
Clp0006I 779990  Obj 1.782781e+10 Primal inf 2.4757997e+10 (358499)
Clp0006I 780990  Obj 1.7838241e+10 Primal inf 1.7250807e+11 (397499)
Clp0006I 781990  Obj 1.7843262e+10 Primal inf 8.3760297e+09 (325510)
Clp0006I 782990  Obj 1.7851301e+10 Primal inf 2.7224705e+10 (376286)
Clp0006I 783990  Obj 1.785865e+10 Primal inf 1.6238216e+10 (362602)
Clp0006I 784990  Obj 1.7860394e+10 Primal inf 2.473382e+10 (342005)
Clp0006I 785990  Obj 1.7866294e+10 Primal inf 7.8459502e+10 (324141)
Clp0006I 786990  Obj 1.787497e+10 Primal inf 1.6364045e+10 (370919)
Clp0006I 787990  Obj 1.7887095e+10 Primal inf 2.639464e+10 (353241)
Clp0006I 788990  Obj 1.7894865e+10 Primal inf 2.73357e+11 (361854)
Clp0006I 789990  Obj 1.7897784e+10 Primal inf 7.099195e+10 (409832)
Clp0006I 790990  Obj 1.7910682e+10 Primal inf 6.1721992e+11 (351871)
Clp0006I 791990  Obj 1.7924863e+10 Primal inf 1.4123338e+11 (362295)
Clp0006I 792990  Obj 1.7934844e+10 Primal inf 6.1609635e+10 (350204)
Clp0006I 793990  Obj 1.7941034e+10 Primal inf 2.6055129e+10 (347774)
Clp0006I 794990  Obj 1.7947713e+10 Primal inf 1.1076254e+10 (305702)
Clp0006I 795990  Obj 1.7956289e+10 Primal inf 3.5676605e+10 (332758)
Clp0006I 796990  Obj 1.796672e+10 Primal inf 9.6310527e+10 (327846)
Clp0006I 797990  Obj 1.7976054e+10 Primal inf 2.4702691e+11 (411525)
Clp0006I 798990  Obj 1.7983861e+10 Primal inf 2.8767278e+10 (296826)
Clp0006I 799990  Obj 1.7991209e+10 Primal inf 7.6686335e+09 (311394)
Clp0006I 800990  Obj 1.7999569e+10 Primal inf 6.5670137e+10 (348509)
Clp0006I 801990  Obj 1.8010599e+10 Primal inf 1.2640005e+11 (302101)
Clp0006I 802990  Obj 1.802664e+10 Primal inf 9.1761356e+09 (320085)
Clp0006I 803990  Obj 1.8045484e+10 Primal inf 1.6079069e+11 (455279)
Clp0006I 804990  Obj 1.8059498e+10 Primal inf 2.6709321e+10 (329110)
Clp0006I 805990  Obj 1.8074482e+10 Primal inf 9.1446676e+10 (350608)
Clp0006I 806990  Obj 1.8089673e+10 Primal inf 5.83397e+10 (316726)
Clp0006I 807990  Obj 1.8102863e+10 Primal inf 2.8164531e+10 (320216)
Clp0006I 808990  Obj 1.8116508e+10 Primal inf 2.7154689e+10 (314710)
Clp0006I 809990  Obj 1.8130399e+10 Primal inf 4.3432963e+10 (372391)
Clp0006I 810990  Obj 1.8143576e+10 Primal inf 1.7887238e+10 (299527)
Clp0006I 811990  Obj 1.8149734e+10 Primal inf 2.4358542e+11 (365956)
Clp0006I 812990  Obj 1.8157782e+10 Primal inf 9.5662761e+10 (373878)
Clp0006I 813990  Obj 1.8168235e+10 Primal inf 2.9564059e+10 (285753)
Clp0006I 814990  Obj 1.8189088e+10 Primal inf 1.4199155e+11 (329947)
Clp0006I 815990  Obj 1.8197224e+10 Primal inf 1.4187763e+11 (340000)
Clp0006I 816990  Obj 1.8201206e+10 Primal inf 6.9829602e+09 (334351)
Clp0006I 817990  Obj 1.8212937e+10 Primal inf 1.279837e+10 (299529)
Clp0006I 818990  Obj 1.8227928e+10 Primal inf 1.2219324e+10 (317649)
Clp0006I 819990  Obj 1.8237415e+10 Primal inf 1.2876895e+10 (336582)
Clp0006I 820990  Obj 1.8240229e+10 Primal inf 1.1813198e+11 (305888)
Clp0006I 821990  Obj 1.8247235e+10 Primal inf 1.9606504e+11 (339224)
Clp0006I 822990  Obj 1.8256848e+10 Primal inf 1.2128421e+10 (298605)
Clp0006I 823990  Obj 1.8268787e+10 Primal inf 7.3954721e+09 (337761)
Clp0006I 824990  Obj 1.828291e+10 Primal inf 1.4802576e+10 (337011)
Clp0006I 825990  Obj 1.8290298e+10 Primal inf 1.4733176e+10 (348516)
Clp0006I 826990  Obj 1.8298176e+10 Primal inf 1.6611084e+10 (308862)
Clp0006I 827990  Obj 1.8307667e+10 Primal inf 4.1331256e+12 (335014)
Clp0006I 828867  Obj 1.8333124e+10 Primal inf 4.5663143e+11 (316755)
Clp0006I 829867  Obj 1.8389685e+10 Primal inf 3.7891071e+10 (370765)
Clp0006I 830698  Obj 1.8450958e+10 Primal inf 2.2920359e+11 (315113) Dual inf 1.1116208e-13 (1)
Clp0006I 831698  Obj 1.8488269e+10 Primal inf 3.7606149e+10 (279461)
Clp0006I 832698  Obj 1.8584748e+10 Primal inf 5.5313814e+10 (323737)
Clp0006I 833698  Obj 1.8592482e+10 Primal inf 6.5164142e+10 (303050)
Clp0006I 834698  Obj 1.8600727e+10 Primal inf 4.2969356e+09 (264937)
Clp0006I 835698  Obj 1.8604986e+10 Primal inf 3.8285899e+10 (346437)
Clp0006I 836698  Obj 1.8611372e+10 Primal inf 3.3955865e+10 (354977)
Clp0006I 837698  Obj 1.8617498e+10 Primal inf 9.2546011e+09 (301104)
Clp0006I 838698  Obj 1.8619962e+10 Primal inf 3.2436615e+10 (383457)
Clp0006I 839698  Obj 1.8629516e+10 Primal inf 3.4802568e+10 (330995)
Clp0006I 840698  Obj 1.8635295e+10 Primal inf 6.9792532e+10 (300804)
Clp0006I 841698  Obj 1.8654804e+10 Primal inf 1.4928943e+10 (314339)
Clp0006I 842698  Obj 1.8663839e+10 Primal inf 3.7230465e+10 (361694)
Clp0006I 843698  Obj 1.8670235e+10 Primal inf 8.7858997e+09 (362453)
Clp0006I 844698  Obj 1.8672888e+10 Primal inf 1.1127096e+10 (306124)
Clp0006I 845698  Obj 1.8675381e+10 Primal inf 1.0354496e+10 (316786)
Clp0006I 846698  Obj 1.8677171e+10 Primal inf 5.8457168e+10 (360095)
Clp0006I 847698  Obj 1.867873e+10 Primal inf 6.1020443e+10 (368928)
Clp0006I 848698  Obj 1.8681981e+10 Primal inf 5.5490344e+10 (336586)
Clp0006I 849698  Obj 1.8684692e+10 Primal inf 5.1448799e+10 (306738)
Clp0006I 850698  Obj 1.8687615e+10 Primal inf 1.2620098e+11 (339466)
Clp0006I 851698  Obj 1.8692348e+10 Primal inf 1.0975906e+10 (281610)
Clp0006I 852698  Obj 1.8699316e+10 Primal inf 1.134475e+11 (421369)
Clp0006I 853698  Obj 1.8701275e+10 Primal inf 3.2365345e+10 (367714)
Clp0006I 854698  Obj 1.8704852e+10 Primal inf 7.7013565e+10 (358298)
Clp0006I 855698  Obj 1.8709572e+10 Primal inf 8.6616448e+09 (294560)
Clp0006I 856698  Obj 1.8713397e+10 Primal inf 3.1199461e+10 (309015)
Clp0006I 857698  Obj 1.8721482e+10 Primal inf 2.8132738e+11 (321699)
Clp0006I 858698  Obj 1.8727269e+10 Primal inf 2.4144449e+10 (376689)
Clp0006I 859698  Obj 1.8737372e+10 Primal inf 1.9023328e+10 (384997)
Clp0006I 860698  Obj 1.8748974e+10 Primal inf 6.5967899e+10 (368534)
Clp0006I 861698  Obj 1.8768445e+10 Primal inf 2.6014643e+09 (283225)
Clp0006I 862698  Obj 1.8793642e+10 Primal inf 6.4140232e+09 (335551)
Clp0006I 863698  Obj 1.8800685e+10 Primal inf 2.1731093e+11 (399176)
Clp0006I 864698  Obj 1.8809617e+10 Primal inf 4.665551e+09 (264051)
Clp0006I 865698  Obj 1.8817202e+10 Primal inf 9.5535021e+10 (308794)
Clp0006I 866698  Obj 1.8825581e+10 Primal inf 3.6828142e+10 (363158)
Clp0006I 867698  Obj 1.8834869e+10 Primal inf 1.9029135e+10 (360174)
Clp0006I 868698  Obj 1.8842476e+10 Primal inf 2.3689393e+10 (340594)
Clp0006I 869698  Obj 1.8847648e+10 Primal inf 5.4472281e+09 (307061)
Clp0006I 870698  Obj 1.8851846e+10 Primal inf 1.9793789e+10 (310537)
Clp0006I 871698  Obj 1.8859328e+10 Primal inf 1.9700135e+10 (357249)
Clp0006I 872698  Obj 1.8868475e+10 Primal inf 2.4249783e+11 (370677)
Clp0006I 873698  Obj 1.888158e+10 Primal inf 1.0160292e+11 (406616)
Clp0006I 874698  Obj 1.8887062e+10 Primal inf 2.6028606e+10 (368504)
Clp0006I 875698  Obj 1.8893118e+10 Primal inf 1.0213275e+10 (366370)
Clp0006I 876698  Obj 1.8897791e+10 Primal inf 2.254531e+10 (334397)
Clp0006I 877698  Obj 1.8908171e+10 Primal inf 3.6589297e+10 (336084)
Clp0006I 878698  Obj 1.891735e+10 Primal inf 3.6125437e+10 (334429)
Clp0006I 879698  Obj 1.8921789e+10 Primal inf 1.198939e+10 (361389)
Clp0006I 880698  Obj 1.8929934e+10 Primal inf 5.6781134e+09 (356356)
Clp0006I 881698  Obj 1.893956e+10 Primal inf 3.5974321e+10 (372017)
Clp0006I 882698  Obj 1.8952478e+10 Primal inf 2.4453917e+11 (391035)
Clp0006I 883698  Obj 1.8958115e+10 Primal inf 5.4970146e+09 (295222)
Clp0006I 884698  Obj 1.896384e+10 Primal inf 1.414776e+10 (378557)
Clp0006I 885698  Obj 1.8977278e+10 Primal inf 1.6071101e+11 (373673)
Clp0006I 886272  Obj 1.8988469e+10 Primal inf 8.8555144e+09 (394054)
Clp0006I 887272  Obj 1.9001486e+10 Primal inf 7.510582e+10 (399009)
Clp0006I 888272  Obj 1.9010626e+10 Primal inf 4.1722114e+10 (376539)
Clp0006I 889272  Obj 1.9023601e+10 Primal inf 1.5469685e+11 (363377)
Clp0006I 890272  Obj 1.9039302e+10 Primal inf 9.7272627e+10 (331466)
Clp0006I 891272  Obj 1.905006e+10 Primal inf 2.4607417e+10 (418423)
Clp0006I 892272  Obj 1.9068486e+10 Primal inf 3.0786285e+11 (363915)
Clp0006I 893272  Obj 1.9087703e+10 Primal inf 2.4538766e+10 (346555)
Clp0006I 894272  Obj 1.9097041e+10 Primal inf 1.2363159e+10 (345901)
Clp0006I 895272  Obj 1.9110906e+10 Primal inf 3.7952423e+09 (330748)
Clp0006I 896272  Obj 1.9118329e+10 Primal inf 1.3766682e+10 (404284)
Clp0006I 897272  Obj 1.912922e+10 Primal inf 9.1838998e+09 (322760)
Clp0006I 898270  Obj 1.9137644e+10 Primal inf 1.0008709e+12 (354856)
Clp0006I 898857  Obj 1.9146084e+10 Primal inf 1.0316091e+11 (405393)
Clp0006I 899857  Obj 1.9151049e+10 Primal inf 2.3074179e+11 (394038)
Clp0006I 900857  Obj 1.915619e+10 Primal inf 2.0829831e+10 (325533)
Clp0006I 901857  Obj 1.9161914e+10 Primal inf 5.9499857e+10 (380750)
Clp0006I 902558  Obj 1.9169743e+10 Primal inf 4.0390727e+10 (363783)
Clp0006I 903558  Obj 1.9173732e+10 Primal inf 3.7079476e+10 (362034)
Clp0006I 904558  Obj 1.9177847e+10 Primal inf 3.4686935e+11 (410275)
Clp0006I 905558  Obj 1.9185339e+10 Primal inf 3.2368473e+09 (347552)
Clp0006I 906088  Obj 1.9196781e+10 Primal inf 5.7668454e+10 (390017)
Clp0006I 907088  Obj 1.9203305e+10 Primal inf 4.2806662e+11 (394035)
Clp0006I 908088  Obj 1.9212224e+10 Primal inf 6.7460951e+10 (325765)
Clp0006I 909088  Obj 1.9222853e+10 Primal inf 4.0080339e+10 (321212)
Clp0006I 910088  Obj 1.923033e+10 Primal inf 4.3985791e+10 (373909)
Clp0006I 911088  Obj 1.923621e+10 Primal inf 6.3253583e+09 (392517)
Clp0006I 912088  Obj 1.9248248e+10 Primal inf 2.3919425e+10 (400420)
Clp0006I 913088  Obj 1.9266071e+10 Primal inf 1.9147718e+12 (420931)
Clp0006I 914088  Obj 1.9293797e+10 Primal inf 1.6729143e+11 (368727)
Clp0006I 915088  Obj 1.9300875e+10 Primal inf 2.2634644e+11 (376453)
Clp0006I 916088  Obj 1.9308713e+10 Primal inf 3.9542435e+10 (377469)
Clp0006I 917088  Obj 1.931307e+10 Primal inf 4.3432152e+10 (373880)
Clp0006I 918088  Obj 1.9321993e+10 Primal inf 1.0110776e+11 (296740)
Clp0006I 919088  Obj 1.9332834e+10 Primal inf 6.8969169e+10 (325283)
Clp0006I 920088  Obj 1.9361796e+10 Primal inf 5.7632036e+10 (298455)
Clp0006I 921088  Obj 1.938952e+10 Primal inf 1.3516277e+13 (428332)
Clp0006I 922088  Obj 1.9402427e+10 Primal inf 4.9044437e+11 (346114)
Clp0006I 923088  Obj 1.9409054e+10 Primal inf 3.4942621e+09 (306177)
Clp0006I 924088  Obj 1.9414743e+10 Primal inf 5.8580722e+09 (323641)
Clp0006I 925088  Obj 1.9420348e+10 Primal inf 8.7436915e+09 (351073)
Clp0006I 926088  Obj 1.9425559e+10 Primal inf 3.3412824e+10 (353001)
Clp0006I 927088  Obj 1.9431642e+10 Primal inf 8.3088148e+10 (410171)
Clp0006I 928088  Obj 1.9440609e+10 Primal inf 2.1835608e+11 (369741)
Clp0006I 928916  Obj 1.9447348e+10 Primal inf 1.1330011e+10 (398266)
Clp0006I 929916  Obj 1.945656e+10 Primal inf 9.5848874e+10 (416771)
Clp0006I 930916  Obj 1.9472316e+10 Primal inf 7.3802753e+10 (388195)
Clp0006I 931916  Obj 1.948822e+10 Primal inf 1.435014e+10 (343747)
Clp0006I 932916  Obj 1.9493901e+10 Primal inf 8.9242938e+10 (391193)
Clp0006I 933916  Obj 1.9502731e+10 Primal inf 1.5846297e+10 (391894)
Clp0006I 934916  Obj 1.9518123e+10 Primal inf 3.8381419e+10 (363091)
Clp0006I 935916  Obj 1.9537589e+10 Primal inf 1.3530265e+09 (276670)
Clp0006I 936916  Obj 1.9545457e+10 Primal inf 2.4937402e+10 (342977)
Clp0006I 937916  Obj 1.9552045e+10 Primal inf 1.2904861e+11 (398734)
Clp0006I 938916  Obj 1.9561614e+10 Primal inf 2.9298675e+10 (380835)
Clp0006I 939916  Obj 1.9571484e+10 Primal inf 1.9538047e+10 (339811)
Clp0006I 940916  Obj 1.9578886e+10 Primal inf 2.2324652e+10 (419101)
Clp0006I 941711  Obj 1.9589069e+10 Primal inf 6.3736415e+09 (377254)
Clp0006I 942711  Obj 1.9595569e+10 Primal inf 2.425864e+10 (396340) Dual inf 5.6787552e-10 (1)
Clp0006I 943711  Obj 1.9601735e+10 Primal inf 1.663767e+09 (235767)
Clp0006I 944711  Obj 1.9606157e+10 Primal inf 4.7605501e+09 (328785)
Clp0006I 945711  Obj 1.9614666e+10 Primal inf 1.1826331e+10 (384155)
Clp0006I 946711  Obj 1.9619509e+10 Primal inf 1.2415368e+10 (358072)
Clp0006I 947471  Obj 1.962398e+10 Primal inf 3.2874782e+10 (379696)
Clp0006I 948471  Obj 1.963076e+10 Primal inf 3.4927538e+10 (322215)
Clp0006I 949471  Obj 1.9639125e+10 Primal inf 1.2566656e+11 (362357)
Clp0006I 950471  Obj 1.9647786e+10 Primal inf 2.35104e+10 (312495)
Clp0006I 951471  Obj 1.9656893e+10 Primal inf 1.4911514e+11 (299002)
Clp0006I 951943  Obj 1.9662935e+10 Primal inf 1.0920237e+12 (305026)
Clp0006I 952936  Obj 1.9672704e+10 Primal inf 4.3058311e+10 (377743)
Clp0006I 953936  Obj 1.967814e+10 Primal inf 3.1789025e+10 (365309)
Clp0006I 954936  Obj 1.9685284e+10 Primal inf 3.2322495e+10 (389208)
Clp0006I 955936  Obj 1.9690183e+10 Primal inf 1.1572242e+10 (361430)
Clp0006I 956936  Obj 1.969564e+10 Primal inf 4.3532473e+09 (341293)
Clp0006I 957936  Obj 1.9702445e+10 Primal inf 2.5199512e+10 (370896)
Clp0006I 958936  Obj 1.9708378e+10 Primal inf 4.1290463e+09 (356242)
Clp0006I 959936  Obj 1.9717138e+10 Primal inf 6.2026229e+10 (290822)
Clp0006I 960936  Obj 1.9723725e+10 Primal inf 6.5066861e+10 (378436)
Clp0006I 961936  Obj 1.9727856e+10 Primal inf 2.9422203e+10 (302534)
Clp0006I 962798  Obj 1.9731914e+10 Primal inf 1.1704376e+10 (321688)
Clp0006I 963798  Obj 1.9742397e+10 Primal inf 3.7232332e+09 (304154)
Clp0006I 964798  Obj 1.9751729e+10 Primal inf 2.4415145e+10 (342639)
Clp0006I 965798  Obj 1.9760413e+10 Primal inf 2.3804374e+10 (364736)
Clp0006I 966798  Obj 1.9763877e+10 Primal inf 1.0684006e+10 (352653)
Clp0006I 967798  Obj 1.9769947e+10 Primal inf 8.6820198e+09 (358014)
Clp0006I 968798  Obj 1.9773052e+10 Primal inf 2.6561058e+10 (402321)
Clp0006I 969798  Obj 1.9778026e+10 Primal inf 4.2086284e+09 (280593)
Clp0006I 970798  Obj 1.9782192e+10 Primal inf 4.3159412e+10 (384343)
Clp0006I 971798  Obj 1.9787505e+10 Primal inf 1.1629327e+10 (319265)
Clp0006I 972798  Obj 1.9794625e+10 Primal inf 1.392655e+10 (343114)
Clp0006I 973798  Obj 1.9802413e+10 Primal inf 3.5774609e+09 (307030)
Clp0006I 974798  Obj 1.9806586e+10 Primal inf 9.1106407e+09 (327554)
Clp0006I 975798  Obj 1.9817054e+10 Primal inf 1.0201051e+10 (309459)
Clp0006I 976798  Obj 1.9823641e+10 Primal inf 8.2576051e+09 (381506)
Clp0006I 977798  Obj 1.9829862e+10 Primal inf 1.4668115e+09 (276901)
Clp0006I 978798  Obj 1.9838629e+10 Primal inf 4.812705e+09 (341174)
Clp0006I 979798  Obj 1.9853462e+10 Primal inf 1.6213369e+11 (394473)
Clp0006I 980798  Obj 1.9862341e+10 Primal inf 2.0478709e+10 (341518)
Clp0006I 981798  Obj 1.986921e+10 Primal inf 1.382665e+11 (376324)
Clp0006I 982321  Obj 1.9873761e+10 Primal inf 4.2540545e+10 (317706)
Clp0006I 983321  Obj 1.9882951e+10 Primal inf 2.0070051e+10 (372167)
Clp0006I 984321  Obj 1.9891033e+10 Primal inf 7.921252e+10 (359341)
Clp0006I 985321  Obj 1.9901393e+10 Primal inf 1.8886843e+10 (312453)
Clp0006I 986321  Obj 1.9929406e+10 Primal inf 2.3298356e+10 (341745)
Clp0006I 987321  Obj 1.9936062e+10 Primal inf 8.3793851e+09 (373381)
Clp0006I 988061  Obj 1.9944552e+10 Primal inf 2.3069808e+10 (416429)
Clp0006I 989061  Obj 1.9948288e+10 Primal inf 3.8777408e+10 (310625)
Clp0006I 990061  Obj 1.9955152e+10 Primal inf 1.8502537e+11 (408262)
Clp0006I 991061  Obj 1.9962032e+10 Primal inf 3.0921649e+09 (362876)
Clp0006I 992061  Obj 1.9968876e+10 Primal inf 3.7869569e+10 (463127)
Clp0006I 993061  Obj 1.9977869e+10 Primal inf 2.2014214e+10 (394843)
Clp0006I 994061  Obj 1.9985887e+10 Primal inf 6.0763766e+10 (428362)
Clp0006I 994683  Obj 1.9988714e+10 Primal inf 8.0638187e+09 (436520)
Clp0006I 995683  Obj 1.9995674e+10 Primal inf 7.7538155e+08 (217590)
Clp0006I 996683  Obj 2.0000063e+10 Primal inf 4.4685923e+09 (266710)
Clp0006I 997683  Obj 2.0003868e+10 Primal inf 8.7613572e+09 (351990)
Clp0006I 998683  Obj 2.0006925e+10 Primal inf 6.8393845e+09 (370288)
Clp0006I 999683  Obj 2.0012039e+10 Primal inf 1.7625538e+11 (368664)
Clp0006I 1000557  Obj 2.0023411e+10 Primal inf 5.9390996e+09 (345222)
Clp0006I 1001557  Obj 2.0025461e+10 Primal inf 1.2251614e+09 (293349)
Clp0006I 1002557  Obj 2.0029642e+10 Primal inf 4.9704513e+09 (329760)
Clp0006I 1003557  Obj 2.003357e+10 Primal inf 4.9381807e+09 (300122)
Clp0006I 1004557  Obj 2.0038081e+10 Primal inf 9.1435747e+09 (386305)
Clp0006I 1005557  Obj 2.0044096e+10 Primal inf 2.3864139e+10 (350238)
Clp0006I 1006233  Obj 2.0048031e+10 Primal inf 2.8895261e+10 (361821)
Clp0006I 1007233  Obj 2.0053196e+10 Primal inf 4.683393e+10 (411797)
Clp0006I 1008233  Obj 2.0056786e+10 Primal inf 1.0852992e+10 (393897)
Clp0006I 1009233  Obj 2.0061419e+10 Primal inf 3.1414159e+10 (420047)
Clp0006I 1010233  Obj 2.0065846e+10 Primal inf 4.7934185e+09 (393411)
Clp0006I 1011233  Obj 2.0070324e+10 Primal inf 3.0001392e+11 (411593)
Clp0006I 1012233  Obj 2.0074575e+10 Primal inf 2.228336e+10 (415194)
Clp0006I 1013233  Obj 2.0080497e+10 Primal inf 1.1325059e+10 (470370)
Clp0006I 1014233  Obj 2.0088411e+10 Primal inf 4.2632008e+10 (397901)
Clp0006I 1015233  Obj 2.0092739e+10 Primal inf 3.6258177e+10 (427861)
Clp0006I 1016233  Obj 2.0096745e+10 Primal inf 4.8206742e+10 (308293)
Clp0006I 1017233  Obj 2.0100831e+10 Primal inf 6.5330585e+10 (404766)
Clp0006I 1018233  Obj 2.0107892e+10 Primal inf 1.9194798e+11 (450772)
Clp0006I 1019165  Obj 2.0113319e+10 Primal inf 5.8610466e+09 (326247)
Clp0006I 1020093  Obj 2.0117641e+10 Primal inf 2.9400041e+09 (365815)
Clp0006I 1021093  Obj 2.0130576e+10 Primal inf 9.1147422e+09 (336261)
Clp0006I 1022093  Obj 2.0135439e+10 Primal inf 3.0246053e+09 (297756)
Clp0006I 1023093  Obj 2.0142662e+10 Primal inf 4.6587686e+09 (385299)
Clp0006I 1024093  Obj 2.0147165e+10 Primal inf 9.047327e+09 (353821)
Clp0006I 1025093  Obj 2.0152142e+10 Primal inf 3.9832119e+10 (384860)
Clp0006I 1026093  Obj 2.0157335e+10 Primal inf 3.7383411e+09 (348980)
Clp0006I 1027093  Obj 2.01593e+10 Primal inf 5.6516307e+09 (390403)
Clp0006I 1028093  Obj 2.0197854e+10 Primal inf 1.8600652e+08 (214069)
Clp0006I 1029093  Obj 2.0229673e+10 Primal inf 1.0940307e+09 (257208)
Clp0006I 1030093  Obj 2.0234945e+10 Primal inf 5.9569262e+09 (378173)
Clp0006I 1031093  Obj 2.0237791e+10 Primal inf 2.6079481e+10 (281487)
Clp0006I 1032093  Obj 2.0241447e+10 Primal inf 8.1410274e+09 (338770)
Clp0006I 1033093  Obj 2.0244518e+10 Primal inf 6.4511567e+10 (342753)
Clp0006I 1034093  Obj 2.0248745e+10 Primal inf 4.6726434e+09 (288984)
Clp0006I 1035093  Obj 2.0252285e+10 Primal inf 4.3980439e+09 (329378)
Clp0006I 1036093  Obj 2.0257893e+10 Primal inf 2.0030271e+09 (331025)
Clp0006I 1037093  Obj 2.0260555e+10 Primal inf 2.602608e+09 (301745)
Clp0006I 1038093  Obj 2.026419e+10 Primal inf 7.7490414e+10 (302518)
Clp0006I 1038728  Obj 2.026593e+10 Primal inf 2.1548286e+11 (371496)
Clp0006I 1039728  Obj 2.0269689e+10 Primal inf 1.0548052e+10 (394449)
Clp0006I 1040728  Obj 2.027599e+10 Primal inf 1.2770036e+10 (338580)
Clp0006I 1041667  Obj 2.0283087e+10 Primal inf 9.9695244e+09 (361107)
Clp0006I 1042667  Obj 2.0295777e+10 Primal inf 1.2146801e+09 (352273)
Clp0006I 1043667  Obj 2.0310372e+10 Primal inf 2.4022812e+09 (290868)
Clp0006I 1044667  Obj 2.0314091e+10 Primal inf 1.0131976e+10 (414930)
Clp0006I 1045667  Obj 2.03171e+10 Primal inf 5.0204413e+09 (371082)
Clp0006I 1046667  Obj 2.0321092e+10 Primal inf 2.7704194e+10 (393277)
Clp0006I 1047667  Obj 2.0325843e+10 Primal inf 2.7418071e+09 (309187)
Clp0006I 1048667  Obj 2.0328137e+10 Primal inf 3.3746004e+09 (359142)
Clp0006I 1049667  Obj 2.0332064e+10 Primal inf 5.3121932e+10 (394590)
Clp0006I 1050667  Obj 2.0335524e+10 Primal inf 5.0835611e+10 (327258)
Clp0006I 1051667  Obj 2.0339028e+10 Primal inf 6.4836867e+09 (327872)
Clp0006I 1052249  Obj 2.0342566e+10 Primal inf 1.0078848e+10 (311988)
Clp0006I 1053249  Obj 2.0345658e+10 Primal inf 2.6291809e+10 (397598)
Clp0006I 1054249  Obj 2.0347043e+10 Primal inf 1.1488281e+09 (312827)
Clp0006I 1055249  Obj 2.0355097e+10 Primal inf 2.1325164e+10 (412717)
Clp0006I 1056249  Obj 2.035851e+10 Primal inf 9.7578599e+09 (353965)
Clp0006I 1057249  Obj 2.0364294e+10 Primal inf 1.6390127e+10 (378508)
Clp0006I 1058249  Obj 2.0381777e+10 Primal inf 6.5806309e+09 (432017)
Clp0006I 1059249  Obj 2.0385242e+10 Primal inf 2.6343305e+09 (406469)
Clp0006I 1060249  Obj 2.039104e+10 Primal inf 4.9382417e+10 (344573)
Clp0006I 1061249  Obj 2.0401529e+10 Primal inf 1.7627077e+11 (331156)
Clp0006I 1062249  Obj 2.0407039e+10 Primal inf 2.9682772e+10 (345346)
Clp0006I 1063249  Obj 2.0411263e+10 Primal inf 2.1377433e+10 (306056)
Clp0006I 1064249  Obj 2.0415774e+10 Primal inf 4.9518768e+10 (353485)
Clp0006I 1065249  Obj 2.0420482e+10 Primal inf 9.9258417e+09 (367322)
Clp0006I 1066249  Obj 2.044849e+10 Primal inf 5.2882592e+09 (337767)
Clp0006I 1067192  Obj 2.045436e+10 Primal inf 1.557219e+11 (388925)
Clp0006I 1068192  Obj 2.0459056e+10 Primal inf 9.2891557e+09 (353306)
Clp0006I 1069192  Obj 2.0463058e+10 Primal inf 8.4954421e+09 (310272)
Clp0006I 1070192  Obj 2.0465263e+10 Primal inf 1.3590715e+10 (414161)
Clp0006I 1071192  Obj 2.0467715e+10 Primal inf 7.5732155e+09 (366464)
Clp0006I 1072192  Obj 2.0492807e+10 Primal inf 2.1003176e+09 (346018)
Clp0006I 1073192  Obj 2.0499826e+10 Primal inf 4.9539253e+09 (347215)
Clp0006I 1074192  Obj 2.0510528e+10 Primal inf 8.9616026e+09 (293742)
Clp0006I 1075192  Obj 2.0519443e+10 Primal inf 3.5897118e+09 (319559)
Clp0006I 1076192  Obj 2.0522197e+10 Primal inf 1.742673e+10 (377067)
Clp0006I 1077192  Obj 2.0525829e+10 Primal inf 9.9032768e+09 (317127)
Clp0006I 1078192  Obj 2.0532828e+10 Primal inf 2.2381453e+09 (269608)
Clp0006I 1079192  Obj 2.0536272e+10 Primal inf 2.7231367e+10 (311013)
Clp0006I 1080192  Obj 2.0545381e+10 Primal inf 4.2463668e+09 (264641)
Clp0006I 1081192  Obj 2.0548224e+10 Primal inf 8.8025272e+09 (355674)
Clp0006I 1082192  Obj 2.0553954e+10 Primal inf 5.4402369e+08 (299046)
Clp0006I 1083192  Obj 2.0560934e+10 Primal inf 6.5835204e+10 (400888)
Clp0006I 1084192  Obj 2.0564827e+10 Primal inf 1.7191334e+10 (311828)
Clp0006I 1085192  Obj 2.0568104e+10 Primal inf 2.1784701e+10 (277907)
Clp0006I 1086192  Obj 2.0570562e+10 Primal inf 3.868271e+09 (356399)
Clp0006I 1087192  Obj 2.0572602e+10 Primal inf 1.4650963e+10 (243755)
Clp0006I 1088192  Obj 2.0578316e+10 Primal inf 1.8700677e+10 (352806)
Clp0006I 1089192  Obj 2.0580646e+10 Primal inf 4.3708447e+09 (377892)
Clp0006I 1090192  Obj 2.0582756e+10 Primal inf 2.9238756e+09 (250875)
Clp0006I 1091192  Obj 2.0588259e+10 Primal inf 1.453772e+09 (402552)
Clp0006I 1092192  Obj 2.0592743e+10 Primal inf 4.7152709e+10 (371623)
Clp0006I 1092801  Obj 2.0600201e+10 Primal inf 2.5193533e+10 (282776)
Clp0006I 1093801  Obj 2.0605207e+10 Primal inf 2.8701894e+10 (478333)
Clp0006I 1094801  Obj 2.0630337e+10 Primal inf 2.193242e+09 (381956)
Clp0006I 1095801  Obj 2.0651609e+10 Primal inf 8.3125014e+08 (235194)
Clp0006I 1096801  Obj 2.0663419e+10 Primal inf 1.8017366e+10 (361257)
Clp0006I 1097801  Obj 2.066598e+10 Primal inf 2.6123568e+10 (362565)
Clp0006I 1098801  Obj 2.0668993e+10 Primal inf 3.2637244e+10 (286043)
Clp0006I 1099801  Obj 2.0672895e+10 Primal inf 4.4004923e+10 (362145)
Clp0006I 1100801  Obj 2.067559e+10 Primal inf 7.9861188e+09 (324506)
Clp0006I 1101801  Obj 2.0677903e+10 Primal inf 7.1892179e+09 (358206)
Clp0006I 1102801  Obj 2.0680084e+10 Primal inf 1.017758e+09 (312364)
Clp0006I 1103801  Obj 2.068448e+10 Primal inf 2.9909839e+09 (363738)
Clp0006I 1104801  Obj 2.0699113e+10 Primal inf 2.7323561e+09 (322398)
Clp0006I 1105801  Obj 2.0727756e+10 Primal inf 8.0342781e+09 (347995)
Clp0006I 1106801  Obj 2.0735218e+10 Primal inf 4.3184344e+09 (321562)
Clp0006I 1107654  Obj 2.0738283e+10 Primal inf 4.2474784e+10 (427021)
Clp0006I 1108654  Obj 2.0753774e+10 Primal inf 3.9224599e+09 (303841)
Clp0006I 1109654  Obj 2.0769902e+10 Primal inf 2.9501247e+09 (349401)
Clp0006I 1110654  Obj 2.0788014e+10 Primal inf 3.6328702e+08 (265713)
Clp0006I 1111654  Obj 2.0800947e+10 Primal inf 5.6510976e+08 (307933)
Clp0006I 1112654  Obj 2.0813008e+10 Primal inf 3.3396347e+09 (352919)
Clp0006I 1113654  Obj 2.0817263e+10 Primal inf 2.5138903e+09 (342414)
Clp0006I 1114654  Obj 2.0818297e+10 Primal inf 3.5646185e+09 (364637)
Clp0006I 1115654  Obj 2.0822903e+10 Primal inf 5.4980483e+09 (359686)
Clp0006I 1116654  Obj 2.0828076e+10 Primal inf 1.1571633e+09 (314906)
Clp0006I 1117654  Obj 2.0834629e+10 Primal inf 1.595779e+09 (390217)
Clp0006I 1118654  Obj 2.0837327e+10 Primal inf 8.893828e+09 (352998)
Clp0006I 1119654  Obj 2.083946e+10 Primal inf 2.6506052e+09 (332044)
Clp0006I 1120654  Obj 2.0841697e+10 Primal inf 1.0550436e+09 (252241)
Clp0006I 1121654  Obj 2.0847798e+10 Primal inf 3.406422e+10 (324920)
Clp0006I 1122654  Obj 2.0851621e+10 Primal inf 6.1117575e+09 (303690)
Clp0006I 1123654  Obj 2.0853466e+10 Primal inf 9.9438289e+09 (347659)
Clp0006I 1124654  Obj 2.0857075e+10 Primal inf 6.4793053e+10 (510886)
Clp0006I 1125654  Obj 2.0860477e+10 Primal inf 2.1895711e+09 (306752)
Clp0006I 1126654  Obj 2.0862811e+10 Primal inf 3.5462032e+09 (354822)
Clp0006I 1127654  Obj 2.0865054e+10 Primal inf 1.0599327e+09 (322014)
Clp0006I 1128654  Obj 2.0868126e+10 Primal inf 6.017262e+09 (334679)
Clp0006I 1129654  Obj 2.0871461e+10 Primal inf 3.4078382e+10 (374476)
Clp0006I 1130654  Obj 2.087506e+10 Primal inf 7.8923203e+09 (456113)
Clp0006I 1131654  Obj 2.0877862e+10 Primal inf 7.4040457e+09 (379590)
Clp0006I 1132654  Obj 2.0882733e+10 Primal inf 8.2553588e+08 (354728)
Clp0006I 1133654  Obj 2.0885106e+10 Primal inf 3.5031592e+10 (431510)
Clp0006I 1134537  Obj 2.0888716e+10 Primal inf 9.1830801e+09 (446456)
Clp0006I 1135537  Obj 2.0905086e+10 Primal inf 2.218883e+08 (235313)
Clp0006I 1136537  Obj 2.0916333e+10 Primal inf 5.8807176e+09 (300963)
Clp0006I 1137537  Obj 2.0919154e+10 Primal inf 3.2036406e+08 (307352)
Clp0006I 1138537  Obj 2.0921812e+10 Primal inf 2.2309007e+09 (238932)
Clp0006I 1139537  Obj 2.0924539e+10 Primal inf 2.6821412e+10 (361546)
Clp0006I 1140490  Obj 2.092719e+10 Primal inf 6.8860485e+09 (368868)
Clp0006I 1141490  Obj 2.0929624e+10 Primal inf 2.0268987e+09 (292354)
Clp0006I 1142340  Obj 2.0930912e+10 Primal inf 6.7857993e+11 (361135)
Clp0006I 1143227  Obj 2.0932411e+10 Primal inf 1.6164078e+10 (364232)
Clp0006I 1144227  Obj 2.0934342e+10 Primal inf 9.4670321e+09 (344895)
Clp0006I 1145227  Obj 2.0937269e+10 Primal inf 7.1903633e+08 (264310)
Clp0006I 1146227  Obj 2.0940755e+10 Primal inf 1.3132421e+10 (373238)
Clp0006I 1147227  Obj 2.0943581e+10 Primal inf 1.5720665e+10 (372892)
Clp0006I 1148227  Obj 2.0947688e+10 Primal inf 2.0887594e+08 (182906)
Clp0006I 1149227  Obj 2.0951531e+10 Primal inf 1.1774724e+10 (323198)
Clp0006I 1150227  Obj 2.0954607e+10 Primal inf 2.6542506e+08 (219216)
Clp0006I 1151227  Obj 2.0958024e+10 Primal inf 3.6892041e+09 (330399)
Clp0006I 1152227  Obj 2.0960949e+10 Primal inf 2.2239882e+09 (257243)
Clp0006I 1153227  Obj 2.0965097e+10 Primal inf 6.9139788e+09 (305105)
Clp0006I 1154076  Obj 2.0967074e+10 Primal inf 1.7061812e+11 (354275)
Clp0006I 1155076  Obj 2.097176e+10 Primal inf 2.2200944e+09 (327056)
Clp0006I 1156076  Obj 2.097468e+10 Primal inf 2.9094473e+11 (368738)
Clp0006I 1157076  Obj 2.0977348e+10 Primal inf 2.7024784e+10 (330163)
Clp0006I 1158076  Obj 2.0979799e+10 Primal inf 2.5963712e+11 (337603)
Clp0006I 1159076  Obj 2.0982207e+10 Primal inf 1.5091366e+09 (313970)
Clp0006I 1160031  Obj 2.0987204e+10 Primal inf 2.1936443e+10 (291992)
Clp0006I 1161031  Obj 2.0994845e+10 Primal inf 2.3591977e+09 (294369)
Clp0006I 1162031  Obj 2.100131e+10 Primal inf 5.6575529e+08 (333422)
Clp0006I 1163031  Obj 2.1013538e+10 Primal inf 7.3435583e+08 (357380)
Clp0006I 1164031  Obj 2.102846e+10 Primal inf 9.2002558e+08 (348702)
Clp0006I 1165031  Obj 2.1034327e+10 Primal inf 2.0568993e+09 (351093)
Clp0006I 1166031  Obj 2.103937e+10 Primal inf 9.7551345e+10 (412068)
Clp0006I 1167031  Obj 2.1045021e+10 Primal inf 1.0271976e+09 (310387)
Clp0006I 1168031  Obj 2.1046967e+10 Primal inf 2.1806025e+10 (323093)
Clp0006I 1168861  Obj 2.1048802e+10 Primal inf 2.7014355e+10 (407812)
Clp0006I 1169861  Obj 2.1053624e+10 Primal inf 9.1450995e+09 (292055)
Clp0006I 1170861  Obj 2.1056423e+10 Primal inf 1.1148299e+10 (309289)
Clp0006I 1171861  Obj 2.1060838e+10 Primal inf 6.7854491e+09 (367254)
Clp0006I 1172861  Obj 2.1063403e+10 Primal inf 1.982753e+09 (343012)
Clp0006I 1173861  Obj 2.1068515e+10 Primal inf 3.9895482e+08 (247204)
Clp0006I 1174861  Obj 2.1072988e+10 Primal inf 9.7034516e+08 (290504)
Clp0006I 1175861  Obj 2.1074372e+10 Primal inf 2.9096966e+09 (296058)
Clp0006I 1176861  Obj 2.1076371e+10 Primal inf 1.9162814e+10 (276030)
Clp0006I 1177861  Obj 2.1078221e+10 Primal inf 4.5846763e+09 (299022)
Clp0006I 1178861  Obj 2.1082413e+10 Primal inf 2.1556555e+10 (246699)
Clp0006I 1179861  Obj 2.1084689e+10 Primal inf 1.5832761e+09 (206281)
Clp0006I 1180861  Obj 2.1086733e+10 Primal inf 5.7808853e+08 (250659)
Clp0006I 1181861  Obj 2.1088695e+10 Primal inf 1.0808502e+08 (127848)
Clp0006I 1182861  Obj 2.1090577e+10 Primal inf 8.1620468e+09 (333460)
Clp0006I 1183861  Obj 2.1091881e+10 Primal inf 2.2310894e+09 (260328)
Clp0006I 1184688  Obj 2.1092849e+10 Primal inf 6.4726027e+11 (320007)
Clp0006I 1185512  Obj 2.10941e+10 Primal inf 2.0477014e+11 (381876)
Clp0006I 1186446  Obj 2.1096357e+10 Primal inf 2.3438838e+09 (267653)
Clp0006I 1187446  Obj 2.1098219e+10 Primal inf 59131475 (206113)
Clp0006I 1188446  Obj 2.1099823e+10 Primal inf 9.8823963e+09 (338119)
Clp0006I 1189446  Obj 2.1101447e+10 Primal inf 3.3423579e+08 (213014)
Clp0006I 1190446  Obj 2.1103254e+10 Primal inf 7.4424828e+09 (348033)
Clp0006I 1191446  Obj 2.1106288e+10 Primal inf 2.686959e+09 (254948)
Clp0006I 1192446  Obj 2.110843e+10 Primal inf 6.3657697e+09 (239188)
Clp0006I 1193446  Obj 2.1110692e+10 Primal inf 5.8588141e+09 (251108)
Clp0006I 1194446  Obj 2.1112846e+10 Primal inf 2.0833953e+10 (337414)
Clp0006I 1195446  Obj 2.1115478e+10 Primal inf 1.994913e+08 (219068)
Clp0006I 1196446  Obj 2.1117729e+10 Primal inf 1.0659689e+08 (186180)
Clp0006I 1197446  Obj 2.1122106e+10 Primal inf 4.7977918e+09 (304429)
Clp0006I 1198446  Obj 2.1124868e+10 Primal inf 1.7403394e+09 (263044)
Clp0006I 1199446  Obj 2.1127029e+10 Primal inf 9.6661392e+08 (137581)
Clp0006I 1200446  Obj 2.1129789e+10 Primal inf 3.5841352e+08 (160225)
Clp0006I 1201446  Obj 2.1132088e+10 Primal inf 8.5760198e+08 (301042)
Clp0006I 1202446  Obj 2.113408e+10 Primal inf 4.7106418e+08 (213121)
Clp0006I 1203446  Obj 2.1135401e+10 Primal inf 7.2100088e+08 (286454)
Clp0006I 1204446  Obj 2.1136278e+10 Primal inf 3.243707e+09 (286497)
Clp0006I 1205446  Obj 2.1137425e+10 Primal inf 5.8094643e+08 (190848)
Clp0006I 1206446  Obj 2.1138151e+10 Primal inf 2.3694963e+09 (276105)
Clp0006I 1207446  Obj 2.113879e+10 Primal inf 1.7353073e+08 (238614)
Clp0006I 1208446  Obj 2.1139662e+10 Primal inf 2.1879429e+08 (259889)
Clp0006I 1209446  Obj 2.1140119e+10 Primal inf 1.3730488e+09 (217367)
Clp0006I 1210446  Obj 2.1141153e+10 Primal inf 34118333 (84858)
Clp0006I 1211446  Obj 2.1141721e+10 Primal inf 1.5054395e+09 (307539)
Clp0006I 1212446  Obj 2.1141997e+10 Primal inf 33789365 (159354)
Clp0006I 1213446  Obj 2.1142233e+10 Primal inf 5.0637764e+09 (289107)
Clp0006I 1214446  Obj 2.1142476e+10 Primal inf 1.5514511e+08 (184416)
Clp0006I 1215446  Obj 2.1142698e+10 Primal inf 1.160794e+08 (104419)
Clp0006I 1216446  Obj 2.1142887e+10 Primal inf 17753607 (141414)
Clp0006I 1217446  Obj 2.114339e+10 Primal inf 16801296 (110871)
Clp0006I 1218434  Obj 2.1143557e+10 Primal inf 3.9906739e+08 (137432)
Clp0006I 1219434  Obj 2.114367e+10 Primal inf 1.673164e+08 (169504)
Clp0006I 1220434  Obj 2.1143771e+10 Primal inf 11129415 (93965)
Clp0006I 1221434  Obj 2.1143821e+10 Primal inf 1721351.8 (112030)
Clp0006I 1222434  Obj 2.1143887e+10 Primal inf 16539.455 (25985)
Clp0006I 1223434  Obj 2.1143902e+10 Primal inf 3909.558 (25609)
Clp0006I 1224434  Obj 2.1143909e+10 Primal inf 1784.5715 (17632)
Clp0006I 1225434  Obj 2.1143915e+10 Primal inf 1623.7199 (16325)
Clp0006I 1226434  Obj 2.114392e+10 Primal inf 1476.8218 (15331)
Clp0006I 1227434  Obj 2.1143926e+10 Primal inf 1399.7993 (14368)
Clp0006I 1228434  Obj 2.1143932e+10 Primal inf 1250.0619 (13363)
Clp0006I 1229434  Obj 2.1143937e+10 Primal inf 1109.0473 (12356)
Clp0006I 1230434  Obj 2.1143942e+10 Primal inf 981.28069 (11352)
Clp0006I 1231434  Obj 2.1143946e+10 Primal inf 879.56206 (10345)
Clp0006I 1232434  Obj 2.1143951e+10 Primal inf 737.54138 (9347)
Clp0006I 1233434  Obj 2.1143956e+10 Primal inf 645.43595 (8346)
Clp0006I 1234434  Obj 2.1143961e+10 Primal inf 556.20753 (7345)
Clp0006I 1235434  Obj 2.1143966e+10 Primal inf 499.57543 (6925)
Clp0006I 1236434  Obj 2.1143971e+10 Primal inf 414.15226 (5925)
Clp0006I 1237434  Obj 2.1143976e+10 Primal inf 315.00166 (4924)
Clp0006I 1238434   Activating environment at `~/Documents/princeton/1st_year/MAE529/MAE529_code/project/code/Project.toml`
This Model run is characterised by...
Electrolyser capex cost of: 500.0
H2 efficiency of: 0.4
Carbon Tax: 75.0
Number of weeks included: 52_weeks
-----------------------------------------------
1 loading data preparation function
-----------------------------------------------
-----------------------------------------------
2 loading model solving function
-----------------------------------------------
adding in carbon tax elements
assigned variables
assigned constraint 1
assigned constraint 2
assigned constraint 3
check
assigned constraints
Model run complete
Obj 2.1143981e+10 Primal inf 232.89007 (3924)
Clp0006I 1239434  Obj 2.1143985e+10 Primal inf 176.9937 (2924)
Clp0006I 1240434  Obj 2.114399e+10 Primal inf 115.24314 (1924)
Clp0006I 1241434  Obj 2.1143995e+10 Primal inf 69.904586 (924)
Clp0006I 1242335  Obj 2.1143999e+10
Clp0000I Optimal - objective value 2.1143998e+10
Coin0511I After Postsolve, objective 2.1143998e+10, infeasibilities - dual 0 (0), primal 0 (0)
Clp0032I Optimal objective 2.114399845e+10 - 1242335 iterations time 31128.742, Presolve 3.90
