Coin0506I Presolve 1521577 (-195446) rows, 591998 (-65130) columns and 4511329 (-460732) elements
Clp0006I 0  Obj 0 Primal inf 8.7736635e+08 (43800)
Clp0006I 1000  Obj 4.7917429e-12 Primal inf 8.6776638e+08 (44708)
Clp0006I 2000  Obj 9.9133726e-12 Primal inf 8.6044937e+08 (45580)
Clp0006I 3000  Obj 1.5969055e-11 Primal inf 8.579383e+08 (46596)
Clp0006I 4000  Obj 8480782.7 Primal inf 8.4872532e+08 (47608)
Clp0006I 5000  Obj 16149894 Primal inf 8.4108892e+08 (48566)
Clp0006I 6000  Obj 28845021 Primal inf 8.3805407e+08 (49522)
Clp0006I 7000  Obj 44720673 Primal inf 8.2917328e+08 (50623)
Clp0006I 8000  Obj 62099154 Primal inf 8.2449567e+08 (51653)
Clp0006I 9000  Obj 85576856 Primal inf 8.1994076e+08 (52774)
Clp0006I 10000  Obj 1.036557e+08 Primal inf 8.1867101e+08 (53867)
Clp0006I 11000  Obj 1.2376418e+08 Primal inf 8.1440843e+08 (54911)
Clp0006I 12000  Obj 1.4315716e+08 Primal inf 8.1340619e+08 (56063)
Clp0006I 13000  Obj 1.6213409e+08 Primal inf 8.1213518e+08 (57212)
Clp0006I 14000  Obj 1.9134722e+08 Primal inf 7.3211104e+08 (58478)
Clp0006I 15000  Obj 2.1242711e+08 Primal inf 7.2965605e+08 (59637)
Clp0006I 16000  Obj 2.4197097e+08 Primal inf 7.2501943e+08 (60889)
Clp0006I 17000  Obj 2.6543288e+08 Primal inf 7.2735647e+08 (62085)
Clp0006I 18000  Obj 2.9668431e+08 Primal inf 7.2672257e+08 (63311)
Clp0006I 19000  Obj 3.2586158e+08 Primal inf 7.2695827e+08 (64476)
Clp0006I 20000  Obj 3.5889349e+08 Primal inf 7.2640153e+08 (65784)
Clp0006I 21000  Obj 3.9106865e+08 Primal inf 7.2540444e+08 (66994)
Clp0006I 22000  Obj 4.3309894e+08 Primal inf 7.256908e+08 (68348)
Clp0006I 23000  Obj 4.7577981e+08 Primal inf 7.2650546e+08 (69679)
Clp0006I 24000  Obj 5.0521144e+08 Primal inf 7.2669396e+08 (70970)
Clp0006I 25000  Obj 5.488225e+08 Primal inf 7.2853453e+08 (72240)
Clp0006I 26000  Obj 5.9862794e+08 Primal inf 7.2996177e+08 (73454)
Clp0006I 27000  Obj 6.3272795e+08 Primal inf 7.3258332e+08 (74699)
Clp0006I 28000  Obj 6.7232259e+08 Primal inf 7.3463897e+08 (75982)
Clp0006I 29000  Obj 7.1446085e+08 Primal inf 7.3444555e+08 (77183)
Clp0006I 30000  Obj 7.5514286e+08 Primal inf 7.3268031e+08 (78229)
Clp0006I 31000  Obj 8.0211978e+08 Primal inf 7.3004405e+08 (79406)
Clp0006I 32000  Obj 8.4295859e+08 Primal inf 7.3351411e+08 (80628)
Clp0006I 33000  Obj 8.8156742e+08 Primal inf 7.3401105e+08 (81818)
Clp0006I 34000  Obj 9.2466959e+08 Primal inf 7.3370979e+08 (82933)
Clp0006I 35000  Obj 9.6357053e+08 Primal inf 7.3689893e+08 (84149)
Clp0006I 36000  Obj 1.0060829e+09 Primal inf 7.3431779e+08 (85330)
Clp0006I 37000  Obj 1.0530932e+09 Primal inf 7.3697354e+08 (86589)
Clp0006I 38000  Obj 1.0997948e+09 Primal inf 7.3870812e+08 (87839)
Clp0006I 39000  Obj 1.1422933e+09 Primal inf 7.3939985e+08 (88930)
Clp0006I 40000  Obj 1.1861528e+09 Primal inf 7.3891472e+08 (90127)
Clp0006I 41000  Obj 1.2329294e+09 Primal inf 7.419297e+08 (91293)
Clp0006I 42000  Obj 1.2931091e+09 Primal inf 7.3991004e+08 (92568)
Clp0006I 43000  Obj 1.3523986e+09 Primal inf 7.4308193e+08 (93684)
Clp0006I 44000  Obj 1.3950896e+09 Primal inf 7.4485374e+08 (94895)
Clp0006I 45000  Obj 1.439538e+09 Primal inf 7.4730586e+08 (96114)
Clp0006I 46000  Obj 1.4937242e+09 Primal inf 7.5044648e+08 (97342)
Clp0006I 47000  Obj 1.556732e+09 Primal inf 7.5083165e+08 (98541)
Clp0006I 48000  Obj 1.5700762e+09 Primal inf 7.1657981e+08 (101322)
Clp0006I 49000  Obj 1.5749337e+09 Primal inf 7.1145149e+08 (102353)
Clp0006I 50000  Obj 1.5788826e+09 Primal inf 7.0750031e+08 (103248)
Clp0006I 51000  Obj 1.5907455e+09 Primal inf 7.0479911e+08 (104248)
Clp0006I 52000  Obj 1.5999028e+09 Primal inf 7.0193435e+08 (105237)
Clp0006I 53000  Obj 1.608548e+09 Primal inf 7.0316788e+08 (106392)
Clp0006I 54000  Obj 1.6219206e+09 Primal inf 9.493793e+08 (109303)
Clp0006I 55000  Obj 1.6419167e+09 Primal inf 7.3662337e+08 (111030)
Clp0006I 56000  Obj 1.6875619e+09 Primal inf 9.653968e+08 (117637)
Clp0006I 57000  Obj 1.698643e+09 Primal inf 7.6598777e+08 (112590)
Clp0006I 58000  Obj 1.7148886e+09 Primal inf 2.4665446e+09 (143716)
Clp0006I 59000  Obj 1.7197769e+09 Primal inf 7.8268047e+08 (115226)
Clp0006I 60000  Obj 1.7354724e+09 Primal inf 8.3321888e+08 (114448)
Clp0006I 61000  Obj 1.7558094e+09 Primal inf 8.2422637e+08 (115483)
Clp0006I 62000  Obj 1.7710769e+09 Primal inf 8.103354e+08 (116543)
Clp0006I 63000  Obj 1.8014915e+09 Primal inf 8.5157988e+08 (118713)
Clp0006I 64000  Obj 1.8374086e+09 Primal inf 8.2912998e+08 (126729)
Clp0006I 65000  Obj 1.8599246e+09 Primal inf 8.1936083e+08 (120287)
Clp0006I 66000  Obj 1.8704479e+09 Primal inf 8.5876638e+08 (119430)
Clp0006I 67000  Obj 1.8756414e+09 Primal inf 8.8255289e+08 (120075)
Clp0006I 68000  Obj 1.8847717e+09 Primal inf 8.8596674e+08 (120900)
Clp0006I 69000  Obj 1.886991e+09 Primal inf 8.6450438e+08 (121522)
Clp0006I 70000  Obj 1.8884382e+09 Primal inf 8.6426919e+08 (122302)
Clp0006I 71000  Obj 1.8898681e+09 Primal inf 8.7609051e+08 (122989)
Clp0006I 72000  Obj 1.8920684e+09 Primal inf 9.246733e+08 (123756)
Clp0006I 73000  Obj 1.9161237e+09 Primal inf 4.6873402e+09 (135462)
Clp0006I 74000  Obj 1.9583849e+09 Primal inf 8.8085986e+08 (125307)
Clp0006I 75000  Obj 2.0057387e+09 Primal inf 9.0319693e+08 (126912)
Clp0006I 76000  Obj 2.0466589e+09 Primal inf 8.7188679e+08 (126495)
Clp0006I 77000  Obj 2.082724e+09 Primal inf 8.6060317e+08 (127091)
Clp0006I 78000  Obj 2.1151308e+09 Primal inf 9.2286167e+08 (128618)
Clp0006I 79000  Obj 2.1259362e+09 Primal inf 1.1405758e+09 (129491)
Clp0006I 80000  Obj 2.1297896e+09 Primal inf 8.9612188e+08 (130732)
Clp0006I 81000  Obj 2.1333297e+09 Primal inf 9.0677679e+08 (131437)
Clp0006I 82000  Obj 2.1374858e+09 Primal inf 9.0261294e+08 (132353)
Clp0006I 83000  Obj 2.1419574e+09 Primal inf 9.5618928e+08 (130682)
Clp0006I 84000  Obj 2.1628584e+09 Primal inf 8.7668723e+08 (133153)
Clp0006I 85000  Obj 2.1755524e+09 Primal inf 9.012931e+08 (133740)
Clp0006I 86000  Obj 2.1800353e+09 Primal inf 8.9393779e+08 (134445)
Clp0006I 87000  Obj 2.1848772e+09 Primal inf 9.1248202e+08 (135189)
Clp0006I 88000  Obj 2.1996294e+09 Primal inf 8.9042284e+08 (135836)
Clp0006I 89000  Obj 2.2041491e+09 Primal inf 9.1297765e+08 (136448)
Clp0006I 90000  Obj 2.214217e+09 Primal inf 8.9821811e+08 (135044)
Clp0006I 91000  Obj 2.2167651e+09 Primal inf 9.1403469e+08 (137205)
Clp0006I 92000  Obj 2.2208697e+09 Primal inf 1.0423921e+09 (136026)
Clp0006I 93000  Obj 2.2244044e+09 Primal inf 1.1361603e+09 (136620)
Clp0006I 94000  Obj 2.2270453e+09 Primal inf 1.0525838e+09 (137410)
Clp0006I 95000  Obj 2.2345417e+09 Primal inf 9.8711116e+08 (137846)
Clp0006I 96000  Obj 2.2449389e+09 Primal inf 9.3063708e+08 (140041)
Clp0006I 97000  Obj 2.2467148e+09 Primal inf 9.0968829e+08 (140598)
Clp0006I 98000  Obj 2.2610005e+09 Primal inf 1.6016548e+09 (169319)
Clp0006I 99000  Obj 2.2687643e+09 Primal inf 9.7566019e+08 (140831)
Clp0006I 100000  Obj 2.2709017e+09 Primal inf 1.0544817e+09 (140307)
Clp0006I 101000  Obj 2.2747811e+09 Primal inf 9.9218032e+08 (143143)
Clp0006I 102000  Obj 2.2787765e+09 Primal inf 1.1111356e+09 (169799)
Clp0006I 103000  Obj 2.2857601e+09 Primal inf 1.1354628e+09 (170489)
Clp0006I 104000  Obj 2.2918887e+09 Primal inf 1.0627889e+09 (144183)
Clp0006I 105000  Obj 2.2953598e+09 Primal inf 2.1203302e+09 (195888)
Clp0006I 106000  Obj 2.3111606e+09 Primal inf 9.7750496e+08 (146767)
Clp0006I 107000  Obj 2.3246196e+09 Primal inf 2.278709e+09 (177104)
Clp0006I 108000  Obj 2.3501041e+09 Primal inf 1.5631843e+09 (172923)
Clp0006I 109000  Obj 2.3863383e+09 Primal inf 1.7744977e+09 (197652)
Clp0006I 110000  Obj 2.4532135e+09 Primal inf 1.8079064e+09 (197530)
Clp0006I 111000  Obj 2.517598e+09 Primal inf 3.6998242e+09 (177295)
Clp0006I 112000  Obj 2.5577005e+09 Primal inf 1.0172735e+09 (147479)
Clp0006I 113000  Obj 2.6104602e+09 Primal inf 9.8008447e+08 (147050)
Clp0006I 114000  Obj 2.6198046e+09 Primal inf 1.1369456e+09 (147575)
Clp0006I 115000  Obj 2.674056e+09 Primal inf 1.6133103e+09 (178173)
Clp0006I 116000  Obj 2.7270406e+09 Primal inf 2.6797953e+09 (198612)
Clp0006I 117000  Obj 2.7616649e+09 Primal inf 1.6399487e+09 (199894)
Clp0006I 118000  Obj 2.7826736e+09 Primal inf 1.0061643e+09 (150193)
Clp0006I 119000  Obj 2.803992e+09 Primal inf 5.3261168e+09 (158223)
Clp0006I 120000  Obj 2.819816e+09 Primal inf 1.0453634e+09 (148014)
Clp0006I 121000  Obj 2.8291098e+09 Primal inf 1.1096646e+09 (149122)
Clp0006I 122000  Obj 2.8294197e+09 Primal inf 1.1436045e+09 (149750)
Clp0006I 123000  Obj 2.8420108e+09 Primal inf 9.8086589e+08 (149458)
Clp0006I 124000  Obj 2.8798251e+09 Primal inf 1.1003221e+09 (148352)
Clp0006I 125000  Obj 2.9098501e+09 Primal inf 1.0720947e+09 (151626)
Clp0006I 126000  Obj 2.9506776e+09 Primal inf 5.2829626e+09 (188191)
Clp0006I 127000  Obj 2.9735088e+09 Primal inf 1.944489e+09 (157256)
Clp0006I 128000  Obj 2.9894564e+09 Primal inf 1.5227921e+10 (186004)
Clp0006I 129000  Obj 3.0274977e+09 Primal inf 1.0298586e+09 (151243)
Clp0006I 130000  Obj 3.0419911e+09 Primal inf 1.1514416e+09 (152754)
Clp0006I 131000  Obj 3.0768328e+09 Primal inf 9.5246009e+10 (187754)
Clp0006I 132000  Obj 3.1091432e+09 Primal inf 1.0979129e+09 (160071)
Clp0006I 133000  Obj 3.1547064e+09 Primal inf 9.7379605e+08 (158157)
Clp0006I 134000  Obj 3.1838704e+09 Primal inf 9.0497618e+08 (150399)
Clp0006I 135000  Obj 3.1939698e+09 Primal inf 1.091675e+09 (152326)
Clp0006I 136000  Obj 3.2162129e+09 Primal inf 2.5064038e+09 (211663)
Clp0006I 137000  Obj 3.2452899e+09 Primal inf 1.000494e+09 (153340)
Clp0006I 138000  Obj 3.275275e+09 Primal inf 1.0193432e+09 (151588)
Clp0006I 139000  Obj 3.3124222e+09 Primal inf 3.8938846e+09 (187224)
Clp0006I 140000  Obj 3.3414643e+09 Primal inf 2.825012e+09 (180300)
Clp0006I 141000  Obj 3.3641994e+09 Primal inf 7.7886281e+09 (179358)
Clp0006I 142000  Obj 3.3730631e+09 Primal inf 9.9114352e+09 (216967)
Clp0006I 143000  Obj 3.4006454e+09 Primal inf 2.8059023e+09 (162635)
Clp0006I 144000  Obj 3.4526377e+09 Primal inf 2.3542294e+09 (160213)
Clp0006I 145000  Obj 3.4810437e+09 Primal inf 2.9902945e+09 (160524)
Clp0006I 146000  Obj 3.5281263e+09 Primal inf 5.4983327e+09 (181990)
Clp0006I 147000  Obj 3.5518492e+09 Primal inf 6.4213939e+09 (210012)
Clp0006I 148000  Obj 3.5870944e+09 Primal inf 1.3879642e+09 (152527)
Clp0006I 149000  Obj 3.6139939e+09 Primal inf 1.7002896e+09 (160535)
Clp0006I 150000  Obj 3.6535544e+09 Primal inf 2.9870002e+09 (201832)
Clp0006I 151000  Obj 3.6912671e+09 Primal inf 1.225964e+09 (152085)
Clp0006I 152000  Obj 3.7422364e+09 Primal inf 2.3648731e+09 (155354)
Clp0006I 153000  Obj 3.8213257e+09 Primal inf 3.1692976e+09 (161029)
Clp0006I 154000  Obj 3.8658148e+09 Primal inf 3.079758e+09 (160271)
Clp0006I 155000  Obj 3.9065847e+09 Primal inf 2.3920474e+09 (151514)
Clp0006I 156000  Obj 3.9390393e+09 Primal inf 4.3959565e+09 (211068)
Clp0006I 157000  Obj 4.0129801e+09 Primal inf 1.0129845e+11 (191222)
Clp0006I 157917  Obj 4.0845324e+09 Primal inf 3.376944e+09 (211713)
Clp0006I 158917  Obj 4.151722e+09 Primal inf 4.8974991e+09 (213538)
Clp0006I 159917  Obj 4.1945119e+09 Primal inf 1.4513962e+09 (160369)
Clp0006I 160917  Obj 4.2166813e+09 Primal inf 1.8750327e+09 (154673)
Clp0006I 161917  Obj 4.2477514e+09 Primal inf 1.90394e+09 (153170)
Clp0006I 162917  Obj 4.2777321e+09 Primal inf 3.2414599e+09 (156058)
Clp0006I 163917  Obj 4.3241713e+09 Primal inf 1.4922152e+09 (152229)
Clp0006I 164917  Obj 4.4151839e+09 Primal inf 1.2611749e+09 (153148)
Clp0006I 165917  Obj 4.4746546e+09 Primal inf 6.4070983e+09 (182761)
Clp0006I 166917  Obj 4.5388235e+09 Primal inf 1.2611757e+11 (165918)
Clp0006I 167917  Obj 4.5867416e+09 Primal inf 1.5851496e+09 (156703)
Clp0006I 168917  Obj 4.6393581e+09 Primal inf 6.9473792e+10 (196498)
Clp0006I 169917  Obj 4.7187417e+09 Primal inf 5.4266914e+09 (182329)
Clp0006I 170917  Obj 4.7875512e+09 Primal inf 7.4934321e+09 (183824)
Clp0006I 171917  Obj 4.8611985e+09 Primal inf 3.6264563e+09 (154909)
Clp0006I 172917  Obj 4.9090898e+09 Primal inf 9.0515727e+10 (190965)
Clp0006I 173917  Obj 4.961918e+09 Primal inf 3.3901641e+09 (179459)
Clp0006I 174917  Obj 4.9913024e+09 Primal inf 4.1628168e+09 (180859)
Clp0006I 175917  Obj 5.0539342e+09 Primal inf 1.4761399e+11 (194320)
Clp0006I 176917  Obj 5.1257175e+09 Primal inf 1.6316862e+09 (160624)
Clp0006I 177917  Obj 5.1819963e+09 Primal inf 2.8609404e+09 (181448)
Clp0006I 178917  Obj 5.2149761e+09 Primal inf 1.5352883e+09 (177555)
Clp0006I 179917  Obj 5.2680294e+09 Primal inf 1.4976506e+09 (154783)
Clp0006I 180917  Obj 5.3176694e+09 Primal inf 1.1315264e+09 (152806)
Clp0006I 181917  Obj 5.3745588e+09 Primal inf 1.9430475e+10 (214638)
Clp0006I 182917  Obj 5.4312949e+09 Primal inf 8.9607466e+10 (193305)
Clp0006I 183616  Obj 5.5029467e+09 Primal inf 9.5422939e+10 (215736)
Clp0006I 184616  Obj 5.5346311e+09 Primal inf 1.8891413e+09 (156290)
Clp0006I 185616  Obj 5.5691053e+09 Primal inf 1.0635146e+09 (152479)
Clp0006I 186616  Obj 5.5880552e+09 Primal inf 3.2041466e+09 (177893)
Clp0006I 187616  Obj 5.6265296e+09 Primal inf 8.6116828e+09 (205730)
Clp0006I 188616  Obj 5.6654159e+09 Primal inf 2.8809574e+09 (154301)
Clp0006I 189616  Obj 5.692343e+09 Primal inf 1.9039065e+09 (153106)
Clp0006I 190616  Obj 5.751656e+09 Primal inf 1.9258427e+09 (155516)
Clp0006I 191616  Obj 5.8320148e+09 Primal inf 2.3262387e+09 (183842)
Clp0006I 192616  Obj 5.8579324e+09 Primal inf 1.4273203e+09 (177638)
Clp0006I 193616  Obj 5.87861e+09 Primal inf 3.4635619e+09 (155636)
Clp0006I 194616  Obj 5.9305005e+09 Primal inf 1.7841801e+09 (153752)
Clp0006I 195616  Obj 6.0165171e+09 Primal inf 5.144525e+09 (183222)
Clp0006I 196616  Obj 6.0648852e+09 Primal inf 1.9429022e+09 (151797)
Clp0006I 197616  Obj 6.1186981e+09 Primal inf 2.4361032e+09 (153524)
Clp0006I 198616  Obj 6.1632771e+09 Primal inf 7.4683824e+10 (164470)
Clp0006I 199616  Obj 6.1861006e+09 Primal inf 3.6986237e+09 (185664)
Clp0006I 200616  Obj 6.2343567e+09 Primal inf 3.8789702e+09 (178802)
Clp0006I 201616  Obj 6.3090079e+09 Primal inf 1.8413368e+11 (189319)
Clp0006I 202616  Obj 6.391878e+09 Primal inf 2.6861043e+10 (191416)
Clp0006I 203616  Obj 6.4768717e+09 Primal inf 6.3397431e+10 (191305)
Clp0006I 204616  Obj 6.5581205e+09 Primal inf 1.9455412e+09 (152138)
Clp0006I 205616  Obj 6.6556828e+09 Primal inf 1.8571949e+09 (150972)
Clp0006I 206616  Obj 6.7766914e+09 Primal inf 1.6860026e+09 (151903)
Clp0006I 207340  Obj 6.8626167e+09 Primal inf 4.1216779e+09 (155383)
Clp0006I 208340  Obj 6.9473024e+09 Primal inf 3.1390179e+09 (151957)
Clp0006I 209340  Obj 7.0602589e+09 Primal inf 2.389797e+09 (175079)
Clp0006I 209949  Obj 7.1706818e+09 Primal inf 3.0708229e+09 (150665)
Clp0006I 210949  Obj 7.3006665e+09 Primal inf 1.893783e+09 (147914)
Clp0006I 211949  Obj 7.3428759e+09 Primal inf 6.8912797e+10 (159033)
Clp0006I 212949  Obj 7.379096e+09 Primal inf 3.4006629e+09 (153112)
Clp0006I 213949  Obj 7.4916299e+09 Primal inf 1.9014521e+10 (184242)
Clp0006I 214949  Obj 7.6322747e+09 Primal inf 4.8186525e+09 (150886)
Clp0006I 215949  Obj 7.7493501e+09 Primal inf 1.8757054e+09 (147629)
Clp0006I 216949  Obj 7.7910918e+09 Primal inf 1.8993398e+11 (193248)
Clp0006I 217949  Obj 7.8473601e+09 Primal inf 7.5016379e+09 (177739)
Clp0006I 218949  Obj 7.9407775e+09 Primal inf 5.0767812e+09 (158569)
Clp0006I 219949  Obj 8.0522714e+09 Primal inf 9.7103814e+09 (159866)
Clp0006I 220949  Obj 8.1540502e+09 Primal inf 1.4040297e+11 (186385)
Clp0006I 221949  Obj 8.2097739e+09 Primal inf 5.0825096e+09 (160727)
Clp0006I 222949  Obj 8.2868295e+09 Primal inf 2.8975174e+10 (185124)
Clp0006I 223949  Obj 8.3581272e+09 Primal inf 2.6436313e+09 (163198)
Clp0006I 224949  Obj 8.4256704e+09 Primal inf 2.8622666e+09 (167796)
Clp0006I 225949  Obj 8.5008677e+09 Primal inf 4.9889424e+09 (170718)
Clp0006I 226949  Obj 8.5664623e+09 Primal inf 1.447686e+09 (158992)
Clp0006I 227949  Obj 8.616531e+09 Primal inf 7.3563736e+09 (189209)
Clp0006I 228949  Obj 8.6676946e+09 Primal inf 2.7429821e+09 (149530)
Clp0006I 229949  Obj 8.7350873e+09 Primal inf 2.7696481e+09 (174514)
Clp0006I 230949  Obj 8.7728004e+09 Primal inf 3.7183635e+09 (161539)
Clp0006I 231949  Obj 8.7959737e+09 Primal inf 2.1566718e+10 (169004)
Clp0006I 232949  Obj 8.8489232e+09 Primal inf 2.0867074e+09 (151332)
Clp0006I 233949  Obj 8.8813161e+09 Primal inf 5.9184939e+09 (151529)
Clp0006I 234949  Obj 8.8985334e+09 Primal inf 1.9981189e+09 (150225)
Clp0006I 235949  Obj 8.9103194e+09 Primal inf 1.6015338e+09 (151895)
Clp0006I 236949  Obj 8.9232625e+09 Primal inf 1.3277235e+11 (171418)
Clp0006I 237949  Obj 8.9389786e+09 Primal inf 7.3933691e+09 (190400)
Clp0006I 238949  Obj 8.9468471e+09 Primal inf 1.5996301e+09 (173025)
Clp0006I 239949  Obj 8.9607022e+09 Primal inf 6.6510144e+09 (192230)
Clp0006I 240949  Obj 8.9704639e+09 Primal inf 2.2275294e+09 (150610)
Clp0006I 241949  Obj 8.9885328e+09 Primal inf 2.9557653e+09 (158778)
Clp0006I 242949  Obj 9.0091005e+09 Primal inf 1.0006372e+09 (151644)
Clp0006I 243949  Obj 9.0143222e+09 Primal inf 3.2630707e+09 (157236)
Clp0006I 244949  Obj 9.0221075e+09 Primal inf 5.2540013e+09 (158894)
Clp0006I 245949  Obj 9.0413363e+09 Primal inf 1.187904e+10 (182866)
Clp0006I 246949  Obj 9.0563011e+09 Primal inf 4.8766881e+09 (162970)
Clp0006I 247949  Obj 9.0693717e+09 Primal inf 3.0431816e+09 (215999)
Clp0006I 248949  Obj 9.0865678e+09 Primal inf 2.1830715e+11 (197853)
Clp0006I 249949  Obj 9.1236519e+09 Primal inf 5.5632838e+09 (187088)
Clp0006I 250949  Obj 9.1406497e+09 Primal inf 1.3109436e+12 (214429)
Clp0006I 251949  Obj 9.1630692e+09 Primal inf 4.5964148e+09 (151582)
Clp0006I 252949  Obj 9.1866077e+09 Primal inf 1.1545634e+10 (211497)
Clp0006I 253949  Obj 9.2127829e+09 Primal inf 2.6199854e+09 (151055)
Clp0006I 254949  Obj 9.2362764e+09 Primal inf 2.161754e+09 (149762)
Clp0006I 255949  Obj 9.2569956e+09 Primal inf 4.6005694e+09 (173825)
Clp0006I 256949  Obj 9.2940617e+09 Primal inf 1.2632197e+10 (174761)
Clp0006I 257949  Obj 9.3155185e+09 Primal inf 2.1338477e+09 (160425)
Clp0006I 258949  Obj 9.335247e+09 Primal inf 2.2525998e+10 (216131)
Clp0006I 259949  Obj 9.3520051e+09 Primal inf 1.1858276e+10 (207898)
Clp0006I 260949  Obj 9.4531734e+09 Primal inf 3.7504592e+09 (215606)
Clp0006I 261949  Obj 9.4934112e+09 Primal inf 1.7931853e+09 (167788)
Clp0006I 262949  Obj 9.5168376e+09 Primal inf 2.4972525e+09 (184189)
Clp0006I 263949  Obj 9.5404055e+09 Primal inf 2.8425753e+09 (163703)
Clp0006I 264949  Obj 9.5984279e+09 Primal inf 2.5688605e+09 (163113)
Clp0006I 265949  Obj 9.611158e+09 Primal inf 7.0664976e+09 (205806)
Clp0006I 266949  Obj 9.6188056e+09 Primal inf 8.1407166e+09 (205154)
Clp0006I 267949  Obj 9.677872e+09 Primal inf 4.0759459e+09 (199272)
Clp0006I 268949  Obj 9.7578696e+09 Primal inf 2.9497376e+09 (166054)
Clp0006I 269949  Obj 9.8635795e+09 Primal inf 4.0168271e+09 (169149)
Clp0006I 270949  Obj 9.9600613e+09 Primal inf 2.9403199e+09 (198346)
Clp0006I 271949  Obj 9.9837955e+09 Primal inf 3.7134643e+10 (211195)
Clp0006I 272949  Obj 1.0088617e+10 Primal inf 1.1891316e+10 (211310)
Clp0006I 273949  Obj 1.0108455e+10 Primal inf 2.8511208e+09 (174325)
Clp0006I 274949  Obj 1.0149537e+10 Primal inf 6.208509e+10 (234521)
Clp0006I 275949  Obj 1.0176118e+10 Primal inf 1.0873958e+09 (210922)
Clp0006I 276949  Obj 1.0198506e+10 Primal inf 2.3849631e+09 (217465)
Clp0006I 277949  Obj 1.0211248e+10 Primal inf 1.7898096e+09 (198763)
Clp0006I 278949  Obj 1.02449e+10 Primal inf 1.9852427e+09 (191746)
Clp0006I 279949  Obj 1.0288543e+10 Primal inf 2.619361e+09 (193561)
Clp0006I 280949  Obj 1.035639e+10 Primal inf 2.0107912e+10 (208019)
Clp0006I 281949  Obj 1.0379606e+10 Primal inf 3.7918714e+09 (167366)
Clp0006I 282949  Obj 1.04602e+10 Primal inf 9.1167013e+10 (184563)
Clp0006I 283949  Obj 1.0471002e+10 Primal inf 1.2877803e+10 (227545)
Clp0006I 284949  Obj 1.0540645e+10 Primal inf 4.4658972e+09 (208332)
Clp0006I 285949  Obj 1.0579074e+10 Primal inf 1.1932377e+09 (163075)
Clp0006I 286949  Obj 1.0607591e+10 Primal inf 1.6417085e+09 (176148)
Clp0006I 287949  Obj 1.0663302e+10 Primal inf 5.4404166e+09 (215260)
Clp0006I 288949  Obj 1.0717211e+10 Primal inf 5.4879542e+12 (225278)
Clp0006I 289949  Obj 1.075525e+10 Primal inf 1.6436965e+09 (164557)
Clp0006I 290949  Obj 1.0783538e+10 Primal inf 6.0734047e+09 (213391)
Clp0006I 291949  Obj 1.0833222e+10 Primal inf 1.9726147e+09 (192162)
Clp0006I 292949  Obj 1.0868689e+10 Primal inf 3.7289125e+09 (203867)
Clp0006I 293949  Obj 1.0912312e+10 Primal inf 5.5037378e+09 (207584)
Clp0006I 294949  Obj 1.0941072e+10 Primal inf 6.8566242e+10 (205630)
Clp0006I 295949  Obj 1.0961596e+10 Primal inf 1.2949893e+09 (168435)
Clp0006I 296949  Obj 1.0988742e+10 Primal inf 1.193979e+09 (170188)
Clp0006I 297949  Obj 1.1007152e+10 Primal inf 1.0784533e+09 (166994)
Clp0006I 298949  Obj 1.1033177e+10 Primal inf 1.5412286e+10 (207525)
Clp0006I 299949  Obj 1.1076222e+10 Primal inf 2.4928685e+09 (186050)
Clp0006I 300949  Obj 1.1113781e+10 Primal inf 6.9235744e+09 (211372)
Clp0006I 301949  Obj 1.1158748e+10 Primal inf 4.8331116e+09 (206248)
Clp0006I 302949  Obj 1.1228502e+10 Primal inf 4.2523011e+11 (225186)
Clp0006I 303685  Obj 1.1264298e+10 Primal inf 4.3518193e+10 (213273)
Clp0006I 304685  Obj 1.1341986e+10 Primal inf 3.2716609e+09 (200274)
Clp0006I 305685  Obj 1.1376133e+10 Primal inf 6.2254602e+09 (202073)
Clp0006I 306685  Obj 1.1424299e+10 Primal inf 2.7458512e+11 (215331)
Clp0006I 307685  Obj 1.1460779e+10 Primal inf 2.4835313e+09 (190756)
Clp0006I 308685  Obj 1.1511657e+10 Primal inf 4.5640213e+10 (206043)
Clp0006I 309685  Obj 1.1583848e+10 Primal inf 3.0820561e+11 (225731)
Clp0006I 310685  Obj 1.1652134e+10 Primal inf 1.5456956e+09 (200401)
Clp0006I 311685  Obj 1.1682178e+10 Primal inf 1.0607743e+11 (236452)
Clp0006I 312685  Obj 1.1707023e+10 Primal inf 4.3062901e+09 (198994)
Clp0006I 313685  Obj 1.1782512e+10 Primal inf 9.9777841e+10 (213722)
Clp0006I 314685  Obj 1.1844327e+10 Primal inf 1.3755162e+10 (224052)
Clp0006I 315685  Obj 1.1906555e+10 Primal inf 3.7872939e+09 (168473)
Clp0006I 316685  Obj 1.1986366e+10 Primal inf 1.2036488e+09 (191800)
Clp0006I 317685  Obj 1.2024376e+10 Primal inf 3.5547341e+09 (199407)
Clp0006I 318685  Obj 1.2091162e+10 Primal inf 3.7039925e+09 (207195)
Clp0006I 319685  Obj 1.2133956e+10 Primal inf 1.716899e+09 (180423)
Clp0006I 320685  Obj 1.2178306e+10 Primal inf 3.8093288e+09 (176470)
Clp0006I 321685  Obj 1.2226545e+10 Primal inf 4.8159815e+10 (235527)
Clp0006I 322613  Obj 1.2339551e+10 Primal inf 4.4708852e+11 (214950)
Clp0006I 323440  Obj 1.2414078e+10 Primal inf 7.7272071e+10 (265494)
Clp0006I 324440  Obj 1.2482695e+10 Primal inf 4.6340944e+09 (207906)
Clp0006I 325440  Obj 1.2555675e+10 Primal inf 3.2680578e+10 (256846)
Clp0006I 326440  Obj 1.260222e+10 Primal inf 9.2716984e+09 (219497)
Clp0006I 327440  Obj 1.269952e+10 Primal inf 1.1614623e+10 (229197)
Clp0006I 328440  Obj 1.273495e+10 Primal inf 8.4498767e+10 (268269)
Clp0006I 329440  Obj 1.2760001e+10 Primal inf 4.6706367e+10 (226186)
Clp0006I 330440  Obj 1.2813217e+10 Primal inf 7.2318078e+10 (236512)
Clp0006I 331440  Obj 1.2880348e+10 Primal inf 1.5161052e+10 (221094)
Clp0006I 332440  Obj 1.2925478e+10 Primal inf 7.49887e+09 (228133)
Clp0006I 333440  Obj 1.2957996e+10 Primal inf 8.4759718e+09 (218649)
Clp0006I 334440  Obj 1.3027051e+10 Primal inf 1.712743e+10 (215723)
Clp0006I 335440  Obj 1.3093203e+10 Primal inf 2.6221046e+10 (240732)
Clp0006I 336440  Obj 1.3162885e+10 Primal inf 7.4379892e+09 (224877)
Clp0006I 337440  Obj 1.3205223e+10 Primal inf 4.4152909e+10 (288802)
Clp0006I 338440  Obj 1.3269524e+10 Primal inf 3.1188959e+10 (246788)
Clp0006I 339440  Obj 1.3320211e+10 Primal inf 3.5030237e+09 (213091)
Clp0006I 340440  Obj 1.3372202e+10 Primal inf 5.7977699e+09 (236854)
Clp0006I 341440  Obj 1.3426841e+10 Primal inf 2.3203162e+09 (190712)
Clp0006I 342440  Obj 1.3471911e+10 Primal inf 3.0885215e+09 (236699)
Clp0006I 343440  Obj 1.3521482e+10 Primal inf 3.8493381e+10 (242270)
Clp0006I 344440  Obj 1.3556339e+10 Primal inf 1.0756431e+09 (202096)
Clp0006I 345440  Obj 1.3611592e+10 Primal inf 7.6969703e+09 (212863)
Clp0006I 346440  Obj 1.3647633e+10 Primal inf 2.5813858e+10 (223826)
Clp0006I 347440  Obj 1.3662715e+10 Primal inf 5.6504597e+09 (193136)
Clp0006I 348440  Obj 1.3665248e+10 Primal inf 4.6471869e+10 (193865)
Clp0006I 349440  Obj 1.3669439e+10 Primal inf 2.1872587e+09 (228516)
Clp0006I 350440  Obj 1.3698357e+10 Primal inf 1.2478169e+10 (244243)
Clp0006I 351440  Obj 1.3700801e+10 Primal inf 6.7398829e+09 (217438)
Clp0006I 352440  Obj 1.3705353e+10 Primal inf 7.4728779e+09 (263801)
Clp0006I 353440  Obj 1.3720103e+10 Primal inf 2.6615887e+09 (230707)
Clp0006I 354440  Obj 1.3757354e+10 Primal inf 6.7328451e+09 (216124)
Clp0006I 355440  Obj 1.380441e+10 Primal inf 1.3866231e+10 (250304)
Clp0006I 356440  Obj 1.3837503e+10 Primal inf 2.2669123e+10 (251556)
Clp0006I 357440  Obj 1.3860886e+10 Primal inf 3.4150587e+10 (268228)
Clp0006I 358440  Obj 1.3879235e+10 Primal inf 5.2259566e+10 (231432)
Clp0006I 359440  Obj 1.3897772e+10 Primal inf 2.2219135e+09 (214462)
Clp0006I 360440  Obj 1.3940593e+10 Primal inf 8.5190012e+09 (250974)
Clp0006I 361440  Obj 1.3966542e+10 Primal inf 2.546156e+09 (232536)
Clp0006I 362440  Obj 1.3982428e+10 Primal inf 4.0701737e+09 (246274)
Clp0006I 363440  Obj 1.3996899e+10 Primal inf 2.0448212e+09 (249890)
Clp0006I 364440  Obj 1.4011106e+10 Primal inf 4.9965638e+09 (267334)
Clp0006I 365440  Obj 1.4022643e+10 Primal inf 1.7359541e+09 (245597)
Clp0006I 366440  Obj 1.4040499e+10 Primal inf 7.8460228e+09 (270101)
Clp0006I 367440  Obj 1.4066074e+10 Primal inf 2.3917616e+09 (263493)
Clp0006I 368440  Obj 1.4067723e+10 Primal inf 1.4614901e+09 (241982)
Clp0006I 369440  Obj 1.4072999e+10 Primal inf 4.5678182e+09 (243977)
Clp0006I 370440  Obj 1.4099007e+10 Primal inf 2.5134874e+09 (224911)
Clp0006I 371440  Obj 1.411516e+10 Primal inf 2.502472e+09 (257504)
Clp0006I 372440  Obj 1.4128272e+10 Primal inf 2.7589126e+09 (254263)
Clp0006I 373440  Obj 1.4131723e+10 Primal inf 1.9491383e+09 (232274)
Clp0006I 374440  Obj 1.4138996e+10 Primal inf 1.2226658e+09 (229408)
Clp0006I 375440  Obj 1.4149725e+10 Primal inf 9.0953368e+08 (244124)
Clp0006I 376440  Obj 1.4168725e+10 Primal inf 1.5946577e+10 (294966)
Clp0006I 377440  Obj 1.4176778e+10 Primal inf 1.6179819e+09 (214213)
Clp0006I 378440  Obj 1.418032e+10 Primal inf 4.9516737e+09 (257827)
Clp0006I 379440  Obj 1.419928e+10 Primal inf 1.2832363e+09 (216088)
Clp0006I 380440  Obj 1.4222731e+10 Primal inf 1.9712123e+09 (235027)
Clp0006I 381440  Obj 1.4231599e+10 Primal inf 3.0234875e+09 (241091)
Clp0006I 382440  Obj 1.4237421e+10 Primal inf 3.0984137e+09 (255565)
Clp0006I 383440  Obj 1.4246303e+10 Primal inf 2.0125195e+10 (238526)
Clp0006I 384440  Obj 1.4254453e+10 Primal inf 2.2843211e+09 (232158)
Clp0006I 385440  Obj 1.4258222e+10 Primal inf 4.68908e+09 (248215)
Clp0006I 386440  Obj 1.4267015e+10 Primal inf 1.4938514e+10 (238498)
Clp0006I 387440  Obj 1.4282718e+10 Primal inf 2.4672615e+10 (247072)
Clp0006I 388440  Obj 1.4286776e+10 Primal inf 7.7349215e+08 (191352)
Clp0006I 389440  Obj 1.4295055e+10 Primal inf 2.5072968e+09 (230185)
Clp0006I 390440  Obj 1.4315234e+10 Primal inf 1.8591202e+09 (230995)
Clp0006I 391440  Obj 1.4317413e+10 Primal inf 6.2533132e+09 (272226)
Clp0006I 392440  Obj 1.4331476e+10 Primal inf 1.4988792e+09 (243655)
Clp0006I 393440  Obj 1.4345337e+10 Primal inf 2.8245359e+09 (232332)
Clp0006I 394440  Obj 1.4355242e+10 Primal inf 1.345964e+09 (204012)
Clp0006I 395440  Obj 1.4359708e+10 Primal inf 1.9385261e+09 (205110)
Clp0006I 396440  Obj 1.4370036e+10 Primal inf 6.3991661e+09 (276387)
Clp0006I 397440  Obj 1.437724e+10 Primal inf 6.9577688e+09 (240868)
Clp0006I 398440  Obj 1.4381286e+10 Primal inf 3.9760367e+09 (233284)
Clp0006I 399440  Obj 1.438539e+10 Primal inf 4.9773245e+09 (222607)
Clp0006I 400440  Obj 1.4387645e+10 Primal inf 1.8323915e+09 (246767)
Clp0006I 401440  Obj 1.4391869e+10 Primal inf 3.4353425e+09 (230045)
Clp0006I 402440  Obj 1.4396024e+10 Primal inf 2.0394976e+09 (245126)
Clp0006I 403440  Obj 1.4406987e+10 Primal inf 1.3157099e+09 (227042)
Clp0006I 404440  Obj 1.4566749e+10 Primal inf 2.1127995e+09 (230505)
Clp0006I 405440  Obj 1.4578382e+10 Primal inf 4.9401672e+09 (270896)
Clp0006I 406440  Obj 1.4595647e+10 Primal inf 2.8312413e+09 (271797)
Clp0006I 407440  Obj 1.4612263e+10 Primal inf 1.6587978e+10 (221381)
Clp0006I 408440  Obj 1.4613381e+10 Primal inf 2.3188499e+09 (245680)
Clp0006I 409440  Obj 1.4621068e+10 Primal inf 9.4579245e+09 (285961)
Clp0006I 410440  Obj 1.4623224e+10 Primal inf 7.3186735e+09 (273713)
Clp0006I 411440  Obj 1.4635155e+10 Primal inf 3.6460671e+09 (221938)
Clp0006I 412440  Obj 1.4648546e+10 Primal inf 1.6159712e+10 (225816)
Clp0006I 413440  Obj 1.4653578e+10 Primal inf 1.6346766e+09 (226752)
Clp0006I 414440  Obj 1.4663769e+10 Primal inf 1.461452e+09 (218923)
Clp0006I 415440  Obj 1.467826e+10 Primal inf 3.8250165e+09 (254943)
Clp0006I 416440  Obj 1.4689386e+10 Primal inf 3.7321954e+09 (248916)
Clp0006I 417440  Obj 1.4703459e+10 Primal inf 4.9109001e+09 (238955)
Clp0006I 418440  Obj 1.4706287e+10 Primal inf 2.9468247e+09 (226011)
Clp0006I 419440  Obj 1.4712164e+10 Primal inf 2.7393189e+09 (237026)
Clp0006I 420440  Obj 1.4723764e+10 Primal inf 3.0816661e+09 (224525)
Clp0006I 421440  Obj 1.4730653e+10 Primal inf 2.109089e+10 (250671)
Clp0006I 422440  Obj 1.4739738e+10 Primal inf 1.7618313e+09 (222258)
Clp0006I 423440  Obj 1.4749611e+10 Primal inf 1.4859263e+09 (208900)
Clp0006I 424440  Obj 1.4764898e+10 Primal inf 1.438154e+10 (267800)
Clp0006I 425440  Obj 1.4774628e+10 Primal inf 1.448835e+09 (227353)
Clp0006I 426440  Obj 1.477876e+10 Primal inf 1.203897e+09 (201026)
Clp0006I 427440  Obj 1.4783567e+10 Primal inf 1.1419566e+09 (225044)
Clp0006I 428440  Obj 1.4791828e+10 Primal inf 3.2402765e+09 (254676)
Clp0006I 429440  Obj 1.4811905e+10 Primal inf 1.7706603e+10 (285329)
Clp0006I 430440  Obj 1.4817846e+10 Primal inf 2.5426839e+09 (229521)
Clp0006I 431440  Obj 1.482525e+10 Primal inf 1.3051111e+09 (223870)
Clp0006I 432440  Obj 1.4828996e+10 Primal inf 2.3652604e+09 (223664)
Clp0006I 433440  Obj 1.4851104e+10 Primal inf 1.9770632e+09 (222776)
Clp0006I 434440  Obj 1.4868257e+10 Primal inf 2.1083713e+09 (256408)
Clp0006I 435440  Obj 1.4888742e+10 Primal inf 3.6448081e+09 (243480)
Clp0006I 436440  Obj 1.4895989e+10 Primal inf 1.880753e+09 (249543)
Clp0006I 437440  Obj 1.4903392e+10 Primal inf 9.4673584e+08 (203675)
Clp0006I 438440  Obj 1.4918694e+10 Primal inf 1.006147e+09 (204419)
Clp0006I 439440  Obj 1.4923726e+10 Primal inf 7.1137109e+08 (199626)
Clp0006I 440440  Obj 1.4928367e+10 Primal inf 6.4875007e+08 (200605)
Clp0006I 441440  Obj 1.4938487e+10 Primal inf 1.6845994e+10 (270358)
Clp0006I 442440  Obj 1.494348e+10 Primal inf 1.7207053e+10 (255301)
Clp0006I 443440  Obj 1.4948779e+10 Primal inf 2.0982955e+10 (232476)
Clp0006I 444440  Obj 1.4955516e+10 Primal inf 2.1454085e+10 (232839)
Clp0006I 445440  Obj 1.4959514e+10 Primal inf 2.5378673e+10 (268338)
Clp0006I 446440  Obj 1.4968009e+10 Primal inf 1.0678464e+10 (284237)
Clp0006I 447440  Obj 1.4973506e+10 Primal inf 2.7298042e+10 (257660)
Clp0006I 448440  Obj 1.4985851e+10 Primal inf 5.8308083e+09 (241241)
Clp0006I 449440  Obj 1.4999158e+10 Primal inf 4.2239663e+11 (327212)
Clp0006I 450440  Obj 1.5010577e+10 Primal inf 1.0608773e+12 (317983)
Clp0006I 451440  Obj 1.5027037e+10 Primal inf 8.2680412e+09 (314737)
Clp0006I 452440  Obj 1.5030019e+10 Primal inf 2.1620667e+10 (306469)
Clp0006I 453440  Obj 1.503867e+10 Primal inf 1.7151995e+10 (282418)
Clp0006I 454440  Obj 1.5050186e+10 Primal inf 7.4671962e+09 (280577)
Clp0006I 455440  Obj 1.5054304e+10 Primal inf 4.0044358e+10 (314064)
Clp0006I 456440  Obj 1.5060899e+10 Primal inf 3.0408398e+10 (314325)
Clp0006I 457440  Obj 1.5065582e+10 Primal inf 2.9822252e+10 (306052)
Clp0006I 458440  Obj 1.5071289e+10 Primal inf 3.0427303e+09 (269845)
Clp0006I 459440  Obj 1.5078853e+10 Primal inf 1.3418226e+10 (307550)
Clp0006I 460440  Obj 1.5083921e+10 Primal inf 5.816461e+10 (315383)
Clp0006I 461440  Obj 1.5092428e+10 Primal inf 2.8834891e+10 (295070)
Clp0006I 462440  Obj 1.5109781e+10 Primal inf 1.14266e+10 (324180)
Clp0006I 463440  Obj 1.5120253e+10 Primal inf 2.8681757e+10 (327909)
Clp0006I 464440  Obj 1.5123612e+10 Primal inf 3.7132777e+10 (328444)
Clp0006I 465440  Obj 1.5135805e+10 Primal inf 6.6778852e+09 (292300)
Clp0006I 466440  Obj 1.5143638e+10 Primal inf 1.081224e+11 (315688)
Clp0006I 467440  Obj 1.5151465e+10 Primal inf 2.9510509e+10 (292457)
Clp0006I 468440  Obj 1.5154539e+10 Primal inf 1.240406e+10 (300284)
Clp0006I 469440  Obj 1.5157416e+10 Primal inf 1.8567198e+09 (260841)
Clp0006I 470440  Obj 1.5158774e+10 Primal inf 1.63992e+09 (260250)
Clp0006I 471440  Obj 1.516397e+10 Primal inf 2.1868758e+10 (272869)
Clp0006I 472440  Obj 1.5166315e+10 Primal inf 2.0985368e+10 (272805)
Clp0006I 473440  Obj 1.518389e+10 Primal inf 6.2776565e+10 (324637)
Clp0006I 474440  Obj 1.5189246e+10 Primal inf 3.6537105e+11 (316937)
Clp0006I 475440  Obj 1.5191948e+10 Primal inf 2.6014536e+10 (309806)
Clp0006I 476440  Obj 1.5193913e+10 Primal inf 8.0357985e+10 (303127)
Clp0006I 477440  Obj 1.5201053e+10 Primal inf 2.2942127e+10 (329653)
Clp0006I 478440  Obj 1.5222749e+10 Primal inf 2.5198293e+10 (305341)
Clp0006I 479440  Obj 1.5244423e+10 Primal inf 1.5744221e+11 (285000)
Clp0006I 480440  Obj 1.5251404e+10 Primal inf 1.0869904e+11 (282740)
Clp0006I 481440  Obj 1.525359e+10 Primal inf 8.5034238e+09 (269582)
Clp0006I 482440  Obj 1.5255175e+10 Primal inf 9.2226486e+09 (279635)
Clp0006I 483440  Obj 1.5268954e+10 Primal inf 3.1433885e+10 (285289)
Clp0006I 484440  Obj 1.5290815e+10 Primal inf 1.1655737e+10 (278118)
Clp0006I 485440  Obj 1.5327657e+10 Primal inf 2.0620474e+09 (280757)
Clp0006I 486440  Obj 1.5338397e+10 Primal inf 2.5127593e+10 (296454)
Clp0006I 487440  Obj 1.5342269e+10 Primal inf 8.7703833e+09 (331320)
Clp0006I 488440  Obj 1.5349079e+10 Primal inf 2.330048e+10 (299827)
Clp0006I 489440  Obj 1.5354563e+10 Primal inf 1.9375512e+10 (252860)
Clp0006I 490440  Obj 1.5358882e+10 Primal inf 4.4079162e+11 (287303)
Clp0006I 491440  Obj 1.5367218e+10 Primal inf 9.078918e+10 (275061)
Clp0006I 492440  Obj 1.5376207e+10 Primal inf 2.8565068e+10 (279735)
Clp0006I 493440  Obj 1.5383396e+10 Primal inf 2.7666014e+10 (346416)
Clp0006I 494440  Obj 1.5388037e+10 Primal inf 3.6164679e+10 (328248)
Clp0006I 495440  Obj 1.5395666e+10 Primal inf 6.5056206e+10 (342826)
Clp0006I 496440  Obj 1.5398097e+10 Primal inf 6.5192352e+10 (310478)
Clp0006I 497440  Obj 1.540204e+10 Primal inf 1.2258926e+11 (276118)
Clp0006I 498440  Obj 1.5403826e+10 Primal inf 3.9217617e+09 (307362)
Clp0006I 499440  Obj 1.540716e+10 Primal inf 7.4551538e+09 (269284)
Clp0006I 500440  Obj 1.5410139e+10 Primal inf 1.7897048e+09 (239083)
Clp0006I 501440  Obj 1.5414579e+10 Primal inf 1.3697277e+09 (237490)
Clp0006I 502440  Obj 1.5416896e+10 Primal inf 6.5358831e+09 (269870)
Clp0006I 503440  Obj 1.5427574e+10 Primal inf 3.1042586e+09 (355072)
Clp0006I 504440  Obj 1.5431686e+10 Primal inf 1.1539791e+10 (353362)
Clp0006I 505440  Obj 1.5438201e+10 Primal inf 1.9547217e+10 (287711)
Clp0006I 506440  Obj 1.543996e+10 Primal inf 2.1485261e+09 (294867)
Clp0006I 507440  Obj 1.5448349e+10 Primal inf 2.1825061e+09 (273854)
Clp0006I 508440  Obj 1.5452304e+10 Primal inf 6.0776899e+11 (310786)
Clp0006I 509440  Obj 1.546039e+10 Primal inf 4.5914348e+10 (300205)
Clp0006I 510440  Obj 1.5461801e+10 Primal inf 2.9397854e+10 (273306)
Clp0006I 511440  Obj 1.547113e+10 Primal inf 1.1017325e+11 (274103)
Clp0006I 512440  Obj 1.5480084e+10 Primal inf 9.0707379e+10 (275151)
Clp0006I 513440  Obj 1.5492194e+10 Primal inf 1.1693401e+11 (346995)
Clp0006I 514440  Obj 1.5505034e+10 Primal inf 5.7221399e+11 (279844)
Clp0006I 515440  Obj 1.5509848e+10 Primal inf 8.8699849e+10 (272457)
Clp0006I 516440  Obj 1.5512246e+10 Primal inf 5.1686014e+09 (252586)
Clp0006I 517440  Obj 1.5518898e+10 Primal inf 1.7405375e+10 (281804)
Clp0006I 518440  Obj 1.5526621e+10 Primal inf 5.2450009e+10 (322320)
Clp0006I 519440  Obj 1.5529503e+10 Primal inf 6.7436692e+10 (249340)
Clp0006I 520440  Obj 1.5533475e+10 Primal inf 6.0348608e+10 (260454)
Clp0006I 521440  Obj 1.5540008e+10 Primal inf 6.2642313e+10 (264981)
Clp0006I 522440  Obj 1.5543057e+10 Primal inf 1.2080104e+11 (294832)
Clp0006I 523440  Obj 1.5565293e+10 Primal inf 7.0306461e+09 (350152)
Clp0006I 524440  Obj 1.5574422e+10 Primal inf 4.3380828e+11 (360760)
Clp0006I 525440  Obj 1.5585217e+10 Primal inf 4.119473e+11 (349824)
Clp0006I 526440  Obj 1.5604182e+10 Primal inf 2.0578667e+10 (308760)
Clp0006I 527440  Obj 1.5612867e+10 Primal inf 4.736327e+10 (356218)
Clp0006I 528440  Obj 1.5619233e+10 Primal inf 1.6929693e+11 (343986)
Clp0006I 529440  Obj 1.5632944e+10 Primal inf 1.1987934e+11 (318339)
Clp0006I 530440  Obj 1.5634495e+10 Primal inf 6.9769087e+10 (297142)
Clp0006I 531440  Obj 1.5639273e+10 Primal inf 1.4031877e+11 (410686)
Clp0006I 532440  Obj 1.5642483e+10 Primal inf 2.27585e+10 (348228)
Clp0006I 533440  Obj 1.5650816e+10 Primal inf 1.7916428e+11 (344902)
Clp0006I 534440  Obj 1.5691486e+10 Primal inf 9.5116162e+10 (305147)
Clp0006I 535440  Obj 1.5699454e+10 Primal inf 5.5959892e+10 (377267)
Clp0006I 536440  Obj 1.5703236e+10 Primal inf 2.4429617e+10 (312541)
Clp0006I 537440  Obj 1.5707588e+10 Primal inf 3.4837988e+10 (386417)
Clp0006I 538440  Obj 1.5713446e+10 Primal inf 1.0869079e+10 (320371)
Clp0006I 539440  Obj 1.5715073e+10 Primal inf 2.7316645e+10 (318612)
Clp0006I 540440  Obj 1.5718479e+10 Primal inf 1.2347133e+10 (312311)
Clp0006I 541440  Obj 1.5726501e+10 Primal inf 2.2489116e+10 (347726)
Clp0006I 542440  Obj 1.5735649e+10 Primal inf 7.5751221e+09 (311359)
Clp0006I 543440  Obj 1.5738913e+10 Primal inf 9.5742303e+09 (409515)
Clp0006I 544440  Obj 1.5746536e+10 Primal inf 2.3855368e+10 (333762)
Clp0006I 545440  Obj 1.5750254e+10 Primal inf 2.5003655e+10 (340053)
Clp0006I 546440  Obj 1.5761648e+10 Primal inf 1.2510755e+10 (321336)
Clp0006I 547440  Obj 1.5764306e+10 Primal inf 1.7667305e+10 (342434)
Clp0006I 548440  Obj 1.5769036e+10 Primal inf 3.5516262e+10 (331027)
Clp0006I 549440  Obj 1.5814255e+10 Primal inf 9.7154237e+10 (361734)
Clp0006I 550440  Obj 1.5818065e+10 Primal inf 5.7847239e+10 (415801)
Clp0006I 551440  Obj 1.5822256e+10 Primal inf 1.6951644e+10 (391675)
Clp0006I 552440  Obj 1.5828434e+10 Primal inf 1.4780573e+10 (268161)
Clp0006I 553440  Obj 1.5830531e+10 Primal inf 2.127081e+10 (297444)
Clp0006I 554440  Obj 1.5834158e+10 Primal inf 1.5478147e+11 (297209)
Clp0006I 555440  Obj 1.5838439e+10 Primal inf 1.0369358e+11 (267773)
Clp0006I 556440  Obj 1.5841544e+10 Primal inf 2.8427822e+10 (325805)
Clp0006I 557440  Obj 1.584715e+10 Primal inf 6.512815e+09 (331202)
Clp0006I 558440  Obj 1.5848939e+10 Primal inf 2.6215973e+10 (345974)
Clp0006I 559440  Obj 1.585231e+10 Primal inf 1.6623486e+10 (316236)
Clp0006I 560440  Obj 1.585685e+10 Primal inf 2.4657296e+12 (304264)
Clp0006I 561440  Obj 1.5869744e+10 Primal inf 5.5840919e+10 (349689)
Clp0006I 562440  Obj 1.5879653e+10 Primal inf 1.7327319e+10 (338164)
Clp0006I 563440  Obj 1.5885649e+10 Primal inf 1.4996059e+10 (359559)
Clp0006I 564440  Obj 1.589836e+10 Primal inf 5.0230274e+11 (375978)
Clp0006I 565440  Obj 1.590557e+10 Primal inf 2.63892e+10 (356464)
Clp0006I 566440  Obj 1.5915248e+10 Primal inf 6.9660296e+10 (347932)
Clp0006I 567440  Obj 1.5926951e+10 Primal inf 8.0142276e+10 (350295)
Clp0006I 568440  Obj 1.5940056e+10 Primal inf 1.9456361e+11 (339727)
Clp0006I 569440  Obj 1.5949662e+10 Primal inf 4.8173671e+10 (376065)
Clp0006I 570440  Obj 1.5960974e+10 Primal inf 2.2996282e+10 (333970)
Clp0006I 571440  Obj 1.5971334e+10 Primal inf 1.0150781e+11 (317766)
Clp0006I 572440  Obj 1.5974806e+10 Primal inf 6.7204352e+09 (370964)
Clp0006I 573440  Obj 1.5976439e+10 Primal inf 1.3787504e+10 (314114)
Clp0006I 574440  Obj 1.6000995e+10 Primal inf 2.0689918e+10 (336536)
Clp0006I 575440  Obj 1.6007166e+10 Primal inf 2.4972468e+11 (364816)
Clp0006I 576440  Obj 1.601095e+10 Primal inf 2.8412614e+11 (340895)
Clp0006I 577440  Obj 1.6016906e+10 Primal inf 1.0277129e+11 (380613)
Clp0006I 578440  Obj 1.6018374e+10 Primal inf 5.8244224e+10 (350041)
Clp0006I 579440  Obj 1.6020577e+10 Primal inf 7.0373507e+10 (353650)
Clp0006I 580440  Obj 1.6023012e+10 Primal inf 2.6262719e+10 (377932)
Clp0006I 581440  Obj 1.6026642e+10 Primal inf 1.2372484e+11 (343812)
Clp0006I 582440  Obj 1.6029626e+10 Primal inf 4.0300465e+10 (391715)
Clp0006I 583440  Obj 1.6032211e+10 Primal inf 1.736881e+10 (347019)
Clp0006I 584440  Obj 1.6042887e+10 Primal inf 5.7296717e+10 (356863)
Clp0006I 585440  Obj 1.6049657e+10 Primal inf 6.6117266e+09 (312932)
Clp0006I 586440  Obj 1.6058259e+10 Primal inf 1.6376188e+10 (373133)
Clp0006I 587440  Obj 1.6064595e+10 Primal inf 2.4277611e+10 (351879)
Clp0006I 588440  Obj 1.606968e+10 Primal inf 6.5387303e+10 (369988)
Clp0006I 589440  Obj 1.6071486e+10 Primal inf 5.5753232e+10 (355328)
Clp0006I 590440  Obj 1.6075454e+10 Primal inf 5.1405986e+09 (282186)
Clp0006I 591440  Obj 1.608276e+10 Primal inf 6.7774837e+11 (308016)
Clp0006I 592440  Obj 1.6103203e+10 Primal inf 1.2635809e+10 (378494)
Clp0006I 593440  Obj 1.6105096e+10 Primal inf 1.2705853e+11 (377699)
Clp0006I 594440  Obj 1.6123759e+10 Primal inf 6.0114887e+11 (356431)
Clp0006I 595440  Obj 1.6141128e+10 Primal inf 3.0121291e+11 (347521)
Clp0006I 596440  Obj 1.6178978e+10 Primal inf 1.5944019e+11 (348466)
Clp0006I 597440  Obj 1.6209426e+10 Primal inf 1.9042241e+11 (353210)
Clp0006I 598440  Obj 1.6220581e+10 Primal inf 2.1942264e+11 (364149)
Clp0006I 599440  Obj 1.6234971e+10 Primal inf 3.650823e+10 (303785)
Clp0006I 600440  Obj 1.6243992e+10 Primal inf 1.0076195e+12 (341699)
Clp0006I 601440  Obj 1.6266506e+10 Primal inf 2.524035e+11 (330019)
Clp0006I 602440  Obj 1.6299076e+10 Primal inf 1.0238421e+12 (323586)
Clp0006I 603440  Obj 1.6305783e+10 Primal inf 1.17736e+12 (322796)
Clp0006I 604440  Obj 1.6314149e+10 Primal inf 7.0603694e+11 (323300)
Clp0006I 605440  Obj 1.6322717e+10 Primal inf 1.5610434e+10 (316499)
Clp0006I 606440  Obj 1.633329e+10 Primal inf 4.114642e+10 (340640)
Clp0006I 607440  Obj 1.6338621e+10 Primal inf 1.4614272e+10 (330980)
Clp0006I 608440  Obj 1.6343182e+10 Primal inf 1.8515206e+11 (341268)
Clp0006I 609440  Obj 1.6350127e+10 Primal inf 7.7762701e+09 (299808)
Clp0006I 610440  Obj 1.6352289e+10 Primal inf 8.6486324e+09 (313912)
Clp0006I 611440  Obj 1.6356181e+10 Primal inf 7.1722707e+09 (321953)
Clp0006I 612440  Obj 1.6360964e+10 Primal inf 2.2398229e+10 (344622)
Clp0006I 613440  Obj 1.6371897e+10 Primal inf 1.3804591e+11 (357729)
Clp0006I 614440  Obj 1.6375336e+10 Primal inf 3.4154073e+10 (300499)
Clp0006I 615440  Obj 1.6378438e+10 Primal inf 3.8317015e+10 (324086)
Clp0006I 616440  Obj 1.6386593e+10 Primal inf 6.4007135e+10 (287047)
Clp0006I 617440  Obj 1.6395483e+10 Primal inf 3.9175286e+10 (309695)
Clp0006I 618440  Obj 1.6402173e+10 Primal inf 2.2791016e+11 (336352)
Clp0006I 619440  Obj 1.6414278e+10 Primal inf 1.3021684e+10 (391522)
Clp0006I 620440  Obj 1.6418502e+10 Primal inf 3.2717027e+10 (302987)
Clp0006I 621440  Obj 1.6423947e+10 Primal inf 9.1245087e+11 (334506)
Clp0006I 622440  Obj 1.6431231e+10 Primal inf 5.3481946e+12 (374418)
Clp0006I 623440  Obj 1.6437286e+10 Primal inf 5.0637156e+09 (284886)
Clp0006I 624440  Obj 1.6443257e+10 Primal inf 9.7202857e+09 (386656)
Clp0006I 625440  Obj 1.6449934e+10 Primal inf 2.0060729e+11 (374076)
Clp0006I 626440  Obj 1.6456938e+10 Primal inf 5.5314771e+11 (374180)
Clp0006I 627440  Obj 1.6460333e+10 Primal inf 2.7908551e+10 (355105)
Clp0006I 628440  Obj 1.6465239e+10 Primal inf 1.6062148e+10 (329605)
Clp0006I 629440  Obj 1.646905e+10 Primal inf 2.3370691e+10 (326989)
Clp0006I 630440  Obj 1.6475928e+10 Primal inf 1.3780177e+12 (349134)
Clp0006I 631440  Obj 1.6481499e+10 Primal inf 2.8421483e+10 (327612)
Clp0006I 632440  Obj 1.6484924e+10 Primal inf 2.8408384e+10 (322951)
Clp0006I 633440  Obj 1.6493278e+10 Primal inf 2.1851154e+11 (312968)
Clp0006I 634440  Obj 1.6499493e+10 Primal inf 2.2878765e+11 (322084)
Clp0006I 635440  Obj 1.6518413e+10 Primal inf 2.0395545e+11 (378539)
Clp0006I 636440  Obj 1.6527401e+10 Primal inf 7.1216988e+09 (282942)
Clp0006I 637440  Obj 1.6541291e+10 Primal inf 2.012876e+10 (301881)
Clp0006I 638440  Obj 1.6557582e+10 Primal inf 3.7554267e+11 (322071)
Clp0006I 639440  Obj 1.6565668e+10 Primal inf 1.1256257e+10 (326759)
Clp0006I 640440  Obj 1.6581559e+10 Primal inf 1.7875719e+10 (308071)
Clp0006I 641440  Obj 1.6598668e+10 Primal inf 1.9859843e+10 (318890)
Clp0006I 642440  Obj 1.6615855e+10 Primal inf 3.6062597e+10 (353916)
Clp0006I 643440  Obj 1.6632772e+10 Primal inf 4.9185659e+10 (310379)
Clp0006I 644440  Obj 1.6657367e+10 Primal inf 1.7958856e+10 (404370)
Clp0006I 645440  Obj 1.6668396e+10 Primal inf 1.9541052e+10 (362046)
Clp0006I 646440  Obj 1.6679388e+10 Primal inf 1.7244251e+10 (361314)
Clp0006I 647440  Obj 1.6686934e+10 Primal inf 4.5105979e+09 (318842)
Clp0006I 648440  Obj 1.6705265e+10 Primal inf 4.9503764e+09 (325813)
Clp0006I 649440  Obj 1.6721564e+10 Primal inf 3.4010961e+09 (331296)
Clp0006I 650440  Obj 1.6742859e+10 Primal inf 5.2567144e+10 (294595)
Clp0006I 651440  Obj 1.6770597e+10 Primal inf 7.2163365e+10 (352692)
Clp0006I 652440  Obj 1.6787444e+10 Primal inf 3.697848e+10 (347115)
Clp0006I 653440  Obj 1.6813656e+10 Primal inf 1.1213676e+11 (374690)
Clp0006I 654440  Obj 1.6833165e+10 Primal inf 4.1473388e+10 (325379)
Clp0006I 655440  Obj 1.6852383e+10 Primal inf 4.8350309e+09 (348228)
Clp0006I 656440  Obj 1.6872562e+10 Primal inf 1.5204534e+10 (327724)
Clp0006I 657440  Obj 1.6888968e+10 Primal inf 3.3285055e+10 (363032)
Clp0006I 658440  Obj 1.6894991e+10 Primal inf 4.1727145e+09 (308965)
Clp0006I 659440  Obj 1.6909045e+10 Primal inf 1.9559757e+10 (355742)
Clp0006I 660440  Obj 1.6921845e+10 Primal inf 2.4477392e+11 (358935)
Clp0006I 661440  Obj 1.693739e+10 Primal inf 1.7995245e+10 (326876)
Clp0006I 662440  Obj 1.6948787e+10 Primal inf 3.1997251e+10 (337486)
Clp0006I 663440  Obj 1.6962698e+10 Primal inf 3.5822826e+10 (320205)
Clp0006I 664440  Obj 1.6985909e+10 Primal inf 1.0542757e+11 (385060)
Clp0006I 665440  Obj 1.7004225e+10 Primal inf 2.1153541e+10 (313872)
Clp0006I 666427  Obj 1.7024339e+10 Primal inf 2.5274536e+11 (348263)
Clp0006I 667427  Obj 1.7036226e+10 Primal inf 1.8363341e+11 (378592)
Clp0006I 668427  Obj 1.7049386e+10 Primal inf 1.3482615e+10 (347355)
Clp0006I 669427  Obj 1.7069291e+10 Primal inf 8.3080004e+09 (276497)
Clp0006I 670427  Obj 1.7083599e+10 Primal inf 4.0281333e+09 (316043)
Clp0006I 671427  Obj 1.7094669e+10 Primal inf 5.5876087e+09 (312931)
Clp0006I 672427  Obj 1.7101572e+10 Primal inf 4.155102e+10 (355961)
Clp0006I 673427  Obj 1.7106183e+10 Primal inf 1.2663452e+10 (273526)
Clp0006I 674427  Obj 1.71163e+10 Primal inf 1.1604026e+10 (347210)
Clp0006I 675427  Obj 1.7126464e+10 Primal inf 1.0732518e+11 (350007)
Clp0006I 676427  Obj 1.7142801e+10 Primal inf 4.4495561e+10 (359750)
Clp0006I 677427  Obj 1.7154342e+10 Primal inf 2.1803124e+11 (333090)
Clp0006I 678427  Obj 1.7164426e+10 Primal inf 1.5643186e+10 (365064)
Clp0006I 679427  Obj 1.7174497e+10 Primal inf 4.1586947e+10 (401429)
Clp0006I 680427  Obj 1.7191258e+10 Primal inf 3.8951214e+10 (369515)
Clp0006I 681427  Obj 1.7208272e+10 Primal inf 4.3616866e+10 (334083)
Clp0006I 682427  Obj 1.7213193e+10 Primal inf 7.5927673e+10 (356177)
Clp0006I 683427  Obj 1.7216972e+10 Primal inf 2.7665278e+10 (326421)
Clp0006I 684427  Obj 1.7229389e+10 Primal inf 1.919599e+10 (347406)
Clp0006I 685427  Obj 1.7233975e+10 Primal inf 1.0312072e+10 (446852)
Clp0006I 686427  Obj 1.7247314e+10 Primal inf 1.4283746e+10 (351945)
Clp0006I 687427  Obj 1.7260041e+10 Primal inf 6.3503644e+10 (351109)
Clp0006I 688427  Obj 1.727589e+10 Primal inf 2.8068297e+10 (368337)
Clp0006I 689427  Obj 1.7285961e+10 Primal inf 5.4724577e+09 (336222)
Clp0006I 690427  Obj 1.7299033e+10 Primal inf 7.8094827e+11 (430635)
Clp0006I 691427  Obj 1.7308188e+10 Primal inf 5.0474971e+10 (370842)
Clp0006I 692427  Obj 1.7319694e+10 Primal inf 2.4007708e+10 (334310)
Clp0006I 693427  Obj 1.7334821e+10 Primal inf 2.2540101e+10 (360403)
Clp0006I 694427  Obj 1.7367074e+10 Primal inf 5.3308058e+12 (379841)
Clp0006I 695427  Obj 1.7401589e+10 Primal inf 4.1936077e+12 (442106)
Clp0006I 696427  Obj 1.7443666e+10 Primal inf 3.134497e+11 (398102)
Clp0006I 697427  Obj 1.7543311e+10 Primal inf 3.3332705e+11 (314620)
Clp0006I 698427  Obj 1.7574402e+10 Primal inf 2.7481121e+12 (347835)
Clp0006I 699427  Obj 1.7589604e+10 Primal inf 6.9406896e+10 (366635)
Clp0006I 700427  Obj 1.759624e+10 Primal inf 1.3132107e+11 (357334)
Clp0006I 701427  Obj 1.7607759e+10 Primal inf 3.3752227e+10 (387507)
Clp0006I 702427  Obj 1.7616998e+10 Primal inf 3.3449266e+10 (339788)
Clp0006I 703427  Obj 1.7626487e+10 Primal inf 9.9194859e+10 (351373)
Clp0006I 704427  Obj 1.7645721e+10 Primal inf 1.2981047e+10 (290290)
Clp0006I 705427  Obj 1.7668003e+10 Primal inf 3.9543238e+10 (346488)
Clp0006I 706427  Obj 1.7677331e+10 Primal inf 9.3031165e+09 (404395)
Clp0006I 707427  Obj 1.7700093e+10 Primal inf 4.0134207e+11 (381151)
Clp0006I 708427  Obj 1.7708695e+10 Primal inf 1.1007808e+11 (341030)
Clp0006I 709427  Obj 1.771868e+10 Primal inf 4.8857925e+11 (369971)
Clp0006I 710427  Obj 1.7732089e+10 Primal inf 5.805311e+10 (405121)
Clp0006I 711427  Obj 1.774792e+10 Primal inf 1.9096558e+11 (437918)
Clp0006I 712427  Obj 1.7790918e+10 Primal inf 3.0961478e+11 (412341)
Clp0006I 713427  Obj 1.7866929e+10 Primal inf 1.5169035e+12 (343672)
Clp0006I 714398  Obj 1.7920742e+10 Primal inf 6.1879894e+11 (360801)
Clp0006I 715398  Obj 1.7964092e+10 Primal inf 7.4721458e+10 (370135)
Clp0006I 716398  Obj 1.8008106e+10 Primal inf 2.4436926e+11 (355571)
Clp0006I 717398  Obj 1.8046066e+10 Primal inf 4.2343649e+11 (343430)
Clp0006I 718398  Obj 1.8068574e+10 Primal inf 5.7135852e+10 (350978)
Clp0006I 719398  Obj 1.8079625e+10 Primal inf 9.7403539e+10 (369138)
Clp0006I 720398  Obj 1.8106548e+10 Primal inf 6.0451835e+10 (339975)
Clp0006I 721398  Obj 1.8127546e+10 Primal inf 4.2529736e+11 (395122)
Clp0006I 722398  Obj 1.8165663e+10 Primal inf 1.8374623e+11 (388599)
Clp0006I 723398  Obj 1.8188144e+10 Primal inf 1.1019766e+11 (334872)
Clp0006I 724398  Obj 1.820441e+10 Primal inf 4.2579201e+10 (351997)
Clp0006I 725398  Obj 1.8216942e+10 Primal inf 4.6547566e+10 (380992)
Clp0006I 726398  Obj 1.8228147e+10 Primal inf 2.0595428e+11 (354221)
Clp0006I 727398  Obj 1.8237833e+10 Primal inf 1.4649844e+11 (432448)
Clp0006I 728398  Obj 1.8250922e+10 Primal inf 1.8514014e+11 (390582)
Clp0006I 729398  Obj 1.8265762e+10 Primal inf 1.1378557e+10 (396659)
Clp0006I 730398  Obj 1.8279694e+10 Primal inf 1.1939129e+11 (365458)
Clp0006I 731273  Obj 1.8292238e+10 Primal inf 8.4759146e+10 (394902)
Clp0006I 732273  Obj 1.8307061e+10 Primal inf 6.6120257e+10 (359278)
Clp0006I 733273  Obj 1.8318891e+10 Primal inf 2.32542e+11 (439278)
Clp0006I 734075  Obj 1.8333215e+10 Primal inf 3.447623e+10 (373814)
Clp0006I 735075  Obj 1.8340688e+10 Primal inf 3.7918784e+10 (337908)
Clp0006I 736075  Obj 1.8346962e+10 Primal inf 8.1146475e+10 (354883)
Clp0006I 737075  Obj 1.8360681e+10 Primal inf 3.9318781e+10 (359855)
Clp0006I 738075  Obj 1.8387154e+10 Primal inf 1.1837493e+10 (374271)
Clp0006I 739075  Obj 1.8398247e+10 Primal inf 9.7432938e+10 (418977)
Clp0006I 740075  Obj 1.8424406e+10 Primal inf 1.5931275e+10 (365327)
Clp0006I 741075  Obj 1.8453278e+10 Primal inf 4.1352835e+10 (387825)
Clp0006I 742075  Obj 1.8466931e+10 Primal inf 8.2745714e+09 (340912)
Clp0006I 743075  Obj 1.8476992e+10 Primal inf 2.6703323e+10 (365167)
Clp0006I 744075  Obj 1.8496167e+10 Primal inf 2.7121361e+10 (306502)
Clp0006I 745075  Obj 1.8515143e+10 Primal inf 9.1430621e+10 (345995)
Clp0006I 746075  Obj 1.8536876e+10 Primal inf 3.4978782e+10 (377889)
Clp0006I 747075  Obj 1.8550297e+10 Primal inf 9.7018708e+10 (433195)
Clp0006I 748075  Obj 1.8574473e+10 Primal inf 7.5120575e+10 (363278)
Clp0006I 749075  Obj 1.8598645e+10 Primal inf 2.1506125e+11 (346910)
Clp0006I 750075  Obj 1.8624509e+10 Primal inf 2.9035391e+11 (382765)
Clp0006I 751075  Obj 1.865809e+10 Primal inf 7.3907847e+11 (396301)
Clp0006I 752075  Obj 1.8687938e+10 Primal inf 5.9778511e+11 (353016)
Clp0006I 753075  Obj 1.8711461e+10 Primal inf 2.4749814e+11 (324702)
Clp0006I 753661  Obj 1.8728236e+10 Primal inf 5.4301665e+11 (417536)
Clp0006I 754553  Obj 1.8745808e+10 Primal inf 8.4763842e+11 (398838)
Clp0006I 755553  Obj 1.8765776e+10 Primal inf 1.2705901e+11 (330607)
Clp0006I 756295  Obj 1.8781783e+10 Primal inf 1.3114643e+11 (320679)
Clp0006I 757295  Obj 1.8799398e+10 Primal inf 1.5236167e+11 (424157)
Clp0006I 757900  Obj 1.8813171e+10 Primal inf 1.3887099e+12 (301094)
Clp0006I 758661  Obj 1.8836217e+10 Primal inf 6.1407739e+11 (312507)
Clp0006I 759395  Obj 1.8850627e+10 Primal inf 1.5472557e+11 (406317)
Clp0006I 760395  Obj 1.8860934e+10 Primal inf 3.9755228e+09 (333092)
Clp0006I 761180  Obj 1.8866575e+10 Primal inf 1.2778243e+11 (385777)
Clp0006I 762180  Obj 1.8872848e+10 Primal inf 3.2754951e+10 (347156)
Clp0006I 763180  Obj 1.8878483e+10 Primal inf 1.5628311e+11 (369454)
Clp0006I 764180  Obj 1.888829e+10 Primal inf 1.3614266e+11 (399539)
Clp0006I 765180  Obj 1.8894856e+10 Primal inf 6.0138562e+11 (404715)
Clp0006I 766180  Obj 1.8909919e+10 Primal inf 6.6352644e+10 (344441)
Clp0006I 767180  Obj 1.8921817e+10 Primal inf 8.8082243e+09 (357776)
Clp0006I 768180  Obj 1.8928851e+10 Primal inf 3.7175983e+10 (323728)
Clp0006I 769180  Obj 1.893603e+10 Primal inf 4.5165581e+10 (402471)
Clp0006I 770180  Obj 1.8949203e+10 Primal inf 2.7830749e+11 (400439)
Clp0006I 771180  Obj 1.8960102e+10 Primal inf 8.090186e+10 (395728)
Clp0006I 772180  Obj 1.8967796e+10 Primal inf 6.2691966e+11 (389423)
Clp0006I 773180  Obj 1.8977844e+10 Primal inf 6.9230214e+10 (406685)
Clp0006I 774026  Obj 1.8995068e+10 Primal inf 9.2684797e+10 (379825)
Clp0006I 775026  Obj 1.9014274e+10 Primal inf 8.1953213e+11 (345935)
Clp0006I 776026  Obj 1.9027862e+10 Primal inf 2.792868e+10 (370373)
Clp0006I 777026  Obj 1.904261e+10 Primal inf 1.560211e+12 (337292)
Clp0006I 778026  Obj 1.9070041e+10 Primal inf 7.7221183e+10 (373233)
Clp0006I 779026  Obj 1.9080816e+10 Primal inf 1.0984391e+11 (342932)
Clp0006I 780026  Obj 1.9089635e+10 Primal inf 2.0933261e+11 (411088)
Clp0006I 781026  Obj 1.9096529e+10 Primal inf 1.6669927e+10 (360913)
Clp0006I 782026  Obj 1.9114058e+10 Primal inf 4.7981157e+12 (384959)
Clp0006I 782769  Obj 1.9126334e+10 Primal inf 5.1670735e+11 (395418)
Clp0006I 783769  Obj 1.9141393e+10 Primal inf 7.4946226e+10 (368100)
Clp0006I 784769  Obj 1.9153627e+10 Primal inf 2.9745779e+10 (346958)
Clp0006I 785769  Obj 1.9168105e+10 Primal inf 8.8338767e+10 (341014)
Clp0006I 786493  Obj 1.9174406e+10 Primal inf 9.05028e+09 (384934)
Clp0006I 787493  Obj 1.9185557e+10 Primal inf 9.5223902e+11 (373866)
Clp0006I 788493  Obj 1.9198477e+10 Primal inf 8.861986e+12 (412461)
Clp0006I 789493  Obj 1.9212431e+10 Primal inf 2.5347344e+12 (386471)
Clp0006I 790493  Obj 1.9229267e+10 Primal inf 6.6158835e+11 (407965)
Clp0006I 791493  Obj 1.9248209e+10 Primal inf 5.7367371e+11 (387639)
Clp0006I 792493  Obj 1.9259016e+10 Primal inf 1.1610566e+11 (343149)
Clp0006I 793493  Obj 1.9267199e+10 Primal inf 4.198481e+10 (342310)
Clp0006I 794493  Obj 1.927824e+10 Primal inf 5.9122168e+10 (340116)
Clp0006I 795493  Obj 1.9281765e+10 Primal inf 4.7440087e+10 (346928)
Clp0006I 796493  Obj 1.9286936e+10 Primal inf 8.8382457e+10 (347478)
Clp0006I 797493  Obj 1.929369e+10 Primal inf 2.4230638e+10 (337156)
Clp0006I 798493  Obj 1.9303074e+10 Primal inf 1.790017e+11 (421321)
Clp0006I 799493  Obj 1.9316173e+10 Primal inf 3.2802267e+11 (376951)
Clp0006I 800493  Obj 1.9328284e+10 Primal inf 1.5961017e+11 (386031)
Clp0006I 801493  Obj 1.934317e+10 Primal inf 4.2609873e+10 (332933)
Clp0006I 802493  Obj 1.935083e+10 Primal inf 1.6876273e+10 (303225)
Clp0006I 803493  Obj 1.9356488e+10 Primal inf 4.0055643e+10 (345050)
Clp0006I 804493  Obj 1.9370741e+10 Primal inf 8.3421947e+10 (333036)
Clp0006I 805493  Obj 1.9383346e+10 Primal inf 1.1110789e+10 (369352)
Clp0006I 806493  Obj 1.9392818e+10 Primal inf 2.9033802e+10 (363526)
Clp0006I 807493  Obj 1.9397229e+10 Primal inf 1.0813365e+10 (328023)
Clp0006I 808493  Obj 1.9403275e+10 Primal inf 7.2777886e+10 (382097)
Clp0006I 809086  Obj 1.9406064e+10 Primal inf 5.8604694e+10 (298010)
Clp0006I 810086  Obj 1.9406789e+10 Primal inf 4.03083e+10 (361379)
Clp0006I 811086  Obj 1.9417342e+10 Primal inf 3.0189971e+11 (322662)
Clp0006I 812086  Obj 1.9426956e+10 Primal inf 1.459861e+11 (345919)
Clp0006I 813086  Obj 1.944155e+10 Primal inf 4.4964052e+10 (335031)
Clp0006I 814086  Obj 1.9441814e+10 Primal inf 8.523305e+10 (394045)
Clp0006I 815086  Obj 1.9445759e+10 Primal inf 1.3051801e+10 (312299)
Clp0006I 816086  Obj 1.9455809e+10 Primal inf 8.6905852e+10 (361731)
Clp0006I 817086  Obj 1.946521e+10 Primal inf 1.4739232e+10 (370327)
Clp0006I 818086  Obj 1.9472143e+10 Primal inf 3.3522748e+10 (329873)
Clp0006I 819086  Obj 1.9483698e+10 Primal inf 5.0836372e+11 (364963)
Clp0006I 820086  Obj 1.9497524e+10 Primal inf 1.7389589e+11 (390813)
Clp0006I 821086  Obj 1.950797e+10 Primal inf 5.1337576e+10 (303805)
Clp0006I 821704  Obj 1.9517538e+10 Primal inf 2.7973099e+10 (362014)
Clp0006I 822704  Obj 1.9531393e+10 Primal inf 9.5849064e+10 (394491)
Clp0006I 823704  Obj 1.9549167e+10 Primal inf 5.4438428e+10 (374054)
Clp0006I 824704  Obj 1.9561022e+10 Primal inf 2.1213129e+10 (328749)
Clp0006I 825704  Obj 1.9569016e+10 Primal inf 1.6773341e+10 (313120)
Clp0006I 826704  Obj 1.958116e+10 Primal inf 8.9858451e+10 (308301)
Clp0006I 827704  Obj 1.9592744e+10 Primal inf 6.3051107e+11 (447951)
Clp0006I 828704  Obj 1.9603121e+10 Primal inf 1.0563091e+11 (376070)
Clp0006I 829704  Obj 1.9620754e+10 Primal inf 5.0102583e+10 (360762)
Clp0006I 830704  Obj 1.9628217e+10 Primal inf 1.3453864e+10 (307069)
Clp0006I 831704  Obj 1.9642161e+10 Primal inf 3.1001272e+10 (382049)
Clp0006I 832704  Obj 1.9654638e+10 Primal inf 2.7222348e+10 (366527)
Clp0006I 833613  Obj 1.9663608e+10 Primal inf 1.0194036e+11 (334120)
Clp0006I 834613  Obj 1.9673033e+10 Primal inf 3.5402752e+10 (392456)
Clp0006I 835613  Obj 1.9682163e+10 Primal inf 6.9687463e+11 (397736)
Clp0006I 836613  Obj 1.9692273e+10 Primal inf 1.3080878e+10 (294136)
Clp0006I 837613  Obj 1.970216e+10 Primal inf 1.5019964e+09 (276006)
Clp0006I 838613  Obj 1.9717431e+10 Primal inf 6.2368529e+10 (389258)
Clp0006I 839430  Obj 1.9730922e+10 Primal inf 1.2668901e+11 (341869)
Clp0006I 840430  Obj 1.9742048e+10 Primal inf 2.7483866e+10 (352180)
Clp0006I 841430  Obj 1.9750929e+10 Primal inf 2.3936212e+10 (430836)
Clp0006I 842430  Obj 1.9759912e+10 Primal inf 1.775569e+10 (330050)
Clp0006I 843430  Obj 1.9769781e+10 Primal inf 1.244816e+10 (316650)
Clp0006I 844430  Obj 1.9777925e+10 Primal inf 3.5957865e+10 (418029)
Clp0006I 845430  Obj 1.9785768e+10 Primal inf 1.6777958e+10 (378089)
Clp0006I 846430  Obj 1.9794751e+10 Primal inf 4.201054e+10 (405040)
Clp0006I 847430  Obj 1.980206e+10 Primal inf 2.4376263e+10 (348292)
Clp0006I 848430  Obj 1.9810142e+10 Primal inf 2.4998587e+10 (345118)
Clp0006I 849430  Obj 1.9816737e+10 Primal inf 2.3933103e+10 (421487)
Clp0006I 850430  Obj 1.9826933e+10 Primal inf 1.2001776e+11 (403977)
Clp0006I 851187  Obj 1.9836261e+10 Primal inf 2.6102998e+11 (382058)
Clp0006I 852187  Obj 1.9852991e+10 Primal inf 3.792793e+11 (428875)
Clp0006I 852930  Obj 1.9863617e+10 Primal inf 1.2243857e+13 (432285)
Clp0006I 853153  Obj 1.9865792e+10 Primal inf 2.6837773e+11 (406178)
Clp0006I 854153  Obj 1.9875438e+10 Primal inf 1.5427079e+10 (288468)
Clp0006I 855153  Obj 1.9886669e+10 Primal inf 1.7729211e+12 (448010)
Clp0006I 856153  Obj 1.9900806e+10 Primal inf 3.460077e+11 (373722)
Clp0006I 857153  Obj 1.9911883e+10 Primal inf 7.474036e+10 (354508)
Clp0006I 858153  Obj 1.9935123e+10 Primal inf 2.9284907e+11 (391701)
Clp0006I 859071  Obj 1.9955729e+10 Primal inf 7.5028155e+10 (338324)
Clp0006I 860071  Obj 1.9972691e+10 Primal inf 2.646069e+10 (314921)
Clp0006I 861071  Obj 1.998049e+10 Primal inf 1.3661601e+11 (429914)
Clp0006I 862071  Obj 1.9987884e+10 Primal inf 2.9079299e+10 (401269)
Clp0006I 863071  Obj 1.9995174e+10 Primal inf 5.5500829e+10 (360956)
Clp0006I 864071  Obj 2.0002116e+10 Primal inf 4.8686449e+10 (383440)
Clp0006I 865071  Obj 2.0012384e+10 Primal inf 7.8422452e+10 (420229)
Clp0006I 866071  Obj 2.0019081e+10 Primal inf 2.7058927e+10 (318896)
Clp0006I 866662  Obj 2.0025832e+10 Primal inf 3.7461878e+10 (367394)
Clp0006I 867662  Obj 2.0036629e+10 Primal inf 2.399962e+10 (377081)
Clp0006I 868662  Obj 2.0044764e+10 Primal inf 1.6781706e+10 (331264)
Clp0006I 869662  Obj 2.0053164e+10 Primal inf 3.3133097e+10 (358559)
Clp0006I 870662  Obj 2.006686e+10 Primal inf 4.5742796e+10 (349281)
Clp0006I 871662  Obj 2.0077554e+10 Primal inf 7.0857588e+10 (417938)
Clp0006I 872662  Obj 2.0086461e+10 Primal inf 1.087443e+11 (368664)
Clp0006I 873662  Obj 2.0096549e+10 Primal inf 4.1293069e+10 (416295)
Clp0006I 874662  Obj 2.010317e+10 Primal inf 3.7051678e+10 (347459)
Clp0006I 875662  Obj 2.0110132e+10 Primal inf 5.5960986e+10 (305466)
Clp0006I 876662  Obj 2.0117401e+10 Primal inf 1.8479609e+10 (351386)
Clp0006I 877662  Obj 2.0126509e+10 Primal inf 3.8235043e+09 (288401)
Clp0006I 878662  Obj 2.0133819e+10 Primal inf 6.3933072e+10 (327509)
Clp0006I 879662  Obj 2.0141068e+10 Primal inf 2.5521549e+10 (365136)
Clp0006I 880662  Obj 2.0155534e+10 Primal inf 1.675288e+11 (405540)
Clp0006I 881662  Obj 2.016312e+10 Primal inf 2.6320165e+10 (372238)
Clp0006I 882662  Obj 2.0169857e+10 Primal inf 1.2866473e+11 (370918)
Clp0006I 883662  Obj 2.0176711e+10 Primal inf 2.8150003e+10 (393975)
Clp0006I 884662  Obj 2.0184864e+10 Primal inf 4.5897462e+10 (383746)
Clp0006I 885662  Obj 2.0191531e+10 Primal inf 3.9789796e+11 (373687)
Clp0006I 886662  Obj 2.0196357e+10 Primal inf 3.4607038e+11 (451619)
Clp0006I 887612  Obj 2.0203784e+10 Primal inf 4.4024778e+10 (340941)
Clp0006I 888612  Obj 2.0211884e+10 Primal inf 1.1349176e+12 (333053)
Clp0006I 889612  Obj 2.0219325e+10 Primal inf 2.2403409e+10 (393586)
Clp0006I 890612  Obj 2.023621e+10 Primal inf 1.1057132e+12 (409654)
Clp0006I 891612  Obj 2.0247012e+10 Primal inf 1.7397375e+10 (390104)
Clp0006I 892612  Obj 2.0256752e+10 Primal inf 3.0016924e+11 (427762)
Clp0006I 893612  Obj 2.0261436e+10 Primal inf 2.4912977e+10 (346712)
Clp0006I 894612  Obj 2.0268568e+10 Primal inf 9.1692361e+10 (386599)
Clp0006I 895612  Obj 2.0275853e+10 Primal inf 6.7090238e+10 (395241)
Clp0006I 896612  Obj 2.028344e+10 Primal inf 2.2277514e+10 (400026)
Clp0006I 897446  Obj 2.0290818e+10 Primal inf 1.782194e+10 (359961)
Clp0006I 898446  Obj 2.0298507e+10 Primal inf 1.298823e+11 (397723)
Clp0006I 899446  Obj 2.0304193e+10 Primal inf 2.1181538e+11 (344399)
Clp0006I 900446  Obj 2.0311104e+10 Primal inf 1.2522618e+10 (389550)
Clp0006I 901446  Obj 2.031541e+10 Primal inf 7.6184805e+09 (285962)
Clp0006I 902446  Obj 2.0324236e+10 Primal inf 8.2556181e+09 (337403)
Clp0006I 903446  Obj 2.0334651e+10 Primal inf 1.795821e+10 (358622)
Clp0006I 904446  Obj 2.033987e+10 Primal inf 1.5924574e+11 (446447)
Clp0006I 905446  Obj 2.0352442e+10 Primal inf 4.5449779e+09 (297857)
Clp0006I 906446  Obj 2.0368877e+10 Primal inf 4.1687925e+10 (382860)
Clp0006I 907446  Obj 2.0377615e+10 Primal inf 5.7354693e+10 (426160)
Clp0006I 908446  Obj 2.0382882e+10 Primal inf 1.2307583e+10 (356235)
Clp0006I 909446  Obj 2.0387994e+10 Primal inf 4.3219689e+10 (355239)
Clp0006I 910446  Obj 2.0392284e+10 Primal inf 1.7168097e+10 (344708)
Clp0006I 911446  Obj 2.0397729e+10 Primal inf 4.0692158e+10 (346286)
Clp0006I 912446  Obj 2.0404638e+10 Primal inf 8.1140462e+09 (324725)
Clp0006I 913446  Obj 2.0416209e+10 Primal inf 1.4122325e+11 (357847)
Clp0006I 914446  Obj 2.0428843e+10 Primal inf 2.1557351e+10 (345044)
Clp0006I 915446  Obj 2.0440876e+10 Primal inf 8.7330857e+10 (445018)
Clp0006I 916446  Obj 2.0448991e+10 Primal inf 2.1528967e+10 (328107)
Clp0006I 917446  Obj 2.0461716e+10 Primal inf 1.2577092e+10 (368771)
Clp0006I 918446  Obj 2.0468747e+10 Primal inf 3.173661e+11 (388195)
Clp0006I 919446  Obj 2.0476505e+10 Primal inf 7.9628645e+10 (343273)
Clp0006I 920446  Obj 2.0490536e+10 Primal inf 1.318549e+11 (313030)
Clp0006I 921446  Obj 2.0506903e+10 Primal inf 6.5446209e+10 (378277)
Clp0006I 922446  Obj 2.0517846e+10 Primal inf 3.4788056e+09 (290327)
Clp0006I 923446  Obj 2.0522644e+10 Primal inf 2.2017134e+10 (399877)
Clp0006I 924446  Obj 2.0527383e+10 Primal inf 4.0271728e+10 (359689)
Clp0006I 925446  Obj 2.0539839e+10 Primal inf 3.2922436e+10 (333706)
Clp0006I 926446  Obj 2.0556981e+10 Primal inf 1.6899248e+11 (350456)
Clp0006I 927446  Obj 2.0570962e+10 Primal inf 1.5787514e+11 (275049)
Clp0006I 928446  Obj 2.0581151e+10 Primal inf 1.0390348e+10 (379369)
Clp0006I 929446  Obj 2.0589093e+10 Primal inf 7.2045217e+11 (496263)
Clp0006I 930421  Obj 2.0604372e+10 Primal inf 1.9430028e+11 (410956)
Clp0006I 931421  Obj 2.0610551e+10 Primal inf 9.0007378e+09 (340019)
Clp0006I 932421  Obj 2.062199e+10 Primal inf 3.0065048e+10 (357819)
Clp0006I 933421  Obj 2.0630099e+10 Primal inf 4.8080589e+10 (368163)
Clp0006I 934421  Obj 2.0651593e+10 Primal inf 5.7075943e+10 (404278)
Clp0006I 935421  Obj 2.065799e+10 Primal inf 2.1003101e+10 (366819)
Clp0006I 936421  Obj 2.0661337e+10 Primal inf 3.5223069e+10 (356015)
Clp0006I 937421  Obj 2.0664491e+10 Primal inf 4.5881632e+10 (501644)
Clp0006I 938421  Obj 2.0668497e+10 Primal inf 2.4819732e+10 (423918)
Clp0006I 939421  Obj 2.067514e+10 Primal inf 9.7037989e+09 (365278)
Clp0006I 940421  Obj 2.0685632e+10 Primal inf 2.6485381e+10 (409771)
Clp0006I 941421  Obj 2.0694229e+10 Primal inf 4.0176617e+10 (439398)
Clp0006I 942065  Obj 2.0698312e+10 Primal inf 3.6547174e+10 (439741)
Clp0006I 943065  Obj 2.0706567e+10 Primal inf 5.2423775e+09 (289113)
Clp0006I 944065  Obj 2.0715135e+10 Primal inf 1.0134521e+10 (361722)
Clp0006I 945065  Obj 2.0722751e+10 Primal inf 1.0481287e+11 (399546)
Clp0006I 946065  Obj 2.0733322e+10 Primal inf 1.6869451e+10 (339821)
Clp0006I 946929  Obj 2.0739812e+10 Primal inf 7.3095996e+11 (347821)
Clp0006I 947738  Obj 2.0749667e+10 Primal inf 1.1850725e+10 (335383)
Clp0006I 948738  Obj 2.0755636e+10 Primal inf 8.6029362e+09 (319231)
Clp0006I 949738  Obj 2.0757768e+10 Primal inf 1.1439466e+10 (309947)
Clp0006I 950738  Obj 2.0761977e+10 Primal inf 2.0838323e+10 (399615)
Clp0006I 951738  Obj 2.0767966e+10 Primal inf 1.8559984e+10 (347471)
Clp0006I 952738  Obj 2.0770843e+10 Primal inf 1.1620938e+10 (303994)
Clp0006I 953738  Obj 2.0772886e+10 Primal inf 8.9946145e+10 (458693)
Clp0006I 954736  Obj 2.0779571e+10 Primal inf 1.299052e+12 (379823)
Clp0006I 955736  Obj 2.0784854e+10 Primal inf 4.8973507e+10 (317937)
Clp0006I 956736  Obj 2.0791057e+10 Primal inf 6.7378933e+09 (421035)
Clp0006I 957736  Obj 2.0795229e+10 Primal inf 1.5154821e+10 (431882)
Clp0006I 958736  Obj 2.080983e+10 Primal inf 4.7882678e+10 (450616)
Clp0006I 959736  Obj 2.0823234e+10 Primal inf 8.7682724e+10 (420981)
Clp0006I 960736  Obj 2.0828947e+10 Primal inf 1.4066774e+10 (352809)
Clp0006I 961736  Obj 2.0838694e+10 Primal inf 9.1259159e+10 (428526)
Clp0006I 962736  Obj 2.0846234e+10 Primal inf 2.0352402e+11 (372840)
Clp0006I 963736  Obj 2.0852852e+10 Primal inf 7.3235732e+09 (411516)
Clp0006I 964736  Obj 2.0858532e+10 Primal inf 1.015976e+10 (368258)
Clp0006I 965736  Obj 2.0866507e+10 Primal inf 1.1580287e+11 (393184)
Clp0006I 966736  Obj 2.0879627e+10 Primal inf 2.0702524e+10 (331668)
Clp0006I 967736  Obj 2.0888463e+10 Primal inf 9.8724791e+10 (292186)
Clp0006I 968736  Obj 2.0900786e+10 Primal inf 1.463233e+11 (331344)
Clp0006I 969736  Obj 2.0912534e+10 Primal inf 7.7192406e+12 (435014)
Clp0006I 970493  Obj 2.0916581e+10 Primal inf 2.1642659e+10 (361724)
Clp0006I 971493  Obj 2.0918832e+10 Primal inf 5.1068046e+09 (307569)
Clp0006I 972493  Obj 2.0921992e+10 Primal inf 1.5900849e+10 (360343)
Clp0006I 973493  Obj 2.0927361e+10 Primal inf 7.2000662e+09 (366507)
Clp0006I 974493  Obj 2.0929014e+10 Primal inf 8.8840133e+09 (388827)
Clp0006I 975493  Obj 2.0931735e+10 Primal inf 1.1768749e+10 (393183)
Clp0006I 976493  Obj 2.0933422e+10 Primal inf 1.7855231e+09 (226547)
Clp0006I 977493  Obj 2.0933891e+10 Primal inf 2.632128e+10 (395109)
Clp0006I 978493  Obj 2.0937501e+10 Primal inf 2.5929504e+10 (364304)
Clp0006I 979493  Obj 2.094197e+10 Primal inf 2.7304893e+10 (413126)
Clp0006I 980493  Obj 2.0945681e+10 Primal inf 3.47992e+10 (417725)
Clp0006I 981493  Obj 2.0950432e+10 Primal inf 4.7266162e+10 (358718)
Clp0006I 982493  Obj 2.095551e+10 Primal inf 4.4126533e+10 (369100)
Clp0006I 983493  Obj 2.0963025e+10 Primal inf 1.240432e+11 (394901)
Clp0006I 984493  Obj 2.096989e+10 Primal inf 2.5788291e+10 (395618)
Clp0006I 985493  Obj 2.097802e+10 Primal inf 3.3392037e+10 (381785)
Clp0006I 986493  Obj 2.0987893e+10 Primal inf 4.0300012e+10 (376767)
Clp0006I 987493  Obj 2.0994435e+10 Primal inf 1.5613739e+10 (260179)
Clp0006I 988493  Obj 2.0999938e+10 Primal inf 1.270986e+10 (372993)
Clp0006I 989493  Obj 2.1008332e+10 Primal inf 3.1732063e+10 (366090)
Clp0006I 990493  Obj 2.1015049e+10 Primal inf 3.1899378e+10 (293425)
Clp0006I 991493  Obj 2.1018913e+10 Primal inf 6.8561125e+10 (472389)
Clp0006I 992493  Obj 2.1023424e+10 Primal inf 1.5586409e+10 (335571)
Clp0006I 993493  Obj 2.1027597e+10 Primal inf 2.8747686e+10 (481955)
Clp0006I 994493  Obj 2.1032222e+10 Primal inf 3.1659616e+10 (508997)
Clp0006I 995493  Obj 2.1045801e+10 Primal inf 1.1470875e+10 (386426)
Clp0006I 996493  Obj 2.1058292e+10 Primal inf 4.1740257e+10 (482617)
Clp0006I 997493  Obj 2.1063706e+10 Primal inf 3.4585837e+10 (416448)
Clp0006I 998493  Obj 2.1071503e+10 Primal inf 2.6159176e+10 (393460)
Clp0006I 999493  Obj 2.1075855e+10 Primal inf 5.5414602e+09 (340241)
Clp0006I 1000493  Obj 2.1084684e+10 Primal inf 2.2540952e+10 (376928)
Clp0006I 1001493  Obj 2.1092643e+10 Primal inf 1.8195078e+10 (445253)
Clp0006I 1002493  Obj 2.1098711e+10 Primal inf 4.7615116e+09 (308171)
Clp0006I 1003493  Obj 2.1104774e+10 Primal inf 3.8961656e+09 (339522)
Clp0006I 1004493  Obj 2.1111302e+10 Primal inf 2.0299985e+10 (390264)
Clp0006I 1005493  Obj 2.1129064e+10 Primal inf 6.4545564e+10 (477025)
Clp0006I 1006493  Obj 2.1143132e+10 Primal inf 4.7693848e+10 (459290)
Clp0006I 1007478  Obj 2.1149146e+10 Primal inf 2.603411e+10 (393414)
Clp0006I 1008478  Obj 2.1155757e+10 Primal inf 2.2949736e+11 (441428)
Clp0006I 1009478  Obj 2.1158563e+10 Primal inf 9.8613839e+09 (362572)
Clp0006I 1010478  Obj 2.1163803e+10 Primal inf 1.3481121e+11 (408926)
Clp0006I 1011478  Obj 2.1166636e+10 Primal inf 1.7755945e+10 (361968)
Clp0006I 1012478  Obj 2.1168991e+10 Primal inf 9.440662e+09 (425175)
Clp0006I 1013478  Obj 2.1171429e+10 Primal inf 2.3707118e+10 (430679)
Clp0006I 1014478  Obj 2.117429e+10 Primal inf 1.0511668e+10 (448138)
Clp0006I 1015478  Obj 2.1176345e+10 Primal inf 3.4839889e+10 (448632)
Clp0006I 1016478  Obj 2.1179059e+10 Primal inf 1.0415828e+11 (347033)
Clp0006I 1017478  Obj 2.1183696e+10 Primal inf 1.7654635e+11 (446114)
Clp0006I 1018478  Obj 2.1188964e+10 Primal inf 5.9268876e+09 (353301)
Clp0006I 1019478  Obj 2.1213069e+10 Primal inf 3.8828325e+10 (441890)
Clp0006I 1020478  Obj 2.1225992e+10 Primal inf 1.3623402e+10 (314451)
Clp0006I 1021478  Obj 2.1230449e+10 Primal inf 1.8857728e+10 (373106)
Clp0006I 1022478  Obj 2.1232105e+10 Primal inf 3.8222163e+09 (300308)
Clp0006I 1023478  Obj 2.1235801e+10 Primal inf 6.754247e+10 (432365)
Clp0006I 1024478  Obj 2.1238861e+10 Primal inf 4.5662998e+10 (398636)
Clp0006I 1025478  Obj 2.1242116e+10 Primal inf 7.84109e+08 (300617)
Clp0006I 1026478  Obj 2.1246635e+10 Primal inf 3.6997052e+10 (450616)
Clp0006I 1027478  Obj 2.1249806e+10 Primal inf 1.5288187e+10 (470700)
Clp0006I 1028478  Obj 2.1252655e+10 Primal inf 8.6004572e+10 (462290)
Clp0006I 1029478  Obj 2.1256296e+10 Primal inf 1.8548038e+10 (451342)
Clp0006I 1030478  Obj 2.126266e+10 Primal inf 4.9001779e+09 (337257)
Clp0006I 1031478  Obj 2.1267981e+10 Primal inf 6.1183624e+10 (437802)
Clp0006I 1032038  Obj 2.1271154e+10 Primal inf 1.5522757e+12 (407491)
Clp0006I 1032955  Obj 2.1281929e+10 Primal inf 2.9375659e+11 (438485)
Clp0006I 1033955  Obj 2.1291106e+10 Primal inf 7.7558675e+10 (425039)
Clp0006I 1034955  Obj 2.1296366e+10 Primal inf 2.546453e+10 (426187)
Clp0006I 1035955  Obj 2.1300783e+10 Primal inf 2.2493459e+10 (382040)
Clp0006I 1036955  Obj 2.1308251e+10 Primal inf 1.0294434e+10 (365124)
Clp0006I 1037955  Obj 2.131232e+10 Primal inf 9.6907188e+10 (479938)
Clp0006I 1038955  Obj 2.132031e+10 Primal inf 2.0794643e+11 (394520)
Clp0006I 1039955  Obj 2.1329847e+10 Primal inf 7.7953531e+09 (422640)
Clp0006I 1040955  Obj 2.133317e+10 Primal inf 1.9600684e+10 (449438)
Clp0006I 1041955  Obj 2.1337661e+10 Primal inf 5.8538222e+09 (414577)
Clp0006I 1042955  Obj 2.1340114e+10 Primal inf 2.5707086e+10 (388277)
Clp0006I 1043955  Obj 2.1344785e+10 Primal inf 1.159384e+10 (358811)
Clp0006I 1044955  Obj 2.1347569e+10 Primal inf 5.2721408e+09 (369957)
Clp0006I 1045955  Obj 2.1352866e+10 Primal inf 2.6687762e+10 (417688)
Clp0006I 1046955  Obj 2.1355681e+10 Primal inf 1.3433088e+10 (370917)
Clp0006I 1047955  Obj 2.136219e+10 Primal inf 1.8084993e+11 (371438)
Clp0006I 1048955  Obj 2.1367212e+10 Primal inf 9.3634411e+09 (442850)
Clp0006I 1049955  Obj 2.1373955e+10 Primal inf 2.4154353e+10 (432123)
Clp0006I 1050645  Obj 2.1382803e+10 Primal inf 4.4497247e+11 (441353)
Clp0006I 1051645  Obj 2.1387655e+10 Primal inf 1.116135e+10 (310942)
Clp0006I 1052645  Obj 2.1394395e+10 Primal inf 5.5513882e+10 (450587)
Clp0006I 1053645  Obj 2.1400263e+10 Primal inf 1.7769988e+10 (368454)
Clp0006I 1054645  Obj 2.1411309e+10 Primal inf 1.3743449e+10 (422889)
Clp0006I 1055645  Obj 2.1423232e+10 Primal inf 6.78147e+09 (398197)
Clp0006I 1056645  Obj 2.1431284e+10 Primal inf 5.4456808e+09 (390316)
Clp0006I 1057645  Obj 2.1457831e+10 Primal inf 5.2307191e+09 (390672)
Clp0006I 1058381  Obj 2.1469e+10 Primal inf 1.6765369e+11 (472516)
Clp0006I 1059381  Obj 2.1471996e+10 Primal inf 3.7113733e+10 (422880)
Clp0006I 1060381  Obj 2.1475496e+10 Primal inf 1.17865e+11 (460295)
Clp0006I 1061381  Obj 2.1514937e+10 Primal inf 2.1420277e+09 (330780)
Clp0006I 1062381  Obj 2.1564514e+10 Primal inf 2.0791391e+10 (368110)
Clp0006I 1063381  Obj 2.1570649e+10 Primal inf 2.0099928e+11 (428369)
Clp0006I 1064381  Obj 2.1576511e+10 Primal inf 1.194897e+11 (429018)
Clp0006I 1065381  Obj 2.1580692e+10 Primal inf 1.4173232e+11 (422033)
Clp0006I 1066226  Obj 2.1586094e+10 Primal inf 3.8417664e+11 (331596)
Clp0006I 1067226  Obj 2.1589741e+10 Primal inf 3.6048439e+10 (319284)
Clp0006I 1068226  Obj 2.1593358e+10 Primal inf 1.8628927e+10 (464236)
Clp0006I 1069226  Obj 2.1597076e+10 Primal inf 5.3187235e+09 (367610)
Clp0006I 1070226  Obj 2.159987e+10 Primal inf 1.5601585e+09 (317586)
Clp0006I 1071226  Obj 2.1604143e+10 Primal inf 4.5171494e+10 (311197)
Clp0006I 1072226  Obj 2.1606423e+10 Primal inf 8.6611745e+09 (316811)
Clp0006I 1073226  Obj 2.1610491e+10 Primal inf 2.2050177e+10 (273470)
Clp0006I 1074226  Obj 2.1614561e+10 Primal inf 5.4545238e+09 (343269)
Clp0006I 1075226  Obj 2.1616222e+10 Primal inf 1.8139723e+10 (424846)
Clp0006I 1076226  Obj 2.1618339e+10 Primal inf 7.6029383e+09 (412171)
Clp0006I 1077226  Obj 2.1621106e+10 Primal inf 5.7045731e+08 (278017)
Clp0006I 1078226  Obj 2.1629601e+10 Primal inf 1.0522631e+10 (383649)
Clp0006I 1079226  Obj 2.1633455e+10 Primal inf 2.0009043e+10 (418196)
Clp0006I 1080226  Obj 2.1645967e+10 Primal inf 2.3025378e+09 (303139)
Clp0006I 1081226  Obj 2.16561e+10 Primal inf 1.8302723e+10 (386294)
Clp0006I 1082226  Obj 2.1659624e+10 Primal inf 5.4815579e+09 (280593)
Clp0006I 1083226  Obj 2.1663075e+10 Primal inf 1.2014704e+10 (270875)
Clp0006I 1084226  Obj 2.1664775e+10 Primal inf 1.3757092e+10 (366597)
Clp0006I 1085226  Obj 2.166758e+10 Primal inf 1.4555888e+10 (362362)
Clp0006I 1086226  Obj 2.1676003e+10 Primal inf 2.0469245e+11 (479918)
Clp0006I 1087226  Obj 2.1679071e+10 Primal inf 1.2240707e+10 (412839)
Clp0006I 1088226  Obj 2.1683464e+10 Primal inf 1.3758096e+09 (281778)
Clp0006I 1089226  Obj 2.1696615e+10 Primal inf 1.2371751e+11 (400322)
Clp0006I 1090226  Obj 2.1700191e+10 Primal inf 1.6428041e+10 (303389)
Clp0006I 1091226  Obj 2.1705905e+10 Primal inf 7.3251679e+10 (297162)
Clp0006I 1092226  Obj 2.172081e+10 Primal inf 6.6300811e+11 (400649)
Clp0006I 1093226  Obj 2.1728322e+10 Primal inf 4.6647674e+10 (343902)
Clp0006I 1094226  Obj 2.1739446e+10 Primal inf 1.3974114e+10 (328384)
Clp0006I 1095226  Obj 2.1742832e+10 Primal inf 5.0451568e+10 (352568)
Clp0006I 1096226  Obj 2.1746258e+10 Primal inf 2.0848962e+09 (334151)
Clp0006I 1097226  Obj 2.1752894e+10 Primal inf 2.5797613e+10 (360657)
Clp0006I 1098226  Obj 2.1758468e+10 Primal inf 4.5984859e+10 (409133)
Clp0006I 1099226  Obj 2.1763548e+10 Primal inf 1.7404307e+11 (365718)
Clp0006I 1100226  Obj 2.1768862e+10 Primal inf 1.1756925e+11 (246878)
Clp0006I 1101226  Obj 2.1776515e+10 Primal inf 6.9465512e+10 (366915)
Clp0006I 1102226  Obj 2.1784501e+10 Primal inf 6.9841815e+10 (363460)
Clp0006I 1103226  Obj 2.1787517e+10 Primal inf 1.8833808e+10 (351824)
Clp0006I 1104226  Obj 2.179085e+10 Primal inf 3.116406e+10 (365072)
Clp0006I 1105226  Obj 2.1794018e+10 Primal inf 1.4279479e+11 (394083)
Clp0006I 1106226  Obj 2.180611e+10 Primal inf 5.8741088e+09 (402982)
Clp0006I 1107226  Obj 2.1813196e+10 Primal inf 1.4483511e+09 (374289)
Clp0006I 1108226  Obj 2.1852635e+10 Primal inf 4.7684172e+09 (272916)
Clp0006I 1109226  Obj 2.190041e+10 Primal inf 7.035408e+08 (337712)
Clp0006I 1110226  Obj 2.193053e+10 Primal inf 5.7823494e+09 (365369)
Clp0006I 1111226  Obj 2.1940606e+10 Primal inf 7.0049151e+09 (380221)
Clp0006I 1112226  Obj 2.1947029e+10 Primal inf 7.3082657e+08 (295107)
Clp0006I 1113226  Obj 2.195026e+10 Primal inf 5.2754609e+09 (445991)
Clp0006I 1114226  Obj 2.1971014e+10 Primal inf 2.3353041e+10 (506536)
Clp0006I 1115226  Obj 2.1985832e+10 Primal inf 2.9057046e+09 (331291)
Clp0006I 1116226  Obj 2.199372e+10 Primal inf 1.2007724e+10 (430426)
Clp0006I 1117226  Obj 2.1997746e+10 Primal inf 7.9022294e+09 (404345)
Clp0006I 1118226  Obj 2.2000619e+10 Primal inf 7.7983716e+09 (385597)
Clp0006I 1119226  Obj 2.200472e+10 Primal inf 3.3314031e+10 (426751)
Clp0006I 1120226  Obj 2.2006651e+10 Primal inf 9.81901e+09 (473769)
Clp0006I 1121185  Obj 2.2011187e+10 Primal inf 2.7161358e+10 (388619)
Clp0006I 1122185  Obj 2.2016049e+10 Primal inf 1.3043347e+09 (323269)
Clp0006I 1123185  Obj 2.2019758e+10 Primal inf 2.6286727e+10 (396299)
Clp0006I 1124185  Obj 2.2024041e+10 Primal inf 2.4118524e+10 (360912)
Clp0006I 1125185  Obj 2.2030281e+10 Primal inf 7.5001849e+09 (309779)
Clp0006I 1126185  Obj 2.2033146e+10 Primal inf 4.0159551e+11 (403672)
Clp0006I 1127185  Obj 2.2037771e+10 Primal inf 1.0208557e+11 (483786)
Clp0006I 1128185  Obj 2.2053103e+10 Primal inf 4.4414859e+09 (455550)
Clp0006I 1129185  Obj 2.2084817e+10 Primal inf 8.1933535e+08 (298089)
Clp0006I 1130185  Obj 2.2101199e+10 Primal inf 1.8452858e+10 (372533)
Clp0006I 1131185  Obj 2.2103994e+10 Primal inf 3.8022025e+08 (253798)
Clp0006I 1132185  Obj 2.2108497e+10 Primal inf 7.5544434e+09 (445903)
Clp0006I 1133185  Obj 2.2124099e+10 Primal inf 4.3319602e+09 (429224)
Clp0006I 1134185  Obj 2.2146682e+10 Primal inf 5.1719388e+09 (349030)
Clp0006I 1135185  Obj 2.2161172e+10 Primal inf 1.4708879e+11 (382386)
Clp0006I 1136185  Obj 2.2174333e+10 Primal inf 3.5862974e+09 (343561)
Clp0006I 1137185  Obj 2.2178474e+10 Primal inf 2.6927546e+09 (353303)
Clp0006I 1138185  Obj 2.2207747e+10 Primal inf 1.3728004e+10 (393954)
Clp0006I 1139185  Obj 2.2213847e+10 Primal inf 1.9492584e+10 (350514)
Clp0006I 1140185  Obj 2.2216153e+10 Primal inf 5.1947571e+09 (362146)
Clp0006I 1141185  Obj 2.2219906e+10 Primal inf 3.5037309e+09 (329338)
Clp0006I 1142185  Obj 2.2225482e+10 Primal inf 3.383269e+09 (370400)
Clp0006I 1143185  Obj 2.2238856e+10 Primal inf 4.4493821e+09 (392609)
Clp0006I 1144185  Obj 2.2240695e+10 Primal inf 2.4937982e+09 (389738)
Clp0006I 1145185  Obj 2.2249345e+10 Primal inf 1.4856243e+10 (459923)
Clp0006I 1146185  Obj 2.2252509e+10 Primal inf 1.5969857e+10 (399709)
Clp0006I 1147185  Obj 2.225627e+10 Primal inf 5.3146909e+09 (368405)
Clp0006I 1148185  Obj 2.2259258e+10 Primal inf 1.0354505e+10 (461646)
Clp0006I 1149185  Obj 2.2264321e+10 Primal inf 4.4233366e+09 (337955)
Clp0006I 1150185  Obj 2.2268084e+10 Primal inf 4.1802188e+09 (390238)
Clp0006I 1151185  Obj 2.226923e+10 Primal inf 1.127742e+10 (339573)
Clp0006I 1152185  Obj 2.228675e+10 Primal inf 7.3771835e+09 (423956)
Clp0006I 1153135  Obj 2.2301536e+10 Primal inf 1.3482089e+09 (316869)
Clp0006I 1154122  Obj 2.2304304e+10 Primal inf 1.8391928e+10 (371035)
Clp0006I 1155122  Obj 2.2307761e+10 Primal inf 2.9603842e+09 (330110)
Clp0006I 1156122  Obj 2.2311852e+10 Primal inf 6.6851249e+09 (339914)
Clp0006I 1157122  Obj 2.2313883e+10 Primal inf 4.3071328e+10 (314018)
Clp0006I 1158122  Obj 2.2316709e+10 Primal inf 1.1305527e+10 (364054)
Clp0006I 1159122  Obj 2.2318665e+10 Primal inf 5.141273e+10 (445154)
Clp0006I 1159856  Obj 2.2321667e+10 Primal inf 9.2447424e+09 (386474)
Clp0006I 1160856  Obj 2.2325206e+10 Primal inf 2.688116e+09 (353269)
Clp0006I 1161856  Obj 2.2328284e+10 Primal inf 2.3918332e+10 (354015)
Clp0006I 1162856  Obj 2.2331362e+10 Primal inf 1.691154e+10 (343955)
Clp0006I 1163856  Obj 2.2334659e+10 Primal inf 8.2234437e+09 (354479)
Clp0006I 1164658  Obj 2.2336849e+10 Primal inf 2.4383641e+11 (421586)
Clp0006I 1165658  Obj 2.2339767e+10 Primal inf 4.7815125e+10 (364218)
Clp0006I 1166630  Obj 2.2342497e+10 Primal inf 1.0967543e+11 (414912)
Clp0006I 1167528  Obj 2.2347623e+10 Primal inf 3.8094971e+11 (411281)
Clp0006I 1168528  Obj 2.2371726e+10 Primal inf 1.5262489e+12 (449009)
Clp0006I 1169339  Obj 2.2376611e+10 Primal inf 6.596847e+09 (312075)
Clp0006I 1170339  Obj 2.2392859e+10 Primal inf 2.4702733e+08 (264899)
Clp0006I 1171339  Obj 2.2405416e+10 Primal inf 2.8321065e+09 (385605)
Clp0006I 1172339  Obj 2.2419211e+10 Primal inf 5.1249686e+10 (423711)
Clp0006I 1173339  Obj 2.2427726e+10 Primal inf 8.5225644e+09 (357914)
Clp0006I 1174339  Obj 2.2430767e+10 Primal inf 8.9121652e+09 (382371)
Clp0006I 1175339  Obj 2.2432476e+10 Primal inf 8.1183094e+09 (309349)
Clp0006I 1176339  Obj 2.2434271e+10 Primal inf 1.9088498e+10 (325846)
Clp0006I 1177339  Obj 2.2437502e+10 Primal inf 1.5820618e+11 (451480)
Clp0006I 1178339  Obj 2.2443647e+10 Primal inf 9.3426596e+09 (287109)
Clp0006I 1179339  Obj 2.2454589e+10 Primal inf 4.9352295e+09 (384937)
Clp0006I 1180339  Obj 2.2460989e+10 Primal inf 2.6834762e+10 (429222)
Clp0006I 1181339  Obj 2.2464344e+10 Primal inf 6.6640406e+10 (460718)
Clp0006I 1181698  Obj 2.2465249e+10 Primal inf 1.0466448e+11 (434033)
Clp0006I 1182595  Obj 2.246962e+10 Primal inf 2.3217734e+10 (385882)
Clp0006I 1183595  Obj 2.2474359e+10 Primal inf 8.0374374e+10 (381510)
Clp0006I 1184595  Obj 2.2476387e+10 Primal inf 2.4338534e+10 (324884)
Clp0006I 1185595  Obj 2.2478367e+10 Primal inf 5.260458e+09 (416523)
Clp0006I 1186595  Obj 2.248194e+10 Primal inf 1.2928802e+10 (380598)
Clp0006I 1187595  Obj 2.2485141e+10 Primal inf 2.0795117e+10 (412965)
Clp0006I 1188595  Obj 2.2487369e+10 Primal inf 3.3932381e+09 (409179)
Clp0006I 1189595  Obj 2.2490176e+10 Primal inf 3.0303746e+09 (409407)
Clp0006I 1190595  Obj 2.2492235e+10 Primal inf 1.9143469e+10 (348995)
Clp0006I 1191595  Obj 2.2494e+10 Primal inf 7.1939958e+09 (351459)
Clp0006I 1192595  Obj 2.2495845e+10 Primal inf 3.7441051e+10 (335758)
Clp0006I 1193595  Obj 2.249689e+10 Primal inf 8.5964606e+08 (218492)
Clp0006I 1194595  Obj 2.24994e+10 Primal inf 2.580821e+10 (357874)
Clp0006I 1195428  Obj 2.2502885e+10 Primal inf 6.8843438e+10 (400487)
Clp0006I 1196428  Obj 2.2504802e+10 Primal inf 3.9033849e+09 (351670)
Clp0006I 1197428  Obj 2.2507841e+10 Primal inf 4.2645871e+09 (286078)
Clp0006I 1198428  Obj 2.2510096e+10 Primal inf 6.2999607e+09 (442654)
Clp0006I 1199428  Obj 2.2513624e+10 Primal inf 1.990863e+11 (405030)
Clp0006I 1200428  Obj 2.2516686e+10 Primal inf 2.3880368e+11 (445321)
Clp0006I 1201407  Obj 2.2521121e+10 Primal inf 4.7675324e+10 (353308)
Clp0006I 1202407  Obj 2.2524143e+10 Primal inf 2.7925005e+09 (328885)
Clp0006I 1203407  Obj 2.2527827e+10 Primal inf 8.3828956e+09 (403541)
Clp0006I 1204407  Obj 2.2537024e+10 Primal inf 1.2520983e+09 (301879)
Clp0006I 1205407  Obj 2.2540982e+10 Primal inf 5.0020759e+09 (343446)
Clp0006I 1206407  Obj 2.2544438e+10 Primal inf 1.866162e+10 (413428)
Clp0006I 1207407  Obj 2.2545754e+10 Primal inf 5.6688233e+09 (396432)
Clp0006I 1208407  Obj 2.2547693e+10 Primal inf 5.3772105e+10 (332206)
Clp0006I 1209407  Obj 2.2549744e+10 Primal inf 6.723181e+09 (301744)
Clp0006I 1210407  Obj 2.2551572e+10 Primal inf 9.6094782e+10 (353540)
Clp0006I 1211286  Obj 2.2553667e+10 Primal inf 5.153744e+09 (267293)
Clp0006I 1212286  Obj 2.2556465e+10 Primal inf 3.517191e+11 (327955)
Clp0006I 1213286  Obj 2.2558922e+10 Primal inf 4.983893e+09 (348951)
Clp0006I 1214286  Obj 2.2560216e+10 Primal inf 1.7242447e+09 (340348)
Clp0006I 1215286  Obj 2.2561222e+10 Primal inf 1.9692335e+09 (274149)
Clp0006I 1216286  Obj 2.2563857e+10 Primal inf 7.3645262e+09 (292134)
Clp0006I 1217286  Obj 2.2565733e+10 Primal inf 1.1090582e+11 (296330)
Clp0006I 1218286  Obj 2.256769e+10 Primal inf 1.2066152e+10 (406128)
Clp0006I 1219286  Obj 2.257124e+10 Primal inf 1.7450447e+11 (280446)
Clp0006I 1219939  Obj 2.2573993e+10 Primal inf 9.3703911e+09 (414468)
Clp0006I 1220939  Obj 2.2575518e+10 Primal inf 2.7613805e+09 (268385)
Clp0006I 1221921  Obj 2.2578783e+10 Primal inf 2.2565455e+10 (436480)
Clp0006I 1222921  Obj 2.2582773e+10 Primal inf 9.6777883e+09 (342990)
Clp0006I 1223921  Obj 2.2587925e+10 Primal inf 7.7910437e+09 (314346)
Clp0006I 1224921  Obj 2.2589557e+10 Primal inf 4.7434846e+09 (335350)
Clp0006I 1225921  Obj 2.2593191e+10 Primal inf 5.130552e+09 (355498)
Clp0006I 1226921  Obj 2.2604464e+10 Primal inf 4.2459369e+09 (468557)
Clp0006I 1227921  Obj 2.2623794e+10 Primal inf 2.8814185e+09 (378439)
Clp0006I 1228921  Obj 2.2633656e+10 Primal inf 4.2066383e+08 (269845)
Clp0006I 1229921  Obj 2.2643326e+10 Primal inf 1.61626e+09 (413592)
Clp0006I 1230921  Obj 2.2653421e+10 Primal inf 3.391414e+09 (287995)
Clp0006I 1231921  Obj 2.2665893e+10 Primal inf 1.6595276e+09 (399599)
Clp0006I 1232921  Obj 2.2676313e+10 Primal inf 1.7946371e+10 (431943)
Clp0006I 1233921  Obj 2.2680975e+10 Primal inf 1.5900833e+09 (380886)
Clp0006I 1234921  Obj 2.2687533e+10 Primal inf 3.327024e+09 (373784)
Clp0006I 1235921  Obj 2.2697383e+10 Primal inf 1.009651e+09 (358647)
Clp0006I 1236921  Obj 2.2701946e+10 Primal inf 9.4514714e+10 (408079)
Clp0006I 1237921  Obj 2.2704133e+10 Primal inf 3.5454469e+09 (405729)
Clp0006I 1238921  Obj 2.2706655e+10 Primal inf 1.6714638e+10 (321583)
Clp0006I 1239921  Obj 2.2709063e+10 Primal inf 1.4384943e+10 (283067)
Clp0006I 1240921  Obj 2.2710087e+10 Primal inf 7.1292712e+08 (215381)
Clp0006I 1241921  Obj 2.2712551e+10 Primal inf 1.623775e+09 (299703)
Clp0006I 1242921  Obj 2.2716006e+10 Primal inf 1.9358256e+09 (296523)
Clp0006I 1243921  Obj 2.2719926e+10 Primal inf 6.8010247e+09 (470012)
Clp0006I 1244921  Obj 2.2723042e+10 Primal inf 2.8679745e+08 (242859)
Clp0006I 1245921  Obj 2.2726819e+10 Primal inf 1.660374e+10 (331238)
Clp0006I 1246921  Obj 2.2730343e+10 Primal inf 2.6221748e+11 (407801)
Clp0006I 1247797  Obj 2.2733411e+10 Primal inf 1.2796659e+09 (358884)
Clp0006I 1248797  Obj 2.2735593e+10 Primal inf 5.2560173e+09 (363885)
Clp0006I 1249797  Obj 2.27418e+10 Primal inf 4.7196016e+08 (231913)
Clp0006I 1250797  Obj 2.2748903e+10 Primal inf 6.335748e+08 (248246)
Clp0006I 1251797  Obj 2.2751349e+10 Primal inf 7.3942863e+08 (319697)
Clp0006I 1252797  Obj 2.2753673e+10 Primal inf 1.574703e+08 (122859)
Clp0006I 1253797  Obj 2.2757372e+10 Primal inf 2.488398e+08 (220269)
Clp0006I 1254797  Obj 2.2759761e+10 Primal inf 3.7053354e+09 (230531)
Clp0006I 1255797  Obj 2.2761526e+10 Primal inf 1.8258876e+10 (254455)
Clp0006I 1256797  Obj 2.2762259e+10 Primal inf 6.3137115e+08 (291188)
Clp0006I 1257797  Obj 2.2762841e+10 Primal inf 1.3547976e+09 (147216)
Clp0006I 1258797  Obj 2.2763634e+10 Primal inf 3.9836885e+09 (272201)
Clp0006I 1259797  Obj 2.2765781e+10 Primal inf 4.0688922e+09 (286136)
Clp0006I 1260797  Obj 2.2767653e+10 Primal inf 3.4181401e+09 (351175)
Clp0006I 1261797  Obj 2.2769044e+10 Primal inf 6.5052827e+09 (356068)
Clp0006I 1262797  Obj 2.2770269e+10 Primal inf 1.996496e+09 (348166)
Clp0006I 1263797  Obj 2.2770917e+10 Primal inf 2.8929275e+09 (196834)
Clp0006I 1264797  Obj 2.2771303e+10 Primal inf 2.451508e+09 (211573)
Clp0006I 1265797  Obj 2.2772141e+10 Primal inf 3.5980185e+08 (182254)
Clp0006I 1266797  Obj 2.2772935e+10 Primal inf 1.2470804e+09 (209796)
Clp0006I 1267797  Obj 2.2774047e+10 Primal inf 56076453 (140739)
Clp0006I 1268797  Obj 2.2774528e+10 Primal inf 5.3168957e+08 (177262)
Clp0006I 1269797  Obj 2.2775382e+10 Primal inf 10405125 (104707)
Clp0006I 1270797  Obj 2.277632e+10 Primal inf 21533740 (115624)
Clp0006I 1271797  Obj 2.2776683e+10 Primal inf 2.2121724e+09 (180972)
Clp0006I 1272797  Obj 2.2776993e+10 Primal inf 61517206 (134129)
Clp0006I 1273797  Obj 2.2777815e+10 Primal inf 5.1004813e+09 (230442)
Clp0006I 1274797  Obj 2.2778055e+10 Primal inf 13843639 (124103)
Clp0006I 1275797  Obj 2.2778355e+10 Primal inf 2201638.1 (85352)
Clp0006I 1276797  Obj 2.2778629e+10 Primal inf 1.0810932e+08 (79881)
Clp0006I 1277797  Obj 2.2778769e+10 Primal inf 2.0902682e+08 (196176)
Clp0006I 1278797  Obj 2.2778885e+10 Primal inf 1392663.2 (69554)
Clp0006I 1279797  Obj 2.2778919e+10 Primal inf 221599.9 (74813)
Clp0006I 1280797  Obj 2.2778926e+10 Primal inf 2960.4803 (21193)
Clp0006I 1281797  Obj 2.2778933e+10 Primal inf 2379.0909 (19963)
Clp0006I 1282797  Obj 2.2778939e+10 Primal inf 2112.8299 (18955)
Clp0006I 1283797  Obj 2.2778946e+10 Primal inf 1887.7761 (17944)
Clp0006I 1284797  Obj 2.2778952e+10 Primal inf 1713.4791 (16942)
Clp0006I 1285797  Obj 2.2778959e+10 Primal inf 1563.7454 (15942)
Clp0006I 1286797  Obj 2.2778965e+10 Primal inf 1724.6173 (14948)
Clp0006I 1287797  Obj 2.2778972e+10 Primal inf 1615.1888 (13952)
Clp0006I 1288797  Obj 2.2778977e+10 Primal inf 1508.2227 (12946)
Clp0006I 1289797  Obj 2.2778983e+10 Primal inf 1402.9735 (11942)
Clp0006I 1290797  Obj 2.2778989e+10 Primal inf 1297.2084 (10937)
Clp0006I 1291797  Obj 2.2778995e+10 Primal inf 919.37209 (9938)
Clp0006I 1292797  Obj 2.2779001e+10 Primal inf 832.38646 (8938)
Clp0006I 1293797  Obj 2.2779008e+10 Primal inf 733.12917 (7937)
Clp0006I 1294797  Obj 2.2779013e+10 Primal inf 648.28974 (6937)
Clp0006I 1295797  Obj 2.2779019e+10 Primal inf 562.16846 (5936)
Clp0006I 129679 Activating environment at `~/Documents/princeton/1st_year/MAE529/MAE529_code/project/code/Project.toml`
This Model run is characterised by...
Electrolyser capex cost of: 500.0
H2 efficiency of: 0.4
Carbon Tax: 100.0
Number of weeks included: 52_weeks
-----------------------------------------------
1 loading data preparation function
-----------------------------------------------
-----------------------------------------------
2 loading model solving function
-----------------------------------------------
adding in carbon tax elements
assigned variables
assigned constraint 1
assigned constraint 2
assigned constraint 3
check
assigned constraints
Model run complete
7  Obj 2.2779024e+10 Primal inf 469.83517 (4936)
Clp0006I 1297797  Obj 2.2779028e+10 Primal inf 385.12391 (3933)
Clp0006I 1298797  Obj 2.2779032e+10 Primal inf 132.14977 (2890)
Clp0006I 1299797  Obj 2.2779037e+10 Primal inf 83.188878 (1890)
Clp0006I 1300797  Obj 2.2779042e+10 Primal inf 37.695527 (890)
Clp0006I 1301688  Obj 2.2779046e+10
Clp0000I Optimal - objective value 2.2779046e+10
Coin0511I After Postsolve, objective 2.2779046e+10, infeasibilities - dual 0 (0), primal 0 (0)
Clp0032I Optimal objective 2.277904574e+10 - 1301688 iterations time 34321.572, Presolve 3.74
